2024-09-08 19:58:43.375 [info] Extension host with pid 2983 started
2024-09-08 19:58:43.398 [info] Lock '/root/.vscode-server/data/User/workspaceStorage/57b278baad21d57c903d0e4c12167448/vscode.lock': Lock acquired.
2024-09-08 19:58:43.714 [info] ExtensionService#_doActivateExtension vscode.emmet, startup: false, activationEvent: 'onLanguage'
2024-09-08 19:58:43.718 [info] ExtensionService#_doActivateExtension vscode.html-language-features, startup: false, activationEvent: 'onLanguage:html'
2024-09-08 19:58:43.720 [info] ExtensionService#_doActivateExtension george-alisson.html-preview-vscode, startup: false, activationEvent: 'onLanguage:html'
2024-09-08 19:58:44.723 [info] ExtensionService#_doActivateExtension vscode.git-base, startup: true, activationEvent: '*', root cause: vscode.git
2024-09-08 19:58:44.955 [info] ExtensionService#_doActivateExtension vscode.git, startup: true, activationEvent: '*'
2024-09-08 19:58:44.957 [info] ExtensionService#_doActivateExtension vscode.github, startup: true, activationEvent: '*'
2024-09-08 19:58:45.635 [info] Eager extensions activated
2024-09-08 19:58:45.636 [info] ExtensionService#_doActivateExtension vscode.debug-auto-launch, startup: false, activationEvent: 'onStartupFinished'
2024-09-08 19:58:45.637 [info] ExtensionService#_doActivateExtension vscode.merge-conflict, startup: false, activationEvent: 'onStartupFinished'
2024-09-08 19:58:45.638 [info] ExtensionService#_doActivateExtension ritwickdey.LiveServer, startup: false, activationEvent: 'onStartupFinished'
2024-09-08 19:59:28.084 [info] ExtensionService#_doActivateExtension vscode.npm, startup: false, activationEvent: 'onTerminalQuickFixRequest:ms-vscode.npm-command'
2024-09-08 22:45:05.301 [error] Error: [ExtensionListenerError] Extension 'vscode.git' FAILED to handle event: TypeError: Cannot read properties of undefined (reading 'toLowerCase')
	at i.value (/root/.vscode-server/bin/4849ca9bdf9666755eb463db297b69e5385090e3/out/vs/workbench/api/node/extensionHostProcess.js:171:28731)
	at r.B (/root/.vscode-server/bin/4849ca9bdf9666755eb463db297b69e5385090e3/out/vs/workbench/api/node/extensionHostProcess.js:90:732)
	at r.fire (/root/.vscode-server/bin/4849ca9bdf9666755eb463db297b69e5385090e3/out/vs/workbench/api/node/extensionHostProcess.js:90:949)
	at i.value (/root/.vscode-server/bin/4849ca9bdf9666755eb463db297b69e5385090e3/out/vs/workbench/api/node/extensionHostProcess.js:163:2393)
	at r.B (/root/.vscode-server/bin/4849ca9bdf9666755eb463db297b69e5385090e3/out/vs/workbench/api/node/extensionHostProcess.js:90:732)
	at r.fire (/root/.vscode-server/bin/4849ca9bdf9666755eb463db297b69e5385090e3/out/vs/workbench/api/node/extensionHostProcess.js:90:949)
	at f.endShellExecution (/root/.vscode-server/bin/4849ca9bdf9666755eb463db297b69e5385090e3/out/vs/workbench/api/node/extensionHostProcess.js:163:4254)
	at E.$shellExecutionEnd (/root/.vscode-server/bin/4849ca9bdf9666755eb463db297b69e5385090e3/out/vs/workbench/api/node/extensionHostProcess.js:163:2815)
	at y.S (/root/.vscode-server/bin/4849ca9bdf9666755eb463db297b69e5385090e3/out/vs/workbench/api/node/extensionHostProcess.js:158:5968)
	at y.Q (/root/.vscode-server/bin/4849ca9bdf9666755eb463db297b69e5385090e3/out/vs/workbench/api/node/extensionHostProcess.js:158:5734)
	at y.M (/root/.vscode-server/bin/4849ca9bdf9666755eb463db297b69e5385090e3/out/vs/workbench/api/node/extensionHostProcess.js:158:4767)
	at y.L (/root/.vscode-server/bin/4849ca9bdf9666755eb463db297b69e5385090e3/out/vs/workbench/api/node/extensionHostProcess.js:158:3602)
	at i.value (/root/.vscode-server/bin/4849ca9bdf9666755eb463db297b69e5385090e3/out/vs/workbench/api/node/extensionHostProcess.js:158:2297)
	at r.B (/root/.vscode-server/bin/4849ca9bdf9666755eb463db297b69e5385090e3/out/vs/workbench/api/node/extensionHostProcess.js:90:732)
	at r.fire (/root/.vscode-server/bin/4849ca9bdf9666755eb463db297b69e5385090e3/out/vs/workbench/api/node/extensionHostProcess.js:90:949)
	at a.fire (/root/.vscode-server/bin/4849ca9bdf9666755eb463db297b69e5385090e3/out/vs/workbench/api/node/extensionHostProcess.js:115:14463)
	at i.value (/root/.vscode-server/bin/4849ca9bdf9666755eb463db297b69e5385090e3/out/vs/workbench/api/node/extensionHostProcess.js:184:8635)
	at r.B (/root/.vscode-server/bin/4849ca9bdf9666755eb463db297b69e5385090e3/out/vs/workbench/api/node/extensionHostProcess.js:90:732)
	at r.fire (/root/.vscode-server/bin/4849ca9bdf9666755eb463db297b69e5385090e3/out/vs/workbench/api/node/extensionHostProcess.js:90:949)
	at a.fire (/root/.vscode-server/bin/4849ca9bdf9666755eb463db297b69e5385090e3/out/vs/workbench/api/node/extensionHostProcess.js:115:14463)
	at h.A (/root/.vscode-server/bin/4849ca9bdf9666755eb463db297b69e5385090e3/out/vs/workbench/api/node/extensionHostProcess.js:115:17622)
	at i.value (/root/.vscode-server/bin/4849ca9bdf9666755eb463db297b69e5385090e3/out/vs/workbench/api/node/extensionHostProcess.js:115:15980)
	at r.B (/root/.vscode-server/bin/4849ca9bdf9666755eb463db297b69e5385090e3/out/vs/workbench/api/node/extensionHostProcess.js:90:732)
	at r.fire (/root/.vscode-server/bin/4849ca9bdf9666755eb463db297b69e5385090e3/out/vs/workbench/api/node/extensionHostProcess.js:90:949)
	at m.acceptChunk (/root/.vscode-server/bin/4849ca9bdf9666755eb463db297b69e5385090e3/out/vs/workbench/api/node/extensionHostProcess.js:115:12209)
	at i.value (/root/.vscode-server/bin/4849ca9bdf9666755eb463db297b69e5385090e3/out/vs/workbench/api/node/extensionHostProcess.js:115:11479)
	at r.B (/root/.vscode-server/bin/4849ca9bdf9666755eb463db297b69e5385090e3/out/vs/workbench/api/node/extensionHostProcess.js:90:732)
	at r.fire (/root/.vscode-server/bin/4849ca9bdf9666755eb463db297b69e5385090e3/out/vs/workbench/api/node/extensionHostProcess.js:90:949)
	at a.z (/root/.vscode-server/bin/4849ca9bdf9666755eb463db297b69e5385090e3/out/vs/workbench/api/node/extensionHostProcess.js:181:21815)
	at a.acceptFrame (/root/.vscode-server/bin/4849ca9bdf9666755eb463db297b69e5385090e3/out/vs/workbench/api/node/extensionHostProcess.js:181:21621)
	at i.n (/root/.vscode-server/bin/4849ca9bdf9666755eb463db297b69e5385090e3/out/vs/workbench/api/node/extensionHostProcess.js:181:20066)
	at /root/.vscode-server/bin/4849ca9bdf9666755eb463db297b69e5385090e3/out/vs/workbench/api/node/extensionHostProcess.js:181:16993
	at Socket.b (/root/.vscode-server/bin/4849ca9bdf9666755eb463db297b69e5385090e3/out/vs/workbench/api/node/extensionHostProcess.js:181:14623)
	at Socket.emit (node:events:519:28)
	at addChunk (node:internal/streams/readable:559:12)
	at readableAddChunkPushByteMode (node:internal/streams/readable:510:3)
	at Readable.push (node:internal/streams/readable:390:5)
	at TCP.onStreamRead (node:internal/stream_base_commons:191:23)
2024-09-09 19:59:06.165 [error] CodeExpectedError: ユーザー設定に書き込めません。ユーザー設定を開いて、ファイル内のエラー/警告を修正してからもう一度お試しください。
    at m.y (vscode-file://vscode-app/c:/Users/user/AppData/Local/Programs/Microsoft%20VS%20Code/resources/app/out/vs/workbench/workbench.desktop.main.js:2321:6619)
    at m.o (vscode-file://vscode-app/c:/Users/user/AppData/Local/Programs/Microsoft%20VS%20Code/resources/app/out/vs/workbench/workbench.desktop.main.js:2321:3677)
    at m.n (vscode-file://vscode-app/c:/Users/user/AppData/Local/Programs/Microsoft%20VS%20Code/resources/app/out/vs/workbench/workbench.desktop.main.js:2321:3568)
    at async Object.factory (vscode-file://vscode-app/c:/Users/user/AppData/Local/Programs/Microsoft%20VS%20Code/resources/app/out/vs/workbench/workbench.desktop.main.js:2321:3318)
2024-09-09 19:59:06.167 [info] ExtensionService#_doActivateExtension vscode.configuration-editing, startup: false, activationEvent: 'onLanguage:jsonc'
2024-09-09 19:59:06.169 [info] ExtensionService#_doActivateExtension vscode.json-language-features, startup: false, activationEvent: 'onLanguage:jsonc'
2024-09-09 19:59:06.169 [info] ExtensionService#_doActivateExtension vscode.typescript-language-features, startup: false, activationEvent: 'onLanguage:jsonc'
2024-09-09 20:02:40.325 [error] Error: No such branch: main.
	at N.getBranch (/root/.vscode-server/bin/4849ca9bdf9666755eb463db297b69e5385090e3/extensions/git/dist/main.js:2:937115)
	at async T.retryRun (/root/.vscode-server/bin/4849ca9bdf9666755eb463db297b69e5385090e3/extensions/git/dist/main.js:2:1032816)
	at async T.run (/root/.vscode-server/bin/4849ca9bdf9666755eb463db297b69e5385090e3/extensions/git/dist/main.js:2:1032420)
	at async T.getBranch (/root/.vscode-server/bin/4849ca9bdf9666755eb463db297b69e5385090e3/extensions/git/dist/main.js:2:1020563)
	at async T.getBranchBase (/root/.vscode-server/bin/4849ca9bdf9666755eb463db297b69e5385090e3/extensions/git/dist/main.js:2:1020849)
	at async t.GitHistoryProvider.resolveHEADMergeBase (/root/.vscode-server/bin/4849ca9bdf9666755eb463db297b69e5385090e3/extensions/git/dist/main.js:2:948410)
	at async t.GitHistoryProvider.onDidRunGitStatus (/root/.vscode-server/bin/4849ca9bdf9666755eb463db297b69e5385090e3/extensions/git/dist/main.js:2:941737)
2024-09-09 20:02:40.350 [error] Error: No such branch: main.
	at N.getBranch (/root/.vscode-server/bin/4849ca9bdf9666755eb463db297b69e5385090e3/extensions/git/dist/main.js:2:937115)
	at async T.retryRun (/root/.vscode-server/bin/4849ca9bdf9666755eb463db297b69e5385090e3/extensions/git/dist/main.js:2:1032816)
	at async T.run (/root/.vscode-server/bin/4849ca9bdf9666755eb463db297b69e5385090e3/extensions/git/dist/main.js:2:1032420)
	at async T.getBranch (/root/.vscode-server/bin/4849ca9bdf9666755eb463db297b69e5385090e3/extensions/git/dist/main.js:2:1020563)
	at async T.getBranchBase (/root/.vscode-server/bin/4849ca9bdf9666755eb463db297b69e5385090e3/extensions/git/dist/main.js:2:1020849)
	at async t.GitHistoryProvider.resolveHEADMergeBase (/root/.vscode-server/bin/4849ca9bdf9666755eb463db297b69e5385090e3/extensions/git/dist/main.js:2:948410)
	at async t.GitHistoryProvider.onDidRunGitStatus (/root/.vscode-server/bin/4849ca9bdf9666755eb463db297b69e5385090e3/extensions/git/dist/main.js:2:941737)
2024-09-09 20:02:48.762 [error] Error: No such branch: main.
	at N.getBranch (/root/.vscode-server/bin/4849ca9bdf9666755eb463db297b69e5385090e3/extensions/git/dist/main.js:2:937115)
	at async T.retryRun (/root/.vscode-server/bin/4849ca9bdf9666755eb463db297b69e5385090e3/extensions/git/dist/main.js:2:1032816)
	at async T.run (/root/.vscode-server/bin/4849ca9bdf9666755eb463db297b69e5385090e3/extensions/git/dist/main.js:2:1032420)
	at async T.getBranch (/root/.vscode-server/bin/4849ca9bdf9666755eb463db297b69e5385090e3/extensions/git/dist/main.js:2:1020563)
	at async T.getBranchBase (/root/.vscode-server/bin/4849ca9bdf9666755eb463db297b69e5385090e3/extensions/git/dist/main.js:2:1020849)
	at async t.GitHistoryProvider.resolveHEADMergeBase (/root/.vscode-server/bin/4849ca9bdf9666755eb463db297b69e5385090e3/extensions/git/dist/main.js:2:948410)
	at async t.GitHistoryProvider.onDidRunGitStatus (/root/.vscode-server/bin/4849ca9bdf9666755eb463db297b69e5385090e3/extensions/git/dist/main.js:2:941737)
2024-09-09 20:02:49.817 [error] Error: No such branch: main.
	at N.getBranch (/root/.vscode-server/bin/4849ca9bdf9666755eb463db297b69e5385090e3/extensions/git/dist/main.js:2:937115)
	at async T.retryRun (/root/.vscode-server/bin/4849ca9bdf9666755eb463db297b69e5385090e3/extensions/git/dist/main.js:2:1032816)
	at async T.run (/root/.vscode-server/bin/4849ca9bdf9666755eb463db297b69e5385090e3/extensions/git/dist/main.js:2:1032420)
	at async T.getBranch (/root/.vscode-server/bin/4849ca9bdf9666755eb463db297b69e5385090e3/extensions/git/dist/main.js:2:1020563)
	at async T.getBranchBase (/root/.vscode-server/bin/4849ca9bdf9666755eb463db297b69e5385090e3/extensions/git/dist/main.js:2:1020849)
	at async t.GitHistoryProvider.resolveHEADMergeBase (/root/.vscode-server/bin/4849ca9bdf9666755eb463db297b69e5385090e3/extensions/git/dist/main.js:2:948410)
	at async t.GitHistoryProvider.onDidRunGitStatus (/root/.vscode-server/bin/4849ca9bdf9666755eb463db297b69e5385090e3/extensions/git/dist/main.js:2:941737)
2024-09-09 20:03:37.414 [error] Error: Git error
	at ChildProcess.<anonymous> (/root/.vscode-server/bin/4849ca9bdf9666755eb463db297b69e5385090e3/extensions/git/dist/main.js:2:1031629)
	at ChildProcess.emit (node:events:531:35)
	at ChildProcess._handle.onexit (node:internal/child_process:294:12)
2024-09-09 20:03:37.414 [error] Error: Git error
	at ChildProcess.<anonymous> (/root/.vscode-server/bin/4849ca9bdf9666755eb463db297b69e5385090e3/extensions/git/dist/main.js:2:1031629)
	at ChildProcess.emit (node:events:531:35)
	at ChildProcess._handle.onexit (node:internal/child_process:294:12)
2024-09-09 20:03:37.414 [error] Error: Git error
	at ChildProcess.<anonymous> (/root/.vscode-server/bin/4849ca9bdf9666755eb463db297b69e5385090e3/extensions/git/dist/main.js:2:1031629)
	at ChildProcess.emit (node:events:531:35)
	at ChildProcess._handle.onexit (node:internal/child_process:294:12)
2024-09-09 20:03:37.414 [error] Error: Git error
	at ChildProcess.<anonymous> (/root/.vscode-server/bin/4849ca9bdf9666755eb463db297b69e5385090e3/extensions/git/dist/main.js:2:1031629)
	at ChildProcess.emit (node:events:531:35)
	at ChildProcess._handle.onexit (node:internal/child_process:294:12)
2024-09-09 20:03:37.414 [error] Error: Git error
	at ChildProcess.<anonymous> (/root/.vscode-server/bin/4849ca9bdf9666755eb463db297b69e5385090e3/extensions/git/dist/main.js:2:1031629)
	at ChildProcess.emit (node:events:531:35)
	at ChildProcess._handle.onexit (node:internal/child_process:294:12)
2024-09-09 20:03:37.414 [error] Error: Git error
	at ChildProcess.<anonymous> (/root/.vscode-server/bin/4849ca9bdf9666755eb463db297b69e5385090e3/extensions/git/dist/main.js:2:1031629)
	at ChildProcess.emit (node:events:531:35)
	at ChildProcess._handle.onexit (node:internal/child_process:294:12)
2024-09-09 20:03:37.414 [error] Error: Git error
	at ChildProcess.<anonymous> (/root/.vscode-server/bin/4849ca9bdf9666755eb463db297b69e5385090e3/extensions/git/dist/main.js:2:1031629)
	at ChildProcess.emit (node:events:531:35)
	at ChildProcess._handle.onexit (node:internal/child_process:294:12)
2024-09-09 20:03:37.414 [error] Error: Git error
	at ChildProcess.<anonymous> (/root/.vscode-server/bin/4849ca9bdf9666755eb463db297b69e5385090e3/extensions/git/dist/main.js:2:1031629)
	at ChildProcess.emit (node:events:531:35)
	at ChildProcess._handle.onexit (node:internal/child_process:294:12)
2024-09-09 20:03:37.414 [error] Error: Git error
	at ChildProcess.<anonymous> (/root/.vscode-server/bin/4849ca9bdf9666755eb463db297b69e5385090e3/extensions/git/dist/main.js:2:1031629)
	at ChildProcess.emit (node:events:531:35)
	at ChildProcess._handle.onexit (node:internal/child_process:294:12)
2024-09-09 20:03:37.415 [error] Error: Git error
	at ChildProcess.<anonymous> (/root/.vscode-server/bin/4849ca9bdf9666755eb463db297b69e5385090e3/extensions/git/dist/main.js:2:1031629)
	at ChildProcess.emit (node:events:531:35)
	at ChildProcess._handle.onexit (node:internal/child_process:294:12)
2024-09-09 20:03:37.415 [error] Error: Git error
	at ChildProcess.<anonymous> (/root/.vscode-server/bin/4849ca9bdf9666755eb463db297b69e5385090e3/extensions/git/dist/main.js:2:1031629)
	at ChildProcess.emit (node:events:531:35)
	at ChildProcess._handle.onexit (node:internal/child_process:294:12)
2024-09-09 20:03:37.415 [error] Error: Git error
	at ChildProcess.<anonymous> (/root/.vscode-server/bin/4849ca9bdf9666755eb463db297b69e5385090e3/extensions/git/dist/main.js:2:1031629)
	at ChildProcess.emit (node:events:531:35)
	at ChildProcess._handle.onexit (node:internal/child_process:294:12)
2024-09-09 20:03:37.415 [error] Error: Git error
	at ChildProcess.<anonymous> (/root/.vscode-server/bin/4849ca9bdf9666755eb463db297b69e5385090e3/extensions/git/dist/main.js:2:1031629)
	at ChildProcess.emit (node:events:531:35)
	at ChildProcess._handle.onexit (node:internal/child_process:294:12)
2024-09-09 20:03:37.415 [error] Error: Git error
	at ChildProcess.<anonymous> (/root/.vscode-server/bin/4849ca9bdf9666755eb463db297b69e5385090e3/extensions/git/dist/main.js:2:1031629)
	at ChildProcess.emit (node:events:531:35)
	at ChildProcess._handle.onexit (node:internal/child_process:294:12)
2024-09-09 20:03:37.415 [error] Error: Git error
	at ChildProcess.<anonymous> (/root/.vscode-server/bin/4849ca9bdf9666755eb463db297b69e5385090e3/extensions/git/dist/main.js:2:1031629)
	at ChildProcess.emit (node:events:531:35)
	at ChildProcess._handle.onexit (node:internal/child_process:294:12)
2024-09-09 20:03:37.415 [error] Error: Git error
	at ChildProcess.<anonymous> (/root/.vscode-server/bin/4849ca9bdf9666755eb463db297b69e5385090e3/extensions/git/dist/main.js:2:1031629)
	at ChildProcess.emit (node:events:531:35)
	at ChildProcess._handle.onexit (node:internal/child_process:294:12)
2024-09-09 20:03:37.415 [error] Error: Git error
	at ChildProcess.<anonymous> (/root/.vscode-server/bin/4849ca9bdf9666755eb463db297b69e5385090e3/extensions/git/dist/main.js:2:1031629)
	at ChildProcess.emit (node:events:531:35)
	at ChildProcess._handle.onexit (node:internal/child_process:294:12)
2024-09-09 20:03:37.415 [error] Error: Git error
	at ChildProcess.<anonymous> (/root/.vscode-server/bin/4849ca9bdf9666755eb463db297b69e5385090e3/extensions/git/dist/main.js:2:1031629)
	at ChildProcess.emit (node:events:531:35)
	at ChildProcess._handle.onexit (node:internal/child_process:294:12)
2024-09-09 20:03:37.415 [error] Error: Git error
	at ChildProcess.<anonymous> (/root/.vscode-server/bin/4849ca9bdf9666755eb463db297b69e5385090e3/extensions/git/dist/main.js:2:1031629)
	at ChildProcess.emit (node:events:531:35)
	at ChildProcess._handle.onexit (node:internal/child_process:294:12)
2024-09-09 20:03:38.416 [error] Error: Git error
	at ChildProcess.<anonymous> (/root/.vscode-server/bin/4849ca9bdf9666755eb463db297b69e5385090e3/extensions/git/dist/main.js:2:1031629)
	at ChildProcess.emit (node:events:531:35)
	at ChildProcess._handle.onexit (node:internal/child_process:294:12)
2024-09-09 20:03:38.417 [error] Error: Git error
	at ChildProcess.<anonymous> (/root/.vscode-server/bin/4849ca9bdf9666755eb463db297b69e5385090e3/extensions/git/dist/main.js:2:1031629)
	at ChildProcess.emit (node:events:531:35)
	at ChildProcess._handle.onexit (node:internal/child_process:294:12)
2024-09-09 20:03:38.418 [error] Error: Git error
	at ChildProcess.<anonymous> (/root/.vscode-server/bin/4849ca9bdf9666755eb463db297b69e5385090e3/extensions/git/dist/main.js:2:1031629)
	at ChildProcess.emit (node:events:531:35)
	at ChildProcess._handle.onexit (node:internal/child_process:294:12)
2024-09-09 20:03:38.419 [error] Error: Git error
	at ChildProcess.<anonymous> (/root/.vscode-server/bin/4849ca9bdf9666755eb463db297b69e5385090e3/extensions/git/dist/main.js:2:1031629)
	at ChildProcess.emit (node:events:531:35)
	at ChildProcess._handle.onexit (node:internal/child_process:294:12)
2024-09-09 20:03:38.419 [error] Error: Git error
	at ChildProcess.<anonymous> (/root/.vscode-server/bin/4849ca9bdf9666755eb463db297b69e5385090e3/extensions/git/dist/main.js:2:1031629)
	at ChildProcess.emit (node:events:531:35)
	at ChildProcess._handle.onexit (node:internal/child_process:294:12)
2024-09-09 20:03:38.421 [error] Error: Git error
	at ChildProcess.<anonymous> (/root/.vscode-server/bin/4849ca9bdf9666755eb463db297b69e5385090e3/extensions/git/dist/main.js:2:1031629)
	at ChildProcess.emit (node:events:531:35)
	at ChildProcess._handle.onexit (node:internal/child_process:294:12)
2024-09-09 20:03:38.421 [error] Error: Git error
	at ChildProcess.<anonymous> (/root/.vscode-server/bin/4849ca9bdf9666755eb463db297b69e5385090e3/extensions/git/dist/main.js:2:1031629)
	at ChildProcess.emit (node:events:531:35)
	at ChildProcess._handle.onexit (node:internal/child_process:294:12)
2024-09-09 20:03:38.422 [error] Error: Git error
	at ChildProcess.<anonymous> (/root/.vscode-server/bin/4849ca9bdf9666755eb463db297b69e5385090e3/extensions/git/dist/main.js:2:1031629)
	at ChildProcess.emit (node:events:531:35)
	at ChildProcess._handle.onexit (node:internal/child_process:294:12)
2024-09-09 20:03:38.422 [error] Error: Git error
	at ChildProcess.<anonymous> (/root/.vscode-server/bin/4849ca9bdf9666755eb463db297b69e5385090e3/extensions/git/dist/main.js:2:1031629)
	at ChildProcess.emit (node:events:531:35)
	at ChildProcess._handle.onexit (node:internal/child_process:294:12)
2024-09-09 20:03:38.423 [error] Error: Git error
	at ChildProcess.<anonymous> (/root/.vscode-server/bin/4849ca9bdf9666755eb463db297b69e5385090e3/extensions/git/dist/main.js:2:1031629)
	at ChildProcess.emit (node:events:531:35)
	at ChildProcess._handle.onexit (node:internal/child_process:294:12)
2024-09-09 20:03:38.423 [error] Error: Git error
	at ChildProcess.<anonymous> (/root/.vscode-server/bin/4849ca9bdf9666755eb463db297b69e5385090e3/extensions/git/dist/main.js:2:1031629)
	at ChildProcess.emit (node:events:531:35)
	at ChildProcess._handle.onexit (node:internal/child_process:294:12)
2024-09-09 20:03:38.424 [error] Error: Git error
	at ChildProcess.<anonymous> (/root/.vscode-server/bin/4849ca9bdf9666755eb463db297b69e5385090e3/extensions/git/dist/main.js:2:1031629)
	at ChildProcess.emit (node:events:531:35)
	at ChildProcess._handle.onexit (node:internal/child_process:294:12)
2024-09-09 20:03:38.424 [error] Error: Git error
	at ChildProcess.<anonymous> (/root/.vscode-server/bin/4849ca9bdf9666755eb463db297b69e5385090e3/extensions/git/dist/main.js:2:1031629)
	at ChildProcess.emit (node:events:531:35)
	at ChildProcess._handle.onexit (node:internal/child_process:294:12)
2024-09-09 20:03:38.425 [error] Error: Git error
	at ChildProcess.<anonymous> (/root/.vscode-server/bin/4849ca9bdf9666755eb463db297b69e5385090e3/extensions/git/dist/main.js:2:1031629)
	at ChildProcess.emit (node:events:531:35)
	at ChildProcess._handle.onexit (node:internal/child_process:294:12)
2024-09-09 20:03:38.425 [error] Error: Git error
	at ChildProcess.<anonymous> (/root/.vscode-server/bin/4849ca9bdf9666755eb463db297b69e5385090e3/extensions/git/dist/main.js:2:1031629)
	at ChildProcess.emit (node:events:531:35)
	at ChildProcess._handle.onexit (node:internal/child_process:294:12)
2024-09-09 20:03:38.426 [error] Error: Git error
	at ChildProcess.<anonymous> (/root/.vscode-server/bin/4849ca9bdf9666755eb463db297b69e5385090e3/extensions/git/dist/main.js:2:1031629)
	at ChildProcess.emit (node:events:531:35)
	at ChildProcess._handle.onexit (node:internal/child_process:294:12)
2024-09-09 20:03:38.426 [error] Error: Git error
	at ChildProcess.<anonymous> (/root/.vscode-server/bin/4849ca9bdf9666755eb463db297b69e5385090e3/extensions/git/dist/main.js:2:1031629)
	at ChildProcess.emit (node:events:531:35)
	at ChildProcess._handle.onexit (node:internal/child_process:294:12)
2024-09-09 20:03:38.427 [error] Error: Git error
	at ChildProcess.<anonymous> (/root/.vscode-server/bin/4849ca9bdf9666755eb463db297b69e5385090e3/extensions/git/dist/main.js:2:1031629)
	at ChildProcess.emit (node:events:531:35)
	at ChildProcess._handle.onexit (node:internal/child_process:294:12)
2024-09-09 20:03:38.427 [error] Error: Git error
	at ChildProcess.<anonymous> (/root/.vscode-server/bin/4849ca9bdf9666755eb463db297b69e5385090e3/extensions/git/dist/main.js:2:1031629)
	at ChildProcess.emit (node:events:531:35)
	at ChildProcess._handle.onexit (node:internal/child_process:294:12)
2024-09-09 20:03:47.156 [error] CodeExpectedError: ユーザー設定に書き込めません。ユーザー設定を開いて、ファイル内のエラー/警告を修正してからもう一度お試しください。
    at m.y (vscode-file://vscode-app/c:/Users/user/AppData/Local/Programs/Microsoft%20VS%20Code/resources/app/out/vs/workbench/workbench.desktop.main.js:2321:6619)
    at m.o (vscode-file://vscode-app/c:/Users/user/AppData/Local/Programs/Microsoft%20VS%20Code/resources/app/out/vs/workbench/workbench.desktop.main.js:2321:3677)
    at m.n (vscode-file://vscode-app/c:/Users/user/AppData/Local/Programs/Microsoft%20VS%20Code/resources/app/out/vs/workbench/workbench.desktop.main.js:2321:3568)
    at async Object.factory (vscode-file://vscode-app/c:/Users/user/AppData/Local/Programs/Microsoft%20VS%20Code/resources/app/out/vs/workbench/workbench.desktop.main.js:2321:3318)
2024-09-09 20:46:05.552 [info] ExtensionService#_doActivateExtension vscode.extension-editing, startup: false, activationEvent: 'onLanguage:markdown'
2024-09-09 20:46:05.553 [info] ExtensionService#_doActivateExtension vscode.markdown-language-features, startup: false, activationEvent: 'onLanguage:markdown'
2024-09-09 20:46:06.662 [info] ExtensionService#_doActivateExtension vscode.markdown-math, startup: false, activationEvent: 'api', root cause: vscode.markdown-language-features
2024-09-09 23:16:46.959 [info] Extension host terminating: received terminate message from renderer
2024-09-09 23:16:46.964 [info] Lock '/root/.vscode-server/data/User/workspaceStorage/57b278baad21d57c903d0e4c12167448/vscode.lock': Marking the lockfile as scheduled to be released in 6000 ms.
2024-09-09 23:16:47.248 [error] Canceled: Canceled
	at new D (/root/.vscode-server/bin/4849ca9bdf9666755eb463db297b69e5385090e3/out/vs/workbench/api/node/extensionHostProcess.js:151:35235)
	at y.U (/root/.vscode-server/bin/4849ca9bdf9666755eb463db297b69e5385090e3/out/vs/workbench/api/node/extensionHostProcess.js:158:6005)
	at V.<computed>.F.charCodeAt.A.CharCode.DollarSign.V.<computed> (/root/.vscode-server/bin/4849ca9bdf9666755eb463db297b69e5385090e3/out/vs/workbench/api/node/extensionHostProcess.js:158:3107)
	at h.g (/root/.vscode-server/bin/4849ca9bdf9666755eb463db297b69e5385090e3/out/vs/workbench/api/node/extensionHostProcess.js:161:210015)
	at h.executeCommand (/root/.vscode-server/bin/4849ca9bdf9666755eb463db297b69e5385090e3/out/vs/workbench/api/node/extensionHostProcess.js:161:209453)
	at C.registerCommand.description (/root/.vscode-server/bin/4849ca9bdf9666755eb463db297b69e5385090e3/out/vs/workbench/api/node/extensionHostProcess.js:161:208777)
	at h (/root/.vscode-server/bin/4849ca9bdf9666755eb463db297b69e5385090e3/out/vs/workbench/api/node/extensionHostProcess.js:161:210554)
	at h.g (/root/.vscode-server/bin/4849ca9bdf9666755eb463db297b69e5385090e3/out/vs/workbench/api/node/extensionHostProcess.js:161:209546)
	at h.executeCommand (/root/.vscode-server/bin/4849ca9bdf9666755eb463db297b69e5385090e3/out/vs/workbench/api/node/extensionHostProcess.js:161:209453)
	at Object.executeCommand (/root/.vscode-server/bin/4849ca9bdf9666755eb463db297b69e5385090e3/out/vs/workbench/api/node/extensionHostProcess.js:171:30683)
	at i.O [as value] (/root/.vscode-server/bin/4849ca9bdf9666755eb463db297b69e5385090e3/extensions/git/dist/main.js:2:952009)
	at r.B (/root/.vscode-server/bin/4849ca9bdf9666755eb463db297b69e5385090e3/out/vs/workbench/api/node/extensionHostProcess.js:90:732)
	at r.C (/root/.vscode-server/bin/4849ca9bdf9666755eb463db297b69e5385090e3/out/vs/workbench/api/node/extensionHostProcess.js:90:802)
	at r.fire (/root/.vscode-server/bin/4849ca9bdf9666755eb463db297b69e5385090e3/out/vs/workbench/api/node/extensionHostProcess.js:90:1018)
	at Object.p [as dispose] (/root/.vscode-server/bin/4849ca9bdf9666755eb463db297b69e5385090e3/extensions/git/dist/main.js:2:972587)
	at /root/.vscode-server/bin/4849ca9bdf9666755eb463db297b69e5385090e3/extensions/git/dist/main.js:2:978709
	at Array.forEach (<anonymous>)
	at f.dispose (/root/.vscode-server/bin/4849ca9bdf9666755eb463db297b69e5385090e3/extensions/git/dist/main.js:2:978695)
	at o.<anonymous> (/root/.vscode-server/bin/4849ca9bdf9666755eb463db297b69e5385090e3/out/vs/workbench/api/node/extensionHostProcess.js:159:4176)
	at o.dispose (/root/.vscode-server/bin/4849ca9bdf9666755eb463db297b69e5385090e3/out/vs/workbench/api/node/extensionHostProcess.js:159:4273)
	at o.<anonymous> (/root/.vscode-server/bin/4849ca9bdf9666755eb463db297b69e5385090e3/extensions/git/dist/main.js:2:954307)
	at o.dispose (/root/.vscode-server/bin/4849ca9bdf9666755eb463db297b69e5385090e3/out/vs/workbench/api/node/extensionHostProcess.js:159:4273)
	at $ (/root/.vscode-server/bin/4849ca9bdf9666755eb463db297b69e5385090e3/out/vs/workbench/api/node/extensionHostProcess.js:30:744)
	at /root/.vscode-server/bin/4849ca9bdf9666755eb463db297b69e5385090e3/out/vs/workbench/api/node/extensionHostProcess.js:167:13607
	at /root/.vscode-server/bin/4849ca9bdf9666755eb463db297b69e5385090e3/out/vs/workbench/api/node/extensionHostProcess.js:30:1112
	at Object.dispose (/root/.vscode-server/bin/4849ca9bdf9666755eb463db297b69e5385090e3/out/vs/workbench/api/node/extensionHostProcess.js:11:11463)
	at m.eb (/root/.vscode-server/bin/4849ca9bdf9666755eb463db297b69e5385090e3/out/vs/workbench/api/node/extensionHostProcess.js:167:10282)
	at /root/.vscode-server/bin/4849ca9bdf9666755eb463db297b69e5385090e3/out/vs/workbench/api/node/extensionHostProcess.js:167:8153
	at Array.map (<anonymous>)
	at m.$ (/root/.vscode-server/bin/4849ca9bdf9666755eb463db297b69e5385090e3/out/vs/workbench/api/node/extensionHostProcess.js:167:8140)
	at m.terminate (/root/.vscode-server/bin/4849ca9bdf9666755eb463db297b69e5385090e3/out/vs/workbench/api/node/extensionHostProcess.js:167:8413)
	at $.terminate (/root/.vscode-server/bin/4849ca9bdf9666755eb463db297b69e5385090e3/out/vs/workbench/api/node/extensionHostProcess.js:171:1513)
	at n (/root/.vscode-server/bin/4849ca9bdf9666755eb463db297b69e5385090e3/out/vs/workbench/api/node/extensionHostProcess.js:184:10613)
	at i.value (/root/.vscode-server/bin/4849ca9bdf9666755eb463db297b69e5385090e3/out/vs/workbench/api/node/extensionHostProcess.js:184:8581)
	at r.B (/root/.vscode-server/bin/4849ca9bdf9666755eb463db297b69e5385090e3/out/vs/workbench/api/node/extensionHostProcess.js:90:732)
	at r.fire (/root/.vscode-server/bin/4849ca9bdf9666755eb463db297b69e5385090e3/out/vs/workbench/api/node/extensionHostProcess.js:90:949)
	at a.fire (/root/.vscode-server/bin/4849ca9bdf9666755eb463db297b69e5385090e3/out/vs/workbench/api/node/extensionHostProcess.js:115:14463)
	at h.A (/root/.vscode-server/bin/4849ca9bdf9666755eb463db297b69e5385090e3/out/vs/workbench/api/node/extensionHostProcess.js:115:17622)
	at i.value (/root/.vscode-server/bin/4849ca9bdf9666755eb463db297b69e5385090e3/out/vs/workbench/api/node/extensionHostProcess.js:115:16996)
	at r.B (/root/.vscode-server/bin/4849ca9bdf9666755eb463db297b69e5385090e3/out/vs/workbench/api/node/extensionHostProcess.js:90:732)
	at r.fire (/root/.vscode-server/bin/4849ca9bdf9666755eb463db297b69e5385090e3/out/vs/workbench/api/node/extensionHostProcess.js:90:949)
	at m.acceptChunk (/root/.vscode-server/bin/4849ca9bdf9666755eb463db297b69e5385090e3/out/vs/workbench/api/node/extensionHostProcess.js:115:12209)
	at i.value (/root/.vscode-server/bin/4849ca9bdf9666755eb463db297b69e5385090e3/out/vs/workbench/api/node/extensionHostProcess.js:115:11479)
	at r.B (/root/.vscode-server/bin/4849ca9bdf9666755eb463db297b69e5385090e3/out/vs/workbench/api/node/extensionHostProcess.js:90:732)
	at r.fire (/root/.vscode-server/bin/4849ca9bdf9666755eb463db297b69e5385090e3/out/vs/workbench/api/node/extensionHostProcess.js:90:949)
	at a.z (/root/.vscode-server/bin/4849ca9bdf9666755eb463db297b69e5385090e3/out/vs/workbench/api/node/extensionHostProcess.js:181:21815)
	at a.acceptFrame (/root/.vscode-server/bin/4849ca9bdf9666755eb463db297b69e5385090e3/out/vs/workbench/api/node/extensionHostProcess.js:181:21621)
	at i.n (/root/.vscode-server/bin/4849ca9bdf9666755eb463db297b69e5385090e3/out/vs/workbench/api/node/extensionHostProcess.js:181:20066)
	at /root/.vscode-server/bin/4849ca9bdf9666755eb463db297b69e5385090e3/out/vs/workbench/api/node/extensionHostProcess.js:181:16993
	at Socket.b (/root/.vscode-server/bin/4849ca9bdf9666755eb463db297b69e5385090e3/out/vs/workbench/api/node/extensionHostProcess.js:181:14623)
	at Socket.emit (node:events:519:28)
	at addChunk (node:internal/streams/readable:559:12)
	at readableAddChunkPushByteMode (node:internal/streams/readable:510:3)
	at Readable.push (node:internal/streams/readable:390:5)
	at TCP.onStreamRead (node:internal/stream_base_commons:191:23) setContext undefined
2024-09-09 23:16:47.249 [error] Canceled: Canceled
	at new D (/root/.vscode-server/bin/4849ca9bdf9666755eb463db297b69e5385090e3/out/vs/workbench/api/node/extensionHostProcess.js:151:35235)
	at y.U (/root/.vscode-server/bin/4849ca9bdf9666755eb463db297b69e5385090e3/out/vs/workbench/api/node/extensionHostProcess.js:158:6005)
	at V.<computed>.F.charCodeAt.A.CharCode.DollarSign.V.<computed> (/root/.vscode-server/bin/4849ca9bdf9666755eb463db297b69e5385090e3/out/vs/workbench/api/node/extensionHostProcess.js:158:3107)
	at h.g (/root/.vscode-server/bin/4849ca9bdf9666755eb463db297b69e5385090e3/out/vs/workbench/api/node/extensionHostProcess.js:161:210015)
	at h.executeCommand (/root/.vscode-server/bin/4849ca9bdf9666755eb463db297b69e5385090e3/out/vs/workbench/api/node/extensionHostProcess.js:161:209453)
	at C.registerCommand.description (/root/.vscode-server/bin/4849ca9bdf9666755eb463db297b69e5385090e3/out/vs/workbench/api/node/extensionHostProcess.js:161:208777)
	at h (/root/.vscode-server/bin/4849ca9bdf9666755eb463db297b69e5385090e3/out/vs/workbench/api/node/extensionHostProcess.js:161:210554)
	at h.g (/root/.vscode-server/bin/4849ca9bdf9666755eb463db297b69e5385090e3/out/vs/workbench/api/node/extensionHostProcess.js:161:209546)
	at h.executeCommand (/root/.vscode-server/bin/4849ca9bdf9666755eb463db297b69e5385090e3/out/vs/workbench/api/node/extensionHostProcess.js:161:209453)
	at Object.executeCommand (/root/.vscode-server/bin/4849ca9bdf9666755eb463db297b69e5385090e3/out/vs/workbench/api/node/extensionHostProcess.js:171:30683)
	at i.O [as value] (/root/.vscode-server/bin/4849ca9bdf9666755eb463db297b69e5385090e3/extensions/git/dist/main.js:2:952009)
	at r.B (/root/.vscode-server/bin/4849ca9bdf9666755eb463db297b69e5385090e3/out/vs/workbench/api/node/extensionHostProcess.js:90:732)
	at r.C (/root/.vscode-server/bin/4849ca9bdf9666755eb463db297b69e5385090e3/out/vs/workbench/api/node/extensionHostProcess.js:90:802)
	at r.fire (/root/.vscode-server/bin/4849ca9bdf9666755eb463db297b69e5385090e3/out/vs/workbench/api/node/extensionHostProcess.js:90:1018)
	at Object.p [as dispose] (/root/.vscode-server/bin/4849ca9bdf9666755eb463db297b69e5385090e3/extensions/git/dist/main.js:2:972587)
	at /root/.vscode-server/bin/4849ca9bdf9666755eb463db297b69e5385090e3/extensions/git/dist/main.js:2:978709
	at Array.forEach (<anonymous>)
	at f.dispose (/root/.vscode-server/bin/4849ca9bdf9666755eb463db297b69e5385090e3/extensions/git/dist/main.js:2:978695)
	at o.<anonymous> (/root/.vscode-server/bin/4849ca9bdf9666755eb463db297b69e5385090e3/out/vs/workbench/api/node/extensionHostProcess.js:159:4176)
	at o.dispose (/root/.vscode-server/bin/4849ca9bdf9666755eb463db297b69e5385090e3/out/vs/workbench/api/node/extensionHostProcess.js:159:4273)
	at o.<anonymous> (/root/.vscode-server/bin/4849ca9bdf9666755eb463db297b69e5385090e3/extensions/git/dist/main.js:2:954307)
	at o.dispose (/root/.vscode-server/bin/4849ca9bdf9666755eb463db297b69e5385090e3/out/vs/workbench/api/node/extensionHostProcess.js:159:4273)
	at $ (/root/.vscode-server/bin/4849ca9bdf9666755eb463db297b69e5385090e3/out/vs/workbench/api/node/extensionHostProcess.js:30:744)
	at /root/.vscode-server/bin/4849ca9bdf9666755eb463db297b69e5385090e3/out/vs/workbench/api/node/extensionHostProcess.js:167:13607
	at /root/.vscode-server/bin/4849ca9bdf9666755eb463db297b69e5385090e3/out/vs/workbench/api/node/extensionHostProcess.js:30:1112
	at Object.dispose (/root/.vscode-server/bin/4849ca9bdf9666755eb463db297b69e5385090e3/out/vs/workbench/api/node/extensionHostProcess.js:11:11463)
	at m.eb (/root/.vscode-server/bin/4849ca9bdf9666755eb463db297b69e5385090e3/out/vs/workbench/api/node/extensionHostProcess.js:167:10282)
	at /root/.vscode-server/bin/4849ca9bdf9666755eb463db297b69e5385090e3/out/vs/workbench/api/node/extensionHostProcess.js:167:8153
	at Array.map (<anonymous>)
	at m.$ (/root/.vscode-server/bin/4849ca9bdf9666755eb463db297b69e5385090e3/out/vs/workbench/api/node/extensionHostProcess.js:167:8140)
	at m.terminate (/root/.vscode-server/bin/4849ca9bdf9666755eb463db297b69e5385090e3/out/vs/workbench/api/node/extensionHostProcess.js:167:8413)
	at $.terminate (/root/.vscode-server/bin/4849ca9bdf9666755eb463db297b69e5385090e3/out/vs/workbench/api/node/extensionHostProcess.js:171:1513)
	at n (/root/.vscode-server/bin/4849ca9bdf9666755eb463db297b69e5385090e3/out/vs/workbench/api/node/extensionHostProcess.js:184:10613)
	at i.value (/root/.vscode-server/bin/4849ca9bdf9666755eb463db297b69e5385090e3/out/vs/workbench/api/node/extensionHostProcess.js:184:8581)
	at r.B (/root/.vscode-server/bin/4849ca9bdf9666755eb463db297b69e5385090e3/out/vs/workbench/api/node/extensionHostProcess.js:90:732)
	at r.fire (/root/.vscode-server/bin/4849ca9bdf9666755eb463db297b69e5385090e3/out/vs/workbench/api/node/extensionHostProcess.js:90:949)
	at a.fire (/root/.vscode-server/bin/4849ca9bdf9666755eb463db297b69e5385090e3/out/vs/workbench/api/node/extensionHostProcess.js:115:14463)
	at h.A (/root/.vscode-server/bin/4849ca9bdf9666755eb463db297b69e5385090e3/out/vs/workbench/api/node/extensionHostProcess.js:115:17622)
	at i.value (/root/.vscode-server/bin/4849ca9bdf9666755eb463db297b69e5385090e3/out/vs/workbench/api/node/extensionHostProcess.js:115:16996)
	at r.B (/root/.vscode-server/bin/4849ca9bdf9666755eb463db297b69e5385090e3/out/vs/workbench/api/node/extensionHostProcess.js:90:732)
	at r.fire (/root/.vscode-server/bin/4849ca9bdf9666755eb463db297b69e5385090e3/out/vs/workbench/api/node/extensionHostProcess.js:90:949)
	at m.acceptChunk (/root/.vscode-server/bin/4849ca9bdf9666755eb463db297b69e5385090e3/out/vs/workbench/api/node/extensionHostProcess.js:115:12209)
	at i.value (/root/.vscode-server/bin/4849ca9bdf9666755eb463db297b69e5385090e3/out/vs/workbench/api/node/extensionHostProcess.js:115:11479)
	at r.B (/root/.vscode-server/bin/4849ca9bdf9666755eb463db297b69e5385090e3/out/vs/workbench/api/node/extensionHostProcess.js:90:732)
	at r.fire (/root/.vscode-server/bin/4849ca9bdf9666755eb463db297b69e5385090e3/out/vs/workbench/api/node/extensionHostProcess.js:90:949)
	at a.z (/root/.vscode-server/bin/4849ca9bdf9666755eb463db297b69e5385090e3/out/vs/workbench/api/node/extensionHostProcess.js:181:21815)
	at a.acceptFrame (/root/.vscode-server/bin/4849ca9bdf9666755eb463db297b69e5385090e3/out/vs/workbench/api/node/extensionHostProcess.js:181:21621)
	at i.n (/root/.vscode-server/bin/4849ca9bdf9666755eb463db297b69e5385090e3/out/vs/workbench/api/node/extensionHostProcess.js:181:20066)
	at /root/.vscode-server/bin/4849ca9bdf9666755eb463db297b69e5385090e3/out/vs/workbench/api/node/extensionHostProcess.js:181:16993
	at Socket.b (/root/.vscode-server/bin/4849ca9bdf9666755eb463db297b69e5385090e3/out/vs/workbench/api/node/extensionHostProcess.js:181:14623)
	at Socket.emit (node:events:519:28)
	at addChunk (node:internal/streams/readable:559:12)
	at readableAddChunkPushByteMode (node:internal/streams/readable:510:3)
	at Readable.push (node:internal/streams/readable:390:5)
	at TCP.onStreamRead (node:internal/stream_base_commons:191:23) setContext undefined
2024-09-09 23:16:47.262 [error] Canceled: Canceled
	at new D (/root/.vscode-server/bin/4849ca9bdf9666755eb463db297b69e5385090e3/out/vs/workbench/api/node/extensionHostProcess.js:151:35235)
	at y.U (/root/.vscode-server/bin/4849ca9bdf9666755eb463db297b69e5385090e3/out/vs/workbench/api/node/extensionHostProcess.js:158:6005)
	at V.<computed>.F.charCodeAt.A.CharCode.DollarSign.V.<computed> (/root/.vscode-server/bin/4849ca9bdf9666755eb463db297b69e5385090e3/out/vs/workbench/api/node/extensionHostProcess.js:158:3107)
	at h.g (/root/.vscode-server/bin/4849ca9bdf9666755eb463db297b69e5385090e3/out/vs/workbench/api/node/extensionHostProcess.js:161:210015)
	at h.executeCommand (/root/.vscode-server/bin/4849ca9bdf9666755eb463db297b69e5385090e3/out/vs/workbench/api/node/extensionHostProcess.js:161:209453)
	at C.registerCommand.description (/root/.vscode-server/bin/4849ca9bdf9666755eb463db297b69e5385090e3/out/vs/workbench/api/node/extensionHostProcess.js:161:208777)
	at h (/root/.vscode-server/bin/4849ca9bdf9666755eb463db297b69e5385090e3/out/vs/workbench/api/node/extensionHostProcess.js:161:210554)
	at h.g (/root/.vscode-server/bin/4849ca9bdf9666755eb463db297b69e5385090e3/out/vs/workbench/api/node/extensionHostProcess.js:161:209546)
	at h.executeCommand (/root/.vscode-server/bin/4849ca9bdf9666755eb463db297b69e5385090e3/out/vs/workbench/api/node/extensionHostProcess.js:161:209453)
	at Object.executeCommand (/root/.vscode-server/bin/4849ca9bdf9666755eb463db297b69e5385090e3/out/vs/workbench/api/node/extensionHostProcess.js:171:30683)
	at set hasGitHubRepositories [as hasGitHubRepositories] (/root/.vscode-server/bin/4849ca9bdf9666755eb463db297b69e5385090e3/extensions/github/dist/extension.js:2:322969)
	at /root/.vscode-server/bin/4849ca9bdf9666755eb463db297b69e5385090e3/extensions/github/dist/extension.js:2:323928
	at i.value (/root/.vscode-server/bin/4849ca9bdf9666755eb463db297b69e5385090e3/extensions/git/dist/main.js:2:1060944)
	at r.B (/root/.vscode-server/bin/4849ca9bdf9666755eb463db297b69e5385090e3/out/vs/workbench/api/node/extensionHostProcess.js:90:732)
	at r.C (/root/.vscode-server/bin/4849ca9bdf9666755eb463db297b69e5385090e3/out/vs/workbench/api/node/extensionHostProcess.js:90:802)
	at r.fire (/root/.vscode-server/bin/4849ca9bdf9666755eb463db297b69e5385090e3/out/vs/workbench/api/node/extensionHostProcess.js:90:1018)
	at Object.p [as dispose] (/root/.vscode-server/bin/4849ca9bdf9666755eb463db297b69e5385090e3/extensions/git/dist/main.js:2:972587)
	at /root/.vscode-server/bin/4849ca9bdf9666755eb463db297b69e5385090e3/extensions/git/dist/main.js:2:978709
	at Array.forEach (<anonymous>)
	at f.dispose (/root/.vscode-server/bin/4849ca9bdf9666755eb463db297b69e5385090e3/extensions/git/dist/main.js:2:978695)
	at o.<anonymous> (/root/.vscode-server/bin/4849ca9bdf9666755eb463db297b69e5385090e3/out/vs/workbench/api/node/extensionHostProcess.js:159:4176)
	at o.dispose (/root/.vscode-server/bin/4849ca9bdf9666755eb463db297b69e5385090e3/out/vs/workbench/api/node/extensionHostProcess.js:159:4273)
	at o.<anonymous> (/root/.vscode-server/bin/4849ca9bdf9666755eb463db297b69e5385090e3/extensions/git/dist/main.js:2:954307)
	at o.dispose (/root/.vscode-server/bin/4849ca9bdf9666755eb463db297b69e5385090e3/out/vs/workbench/api/node/extensionHostProcess.js:159:4273)
	at $ (/root/.vscode-server/bin/4849ca9bdf9666755eb463db297b69e5385090e3/out/vs/workbench/api/node/extensionHostProcess.js:30:744)
	at /root/.vscode-server/bin/4849ca9bdf9666755eb463db297b69e5385090e3/out/vs/workbench/api/node/extensionHostProcess.js:167:13607
	at /root/.vscode-server/bin/4849ca9bdf9666755eb463db297b69e5385090e3/out/vs/workbench/api/node/extensionHostProcess.js:30:1112
	at Object.dispose (/root/.vscode-server/bin/4849ca9bdf9666755eb463db297b69e5385090e3/out/vs/workbench/api/node/extensionHostProcess.js:11:11463)
	at m.eb (/root/.vscode-server/bin/4849ca9bdf9666755eb463db297b69e5385090e3/out/vs/workbench/api/node/extensionHostProcess.js:167:10282)
	at /root/.vscode-server/bin/4849ca9bdf9666755eb463db297b69e5385090e3/out/vs/workbench/api/node/extensionHostProcess.js:167:8153
	at Array.map (<anonymous>)
	at m.$ (/root/.vscode-server/bin/4849ca9bdf9666755eb463db297b69e5385090e3/out/vs/workbench/api/node/extensionHostProcess.js:167:8140)
	at m.terminate (/root/.vscode-server/bin/4849ca9bdf9666755eb463db297b69e5385090e3/out/vs/workbench/api/node/extensionHostProcess.js:167:8413)
	at $.terminate (/root/.vscode-server/bin/4849ca9bdf9666755eb463db297b69e5385090e3/out/vs/workbench/api/node/extensionHostProcess.js:171:1513)
	at n (/root/.vscode-server/bin/4849ca9bdf9666755eb463db297b69e5385090e3/out/vs/workbench/api/node/extensionHostProcess.js:184:10613)
	at i.value (/root/.vscode-server/bin/4849ca9bdf9666755eb463db297b69e5385090e3/out/vs/workbench/api/node/extensionHostProcess.js:184:8581)
	at r.B (/root/.vscode-server/bin/4849ca9bdf9666755eb463db297b69e5385090e3/out/vs/workbench/api/node/extensionHostProcess.js:90:732)
	at r.fire (/root/.vscode-server/bin/4849ca9bdf9666755eb463db297b69e5385090e3/out/vs/workbench/api/node/extensionHostProcess.js:90:949)
	at a.fire (/root/.vscode-server/bin/4849ca9bdf9666755eb463db297b69e5385090e3/out/vs/workbench/api/node/extensionHostProcess.js:115:14463)
	at h.A (/root/.vscode-server/bin/4849ca9bdf9666755eb463db297b69e5385090e3/out/vs/workbench/api/node/extensionHostProcess.js:115:17622)
	at i.value (/root/.vscode-server/bin/4849ca9bdf9666755eb463db297b69e5385090e3/out/vs/workbench/api/node/extensionHostProcess.js:115:16996)
	at r.B (/root/.vscode-server/bin/4849ca9bdf9666755eb463db297b69e5385090e3/out/vs/workbench/api/node/extensionHostProcess.js:90:732)
	at r.fire (/root/.vscode-server/bin/4849ca9bdf9666755eb463db297b69e5385090e3/out/vs/workbench/api/node/extensionHostProcess.js:90:949)
	at m.acceptChunk (/root/.vscode-server/bin/4849ca9bdf9666755eb463db297b69e5385090e3/out/vs/workbench/api/node/extensionHostProcess.js:115:12209)
	at i.value (/root/.vscode-server/bin/4849ca9bdf9666755eb463db297b69e5385090e3/out/vs/workbench/api/node/extensionHostProcess.js:115:11479)
	at r.B (/root/.vscode-server/bin/4849ca9bdf9666755eb463db297b69e5385090e3/out/vs/workbench/api/node/extensionHostProcess.js:90:732)
	at r.fire (/root/.vscode-server/bin/4849ca9bdf9666755eb463db297b69e5385090e3/out/vs/workbench/api/node/extensionHostProcess.js:90:949)
	at a.z (/root/.vscode-server/bin/4849ca9bdf9666755eb463db297b69e5385090e3/out/vs/workbench/api/node/extensionHostProcess.js:181:21815)
	at a.acceptFrame (/root/.vscode-server/bin/4849ca9bdf9666755eb463db297b69e5385090e3/out/vs/workbench/api/node/extensionHostProcess.js:181:21621)
	at i.n (/root/.vscode-server/bin/4849ca9bdf9666755eb463db297b69e5385090e3/out/vs/workbench/api/node/extensionHostProcess.js:181:20066)
	at /root/.vscode-server/bin/4849ca9bdf9666755eb463db297b69e5385090e3/out/vs/workbench/api/node/extensionHostProcess.js:181:16993
	at Socket.b (/root/.vscode-server/bin/4849ca9bdf9666755eb463db297b69e5385090e3/out/vs/workbench/api/node/extensionHostProcess.js:181:14623)
	at Socket.emit (node:events:519:28)
	at addChunk (node:internal/streams/readable:559:12)
	at readableAddChunkPushByteMode (node:internal/streams/readable:510:3)
	at Readable.push (node:internal/streams/readable:390:5)
	at TCP.onStreamRead (node:internal/stream_base_commons:191:23) setContext undefined
2024-09-09 23:16:47.272 [info] Extension host with pid 2983 exiting with code 0
