2024-10-06 22:30:23.842 [info] [main] ログ レベル: Info
2024-10-06 22:30:23.842 [info] [main] Git の検証が検出されました: "git"
2024-10-06 22:30:23.842 [info] [main] "git" から Git "2.34.1" を使用しています
2024-10-06 22:30:23.842 [info] [Model][doInitialScan] Initial repository scan started
2024-10-06 22:30:23.842 [info] > git rev-parse --show-toplevel [7ms]
2024-10-06 22:30:23.842 [info] > git rev-parse --git-dir --git-common-dir [6ms]
2024-10-06 22:30:23.843 [info] [Model][openRepository] Opened repository: /root
2024-10-06 22:30:23.843 [info] > git rev-parse --show-toplevel [5ms]
2024-10-06 22:30:23.843 [info] > git config --get commit.template [12ms]
2024-10-06 22:30:23.882 [info] > git rev-parse --git-dir --git-common-dir [33ms]
2024-10-06 22:30:23.890 [info] [Model][openRepository] Opened repository: /root/repos
2024-10-06 22:30:23.916 [info] > git for-each-ref --format=%(refname)%00%(upstream:short)%00%(objectname)%00%(upstream:track)%00%(upstream:remotename)%00%(upstream:remoteref) refs/heads/main refs/remotes/main [57ms]
2024-10-06 22:30:23.924 [info] > git config --get commit.template [24ms]
2024-10-06 22:30:23.931 [info] [Git][getRemotes] No remotes found in the git config file
2024-10-06 22:30:23.964 [info] > git for-each-ref --format=%(refname)%00%(upstream:short)%00%(objectname)%00%(upstream:track)%00%(upstream:remotename)%00%(upstream:remoteref) refs/heads/main refs/remotes/main [34ms]
2024-10-06 22:30:23.990 [info] > git status -z -uall [19ms]
2024-10-06 22:30:23.992 [info] > git for-each-ref --sort -committerdate --format %(refname) %(objectname) %(*objectname) [42ms]
2024-10-06 22:30:23.997 [info] > git for-each-ref --sort -committerdate --format %(refname) %(objectname) %(*objectname) [17ms]
2024-10-06 22:30:24.028 [info] > git for-each-ref --format=%(refname)%00%(upstream:short)%00%(objectname)%00%(upstream:track)%00%(upstream:remotename)%00%(upstream:remoteref) refs/heads/main refs/remotes/main [16ms]
2024-10-06 22:30:24.053 [info] > git status -z -uall [113ms]
2024-10-06 22:30:24.054 [info] > git config --local branch.main.vscode-merge-base [19ms]
2024-10-06 22:30:24.054 [warning] [Git][config] git config failed: Failed to execute git
2024-10-06 22:30:24.061 [info] > git config --get commit.template [35ms]
2024-10-06 22:30:24.064 [info] > git rev-parse --show-toplevel [22ms]
2024-10-06 22:30:24.095 [info] [Git][getRemotes] No remotes found in the git config file
2024-10-06 22:30:24.112 [info] > git for-each-ref --format=%(refname)%00%(upstream:short)%00%(objectname)%00%(upstream:track)%00%(upstream:remotename)%00%(upstream:remoteref) refs/heads/main refs/remotes/main [29ms]
2024-10-06 22:30:24.118 [info] > git reflog main --grep-reflog=branch: Created from *. [58ms]
2024-10-06 22:30:24.135 [info] > git symbolic-ref --short refs/remotes/origin/HEAD [12ms]
2024-10-06 22:30:24.135 [info] fatal: ref refs/remotes/origin/HEAD is not a symbolic ref
2024-10-06 22:30:24.135 [warning] [Repository][getDefaultBranch] Failed to get default branch details: Failed to execute git.
2024-10-06 22:30:24.138 [info] > git config --local branch.main.vscode-merge-base [21ms]
2024-10-06 22:30:24.138 [warning] [Git][config] git config failed: Failed to execute git
2024-10-06 22:30:24.143 [info] > git config --get commit.template [39ms]
2024-10-06 22:30:24.144 [info] > git rev-parse --show-toplevel [43ms]
2024-10-06 22:30:24.144 [info] > git for-each-ref --format=%(refname)%00%(upstream:short)%00%(objectname)%00%(upstream:track)%00%(upstream:remotename)%00%(upstream:remoteref) refs/heads/main refs/remotes/main [50ms]
2024-10-06 22:30:24.338 [info] > git status -z -uall [189ms]
2024-10-06 22:30:24.338 [info] > git rev-parse --show-toplevel [179ms]
2024-10-06 22:30:24.339 [info] > git reflog main --grep-reflog=branch: Created from *. [196ms]
2024-10-06 22:30:24.342 [info] > git for-each-ref --sort -committerdate --format %(refname) %(objectname) %(*objectname) [189ms]
2024-10-06 22:30:24.354 [info] > git symbolic-ref --short refs/remotes/origin/HEAD [11ms]
2024-10-06 22:30:24.354 [info] fatal: ref refs/remotes/origin/HEAD is not a symbolic ref
2024-10-06 22:30:24.354 [warning] [Repository][getDefaultBranch] Failed to get default branch details: Failed to execute git.
2024-10-06 22:30:24.359 [info] > git for-each-ref --format=%(refname)%00%(upstream:short)%00%(objectname)%00%(upstream:track)%00%(upstream:remotename)%00%(upstream:remoteref) refs/heads/main refs/remotes/main [42ms]
2024-10-06 22:30:24.501 [info] > git merge-base refs/heads/main refs/remotes/origin/main [143ms]
2024-10-06 22:30:24.505 [info] > git rev-parse --show-toplevel [156ms]
2024-10-06 22:30:24.523 [info] > git check-ignore -v -z --stdin [12ms]
2024-10-06 22:30:24.524 [info] > git check-ignore -v -z --stdin [11ms]
2024-10-06 22:30:24.525 [info] > git diff --name-status -z --diff-filter=ADMR b765f9c84c1ed6f47fbc8c82decdb247d7d711b3...refs/remotes/origin/main [20ms]
2024-10-06 22:30:24.527 [info] > git rev-parse --show-toplevel [7ms]
2024-10-06 22:30:24.548 [info] > git rev-parse --show-toplevel [4ms]
2024-10-06 22:30:24.548 [info] > git for-each-ref --sort -committerdate --format %(refname) %(objectname) %(*objectname) [14ms]
2024-10-06 22:30:24.557 [info] > git rev-parse --git-dir --git-common-dir [4ms]
2024-10-06 22:30:24.567 [info] [Model][openRepository] Opened repository: /root/.rbenv
2024-10-06 22:30:24.583 [info] > git rev-parse --show-toplevel [4ms]
2024-10-06 22:30:24.584 [info] > git config --get commit.template [10ms]
2024-10-06 22:30:24.596 [info] > git rev-parse --show-toplevel [6ms]
2024-10-06 22:30:24.599 [info] > git for-each-ref --format=%(refname)%00%(upstream:short)%00%(objectname)%00%(upstream:track)%00%(upstream:remotename)%00%(upstream:remoteref) refs/heads/master refs/remotes/master [5ms]
2024-10-06 22:30:24.607 [warning] [Git][revParse] Unable to read file: ENOENT: no such file or directory, open '/root/.rbenv/.git/refs/remotes/origin/master'
2024-10-06 22:30:24.649 [info] > git status -z -uall [119ms]
2024-10-06 22:30:24.650 [info] > git rev-parse refs/remotes/origin/master [43ms]
2024-10-06 22:30:24.659 [info] > git rev-parse --show-toplevel [56ms]
2024-10-06 22:30:24.677 [info] > git status -z -uall [22ms]
2024-10-06 22:30:24.678 [info] > git for-each-ref --sort -committerdate --format %(refname) %(objectname) %(*objectname) [19ms]
2024-10-06 22:30:24.697 [info] > git for-each-ref --format=%(refname)%00%(upstream:short)%00%(objectname)%00%(upstream:track)%00%(upstream:remotename)%00%(upstream:remoteref) refs/heads/master refs/remotes/master [12ms]
2024-10-06 22:30:24.702 [info] > git rev-parse --show-toplevel [31ms]
2024-10-06 22:30:24.708 [info] > git config --local branch.master.vscode-merge-base [7ms]
2024-10-06 22:30:24.713 [info] > git config --get commit.template [21ms]
2024-10-06 22:30:24.715 [info] > git rev-parse --show-toplevel [9ms]
2024-10-06 22:30:24.724 [info] > git for-each-ref --format=%(refname)%00%(upstream:short)%00%(objectname)%00%(upstream:track)%00%(upstream:remotename)%00%(upstream:remoteref) refs/heads/origin/master refs/remotes/origin/master [12ms]
2024-10-06 22:30:24.735 [info] > git merge-base refs/heads/master refs/remotes/origin/master [7ms]
2024-10-06 22:30:24.739 [info] > git rev-parse --show-toplevel [16ms]
2024-10-06 22:30:24.739 [info] > git for-each-ref --format=%(refname)%00%(upstream:short)%00%(objectname)%00%(upstream:track)%00%(upstream:remotename)%00%(upstream:remoteref) refs/heads/master refs/remotes/master [20ms]
2024-10-06 22:30:24.747 [warning] [Git][revParse] Unable to read file: ENOENT: no such file or directory, open '/root/.rbenv/.git/refs/remotes/origin/master'
2024-10-06 22:30:24.748 [info] > git rev-parse --show-toplevel [4ms]
2024-10-06 22:30:24.749 [info] > git diff --name-status -z --diff-filter=ADMR c335ab83de40d48093870d300de52c61bbd68359...refs/remotes/origin/master [10ms]
2024-10-06 22:30:24.753 [info] > git rev-parse refs/remotes/origin/master [6ms]
2024-10-06 22:30:24.761 [info] > git status -z -uall [6ms]
2024-10-06 22:30:24.762 [info] > git rev-parse --show-toplevel [10ms]
2024-10-06 22:30:24.796 [info] > git for-each-ref --sort -committerdate --format %(refname) %(objectname) %(*objectname) [36ms]
2024-10-06 22:30:24.802 [info] > git rev-parse --git-dir --git-common-dir [14ms]
2024-10-06 22:30:24.811 [info] [Model][openRepository] Opened repository: /root/sample_website
2024-10-06 22:30:24.825 [info] > git rev-parse --show-toplevel [3ms]
2024-10-06 22:30:24.826 [info] > git config --get commit.template [9ms]
2024-10-06 22:30:24.841 [info] > git rev-parse --show-toplevel [9ms]
2024-10-06 22:30:24.849 [info] [Model][doInitialScan] Initial repository scan completed - repositories (4), closed repositories (0), parent repositories (0), unsafe repositories (0)
2024-10-06 22:30:24.867 [info] > git show --textconv :css/main.css [10ms]
2024-10-06 22:30:24.868 [info] > git for-each-ref --format=%(refname)%00%(upstream:short)%00%(objectname)%00%(upstream:track)%00%(upstream:remotename)%00%(upstream:remoteref) refs/heads/main refs/remotes/main [31ms]
2024-10-06 22:30:24.879 [info] > git status -z -uall [8ms]
2024-10-06 22:30:24.880 [info] > git ls-files --stage -- /root/repos/css/main.css [18ms]
2024-10-06 22:30:24.906 [info] > git for-each-ref --sort -committerdate --format %(refname) %(objectname) %(*objectname) [29ms]
2024-10-06 22:30:24.930 [info] > git for-each-ref --format=%(refname)%00%(upstream:short)%00%(objectname)%00%(upstream:track)%00%(upstream:remotename)%00%(upstream:remoteref) refs/heads/main refs/remotes/main [17ms]
2024-10-06 22:30:24.934 [info] > git cat-file -s 7b552e5f88fd1da4b947e71dce49b88e5bf318df [51ms]
2024-10-06 22:30:24.941 [info] > git config --local branch.main.vscode-merge-base [6ms]
2024-10-06 22:30:24.941 [warning] [Git][config] git config failed: Failed to execute git
2024-10-06 22:30:24.947 [info] > git config --get commit.template [19ms]
2024-10-06 22:30:24.957 [info] > git reflog main --grep-reflog=branch: Created from *. [11ms]
2024-10-06 22:30:24.963 [info] > git for-each-ref --format=%(refname)%00%(upstream:short)%00%(objectname)%00%(upstream:track)%00%(upstream:remotename)%00%(upstream:remoteref) refs/heads/main refs/remotes/main [8ms]
2024-10-06 22:30:24.982 [info] > git status -z -uall [14ms]
2024-10-06 22:30:24.984 [info] > git symbolic-ref --short refs/remotes/origin/HEAD [23ms]
2024-10-06 22:30:24.984 [info] fatal: ref refs/remotes/origin/HEAD is not a symbolic ref
2024-10-06 22:30:24.984 [warning] [Repository][getDefaultBranch] Failed to get default branch details: Failed to execute git.
2024-10-06 22:30:24.988 [info] > git for-each-ref --sort -committerdate --format %(refname) %(objectname) %(*objectname) [15ms]
2024-10-06 22:30:25.161 [info] > git check-ignore -v -z --stdin [11ms]
2024-10-06 22:30:25.163 [info] > git check-ignore -v -z --stdin [3ms]
2024-10-06 22:30:25.165 [info] > git check-ignore -v -z --stdin [11ms]
2024-10-06 22:30:32.519 [info] > git config --get commit.template [14ms]
2024-10-06 22:30:32.521 [info] > git for-each-ref --format=%(refname)%00%(upstream:short)%00%(objectname)%00%(upstream:track)%00%(upstream:remotename)%00%(upstream:remoteref) refs/heads/main refs/remotes/main [6ms]
2024-10-06 22:30:32.538 [info] > git for-each-ref --sort -committerdate --format %(refname) %(objectname) %(*objectname) [1ms]
2024-10-06 22:30:32.600 [info] > git status -z -uall [73ms]
2024-10-06 22:30:37.618 [info] > git config --get commit.template [5ms]
2024-10-06 22:30:37.619 [info] > git for-each-ref --format=%(refname)%00%(upstream:short)%00%(objectname)%00%(upstream:track)%00%(upstream:remotename)%00%(upstream:remoteref) refs/heads/main refs/remotes/main [2ms]
2024-10-06 22:30:37.632 [info] > git for-each-ref --sort -committerdate --format %(refname) %(objectname) %(*objectname) [3ms]
2024-10-06 22:30:37.689 [info] > git status -z -uall [65ms]
2024-10-06 22:30:42.142 [info] [Git][getRemotes] No remotes found in the git config file
2024-10-06 22:30:42.147 [info] > git config --get commit.template [6ms]
2024-10-06 22:30:42.148 [info] > git for-each-ref --format=%(refname)%00%(upstream:short)%00%(objectname)%00%(upstream:track)%00%(upstream:remotename)%00%(upstream:remoteref) refs/heads/main refs/remotes/main [2ms]
2024-10-06 22:30:42.156 [info] > git status -z -uall [5ms]
2024-10-06 22:30:42.157 [info] > git for-each-ref --sort -committerdate --format %(refname) %(objectname) %(*objectname) [2ms]
2024-10-06 22:30:42.704 [info] > git config --get commit.template [6ms]
2024-10-06 22:30:42.705 [info] > git for-each-ref --format=%(refname)%00%(upstream:short)%00%(objectname)%00%(upstream:track)%00%(upstream:remotename)%00%(upstream:remoteref) refs/heads/main refs/remotes/main [2ms]
2024-10-06 22:30:42.718 [info] > git for-each-ref --sort -committerdate --format %(refname) %(objectname) %(*objectname) [3ms]
2024-10-06 22:30:42.766 [info] > git status -z -uall [56ms]
2024-10-06 22:30:47.793 [info] > git config --get commit.template [14ms]
2024-10-06 22:30:47.795 [info] > git for-each-ref --format=%(refname)%00%(upstream:short)%00%(objectname)%00%(upstream:track)%00%(upstream:remotename)%00%(upstream:remoteref) refs/heads/main refs/remotes/main [3ms]
2024-10-06 22:30:47.811 [info] > git for-each-ref --sort -committerdate --format %(refname) %(objectname) %(*objectname) [4ms]
2024-10-06 22:30:47.868 [info] > git status -z -uall [66ms]
2024-10-06 22:30:52.884 [info] > git config --get commit.template [4ms]
2024-10-06 22:30:52.885 [info] > git for-each-ref --format=%(refname)%00%(upstream:short)%00%(objectname)%00%(upstream:track)%00%(upstream:remotename)%00%(upstream:remoteref) refs/heads/main refs/remotes/main [2ms]
2024-10-06 22:30:52.896 [info] > git for-each-ref --sort -committerdate --format %(refname) %(objectname) %(*objectname) [3ms]
2024-10-06 22:30:52.945 [info] > git status -z -uall [56ms]
2024-10-06 22:30:57.962 [info] > git config --get commit.template [5ms]
2024-10-06 22:30:57.963 [info] > git for-each-ref --format=%(refname)%00%(upstream:short)%00%(objectname)%00%(upstream:track)%00%(upstream:remotename)%00%(upstream:remoteref) refs/heads/main refs/remotes/main [2ms]
2024-10-06 22:30:57.977 [info] > git for-each-ref --sort -committerdate --format %(refname) %(objectname) %(*objectname) [1ms]
2024-10-06 22:30:58.026 [info] > git status -z -uall [59ms]
2024-10-06 22:31:03.042 [info] > git config --get commit.template [6ms]
2024-10-06 22:31:03.043 [info] > git for-each-ref --format=%(refname)%00%(upstream:short)%00%(objectname)%00%(upstream:track)%00%(upstream:remotename)%00%(upstream:remoteref) refs/heads/main refs/remotes/main [1ms]
2024-10-06 22:31:03.055 [info] > git for-each-ref --sort -committerdate --format %(refname) %(objectname) %(*objectname) [3ms]
2024-10-06 22:31:03.103 [info] > git status -z -uall [56ms]
2024-10-06 22:31:08.116 [info] > git config --get commit.template [3ms]
2024-10-06 22:31:08.126 [info] > git for-each-ref --format=%(refname)%00%(upstream:short)%00%(objectname)%00%(upstream:track)%00%(upstream:remotename)%00%(upstream:remoteref) refs/heads/main refs/remotes/main [4ms]
2024-10-06 22:31:08.149 [info] > git for-each-ref --sort -committerdate --format %(refname) %(objectname) %(*objectname) [9ms]
2024-10-06 22:31:08.211 [info] > git status -z -uall [78ms]
2024-10-06 22:31:32.736 [info] > git config --get commit.template [2ms]
2024-10-06 22:31:32.748 [info] > git for-each-ref --format=%(refname)%00%(upstream:short)%00%(objectname)%00%(upstream:track)%00%(upstream:remotename)%00%(upstream:remoteref) refs/heads/main refs/remotes/main [6ms]
2024-10-06 22:31:32.771 [info] > git for-each-ref --sort -committerdate --format %(refname) %(objectname) %(*objectname) [4ms]
2024-10-06 22:31:32.891 [info] > git status -z -uall [135ms]
2024-10-06 22:31:37.912 [info] > git config --get commit.template [6ms]
2024-10-06 22:31:37.913 [info] > git for-each-ref --format=%(refname)%00%(upstream:short)%00%(objectname)%00%(upstream:track)%00%(upstream:remotename)%00%(upstream:remoteref) refs/heads/main refs/remotes/main [1ms]
2024-10-06 22:31:37.926 [info] > git for-each-ref --sort -committerdate --format %(refname) %(objectname) %(*objectname) [3ms]
2024-10-06 22:31:37.979 [info] > git status -z -uall [61ms]
2024-10-06 22:31:42.993 [info] > git config --get commit.template [4ms]
2024-10-06 22:31:42.994 [info] > git for-each-ref --format=%(refname)%00%(upstream:short)%00%(objectname)%00%(upstream:track)%00%(upstream:remotename)%00%(upstream:remoteref) refs/heads/main refs/remotes/main [1ms]
2024-10-06 22:31:43.006 [info] > git for-each-ref --sort -committerdate --format %(refname) %(objectname) %(*objectname) [3ms]
2024-10-06 22:31:43.054 [info] > git status -z -uall [55ms]
2024-10-06 22:31:47.729 [info] [Git][getRemotes] No remotes found in the git config file
2024-10-06 22:31:47.729 [info] > git config --get commit.template [5ms]
2024-10-06 22:31:47.730 [info] > git for-each-ref --format=%(refname)%00%(upstream:short)%00%(objectname)%00%(upstream:track)%00%(upstream:remotename)%00%(upstream:remoteref) refs/heads/main refs/remotes/main [2ms]
2024-10-06 22:31:47.738 [info] > git status -z -uall [5ms]
2024-10-06 22:31:47.739 [info] > git for-each-ref --sort -committerdate --format %(refname) %(objectname) %(*objectname) [2ms]
2024-10-06 22:31:48.069 [info] > git config --get commit.template [5ms]
2024-10-06 22:31:48.069 [info] > git for-each-ref --format=%(refname)%00%(upstream:short)%00%(objectname)%00%(upstream:track)%00%(upstream:remotename)%00%(upstream:remoteref) refs/heads/main refs/remotes/main [1ms]
2024-10-06 22:31:48.081 [info] > git for-each-ref --sort -committerdate --format %(refname) %(objectname) %(*objectname) [3ms]
2024-10-06 22:31:48.126 [info] > git status -z -uall [52ms]
2024-10-06 22:31:53.142 [info] > git config --get commit.template [5ms]
2024-10-06 22:31:53.143 [info] > git for-each-ref --format=%(refname)%00%(upstream:short)%00%(objectname)%00%(upstream:track)%00%(upstream:remotename)%00%(upstream:remoteref) refs/heads/main refs/remotes/main [2ms]
2024-10-06 22:31:53.155 [info] > git for-each-ref --sort -committerdate --format %(refname) %(objectname) %(*objectname) [3ms]
2024-10-06 22:31:53.208 [info] > git status -z -uall [61ms]
2024-10-06 22:31:57.176 [info] [Git][getRemotes] No remotes found in the git config file
2024-10-06 22:31:57.178 [info] > git config --get commit.template [6ms]
2024-10-06 22:31:57.180 [info] > git for-each-ref --format=%(refname)%00%(upstream:short)%00%(objectname)%00%(upstream:track)%00%(upstream:remotename)%00%(upstream:remoteref) refs/heads/main refs/remotes/main [4ms]
2024-10-06 22:31:57.198 [info] > git for-each-ref --sort -committerdate --format %(refname) %(objectname) %(*objectname) [5ms]
2024-10-06 22:31:57.201 [info] > git status -z -uall [16ms]
2024-10-06 22:31:58.223 [info] > git config --get commit.template [5ms]
2024-10-06 22:31:58.224 [info] > git for-each-ref --format=%(refname)%00%(upstream:short)%00%(objectname)%00%(upstream:track)%00%(upstream:remotename)%00%(upstream:remoteref) refs/heads/main refs/remotes/main [2ms]
2024-10-06 22:31:58.237 [info] > git for-each-ref --sort -committerdate --format %(refname) %(objectname) %(*objectname) [4ms]
2024-10-06 22:31:58.280 [info] [Git][getRemotes] No remotes found in the git config file
2024-10-06 22:31:58.281 [info] > git config --get commit.template [5ms]
2024-10-06 22:31:58.282 [info] > git for-each-ref --format=%(refname)%00%(upstream:short)%00%(objectname)%00%(upstream:track)%00%(upstream:remotename)%00%(upstream:remoteref) refs/heads/main refs/remotes/main [2ms]
2024-10-06 22:31:58.290 [info] > git status -z -uall [61ms]
2024-10-06 22:31:58.290 [info] > git status -z -uall [5ms]
2024-10-06 22:31:58.295 [info] > git for-each-ref --sort -committerdate --format %(refname) %(objectname) %(*objectname) [7ms]
2024-10-06 22:31:58.388 [info] > git ls-files --stage -- /root/repos/css/main.css [2ms]
2024-10-06 22:31:58.406 [info] > git cat-file -s 738f6349094110060f736f123671230547585e70 [14ms]
2024-10-06 22:31:58.419 [info] > git show --textconv :css/main.css [2ms]
2024-10-06 22:32:03.309 [info] > git config --get commit.template [8ms]
2024-10-06 22:32:03.310 [info] > git for-each-ref --format=%(refname)%00%(upstream:short)%00%(objectname)%00%(upstream:track)%00%(upstream:remotename)%00%(upstream:remoteref) refs/heads/main refs/remotes/main [3ms]
2024-10-06 22:32:03.332 [info] > git for-each-ref --sort -committerdate --format %(refname) %(objectname) %(*objectname) [11ms]
2024-10-06 22:32:03.334 [info] > git config --get commit.template [3ms]
2024-10-06 22:32:03.339 [info] [Git][getRemotes] No remotes found in the git config file
2024-10-06 22:32:03.340 [info] > git for-each-ref --format=%(refname)%00%(upstream:short)%00%(objectname)%00%(upstream:track)%00%(upstream:remotename)%00%(upstream:remoteref) refs/heads/main refs/remotes/main [1ms]
2024-10-06 22:32:03.354 [info] > git status -z -uall [8ms]
2024-10-06 22:32:03.355 [info] > git for-each-ref --sort -committerdate --format %(refname) %(objectname) %(*objectname) [3ms]
2024-10-06 22:32:03.387 [info] > git status -z -uall [71ms]
2024-10-06 22:32:04.458 [info] [Git][getRemotes] No remotes found in the git config file
2024-10-06 22:32:04.462 [info] > git config --get commit.template [5ms]
2024-10-06 22:32:04.463 [info] > git for-each-ref --format=%(refname)%00%(upstream:short)%00%(objectname)%00%(upstream:track)%00%(upstream:remotename)%00%(upstream:remoteref) refs/heads/main refs/remotes/main [1ms]
2024-10-06 22:32:04.472 [info] > git status -z -uall [6ms]
2024-10-06 22:32:04.473 [info] > git for-each-ref --sort -committerdate --format %(refname) %(objectname) %(*objectname) [4ms]
2024-10-06 22:32:04.563 [info] > git ls-files --stage -- /root/repos/css/main.css [2ms]
2024-10-06 22:32:04.568 [info] > git cat-file -s 738f6349094110060f736f123671230547585e70 [1ms]
2024-10-06 22:32:04.579 [info] > git show --textconv :css/main.css [2ms]
2024-10-06 22:32:08.402 [info] > git config --get commit.template [5ms]
2024-10-06 22:32:08.402 [info] > git for-each-ref --format=%(refname)%00%(upstream:short)%00%(objectname)%00%(upstream:track)%00%(upstream:remotename)%00%(upstream:remoteref) refs/heads/main refs/remotes/main [2ms]
2024-10-06 22:32:08.415 [info] > git for-each-ref --sort -committerdate --format %(refname) %(objectname) %(*objectname) [4ms]
2024-10-06 22:32:08.461 [info] > git status -z -uall [54ms]
2024-10-06 22:32:13.476 [info] > git config --get commit.template [5ms]
2024-10-06 22:32:13.477 [info] > git for-each-ref --format=%(refname)%00%(upstream:short)%00%(objectname)%00%(upstream:track)%00%(upstream:remotename)%00%(upstream:remoteref) refs/heads/main refs/remotes/main [1ms]
2024-10-06 22:32:13.488 [info] > git for-each-ref --sort -committerdate --format %(refname) %(objectname) %(*objectname) [3ms]
2024-10-06 22:32:13.536 [info] > git status -z -uall [55ms]
2024-10-06 22:32:18.550 [info] > git config --get commit.template [5ms]
2024-10-06 22:32:18.551 [info] > git for-each-ref --format=%(refname)%00%(upstream:short)%00%(objectname)%00%(upstream:track)%00%(upstream:remotename)%00%(upstream:remoteref) refs/heads/main refs/remotes/main [2ms]
2024-10-06 22:32:18.566 [info] > git for-each-ref --sort -committerdate --format %(refname) %(objectname) %(*objectname) [7ms]
2024-10-06 22:32:18.615 [info] > git status -z -uall [60ms]
2024-10-06 22:32:23.627 [info] > git config --get commit.template [2ms]
2024-10-06 22:32:23.632 [info] > git for-each-ref --format=%(refname)%00%(upstream:short)%00%(objectname)%00%(upstream:track)%00%(upstream:remotename)%00%(upstream:remoteref) refs/heads/main refs/remotes/main [2ms]
2024-10-06 22:32:23.644 [info] > git for-each-ref --sort -committerdate --format %(refname) %(objectname) %(*objectname) [3ms]
2024-10-06 22:32:23.690 [info] > git status -z -uall [54ms]
2024-10-06 22:32:28.142 [info] > git config --get commit.template [4ms]
2024-10-06 22:32:28.143 [info] > git for-each-ref --format=%(refname)%00%(upstream:short)%00%(objectname)%00%(upstream:track)%00%(upstream:remotename)%00%(upstream:remoteref) refs/heads/main refs/remotes/main [2ms]
2024-10-06 22:32:28.156 [info] > git for-each-ref --sort -committerdate --format %(refname) %(objectname) %(*objectname) [4ms]
2024-10-06 22:32:28.205 [info] > git status -z -uall [57ms]
2024-10-06 22:32:28.703 [info] > git config --get commit.template [2ms]
2024-10-06 22:32:28.708 [info] > git for-each-ref --format=%(refname)%00%(upstream:short)%00%(objectname)%00%(upstream:track)%00%(upstream:remotename)%00%(upstream:remoteref) refs/heads/main refs/remotes/main [2ms]
2024-10-06 22:32:28.720 [info] > git for-each-ref --sort -committerdate --format %(refname) %(objectname) %(*objectname) [3ms]
2024-10-06 22:32:28.769 [info] > git status -z -uall [57ms]
2024-10-06 22:32:33.783 [info] > git config --get commit.template [6ms]
2024-10-06 22:32:33.784 [info] > git for-each-ref --format=%(refname)%00%(upstream:short)%00%(objectname)%00%(upstream:track)%00%(upstream:remotename)%00%(upstream:remoteref) refs/heads/main refs/remotes/main [2ms]
2024-10-06 22:32:33.797 [info] > git for-each-ref --sort -committerdate --format %(refname) %(objectname) %(*objectname) [3ms]
2024-10-06 22:32:33.869 [info] > git status -z -uall [81ms]
2024-10-06 22:32:38.883 [info] > git config --get commit.template [4ms]
2024-10-06 22:32:38.884 [info] > git for-each-ref --format=%(refname)%00%(upstream:short)%00%(objectname)%00%(upstream:track)%00%(upstream:remotename)%00%(upstream:remoteref) refs/heads/main refs/remotes/main [2ms]
2024-10-06 22:32:38.895 [info] > git for-each-ref --sort -committerdate --format %(refname) %(objectname) %(*objectname) [3ms]
2024-10-06 22:32:38.943 [info] > git status -z -uall [55ms]
2024-10-06 22:32:44.040 [info] [Git][getRemotes] No remotes found in the git config file
2024-10-06 22:32:44.041 [info] > git config --get commit.template [5ms]
2024-10-06 22:32:44.041 [info] > git for-each-ref --format=%(refname)%00%(upstream:short)%00%(objectname)%00%(upstream:track)%00%(upstream:remotename)%00%(upstream:remoteref) refs/heads/main refs/remotes/main [1ms]
2024-10-06 22:32:44.050 [info] > git status -z -uall [6ms]
2024-10-06 22:32:44.050 [info] > git for-each-ref --sort -committerdate --format %(refname) %(objectname) %(*objectname) [2ms]
2024-10-06 22:32:46.264 [info] > git config --get commit.template [14ms]
2024-10-06 22:32:46.267 [info] > git for-each-ref --format=%(refname)%00%(upstream:short)%00%(objectname)%00%(upstream:track)%00%(upstream:remotename)%00%(upstream:remoteref) refs/heads/main refs/remotes/main [6ms]
2024-10-06 22:32:46.289 [info] > git for-each-ref --sort -committerdate --format %(refname) %(objectname) %(*objectname) [5ms]
2024-10-06 22:32:46.359 [info] > git status -z -uall [82ms]
