2024-09-22 21:08:41.212 [info] [main] ログ レベル: Info
2024-09-22 21:08:41.212 [info] [main] Git の検証が検出されました: "git"
2024-09-22 21:08:41.212 [info] [main] "git" から Git "2.34.1" を使用しています
2024-09-22 21:08:41.212 [info] [Model][doInitialScan] Initial repository scan started
2024-09-22 21:08:41.212 [info] > git rev-parse --show-toplevel [37ms]
2024-09-22 21:08:41.212 [info] > git rev-parse --git-dir --git-common-dir [39ms]
2024-09-22 21:08:41.213 [info] [Model][openRepository] Opened repository: /root
2024-09-22 21:08:41.213 [info] > git config --get commit.template [14ms]
2024-09-22 21:08:41.213 [info] > git rev-parse --show-toplevel [4ms]
2024-09-22 21:08:41.213 [info] > git rev-parse --show-toplevel [3ms]
2024-09-22 21:08:41.213 [info] > git rev-parse --show-toplevel [3ms]
2024-09-22 21:08:41.213 [info] > git for-each-ref --format=%(refname)%00%(upstream:short)%00%(objectname)%00%(upstream:track)%00%(upstream:remotename)%00%(upstream:remoteref) refs/heads/main refs/remotes/main [100ms]
2024-09-22 21:08:41.213 [info] > git rev-parse --show-toplevel [9ms]
2024-09-22 21:08:41.213 [info] > git rev-parse --show-toplevel [18ms]
2024-09-22 21:08:41.213 [info] > git rev-parse --git-dir --git-common-dir [7ms]
2024-09-22 21:08:41.213 [info] [Model][openRepository] Opened repository: /root/.rbenv
2024-09-22 21:08:41.213 [info] > git rev-parse --show-toplevel [10ms]
2024-09-22 21:08:41.213 [info] > git config --get commit.template [28ms]
2024-09-22 21:08:41.213 [info] > git rev-parse --show-toplevel [10ms]
2024-09-22 21:08:41.213 [info] > git for-each-ref --format=%(refname)%00%(upstream:short)%00%(objectname)%00%(upstream:track)%00%(upstream:remotename)%00%(upstream:remoteref) refs/heads/master refs/remotes/master [62ms]
2024-09-22 21:08:41.213 [info] > git rev-parse --show-toplevel [49ms]
2024-09-22 21:08:41.213 [warning] [Git][revParse] Unable to read file: ENOENT: no such file or directory, open '/root/.rbenv/.git/refs/remotes/origin/master'
2024-09-22 21:08:41.213 [info] > git rev-parse refs/remotes/origin/master [14ms]
2024-09-22 21:08:41.213 [info] > git rev-parse --show-toplevel [10ms]
2024-09-22 21:08:41.213 [info] > git rev-parse --show-toplevel [61ms]
2024-09-22 21:08:41.213 [info] > git rev-parse --git-dir --git-common-dir [2ms]
2024-09-22 21:08:41.213 [info] [Model][openRepository] Opened repository: /root/repos
2024-09-22 21:08:41.213 [info] > git status -z -uall [111ms]
2024-09-22 21:08:41.213 [info] > git for-each-ref --format=%(refname)%00%(upstream:short)%00%(objectname)%00%(upstream:track)%00%(upstream:remotename)%00%(upstream:remoteref) refs/heads/master refs/remotes/master [23ms]
2024-09-22 21:08:41.213 [info] > git rev-parse --show-toplevel [39ms]
2024-09-22 21:08:41.213 [info] > git config --get commit.template [45ms]
2024-09-22 21:08:41.213 [info] > git config --local branch.master.vscode-merge-base [15ms]
2024-09-22 21:08:41.213 [info] > git config --get commit.template [31ms]
2024-09-22 21:08:41.213 [info] [Git][getRemotes] No remotes found in the git config file
2024-09-22 21:08:41.213 [info] > git for-each-ref --format=%(refname)%00%(upstream:short)%00%(objectname)%00%(upstream:track)%00%(upstream:remotename)%00%(upstream:remoteref) refs/heads/origin/master refs/remotes/origin/master [11ms]
2024-09-22 21:08:41.213 [info] > git for-each-ref --format=%(refname)%00%(upstream:short)%00%(objectname)%00%(upstream:track)%00%(upstream:remotename)%00%(upstream:remoteref) refs/heads/master refs/remotes/master [9ms]
2024-09-22 21:08:41.213 [info] > git for-each-ref --format=%(refname)%00%(upstream:short)%00%(objectname)%00%(upstream:track)%00%(upstream:remotename)%00%(upstream:remoteref) refs/heads/main refs/remotes/main [14ms]
2024-09-22 21:08:41.213 [warning] [Git][getBranch] No such branch: main
2024-09-22 21:08:41.213 [warning] [Git][revParse] Unable to read file: ENOENT: no such file or directory, open '/root/.rbenv/.git/refs/remotes/origin/master'
2024-09-22 21:08:41.213 [info] > git merge-base refs/heads/master refs/remotes/origin/master [13ms]
2024-09-22 21:08:41.213 [info] > git rev-parse refs/remotes/origin/master [13ms]
2024-09-22 21:08:41.213 [info] > git rev-list --count --left-right refs/heads/master...refs/remotes/origin/master [7ms]
2024-09-22 21:08:41.213 [info] > git status -z -uall [11ms]
2024-09-22 21:08:41.213 [info] > git for-each-ref --format=%(refname)%00%(upstream:short)%00%(objectname)%00%(upstream:track)%00%(upstream:remotename)%00%(upstream:remoteref) refs/heads/master refs/remotes/master [6ms]
2024-09-22 21:08:41.213 [info] > git diff --name-status -z --diff-filter=ADMR c335ab83de40d48093870d300de52c61bbd68359...refs/remotes/origin/master [18ms]
2024-09-22 21:08:41.213 [info] > git config --local branch.master.vscode-merge-base [3ms]
2024-09-22 21:08:41.213 [info] > git for-each-ref --format=%(refname)%00%(upstream:short)%00%(objectname)%00%(upstream:track)%00%(upstream:remotename)%00%(upstream:remoteref) refs/heads/origin/master refs/remotes/origin/master [3ms]
2024-09-22 21:08:41.213 [info] > git rev-parse --show-toplevel [157ms]
2024-09-22 21:08:41.213 [info] > git status -z -uall [134ms]
2024-09-22 21:08:41.213 [info] > git for-each-ref --format=%(refname)%00%(upstream:short)%00%(objectname)%00%(upstream:track)%00%(upstream:remotename)%00%(upstream:remoteref) refs/heads/main refs/remotes/main [31ms]
2024-09-22 21:08:41.213 [warning] [Git][getBranch] No such branch: main
2024-09-22 21:08:41.213 [info] > git rev-parse --git-dir --git-common-dir [46ms]
2024-09-22 21:08:41.213 [info] [Model][openRepository] Opened repository: /root/sample_website
2024-09-22 21:08:41.213 [info] > git config --get commit.template [27ms]
2024-09-22 21:08:41.213 [info] > git rev-parse --show-toplevel [5ms]
2024-09-22 21:08:41.213 [info] > git config --get commit.template [8ms]
2024-09-22 21:08:41.213 [info] [Git][getRemotes] No remotes found in the git config file
2024-09-22 21:08:41.213 [info] > git for-each-ref --format=%(refname)%00%(upstream:short)%00%(objectname)%00%(upstream:track)%00%(upstream:remotename)%00%(upstream:remoteref) refs/heads/main refs/remotes/main [11ms]
2024-09-22 21:08:41.213 [warning] [Git][getBranch] No such branch: main
2024-09-22 21:08:41.213 [info] > git for-each-ref --format=%(refname)%00%(upstream:short)%00%(objectname)%00%(upstream:track)%00%(upstream:remotename)%00%(upstream:remoteref) refs/heads/main refs/remotes/main [7ms]
2024-09-22 21:08:41.213 [info] > git rev-parse --show-toplevel [17ms]
2024-09-22 21:08:41.213 [info] [Model][doInitialScan] Initial repository scan completed - repositories (4), closed repositories (0), parent repositories (0), unsafe repositories (0)
2024-09-22 21:08:41.213 [info] > git status -z -uall [55ms]
2024-09-22 21:08:41.213 [info] > git status -z -uall [49ms]
2024-09-22 21:08:41.213 [info] > git for-each-ref --format=%(refname)%00%(upstream:short)%00%(objectname)%00%(upstream:track)%00%(upstream:remotename)%00%(upstream:remoteref) refs/heads/main refs/remotes/main [12ms]
2024-09-22 21:08:41.213 [warning] [Git][getBranch] No such branch: main
2024-09-22 21:08:41.213 [info] > git for-each-ref --format=%(refname)%00%(upstream:short)%00%(objectname)%00%(upstream:track)%00%(upstream:remotename)%00%(upstream:remoteref) refs/heads/main refs/remotes/main [23ms]
2024-09-22 21:08:41.213 [info] > git config --local branch.main.vscode-merge-base [4ms]
2024-09-22 21:08:41.213 [warning] [Git][config] git config failed: Failed to execute git
2024-09-22 21:08:41.213 [info] > git config --get commit.template [19ms]
2024-09-22 21:08:41.213 [info] > git reflog main --grep-reflog=branch: Created from *. [9ms]
2024-09-22 21:08:41.213 [info] > git for-each-ref --format=%(refname)%00%(upstream:short)%00%(objectname)%00%(upstream:track)%00%(upstream:remotename)%00%(upstream:remoteref) refs/heads/main refs/remotes/main [9ms]
2024-09-22 21:08:41.213 [info] > git symbolic-ref --short refs/remotes/origin/HEAD [10ms]
2024-09-22 21:08:41.213 [info] fatal: ref refs/remotes/origin/HEAD is not a symbolic ref
2024-09-22 21:08:41.213 [info] > git status -z -uall [4ms]
2024-09-22 21:08:41.213 [info] > git for-each-ref --format=%(refname)%00%(upstream:short)%00%(objectname)%00%(upstream:track)%00%(upstream:remotename)%00%(upstream:remoteref) refs/heads/main refs/remotes/main [8ms]
2024-09-22 21:08:41.213 [info] > git status -z -uall [771ms]
2024-09-22 21:08:41.213 [info] > git for-each-ref --format=%(refname)%00%(upstream:short)%00%(objectname)%00%(upstream:track)%00%(upstream:remotename)%00%(upstream:remoteref) refs/heads/main refs/remotes/main [51ms]
2024-09-22 21:08:41.213 [info] > git config --local branch.main.vscode-merge-base [69ms]
2024-09-22 21:08:41.213 [warning] [Git][config] git config failed: Failed to execute git
2024-09-22 21:08:41.213 [info] > git config --local branch.main.vscode-merge-base [29ms]
2024-09-22 21:08:41.214 [warning] [Git][config] git config failed: Failed to execute git
2024-09-22 21:08:41.214 [info] > git config --get commit.template [52ms]
2024-09-22 21:08:41.214 [info] > git reflog main --grep-reflog=branch: Created from *. [120ms]
2024-09-22 21:08:41.214 [info] > git reflog main --grep-reflog=branch: Created from *. [156ms]
2024-09-22 21:08:41.214 [info] > git symbolic-ref --short refs/remotes/origin/HEAD [19ms]
2024-09-22 21:08:41.214 [info] fatal: ref refs/remotes/origin/HEAD is not a symbolic ref
2024-09-22 21:08:41.214 [info] > git for-each-ref --format=%(refname)%00%(upstream:short)%00%(objectname)%00%(upstream:track)%00%(upstream:remotename)%00%(upstream:remoteref) refs/heads/main refs/remotes/main [16ms]
2024-09-22 21:08:41.214 [info] > git symbolic-ref --short refs/remotes/origin/HEAD [24ms]
2024-09-22 21:08:41.214 [info] fatal: ref refs/remotes/origin/HEAD is not a symbolic ref
2024-09-22 21:08:41.214 [info] > git merge-base refs/heads/main refs/remotes/origin/main [8ms]
2024-09-22 21:08:41.215 [info] > git rev-list --count --left-right refs/heads/main...refs/remotes/origin/main [6ms]
2024-09-22 21:08:41.229 [info] > git diff --name-status -z --diff-filter=ADMR bd9d16f278f7c1f9d552dfe2d34230c84e18e4f0...refs/remotes/origin/main [9ms]
2024-09-22 21:08:41.326 [info] > git status -z -uall [99ms]
2024-09-22 21:08:41.383 [info] > git for-each-ref --format=%(refname)%00%(upstream:short)%00%(objectname)%00%(upstream:track)%00%(upstream:remotename)%00%(upstream:remoteref) refs/heads/main refs/remotes/main [47ms]
2024-09-22 21:08:41.541 [info] > git config --local branch.main.vscode-merge-base [152ms]
2024-09-22 21:08:41.541 [warning] [Git][config] git config failed: Failed to execute git
2024-09-22 21:08:41.658 [info] > git check-ignore -v -z --stdin [21ms]
2024-09-22 21:08:41.660 [info] > git reflog main --grep-reflog=branch: Created from *. [114ms]
2024-09-22 21:08:41.672 [info] > git symbolic-ref --short refs/remotes/origin/HEAD [7ms]
2024-09-22 21:08:41.672 [info] fatal: ref refs/remotes/origin/HEAD is not a symbolic ref
2024-09-22 21:15:45.096 [info] > git show --textconv :SYSTEMA556.github.io/index.html [8ms]
2024-09-22 21:15:45.099 [info] > git ls-files --stage -- /root/repos/SYSTEMA556.github.io/index.html [4ms]
2024-09-22 21:15:45.310 [info] > git check-ignore -v -z --stdin [2ms]
2024-09-22 21:15:48.017 [info] > git show --textconv :SYSTEMA556.github.io/index.html [4ms]
2024-09-22 21:15:48.019 [info] > git ls-files --stage -- /root/repos/SYSTEMA556.github.io/index.html [3ms]
2024-09-22 21:23:00.475 [info] > git show --textconv :SYSTEMA556.github.io/index.html [5ms]
2024-09-22 21:23:00.477 [info] > git ls-files --stage -- /root/repos/SYSTEMA556.github.io/index.html [3ms]
2024-09-22 21:23:54.866 [info] > git show --textconv :SYSTEMA556.github.io/index.html [4ms]
2024-09-22 21:23:54.868 [info] > git ls-files --stage -- /root/repos/SYSTEMA556.github.io/index.html [2ms]
2024-09-22 21:24:06.866 [info] > git show --textconv :SYSTEMA556.github.io/index.html [7ms]
2024-09-22 21:24:06.867 [info] > git ls-files --stage -- /root/repos/SYSTEMA556.github.io/index.html [2ms]
2024-09-22 21:25:17.674 [info] > git check-ignore -v -z --stdin [16ms]
2024-09-22 21:25:17.675 [info] > git check-ignore -v -z --stdin [13ms]
2024-09-22 21:25:17.676 [info] > git check-ignore -v -z --stdin [9ms]
2024-09-22 21:25:17.676 [info] > git check-ignore -v -z --stdin [4ms]
2024-09-22 21:25:24.286 [info] > git check-ignore -v -z --stdin [10ms]
2024-09-22 21:25:28.097 [info] > git check-ignore -v -z --stdin [4ms]
2024-09-22 21:25:28.958 [info] > git show --textconv :css/main.css [10ms]
2024-09-22 21:25:28.961 [info] > git ls-files --stage -- /root/css/main.css [5ms]
2024-09-22 21:25:46.151 [info] > git show --textconv :css/main.css [8ms]
2024-09-22 21:25:46.154 [info] > git ls-files --stage -- /root/css/main.css [4ms]
2024-09-22 21:25:55.945 [info] > git show --textconv :SYSTEMA556.github.io/index.html [5ms]
2024-09-22 21:25:55.946 [info] > git ls-files --stage -- /root/repos/SYSTEMA556.github.io/index.html [1ms]
2024-09-22 21:25:58.041 [info] > git show --textconv :css/main.css [6ms]
2024-09-22 21:25:58.044 [info] > git ls-files --stage -- /root/css/main.css [4ms]
2024-09-22 21:26:03.532 [info] > git show --textconv :css/main.css [5ms]
2024-09-22 21:26:03.535 [info] > git ls-files --stage -- /root/css/main.css [5ms]
2024-09-22 21:26:07.963 [info] > git show --textconv :css/main.css [6ms]
2024-09-22 21:26:07.964 [info] > git ls-files --stage -- /root/css/main.css [3ms]
2024-09-22 21:26:17.477 [info] > git show --textconv :css/main.css [5ms]
2024-09-22 21:26:17.481 [info] > git ls-files --stage -- /root/css/main.css [4ms]
2024-09-22 21:26:25.802 [info] > git show --textconv :css/main.css [5ms]
2024-09-22 21:26:25.805 [info] > git ls-files --stage -- /root/css/main.css [3ms]
2024-09-22 21:27:22.288 [info] > git show --textconv :SYSTEMA556.github.io/index.html [7ms]
2024-09-22 21:27:22.290 [info] > git ls-files --stage -- /root/repos/SYSTEMA556.github.io/index.html [2ms]
2024-09-22 21:28:07.500 [info] > git show --textconv :css/main.css [5ms]
2024-09-22 21:28:07.504 [info] > git ls-files --stage -- /root/css/main.css [5ms]
2024-09-22 21:28:09.904 [info] > git show --textconv :SYSTEMA556.github.io/index.html [4ms]
2024-09-22 21:28:09.905 [info] > git ls-files --stage -- /root/repos/SYSTEMA556.github.io/index.html [2ms]
2024-09-22 21:28:43.824 [info] > git show --textconv :SYSTEMA556.github.io/index.html [6ms]
2024-09-22 21:28:43.825 [info] > git ls-files --stage -- /root/repos/SYSTEMA556.github.io/index.html [2ms]
2024-09-22 21:28:51.410 [info] > git show --textconv :SYSTEMA556.github.io/index.html [3ms]
2024-09-22 21:28:51.411 [info] > git ls-files --stage -- /root/repos/SYSTEMA556.github.io/index.html [1ms]
2024-09-22 21:29:00.070 [info] > git show --textconv :SYSTEMA556.github.io/index.html [4ms]
2024-09-22 21:29:00.071 [info] > git ls-files --stage -- /root/repos/SYSTEMA556.github.io/index.html [2ms]
2024-09-22 21:29:03.279 [info] > git show --textconv :css/main.css [7ms]
2024-09-22 21:29:03.282 [info] > git ls-files --stage -- /root/css/main.css [4ms]
2024-09-22 21:29:25.612 [info] > git show --textconv :SYSTEMA556.github.io/index.html [4ms]
2024-09-22 21:29:25.613 [info] > git ls-files --stage -- /root/repos/SYSTEMA556.github.io/index.html [2ms]
2024-09-22 21:35:03.605 [info] > git show --textconv :css/main.css [5ms]
2024-09-22 21:35:03.610 [info] > git ls-files --stage -- /root/css/main.css [6ms]
2024-09-22 21:35:07.011 [info] > git show --textconv :SYSTEMA556.github.io/index.html [6ms]
2024-09-22 21:35:07.012 [info] > git ls-files --stage -- /root/repos/SYSTEMA556.github.io/index.html [2ms]
2024-09-22 21:37:13.467 [info] > git show --textconv :css/main.css [4ms]
2024-09-22 21:37:13.470 [info] > git ls-files --stage -- /root/css/main.css [4ms]
2024-09-22 21:37:14.618 [info] > git show --textconv :SYSTEMA556.github.io/index.html [5ms]
2024-09-22 21:37:14.620 [info] > git ls-files --stage -- /root/repos/SYSTEMA556.github.io/index.html [3ms]
2024-09-22 21:37:34.070 [info] > git show --textconv :SYSTEMA556.github.io/index.html [5ms]
2024-09-22 21:37:34.071 [info] > git ls-files --stage -- /root/repos/SYSTEMA556.github.io/index.html [2ms]
2024-09-22 21:44:40.630 [info] > git show --textconv :css/main.css [7ms]
2024-09-22 21:44:40.634 [info] > git ls-files --stage -- /root/css/main.css [5ms]
2024-09-22 21:45:30.631 [info] > git show --textconv :SYSTEMA556.github.io/index.html [7ms]
2024-09-22 21:45:30.632 [info] > git ls-files --stage -- /root/repos/SYSTEMA556.github.io/index.html [3ms]
2024-09-22 21:46:56.326 [info] > git show --textconv :css/main.css [7ms]
2024-09-22 21:46:56.329 [info] > git ls-files --stage -- /root/css/main.css [4ms]
2024-09-22 21:46:57.678 [info] > git show --textconv :SYSTEMA556.github.io/index.html [5ms]
2024-09-22 21:46:57.679 [info] > git ls-files --stage -- /root/repos/SYSTEMA556.github.io/index.html [2ms]
2024-09-22 21:47:52.726 [info] > git show --textconv :SYSTEMA556.github.io/index.html [7ms]
2024-09-22 21:47:52.727 [info] > git ls-files --stage -- /root/repos/SYSTEMA556.github.io/index.html [2ms]
2024-09-22 21:48:53.378 [info] > git show --textconv :SYSTEMA556.github.io/index.html [7ms]
2024-09-22 21:48:53.379 [info] > git ls-files --stage -- /root/repos/SYSTEMA556.github.io/index.html [5ms]
2024-09-22 21:48:59.559 [info] > git show --textconv :SYSTEMA556.github.io/index.html [5ms]
2024-09-22 21:48:59.561 [info] > git ls-files --stage -- /root/repos/SYSTEMA556.github.io/index.html [3ms]
2024-09-22 21:49:16.177 [info] > git show --textconv :SYSTEMA556.github.io/index.html [5ms]
2024-09-22 21:49:16.178 [info] > git ls-files --stage -- /root/repos/SYSTEMA556.github.io/index.html [3ms]
2024-09-22 21:52:06.984 [info] > git show --textconv :SYSTEMA556.github.io/index.html [6ms]
2024-09-22 21:52:06.985 [info] > git ls-files --stage -- /root/repos/SYSTEMA556.github.io/index.html [2ms]
2024-09-22 21:53:11.856 [info] > git show --textconv :SYSTEMA556.github.io/index.html [4ms]
2024-09-22 21:53:11.857 [info] > git ls-files --stage -- /root/repos/SYSTEMA556.github.io/index.html [2ms]
2024-09-22 21:53:26.979 [info] > git show --textconv :css/main.css [6ms]
2024-09-22 21:53:26.983 [info] > git ls-files --stage -- /root/css/main.css [5ms]
2024-09-22 21:59:46.907 [info] > git show --textconv :css/main.css [5ms]
2024-09-22 21:59:46.911 [info] > git ls-files --stage -- /root/css/main.css [5ms]
2024-09-22 21:59:48.341 [info] > git show --textconv :SYSTEMA556.github.io/index.html [7ms]
2024-09-22 21:59:48.342 [info] > git ls-files --stage -- /root/repos/SYSTEMA556.github.io/index.html [3ms]
2024-09-22 21:59:57.468 [info] > git show --textconv :SYSTEMA556.github.io/index.html [4ms]
2024-09-22 21:59:57.469 [info] > git ls-files --stage -- /root/repos/SYSTEMA556.github.io/index.html [2ms]
