2024-10-07 20:23:39.600 [info] [main] ログ レベル: Info
2024-10-07 20:23:39.600 [info] [main] Git の検証が検出されました: "git"
2024-10-07 20:23:39.600 [info] [main] "git" から Git "2.34.1" を使用しています
2024-10-07 20:23:39.600 [info] [Model][doInitialScan] Initial repository scan started
2024-10-07 20:23:39.600 [info] > git rev-parse --show-toplevel [11ms]
2024-10-07 20:23:39.602 [info] > git rev-parse --git-dir --git-common-dir [21ms]
2024-10-07 20:23:39.635 [info] [Model][openRepository] Opened repository: /root
2024-10-07 20:23:39.656 [info] > git config --get commit.template [8ms]
2024-10-07 20:23:39.658 [info] > git rev-parse --show-toplevel [6ms]
2024-10-07 20:23:39.674 [info] > git rev-parse --git-dir --git-common-dir [2ms]
2024-10-07 20:23:39.683 [info] [Model][openRepository] Opened repository: /root/repos
2024-10-07 20:23:39.690 [info] > git for-each-ref --format=%(refname)%00%(upstream:short)%00%(objectname)%00%(upstream:track)%00%(upstream:remotename)%00%(upstream:remoteref) refs/heads/main refs/remotes/main [27ms]
2024-10-07 20:23:39.694 [info] > git config --get commit.template [4ms]
2024-10-07 20:23:39.700 [info] [Git][getRemotes] No remotes found in the git config file
2024-10-07 20:23:39.726 [info] > git rev-parse --show-toplevel [21ms]
2024-10-07 20:23:39.727 [info] > git for-each-ref --format=%(refname)%00%(upstream:short)%00%(objectname)%00%(upstream:track)%00%(upstream:remotename)%00%(upstream:remoteref) refs/heads/main refs/remotes/main [27ms]
2024-10-07 20:23:39.777 [info] > git for-each-ref --sort -committerdate --format %(refname) %(objectname) %(*objectname) [55ms]
2024-10-07 20:23:39.783 [info] > git rev-parse --show-toplevel [39ms]
2024-10-07 20:23:39.783 [info] > git for-each-ref --sort -committerdate --format %(refname) %(objectname) %(*objectname) [45ms]
2024-10-07 20:23:39.796 [info] > git status -z -uall [63ms]
2024-10-07 20:23:39.867 [info] > git for-each-ref --format=%(refname)%00%(upstream:short)%00%(objectname)%00%(upstream:track)%00%(upstream:remotename)%00%(upstream:remoteref) refs/heads/main refs/remotes/main [39ms]
2024-10-07 20:23:39.878 [info] > git rev-parse --show-toplevel [88ms]
2024-10-07 20:23:39.897 [info] > git config --local branch.main.vscode-merge-base [19ms]
2024-10-07 20:23:39.898 [warning] [Git][config] git config failed: Failed to execute git
2024-10-07 20:23:39.904 [info] > git config --get commit.template [51ms]
2024-10-07 20:23:39.957 [info] > git reflog main --grep-reflog=branch: Created from *. [54ms]
2024-10-07 20:23:39.965 [info] > git rev-parse --show-toplevel [82ms]
2024-10-07 20:23:39.975 [info] [Git][getRemotes] No remotes found in the git config file
2024-10-07 20:23:40.784 [info] > git status -z -uall [1070ms]
2024-10-07 20:23:40.785 [info] > git check-ignore -v -z --stdin [128ms]
2024-10-07 20:23:40.786 [info] > git check-ignore -v -z --stdin [123ms]
2024-10-07 20:23:40.786 [info] > git rev-parse --show-toplevel [807ms]
2024-10-07 20:23:40.787 [info] > git for-each-ref --format=%(refname)%00%(upstream:short)%00%(objectname)%00%(upstream:track)%00%(upstream:remotename)%00%(upstream:remoteref) refs/heads/main refs/remotes/main [813ms]
2024-10-07 20:23:40.830 [info] > git symbolic-ref --short refs/remotes/origin/HEAD [866ms]
2024-10-07 20:23:40.830 [info] fatal: ref refs/remotes/origin/HEAD is not a symbolic ref
2024-10-07 20:23:40.830 [warning] [Repository][getDefaultBranch] Failed to get default branch details: Failed to execute git.
2024-10-07 20:23:40.851 [info] > git status -z -uall [60ms]
2024-10-07 20:23:40.852 [info] > git for-each-ref --format=%(refname)%00%(upstream:short)%00%(objectname)%00%(upstream:track)%00%(upstream:remotename)%00%(upstream:remoteref) refs/heads/main refs/remotes/main [27ms]
2024-10-07 20:23:40.857 [info] > git for-each-ref --sort -committerdate --format %(refname) %(objectname) %(*objectname) [58ms]
2024-10-07 20:23:40.873 [info] > git config --local branch.main.vscode-merge-base [16ms]
2024-10-07 20:23:40.873 [warning] [Git][config] git config failed: Failed to execute git
2024-10-07 20:23:40.878 [info] > git config --get commit.template [36ms]
2024-10-07 20:23:40.878 [info] > git rev-parse --show-toplevel [41ms]
2024-10-07 20:23:41.133 [info] > git rev-parse --git-dir --git-common-dir [168ms]
2024-10-07 20:23:41.143 [info] [Model][openRepository] Opened repository: /root/.rbenv
2024-10-07 20:23:41.148 [info] > git reflog main --grep-reflog=branch: Created from *. [270ms]
2024-10-07 20:23:41.264 [info] > git for-each-ref --format=%(refname)%00%(upstream:short)%00%(objectname)%00%(upstream:track)%00%(upstream:remotename)%00%(upstream:remoteref) refs/heads/main refs/remotes/main [192ms]
2024-10-07 20:23:41.322 [info] > git check-ignore -v -z --stdin [51ms]
2024-10-07 20:23:41.324 [info] > git check-ignore -v -z --stdin [47ms]
2024-10-07 20:23:41.325 [info] > git rev-parse --show-toplevel [119ms]
2024-10-07 20:23:41.326 [info] > git config --get commit.template [124ms]
2024-10-07 20:23:41.326 [info] > git symbolic-ref --short refs/remotes/origin/HEAD [175ms]
2024-10-07 20:23:41.326 [info] fatal: ref refs/remotes/origin/HEAD is not a symbolic ref
2024-10-07 20:23:41.326 [warning] [Repository][getDefaultBranch] Failed to get default branch details: Failed to execute git.
2024-10-07 20:23:41.360 [info] > git merge-base refs/heads/main refs/remotes/origin/main [28ms]
2024-10-07 20:23:41.388 [info] > git for-each-ref --format=%(refname)%00%(upstream:short)%00%(objectname)%00%(upstream:track)%00%(upstream:remotename)%00%(upstream:remoteref) refs/heads/master refs/remotes/master [32ms]
2024-10-07 20:23:41.389 [info] > git rev-parse --show-toplevel [43ms]
2024-10-07 20:23:41.395 [warning] [Git][revParse] Unable to read file: ENOENT: no such file or directory, open '/root/.rbenv/.git/refs/remotes/origin/master'
2024-10-07 20:23:41.404 [info] > git for-each-ref --sort -committerdate --format %(refname) %(objectname) %(*objectname) [26ms]
2024-10-07 20:23:41.405 [info] > git diff --name-status -z --diff-filter=ADMR b765f9c84c1ed6f47fbc8c82decdb247d7d711b3...refs/remotes/origin/main [40ms]
2024-10-07 20:23:41.442 [info] > git rev-parse --show-toplevel [40ms]
2024-10-07 20:23:41.442 [info] > git rev-parse refs/remotes/origin/master [48ms]
2024-10-07 20:23:41.471 [info] > git status -z -uall [22ms]
2024-10-07 20:23:41.474 [info] > git rev-parse --show-toplevel [4ms]
2024-10-07 20:23:41.483 [info] > git for-each-ref --sort -committerdate --format %(refname) %(objectname) %(*objectname) [22ms]
2024-10-07 20:23:41.544 [info] > git for-each-ref --format=%(refname)%00%(upstream:short)%00%(objectname)%00%(upstream:track)%00%(upstream:remotename)%00%(upstream:remoteref) refs/heads/master refs/remotes/master [45ms]
2024-10-07 20:23:41.558 [info] > git rev-parse --show-toplevel [77ms]
2024-10-07 20:23:41.567 [info] > git status -z -uall [195ms]
2024-10-07 20:23:41.569 [info] > git config --get commit.template [30ms]
2024-10-07 20:23:41.603 [info] > git rev-parse --show-toplevel [25ms]
2024-10-07 20:23:41.603 [info] > git config --local branch.master.vscode-merge-base [46ms]
2024-10-07 20:23:41.643 [info] > git for-each-ref --format=%(refname)%00%(upstream:short)%00%(objectname)%00%(upstream:track)%00%(upstream:remotename)%00%(upstream:remoteref) refs/heads/origin/master refs/remotes/origin/master [31ms]
2024-10-07 20:23:41.677 [info] > git merge-base refs/heads/master refs/remotes/origin/master [20ms]
2024-10-07 20:23:41.686 [info] > git rev-parse --show-toplevel [44ms]
2024-10-07 20:23:41.687 [info] > git for-each-ref --format=%(refname)%00%(upstream:short)%00%(objectname)%00%(upstream:track)%00%(upstream:remotename)%00%(upstream:remoteref) refs/heads/master refs/remotes/master [59ms]
2024-10-07 20:23:41.776 [warning] [Git][revParse] Unable to read file: ENOENT: no such file or directory, open '/root/.rbenv/.git/refs/remotes/origin/master'
2024-10-07 20:23:41.825 [info] > git diff --name-status -z --diff-filter=ADMR c335ab83de40d48093870d300de52c61bbd68359...refs/remotes/origin/master [139ms]
2024-10-07 20:23:41.891 [info] > git check-ignore -v -z --stdin [57ms]
2024-10-07 20:23:41.892 [info] > git check-ignore -v -z --stdin [53ms]
2024-10-07 20:23:41.893 [info] > git check-ignore -v -z --stdin [44ms]
2024-10-07 20:23:41.896 [info] > git rev-parse refs/remotes/origin/master [120ms]
2024-10-07 20:23:41.906 [info] > git rev-parse --show-toplevel [135ms]
2024-10-07 20:23:41.921 [info] > git status -z -uall [20ms]
2024-10-07 20:23:41.926 [info] > git rev-parse --git-dir --git-common-dir [10ms]
2024-10-07 20:23:41.935 [info] [Model][openRepository] Opened repository: /root/sample_website
2024-10-07 20:23:41.937 [info] > git for-each-ref --sort -committerdate --format %(refname) %(objectname) %(*objectname) [31ms]
2024-10-07 20:23:41.965 [info] > git rev-parse --show-toplevel [6ms]
2024-10-07 20:23:41.966 [info] > git config --get commit.template [12ms]
2024-10-07 20:23:41.987 [info] > git rev-parse --show-toplevel [12ms]
2024-10-07 20:23:41.996 [info] [Model][doInitialScan] Initial repository scan completed - repositories (4), closed repositories (0), parent repositories (0), unsafe repositories (0)
2024-10-07 20:23:42.013 [info] > git show --textconv :css/main.css [8ms]
2024-10-07 20:23:42.015 [info] > git for-each-ref --format=%(refname)%00%(upstream:short)%00%(objectname)%00%(upstream:track)%00%(upstream:remotename)%00%(upstream:remoteref) refs/heads/main refs/remotes/main [35ms]
2024-10-07 20:23:42.032 [info] > git ls-files --stage -- /root/repos/css/main.css [22ms]
2024-10-07 20:23:42.043 [info] > git status -z -uall [25ms]
2024-10-07 20:23:42.044 [info] > git for-each-ref --sort -committerdate --format %(refname) %(objectname) %(*objectname) [22ms]
2024-10-07 20:23:42.082 [info] > git for-each-ref --format=%(refname)%00%(upstream:short)%00%(objectname)%00%(upstream:track)%00%(upstream:remotename)%00%(upstream:remoteref) refs/heads/main refs/remotes/main [25ms]
2024-10-07 20:23:42.089 [info] > git cat-file -s 738f6349094110060f736f123671230547585e70 [51ms]
2024-10-07 20:23:42.092 [info] > git config --local branch.main.vscode-merge-base [4ms]
2024-10-07 20:23:42.093 [warning] [Git][config] git config failed: Failed to execute git
2024-10-07 20:23:42.097 [info] > git config --get commit.template [31ms]
2024-10-07 20:23:42.106 [info] > git for-each-ref --format=%(refname)%00%(upstream:short)%00%(objectname)%00%(upstream:track)%00%(upstream:remotename)%00%(upstream:remoteref) refs/heads/main refs/remotes/main [4ms]
2024-10-07 20:23:42.120 [info] > git status -z -uall [9ms]
2024-10-07 20:23:42.123 [info] > git reflog main --grep-reflog=branch: Created from *. [27ms]
2024-10-07 20:23:42.145 [info] > git for-each-ref --sort -committerdate --format %(refname) %(objectname) %(*objectname) [29ms]
2024-10-07 20:23:42.156 [info] > git for-each-ref --format=%(refname)%00%(upstream:short)%00%(objectname)%00%(upstream:track)%00%(upstream:remotename)%00%(upstream:remoteref) refs/heads/main refs/remotes/main [5ms]
2024-10-07 20:23:42.163 [info] > git symbolic-ref --short refs/remotes/origin/HEAD [33ms]
2024-10-07 20:23:42.163 [info] fatal: ref refs/remotes/origin/HEAD is not a symbolic ref
2024-10-07 20:23:42.163 [warning] [Repository][getDefaultBranch] Failed to get default branch details: Failed to execute git.
2024-10-07 20:23:42.172 [info] > git config --local branch.main.vscode-merge-base [10ms]
2024-10-07 20:23:42.172 [warning] [Git][config] git config failed: Failed to execute git
2024-10-07 20:23:42.180 [info] > git reflog main --grep-reflog=branch: Created from *. [3ms]
2024-10-07 20:23:42.188 [info] > git symbolic-ref --short refs/remotes/origin/HEAD [4ms]
2024-10-07 20:23:42.188 [info] fatal: ref refs/remotes/origin/HEAD is not a symbolic ref
2024-10-07 20:23:42.188 [warning] [Repository][getDefaultBranch] Failed to get default branch details: Failed to execute git.
2024-10-07 20:23:42.545 [info] > git check-ignore -v -z --stdin [10ms]
2024-10-07 20:23:42.547 [info] > git check-ignore -v -z --stdin [2ms]
2024-10-07 20:23:42.550 [info] > git check-ignore -v -z --stdin [10ms]
2024-10-07 20:47:51.627 [info] > git check-ignore -v -z --stdin [25ms]
2024-10-07 20:47:51.631 [info] > git check-ignore -v -z --stdin [24ms]
2024-10-07 20:47:51.638 [info] > git check-ignore -v -z --stdin [40ms]
2024-10-07 20:48:34.854 [info] > git show --textconv :_includes/header.html [178ms]
2024-10-07 20:48:34.854 [info] > git ls-files --stage -- /root/repos/_includes/header.html [172ms]
2024-10-07 20:48:34.879 [info] > git cat-file -s 19d22a9f9b7e6f171412729353e990b10f45f51e [20ms]
2024-10-07 20:48:36.247 [info] > git show --textconv :_includes/head.html [5ms]
2024-10-07 20:48:36.248 [info] > git ls-files --stage -- /root/repos/_includes/head.html [2ms]
2024-10-07 20:48:36.253 [info] > git cat-file -s 34b55d71334baa201d79479e19f081a26ab8486f [2ms]
2024-10-07 20:48:38.268 [info] > git show --textconv :_layouts/default.html [5ms]
2024-10-07 20:48:38.269 [info] > git ls-files --stage -- /root/repos/_layouts/default.html [3ms]
2024-10-07 20:48:38.275 [info] > git cat-file -s 1e975fc8c8679969144017868bb61f9ec1561391 [2ms]
2024-10-07 20:49:19.746 [info] > git check-ignore -v -z --stdin [5ms]
2024-10-07 20:49:25.161 [info] > git check-ignore -v -z --stdin [4ms]
2024-10-07 20:49:28.713 [info] > git show --textconv :_includes/footer.html [4ms]
2024-10-07 20:49:28.715 [info] > git ls-files --stage -- /root/repos/_includes/footer.html [3ms]
2024-10-07 20:49:48.710 [info] [Git][getRemotes] No remotes found in the git config file
2024-10-07 20:49:48.716 [info] > git config --get commit.template [18ms]
2024-10-07 20:49:48.716 [info] > git config --get commit.template [23ms]
2024-10-07 20:49:48.717 [info] > git for-each-ref --format=%(refname)%00%(upstream:short)%00%(objectname)%00%(upstream:track)%00%(upstream:remotename)%00%(upstream:remoteref) refs/heads/main refs/remotes/main [8ms]
2024-10-07 20:49:48.727 [info] > git for-each-ref --format=%(refname)%00%(upstream:short)%00%(objectname)%00%(upstream:track)%00%(upstream:remotename)%00%(upstream:remoteref) refs/heads/main refs/remotes/main [23ms]
2024-10-07 20:49:48.728 [info] > git for-each-ref --sort -committerdate --format %(refname) %(objectname) %(*objectname) [2ms]
2024-10-07 20:49:48.740 [info] > git status -z -uall [19ms]
2024-10-07 20:49:48.746 [info] > git for-each-ref --sort -committerdate --format %(refname) %(objectname) %(*objectname) [8ms]
2024-10-07 20:49:49.682 [info] > git status -z -uall [948ms]
2024-10-07 20:50:16.801 [info] > git check-ignore -v -z --stdin [2ms]
2024-10-07 20:50:30.757 [info] > git check-ignore -v -z --stdin [2ms]
2024-10-07 20:50:35.322 [info] > git show --textconv :_layouts/default.html [5ms]
2024-10-07 20:50:35.324 [info] > git ls-files --stage -- /root/repos/_layouts/default.html [2ms]
2024-10-07 20:50:35.329 [info] > git cat-file -s 1e975fc8c8679969144017868bb61f9ec1561391 [1ms]
2024-10-07 20:52:49.951 [info] [Git][getRemotes] No remotes found in the git config file
2024-10-07 20:52:49.966 [info] > git config --get commit.template [23ms]
2024-10-07 20:52:49.966 [info] > git config --get commit.template [27ms]
2024-10-07 20:52:49.969 [info] > git for-each-ref --format=%(refname)%00%(upstream:short)%00%(objectname)%00%(upstream:track)%00%(upstream:remotename)%00%(upstream:remoteref) refs/heads/main refs/remotes/main [11ms]
2024-10-07 20:52:49.978 [info] > git for-each-ref --format=%(refname)%00%(upstream:short)%00%(objectname)%00%(upstream:track)%00%(upstream:remotename)%00%(upstream:remoteref) refs/heads/main refs/remotes/main [27ms]
2024-10-07 20:52:49.989 [info] > git for-each-ref --sort -committerdate --format %(refname) %(objectname) %(*objectname) [13ms]
2024-10-07 20:52:49.991 [info] > git for-each-ref --sort -committerdate --format %(refname) %(objectname) %(*objectname) [4ms]
2024-10-07 20:52:50.005 [info] > git status -z -uall [33ms]
2024-10-07 20:52:50.842 [info] > git status -z -uall [859ms]
2024-10-07 20:53:00.430 [info] > git check-ignore -v -z --stdin [5ms]
2024-10-07 20:53:07.385 [info] > git show --textconv :index.html [6ms]
2024-10-07 20:53:07.386 [info] > git ls-files --stage -- /root/repos/index.html [3ms]
2024-10-07 20:53:07.392 [info] > git cat-file -s 036c4360008bc2fb62d7bce6cadbe91bde8991b8 [3ms]
2024-10-07 20:53:27.456 [info] > git config --get commit.template [10ms]
2024-10-07 20:53:27.458 [info] > git config --get commit.template [5ms]
2024-10-07 20:53:27.468 [info] [Git][getRemotes] No remotes found in the git config file
2024-10-07 20:53:27.468 [info] > git for-each-ref --format=%(refname)%00%(upstream:short)%00%(objectname)%00%(upstream:track)%00%(upstream:remotename)%00%(upstream:remoteref) refs/heads/main refs/remotes/main [5ms]
2024-10-07 20:53:27.469 [info] > git for-each-ref --format=%(refname)%00%(upstream:short)%00%(objectname)%00%(upstream:track)%00%(upstream:remotename)%00%(upstream:remoteref) refs/heads/main refs/remotes/main [2ms]
2024-10-07 20:53:27.493 [info] > git status -z -uall [18ms]
2024-10-07 20:53:27.495 [info] > git for-each-ref --sort -committerdate --format %(refname) %(objectname) %(*objectname) [3ms]
2024-10-07 20:53:27.496 [info] > git for-each-ref --sort -committerdate --format %(refname) %(objectname) %(*objectname) [15ms]
2024-10-07 20:53:27.560 [info] > git status -z -uall [72ms]
2024-10-07 20:53:47.544 [info] > git config --get commit.template [4ms]
2024-10-07 20:53:47.544 [info] > git config --get commit.template [9ms]
2024-10-07 20:53:47.550 [info] [Git][getRemotes] No remotes found in the git config file
2024-10-07 20:53:47.556 [info] > git for-each-ref --format=%(refname)%00%(upstream:short)%00%(objectname)%00%(upstream:track)%00%(upstream:remotename)%00%(upstream:remoteref) refs/heads/main refs/remotes/main [6ms]
2024-10-07 20:53:47.570 [info] > git for-each-ref --format=%(refname)%00%(upstream:short)%00%(objectname)%00%(upstream:track)%00%(upstream:remotename)%00%(upstream:remoteref) refs/heads/main refs/remotes/main [16ms]
2024-10-07 20:53:47.571 [info] > git status -z -uall [9ms]
2024-10-07 20:53:47.572 [info] > git for-each-ref --sort -committerdate --format %(refname) %(objectname) %(*objectname) [4ms]
2024-10-07 20:53:47.592 [info] > git for-each-ref --sort -committerdate --format %(refname) %(objectname) %(*objectname) [3ms]
2024-10-07 20:53:47.641 [info] > git status -z -uall [59ms]
2024-10-07 20:53:52.587 [info] [Git][getRemotes] No remotes found in the git config file
2024-10-07 20:53:52.587 [info] > git config --get commit.template [4ms]
2024-10-07 20:53:52.588 [info] > git for-each-ref --format=%(refname)%00%(upstream:short)%00%(objectname)%00%(upstream:track)%00%(upstream:remotename)%00%(upstream:remoteref) refs/heads/main refs/remotes/main [2ms]
2024-10-07 20:53:52.597 [info] > git status -z -uall [6ms]
2024-10-07 20:53:52.599 [info] > git for-each-ref --sort -committerdate --format %(refname) %(objectname) %(*objectname) [3ms]
2024-10-07 20:53:52.662 [info] > git config --get commit.template [5ms]
2024-10-07 20:53:52.663 [info] > git for-each-ref --format=%(refname)%00%(upstream:short)%00%(objectname)%00%(upstream:track)%00%(upstream:remotename)%00%(upstream:remoteref) refs/heads/main refs/remotes/main [3ms]
2024-10-07 20:53:52.674 [info] > git for-each-ref --sort -committerdate --format %(refname) %(objectname) %(*objectname) [3ms]
2024-10-07 20:53:52.725 [info] > git status -z -uall [58ms]
2024-10-07 20:53:55.393 [info] > git show --textconv :_layouts/default.html [4ms]
2024-10-07 20:53:55.394 [info] > git ls-files --stage -- /root/repos/_layouts/default.html [2ms]
2024-10-07 20:53:55.399 [info] > git cat-file -s 1e975fc8c8679969144017868bb61f9ec1561391 [2ms]
2024-10-07 20:53:59.132 [info] > git show --textconv :index.html [5ms]
2024-10-07 20:53:59.134 [info] > git ls-files --stage -- /root/repos/index.html [2ms]
2024-10-07 20:53:59.139 [info] > git cat-file -s 036c4360008bc2fb62d7bce6cadbe91bde8991b8 [1ms]
2024-10-07 20:54:05.390 [info] > git config --get commit.template [7ms]
2024-10-07 20:54:05.397 [info] [Git][getRemotes] No remotes found in the git config file
2024-10-07 20:54:05.400 [info] > git config --get commit.template [11ms]
2024-10-07 20:54:05.401 [info] > git for-each-ref --format=%(refname)%00%(upstream:short)%00%(objectname)%00%(upstream:track)%00%(upstream:remotename)%00%(upstream:remoteref) refs/heads/main refs/remotes/main [4ms]
2024-10-07 20:54:05.410 [info] > git for-each-ref --format=%(refname)%00%(upstream:short)%00%(objectname)%00%(upstream:track)%00%(upstream:remotename)%00%(upstream:remoteref) refs/heads/main refs/remotes/main [17ms]
2024-10-07 20:54:05.412 [info] > git status -z -uall [7ms]
2024-10-07 20:54:05.412 [info] > git for-each-ref --sort -committerdate --format %(refname) %(objectname) %(*objectname) [2ms]
2024-10-07 20:54:05.429 [info] > git for-each-ref --sort -committerdate --format %(refname) %(objectname) %(*objectname) [3ms]
2024-10-07 20:54:05.481 [info] > git status -z -uall [60ms]
2024-10-07 20:54:55.875 [info] > git config --get commit.template [6ms]
2024-10-07 20:54:55.876 [info] > git config --get commit.template [2ms]
2024-10-07 20:54:55.883 [info] [Git][getRemotes] No remotes found in the git config file
2024-10-07 20:54:55.884 [info] > git for-each-ref --format=%(refname)%00%(upstream:short)%00%(objectname)%00%(upstream:track)%00%(upstream:remotename)%00%(upstream:remoteref) refs/heads/main refs/remotes/main [4ms]
2024-10-07 20:54:55.885 [info] > git for-each-ref --format=%(refname)%00%(upstream:short)%00%(objectname)%00%(upstream:track)%00%(upstream:remotename)%00%(upstream:remoteref) refs/heads/main refs/remotes/main [1ms]
2024-10-07 20:54:55.904 [info] > git status -z -uall [15ms]
2024-10-07 20:54:55.904 [info] > git for-each-ref --sort -committerdate --format %(refname) %(objectname) %(*objectname) [12ms]
2024-10-07 20:54:55.909 [info] > git for-each-ref --sort -committerdate --format %(refname) %(objectname) %(*objectname) [6ms]
2024-10-07 20:54:55.955 [info] > git status -z -uall [58ms]
2024-10-07 20:55:09.825 [info] > git config --get commit.template [6ms]
2024-10-07 20:55:09.826 [info] > git config --get commit.template [13ms]
2024-10-07 20:55:09.830 [info] [Git][getRemotes] No remotes found in the git config file
2024-10-07 20:55:09.835 [info] > git for-each-ref --format=%(refname)%00%(upstream:short)%00%(objectname)%00%(upstream:track)%00%(upstream:remotename)%00%(upstream:remoteref) refs/heads/main refs/remotes/main [5ms]
2024-10-07 20:55:09.836 [info] > git for-each-ref --format=%(refname)%00%(upstream:short)%00%(objectname)%00%(upstream:track)%00%(upstream:remotename)%00%(upstream:remoteref) refs/heads/main refs/remotes/main [2ms]
2024-10-07 20:55:09.850 [info] > git status -z -uall [8ms]
2024-10-07 20:55:09.851 [info] > git for-each-ref --sort -committerdate --format %(refname) %(objectname) %(*objectname) [3ms]
2024-10-07 20:55:09.867 [info] > git for-each-ref --sort -committerdate --format %(refname) %(objectname) %(*objectname) [3ms]
2024-10-07 20:55:09.935 [info] > git status -z -uall [76ms]
2024-10-07 20:55:29.423 [info] > git show --textconv :_layouts/default.html [5ms]
2024-10-07 20:55:29.424 [info] > git ls-files --stage -- /root/repos/_layouts/default.html [2ms]
2024-10-07 20:55:29.429 [info] > git cat-file -s 1e975fc8c8679969144017868bb61f9ec1561391 [2ms]
2024-10-07 20:55:31.864 [info] > git config --get commit.template [4ms]
2024-10-07 20:55:31.864 [info] > git config --get commit.template [2ms]
2024-10-07 20:55:31.872 [info] [Git][getRemotes] No remotes found in the git config file
2024-10-07 20:55:31.873 [info] > git for-each-ref --format=%(refname)%00%(upstream:short)%00%(objectname)%00%(upstream:track)%00%(upstream:remotename)%00%(upstream:remoteref) refs/heads/main refs/remotes/main [5ms]
2024-10-07 20:55:31.874 [info] > git for-each-ref --format=%(refname)%00%(upstream:short)%00%(objectname)%00%(upstream:track)%00%(upstream:remotename)%00%(upstream:remoteref) refs/heads/main refs/remotes/main [2ms]
2024-10-07 20:55:31.894 [info] > git status -z -uall [17ms]
2024-10-07 20:55:31.894 [info] > git for-each-ref --sort -committerdate --format %(refname) %(objectname) %(*objectname) [14ms]
2024-10-07 20:55:31.898 [info] > git for-each-ref --sort -committerdate --format %(refname) %(objectname) %(*objectname) [7ms]
2024-10-07 20:55:31.945 [info] > git status -z -uall [59ms]
2024-10-07 20:55:51.231 [info] > git config --get commit.template [6ms]
2024-10-07 20:55:51.238 [info] [Git][getRemotes] No remotes found in the git config file
2024-10-07 20:55:51.239 [info] > git config --get commit.template [11ms]
2024-10-07 20:55:51.241 [info] > git for-each-ref --format=%(refname)%00%(upstream:short)%00%(objectname)%00%(upstream:track)%00%(upstream:remotename)%00%(upstream:remoteref) refs/heads/main refs/remotes/main [2ms]
2024-10-07 20:55:51.249 [info] > git for-each-ref --format=%(refname)%00%(upstream:short)%00%(objectname)%00%(upstream:track)%00%(upstream:remotename)%00%(upstream:remoteref) refs/heads/main refs/remotes/main [15ms]
2024-10-07 20:55:51.252 [info] > git status -z -uall [7ms]
2024-10-07 20:55:51.253 [info] > git for-each-ref --sort -committerdate --format %(refname) %(objectname) %(*objectname) [4ms]
2024-10-07 20:55:51.270 [info] > git for-each-ref --sort -committerdate --format %(refname) %(objectname) %(*objectname) [6ms]
2024-10-07 20:55:51.320 [info] > git status -z -uall [61ms]
2024-10-07 20:56:00.967 [info] > git show --textconv :index.html [4ms]
2024-10-07 20:56:00.969 [info] > git ls-files --stage -- /root/repos/index.html [3ms]
2024-10-07 20:56:00.974 [info] > git cat-file -s 036c4360008bc2fb62d7bce6cadbe91bde8991b8 [1ms]
2024-10-07 20:56:03.423 [info] > git config --get commit.template [3ms]
2024-10-07 20:56:03.423 [info] > git config --get commit.template [6ms]
2024-10-07 20:56:03.431 [info] [Git][getRemotes] No remotes found in the git config file
2024-10-07 20:56:03.432 [info] > git for-each-ref --format=%(refname)%00%(upstream:short)%00%(objectname)%00%(upstream:track)%00%(upstream:remotename)%00%(upstream:remoteref) refs/heads/main refs/remotes/main [5ms]
2024-10-07 20:56:03.432 [info] > git for-each-ref --format=%(refname)%00%(upstream:short)%00%(objectname)%00%(upstream:track)%00%(upstream:remotename)%00%(upstream:remoteref) refs/heads/main refs/remotes/main [1ms]
2024-10-07 20:56:03.449 [info] > git status -z -uall [13ms]
2024-10-07 20:56:03.451 [info] > git for-each-ref --sort -committerdate --format %(refname) %(objectname) %(*objectname) [12ms]
2024-10-07 20:56:03.455 [info] > git for-each-ref --sort -committerdate --format %(refname) %(objectname) %(*objectname) [6ms]
2024-10-07 20:56:03.502 [info] > git status -z -uall [58ms]
2024-10-07 20:56:44.913 [info] > git show --textconv :_layouts/default.html [4ms]
2024-10-07 20:56:44.914 [info] > git ls-files --stage -- /root/repos/_layouts/default.html [3ms]
2024-10-07 20:56:44.918 [info] > git cat-file -s 1e975fc8c8679969144017868bb61f9ec1561391 [1ms]
2024-10-07 20:56:47.015 [info] > git show --textconv :index.html [4ms]
2024-10-07 20:56:47.016 [info] > git ls-files --stage -- /root/repos/index.html [2ms]
2024-10-07 20:56:47.022 [info] > git cat-file -s 036c4360008bc2fb62d7bce6cadbe91bde8991b8 [2ms]
2024-10-07 20:56:50.249 [info] > git show --textconv :_layouts/default.html [5ms]
2024-10-07 20:56:50.251 [info] > git ls-files --stage -- /root/repos/_layouts/default.html [2ms]
2024-10-07 20:56:50.255 [info] > git cat-file -s 1e975fc8c8679969144017868bb61f9ec1561391 [1ms]
2024-10-07 20:56:58.601 [info] > git config --get commit.template [6ms]
2024-10-07 20:56:58.607 [info] [Git][getRemotes] No remotes found in the git config file
2024-10-07 20:56:58.608 [info] > git config --get commit.template [8ms]
2024-10-07 20:56:58.608 [info] > git for-each-ref --format=%(refname)%00%(upstream:short)%00%(objectname)%00%(upstream:track)%00%(upstream:remotename)%00%(upstream:remoteref) refs/heads/main refs/remotes/main [4ms]
2024-10-07 20:56:58.609 [info] > git for-each-ref --format=%(refname)%00%(upstream:short)%00%(objectname)%00%(upstream:track)%00%(upstream:remotename)%00%(upstream:remoteref) refs/heads/main refs/remotes/main [2ms]
2024-10-07 20:56:58.627 [info] > git status -z -uall [16ms]
2024-10-07 20:56:58.627 [info] > git for-each-ref --sort -committerdate --format %(refname) %(objectname) %(*objectname) [4ms]
2024-10-07 20:56:58.628 [info] > git for-each-ref --sort -committerdate --format %(refname) %(objectname) %(*objectname) [14ms]
2024-10-07 20:56:58.676 [info] > git status -z -uall [57ms]
2024-10-07 20:57:17.260 [info] > git show --textconv :_site/index.html [6ms]
2024-10-07 20:57:17.262 [info] > git ls-files --stage -- /root/repos/_site/index.html [3ms]
2024-10-07 20:57:17.267 [info] > git cat-file -s 4edebde93737cbec8ce6d1886515417ea8a549ce [2ms]
2024-10-07 20:57:37.578 [info] > git config --get commit.template [5ms]
2024-10-07 20:57:37.579 [info] > git config --get commit.template [2ms]
2024-10-07 20:57:37.586 [info] [Git][getRemotes] No remotes found in the git config file
2024-10-07 20:57:37.587 [info] > git for-each-ref --format=%(refname)%00%(upstream:short)%00%(objectname)%00%(upstream:track)%00%(upstream:remotename)%00%(upstream:remoteref) refs/heads/main refs/remotes/main [5ms]
2024-10-07 20:57:37.587 [info] > git for-each-ref --format=%(refname)%00%(upstream:short)%00%(objectname)%00%(upstream:track)%00%(upstream:remotename)%00%(upstream:remoteref) refs/heads/main refs/remotes/main [2ms]
2024-10-07 20:57:37.597 [info] > git status -z -uall [6ms]
2024-10-07 20:57:37.598 [info] > git for-each-ref --sort -committerdate --format %(refname) %(objectname) %(*objectname) [3ms]
2024-10-07 20:57:37.613 [info] > git for-each-ref --sort -committerdate --format %(refname) %(objectname) %(*objectname) [3ms]
2024-10-07 20:57:37.662 [info] > git status -z -uall [58ms]
2024-10-07 20:58:02.952 [info] > git config --get commit.template [5ms]
2024-10-07 20:58:02.953 [info] > git config --get commit.template [1ms]
2024-10-07 20:58:02.960 [info] [Git][getRemotes] No remotes found in the git config file
2024-10-07 20:58:02.962 [info] > git for-each-ref --format=%(refname)%00%(upstream:short)%00%(objectname)%00%(upstream:track)%00%(upstream:remotename)%00%(upstream:remoteref) refs/heads/main refs/remotes/main [2ms]
2024-10-07 20:58:02.969 [info] > git for-each-ref --format=%(refname)%00%(upstream:short)%00%(objectname)%00%(upstream:track)%00%(upstream:remotename)%00%(upstream:remoteref) refs/heads/main refs/remotes/main [13ms]
2024-10-07 20:58:02.970 [info] > git status -z -uall [5ms]
2024-10-07 20:58:02.971 [info] > git for-each-ref --sort -committerdate --format %(refname) %(objectname) %(*objectname) [2ms]
2024-10-07 20:58:02.986 [info] > git for-each-ref --sort -committerdate --format %(refname) %(objectname) %(*objectname) [4ms]
2024-10-07 20:58:03.037 [info] > git status -z -uall [57ms]
2024-10-07 20:58:03.931 [info] > git show --textconv :_layouts/default.html [5ms]
2024-10-07 20:58:03.932 [info] > git ls-files --stage -- /root/repos/_layouts/default.html [2ms]
2024-10-07 20:58:03.937 [info] > git cat-file -s 1e975fc8c8679969144017868bb61f9ec1561391 [2ms]
2024-10-07 20:58:04.844 [info] > git show --textconv :_site/index.html [4ms]
2024-10-07 20:58:04.845 [info] > git ls-files --stage -- /root/repos/_site/index.html [2ms]
2024-10-07 20:58:04.850 [info] > git cat-file -s 4edebde93737cbec8ce6d1886515417ea8a549ce [2ms]
2024-10-07 20:58:06.892 [info] > git show --textconv :_layouts/default.html [7ms]
2024-10-07 20:58:06.893 [info] > git ls-files --stage -- /root/repos/_layouts/default.html [4ms]
2024-10-07 20:58:06.898 [info] > git cat-file -s 1e975fc8c8679969144017868bb61f9ec1561391 [2ms]
2024-10-07 20:58:09.221 [info] > git config --get commit.template [7ms]
2024-10-07 20:58:09.224 [info] > git config --get commit.template [4ms]
2024-10-07 20:58:09.236 [info] [Git][getRemotes] No remotes found in the git config file
2024-10-07 20:58:09.238 [info] > git for-each-ref --format=%(refname)%00%(upstream:short)%00%(objectname)%00%(upstream:track)%00%(upstream:remotename)%00%(upstream:remoteref) refs/heads/main refs/remotes/main [8ms]
2024-10-07 20:58:09.239 [info] > git for-each-ref --format=%(refname)%00%(upstream:short)%00%(objectname)%00%(upstream:track)%00%(upstream:remotename)%00%(upstream:remoteref) refs/heads/main refs/remotes/main [3ms]
2024-10-07 20:58:09.253 [info] > git status -z -uall [7ms]
2024-10-07 20:58:09.271 [info] > git for-each-ref --sort -committerdate --format %(refname) %(objectname) %(*objectname) [19ms]
2024-10-07 20:58:09.276 [info] > git for-each-ref --sort -committerdate --format %(refname) %(objectname) %(*objectname) [11ms]
2024-10-07 20:58:09.336 [info] > git status -z -uall [78ms]
2024-10-07 20:59:54.994 [info] > git show --textconv :_site/index.html [5ms]
2024-10-07 20:59:54.995 [info] > git ls-files --stage -- /root/repos/_site/index.html [2ms]
2024-10-07 20:59:55.000 [info] > git cat-file -s 4edebde93737cbec8ce6d1886515417ea8a549ce [2ms]
2024-10-07 21:00:19.009 [info] > git config --get commit.template [7ms]
2024-10-07 21:00:19.010 [info] > git config --get commit.template [2ms]
2024-10-07 21:00:19.017 [info] [Git][getRemotes] No remotes found in the git config file
2024-10-07 21:00:19.017 [info] > git for-each-ref --format=%(refname)%00%(upstream:short)%00%(objectname)%00%(upstream:track)%00%(upstream:remotename)%00%(upstream:remoteref) refs/heads/main refs/remotes/main [4ms]
2024-10-07 21:00:19.018 [info] > git for-each-ref --format=%(refname)%00%(upstream:short)%00%(objectname)%00%(upstream:track)%00%(upstream:remotename)%00%(upstream:remoteref) refs/heads/main refs/remotes/main [2ms]
2024-10-07 21:00:19.027 [info] > git status -z -uall [5ms]
2024-10-07 21:00:19.028 [info] > git for-each-ref --sort -committerdate --format %(refname) %(objectname) %(*objectname) [2ms]
2024-10-07 21:00:19.043 [info] > git for-each-ref --sort -committerdate --format %(refname) %(objectname) %(*objectname) [4ms]
2024-10-07 21:00:19.099 [info] > git status -z -uall [66ms]
2024-10-07 21:00:24.040 [info] [Git][getRemotes] No remotes found in the git config file
2024-10-07 21:00:24.040 [info] > git config --get commit.template [4ms]
2024-10-07 21:00:24.041 [info] > git for-each-ref --format=%(refname)%00%(upstream:short)%00%(objectname)%00%(upstream:track)%00%(upstream:remotename)%00%(upstream:remoteref) refs/heads/main refs/remotes/main [2ms]
2024-10-07 21:00:24.048 [info] > git status -z -uall [4ms]
2024-10-07 21:00:24.049 [info] > git for-each-ref --sort -committerdate --format %(refname) %(objectname) %(*objectname) [2ms]
2024-10-07 21:00:24.117 [info] > git config --get commit.template [5ms]
2024-10-07 21:00:24.118 [info] > git for-each-ref --format=%(refname)%00%(upstream:short)%00%(objectname)%00%(upstream:track)%00%(upstream:remotename)%00%(upstream:remoteref) refs/heads/main refs/remotes/main [2ms]
2024-10-07 21:00:24.129 [info] > git for-each-ref --sort -committerdate --format %(refname) %(objectname) %(*objectname) [3ms]
2024-10-07 21:00:24.179 [info] > git status -z -uall [57ms]
2024-10-07 21:00:31.674 [info] > git config --get commit.template [7ms]
2024-10-07 21:00:31.680 [info] > git config --get commit.template [7ms]
2024-10-07 21:00:31.684 [info] [Git][getRemotes] No remotes found in the git config file
2024-10-07 21:00:31.686 [info] > git for-each-ref --format=%(refname)%00%(upstream:short)%00%(objectname)%00%(upstream:track)%00%(upstream:remotename)%00%(upstream:remoteref) refs/heads/main refs/remotes/main [7ms]
2024-10-07 21:00:31.687 [info] > git for-each-ref --format=%(refname)%00%(upstream:short)%00%(objectname)%00%(upstream:track)%00%(upstream:remotename)%00%(upstream:remoteref) refs/heads/main refs/remotes/main [3ms]
2024-10-07 21:00:31.696 [info] > git status -z -uall [6ms]
2024-10-07 21:00:31.698 [info] > git for-each-ref --sort -committerdate --format %(refname) %(objectname) %(*objectname) [2ms]
2024-10-07 21:00:31.714 [info] > git for-each-ref --sort -committerdate --format %(refname) %(objectname) %(*objectname) [3ms]
2024-10-07 21:00:31.764 [info] > git status -z -uall [59ms]
2024-10-07 21:00:48.591 [info] > git show --textconv :index.html [5ms]
2024-10-07 21:00:48.592 [info] > git ls-files --stage -- /root/repos/index.html [3ms]
2024-10-07 21:00:48.597 [info] > git cat-file -s 036c4360008bc2fb62d7bce6cadbe91bde8991b8 [2ms]
2024-10-07 21:01:32.510 [info] > git show --textconv :_site/index.html [7ms]
2024-10-07 21:01:32.511 [info] > git ls-files --stage -- /root/repos/_site/index.html [2ms]
2024-10-07 21:01:32.516 [info] > git cat-file -s 4edebde93737cbec8ce6d1886515417ea8a549ce [2ms]
2024-10-07 21:01:33.806 [info] > git show --textconv :index.html [4ms]
2024-10-07 21:01:33.808 [info] > git ls-files --stage -- /root/repos/index.html [3ms]
2024-10-07 21:01:33.813 [info] > git cat-file -s 036c4360008bc2fb62d7bce6cadbe91bde8991b8 [2ms]
2024-10-07 21:02:10.091 [info] > git show --textconv :_layouts/default.html [4ms]
2024-10-07 21:02:10.092 [info] > git ls-files --stage -- /root/repos/_layouts/default.html [2ms]
2024-10-07 21:02:10.097 [info] > git cat-file -s 1e975fc8c8679969144017868bb61f9ec1561391 [1ms]
2024-10-07 21:02:15.016 [info] > git show --textconv :index.html [3ms]
2024-10-07 21:02:15.017 [info] > git ls-files --stage -- /root/repos/index.html [1ms]
2024-10-07 21:02:15.022 [info] > git cat-file -s 036c4360008bc2fb62d7bce6cadbe91bde8991b8 [2ms]
2024-10-07 21:12:38.197 [info] > git config --get commit.template [3ms]
2024-10-07 21:12:38.203 [info] [Git][getRemotes] No remotes found in the git config file
2024-10-07 21:12:38.208 [info] > git for-each-ref --format=%(refname)%00%(upstream:short)%00%(objectname)%00%(upstream:track)%00%(upstream:remotename)%00%(upstream:remoteref) refs/heads/main refs/remotes/main [5ms]
2024-10-07 21:12:38.223 [info] > git for-each-ref --sort -committerdate --format %(refname) %(objectname) %(*objectname) [5ms]
2024-10-07 21:12:38.228 [info] > git status -z -uall [14ms]
2024-10-07 21:12:39.297 [info] > git config --get commit.template [2ms]
2024-10-07 21:12:39.301 [info] [Git][getRemotes] No remotes found in the git config file
2024-10-07 21:12:39.302 [info] > git for-each-ref --format=%(refname)%00%(upstream:short)%00%(objectname)%00%(upstream:track)%00%(upstream:remotename)%00%(upstream:remoteref) refs/heads/main refs/remotes/main [1ms]
2024-10-07 21:12:39.310 [info] > git status -z -uall [5ms]
2024-10-07 21:12:39.311 [info] > git for-each-ref --sort -committerdate --format %(refname) %(objectname) %(*objectname) [1ms]
2024-10-07 21:12:39.405 [info] > git ls-files --stage -- /root/repos/index.html [3ms]
2024-10-07 21:12:39.410 [info] > git cat-file -s bdb3ce1f87c903b6b2d8e2423305a55983b45748 [1ms]
2024-10-07 21:12:39.467 [info] > git show --textconv :index.html [2ms]
2024-10-07 21:13:06.010 [info] [Git][getRemotes] No remotes found in the git config file
2024-10-07 21:13:06.011 [info] > git config --get commit.template [6ms]
2024-10-07 21:13:06.012 [info] > git for-each-ref --format=%(refname)%00%(upstream:short)%00%(objectname)%00%(upstream:track)%00%(upstream:remotename)%00%(upstream:remoteref) refs/heads/main refs/remotes/main [2ms]
2024-10-07 21:13:06.022 [info] > git status -z -uall [7ms]
2024-10-07 21:13:06.023 [info] > git for-each-ref --sort -committerdate --format %(refname) %(objectname) %(*objectname) [4ms]
2024-10-07 21:13:07.133 [info] > git ls-files --stage -- /root/repos/index.html [1ms]
2024-10-07 21:13:07.138 [info] > git cat-file -s bdb3ce1f87c903b6b2d8e2423305a55983b45748 [2ms]
2024-10-07 21:13:07.148 [info] > git show --textconv :index.html [2ms]
2024-10-07 21:15:21.719 [info] > git config --get commit.template [4ms]
2024-10-07 21:15:21.723 [info] > git for-each-ref --format=%(refname)%00%(upstream:short)%00%(objectname)%00%(upstream:track)%00%(upstream:remotename)%00%(upstream:remoteref) refs/heads/main refs/remotes/main [5ms]
2024-10-07 21:15:21.734 [info] > git for-each-ref --sort -committerdate --format %(refname) %(objectname) %(*objectname) [2ms]
2024-10-07 21:15:22.568 [info] > git status -z -uall [841ms]
