2024-09-16 21:11:46.207 [info] [main] ログ レベル: Info
2024-09-16 21:11:46.207 [info] [main] Git の検証が検出されました: "git"
2024-09-16 21:11:46.207 [info] [main] "git" から Git "2.34.1" を使用しています
2024-09-16 21:11:46.207 [info] [Model][doInitialScan] Initial repository scan started
2024-09-16 21:11:46.221 [info] > git rev-parse --show-toplevel [17ms]
2024-09-16 21:11:46.252 [info] > git rev-parse --git-dir --git-common-dir [19ms]
2024-09-16 21:11:46.293 [info] [Model][openRepository] Opened repository: /root
2024-09-16 21:11:46.321 [info] [Git][getRemotes] No remotes found in the git config file
2024-09-16 21:11:46.324 [info] > git rev-parse --show-toplevel [10ms]
2024-09-16 21:11:46.328 [info] > git config --get commit.template [23ms]
2024-09-16 21:11:46.338 [info] > git for-each-ref --format=%(refname)%00%(upstream:short)%00%(objectname)%00%(upstream:track)%00%(upstream:remotename)%00%(upstream:remoteref) refs/heads/main refs/remotes/main [17ms]
2024-09-16 21:11:46.351 [info] > git rev-parse --show-toplevel [15ms]
2024-09-16 21:11:46.362 [info] > git rev-parse --show-toplevel [3ms]
2024-09-16 21:11:46.380 [info] > git rev-parse --show-toplevel [12ms]
2024-09-16 21:11:46.414 [info] > git rev-parse --show-toplevel [25ms]
2024-09-16 21:11:46.427 [info] > git rev-parse --git-dir --git-common-dir [3ms]
2024-09-16 21:11:46.447 [info] [Model][openRepository] Opened repository: /root/.rbenv
2024-09-16 21:11:46.474 [info] > git config --get commit.template [11ms]
2024-09-16 21:11:46.478 [info] > git rev-parse --show-toplevel [11ms]
2024-09-16 21:11:46.519 [info] > git rev-parse --show-toplevel [3ms]
2024-09-16 21:11:46.534 [info] > git for-each-ref --format=%(refname)%00%(upstream:short)%00%(objectname)%00%(upstream:track)%00%(upstream:remotename)%00%(upstream:remoteref) refs/heads/master refs/remotes/master [49ms]
2024-09-16 21:11:46.542 [warning] [Git][revParse] Unable to read file: ENOENT: no such file or directory, open '/root/.rbenv/.git/refs/remotes/origin/master'
2024-09-16 21:11:46.550 [info] > git rev-parse refs/remotes/origin/master [11ms]
2024-09-16 21:11:46.557 [info] > git rev-parse --show-toplevel [24ms]
2024-09-16 21:11:46.589 [info] > git rev-parse --show-toplevel [24ms]
2024-09-16 21:11:46.605 [info] > git status -z -uall [49ms]
2024-09-16 21:11:46.605 [info] > git rev-parse --show-toplevel [7ms]
2024-09-16 21:11:46.652 [info] > git for-each-ref --format=%(refname)%00%(upstream:short)%00%(objectname)%00%(upstream:track)%00%(upstream:remotename)%00%(upstream:remoteref) refs/heads/master refs/remotes/master [32ms]
2024-09-16 21:11:46.661 [info] > git rev-parse --show-toplevel [17ms]
2024-09-16 21:11:46.663 [info] > git config --local branch.master.vscode-merge-base [5ms]
2024-09-16 21:11:46.679 [info] > git rev-parse --show-toplevel [3ms]
2024-09-16 21:11:46.694 [info] [Model][doInitialScan] Initial repository scan completed - repositories (2), closed repositories (0), parent repositories (0), unsafe repositories (0)
2024-09-16 21:11:46.743 [info] > git show --textconv 1fcb9881648c902d72556e3becde73790f4dbcfc:libexec/rbenv-init [43ms]
2024-09-16 21:11:46.743 [info] > git show --textconv af03af9593907d764708a585a114f6027a16fdbd:libexec/rbenv-init [38ms]
2024-09-16 21:11:46.743 [info] > git show --textconv 1fcb9881648c902d72556e3becde73790f4dbcfc:test/init.bats [32ms]
2024-09-16 21:11:46.744 [info] > git show --textconv af03af9593907d764708a585a114f6027a16fdbd:test/init.bats [27ms]
2024-09-16 21:11:46.744 [info] > git ls-tree -l 1fcb9881648c902d72556e3becde73790f4dbcfc -- /root/.rbenv/test/init.bats [13ms]
2024-09-16 21:11:46.746 [info] > git ls-tree -l af03af9593907d764708a585a114f6027a16fdbd -- /root/.rbenv/libexec/rbenv-init [20ms]
2024-09-16 21:11:46.748 [info] > git ls-tree -l 1fcb9881648c902d72556e3becde73790f4dbcfc -- /root/.rbenv/libexec/rbenv-init [26ms]
2024-09-16 21:11:46.758 [info] > git for-each-ref --format=%(refname)%00%(upstream:short)%00%(objectname)%00%(upstream:track)%00%(upstream:remotename)%00%(upstream:remoteref) refs/heads/origin/master refs/remotes/origin/master [87ms]
2024-09-16 21:11:46.776 [info] > git merge-base refs/heads/master refs/remotes/origin/master [10ms]
2024-09-16 21:11:46.782 [info] > git ls-tree -l af03af9593907d764708a585a114f6027a16fdbd -- /root/.rbenv/test/init.bats [46ms]
2024-09-16 21:11:46.793 [info] > git rev-list --count --left-right refs/heads/master...refs/remotes/origin/master [10ms]
2024-09-16 21:11:46.805 [info] > git diff --name-status -z --diff-filter=ADMR c335ab83de40d48093870d300de52c61bbd68359...refs/remotes/origin/master [5ms]
2024-09-16 21:11:47.214 [info] > git status -z -uall [865ms]
2024-09-16 21:11:47.214 [info] > git check-ignore -v -z --stdin [30ms]
2024-09-16 21:11:47.310 [info] > git check-ignore -v -z --stdin [120ms]
2024-09-16 21:11:47.313 [info] > git for-each-ref --format=%(refname)%00%(upstream:short)%00%(objectname)%00%(upstream:track)%00%(upstream:remotename)%00%(upstream:remoteref) refs/heads/main refs/remotes/main [67ms]
2024-09-16 21:11:47.330 [info] > git config --get commit.template [118ms]
2024-09-16 21:11:47.499 [info] > git config --local branch.main.vscode-merge-base [170ms]
2024-09-16 21:11:47.501 [warning] [Git][config] git config failed: Failed to execute git
2024-09-16 21:11:47.508 [info] > git config --get commit.template [200ms]
2024-09-16 21:11:47.572 [info] > git reflog main --grep-reflog=branch: Created from *. [64ms]
2024-09-16 21:11:47.583 [info] [Git][getRemotes] No remotes found in the git config file
2024-09-16 21:11:47.586 [info] > git for-each-ref --format=%(refname)%00%(upstream:short)%00%(objectname)%00%(upstream:track)%00%(upstream:remotename)%00%(upstream:remoteref) refs/heads/master refs/remotes/master [17ms]
2024-09-16 21:11:47.596 [warning] [Git][revParse] Unable to read file: ENOENT: no such file or directory, open '/root/.rbenv/.git/refs/remotes/origin/master'
2024-09-16 21:11:47.599 [info] > git for-each-ref --format=%(refname)%00%(upstream:short)%00%(objectname)%00%(upstream:track)%00%(upstream:remotename)%00%(upstream:remoteref) refs/heads/main refs/remotes/main [16ms]
2024-09-16 21:11:47.605 [info] > git symbolic-ref --short refs/remotes/origin/HEAD [28ms]
2024-09-16 21:11:47.605 [info] fatal: ref refs/remotes/origin/HEAD is not a symbolic ref
2024-09-16 21:11:47.607 [info] > git rev-parse refs/remotes/origin/master [13ms]
2024-09-16 21:11:47.630 [info] > git status -z -uall [9ms]
2024-09-16 21:11:47.648 [info] > git for-each-ref --format=%(refname)%00%(upstream:short)%00%(objectname)%00%(upstream:track)%00%(upstream:remotename)%00%(upstream:remoteref) refs/heads/master refs/remotes/master [5ms]
2024-09-16 21:11:47.661 [info] > git config --local branch.master.vscode-merge-base [2ms]
2024-09-16 21:11:47.673 [info] > git for-each-ref --format=%(refname)%00%(upstream:short)%00%(objectname)%00%(upstream:track)%00%(upstream:remotename)%00%(upstream:remoteref) refs/heads/origin/master refs/remotes/origin/master [4ms]
2024-09-16 21:11:47.705 [info] > git status -z -uall [101ms]
2024-09-16 21:11:47.723 [info] > git for-each-ref --format=%(refname)%00%(upstream:short)%00%(objectname)%00%(upstream:track)%00%(upstream:remotename)%00%(upstream:remoteref) refs/heads/main refs/remotes/main [9ms]
2024-09-16 21:11:47.730 [info] > git config --local branch.main.vscode-merge-base [2ms]
2024-09-16 21:11:47.730 [warning] [Git][config] git config failed: Failed to execute git
2024-09-16 21:11:47.756 [info] > git reflog main --grep-reflog=branch: Created from *. [16ms]
2024-09-16 21:11:47.764 [info] > git symbolic-ref --short refs/remotes/origin/HEAD [3ms]
2024-09-16 21:11:47.764 [info] fatal: ref refs/remotes/origin/HEAD is not a symbolic ref
2024-09-16 21:11:58.914 [info] > git check-ignore -v -z --stdin [2ms]
2024-09-16 21:12:01.720 [info] > git check-ignore -v -z --stdin [6ms]
2024-09-16 21:12:49.846 [info] > git check-ignore -v -z --stdin [8ms]
2024-09-16 21:12:51.338 [info] > git check-ignore -v -z --stdin [5ms]
2024-09-16 21:12:55.533 [info] > git show --textconv :repos/sample_website/index.html [7ms]
2024-09-16 21:12:55.689 [info] > git ls-files --stage -- /root/repos/sample_website/index.html [159ms]
2024-09-16 21:12:55.716 [info] > git cat-file -s 6a3972221f43dac1f8f101b5067d69d2c14052ef [24ms]
2024-09-16 21:13:04.407 [info] > git config --get commit.template [6ms]
2024-09-16 21:13:04.407 [info] [Git][getRemotes] No remotes found in the git config file
2024-09-16 21:13:04.412 [info] > git for-each-ref --format=%(refname)%00%(upstream:short)%00%(objectname)%00%(upstream:track)%00%(upstream:remotename)%00%(upstream:remoteref) refs/heads/main refs/remotes/main [2ms]
2024-09-16 21:13:04.472 [info] > git status -z -uall [56ms]
2024-09-16 21:13:04.479 [info] > git for-each-ref --format=%(refname)%00%(upstream:short)%00%(objectname)%00%(upstream:track)%00%(upstream:remotename)%00%(upstream:remoteref) refs/heads/main refs/remotes/main [3ms]
2024-09-16 21:13:04.485 [info] > git config --local branch.main.vscode-merge-base [1ms]
2024-09-16 21:13:04.485 [warning] [Git][config] git config failed: Failed to execute git
2024-09-16 21:13:04.492 [info] > git reflog main --grep-reflog=branch: Created from *. [4ms]
2024-09-16 21:13:04.498 [info] > git symbolic-ref --short refs/remotes/origin/HEAD [2ms]
2024-09-16 21:13:04.498 [info] fatal: ref refs/remotes/origin/HEAD is not a symbolic ref
2024-09-16 21:13:45.193 [info] [Git][getRemotes] No remotes found in the git config file
2024-09-16 21:13:45.194 [info] > git config --get commit.template [5ms]
2024-09-16 21:13:45.194 [info] > git for-each-ref --format=%(refname)%00%(upstream:short)%00%(objectname)%00%(upstream:track)%00%(upstream:remotename)%00%(upstream:remoteref) refs/heads/main refs/remotes/main [2ms]
2024-09-16 21:13:45.245 [info] > git status -z -uall [46ms]
2024-09-16 21:13:45.256 [info] > git for-each-ref --format=%(refname)%00%(upstream:short)%00%(objectname)%00%(upstream:track)%00%(upstream:remotename)%00%(upstream:remoteref) refs/heads/main refs/remotes/main [7ms]
2024-09-16 21:13:45.262 [info] > git config --local branch.main.vscode-merge-base [2ms]
2024-09-16 21:13:45.262 [warning] [Git][config] git config failed: Failed to execute git
2024-09-16 21:13:45.268 [info] > git reflog main --grep-reflog=branch: Created from *. [2ms]
2024-09-16 21:13:45.275 [info] > git symbolic-ref --short refs/remotes/origin/HEAD [3ms]
2024-09-16 21:13:45.275 [info] fatal: ref refs/remotes/origin/HEAD is not a symbolic ref
2024-09-16 21:14:35.318 [info] > git ls-tree -l 1fcb9881648c902d72556e3becde73790f4dbcfc -- /root/.rbenv/libexec/rbenv-init [6ms]
2024-09-16 21:14:35.321 [info] > git ls-tree -l af03af9593907d764708a585a114f6027a16fdbd -- /root/.rbenv/libexec/rbenv-init [5ms]
2024-09-16 21:14:42.433 [info] > git ls-tree -l 1fcb9881648c902d72556e3becde73790f4dbcfc -- /root/.rbenv/libexec/rbenv-init [12ms]
2024-09-16 21:14:42.441 [info] > git ls-tree -l af03af9593907d764708a585a114f6027a16fdbd -- /root/.rbenv/libexec/rbenv-init [13ms]
2024-09-16 21:15:05.707 [info] > git ls-tree -l 1fcb9881648c902d72556e3becde73790f4dbcfc -- /root/.rbenv/libexec/rbenv-init [9ms]
2024-09-16 21:15:05.709 [info] > git ls-tree -l af03af9593907d764708a585a114f6027a16fdbd -- /root/.rbenv/libexec/rbenv-init [6ms]
2024-09-16 21:15:26.132 [info] > git ls-tree -l 1fcb9881648c902d72556e3becde73790f4dbcfc -- /root/.rbenv/libexec/rbenv-init [6ms]
2024-09-16 21:15:26.134 [info] > git ls-tree -l af03af9593907d764708a585a114f6027a16fdbd -- /root/.rbenv/libexec/rbenv-init [4ms]
2024-09-16 21:15:47.747 [info] > git config --get commit.template [5ms]
2024-09-16 21:15:47.747 [info] > git for-each-ref --format=%(refname)%00%(upstream:short)%00%(objectname)%00%(upstream:track)%00%(upstream:remotename)%00%(upstream:remoteref) refs/heads/main refs/remotes/main [2ms]
2024-09-16 21:15:47.799 [info] > git status -z -uall [49ms]
2024-09-16 21:15:47.806 [info] > git for-each-ref --format=%(refname)%00%(upstream:short)%00%(objectname)%00%(upstream:track)%00%(upstream:remotename)%00%(upstream:remoteref) refs/heads/main refs/remotes/main [3ms]
2024-09-16 21:15:47.812 [info] > git config --local branch.main.vscode-merge-base [2ms]
2024-09-16 21:15:47.812 [warning] [Git][config] git config failed: Failed to execute git
2024-09-16 21:15:47.820 [info] > git reflog main --grep-reflog=branch: Created from *. [4ms]
2024-09-16 21:15:47.829 [info] > git symbolic-ref --short refs/remotes/origin/HEAD [3ms]
2024-09-16 21:15:47.829 [info] fatal: ref refs/remotes/origin/HEAD is not a symbolic ref
2024-09-16 21:15:54.670 [info] > git config --get commit.template [2ms]
2024-09-16 21:15:54.676 [info] > git for-each-ref --format=%(refname)%00%(upstream:short)%00%(objectname)%00%(upstream:track)%00%(upstream:remotename)%00%(upstream:remoteref) refs/heads/main refs/remotes/main [3ms]
2024-09-16 21:15:54.733 [info] > git status -z -uall [53ms]
2024-09-16 21:15:54.742 [info] > git for-each-ref --format=%(refname)%00%(upstream:short)%00%(objectname)%00%(upstream:track)%00%(upstream:remotename)%00%(upstream:remoteref) refs/heads/main refs/remotes/main [4ms]
2024-09-16 21:15:54.748 [info] > git config --local branch.main.vscode-merge-base [1ms]
2024-09-16 21:15:54.748 [warning] [Git][config] git config failed: Failed to execute git
2024-09-16 21:15:54.754 [info] > git reflog main --grep-reflog=branch: Created from *. [3ms]
2024-09-16 21:15:54.759 [info] > git symbolic-ref --short refs/remotes/origin/HEAD [2ms]
2024-09-16 21:15:54.759 [info] fatal: ref refs/remotes/origin/HEAD is not a symbolic ref
2024-09-16 21:16:36.956 [info] > git ls-tree -l af03af9593907d764708a585a114f6027a16fdbd -- /root/.rbenv/libexec/rbenv-init [3ms]
2024-09-16 21:16:36.959 [info] > git ls-tree -l 1fcb9881648c902d72556e3becde73790f4dbcfc -- /root/.rbenv/libexec/rbenv-init [15ms]
2024-09-16 21:17:04.643 [info] > git ls-tree -l 1fcb9881648c902d72556e3becde73790f4dbcfc -- /root/.rbenv/libexec/rbenv-init [8ms]
2024-09-16 21:17:04.646 [info] > git ls-tree -l af03af9593907d764708a585a114f6027a16fdbd -- /root/.rbenv/libexec/rbenv-init [4ms]
2024-09-16 21:17:27.646 [info] > git ls-tree -l 1fcb9881648c902d72556e3becde73790f4dbcfc -- /root/.rbenv/libexec/rbenv-init [13ms]
2024-09-16 21:17:27.651 [info] > git ls-tree -l af03af9593907d764708a585a114f6027a16fdbd -- /root/.rbenv/libexec/rbenv-init [9ms]
2024-09-16 21:17:46.746 [info] > git ls-tree -l 1fcb9881648c902d72556e3becde73790f4dbcfc -- /root/.rbenv/libexec/rbenv-init [11ms]
2024-09-16 21:17:46.750 [info] > git ls-tree -l af03af9593907d764708a585a114f6027a16fdbd -- /root/.rbenv/libexec/rbenv-init [8ms]
2024-09-16 21:18:16.946 [info] > git ls-tree -l 1fcb9881648c902d72556e3becde73790f4dbcfc -- /root/.rbenv/libexec/rbenv-init [7ms]
2024-09-16 21:18:16.948 [info] > git ls-tree -l af03af9593907d764708a585a114f6027a16fdbd -- /root/.rbenv/libexec/rbenv-init [4ms]
2024-09-16 21:18:25.786 [info] > git ls-tree -l 1fcb9881648c902d72556e3becde73790f4dbcfc -- /root/.rbenv/libexec/rbenv-init [8ms]
2024-09-16 21:18:25.791 [info] > git ls-tree -l af03af9593907d764708a585a114f6027a16fdbd -- /root/.rbenv/libexec/rbenv-init [7ms]
2024-09-16 21:18:51.966 [info] > git ls-tree -l 1fcb9881648c902d72556e3becde73790f4dbcfc -- /root/.rbenv/libexec/rbenv-init [11ms]
2024-09-16 21:18:51.968 [info] > git ls-tree -l af03af9593907d764708a585a114f6027a16fdbd -- /root/.rbenv/libexec/rbenv-init [5ms]
2024-09-16 21:18:57.328 [info] > git ls-tree -l 1fcb9881648c902d72556e3becde73790f4dbcfc -- /root/.rbenv/libexec/rbenv-init [16ms]
2024-09-16 21:18:57.330 [info] > git ls-tree -l af03af9593907d764708a585a114f6027a16fdbd -- /root/.rbenv/libexec/rbenv-init [4ms]
2024-09-16 21:19:34.671 [info] > git ls-tree -l 1fcb9881648c902d72556e3becde73790f4dbcfc -- /root/.rbenv/libexec/rbenv-init [11ms]
2024-09-16 21:19:34.673 [info] > git ls-tree -l af03af9593907d764708a585a114f6027a16fdbd -- /root/.rbenv/libexec/rbenv-init [5ms]
2024-09-16 21:20:08.556 [info] > git ls-tree -l 1fcb9881648c902d72556e3becde73790f4dbcfc -- /root/.rbenv/libexec/rbenv-init [6ms]
2024-09-16 21:20:08.558 [info] > git ls-tree -l af03af9593907d764708a585a114f6027a16fdbd -- /root/.rbenv/libexec/rbenv-init [2ms]
2024-09-16 21:20:24.952 [info] > git config --get commit.template [2ms]
2024-09-16 21:20:24.959 [info] > git for-each-ref --format=%(refname)%00%(upstream:short)%00%(objectname)%00%(upstream:track)%00%(upstream:remotename)%00%(upstream:remoteref) refs/heads/main refs/remotes/main [2ms]
2024-09-16 21:20:25.020 [info] > git status -z -uall [57ms]
2024-09-16 21:20:25.027 [info] > git for-each-ref --format=%(refname)%00%(upstream:short)%00%(objectname)%00%(upstream:track)%00%(upstream:remotename)%00%(upstream:remoteref) refs/heads/main refs/remotes/main [2ms]
2024-09-16 21:20:25.033 [info] > git config --local branch.main.vscode-merge-base [2ms]
2024-09-16 21:20:25.033 [warning] [Git][config] git config failed: Failed to execute git
2024-09-16 21:20:25.040 [info] > git reflog main --grep-reflog=branch: Created from *. [4ms]
2024-09-16 21:20:25.046 [info] > git symbolic-ref --short refs/remotes/origin/HEAD [2ms]
2024-09-16 21:20:25.046 [info] fatal: ref refs/remotes/origin/HEAD is not a symbolic ref
2024-09-16 21:20:31.116 [info] > git ls-tree -l 1fcb9881648c902d72556e3becde73790f4dbcfc -- /root/.rbenv/libexec/rbenv-init [10ms]
2024-09-16 21:20:31.119 [info] > git ls-tree -l af03af9593907d764708a585a114f6027a16fdbd -- /root/.rbenv/libexec/rbenv-init [7ms]
2024-09-16 21:20:43.705 [info] > git config --get commit.template [4ms]
2024-09-16 21:20:43.706 [info] > git for-each-ref --format=%(refname)%00%(upstream:short)%00%(objectname)%00%(upstream:track)%00%(upstream:remotename)%00%(upstream:remoteref) refs/heads/main refs/remotes/main [1ms]
2024-09-16 21:20:43.758 [info] > git status -z -uall [49ms]
2024-09-16 21:20:43.766 [info] > git for-each-ref --format=%(refname)%00%(upstream:short)%00%(objectname)%00%(upstream:track)%00%(upstream:remotename)%00%(upstream:remoteref) refs/heads/main refs/remotes/main [3ms]
2024-09-16 21:20:43.771 [info] > git config --local branch.main.vscode-merge-base [1ms]
2024-09-16 21:20:43.771 [warning] [Git][config] git config failed: Failed to execute git
2024-09-16 21:20:43.777 [info] > git reflog main --grep-reflog=branch: Created from *. [3ms]
2024-09-16 21:20:43.782 [info] > git symbolic-ref --short refs/remotes/origin/HEAD [1ms]
2024-09-16 21:20:43.782 [info] fatal: ref refs/remotes/origin/HEAD is not a symbolic ref
2024-09-16 21:20:51.548 [info] > git ls-tree -l 1fcb9881648c902d72556e3becde73790f4dbcfc -- /root/.rbenv/libexec/rbenv-init [9ms]
2024-09-16 21:20:51.560 [info] > git ls-tree -l af03af9593907d764708a585a114f6027a16fdbd -- /root/.rbenv/libexec/rbenv-init [13ms]
2024-09-16 21:20:55.374 [info] > git config --get commit.template [4ms]
2024-09-16 21:20:55.375 [info] > git for-each-ref --format=%(refname)%00%(upstream:short)%00%(objectname)%00%(upstream:track)%00%(upstream:remotename)%00%(upstream:remoteref) refs/heads/main refs/remotes/main [2ms]
2024-09-16 21:20:55.430 [info] > git status -z -uall [51ms]
2024-09-16 21:20:55.437 [info] > git for-each-ref --format=%(refname)%00%(upstream:short)%00%(objectname)%00%(upstream:track)%00%(upstream:remotename)%00%(upstream:remoteref) refs/heads/main refs/remotes/main [3ms]
2024-09-16 21:20:55.442 [info] > git config --local branch.main.vscode-merge-base [2ms]
2024-09-16 21:20:55.442 [warning] [Git][config] git config failed: Failed to execute git
2024-09-16 21:20:55.448 [info] > git reflog main --grep-reflog=branch: Created from *. [2ms]
2024-09-16 21:20:55.453 [info] > git symbolic-ref --short refs/remotes/origin/HEAD [1ms]
2024-09-16 21:20:55.453 [info] fatal: ref refs/remotes/origin/HEAD is not a symbolic ref
2024-09-16 21:21:24.676 [info] > git ls-tree -l 1fcb9881648c902d72556e3becde73790f4dbcfc -- /root/.rbenv/libexec/rbenv-init [7ms]
2024-09-16 21:21:24.677 [info] > git ls-tree -l af03af9593907d764708a585a114f6027a16fdbd -- /root/.rbenv/libexec/rbenv-init [3ms]
2024-09-16 21:23:30.100 [info] > git ls-tree -l 1fcb9881648c902d72556e3becde73790f4dbcfc -- /root/.rbenv/libexec/rbenv-init [6ms]
2024-09-16 21:23:30.102 [info] > git ls-tree -l af03af9593907d764708a585a114f6027a16fdbd -- /root/.rbenv/libexec/rbenv-init [6ms]
2024-09-16 21:24:03.978 [info] > git ls-tree -l af03af9593907d764708a585a114f6027a16fdbd -- /root/.rbenv/libexec/rbenv-init [2ms]
2024-09-16 21:24:03.979 [info] > git ls-tree -l 1fcb9881648c902d72556e3becde73790f4dbcfc -- /root/.rbenv/libexec/rbenv-init [15ms]
2024-09-16 21:24:08.606 [info] > git show --textconv :repos/sample_website/moby_dick.html [8ms]
2024-09-16 21:24:08.608 [info] > git ls-files --stage -- /root/repos/sample_website/moby_dick.html [6ms]
2024-09-16 21:24:08.614 [info] > git cat-file -s e0d4087fcbb299e9bb387c2b2448b7ca8a47cd0a [2ms]
2024-09-16 21:24:09.359 [info] > git show --textconv :repos/sample_website/tags.html [5ms]
2024-09-16 21:24:09.363 [info] > git ls-files --stage -- /root/repos/sample_website/tags.html [5ms]
2024-09-16 21:24:09.367 [info] > git cat-file -s abfe3fabe7b8827463fe4dc27952a7aa0c1e08ab [1ms]
2024-09-16 21:24:37.656 [info] > git ls-tree -l 1fcb9881648c902d72556e3becde73790f4dbcfc -- /root/.rbenv/libexec/rbenv-init [10ms]
2024-09-16 21:24:37.658 [info] > git ls-tree -l af03af9593907d764708a585a114f6027a16fdbd -- /root/.rbenv/libexec/rbenv-init [4ms]
2024-09-16 21:24:43.423 [info] > git config --get commit.template [5ms]
2024-09-16 21:24:43.423 [info] > git for-each-ref --format=%(refname)%00%(upstream:short)%00%(objectname)%00%(upstream:track)%00%(upstream:remotename)%00%(upstream:remoteref) refs/heads/main refs/remotes/main [1ms]
2024-09-16 21:24:43.475 [info] > git status -z -uall [48ms]
2024-09-16 21:24:43.481 [info] > git for-each-ref --format=%(refname)%00%(upstream:short)%00%(objectname)%00%(upstream:track)%00%(upstream:remotename)%00%(upstream:remoteref) refs/heads/main refs/remotes/main [2ms]
2024-09-16 21:24:43.486 [info] > git config --local branch.main.vscode-merge-base [1ms]
2024-09-16 21:24:43.486 [warning] [Git][config] git config failed: Failed to execute git
2024-09-16 21:24:43.493 [info] > git reflog main --grep-reflog=branch: Created from *. [3ms]
2024-09-16 21:24:43.500 [info] > git symbolic-ref --short refs/remotes/origin/HEAD [3ms]
2024-09-16 21:24:43.500 [info] fatal: ref refs/remotes/origin/HEAD is not a symbolic ref
2024-09-16 21:25:04.949 [info] > git config --get commit.template [4ms]
2024-09-16 21:25:04.950 [info] > git for-each-ref --format=%(refname)%00%(upstream:short)%00%(objectname)%00%(upstream:track)%00%(upstream:remotename)%00%(upstream:remoteref) refs/heads/main refs/remotes/main [2ms]
2024-09-16 21:25:05.022 [info] > git status -z -uall [66ms]
2024-09-16 21:25:05.033 [info] > git for-each-ref --format=%(refname)%00%(upstream:short)%00%(objectname)%00%(upstream:track)%00%(upstream:remotename)%00%(upstream:remoteref) refs/heads/main refs/remotes/main [5ms]
2024-09-16 21:25:05.039 [info] > git config --local branch.main.vscode-merge-base [3ms]
2024-09-16 21:25:05.040 [warning] [Git][config] git config failed: Failed to execute git
2024-09-16 21:25:05.057 [info] > git reflog main --grep-reflog=branch: Created from *. [13ms]
2024-09-16 21:25:05.068 [info] > git symbolic-ref --short refs/remotes/origin/HEAD [2ms]
2024-09-16 21:25:05.068 [info] fatal: ref refs/remotes/origin/HEAD is not a symbolic ref
2024-09-16 21:25:05.086 [info] > git merge-base refs/heads/main refs/remotes/origin/main [1ms]
2024-09-16 21:25:05.102 [info] > git rev-list --count --left-right refs/heads/main...refs/remotes/origin/main [2ms]
2024-09-16 21:25:05.114 [info] > git diff --name-status -z --diff-filter=ADMR 5c8847e812619b52b8ef084124025ab6a339875f...refs/remotes/origin/main [6ms]
2024-09-16 21:25:08.882 [info] > git show --textconv :.vscode-server/data/logs/20240916T211141/exthost1/vscode.git/Git.log [7ms]
2024-09-16 21:25:08.886 [info] > git ls-files --stage -- /root/.vscode-server/data/logs/20240916T211141/exthost1/vscode.git/Git.log [5ms]
2024-09-16 21:25:08.892 [info] > git cat-file -s 3fdacc431835ccc629da3d4dc33d9451502ff316 [2ms]
2024-09-16 21:25:09.377 [info] > git check-ignore -v -z --stdin [12ms]
2024-09-16 21:25:24.538 [info] > git show --textconv :repos/sample_website/tags.html [10ms]
2024-09-16 21:25:24.540 [info] > git ls-files --stage -- /root/repos/sample_website/tags.html [5ms]
2024-09-16 21:25:24.545 [info] > git cat-file -s abfe3fabe7b8827463fe4dc27952a7aa0c1e08ab [2ms]
2024-09-16 21:25:27.945 [info] > git show --textconv :repos/sample_website/README.MD [335ms]
2024-09-16 21:25:27.964 [info] > git ls-files --stage -- /root/repos/sample_website/README.MD [347ms]
2024-09-16 21:25:27.973 [info] > git cat-file -s e69de29bb2d1d6434b8b29ae775ad8c2e48c5391 [5ms]
2024-09-16 21:25:29.616 [info] > git show --textconv :repos/sample_website/moby_dick.html [4ms]
2024-09-16 21:25:29.619 [info] > git ls-files --stage -- /root/repos/sample_website/moby_dick.html [3ms]
2024-09-16 21:25:29.624 [info] > git cat-file -s e0d4087fcbb299e9bb387c2b2448b7ca8a47cd0a [1ms]
2024-09-16 21:29:16.741 [info] > git ls-tree -l 1fcb9881648c902d72556e3becde73790f4dbcfc -- /root/.rbenv/libexec/rbenv-init [9ms]
2024-09-16 21:29:16.743 [info] > git ls-tree -l af03af9593907d764708a585a114f6027a16fdbd -- /root/.rbenv/libexec/rbenv-init [6ms]
2024-09-16 21:52:03.652 [info] > git ls-tree -l 1fcb9881648c902d72556e3becde73790f4dbcfc -- /root/.rbenv/libexec/rbenv-init [8ms]
2024-09-16 21:52:03.654 [info] > git ls-tree -l af03af9593907d764708a585a114f6027a16fdbd -- /root/.rbenv/libexec/rbenv-init [3ms]
2024-09-16 21:52:56.914 [info] > git ls-tree -l 1fcb9881648c902d72556e3becde73790f4dbcfc -- /root/.rbenv/libexec/rbenv-init [6ms]
2024-09-16 21:52:56.916 [info] > git ls-tree -l af03af9593907d764708a585a114f6027a16fdbd -- /root/.rbenv/libexec/rbenv-init [4ms]
2024-09-16 21:53:13.198 [info] > git ls-tree -l 1fcb9881648c902d72556e3becde73790f4dbcfc -- /root/.rbenv/libexec/rbenv-init [7ms]
2024-09-16 21:53:13.200 [info] > git ls-tree -l af03af9593907d764708a585a114f6027a16fdbd -- /root/.rbenv/libexec/rbenv-init [5ms]
2024-09-16 21:56:46.650 [info] > git ls-tree -l 1fcb9881648c902d72556e3becde73790f4dbcfc -- /root/.rbenv/libexec/rbenv-init [7ms]
2024-09-16 21:56:46.651 [info] > git ls-tree -l af03af9593907d764708a585a114f6027a16fdbd -- /root/.rbenv/libexec/rbenv-init [3ms]
2024-09-16 21:56:47.241 [info] > git check-ignore -v -z --stdin [10ms]
2024-09-16 21:57:31.225 [info] > git ls-tree -l 1fcb9881648c902d72556e3becde73790f4dbcfc -- /root/.rbenv/libexec/rbenv-init [7ms]
2024-09-16 21:57:31.227 [info] > git ls-tree -l af03af9593907d764708a585a114f6027a16fdbd -- /root/.rbenv/libexec/rbenv-init [3ms]
2024-09-16 21:58:40.264 [info] > git ls-tree -l 1fcb9881648c902d72556e3becde73790f4dbcfc -- /root/.rbenv/libexec/rbenv-init [10ms]
2024-09-16 21:58:40.265 [info] > git ls-tree -l af03af9593907d764708a585a114f6027a16fdbd -- /root/.rbenv/libexec/rbenv-init [5ms]
2024-09-16 22:00:41.015 [info] > git ls-tree -l 1fcb9881648c902d72556e3becde73790f4dbcfc -- /root/.rbenv/libexec/rbenv-init [9ms]
2024-09-16 22:00:41.017 [info] > git ls-tree -l af03af9593907d764708a585a114f6027a16fdbd -- /root/.rbenv/libexec/rbenv-init [5ms]
2024-09-16 22:03:04.753 [info] > git ls-tree -l 1fcb9881648c902d72556e3becde73790f4dbcfc -- /root/.rbenv/libexec/rbenv-init [7ms]
2024-09-16 22:03:04.760 [info] > git ls-tree -l af03af9593907d764708a585a114f6027a16fdbd -- /root/.rbenv/libexec/rbenv-init [4ms]
2024-09-16 22:03:15.775 [info] > git ls-tree -l 1fcb9881648c902d72556e3becde73790f4dbcfc -- /root/.rbenv/libexec/rbenv-init [9ms]
2024-09-16 22:03:15.784 [info] > git ls-tree -l af03af9593907d764708a585a114f6027a16fdbd -- /root/.rbenv/libexec/rbenv-init [11ms]
2024-09-16 22:03:26.652 [info] > git ls-tree -l 1fcb9881648c902d72556e3becde73790f4dbcfc -- /root/.rbenv/libexec/rbenv-init [8ms]
2024-09-16 22:03:26.657 [info] > git ls-tree -l af03af9593907d764708a585a114f6027a16fdbd -- /root/.rbenv/libexec/rbenv-init [12ms]
2024-09-16 22:03:27.360 [info] > git check-ignore -v -z --stdin [5ms]
