2024-09-06 22:12:10.424 [info] [main] ログ レベル: Info
2024-09-06 22:12:10.424 [info] [main] Git の検証が検出されました: "git"
2024-09-06 22:12:10.424 [info] [main] "git" から Git "2.34.1" を使用しています
2024-09-06 22:12:10.424 [info] [Model][doInitialScan] Initial repository scan started
2024-09-06 22:12:10.424 [info] > git rev-parse --show-toplevel [10ms]
2024-09-06 22:12:10.424 [info] > git rev-parse --git-dir --git-common-dir [4ms]
2024-09-06 22:12:10.424 [info] [Model][openRepository] Opened repository: /root/repos/website
2024-09-06 22:12:10.424 [info] > git rev-parse --show-toplevel [3ms]
2024-09-06 22:12:10.424 [info] [Model][doInitialScan] Initial repository scan completed - repositories (1), closed repositories (0), parent repositories (0), unsafe repositories (0)
2024-09-06 22:12:10.424 [info] > git config --get commit.template [53ms]
2024-09-06 22:12:10.424 [info] > git for-each-ref --format=%(refname)%00%(upstream:short)%00%(objectname)%00%(upstream:track)%00%(upstream:remotename)%00%(upstream:remoteref) refs/heads/main refs/remotes/main [25ms]
2024-09-06 22:12:10.452 [info] > git status -z -uall [22ms]
2024-09-06 22:12:10.497 [info] > git for-each-ref --format=%(refname)%00%(upstream:short)%00%(objectname)%00%(upstream:track)%00%(upstream:remotename)%00%(upstream:remoteref) refs/heads/main refs/remotes/main [36ms]
2024-09-06 22:12:10.507 [info] > git config --get commit.template [11ms]
2024-09-06 22:12:10.508 [info] > git config --local branch.main.vscode-merge-base [4ms]
2024-09-06 22:12:10.509 [warning] [Git][config] git config failed: Failed to execute git
2024-09-06 22:12:10.520 [info] > git for-each-ref --format=%(refname)%00%(upstream:short)%00%(objectname)%00%(upstream:track)%00%(upstream:remotename)%00%(upstream:remoteref) refs/heads/main refs/remotes/main [3ms]
2024-09-06 22:12:10.533 [info] > git status -z -uall [8ms]
2024-09-06 22:12:10.544 [info] > git for-each-ref --format=%(refname)%00%(upstream:short)%00%(objectname)%00%(upstream:track)%00%(upstream:remotename)%00%(upstream:remoteref) refs/heads/main refs/remotes/main [5ms]
2024-09-06 22:12:10.547 [info] > git reflog main --grep-reflog=branch: Created from *. [35ms]
2024-09-06 22:12:10.552 [info] > git config --local branch.main.vscode-merge-base [5ms]
2024-09-06 22:12:10.553 [warning] [Git][config] git config failed: Failed to execute git
2024-09-06 22:12:10.558 [info] > git symbolic-ref --short refs/remotes/origin/HEAD [8ms]
2024-09-06 22:12:10.558 [info] fatal: ref refs/remotes/origin/HEAD is not a symbolic ref
2024-09-06 22:12:10.568 [info] > git reflog main --grep-reflog=branch: Created from *. [12ms]
2024-09-06 22:12:10.572 [info] > git merge-base refs/heads/main refs/remotes/origin/main [5ms]
2024-09-06 22:12:10.578 [info] > git symbolic-ref --short refs/remotes/origin/HEAD [6ms]
2024-09-06 22:12:10.578 [info] fatal: ref refs/remotes/origin/HEAD is not a symbolic ref
2024-09-06 22:12:10.578 [info] > git rev-list --count --left-right refs/heads/main...refs/remotes/origin/main [2ms]
2024-09-06 22:12:10.587 [info] > git diff --name-status -z --diff-filter=ADMR 901efca6d3552d0f3bc3f0f1ec744820b06cd889...refs/remotes/origin/main [2ms]
2024-09-06 22:12:10.927 [info] > git check-ignore -v -z --stdin [2ms]
