2024-09-16 20:49:50.909 [info] [main] ログ レベル: Info
2024-09-16 20:49:50.910 [info] [main] Git の検証が検出されました: "git"
2024-09-16 20:49:50.910 [info] [main] "git" から Git "2.34.1" を使用しています
2024-09-16 20:49:50.910 [info] [Model][doInitialScan] Initial repository scan started
2024-09-16 20:49:50.910 [info] > git rev-parse --show-toplevel [11ms]
2024-09-16 20:49:50.947 [info] > git rev-parse --show-toplevel [11ms]
2024-09-16 20:49:50.960 [info] > git rev-parse --show-toplevel [6ms]
2024-09-16 20:49:50.971 [info] > git rev-parse --show-toplevel [3ms]
2024-09-16 20:49:50.980 [info] > git rev-parse --show-toplevel [2ms]
2024-09-16 20:49:50.991 [info] > git rev-parse --show-toplevel [3ms]
2024-09-16 20:49:51.000 [info] > git rev-parse --git-dir --git-common-dir [5ms]
2024-09-16 20:49:51.027 [info] [Model][openRepository] Opened repository: /root/repos/sample_website
2024-09-16 20:49:51.139 [info] > git rev-parse --show-toplevel [100ms]
2024-09-16 20:49:51.141 [info] > git config --get commit.template [105ms]
2024-09-16 20:49:51.149 [info] [Model][doInitialScan] Initial repository scan completed - repositories (1), closed repositories (0), parent repositories (1), unsafe repositories (0)
2024-09-16 20:49:51.166 [info] > git for-each-ref --format=%(refname)%00%(upstream:short)%00%(objectname)%00%(upstream:track)%00%(upstream:remotename)%00%(upstream:remoteref) refs/heads/main refs/remotes/main [11ms]
2024-09-16 20:49:51.187 [info] > git status -z -uall [10ms]
2024-09-16 20:49:51.215 [info] > git for-each-ref --format=%(refname)%00%(upstream:short)%00%(objectname)%00%(upstream:track)%00%(upstream:remotename)%00%(upstream:remoteref) refs/heads/main refs/remotes/main [16ms]
2024-09-16 20:49:51.223 [info] > git config --local branch.main.vscode-merge-base [3ms]
2024-09-16 20:49:51.224 [warning] [Git][config] git config failed: Failed to execute git
2024-09-16 20:49:51.229 [info] > git config --get commit.template [15ms]
2024-09-16 20:49:51.243 [info] > git for-each-ref --format=%(refname)%00%(upstream:short)%00%(objectname)%00%(upstream:track)%00%(upstream:remotename)%00%(upstream:remoteref) refs/heads/main refs/remotes/main [3ms]
2024-09-16 20:49:51.244 [info] > git reflog main --grep-reflog=branch: Created from *. [15ms]
2024-09-16 20:49:51.255 [info] > git symbolic-ref --short refs/remotes/origin/HEAD [8ms]
2024-09-16 20:49:51.256 [info] fatal: ref refs/remotes/origin/HEAD is not a symbolic ref
2024-09-16 20:49:51.315 [info] > git status -z -uall [62ms]
2024-09-16 20:49:51.335 [info] > git for-each-ref --format=%(refname)%00%(upstream:short)%00%(objectname)%00%(upstream:track)%00%(upstream:remotename)%00%(upstream:remoteref) refs/heads/main refs/remotes/main [10ms]
2024-09-16 20:49:51.341 [info] > git merge-base refs/heads/main refs/remotes/origin/main [73ms]
2024-09-16 20:49:51.352 [info] > git config --local branch.main.vscode-merge-base [11ms]
2024-09-16 20:49:51.352 [warning] [Git][config] git config failed: Failed to execute git
2024-09-16 20:49:51.361 [info] > git rev-list --count --left-right refs/heads/main...refs/remotes/origin/main [13ms]
2024-09-16 20:49:51.376 [info] > git reflog main --grep-reflog=branch: Created from *. [19ms]
2024-09-16 20:49:51.381 [info] > git diff --name-status -z --diff-filter=ADMR 0fa58782567d39b78a79b05ba4215ba60fff69b9...refs/remotes/origin/main [9ms]
2024-09-16 20:49:51.384 [info] > git symbolic-ref --short refs/remotes/origin/HEAD [4ms]
2024-09-16 20:49:51.384 [info] fatal: ref refs/remotes/origin/HEAD is not a symbolic ref
2024-09-16 20:49:51.647 [info] > git check-ignore -v -z --stdin [2ms]
2024-09-16 20:55:43.648 [info] > git check-ignore -v -z --stdin [5ms]
2024-09-16 20:55:46.167 [info] > git check-ignore -v -z --stdin [2ms]
2024-09-16 20:57:00.177 [warning] [Git][getHEAD] Failed to parse HEAD file: ENOENT: no such file or directory, open '/root/repos/sample_website/.git/HEAD'
2024-09-16 20:57:00.182 [warning] [Git][getRemotes] Error: ENOENT: no such file or directory, open '/root/repos/sample_website/.git/config'
2024-09-16 20:57:00.189 [info] > git remote --verbose [6ms]
2024-09-16 20:57:00.190 [info] > git symbolic-ref --short HEAD [13ms]
2024-09-16 20:57:00.196 [info] > git config --get commit.template [9ms]
2024-09-16 20:57:00.197 [info] > git for-each-ref --format=%(refname)%00%(upstream:short)%00%(objectname)%00%(upstream:track)%00%(upstream:remotename)%00%(upstream:remoteref) refs/heads/main refs/remotes/main [3ms]
2024-09-16 20:57:00.283 [info] > git status -z -uall [81ms]
2024-09-16 20:57:01.214 [info] > git for-each-ref --format=%(refname)%00%(upstream:short)%00%(objectname)%00%(upstream:track)%00%(upstream:remotename)%00%(upstream:remoteref) refs/heads/main refs/remotes/main [903ms]
2024-09-16 20:57:01.248 [info] > git config --local branch.main.vscode-merge-base [27ms]
2024-09-16 20:57:01.248 [warning] [Git][config] git config failed: Failed to execute git
2024-09-16 20:57:01.282 [info] > git reflog main --grep-reflog=branch: Created from *. [19ms]
2024-09-16 20:57:01.306 [info] > git symbolic-ref --short refs/remotes/origin/HEAD [14ms]
2024-09-16 20:57:01.306 [info] fatal: ref refs/remotes/origin/HEAD is not a symbolic ref
2024-09-16 20:59:09.451 [info] > git show --textconv :index.html [253ms]
2024-09-16 20:59:09.453 [info] > git log --format=%H%n%aN%n%aE%n%at%n%ct%n%P%n%D%n%B -z -n142 --follow -- /root/repos/sample_website/index.html [266ms]
2024-09-16 20:59:09.500 [info] > git ls-files --stage -- /root/repos/sample_website/index.html [294ms]
