2024-09-08 19:57:05.508 [info] [main] ログ レベル: Info
2024-09-08 19:57:05.508 [info] [main] Git の検証が検出されました: "git"
2024-09-08 19:57:05.508 [info] [main] "git" から Git "2.34.1" を使用しています
2024-09-08 19:57:05.508 [info] [Model][doInitialScan] Initial repository scan started
2024-09-08 19:57:05.508 [info] > git rev-parse --show-toplevel [7ms]
2024-09-08 19:57:05.508 [info] > git rev-parse --git-dir --git-common-dir [6ms]
2024-09-08 19:57:05.508 [info] [Model][openRepository] Opened repository: /root/repos/website
2024-09-08 19:57:05.513 [info] > git config --get commit.template [10ms]
2024-09-08 19:57:05.516 [info] > git rev-parse --show-toplevel [8ms]
2024-09-08 19:57:05.527 [info] > git for-each-ref --format=%(refname)%00%(upstream:short)%00%(objectname)%00%(upstream:track)%00%(upstream:remotename)%00%(upstream:remoteref) refs/heads/main refs/remotes/main [6ms]
2024-09-08 19:57:05.529 [info] > git rev-parse --show-toplevel [4ms]
2024-09-08 19:57:05.537 [info] [Model][doInitialScan] Initial repository scan completed - repositories (1), closed repositories (0), parent repositories (0), unsafe repositories (0)
2024-09-08 19:57:05.553 [info] > git status -z -uall [10ms]
2024-09-08 19:57:05.585 [info] > git for-each-ref --format=%(refname)%00%(upstream:short)%00%(objectname)%00%(upstream:track)%00%(upstream:remotename)%00%(upstream:remoteref) refs/heads/main refs/remotes/main [25ms]
2024-09-08 19:57:05.593 [info] > git config --local branch.main.vscode-merge-base [3ms]
2024-09-08 19:57:05.593 [warning] [Git][config] git config failed: Failed to execute git
2024-09-08 19:57:05.597 [info] > git config --get commit.template [13ms]
2024-09-08 19:57:05.603 [info] > git reflog main --grep-reflog=branch: Created from *. [7ms]
2024-09-08 19:57:05.606 [info] > git for-each-ref --format=%(refname)%00%(upstream:short)%00%(objectname)%00%(upstream:track)%00%(upstream:remotename)%00%(upstream:remoteref) refs/heads/main refs/remotes/main [4ms]
2024-09-08 19:57:05.608 [info] > git symbolic-ref --short refs/remotes/origin/HEAD [2ms]
2024-09-08 19:57:05.608 [info] fatal: ref refs/remotes/origin/HEAD is not a symbolic ref
2024-09-08 19:57:05.617 [info] > git merge-base refs/heads/main refs/remotes/origin/main [5ms]
2024-09-08 19:57:05.623 [info] > git status -z -uall [8ms]
2024-09-08 19:57:05.633 [info] > git for-each-ref --format=%(refname)%00%(upstream:short)%00%(objectname)%00%(upstream:track)%00%(upstream:remotename)%00%(upstream:remoteref) refs/heads/main refs/remotes/main [6ms]
2024-09-08 19:57:05.637 [info] > git rev-list --count --left-right refs/heads/main...refs/remotes/origin/main [16ms]
2024-09-08 19:57:05.642 [info] > git config --local branch.main.vscode-merge-base [5ms]
2024-09-08 19:57:05.642 [warning] [Git][config] git config failed: Failed to execute git
2024-09-08 19:57:05.646 [info] > git diff --name-status -z --diff-filter=ADMR 56c86273ab8b103c3d6bba429aa9c649121daacd...refs/remotes/origin/main [5ms]
2024-09-08 19:57:05.648 [info] > git reflog main --grep-reflog=branch: Created from *. [3ms]
2024-09-08 19:57:05.653 [info] > git symbolic-ref --short refs/remotes/origin/HEAD [2ms]
2024-09-08 19:57:05.653 [info] fatal: ref refs/remotes/origin/HEAD is not a symbolic ref
2024-09-08 19:57:06.275 [info] > git show --textconv :index.html [133ms]
2024-09-08 19:57:06.275 [info] > git check-ignore -v -z --stdin [12ms]
2024-09-08 19:57:06.276 [info] > git ls-files --stage -- /root/repos/website/index.html [130ms]
2024-09-08 19:57:06.286 [info] > git cat-file -s 630bd7a76c1430f1978df252cffffd4b6e9901c1 [7ms]
