2024-09-06 22:12:08.296 [info] Extension host with pid 464 started
2024-09-06 22:12:08.379 [info] ExtensionService#_doActivateExtension george-alisson.html-preview-vscode, startup: false, activationEvent: 'onWebviewPanel:html.preview'
2024-09-06 22:12:08.984 [info] Lock '/root/.vscode-server/data/User/workspaceStorage/988611df70b6445afdd99de613fad909/vscode.lock': Lock acquired.
2024-09-06 22:12:09.218 [info] ExtensionService#_doActivateExtension vscode.git-base, startup: true, activationEvent: '*', root cause: vscode.git
2024-09-06 22:12:09.567 [info] ExtensionService#_doActivateExtension vscode.git, startup: true, activationEvent: '*'
2024-09-06 22:12:09.568 [info] ExtensionService#_doActivateExtension vscode.github, startup: true, activationEvent: '*'
2024-09-06 22:12:10.256 [info] Eager extensions activated
2024-09-06 22:12:10.256 [info] ExtensionService#_doActivateExtension vscode.debug-auto-launch, startup: false, activationEvent: 'onStartupFinished'
2024-09-06 22:12:10.258 [info] ExtensionService#_doActivateExtension vscode.merge-conflict, startup: false, activationEvent: 'onStartupFinished'
2024-09-06 22:12:10.258 [info] ExtensionService#_doActivateExtension ritwickdey.LiveServer, startup: false, activationEvent: 'onStartupFinished'
2024-09-06 22:12:10.446 [info] ExtensionService#_doActivateExtension vscode.emmet, startup: false, activationEvent: 'onLanguage'
2024-09-06 23:09:25.304 [info] Extension host terminating: received terminate message from renderer
2024-09-06 23:09:25.305 [info] Lock '/root/.vscode-server/data/User/workspaceStorage/988611df70b6445afdd99de613fad909/vscode.lock': Marking the lockfile as scheduled to be released in 6000 ms.
2024-09-06 23:09:25.400 [error] Canceled: Canceled
	at new C (/root/.vscode-server/bin/fee1edb8d6d72a0ddff41e5f71a671c23ed924b9/out/vs/workbench/api/node/extensionHostProcess.js:144:35204)
	at y.U (/root/.vscode-server/bin/fee1edb8d6d72a0ddff41e5f71a671c23ed924b9/out/vs/workbench/api/node/extensionHostProcess.js:151:6017)
	at z.<computed>.j.charCodeAt.R.CharCode.DollarSign.z.<computed> (/root/.vscode-server/bin/fee1edb8d6d72a0ddff41e5f71a671c23ed924b9/out/vs/workbench/api/node/extensionHostProcess.js:151:3107)
	at d.g (/root/.vscode-server/bin/fee1edb8d6d72a0ddff41e5f71a671c23ed924b9/out/vs/workbench/api/node/extensionHostProcess.js:154:205942)
	at d.executeCommand (/root/.vscode-server/bin/fee1edb8d6d72a0ddff41e5f71a671c23ed924b9/out/vs/workbench/api/node/extensionHostProcess.js:154:205380)
	at A.registerCommand.description (/root/.vscode-server/bin/fee1edb8d6d72a0ddff41e5f71a671c23ed924b9/out/vs/workbench/api/node/extensionHostProcess.js:154:204704)
	at d.h (/root/.vscode-server/bin/fee1edb8d6d72a0ddff41e5f71a671c23ed924b9/out/vs/workbench/api/node/extensionHostProcess.js:154:206481)
	at d.g (/root/.vscode-server/bin/fee1edb8d6d72a0ddff41e5f71a671c23ed924b9/out/vs/workbench/api/node/extensionHostProcess.js:154:205473)
	at d.executeCommand (/root/.vscode-server/bin/fee1edb8d6d72a0ddff41e5f71a671c23ed924b9/out/vs/workbench/api/node/extensionHostProcess.js:154:205380)
	at Object.executeCommand (/root/.vscode-server/bin/fee1edb8d6d72a0ddff41e5f71a671c23ed924b9/out/vs/workbench/api/node/extensionHostProcess.js:164:23060)
	at i.O [as value] (/root/.vscode-server/bin/fee1edb8d6d72a0ddff41e5f71a671c23ed924b9/extensions/git/dist/main.js:2:951642)
	at n.B (/root/.vscode-server/bin/fee1edb8d6d72a0ddff41e5f71a671c23ed924b9/out/vs/workbench/api/node/extensionHostProcess.js:83:737)
	at n.C (/root/.vscode-server/bin/fee1edb8d6d72a0ddff41e5f71a671c23ed924b9/out/vs/workbench/api/node/extensionHostProcess.js:83:807)
	at n.fire (/root/.vscode-server/bin/fee1edb8d6d72a0ddff41e5f71a671c23ed924b9/out/vs/workbench/api/node/extensionHostProcess.js:83:1023)
	at Object.p [as dispose] (/root/.vscode-server/bin/fee1edb8d6d72a0ddff41e5f71a671c23ed924b9/extensions/git/dist/main.js:2:972220)
	at /root/.vscode-server/bin/fee1edb8d6d72a0ddff41e5f71a671c23ed924b9/extensions/git/dist/main.js:2:978342
	at Array.forEach (<anonymous>)
	at f.dispose (/root/.vscode-server/bin/fee1edb8d6d72a0ddff41e5f71a671c23ed924b9/extensions/git/dist/main.js:2:978328)
	at a.<anonymous> (/root/.vscode-server/bin/fee1edb8d6d72a0ddff41e5f71a671c23ed924b9/out/vs/workbench/api/node/extensionHostProcess.js:152:4173)
	at a.dispose (/root/.vscode-server/bin/fee1edb8d6d72a0ddff41e5f71a671c23ed924b9/out/vs/workbench/api/node/extensionHostProcess.js:152:4270)
	at a.<anonymous> (/root/.vscode-server/bin/fee1edb8d6d72a0ddff41e5f71a671c23ed924b9/extensions/git/dist/main.js:2:953940)
	at a.dispose (/root/.vscode-server/bin/fee1edb8d6d72a0ddff41e5f71a671c23ed924b9/out/vs/workbench/api/node/extensionHostProcess.js:152:4270)
	at $ (/root/.vscode-server/bin/fee1edb8d6d72a0ddff41e5f71a671c23ed924b9/out/vs/workbench/api/node/extensionHostProcess.js:30:744)
	at /root/.vscode-server/bin/fee1edb8d6d72a0ddff41e5f71a671c23ed924b9/out/vs/workbench/api/node/extensionHostProcess.js:160:13379
	at /root/.vscode-server/bin/fee1edb8d6d72a0ddff41e5f71a671c23ed924b9/out/vs/workbench/api/node/extensionHostProcess.js:30:1112
	at Object.dispose (/root/.vscode-server/bin/fee1edb8d6d72a0ddff41e5f71a671c23ed924b9/out/vs/workbench/api/node/extensionHostProcess.js:11:11354)
	at m.eb (/root/.vscode-server/bin/fee1edb8d6d72a0ddff41e5f71a671c23ed924b9/out/vs/workbench/api/node/extensionHostProcess.js:160:10056)
	at /root/.vscode-server/bin/fee1edb8d6d72a0ddff41e5f71a671c23ed924b9/out/vs/workbench/api/node/extensionHostProcess.js:160:7927
	at Array.map (<anonymous>)
	at m.$ (/root/.vscode-server/bin/fee1edb8d6d72a0ddff41e5f71a671c23ed924b9/out/vs/workbench/api/node/extensionHostProcess.js:160:7914)
	at m.terminate (/root/.vscode-server/bin/fee1edb8d6d72a0ddff41e5f71a671c23ed924b9/out/vs/workbench/api/node/extensionHostProcess.js:160:8187)
	at $.terminate (/root/.vscode-server/bin/fee1edb8d6d72a0ddff41e5f71a671c23ed924b9/out/vs/workbench/api/node/extensionHostProcess.js:164:1513)
	at o (/root/.vscode-server/bin/fee1edb8d6d72a0ddff41e5f71a671c23ed924b9/out/vs/workbench/api/node/extensionHostProcess.js:177:10633)
	at i.value (/root/.vscode-server/bin/fee1edb8d6d72a0ddff41e5f71a671c23ed924b9/out/vs/workbench/api/node/extensionHostProcess.js:177:8601)
	at n.B (/root/.vscode-server/bin/fee1edb8d6d72a0ddff41e5f71a671c23ed924b9/out/vs/workbench/api/node/extensionHostProcess.js:83:737)
	at n.fire (/root/.vscode-server/bin/fee1edb8d6d72a0ddff41e5f71a671c23ed924b9/out/vs/workbench/api/node/extensionHostProcess.js:83:954)
	at s.fire (/root/.vscode-server/bin/fee1edb8d6d72a0ddff41e5f71a671c23ed924b9/out/vs/workbench/api/node/extensionHostProcess.js:97:14453)
	at d.A (/root/.vscode-server/bin/fee1edb8d6d72a0ddff41e5f71a671c23ed924b9/out/vs/workbench/api/node/extensionHostProcess.js:97:17612)
	at i.value (/root/.vscode-server/bin/fee1edb8d6d72a0ddff41e5f71a671c23ed924b9/out/vs/workbench/api/node/extensionHostProcess.js:97:15970)
	at n.B (/root/.vscode-server/bin/fee1edb8d6d72a0ddff41e5f71a671c23ed924b9/out/vs/workbench/api/node/extensionHostProcess.js:83:737)
	at n.fire (/root/.vscode-server/bin/fee1edb8d6d72a0ddff41e5f71a671c23ed924b9/out/vs/workbench/api/node/extensionHostProcess.js:83:954)
	at m.acceptChunk (/root/.vscode-server/bin/fee1edb8d6d72a0ddff41e5f71a671c23ed924b9/out/vs/workbench/api/node/extensionHostProcess.js:97:12199)
	at i.value (/root/.vscode-server/bin/fee1edb8d6d72a0ddff41e5f71a671c23ed924b9/out/vs/workbench/api/node/extensionHostProcess.js:97:11469)
	at n.B (/root/.vscode-server/bin/fee1edb8d6d72a0ddff41e5f71a671c23ed924b9/out/vs/workbench/api/node/extensionHostProcess.js:83:737)
	at n.fire (/root/.vscode-server/bin/fee1edb8d6d72a0ddff41e5f71a671c23ed924b9/out/vs/workbench/api/node/extensionHostProcess.js:83:954)
	at s.z (/root/.vscode-server/bin/fee1edb8d6d72a0ddff41e5f71a671c23ed924b9/out/vs/workbench/api/node/extensionHostProcess.js:174:21458)
	at s.acceptFrame (/root/.vscode-server/bin/fee1edb8d6d72a0ddff41e5f71a671c23ed924b9/out/vs/workbench/api/node/extensionHostProcess.js:174:21264)
	at i.n (/root/.vscode-server/bin/fee1edb8d6d72a0ddff41e5f71a671c23ed924b9/out/vs/workbench/api/node/extensionHostProcess.js:174:19709)
	at /root/.vscode-server/bin/fee1edb8d6d72a0ddff41e5f71a671c23ed924b9/out/vs/workbench/api/node/extensionHostProcess.js:174:16636
	at Socket.v (/root/.vscode-server/bin/fee1edb8d6d72a0ddff41e5f71a671c23ed924b9/out/vs/workbench/api/node/extensionHostProcess.js:174:14266)
	at Socket.emit (node:events:519:28)
	at addChunk (node:internal/streams/readable:559:12)
	at readableAddChunkPushByteMode (node:internal/streams/readable:510:3)
	at Readable.push (node:internal/streams/readable:390:5)
	at TCP.onStreamRead (node:internal/stream_base_commons:191:23) setContext undefined
2024-09-06 23:09:25.403 [error] Canceled: Canceled
	at new C (/root/.vscode-server/bin/fee1edb8d6d72a0ddff41e5f71a671c23ed924b9/out/vs/workbench/api/node/extensionHostProcess.js:144:35204)
	at y.U (/root/.vscode-server/bin/fee1edb8d6d72a0ddff41e5f71a671c23ed924b9/out/vs/workbench/api/node/extensionHostProcess.js:151:6017)
	at z.<computed>.j.charCodeAt.R.CharCode.DollarSign.z.<computed> (/root/.vscode-server/bin/fee1edb8d6d72a0ddff41e5f71a671c23ed924b9/out/vs/workbench/api/node/extensionHostProcess.js:151:3107)
	at d.g (/root/.vscode-server/bin/fee1edb8d6d72a0ddff41e5f71a671c23ed924b9/out/vs/workbench/api/node/extensionHostProcess.js:154:205942)
	at d.executeCommand (/root/.vscode-server/bin/fee1edb8d6d72a0ddff41e5f71a671c23ed924b9/out/vs/workbench/api/node/extensionHostProcess.js:154:205380)
	at A.registerCommand.description (/root/.vscode-server/bin/fee1edb8d6d72a0ddff41e5f71a671c23ed924b9/out/vs/workbench/api/node/extensionHostProcess.js:154:204704)
	at d.h (/root/.vscode-server/bin/fee1edb8d6d72a0ddff41e5f71a671c23ed924b9/out/vs/workbench/api/node/extensionHostProcess.js:154:206481)
	at d.g (/root/.vscode-server/bin/fee1edb8d6d72a0ddff41e5f71a671c23ed924b9/out/vs/workbench/api/node/extensionHostProcess.js:154:205473)
	at d.executeCommand (/root/.vscode-server/bin/fee1edb8d6d72a0ddff41e5f71a671c23ed924b9/out/vs/workbench/api/node/extensionHostProcess.js:154:205380)
	at Object.executeCommand (/root/.vscode-server/bin/fee1edb8d6d72a0ddff41e5f71a671c23ed924b9/out/vs/workbench/api/node/extensionHostProcess.js:164:23060)
	at set hasGitHubRepositories [as hasGitHubRepositories] (/root/.vscode-server/bin/fee1edb8d6d72a0ddff41e5f71a671c23ed924b9/extensions/github/dist/extension.js:2:322969)
	at /root/.vscode-server/bin/fee1edb8d6d72a0ddff41e5f71a671c23ed924b9/extensions/github/dist/extension.js:2:323928
	at i.value (/root/.vscode-server/bin/fee1edb8d6d72a0ddff41e5f71a671c23ed924b9/extensions/git/dist/main.js:2:1060193)
	at n.B (/root/.vscode-server/bin/fee1edb8d6d72a0ddff41e5f71a671c23ed924b9/out/vs/workbench/api/node/extensionHostProcess.js:83:737)
	at n.C (/root/.vscode-server/bin/fee1edb8d6d72a0ddff41e5f71a671c23ed924b9/out/vs/workbench/api/node/extensionHostProcess.js:83:807)
	at n.fire (/root/.vscode-server/bin/fee1edb8d6d72a0ddff41e5f71a671c23ed924b9/out/vs/workbench/api/node/extensionHostProcess.js:83:1023)
	at Object.p [as dispose] (/root/.vscode-server/bin/fee1edb8d6d72a0ddff41e5f71a671c23ed924b9/extensions/git/dist/main.js:2:972220)
	at /root/.vscode-server/bin/fee1edb8d6d72a0ddff41e5f71a671c23ed924b9/extensions/git/dist/main.js:2:978342
	at Array.forEach (<anonymous>)
	at f.dispose (/root/.vscode-server/bin/fee1edb8d6d72a0ddff41e5f71a671c23ed924b9/extensions/git/dist/main.js:2:978328)
	at a.<anonymous> (/root/.vscode-server/bin/fee1edb8d6d72a0ddff41e5f71a671c23ed924b9/out/vs/workbench/api/node/extensionHostProcess.js:152:4173)
	at a.dispose (/root/.vscode-server/bin/fee1edb8d6d72a0ddff41e5f71a671c23ed924b9/out/vs/workbench/api/node/extensionHostProcess.js:152:4270)
	at a.<anonymous> (/root/.vscode-server/bin/fee1edb8d6d72a0ddff41e5f71a671c23ed924b9/extensions/git/dist/main.js:2:953940)
	at a.dispose (/root/.vscode-server/bin/fee1edb8d6d72a0ddff41e5f71a671c23ed924b9/out/vs/workbench/api/node/extensionHostProcess.js:152:4270)
	at $ (/root/.vscode-server/bin/fee1edb8d6d72a0ddff41e5f71a671c23ed924b9/out/vs/workbench/api/node/extensionHostProcess.js:30:744)
	at /root/.vscode-server/bin/fee1edb8d6d72a0ddff41e5f71a671c23ed924b9/out/vs/workbench/api/node/extensionHostProcess.js:160:13379
	at /root/.vscode-server/bin/fee1edb8d6d72a0ddff41e5f71a671c23ed924b9/out/vs/workbench/api/node/extensionHostProcess.js:30:1112
	at Object.dispose (/root/.vscode-server/bin/fee1edb8d6d72a0ddff41e5f71a671c23ed924b9/out/vs/workbench/api/node/extensionHostProcess.js:11:11354)
	at m.eb (/root/.vscode-server/bin/fee1edb8d6d72a0ddff41e5f71a671c23ed924b9/out/vs/workbench/api/node/extensionHostProcess.js:160:10056)
	at /root/.vscode-server/bin/fee1edb8d6d72a0ddff41e5f71a671c23ed924b9/out/vs/workbench/api/node/extensionHostProcess.js:160:7927
	at Array.map (<anonymous>)
	at m.$ (/root/.vscode-server/bin/fee1edb8d6d72a0ddff41e5f71a671c23ed924b9/out/vs/workbench/api/node/extensionHostProcess.js:160:7914)
	at m.terminate (/root/.vscode-server/bin/fee1edb8d6d72a0ddff41e5f71a671c23ed924b9/out/vs/workbench/api/node/extensionHostProcess.js:160:8187)
	at $.terminate (/root/.vscode-server/bin/fee1edb8d6d72a0ddff41e5f71a671c23ed924b9/out/vs/workbench/api/node/extensionHostProcess.js:164:1513)
	at o (/root/.vscode-server/bin/fee1edb8d6d72a0ddff41e5f71a671c23ed924b9/out/vs/workbench/api/node/extensionHostProcess.js:177:10633)
	at i.value (/root/.vscode-server/bin/fee1edb8d6d72a0ddff41e5f71a671c23ed924b9/out/vs/workbench/api/node/extensionHostProcess.js:177:8601)
	at n.B (/root/.vscode-server/bin/fee1edb8d6d72a0ddff41e5f71a671c23ed924b9/out/vs/workbench/api/node/extensionHostProcess.js:83:737)
	at n.fire (/root/.vscode-server/bin/fee1edb8d6d72a0ddff41e5f71a671c23ed924b9/out/vs/workbench/api/node/extensionHostProcess.js:83:954)
	at s.fire (/root/.vscode-server/bin/fee1edb8d6d72a0ddff41e5f71a671c23ed924b9/out/vs/workbench/api/node/extensionHostProcess.js:97:14453)
	at d.A (/root/.vscode-server/bin/fee1edb8d6d72a0ddff41e5f71a671c23ed924b9/out/vs/workbench/api/node/extensionHostProcess.js:97:17612)
	at i.value (/root/.vscode-server/bin/fee1edb8d6d72a0ddff41e5f71a671c23ed924b9/out/vs/workbench/api/node/extensionHostProcess.js:97:15970)
	at n.B (/root/.vscode-server/bin/fee1edb8d6d72a0ddff41e5f71a671c23ed924b9/out/vs/workbench/api/node/extensionHostProcess.js:83:737)
	at n.fire (/root/.vscode-server/bin/fee1edb8d6d72a0ddff41e5f71a671c23ed924b9/out/vs/workbench/api/node/extensionHostProcess.js:83:954)
	at m.acceptChunk (/root/.vscode-server/bin/fee1edb8d6d72a0ddff41e5f71a671c23ed924b9/out/vs/workbench/api/node/extensionHostProcess.js:97:12199)
	at i.value (/root/.vscode-server/bin/fee1edb8d6d72a0ddff41e5f71a671c23ed924b9/out/vs/workbench/api/node/extensionHostProcess.js:97:11469)
	at n.B (/root/.vscode-server/bin/fee1edb8d6d72a0ddff41e5f71a671c23ed924b9/out/vs/workbench/api/node/extensionHostProcess.js:83:737)
	at n.fire (/root/.vscode-server/bin/fee1edb8d6d72a0ddff41e5f71a671c23ed924b9/out/vs/workbench/api/node/extensionHostProcess.js:83:954)
	at s.z (/root/.vscode-server/bin/fee1edb8d6d72a0ddff41e5f71a671c23ed924b9/out/vs/workbench/api/node/extensionHostProcess.js:174:21458)
	at s.acceptFrame (/root/.vscode-server/bin/fee1edb8d6d72a0ddff41e5f71a671c23ed924b9/out/vs/workbench/api/node/extensionHostProcess.js:174:21264)
	at i.n (/root/.vscode-server/bin/fee1edb8d6d72a0ddff41e5f71a671c23ed924b9/out/vs/workbench/api/node/extensionHostProcess.js:174:19709)
	at /root/.vscode-server/bin/fee1edb8d6d72a0ddff41e5f71a671c23ed924b9/out/vs/workbench/api/node/extensionHostProcess.js:174:16636
	at Socket.v (/root/.vscode-server/bin/fee1edb8d6d72a0ddff41e5f71a671c23ed924b9/out/vs/workbench/api/node/extensionHostProcess.js:174:14266)
	at Socket.emit (node:events:519:28)
	at addChunk (node:internal/streams/readable:559:12)
	at readableAddChunkPushByteMode (node:internal/streams/readable:510:3)
	at Readable.push (node:internal/streams/readable:390:5)
	at TCP.onStreamRead (node:internal/stream_base_commons:191:23) setContext undefined
2024-09-06 23:09:25.403 [info] Extension host with pid 464 exiting with code 0
