2024-09-06 21:02:28.527 [info] [main] ログ レベル: Info
2024-09-06 21:02:28.527 [info] [main] Git の検証が検出されました: "git"
2024-09-06 21:02:28.527 [info] [main] "git" から Git "2.34.1" を使用しています
2024-09-06 21:02:28.527 [info] [Model][doInitialScan] Initial repository scan started
2024-09-06 21:02:28.527 [info] > git rev-parse --show-toplevel [18ms]
2024-09-06 21:02:28.527 [info] > git rev-parse --git-dir --git-common-dir [13ms]
2024-09-06 21:02:28.527 [info] [Model][openRepository] Opened repository: /root/repos/website
2024-09-06 21:02:28.533 [info] > git rev-parse --show-toplevel [10ms]
2024-09-06 21:02:28.542 [info] [Model][doInitialScan] Initial repository scan completed - repositories (1), closed repositories (0), parent repositories (0), unsafe repositories (0)
2024-09-06 21:02:28.544 [info] > git config --get commit.template [25ms]
2024-09-06 21:02:28.574 [info] > git for-each-ref --format=%(refname)%00%(upstream:short)%00%(objectname)%00%(upstream:track)%00%(upstream:remotename)%00%(upstream:remoteref) refs/heads/main refs/remotes/main [14ms]
2024-09-06 21:02:28.736 [info] > git status -z -uall [153ms]
2024-09-06 21:02:28.823 [info] > git for-each-ref --format=%(refname)%00%(upstream:short)%00%(objectname)%00%(upstream:track)%00%(upstream:remotename)%00%(upstream:remoteref) refs/heads/main refs/remotes/main [58ms]
2024-09-06 21:02:28.843 [info] > git config --local branch.main.vscode-merge-base [11ms]
2024-09-06 21:02:28.843 [warning] [Git][config] git config failed: Failed to execute git
2024-09-06 21:02:28.851 [info] > git config --get commit.template [71ms]
2024-09-06 21:02:28.898 [info] > git for-each-ref --format=%(refname)%00%(upstream:short)%00%(objectname)%00%(upstream:track)%00%(upstream:remotename)%00%(upstream:remoteref) refs/heads/main refs/remotes/main [38ms]
2024-09-06 21:02:28.899 [info] > git reflog main --grep-reflog=branch: Created from *. [49ms]
2024-09-06 21:02:28.907 [info] > git symbolic-ref --short refs/remotes/origin/HEAD [4ms]
2024-09-06 21:02:28.907 [info] fatal: ref refs/remotes/origin/HEAD is not a symbolic ref
2024-09-06 21:02:28.923 [info] > git status -z -uall [3ms]
2024-09-06 21:02:28.924 [info] > git merge-base refs/heads/main refs/remotes/origin/main [9ms]
2024-09-06 21:02:28.955 [info] > git rev-list --count --left-right refs/heads/main...refs/remotes/origin/main [12ms]
2024-09-06 21:02:28.983 [info] > git for-each-ref --format=%(refname)%00%(upstream:short)%00%(objectname)%00%(upstream:track)%00%(upstream:remotename)%00%(upstream:remoteref) refs/heads/main refs/remotes/main [10ms]
2024-09-06 21:02:28.990 [info] > git diff --name-status -z --diff-filter=ADMR 752488077307ef9449a2e0f880d61c15192552dc...refs/remotes/origin/main [27ms]
2024-09-06 21:02:29.024 [info] > git config --local branch.main.vscode-merge-base [34ms]
2024-09-06 21:02:29.024 [warning] [Git][config] git config failed: Failed to execute git
2024-09-06 21:02:29.034 [info] > git reflog main --grep-reflog=branch: Created from *. [3ms]
2024-09-06 21:02:29.041 [info] > git symbolic-ref --short refs/remotes/origin/HEAD [2ms]
2024-09-06 21:02:29.041 [info] fatal: ref refs/remotes/origin/HEAD is not a symbolic ref
2024-09-06 21:02:29.325 [info] > git check-ignore -v -z --stdin [226ms]
2024-09-06 21:02:30.240 [info] > git show --textconv :index.html [8ms]
2024-09-06 21:02:30.242 [info] > git ls-files --stage -- /root/repos/website/index.html [5ms]
2024-09-06 21:02:30.251 [info] > git cat-file -s 3a710a3785e38fa9255a7254f309915fb99a7845 [3ms]
2024-09-06 21:02:31.855 [info] > git config --get commit.template [4ms]
2024-09-06 21:02:31.864 [info] > git for-each-ref --format=%(refname)%00%(upstream:short)%00%(objectname)%00%(upstream:track)%00%(upstream:remotename)%00%(upstream:remoteref) refs/heads/main refs/remotes/main [3ms]
2024-09-06 21:02:31.873 [info] > git status -z -uall [4ms]
2024-09-06 21:02:31.886 [info] > git for-each-ref --format=%(refname)%00%(upstream:short)%00%(objectname)%00%(upstream:track)%00%(upstream:remotename)%00%(upstream:remoteref) refs/heads/main refs/remotes/main [4ms]
2024-09-06 21:02:31.893 [info] > git config --local branch.main.vscode-merge-base [2ms]
2024-09-06 21:02:31.893 [warning] [Git][config] git config failed: Failed to execute git
2024-09-06 21:02:31.904 [info] > git reflog main --grep-reflog=branch: Created from *. [4ms]
2024-09-06 21:02:31.908 [info] > git symbolic-ref --short refs/remotes/origin/HEAD [1ms]
2024-09-06 21:02:31.908 [info] fatal: ref refs/remotes/origin/HEAD is not a symbolic ref
2024-09-06 21:02:41.121 [info] > git show --textconv :index.html [9ms]
2024-09-06 21:02:41.125 [info] > git ls-files --stage -- /root/repos/website/index.html [5ms]
2024-09-06 21:02:41.137 [info] > git cat-file -s 3a710a3785e38fa9255a7254f309915fb99a7845 [1ms]
2024-09-06 21:02:44.755 [info] > git show --textconv :index.html [5ms]
2024-09-06 21:02:44.756 [info] > git ls-files --stage -- /root/repos/website/index.html [3ms]
2024-09-06 21:02:44.762 [info] > git cat-file -s 3a710a3785e38fa9255a7254f309915fb99a7845 [2ms]
2024-09-06 21:02:49.544 [info] > git show --textconv :index.html [6ms]
2024-09-06 21:02:49.545 [info] > git ls-files --stage -- /root/repos/website/index.html [3ms]
2024-09-06 21:02:49.553 [info] > git cat-file -s 3a710a3785e38fa9255a7254f309915fb99a7845 [3ms]
2024-09-06 21:02:51.438 [info] > git config --get commit.template [5ms]
2024-09-06 21:02:51.439 [info] > git for-each-ref --format=%(refname)%00%(upstream:short)%00%(objectname)%00%(upstream:track)%00%(upstream:remotename)%00%(upstream:remoteref) refs/heads/main refs/remotes/main [3ms]
2024-09-06 21:02:51.447 [info] > git status -z -uall [2ms]
2024-09-06 21:02:51.455 [info] > git for-each-ref --format=%(refname)%00%(upstream:short)%00%(objectname)%00%(upstream:track)%00%(upstream:remotename)%00%(upstream:remoteref) refs/heads/main refs/remotes/main [3ms]
2024-09-06 21:02:51.465 [info] > git config --local branch.main.vscode-merge-base [3ms]
2024-09-06 21:02:51.465 [warning] [Git][config] git config failed: Failed to execute git
2024-09-06 21:02:51.472 [info] > git reflog main --grep-reflog=branch: Created from *. [3ms]
2024-09-06 21:02:51.476 [info] > git symbolic-ref --short refs/remotes/origin/HEAD [2ms]
2024-09-06 21:02:51.476 [info] fatal: ref refs/remotes/origin/HEAD is not a symbolic ref
2024-09-06 21:03:37.524 [info] > git config --get commit.template [5ms]
2024-09-06 21:03:37.525 [info] > git for-each-ref --format=%(refname)%00%(upstream:short)%00%(objectname)%00%(upstream:track)%00%(upstream:remotename)%00%(upstream:remoteref) refs/heads/main refs/remotes/main [2ms]
2024-09-06 21:03:37.533 [info] > git status -z -uall [3ms]
2024-09-06 21:03:37.543 [info] > git for-each-ref --format=%(refname)%00%(upstream:short)%00%(objectname)%00%(upstream:track)%00%(upstream:remotename)%00%(upstream:remoteref) refs/heads/main refs/remotes/main [4ms]
2024-09-06 21:03:37.551 [info] > git config --local branch.main.vscode-merge-base [2ms]
2024-09-06 21:03:37.551 [warning] [Git][config] git config failed: Failed to execute git
2024-09-06 21:03:37.558 [info] > git reflog main --grep-reflog=branch: Created from *. [3ms]
2024-09-06 21:03:37.563 [info] > git symbolic-ref --short refs/remotes/origin/HEAD [2ms]
2024-09-06 21:03:37.563 [info] fatal: ref refs/remotes/origin/HEAD is not a symbolic ref
2024-09-06 21:03:39.123 [info] > git show --textconv :index.html [6ms]
2024-09-06 21:03:39.125 [info] > git ls-files --stage -- /root/repos/website/index.html [3ms]
2024-09-06 21:03:39.130 [info] > git cat-file -s 3a710a3785e38fa9255a7254f309915fb99a7845 [2ms]
2024-09-06 21:03:40.664 [info] > git show --textconv :index.html [6ms]
2024-09-06 21:03:40.672 [info] > git ls-files --stage -- /root/repos/website/index.html [9ms]
2024-09-06 21:03:40.677 [info] > git cat-file -s 3a710a3785e38fa9255a7254f309915fb99a7845 [2ms]
2024-09-06 21:03:44.579 [info] > git show --textconv :index.html [5ms]
2024-09-06 21:03:44.580 [info] > git ls-files --stage -- /root/repos/website/index.html [3ms]
2024-09-06 21:03:44.585 [info] > git cat-file -s 3a710a3785e38fa9255a7254f309915fb99a7845 [2ms]
2024-09-06 21:03:46.620 [info] > git show --textconv :README.md [90ms]
2024-09-06 21:03:46.624 [info] > git ls-files --stage -- /root/repos/website/README.md [89ms]
2024-09-06 21:03:46.639 [info] > git cat-file -s ffaadf8261ce84146d2ff8b3407171054b3c67b6 [10ms]
2024-09-06 21:03:49.168 [info] > git show --textconv :index.html [6ms]
2024-09-06 21:03:49.169 [info] > git ls-files --stage -- /root/repos/website/index.html [3ms]
2024-09-06 21:03:49.174 [info] > git cat-file -s 3a710a3785e38fa9255a7254f309915fb99a7845 [2ms]
2024-09-06 21:04:16.992 [info] > git config --get commit.template [2ms]
2024-09-06 21:04:16.998 [info] > git for-each-ref --format=%(refname)%00%(upstream:short)%00%(objectname)%00%(upstream:track)%00%(upstream:remotename)%00%(upstream:remoteref) refs/heads/main refs/remotes/main [2ms]
2024-09-06 21:04:17.004 [info] > git status -z -uall [2ms]
2024-09-06 21:04:17.012 [info] > git for-each-ref --format=%(refname)%00%(upstream:short)%00%(objectname)%00%(upstream:track)%00%(upstream:remotename)%00%(upstream:remoteref) refs/heads/main refs/remotes/main [3ms]
2024-09-06 21:04:17.018 [info] > git config --local branch.main.vscode-merge-base [2ms]
2024-09-06 21:04:17.019 [warning] [Git][config] git config failed: Failed to execute git
2024-09-06 21:04:17.026 [info] > git reflog main --grep-reflog=branch: Created from *. [4ms]
2024-09-06 21:04:17.031 [info] > git symbolic-ref --short refs/remotes/origin/HEAD [1ms]
2024-09-06 21:04:17.031 [info] fatal: ref refs/remotes/origin/HEAD is not a symbolic ref
2024-09-06 21:04:18.043 [info] > git config --get commit.template [7ms]
2024-09-06 21:04:18.045 [info] > git for-each-ref --format=%(refname)%00%(upstream:short)%00%(objectname)%00%(upstream:track)%00%(upstream:remotename)%00%(upstream:remoteref) refs/heads/main refs/remotes/main [4ms]
2024-09-06 21:04:18.056 [info] > git status -z -uall [4ms]
2024-09-06 21:04:18.071 [info] > git for-each-ref --format=%(refname)%00%(upstream:short)%00%(objectname)%00%(upstream:track)%00%(upstream:remotename)%00%(upstream:remoteref) refs/heads/main refs/remotes/main [7ms]
2024-09-06 21:04:18.078 [info] > git config --local branch.main.vscode-merge-base [2ms]
2024-09-06 21:04:18.078 [warning] [Git][config] git config failed: Failed to execute git
2024-09-06 21:04:18.084 [info] > git reflog main --grep-reflog=branch: Created from *. [3ms]
2024-09-06 21:04:18.089 [info] > git symbolic-ref --short refs/remotes/origin/HEAD [1ms]
2024-09-06 21:04:18.089 [info] fatal: ref refs/remotes/origin/HEAD is not a symbolic ref
2024-09-06 21:04:18.183 [info] > git ls-files --stage -- /root/repos/website/index.html [1ms]
2024-09-06 21:04:18.188 [info] > git cat-file -s b9435fdae11e67d9bd17f6500a425a60ca302645 [2ms]
2024-09-06 21:04:18.198 [info] > git show --textconv :index.html [2ms]
2024-09-06 21:04:56.062 [info] > git config --get commit.template [2ms]
2024-09-06 21:04:56.069 [info] > git for-each-ref --format=%(refname)%00%(upstream:short)%00%(objectname)%00%(upstream:track)%00%(upstream:remotename)%00%(upstream:remoteref) refs/heads/main refs/remotes/main [3ms]
2024-09-06 21:04:56.075 [info] > git status -z -uall [2ms]
2024-09-06 21:04:56.084 [info] > git for-each-ref --format=%(refname)%00%(upstream:short)%00%(objectname)%00%(upstream:track)%00%(upstream:remotename)%00%(upstream:remoteref) refs/heads/main refs/remotes/main [4ms]
2024-09-06 21:04:56.090 [info] > git config --local branch.main.vscode-merge-base [2ms]
2024-09-06 21:04:56.090 [warning] [Git][config] git config failed: Failed to execute git
2024-09-06 21:04:56.097 [info] > git reflog main --grep-reflog=branch: Created from *. [2ms]
2024-09-06 21:04:56.102 [info] > git symbolic-ref --short refs/remotes/origin/HEAD [2ms]
2024-09-06 21:04:56.102 [info] fatal: ref refs/remotes/origin/HEAD is not a symbolic ref
2024-09-06 21:04:56.109 [info] > git merge-base refs/heads/main refs/remotes/origin/main [2ms]
2024-09-06 21:04:56.116 [info] > git rev-list --count --left-right refs/heads/main...refs/remotes/origin/main [1ms]
2024-09-06 21:04:56.122 [info] > git diff --name-status -z --diff-filter=ADMR 752488077307ef9449a2e0f880d61c15192552dc...refs/remotes/origin/main [2ms]
2024-09-06 21:04:57.171 [info] > git ls-files --stage -- /root/repos/website/index.html [1ms]
2024-09-06 21:04:57.176 [info] > git cat-file -s b9435fdae11e67d9bd17f6500a425a60ca302645 [2ms]
2024-09-06 21:04:57.187 [info] > git show --textconv :index.html [2ms]
2024-09-06 21:05:04.966 [info] > git config --get commit.template [4ms]
2024-09-06 21:05:04.968 [info] > git for-each-ref --format=%(refname)%00%(upstream:short)%00%(objectname)%00%(upstream:track)%00%(upstream:remotename)%00%(upstream:remoteref) refs/heads/main refs/remotes/main [3ms]
2024-09-06 21:05:04.976 [info] > git status -z -uall [3ms]
2024-09-06 21:05:04.991 [info] > git for-each-ref --format=%(refname)%00%(upstream:short)%00%(objectname)%00%(upstream:track)%00%(upstream:remotename)%00%(upstream:remoteref) refs/heads/main refs/remotes/main [9ms]
2024-09-06 21:05:04.997 [info] > git config --local branch.main.vscode-merge-base [1ms]
2024-09-06 21:05:04.997 [warning] [Git][config] git config failed: Failed to execute git
2024-09-06 21:05:05.005 [info] > git reflog main --grep-reflog=branch: Created from *. [2ms]
2024-09-06 21:05:05.010 [info] > git symbolic-ref --short refs/remotes/origin/HEAD [3ms]
2024-09-06 21:05:05.010 [info] fatal: ref refs/remotes/origin/HEAD is not a symbolic ref
2024-09-06 21:05:05.021 [info] > git merge-base refs/heads/main refs/remotes/origin/main [5ms]
2024-09-06 21:05:05.029 [info] > git rev-list --count --left-right refs/heads/main...refs/remotes/origin/main [3ms]
2024-09-06 21:05:05.036 [info] > git diff --name-status -z --diff-filter=ADMR bfee7e1d9b38f6ef6814c2a8a7e95f77a3f9cf33...refs/remotes/origin/main [3ms]
2024-09-06 21:05:06.125 [info] > git config --get commit.template [5ms]
2024-09-06 21:05:06.126 [info] > git for-each-ref --format=%(refname)%00%(upstream:short)%00%(objectname)%00%(upstream:track)%00%(upstream:remotename)%00%(upstream:remoteref) refs/heads/main refs/remotes/main [2ms]
2024-09-06 21:05:06.131 [info] > git status -z -uall [1ms]
2024-09-06 21:05:06.147 [info] > git for-each-ref --format=%(refname)%00%(upstream:short)%00%(objectname)%00%(upstream:track)%00%(upstream:remotename)%00%(upstream:remoteref) refs/heads/main refs/remotes/main [8ms]
2024-09-06 21:05:06.161 [info] > git config --local branch.main.vscode-merge-base [4ms]
2024-09-06 21:05:06.161 [warning] [Git][config] git config failed: Failed to execute git
2024-09-06 21:05:06.168 [info] > git reflog main --grep-reflog=branch: Created from *. [2ms]
2024-09-06 21:05:06.173 [info] > git symbolic-ref --short refs/remotes/origin/HEAD [1ms]
2024-09-06 21:05:06.173 [info] fatal: ref refs/remotes/origin/HEAD is not a symbolic ref
2024-09-06 21:05:06.226 [info] > git ls-files --stage -- /root/repos/website/index.html [1ms]
2024-09-06 21:05:06.231 [info] > git cat-file -s b9435fdae11e67d9bd17f6500a425a60ca302645 [2ms]
2024-09-06 21:05:06.241 [info] > git show --textconv :index.html [2ms]
2024-09-06 21:07:17.224 [info] > git show --textconv :index.html [5ms]
2024-09-06 21:07:17.227 [info] > git ls-files --stage -- /root/repos/website/index.html [3ms]
2024-09-06 21:07:17.232 [info] > git cat-file -s b9435fdae11e67d9bd17f6500a425a60ca302645 [2ms]
2024-09-06 21:11:35.928 [info] > git show --textconv :README.md [5ms]
2024-09-06 21:11:35.932 [info] > git ls-files --stage -- /root/repos/website/README.md [5ms]
2024-09-06 21:11:35.937 [info] > git cat-file -s ffaadf8261ce84146d2ff8b3407171054b3c67b6 [2ms]
2024-09-06 21:11:37.088 [info] > git show --textconv :index.html [5ms]
2024-09-06 21:11:37.089 [info] > git ls-files --stage -- /root/repos/website/index.html [3ms]
2024-09-06 21:11:37.093 [info] > git cat-file -s b9435fdae11e67d9bd17f6500a425a60ca302645 [2ms]
2024-09-06 21:11:47.241 [info] > git show --textconv :index.html [5ms]
2024-09-06 21:11:47.243 [info] > git ls-files --stage -- /root/repos/website/index.html [2ms]
2024-09-06 21:11:47.247 [info] > git cat-file -s b9435fdae11e67d9bd17f6500a425a60ca302645 [2ms]
2024-09-06 21:12:43.861 [info] > git config --get commit.template [7ms]
2024-09-06 21:12:43.861 [info] > git for-each-ref --format=%(refname)%00%(upstream:short)%00%(objectname)%00%(upstream:track)%00%(upstream:remotename)%00%(upstream:remoteref) refs/heads/main refs/remotes/main [2ms]
2024-09-06 21:12:43.870 [info] > git status -z -uall [3ms]
2024-09-06 21:12:43.884 [info] > git for-each-ref --format=%(refname)%00%(upstream:short)%00%(objectname)%00%(upstream:track)%00%(upstream:remotename)%00%(upstream:remoteref) refs/heads/main refs/remotes/main [6ms]
2024-09-06 21:12:43.890 [info] > git config --local branch.main.vscode-merge-base [2ms]
2024-09-06 21:12:43.890 [warning] [Git][config] git config failed: Failed to execute git
2024-09-06 21:12:43.899 [info] > git reflog main --grep-reflog=branch: Created from *. [4ms]
2024-09-06 21:12:43.904 [info] > git symbolic-ref --short refs/remotes/origin/HEAD [2ms]
2024-09-06 21:12:43.904 [info] fatal: ref refs/remotes/origin/HEAD is not a symbolic ref
2024-09-06 21:14:41.418 [info] > git config --get commit.template [6ms]
2024-09-06 21:14:41.419 [info] > git for-each-ref --format=%(refname)%00%(upstream:short)%00%(objectname)%00%(upstream:track)%00%(upstream:remotename)%00%(upstream:remoteref) refs/heads/main refs/remotes/main [1ms]
2024-09-06 21:14:41.424 [info] > git status -z -uall [2ms]
2024-09-06 21:14:41.433 [info] > git for-each-ref --format=%(refname)%00%(upstream:short)%00%(objectname)%00%(upstream:track)%00%(upstream:remotename)%00%(upstream:remoteref) refs/heads/main refs/remotes/main [4ms]
2024-09-06 21:14:41.439 [info] > git config --local branch.main.vscode-merge-base [2ms]
2024-09-06 21:14:41.439 [warning] [Git][config] git config failed: Failed to execute git
2024-09-06 21:14:41.444 [info] > git reflog main --grep-reflog=branch: Created from *. [2ms]
2024-09-06 21:14:41.449 [info] > git symbolic-ref --short refs/remotes/origin/HEAD [2ms]
2024-09-06 21:14:41.449 [info] fatal: ref refs/remotes/origin/HEAD is not a symbolic ref
2024-09-06 21:14:47.167 [info] > git config --get commit.template [5ms]
2024-09-06 21:14:47.168 [info] > git for-each-ref --format=%(refname)%00%(upstream:short)%00%(objectname)%00%(upstream:track)%00%(upstream:remotename)%00%(upstream:remoteref) refs/heads/main refs/remotes/main [2ms]
2024-09-06 21:14:47.174 [info] > git status -z -uall [2ms]
2024-09-06 21:14:47.180 [info] > git for-each-ref --format=%(refname)%00%(upstream:short)%00%(objectname)%00%(upstream:track)%00%(upstream:remotename)%00%(upstream:remoteref) refs/heads/main refs/remotes/main [2ms]
2024-09-06 21:14:47.188 [info] > git config --local branch.main.vscode-merge-base [2ms]
2024-09-06 21:14:47.189 [warning] [Git][config] git config failed: Failed to execute git
2024-09-06 21:14:47.195 [info] > git reflog main --grep-reflog=branch: Created from *. [3ms]
2024-09-06 21:14:47.200 [info] > git symbolic-ref --short refs/remotes/origin/HEAD [2ms]
2024-09-06 21:14:47.200 [info] fatal: ref refs/remotes/origin/HEAD is not a symbolic ref
2024-09-06 21:15:09.403 [info] > git show --textconv :index.html [4ms]
2024-09-06 21:15:09.405 [info] > git ls-files --stage -- /root/repos/website/index.html [3ms]
2024-09-06 21:15:09.409 [info] > git cat-file -s b9435fdae11e67d9bd17f6500a425a60ca302645 [1ms]
2024-09-06 21:15:12.607 [info] > git show --textconv :README.md [4ms]
2024-09-06 21:15:12.608 [info] > git ls-files --stage -- /root/repos/website/README.md [3ms]
2024-09-06 21:15:12.616 [info] > git cat-file -s ffaadf8261ce84146d2ff8b3407171054b3c67b6 [3ms]
2024-09-06 21:15:23.531 [info] > git config --get commit.template [6ms]
2024-09-06 21:15:23.532 [info] > git for-each-ref --format=%(refname)%00%(upstream:short)%00%(objectname)%00%(upstream:track)%00%(upstream:remotename)%00%(upstream:remoteref) refs/heads/main refs/remotes/main [1ms]
2024-09-06 21:15:23.537 [info] > git status -z -uall [2ms]
2024-09-06 21:15:23.545 [info] > git for-each-ref --format=%(refname)%00%(upstream:short)%00%(objectname)%00%(upstream:track)%00%(upstream:remotename)%00%(upstream:remoteref) refs/heads/main refs/remotes/main [2ms]
2024-09-06 21:15:23.551 [info] > git config --local branch.main.vscode-merge-base [2ms]
2024-09-06 21:15:23.551 [warning] [Git][config] git config failed: Failed to execute git
2024-09-06 21:15:23.559 [info] > git reflog main --grep-reflog=branch: Created from *. [4ms]
2024-09-06 21:15:23.565 [info] > git symbolic-ref --short refs/remotes/origin/HEAD [2ms]
2024-09-06 21:15:23.565 [info] fatal: ref refs/remotes/origin/HEAD is not a symbolic ref
2024-09-06 21:15:24.621 [info] > git config --get commit.template [5ms]
2024-09-06 21:15:24.622 [info] > git for-each-ref --format=%(refname)%00%(upstream:short)%00%(objectname)%00%(upstream:track)%00%(upstream:remotename)%00%(upstream:remoteref) refs/heads/main refs/remotes/main [3ms]
2024-09-06 21:15:24.628 [info] > git status -z -uall [2ms]
2024-09-06 21:15:24.635 [info] > git for-each-ref --format=%(refname)%00%(upstream:short)%00%(objectname)%00%(upstream:track)%00%(upstream:remotename)%00%(upstream:remoteref) refs/heads/main refs/remotes/main [2ms]
2024-09-06 21:15:24.641 [info] > git config --local branch.main.vscode-merge-base [1ms]
2024-09-06 21:15:24.641 [warning] [Git][config] git config failed: Failed to execute git
2024-09-06 21:15:24.650 [info] > git reflog main --grep-reflog=branch: Created from *. [4ms]
2024-09-06 21:15:24.654 [info] > git symbolic-ref --short refs/remotes/origin/HEAD [2ms]
2024-09-06 21:15:24.654 [info] fatal: ref refs/remotes/origin/HEAD is not a symbolic ref
2024-09-06 21:15:46.024 [info] > git config --get commit.template [5ms]
2024-09-06 21:15:46.025 [info] > git for-each-ref --format=%(refname)%00%(upstream:short)%00%(objectname)%00%(upstream:track)%00%(upstream:remotename)%00%(upstream:remoteref) refs/heads/main refs/remotes/main [1ms]
2024-09-06 21:15:46.030 [info] > git status -z -uall [2ms]
2024-09-06 21:15:46.036 [info] > git for-each-ref --format=%(refname)%00%(upstream:short)%00%(objectname)%00%(upstream:track)%00%(upstream:remotename)%00%(upstream:remoteref) refs/heads/main refs/remotes/main [2ms]
2024-09-06 21:15:46.043 [info] > git config --local branch.main.vscode-merge-base [3ms]
2024-09-06 21:15:46.043 [warning] [Git][config] git config failed: Failed to execute git
2024-09-06 21:15:46.049 [info] > git reflog main --grep-reflog=branch: Created from *. [3ms]
2024-09-06 21:15:46.053 [info] > git symbolic-ref --short refs/remotes/origin/HEAD [1ms]
2024-09-06 21:15:46.053 [info] fatal: ref refs/remotes/origin/HEAD is not a symbolic ref
2024-09-06 21:15:51.312 [info] > git config --get commit.template [5ms]
2024-09-06 21:15:51.314 [info] > git for-each-ref --format=%(refname)%00%(upstream:short)%00%(objectname)%00%(upstream:track)%00%(upstream:remotename)%00%(upstream:remoteref) refs/heads/main refs/remotes/main [3ms]
2024-09-06 21:15:51.322 [info] > git status -z -uall [2ms]
2024-09-06 21:15:51.331 [info] > git for-each-ref --format=%(refname)%00%(upstream:short)%00%(objectname)%00%(upstream:track)%00%(upstream:remotename)%00%(upstream:remoteref) refs/heads/main refs/remotes/main [4ms]
2024-09-06 21:15:51.337 [info] > git config --local branch.main.vscode-merge-base [2ms]
2024-09-06 21:15:51.337 [warning] [Git][config] git config failed: Failed to execute git
2024-09-06 21:15:51.344 [info] > git reflog main --grep-reflog=branch: Created from *. [3ms]
2024-09-06 21:15:51.348 [info] > git symbolic-ref --short refs/remotes/origin/HEAD [2ms]
2024-09-06 21:15:51.348 [info] fatal: ref refs/remotes/origin/HEAD is not a symbolic ref
2024-09-06 21:15:51.354 [info] > git merge-base refs/heads/main refs/remotes/origin/main [2ms]
2024-09-06 21:15:51.361 [info] > git rev-list --count --left-right refs/heads/main...refs/remotes/origin/main [2ms]
2024-09-06 21:15:51.368 [info] > git diff --name-status -z --diff-filter=ADMR bfee7e1d9b38f6ef6814c2a8a7e95f77a3f9cf33...refs/remotes/origin/main [2ms]
2024-09-06 21:15:52.429 [info] > git config --get commit.template [4ms]
2024-09-06 21:15:52.430 [info] > git for-each-ref --format=%(refname)%00%(upstream:short)%00%(objectname)%00%(upstream:track)%00%(upstream:remotename)%00%(upstream:remoteref) refs/heads/main refs/remotes/main [2ms]
2024-09-06 21:15:52.435 [info] > git status -z -uall [2ms]
2024-09-06 21:15:52.441 [info] > git for-each-ref --format=%(refname)%00%(upstream:short)%00%(objectname)%00%(upstream:track)%00%(upstream:remotename)%00%(upstream:remoteref) refs/heads/main refs/remotes/main [2ms]
2024-09-06 21:15:52.446 [info] > git config --local branch.main.vscode-merge-base [1ms]
2024-09-06 21:15:52.447 [warning] [Git][config] git config failed: Failed to execute git
2024-09-06 21:15:52.452 [info] > git reflog main --grep-reflog=branch: Created from *. [2ms]
2024-09-06 21:15:52.456 [info] > git symbolic-ref --short refs/remotes/origin/HEAD [1ms]
2024-09-06 21:15:52.457 [info] fatal: ref refs/remotes/origin/HEAD is not a symbolic ref
2024-09-06 21:15:58.592 [info] > git config --get commit.template [2ms]
2024-09-06 21:15:58.597 [info] > git for-each-ref --format=%(refname)%00%(upstream:short)%00%(objectname)%00%(upstream:track)%00%(upstream:remotename)%00%(upstream:remoteref) refs/heads/main refs/remotes/main [2ms]
2024-09-06 21:15:58.603 [info] > git status -z -uall [2ms]
2024-09-06 21:15:58.612 [info] > git for-each-ref --format=%(refname)%00%(upstream:short)%00%(objectname)%00%(upstream:track)%00%(upstream:remotename)%00%(upstream:remoteref) refs/heads/main refs/remotes/main [5ms]
2024-09-06 21:15:58.618 [info] > git config --local branch.main.vscode-merge-base [2ms]
2024-09-06 21:15:58.618 [warning] [Git][config] git config failed: Failed to execute git
2024-09-06 21:15:58.626 [info] > git reflog main --grep-reflog=branch: Created from *. [4ms]
2024-09-06 21:15:58.631 [info] > git symbolic-ref --short refs/remotes/origin/HEAD [1ms]
2024-09-06 21:15:58.631 [info] fatal: ref refs/remotes/origin/HEAD is not a symbolic ref
2024-09-06 21:15:58.637 [info] > git merge-base refs/heads/main refs/remotes/origin/main [2ms]
2024-09-06 21:15:58.642 [info] > git rev-list --count --left-right refs/heads/main...refs/remotes/origin/main [2ms]
2024-09-06 21:15:58.648 [info] > git diff --name-status -z --diff-filter=ADMR 901efca6d3552d0f3bc3f0f1ec744820b06cd889...refs/remotes/origin/main [2ms]
2024-09-06 21:16:01.129 [info] > git config --get commit.template [16ms]
2024-09-06 21:16:01.131 [info] > git for-each-ref --format=%(refname)%00%(upstream:short)%00%(objectname)%00%(upstream:track)%00%(upstream:remotename)%00%(upstream:remoteref) refs/heads/main refs/remotes/main [4ms]
2024-09-06 21:16:01.146 [info] > git status -z -uall [3ms]
2024-09-06 21:16:01.163 [info] > git for-each-ref --format=%(refname)%00%(upstream:short)%00%(objectname)%00%(upstream:track)%00%(upstream:remotename)%00%(upstream:remoteref) refs/heads/main refs/remotes/main [8ms]
2024-09-06 21:16:01.172 [info] > git config --local branch.main.vscode-merge-base [2ms]
2024-09-06 21:16:01.172 [warning] [Git][config] git config failed: Failed to execute git
2024-09-06 21:16:01.182 [info] > git reflog main --grep-reflog=branch: Created from *. [4ms]
2024-09-06 21:16:01.192 [info] > git symbolic-ref --short refs/remotes/origin/HEAD [3ms]
2024-09-06 21:16:01.192 [info] fatal: ref refs/remotes/origin/HEAD is not a symbolic ref
