2024-09-14 13:07:49.690 [info] [main] ログ レベル: Info
2024-09-14 13:07:49.690 [info] [main] Git の検証が検出されました: "git"
2024-09-14 13:07:49.690 [info] [main] "git" から Git "2.34.1" を使用しています
2024-09-14 13:07:49.690 [info] [Model][doInitialScan] Initial repository scan started
2024-09-14 13:07:49.690 [info] > git rev-parse --show-toplevel [29ms]
2024-09-14 13:07:49.772 [info] > git rev-parse --show-toplevel [9ms]
2024-09-14 13:07:50.348 [info] > git rev-parse --show-toplevel [567ms]
2024-09-14 13:07:50.364 [info] > git rev-parse --git-dir --git-common-dir [11ms]
2024-09-14 13:07:50.425 [info] [Model][openRepository] Opened repository: /root/repos/sample_website
2024-09-14 13:07:50.449 [info] > git config --get commit.template [15ms]
2024-09-14 13:07:50.466 [info] > git rev-parse --show-toplevel [29ms]
2024-09-14 13:07:50.472 [info] > git rev-parse --git-dir --git-common-dir [2ms]
2024-09-14 13:07:50.478 [info] [Model][openRepository] Opened repository: /root/repos/website
2024-09-14 13:07:50.494 [info] [Model][doInitialScan] Initial repository scan completed - repositories (2), closed repositories (0), parent repositories (1), unsafe repositories (0)
2024-09-14 13:07:50.505 [info] > git for-each-ref --format=%(refname)%00%(upstream:short)%00%(objectname)%00%(upstream:track)%00%(upstream:remotename)%00%(upstream:remoteref) refs/heads/main refs/remotes/main [60ms]
2024-09-14 13:07:50.510 [info] > git config --get commit.template [7ms]
2024-09-14 13:07:50.526 [info] > git for-each-ref --format=%(refname)%00%(upstream:short)%00%(objectname)%00%(upstream:track)%00%(upstream:remotename)%00%(upstream:remoteref) refs/heads/main refs/remotes/main [11ms]
2024-09-14 13:07:50.535 [info] > git status -z -uall [12ms]
2024-09-14 13:07:50.574 [info] > git status -z -uall [42ms]
2024-09-14 13:07:50.574 [info] > git for-each-ref --format=%(refname)%00%(upstream:short)%00%(objectname)%00%(upstream:track)%00%(upstream:remotename)%00%(upstream:remoteref) refs/heads/main refs/remotes/main [25ms]
2024-09-14 13:07:50.606 [info] > git for-each-ref --format=%(refname)%00%(upstream:short)%00%(objectname)%00%(upstream:track)%00%(upstream:remotename)%00%(upstream:remoteref) refs/heads/main refs/remotes/main [20ms]
2024-09-14 13:07:50.611 [info] > git config --local branch.main.vscode-merge-base [31ms]
2024-09-14 13:07:50.611 [warning] [Git][config] git config failed: Failed to execute git
2024-09-14 13:07:50.619 [info] > git config --get commit.template [46ms]
2024-09-14 13:07:50.621 [info] > git config --local branch.main.vscode-merge-base [11ms]
2024-09-14 13:07:50.621 [warning] [Git][config] git config failed: Failed to execute git
2024-09-14 13:07:50.625 [info] > git config --get commit.template [22ms]
2024-09-14 13:07:50.635 [info] > git for-each-ref --format=%(refname)%00%(upstream:short)%00%(objectname)%00%(upstream:track)%00%(upstream:remotename)%00%(upstream:remoteref) refs/heads/main refs/remotes/main [5ms]
2024-09-14 13:07:50.638 [info] > git for-each-ref --format=%(refname)%00%(upstream:short)%00%(objectname)%00%(upstream:track)%00%(upstream:remotename)%00%(upstream:remoteref) refs/heads/main refs/remotes/main [4ms]
2024-09-14 13:07:50.639 [info] > git reflog main --grep-reflog=branch: Created from *. [22ms]
2024-09-14 13:07:50.674 [info] > git symbolic-ref --short refs/remotes/origin/HEAD [31ms]
2024-09-14 13:07:50.674 [info] fatal: ref refs/remotes/origin/HEAD is not a symbolic ref
2024-09-14 13:07:50.678 [info] > git reflog main --grep-reflog=branch: Created from *. [53ms]
2024-09-14 13:07:50.683 [info] > git status -z -uall [10ms]
2024-09-14 13:07:50.683 [info] > git merge-base refs/heads/main refs/remotes/origin/main [5ms]
2024-09-14 13:07:50.701 [info] > git for-each-ref --format=%(refname)%00%(upstream:short)%00%(objectname)%00%(upstream:track)%00%(upstream:remotename)%00%(upstream:remoteref) refs/heads/main refs/remotes/main [8ms]
2024-09-14 13:07:50.706 [info] > git rev-list --count --left-right refs/heads/main...refs/remotes/origin/main [19ms]
2024-09-14 13:07:50.721 [info] > git symbolic-ref --short refs/remotes/origin/HEAD [40ms]
2024-09-14 13:07:50.721 [info] fatal: ref refs/remotes/origin/HEAD is not a symbolic ref
2024-09-14 13:07:50.728 [info] > git status -z -uall [29ms]
2024-09-14 13:07:50.729 [info] > git diff --name-status -z --diff-filter=ADMR 0fa58782567d39b78a79b05ba4215ba60fff69b9...refs/remotes/origin/main [9ms]
2024-09-14 13:07:50.730 [info] > git config --local branch.main.vscode-merge-base [24ms]
2024-09-14 13:07:50.730 [warning] [Git][config] git config failed: Failed to execute git
2024-09-14 13:07:50.747 [info] > git for-each-ref --format=%(refname)%00%(upstream:short)%00%(objectname)%00%(upstream:track)%00%(upstream:remotename)%00%(upstream:remoteref) refs/heads/main refs/remotes/main [6ms]
2024-09-14 13:07:50.755 [info] > git reflog main --grep-reflog=branch: Created from *. [22ms]
2024-09-14 13:07:50.759 [info] > git merge-base refs/heads/main refs/remotes/origin/main [33ms]
2024-09-14 13:07:50.767 [info] > git symbolic-ref --short refs/remotes/origin/HEAD [8ms]
2024-09-14 13:07:50.767 [info] fatal: ref refs/remotes/origin/HEAD is not a symbolic ref
2024-09-14 13:07:50.767 [info] > git config --local branch.main.vscode-merge-base [13ms]
2024-09-14 13:07:50.767 [warning] [Git][config] git config failed: Failed to execute git
2024-09-14 13:07:50.772 [info] > git rev-list --count --left-right refs/heads/main...refs/remotes/origin/main [8ms]
2024-09-14 13:07:50.778 [info] > git reflog main --grep-reflog=branch: Created from *. [8ms]
2024-09-14 13:07:50.782 [info] > git diff --name-status -z --diff-filter=ADMR 72dc4a4c8e486eb6c2a7dc79d5735c7b7256f412...refs/remotes/origin/main [5ms]
2024-09-14 13:07:50.784 [info] > git symbolic-ref --short refs/remotes/origin/HEAD [3ms]
2024-09-14 13:07:50.784 [info] fatal: ref refs/remotes/origin/HEAD is not a symbolic ref
2024-09-14 13:07:52.506 [info] > git check-ignore -v -z --stdin [7ms]
2024-09-14 13:07:52.508 [info] > git check-ignore -v -z --stdin [5ms]
2024-09-14 13:09:55.283 [info] > git ls-files --stage -- /root/repos/sample_website/moby_dick.html [3ms]
2024-09-14 13:09:55.535 [info] > git show --textconv :moby_dick.html [270ms]
2024-09-14 13:09:55.536 [info] > git cat-file -s a445b2df735a09c18d59dff09127a16673fcdf5c [244ms]
2024-09-14 13:09:55.566 [info] > git log --format=%H%n%aN%n%aE%n%at%n%ct%n%P%n%D%n%B -z -n138 --follow -- /root/repos/sample_website/moby_dick.html [349ms]
2024-09-14 13:10:21.384 [info] > git log --format=%H%n%aN%n%aE%n%at%n%ct%n%P%n%D%n%B -z -n138 --follow -- /root/repos/sample_website/moby_dick.html [7ms]
2024-09-14 13:10:21.520 [info] > git show --textconv :moby_dick.html [7ms]
2024-09-14 13:10:21.521 [info] > git ls-files --stage -- /root/repos/sample_website/moby_dick.html [3ms]
2024-09-14 13:10:21.526 [info] > git cat-file -s a445b2df735a09c18d59dff09127a16673fcdf5c [2ms]
2024-09-14 13:10:42.210 [info] > git log --format=%H%n%aN%n%aE%n%at%n%ct%n%P%n%D%n%B -z -n120 --follow -- /root/repos/sample_website/moby_dick.html [6ms]
2024-09-14 13:10:42.350 [info] > git show --textconv :moby_dick.html [8ms]
2024-09-14 13:10:42.351 [info] > git ls-files --stage -- /root/repos/sample_website/moby_dick.html [2ms]
2024-09-14 13:10:42.358 [info] > git cat-file -s a445b2df735a09c18d59dff09127a16673fcdf5c [2ms]
2024-09-14 13:12:29.516 [info] > git config --get commit.template [10ms]
2024-09-14 13:12:29.518 [info] > git for-each-ref --format=%(refname)%00%(upstream:short)%00%(objectname)%00%(upstream:track)%00%(upstream:remotename)%00%(upstream:remoteref) refs/heads/main refs/remotes/main [3ms]
2024-09-14 13:12:29.536 [info] > git status -z -uall [7ms]
2024-09-14 13:12:29.552 [info] > git for-each-ref --format=%(refname)%00%(upstream:short)%00%(objectname)%00%(upstream:track)%00%(upstream:remotename)%00%(upstream:remoteref) refs/heads/main refs/remotes/main [4ms]
2024-09-14 13:12:29.558 [info] > git config --local branch.main.vscode-merge-base [2ms]
2024-09-14 13:12:29.559 [warning] [Git][config] git config failed: Failed to execute git
2024-09-14 13:12:29.565 [info] > git reflog main --grep-reflog=branch: Created from *. [3ms]
2024-09-14 13:12:29.570 [info] > git symbolic-ref --short refs/remotes/origin/HEAD [2ms]
2024-09-14 13:12:29.570 [info] fatal: ref refs/remotes/origin/HEAD is not a symbolic ref
2024-09-14 13:12:42.987 [info] > git log --format=%H%n%aN%n%aE%n%at%n%ct%n%P%n%D%n%B -z -n120 --follow -- /root/repos/sample_website/moby_dick.html [6ms]
2024-09-14 13:12:43.121 [info] > git show --textconv :moby_dick.html [6ms]
2024-09-14 13:12:43.122 [info] > git ls-files --stage -- /root/repos/sample_website/moby_dick.html [2ms]
2024-09-14 13:12:43.130 [info] > git cat-file -s a445b2df735a09c18d59dff09127a16673fcdf5c [2ms]
2024-09-14 13:12:52.333 [info] > git log --format=%H%n%aN%n%aE%n%at%n%ct%n%P%n%D%n%B -z -n120 --follow -- /root/repos/sample_website/moby_dick.html [9ms]
2024-09-14 13:12:52.477 [info] > git show --textconv :moby_dick.html [8ms]
2024-09-14 13:12:52.480 [info] > git ls-files --stage -- /root/repos/sample_website/moby_dick.html [4ms]
2024-09-14 13:12:52.485 [info] > git cat-file -s a445b2df735a09c18d59dff09127a16673fcdf5c [2ms]
2024-09-14 13:21:46.561 [info] > git config --get commit.template [9ms]
2024-09-14 13:21:46.562 [info] > git for-each-ref --format=%(refname)%00%(upstream:short)%00%(objectname)%00%(upstream:track)%00%(upstream:remotename)%00%(upstream:remoteref) refs/heads/main refs/remotes/main [4ms]
2024-09-14 13:21:46.572 [info] > git status -z -uall [2ms]
2024-09-14 13:21:46.587 [info] > git for-each-ref --format=%(refname)%00%(upstream:short)%00%(objectname)%00%(upstream:track)%00%(upstream:remotename)%00%(upstream:remoteref) refs/heads/main refs/remotes/main [6ms]
2024-09-14 13:21:46.599 [info] > git config --local branch.main.vscode-merge-base [7ms]
2024-09-14 13:21:46.600 [warning] [Git][config] git config failed: Failed to execute git
2024-09-14 13:21:46.608 [info] > git reflog main --grep-reflog=branch: Created from *. [3ms]
2024-09-14 13:21:46.615 [info] > git symbolic-ref --short refs/remotes/origin/HEAD [2ms]
2024-09-14 13:21:46.615 [info] fatal: ref refs/remotes/origin/HEAD is not a symbolic ref
2024-09-14 13:21:49.024 [info] > git log --format=%H%n%aN%n%aE%n%at%n%ct%n%P%n%D%n%B -z -n120 --follow -- /root/repos/sample_website/moby_dick.html [5ms]
2024-09-14 13:21:49.247 [info] > git show --textconv :moby_dick.html [5ms]
2024-09-14 13:21:49.250 [info] > git ls-files --stage -- /root/repos/sample_website/moby_dick.html [4ms]
2024-09-14 13:21:49.256 [info] > git cat-file -s a445b2df735a09c18d59dff09127a16673fcdf5c [2ms]
2024-09-14 13:22:14.096 [info] > git config --get commit.template [6ms]
2024-09-14 13:22:14.097 [info] > git for-each-ref --format=%(refname)%00%(upstream:short)%00%(objectname)%00%(upstream:track)%00%(upstream:remotename)%00%(upstream:remoteref) refs/heads/main refs/remotes/main [2ms]
2024-09-14 13:22:14.104 [info] > git status -z -uall [3ms]
2024-09-14 13:22:14.113 [info] > git for-each-ref --format=%(refname)%00%(upstream:short)%00%(objectname)%00%(upstream:track)%00%(upstream:remotename)%00%(upstream:remoteref) refs/heads/main refs/remotes/main [2ms]
2024-09-14 13:22:14.119 [info] > git config --local branch.main.vscode-merge-base [2ms]
2024-09-14 13:22:14.119 [warning] [Git][config] git config failed: Failed to execute git
2024-09-14 13:22:14.126 [info] > git reflog main --grep-reflog=branch: Created from *. [3ms]
2024-09-14 13:22:14.131 [info] > git symbolic-ref --short refs/remotes/origin/HEAD [2ms]
2024-09-14 13:22:14.131 [info] fatal: ref refs/remotes/origin/HEAD is not a symbolic ref
2024-09-14 13:22:15.878 [info] > git log --format=%H%n%aN%n%aE%n%at%n%ct%n%P%n%D%n%B -z -n120 --follow -- /root/repos/sample_website/moby_dick.html [5ms]
2024-09-14 13:22:16.107 [info] > git show --textconv :moby_dick.html [5ms]
2024-09-14 13:22:16.109 [info] > git ls-files --stage -- /root/repos/sample_website/moby_dick.html [2ms]
2024-09-14 13:22:16.116 [info] > git cat-file -s a445b2df735a09c18d59dff09127a16673fcdf5c [3ms]
2024-09-14 13:22:30.810 [info] > git log --format=%H%n%aN%n%aE%n%at%n%ct%n%P%n%D%n%B -z -n120 --follow -- /root/repos/sample_website/moby_dick.html [8ms]
2024-09-14 13:22:30.951 [info] > git show --textconv :moby_dick.html [7ms]
2024-09-14 13:22:30.953 [info] > git ls-files --stage -- /root/repos/sample_website/moby_dick.html [3ms]
2024-09-14 13:22:30.959 [info] > git cat-file -s a445b2df735a09c18d59dff09127a16673fcdf5c [2ms]
2024-09-14 13:22:39.598 [info] > git log --format=%H%n%aN%n%aE%n%at%n%ct%n%P%n%D%n%B -z -n120 --follow -- /root/repos/sample_website/moby_dick.html [6ms]
2024-09-14 13:22:39.745 [info] > git show --textconv :moby_dick.html [8ms]
2024-09-14 13:22:39.746 [info] > git ls-files --stage -- /root/repos/sample_website/moby_dick.html [1ms]
2024-09-14 13:22:39.753 [info] > git cat-file -s a445b2df735a09c18d59dff09127a16673fcdf5c [3ms]
2024-09-14 13:26:12.693 [info] > git config --get commit.template [6ms]
2024-09-14 13:26:12.693 [info] > git for-each-ref --format=%(refname)%00%(upstream:short)%00%(objectname)%00%(upstream:track)%00%(upstream:remotename)%00%(upstream:remoteref) refs/heads/main refs/remotes/main [2ms]
2024-09-14 13:26:12.702 [info] > git status -z -uall [4ms]
2024-09-14 13:26:12.712 [info] > git for-each-ref --format=%(refname)%00%(upstream:short)%00%(objectname)%00%(upstream:track)%00%(upstream:remotename)%00%(upstream:remoteref) refs/heads/main refs/remotes/main [3ms]
2024-09-14 13:26:12.719 [info] > git config --local branch.main.vscode-merge-base [3ms]
2024-09-14 13:26:12.719 [warning] [Git][config] git config failed: Failed to execute git
2024-09-14 13:26:12.727 [info] > git reflog main --grep-reflog=branch: Created from *. [3ms]
2024-09-14 13:26:12.732 [info] > git symbolic-ref --short refs/remotes/origin/HEAD [2ms]
2024-09-14 13:26:12.732 [info] fatal: ref refs/remotes/origin/HEAD is not a symbolic ref
2024-09-14 13:26:15.194 [info] > git log --format=%H%n%aN%n%aE%n%at%n%ct%n%P%n%D%n%B -z -n120 --follow -- /root/repos/sample_website/moby_dick.html [6ms]
2024-09-14 13:26:15.332 [info] > git show --textconv :moby_dick.html [6ms]
2024-09-14 13:26:15.334 [info] > git ls-files --stage -- /root/repos/sample_website/moby_dick.html [2ms]
2024-09-14 13:26:15.341 [info] > git cat-file -s a445b2df735a09c18d59dff09127a16673fcdf5c [2ms]
2024-09-14 13:26:19.271 [info] > git config --get commit.template [6ms]
2024-09-14 13:26:19.273 [info] > git for-each-ref --format=%(refname)%00%(upstream:short)%00%(objectname)%00%(upstream:track)%00%(upstream:remotename)%00%(upstream:remoteref) refs/heads/main refs/remotes/main [3ms]
2024-09-14 13:26:19.281 [info] > git status -z -uall [2ms]
2024-09-14 13:26:19.289 [info] > git for-each-ref --format=%(refname)%00%(upstream:short)%00%(objectname)%00%(upstream:track)%00%(upstream:remotename)%00%(upstream:remoteref) refs/heads/main refs/remotes/main [2ms]
2024-09-14 13:26:19.297 [info] > git config --local branch.main.vscode-merge-base [2ms]
2024-09-14 13:26:19.298 [warning] [Git][config] git config failed: Failed to execute git
2024-09-14 13:26:19.304 [info] > git reflog main --grep-reflog=branch: Created from *. [2ms]
2024-09-14 13:26:19.309 [info] > git symbolic-ref --short refs/remotes/origin/HEAD [2ms]
2024-09-14 13:26:19.309 [info] fatal: ref refs/remotes/origin/HEAD is not a symbolic ref
2024-09-14 13:26:22.293 [info] > git log --format=%H%n%aN%n%aE%n%at%n%ct%n%P%n%D%n%B -z -n120 --follow -- /root/repos/sample_website/moby_dick.html [6ms]
2024-09-14 13:26:22.428 [info] > git show --textconv :moby_dick.html [6ms]
2024-09-14 13:26:22.430 [info] > git ls-files --stage -- /root/repos/sample_website/moby_dick.html [4ms]
2024-09-14 13:26:22.444 [info] > git cat-file -s a445b2df735a09c18d59dff09127a16673fcdf5c [7ms]
2024-09-14 13:26:29.413 [info] > git log --format=%H%n%aN%n%aE%n%at%n%ct%n%P%n%D%n%B -z -n120 --follow -- /root/repos/sample_website/moby_dick.html [10ms]
2024-09-14 13:26:29.604 [info] > git show --textconv :moby_dick.html [5ms]
2024-09-14 13:26:29.606 [info] > git ls-files --stage -- /root/repos/sample_website/moby_dick.html [3ms]
2024-09-14 13:26:29.614 [info] > git cat-file -s a445b2df735a09c18d59dff09127a16673fcdf5c [3ms]
