2024-10-06 20:44:01.133 [info] [main] ログ レベル: Info
2024-10-06 20:44:01.133 [info] [main] Git の検証が検出されました: "git"
2024-10-06 20:44:01.133 [info] [main] "git" から Git "2.34.1" を使用しています
2024-10-06 20:44:01.133 [info] [Model][doInitialScan] Initial repository scan started
2024-10-06 20:44:01.134 [info] > git rev-parse --show-toplevel [33ms]
2024-10-06 20:44:01.485 [info] > git rev-parse --git-dir --git-common-dir [339ms]
2024-10-06 20:44:01.583 [info] [Model][openRepository] Opened repository: /root
2024-10-06 20:44:01.646 [info] > git rev-parse --show-toplevel [16ms]
2024-10-06 20:44:01.658 [info] > git config --get commit.template [31ms]
2024-10-06 20:44:01.712 [info] > git rev-parse --git-dir --git-common-dir [49ms]
2024-10-06 20:44:01.742 [info] [Model][openRepository] Opened repository: /root/repos
2024-10-06 20:44:01.762 [info] > git for-each-ref --format=%(refname)%00%(upstream:short)%00%(objectname)%00%(upstream:track)%00%(upstream:remotename)%00%(upstream:remoteref) refs/heads/main refs/remotes/main [82ms]
2024-10-06 20:44:01.775 [info] > git config --get commit.template [21ms]
2024-10-06 20:44:01.781 [info] [Git][getRemotes] No remotes found in the git config file
2024-10-06 20:44:01.829 [info] > git for-each-ref --sort -committerdate --format %(refname) %(objectname) %(*objectname) [19ms]
2024-10-06 20:44:01.832 [info] > git for-each-ref --format=%(refname)%00%(upstream:short)%00%(objectname)%00%(upstream:track)%00%(upstream:remotename)%00%(upstream:remoteref) refs/heads/main refs/remotes/main [51ms]
2024-10-06 20:44:01.892 [info] > git for-each-ref --sort -committerdate --format %(refname) %(objectname) %(*objectname) [24ms]
2024-10-06 20:44:01.904 [info] > git rev-parse --show-toplevel [14ms]
2024-10-06 20:44:01.913 [info] > git rev-parse --show-toplevel [3ms]
2024-10-06 20:44:01.932 [info] > git status -z -uall [69ms]
2024-10-06 20:44:01.990 [info] > git for-each-ref --format=%(refname)%00%(upstream:short)%00%(objectname)%00%(upstream:track)%00%(upstream:remotename)%00%(upstream:remoteref) refs/heads/main refs/remotes/main [26ms]
2024-10-06 20:44:02.002 [info] > git rev-parse --show-toplevel [72ms]
2024-10-06 20:44:02.011 [info] > git config --local branch.main.vscode-merge-base [9ms]
2024-10-06 20:44:02.012 [warning] [Git][config] git config failed: Failed to execute git
2024-10-06 20:44:02.020 [info] > git config --get commit.template [33ms]
2024-10-06 20:44:02.033 [info] > git rev-parse --show-toplevel [25ms]
2024-10-06 20:44:02.041 [info] [Git][getRemotes] No remotes found in the git config file
2024-10-06 20:44:02.046 [info] > git reflog main --grep-reflog=branch: Created from *. [27ms]
2024-10-06 20:44:02.121 [info] > git symbolic-ref --short refs/remotes/origin/HEAD [65ms]
2024-10-06 20:44:02.121 [info] fatal: ref refs/remotes/origin/HEAD is not a symbolic ref
2024-10-06 20:44:02.121 [warning] [Repository][getDefaultBranch] Failed to get default branch details: Failed to execute git.
2024-10-06 20:44:02.126 [info] > git rev-parse --show-toplevel [82ms]
2024-10-06 20:44:02.133 [info] > git for-each-ref --format=%(refname)%00%(upstream:short)%00%(objectname)%00%(upstream:track)%00%(upstream:remotename)%00%(upstream:remoteref) refs/heads/main refs/remotes/main [91ms]
2024-10-06 20:44:02.164 [info] > git status -z -uall [374ms]
2024-10-06 20:44:02.164 [info] > git status -z -uall [27ms]
2024-10-06 20:44:02.167 [info] > git for-each-ref --sort -committerdate --format %(refname) %(objectname) %(*objectname) [25ms]
2024-10-06 20:44:02.267 [info] > git for-each-ref --format=%(refname)%00%(upstream:short)%00%(objectname)%00%(upstream:track)%00%(upstream:remotename)%00%(upstream:remoteref) refs/heads/main refs/remotes/main [18ms]
2024-10-06 20:44:02.273 [info] > git rev-parse --show-toplevel [116ms]
2024-10-06 20:44:02.293 [info] > git config --local branch.main.vscode-merge-base [21ms]
2024-10-06 20:44:02.293 [warning] [Git][config] git config failed: Failed to execute git
2024-10-06 20:44:02.298 [info] > git config --get commit.template [33ms]
2024-10-06 20:44:02.490 [info] > git reflog main --grep-reflog=branch: Created from *. [192ms]
2024-10-06 20:44:02.496 [info] > git rev-parse --git-dir --git-common-dir [206ms]
2024-10-06 20:44:02.506 [info] [Model][openRepository] Opened repository: /root/.rbenv
2024-10-06 20:44:02.550 [info] > git check-ignore -v -z --stdin [28ms]
2024-10-06 20:44:02.553 [info] > git symbolic-ref --short refs/remotes/origin/HEAD [58ms]
2024-10-06 20:44:02.553 [info] fatal: ref refs/remotes/origin/HEAD is not a symbolic ref
2024-10-06 20:44:02.554 [warning] [Repository][getDefaultBranch] Failed to get default branch details: Failed to execute git.
2024-10-06 20:44:02.566 [info] > git check-ignore -v -z --stdin [51ms]
2024-10-06 20:44:02.568 [info] > git rev-parse --show-toplevel [24ms]
2024-10-06 20:44:02.569 [info] > git config --get commit.template [30ms]
2024-10-06 20:44:02.570 [info] > git for-each-ref --format=%(refname)%00%(upstream:short)%00%(objectname)%00%(upstream:track)%00%(upstream:remotename)%00%(upstream:remoteref) refs/heads/main refs/remotes/main [37ms]
2024-10-06 20:44:02.578 [info] > git merge-base refs/heads/main refs/remotes/origin/main [18ms]
2024-10-06 20:44:02.630 [info] > git rev-parse --show-toplevel [54ms]
2024-10-06 20:44:02.640 [info] > git for-each-ref --format=%(refname)%00%(upstream:short)%00%(objectname)%00%(upstream:track)%00%(upstream:remotename)%00%(upstream:remoteref) refs/heads/master refs/remotes/master [47ms]
2024-10-06 20:44:02.641 [info] > git diff --name-status -z --diff-filter=ADMR bfc1e307d4aba6a29c69e80d941fc26a913d2d0d...refs/remotes/origin/main [55ms]
2024-10-06 20:44:02.660 [warning] [Git][revParse] Unable to read file: ENOENT: no such file or directory, open '/root/.rbenv/.git/refs/remotes/origin/master'
2024-10-06 20:44:02.666 [info] > git rev-parse --show-toplevel [29ms]
2024-10-06 20:44:02.683 [info] > git for-each-ref --sort -committerdate --format %(refname) %(objectname) %(*objectname) [28ms]
2024-10-06 20:44:02.686 [info] > git rev-parse --show-toplevel [7ms]
2024-10-06 20:44:02.686 [info] > git rev-parse refs/remotes/origin/master [26ms]
2024-10-06 20:44:02.710 [info] > git status -z -uall [12ms]
2024-10-06 20:44:02.712 [info] > git rev-parse --show-toplevel [4ms]
2024-10-06 20:44:02.725 [info] > git rev-parse --show-toplevel [7ms]
2024-10-06 20:44:02.726 [info] > git for-each-ref --sort -committerdate --format %(refname) %(objectname) %(*objectname) [22ms]
2024-10-06 20:44:02.761 [info] > git for-each-ref --format=%(refname)%00%(upstream:short)%00%(objectname)%00%(upstream:track)%00%(upstream:remotename)%00%(upstream:remoteref) refs/heads/master refs/remotes/master [23ms]
2024-10-06 20:44:02.773 [info] > git config --local branch.master.vscode-merge-base [4ms]
2024-10-06 20:44:02.779 [info] > git config --get commit.template [20ms]
2024-10-06 20:44:02.779 [info] > git rev-parse --show-toplevel [26ms]
2024-10-06 20:44:02.798 [info] > git status -z -uall [148ms]
2024-10-06 20:44:02.827 [info] > git for-each-ref --format=%(refname)%00%(upstream:short)%00%(objectname)%00%(upstream:track)%00%(upstream:remotename)%00%(upstream:remoteref) refs/heads/origin/master refs/remotes/origin/master [49ms]
2024-10-06 20:44:02.849 [info] > git merge-base refs/heads/master refs/remotes/origin/master [16ms]
2024-10-06 20:44:02.854 [info] > git for-each-ref --format=%(refname)%00%(upstream:short)%00%(objectname)%00%(upstream:track)%00%(upstream:remotename)%00%(upstream:remoteref) refs/heads/master refs/remotes/master [59ms]
2024-10-06 20:44:02.854 [info] > git rev-parse --show-toplevel [65ms]
2024-10-06 20:44:02.864 [warning] [Git][revParse] Unable to read file: ENOENT: no such file or directory, open '/root/.rbenv/.git/refs/remotes/origin/master'
2024-10-06 20:44:02.871 [info] > git diff --name-status -z --diff-filter=ADMR c335ab83de40d48093870d300de52c61bbd68359...refs/remotes/origin/master [17ms]
2024-10-06 20:44:02.890 [info] > git rev-parse --git-dir --git-common-dir [20ms]
2024-10-06 20:44:02.898 [info] [Model][openRepository] Opened repository: /root/sample_website
2024-10-06 20:44:02.900 [info] > git rev-parse refs/remotes/origin/master [37ms]
2024-10-06 20:44:03.052 [info] > git status -z -uall [149ms]
2024-10-06 20:44:03.053 [info] > git for-each-ref --sort -committerdate --format %(refname) %(objectname) %(*objectname) [144ms]
2024-10-06 20:44:03.064 [info] > git rev-parse --show-toplevel [20ms]
2024-10-06 20:44:03.064 [info] > git config --get commit.template [28ms]
2024-10-06 20:44:03.091 [info] > git for-each-ref --format=%(refname)%00%(upstream:short)%00%(objectname)%00%(upstream:track)%00%(upstream:remotename)%00%(upstream:remoteref) refs/heads/main refs/remotes/main [16ms]
2024-10-06 20:44:03.107 [info] > git rev-parse --show-toplevel [36ms]
2024-10-06 20:44:03.114 [info] [Model][doInitialScan] Initial repository scan completed - repositories (4), closed repositories (0), parent repositories (0), unsafe repositories (0)
2024-10-06 20:44:03.130 [info] > git status -z -uall [29ms]
2024-10-06 20:44:03.130 [info] > git show --textconv :css/main.css [9ms]
2024-10-06 20:44:03.132 [info] > git for-each-ref --sort -committerdate --format %(refname) %(objectname) %(*objectname) [25ms]
2024-10-06 20:44:03.153 [info] > git for-each-ref --format=%(refname)%00%(upstream:short)%00%(objectname)%00%(upstream:track)%00%(upstream:remotename)%00%(upstream:remoteref) refs/heads/main refs/remotes/main [13ms]
2024-10-06 20:44:03.158 [info] > git ls-files --stage -- /root/repos/css/main.css [33ms]
2024-10-06 20:44:03.275 [info] > git check-ignore -v -z --stdin [104ms]
2024-10-06 20:44:03.276 [info] > git check-ignore -v -z --stdin [101ms]
2024-10-06 20:44:03.277 [info] > git check-ignore -v -z --stdin [34ms]
2024-10-06 20:44:03.288 [info] > git cat-file -s 4f65fef7abd574c7ef2a05a91bcd9f28249df00e [125ms]
2024-10-06 20:44:03.289 [info] > git config --local branch.main.vscode-merge-base [131ms]
2024-10-06 20:44:03.290 [warning] [Git][config] git config failed: Failed to execute git
2024-10-06 20:44:03.294 [info] > git config --get commit.template [143ms]
2024-10-06 20:44:03.306 [info] > git reflog main --grep-reflog=branch: Created from *. [13ms]
2024-10-06 20:44:03.327 [info] > git symbolic-ref --short refs/remotes/origin/HEAD [7ms]
2024-10-06 20:44:03.327 [info] fatal: ref refs/remotes/origin/HEAD is not a symbolic ref
2024-10-06 20:44:03.327 [warning] [Repository][getDefaultBranch] Failed to get default branch details: Failed to execute git.
2024-10-06 20:44:03.338 [info] > git for-each-ref --format=%(refname)%00%(upstream:short)%00%(objectname)%00%(upstream:track)%00%(upstream:remotename)%00%(upstream:remoteref) refs/heads/main refs/remotes/main [14ms]
2024-10-06 20:44:03.388 [info] > git status -z -uall [37ms]
2024-10-06 20:44:03.404 [info] > git for-each-ref --sort -committerdate --format %(refname) %(objectname) %(*objectname) [48ms]
2024-10-06 20:55:00.962 [info] > git ls-files --stage -- /root/repos/css/main.css [24ms]
2024-10-06 20:55:00.969 [info] > git show --textconv :css/main.css [36ms]
2024-10-06 20:55:00.970 [info] > git cat-file -s 4f65fef7abd574c7ef2a05a91bcd9f28249df00e [2ms]
2024-10-06 20:57:00.990 [info] > git ls-files --stage -- /root/repos/_includes/header.html [101ms]
2024-10-06 20:57:01.003 [info] > git show --textconv :_includes/header.html [120ms]
2024-10-06 20:57:01.008 [info] > git cat-file -s 2afa3bf9fa5ca077cccb801bd58c091b8d9cc3cc [10ms]
2024-10-06 20:57:18.878 [info] > git config --get commit.template [5ms]
2024-10-06 20:57:18.879 [info] > git config --get commit.template [2ms]
2024-10-06 20:57:18.887 [info] [Git][getRemotes] No remotes found in the git config file
2024-10-06 20:57:18.889 [info] > git for-each-ref --format=%(refname)%00%(upstream:short)%00%(objectname)%00%(upstream:track)%00%(upstream:remotename)%00%(upstream:remoteref) refs/heads/main refs/remotes/main [2ms]
2024-10-06 20:57:18.900 [info] > git for-each-ref --format=%(refname)%00%(upstream:short)%00%(objectname)%00%(upstream:track)%00%(upstream:remotename)%00%(upstream:remoteref) refs/heads/main refs/remotes/main [17ms]
2024-10-06 20:57:18.901 [info] > git for-each-ref --sort -committerdate --format %(refname) %(objectname) %(*objectname) [3ms]
2024-10-06 20:57:18.903 [info] > git status -z -uall [9ms]
2024-10-06 20:57:18.924 [info] > git for-each-ref --sort -committerdate --format %(refname) %(objectname) %(*objectname) [4ms]
2024-10-06 20:57:19.804 [info] > git status -z -uall [890ms]
2024-10-06 20:58:24.047 [info] > git ls-files --stage -- /root/repos/css/main.css [20ms]
2024-10-06 20:58:24.056 [info] > git show --textconv :css/main.css [33ms]
2024-10-06 20:58:24.060 [info] > git cat-file -s 4f65fef7abd574c7ef2a05a91bcd9f28249df00e [4ms]
2024-10-06 20:58:25.022 [info] > git config --get commit.template [6ms]
2024-10-06 20:58:25.026 [info] [Git][getRemotes] No remotes found in the git config file
2024-10-06 20:58:25.030 [info] > git config --get commit.template [10ms]
2024-10-06 20:58:25.033 [info] > git for-each-ref --format=%(refname)%00%(upstream:short)%00%(objectname)%00%(upstream:track)%00%(upstream:remotename)%00%(upstream:remoteref) refs/heads/main refs/remotes/main [3ms]
2024-10-06 20:58:25.042 [info] > git for-each-ref --format=%(refname)%00%(upstream:short)%00%(objectname)%00%(upstream:track)%00%(upstream:remotename)%00%(upstream:remoteref) refs/heads/main refs/remotes/main [16ms]
2024-10-06 20:58:25.044 [info] > git for-each-ref --sort -committerdate --format %(refname) %(objectname) %(*objectname) [4ms]
2024-10-06 20:58:25.054 [info] > git status -z -uall [18ms]
2024-10-06 20:58:25.061 [info] > git for-each-ref --sort -committerdate --format %(refname) %(objectname) %(*objectname) [9ms]
2024-10-06 20:58:25.920 [info] > git status -z -uall [871ms]
2024-10-06 20:58:27.156 [info] > git show --textconv :css/main.css [8ms]
2024-10-06 20:58:27.159 [info] > git ls-files --stage -- /root/repos/css/main.css [5ms]
2024-10-06 20:58:27.164 [info] > git cat-file -s 4f65fef7abd574c7ef2a05a91bcd9f28249df00e [2ms]
2024-10-06 20:58:31.015 [info] > git check-ignore -v -z --stdin [5ms]
2024-10-06 20:58:31.018 [info] > git check-ignore -v -z --stdin [4ms]
2024-10-06 21:08:10.534 [info] [Git][getRemotes] No remotes found in the git config file
2024-10-06 21:08:10.547 [info] > git config --get commit.template [29ms]
2024-10-06 21:08:10.547 [info] > git config --get commit.template [25ms]
2024-10-06 21:08:10.549 [info] > git for-each-ref --format=%(refname)%00%(upstream:short)%00%(objectname)%00%(upstream:track)%00%(upstream:remotename)%00%(upstream:remoteref) refs/heads/main refs/remotes/main [16ms]
2024-10-06 21:08:10.560 [info] > git for-each-ref --format=%(refname)%00%(upstream:short)%00%(objectname)%00%(upstream:track)%00%(upstream:remotename)%00%(upstream:remoteref) refs/heads/main refs/remotes/main [32ms]
2024-10-06 21:08:10.571 [info] > git for-each-ref --sort -committerdate --format %(refname) %(objectname) %(*objectname) [12ms]
2024-10-06 21:08:10.574 [info] > git status -z -uall [20ms]
2024-10-06 21:08:10.575 [info] > git for-each-ref --sort -committerdate --format %(refname) %(objectname) %(*objectname) [5ms]
2024-10-06 21:08:11.441 [info] > git status -z -uall [877ms]
2024-10-06 21:22:56.764 [info] [Git][getRemotes] No remotes found in the git config file
2024-10-06 21:22:56.780 [info] > git config --get commit.template [35ms]
2024-10-06 21:22:56.780 [info] > git config --get commit.template [46ms]
2024-10-06 21:22:56.783 [info] > git for-each-ref --format=%(refname)%00%(upstream:short)%00%(objectname)%00%(upstream:track)%00%(upstream:remotename)%00%(upstream:remoteref) refs/heads/main refs/remotes/main [19ms]
2024-10-06 21:22:56.797 [info] > git for-each-ref --format=%(refname)%00%(upstream:short)%00%(objectname)%00%(upstream:track)%00%(upstream:remotename)%00%(upstream:remoteref) refs/heads/main refs/remotes/main [42ms]
2024-10-06 21:22:56.813 [info] > git for-each-ref --sort -committerdate --format %(refname) %(objectname) %(*objectname) [18ms]
2024-10-06 21:22:56.824 [info] > git for-each-ref --sort -committerdate --format %(refname) %(objectname) %(*objectname) [12ms]
2024-10-06 21:22:56.840 [info] > git status -z -uall [51ms]
2024-10-06 21:22:57.701 [info] > git status -z -uall [898ms]
2024-10-06 21:24:22.285 [info] [Git][getRemotes] No remotes found in the git config file
2024-10-06 21:24:22.298 [info] > git config --get commit.template [22ms]
2024-10-06 21:24:22.298 [info] > git config --get commit.template [29ms]
2024-10-06 21:24:22.302 [info] > git for-each-ref --format=%(refname)%00%(upstream:short)%00%(objectname)%00%(upstream:track)%00%(upstream:remotename)%00%(upstream:remoteref) refs/heads/main refs/remotes/main [17ms]
2024-10-06 21:24:22.315 [info] > git for-each-ref --format=%(refname)%00%(upstream:short)%00%(objectname)%00%(upstream:track)%00%(upstream:remotename)%00%(upstream:remoteref) refs/heads/main refs/remotes/main [35ms]
2024-10-06 21:24:22.327 [info] > git for-each-ref --sort -committerdate --format %(refname) %(objectname) %(*objectname) [13ms]
2024-10-06 21:24:22.330 [info] > git for-each-ref --sort -committerdate --format %(refname) %(objectname) %(*objectname) [5ms]
2024-10-06 21:24:22.345 [info] > git status -z -uall [36ms]
2024-10-06 21:24:23.249 [info] > git status -z -uall [928ms]
2024-10-06 21:24:40.126 [info] > git config --get commit.template [4ms]
2024-10-06 21:24:40.126 [info] > git config --get commit.template [10ms]
2024-10-06 21:24:40.133 [info] [Git][getRemotes] No remotes found in the git config file
2024-10-06 21:24:40.134 [info] > git for-each-ref --format=%(refname)%00%(upstream:short)%00%(objectname)%00%(upstream:track)%00%(upstream:remotename)%00%(upstream:remoteref) refs/heads/main refs/remotes/main [4ms]
2024-10-06 21:24:40.134 [info] > git for-each-ref --format=%(refname)%00%(upstream:short)%00%(objectname)%00%(upstream:track)%00%(upstream:remotename)%00%(upstream:remoteref) refs/heads/main refs/remotes/main [2ms]
2024-10-06 21:24:40.144 [info] > git status -z -uall [5ms]
2024-10-06 21:24:40.145 [info] > git for-each-ref --sort -committerdate --format %(refname) %(objectname) %(*objectname) [2ms]
2024-10-06 21:24:40.162 [info] > git for-each-ref --sort -committerdate --format %(refname) %(objectname) %(*objectname) [5ms]
2024-10-06 21:24:40.217 [info] > git status -z -uall [65ms]
2024-10-06 21:25:11.576 [info] > git config --get commit.template [7ms]
2024-10-06 21:25:11.577 [info] > git config --get commit.template [3ms]
2024-10-06 21:25:11.589 [info] [Git][getRemotes] No remotes found in the git config file
2024-10-06 21:25:11.591 [info] > git for-each-ref --format=%(refname)%00%(upstream:short)%00%(objectname)%00%(upstream:track)%00%(upstream:remotename)%00%(upstream:remoteref) refs/heads/main refs/remotes/main [8ms]
2024-10-06 21:25:11.593 [info] > git for-each-ref --format=%(refname)%00%(upstream:short)%00%(objectname)%00%(upstream:track)%00%(upstream:remotename)%00%(upstream:remoteref) refs/heads/main refs/remotes/main [4ms]
2024-10-06 21:25:11.608 [info] > git status -z -uall [9ms]
2024-10-06 21:25:11.610 [info] > git for-each-ref --sort -committerdate --format %(refname) %(objectname) %(*objectname) [4ms]
2024-10-06 21:25:11.629 [info] > git for-each-ref --sort -committerdate --format %(refname) %(objectname) %(*objectname) [3ms]
2024-10-06 21:25:11.688 [info] > git status -z -uall [69ms]
2024-10-06 21:25:17.953 [info] > git config --get commit.template [7ms]
2024-10-06 21:25:17.954 [info] > git config --get commit.template [3ms]
2024-10-06 21:25:17.962 [info] [Git][getRemotes] No remotes found in the git config file
2024-10-06 21:25:17.964 [info] > git for-each-ref --format=%(refname)%00%(upstream:short)%00%(objectname)%00%(upstream:track)%00%(upstream:remotename)%00%(upstream:remoteref) refs/heads/main refs/remotes/main [5ms]
2024-10-06 21:25:17.965 [info] > git for-each-ref --format=%(refname)%00%(upstream:short)%00%(objectname)%00%(upstream:track)%00%(upstream:remotename)%00%(upstream:remoteref) refs/heads/main refs/remotes/main [3ms]
2024-10-06 21:25:17.977 [info] > git status -z -uall [7ms]
2024-10-06 21:25:17.979 [info] > git for-each-ref --sort -committerdate --format %(refname) %(objectname) %(*objectname) [4ms]
2024-10-06 21:25:18.005 [info] > git for-each-ref --sort -committerdate --format %(refname) %(objectname) %(*objectname) [6ms]
2024-10-06 21:25:18.086 [info] > git status -z -uall [99ms]
2024-10-06 21:26:46.599 [info] > git config --get commit.template [5ms]
2024-10-06 21:26:46.600 [info] > git config --get commit.template [2ms]
2024-10-06 21:26:46.605 [info] [Git][getRemotes] No remotes found in the git config file
2024-10-06 21:26:46.611 [info] > git for-each-ref --format=%(refname)%00%(upstream:short)%00%(objectname)%00%(upstream:track)%00%(upstream:remotename)%00%(upstream:remoteref) refs/heads/main refs/remotes/main [7ms]
2024-10-06 21:26:46.612 [info] > git for-each-ref --format=%(refname)%00%(upstream:short)%00%(objectname)%00%(upstream:track)%00%(upstream:remotename)%00%(upstream:remoteref) refs/heads/main refs/remotes/main [2ms]
2024-10-06 21:26:46.622 [info] > git status -z -uall [6ms]
2024-10-06 21:26:46.633 [info] > git for-each-ref --sort -committerdate --format %(refname) %(objectname) %(*objectname) [13ms]
2024-10-06 21:26:46.641 [info] > git for-each-ref --sort -committerdate --format %(refname) %(objectname) %(*objectname) [9ms]
2024-10-06 21:26:46.690 [info] > git status -z -uall [63ms]
2024-10-06 21:28:05.715 [info] > git config --get commit.template [13ms]
2024-10-06 21:28:05.717 [info] > git config --get commit.template [7ms]
2024-10-06 21:28:05.730 [info] [Git][getRemotes] No remotes found in the git config file
2024-10-06 21:28:05.731 [info] > git for-each-ref --format=%(refname)%00%(upstream:short)%00%(objectname)%00%(upstream:track)%00%(upstream:remotename)%00%(upstream:remoteref) refs/heads/main refs/remotes/main [7ms]
2024-10-06 21:28:05.732 [info] > git for-each-ref --format=%(refname)%00%(upstream:short)%00%(objectname)%00%(upstream:track)%00%(upstream:remotename)%00%(upstream:remoteref) refs/heads/main refs/remotes/main [2ms]
2024-10-06 21:28:05.745 [info] > git status -z -uall [7ms]
2024-10-06 21:28:05.746 [info] > git for-each-ref --sort -committerdate --format %(refname) %(objectname) %(*objectname) [2ms]
2024-10-06 21:28:05.763 [info] > git for-each-ref --sort -committerdate --format %(refname) %(objectname) %(*objectname) [5ms]
2024-10-06 21:28:05.815 [info] > git status -z -uall [62ms]
2024-10-06 21:28:34.435 [info] > git config --get commit.template [5ms]
2024-10-06 21:28:34.436 [info] > git config --get commit.template [3ms]
2024-10-06 21:28:34.444 [info] [Git][getRemotes] No remotes found in the git config file
2024-10-06 21:28:34.445 [info] > git for-each-ref --format=%(refname)%00%(upstream:short)%00%(objectname)%00%(upstream:track)%00%(upstream:remotename)%00%(upstream:remoteref) refs/heads/main refs/remotes/main [5ms]
2024-10-06 21:28:34.446 [info] > git for-each-ref --format=%(refname)%00%(upstream:short)%00%(objectname)%00%(upstream:track)%00%(upstream:remotename)%00%(upstream:remoteref) refs/heads/main refs/remotes/main [2ms]
2024-10-06 21:28:34.455 [info] > git status -z -uall [5ms]
2024-10-06 21:28:34.457 [info] > git for-each-ref --sort -committerdate --format %(refname) %(objectname) %(*objectname) [3ms]
2024-10-06 21:28:34.470 [info] > git for-each-ref --sort -committerdate --format %(refname) %(objectname) %(*objectname) [3ms]
2024-10-06 21:28:34.526 [info] > git status -z -uall [64ms]
2024-10-06 21:28:56.927 [info] > git config --get commit.template [6ms]
2024-10-06 21:28:56.927 [info] > git config --get commit.template [2ms]
2024-10-06 21:28:56.934 [info] [Git][getRemotes] No remotes found in the git config file
2024-10-06 21:28:56.935 [info] > git for-each-ref --format=%(refname)%00%(upstream:short)%00%(objectname)%00%(upstream:track)%00%(upstream:remotename)%00%(upstream:remoteref) refs/heads/main refs/remotes/main [5ms]
2024-10-06 21:28:56.936 [info] > git for-each-ref --format=%(refname)%00%(upstream:short)%00%(objectname)%00%(upstream:track)%00%(upstream:remotename)%00%(upstream:remoteref) refs/heads/main refs/remotes/main [2ms]
2024-10-06 21:28:56.955 [info] > git status -z -uall [15ms]
2024-10-06 21:28:56.955 [info] > git for-each-ref --sort -committerdate --format %(refname) %(objectname) %(*objectname) [11ms]
2024-10-06 21:28:56.960 [info] > git for-each-ref --sort -committerdate --format %(refname) %(objectname) %(*objectname) [6ms]
2024-10-06 21:28:57.008 [info] > git status -z -uall [59ms]
2024-10-06 21:29:58.222 [info] > git config --get commit.template [8ms]
2024-10-06 21:29:58.224 [info] > git config --get commit.template [2ms]
2024-10-06 21:29:58.236 [info] [Git][getRemotes] No remotes found in the git config file
2024-10-06 21:29:58.237 [info] > git for-each-ref --format=%(refname)%00%(upstream:short)%00%(objectname)%00%(upstream:track)%00%(upstream:remotename)%00%(upstream:remoteref) refs/heads/main refs/remotes/main [7ms]
2024-10-06 21:29:58.253 [info] > git for-each-ref --sort -committerdate --format %(refname) %(objectname) %(*objectname) [4ms]
2024-10-06 21:29:58.255 [info] > git for-each-ref --format=%(refname)%00%(upstream:short)%00%(objectname)%00%(upstream:track)%00%(upstream:remotename)%00%(upstream:remoteref) refs/heads/main refs/remotes/main [19ms]
2024-10-06 21:29:58.269 [info] > git status -z -uall [9ms]
2024-10-06 21:29:58.269 [info] > git for-each-ref --sort -committerdate --format %(refname) %(objectname) %(*objectname) [3ms]
2024-10-06 21:29:58.318 [info] > git status -z -uall [75ms]
2024-10-06 21:30:03.282 [info] [Git][getRemotes] No remotes found in the git config file
2024-10-06 21:30:03.283 [info] > git config --get commit.template [4ms]
2024-10-06 21:30:03.283 [info] > git for-each-ref --format=%(refname)%00%(upstream:short)%00%(objectname)%00%(upstream:track)%00%(upstream:remotename)%00%(upstream:remoteref) refs/heads/main refs/remotes/main [1ms]
2024-10-06 21:30:03.292 [info] > git status -z -uall [5ms]
2024-10-06 21:30:03.294 [info] > git for-each-ref --sort -committerdate --format %(refname) %(objectname) %(*objectname) [3ms]
2024-10-06 21:30:03.342 [info] > git config --get commit.template [2ms]
2024-10-06 21:30:03.348 [info] > git for-each-ref --format=%(refname)%00%(upstream:short)%00%(objectname)%00%(upstream:track)%00%(upstream:remotename)%00%(upstream:remoteref) refs/heads/main refs/remotes/main [1ms]
2024-10-06 21:30:03.358 [info] > git for-each-ref --sort -committerdate --format %(refname) %(objectname) %(*objectname) [3ms]
2024-10-06 21:30:03.410 [info] > git status -z -uall [58ms]
2024-10-06 21:32:03.822 [info] > git config --get commit.template [4ms]
2024-10-06 21:32:03.823 [info] > git config --get commit.template [2ms]
2024-10-06 21:32:03.830 [info] [Git][getRemotes] No remotes found in the git config file
2024-10-06 21:32:03.831 [info] > git for-each-ref --format=%(refname)%00%(upstream:short)%00%(objectname)%00%(upstream:track)%00%(upstream:remotename)%00%(upstream:remoteref) refs/heads/main refs/remotes/main [5ms]
2024-10-06 21:32:03.832 [info] > git for-each-ref --format=%(refname)%00%(upstream:short)%00%(objectname)%00%(upstream:track)%00%(upstream:remotename)%00%(upstream:remoteref) refs/heads/main refs/remotes/main [2ms]
2024-10-06 21:32:03.849 [info] > git status -z -uall [14ms]
2024-10-06 21:32:03.851 [info] > git for-each-ref --sort -committerdate --format %(refname) %(objectname) %(*objectname) [12ms]
2024-10-06 21:32:03.857 [info] > git for-each-ref --sort -committerdate --format %(refname) %(objectname) %(*objectname) [9ms]
2024-10-06 21:32:03.909 [info] > git status -z -uall [67ms]
2024-10-06 21:32:43.984 [info] > git config --get commit.template [10ms]
2024-10-06 21:32:43.987 [info] > git config --get commit.template [4ms]
2024-10-06 21:32:43.991 [info] [Git][getRemotes] No remotes found in the git config file
2024-10-06 21:32:43.998 [info] > git for-each-ref --format=%(refname)%00%(upstream:short)%00%(objectname)%00%(upstream:track)%00%(upstream:remotename)%00%(upstream:remoteref) refs/heads/main refs/remotes/main [7ms]
2024-10-06 21:32:44.007 [info] > git for-each-ref --format=%(refname)%00%(upstream:short)%00%(objectname)%00%(upstream:track)%00%(upstream:remotename)%00%(upstream:remoteref) refs/heads/main refs/remotes/main [10ms]
2024-10-06 21:32:44.007 [info] > git status -z -uall [5ms]
2024-10-06 21:32:44.008 [info] > git for-each-ref --sort -committerdate --format %(refname) %(objectname) %(*objectname) [2ms]
2024-10-06 21:32:44.025 [info] > git for-each-ref --sort -committerdate --format %(refname) %(objectname) %(*objectname) [4ms]
2024-10-06 21:32:44.076 [info] > git status -z -uall [60ms]
2024-10-06 21:33:33.461 [info] > git check-ignore -v -z --stdin [1ms]
2024-10-06 21:33:46.981 [info] > git check-ignore -v -z --stdin [5ms]
2024-10-06 21:33:50.010 [info] > git check-ignore -v -z --stdin [5ms]
2024-10-06 21:33:50.759 [info] > git check-ignore -v -z --stdin [5ms]
2024-10-06 21:33:56.316 [info] > git check-ignore -v -z --stdin [2ms]
2024-10-06 21:33:58.077 [info] > git check-ignore -v -z --stdin [2ms]
2024-10-06 21:34:09.771 [info] > git check-ignore -v -z --stdin [4ms]
2024-10-06 21:34:11.954 [info] > git check-ignore -v -z --stdin [4ms]
2024-10-06 21:34:14.489 [info] > git check-ignore -v -z --stdin [8ms]
2024-10-06 21:34:18.597 [info] > git check-ignore -v -z --stdin [6ms]
2024-10-06 21:37:15.054 [info] > git config --get commit.template [6ms]
2024-10-06 21:37:15.056 [info] > git config --get commit.template [4ms]
2024-10-06 21:37:15.064 [info] [Git][getRemotes] No remotes found in the git config file
2024-10-06 21:37:15.065 [info] > git for-each-ref --format=%(refname)%00%(upstream:short)%00%(objectname)%00%(upstream:track)%00%(upstream:remotename)%00%(upstream:remoteref) refs/heads/main refs/remotes/main [6ms]
2024-10-06 21:37:15.066 [info] > git for-each-ref --format=%(refname)%00%(upstream:short)%00%(objectname)%00%(upstream:track)%00%(upstream:remotename)%00%(upstream:remoteref) refs/heads/main refs/remotes/main [2ms]
2024-10-06 21:37:15.078 [info] > git status -z -uall [8ms]
2024-10-06 21:37:15.092 [info] > git for-each-ref --sort -committerdate --format %(refname) %(objectname) %(*objectname) [16ms]
2024-10-06 21:37:15.098 [info] > git for-each-ref --sort -committerdate --format %(refname) %(objectname) %(*objectname) [8ms]
2024-10-06 21:37:15.134 [info] > git check-ignore -v -z --stdin [3ms]
2024-10-06 21:37:15.152 [info] > git status -z -uall [70ms]
2024-10-06 21:38:35.987 [info] > git check-ignore -v -z --stdin [2ms]
2024-10-06 21:38:37.321 [info] > git show --textconv :_includes/header.html [5ms]
2024-10-06 21:38:37.323 [info] > git ls-files --stage -- /root/repos/_includes/header.html [2ms]
2024-10-06 21:38:37.329 [info] > git cat-file -s 2afa3bf9fa5ca077cccb801bd58c091b8d9cc3cc [3ms]
2024-10-06 21:39:44.843 [info] > git config --get commit.template [5ms]
2024-10-06 21:39:44.850 [info] [Git][getRemotes] No remotes found in the git config file
2024-10-06 21:39:44.850 [info] > git config --get commit.template [8ms]
2024-10-06 21:39:44.851 [info] > git for-each-ref --format=%(refname)%00%(upstream:short)%00%(objectname)%00%(upstream:track)%00%(upstream:remotename)%00%(upstream:remoteref) refs/heads/main refs/remotes/main [5ms]
2024-10-06 21:39:44.851 [info] > git for-each-ref --format=%(refname)%00%(upstream:short)%00%(objectname)%00%(upstream:track)%00%(upstream:remotename)%00%(upstream:remoteref) refs/heads/main refs/remotes/main [1ms]
2024-10-06 21:39:44.860 [info] > git status -z -uall [5ms]
2024-10-06 21:39:44.861 [info] > git for-each-ref --sort -committerdate --format %(refname) %(objectname) %(*objectname) [2ms]
2024-10-06 21:39:44.874 [info] > git for-each-ref --sort -committerdate --format %(refname) %(objectname) %(*objectname) [4ms]
2024-10-06 21:39:44.925 [info] > git status -z -uall [59ms]
2024-10-06 21:39:56.121 [info] > git config --get commit.template [5ms]
2024-10-06 21:39:56.128 [info] [Git][getRemotes] No remotes found in the git config file
2024-10-06 21:39:56.129 [info] > git config --get commit.template [10ms]
2024-10-06 21:39:56.129 [info] > git for-each-ref --format=%(refname)%00%(upstream:short)%00%(objectname)%00%(upstream:track)%00%(upstream:remotename)%00%(upstream:remoteref) refs/heads/main refs/remotes/main [4ms]
2024-10-06 21:39:56.130 [info] > git for-each-ref --format=%(refname)%00%(upstream:short)%00%(objectname)%00%(upstream:track)%00%(upstream:remotename)%00%(upstream:remoteref) refs/heads/main refs/remotes/main [2ms]
2024-10-06 21:39:56.138 [info] > git status -z -uall [5ms]
2024-10-06 21:39:56.140 [info] > git for-each-ref --sort -committerdate --format %(refname) %(objectname) %(*objectname) [2ms]
2024-10-06 21:39:56.160 [info] > git for-each-ref --sort -committerdate --format %(refname) %(objectname) %(*objectname) [10ms]
2024-10-06 21:39:56.207 [info] > git status -z -uall [61ms]
2024-10-06 21:40:05.568 [info] > git config --get commit.template [7ms]
2024-10-06 21:40:05.569 [info] > git config --get commit.template [3ms]
2024-10-06 21:40:05.580 [info] [Git][getRemotes] No remotes found in the git config file
2024-10-06 21:40:05.581 [info] > git for-each-ref --format=%(refname)%00%(upstream:short)%00%(objectname)%00%(upstream:track)%00%(upstream:remotename)%00%(upstream:remoteref) refs/heads/main refs/remotes/main [6ms]
2024-10-06 21:40:05.582 [info] > git for-each-ref --format=%(refname)%00%(upstream:short)%00%(objectname)%00%(upstream:track)%00%(upstream:remotename)%00%(upstream:remoteref) refs/heads/main refs/remotes/main [2ms]
2024-10-06 21:40:05.596 [info] > git status -z -uall [8ms]
2024-10-06 21:40:05.616 [info] > git for-each-ref --sort -committerdate --format %(refname) %(objectname) %(*objectname) [21ms]
2024-10-06 21:40:05.621 [info] > git for-each-ref --sort -committerdate --format %(refname) %(objectname) %(*objectname) [6ms]
2024-10-06 21:40:05.704 [info] > git status -z -uall [96ms]
2024-10-06 21:40:20.097 [info] > git config --get commit.template [6ms]
2024-10-06 21:40:20.105 [info] [Git][getRemotes] No remotes found in the git config file
2024-10-06 21:40:20.105 [info] > git config --get commit.template [10ms]
2024-10-06 21:40:20.106 [info] > git for-each-ref --format=%(refname)%00%(upstream:short)%00%(objectname)%00%(upstream:track)%00%(upstream:remotename)%00%(upstream:remoteref) refs/heads/main refs/remotes/main [2ms]
2024-10-06 21:40:20.115 [info] > git for-each-ref --format=%(refname)%00%(upstream:short)%00%(objectname)%00%(upstream:track)%00%(upstream:remotename)%00%(upstream:remoteref) refs/heads/main refs/remotes/main [14ms]
2024-10-06 21:40:20.116 [info] > git status -z -uall [7ms]
2024-10-06 21:40:20.117 [info] > git for-each-ref --sort -committerdate --format %(refname) %(objectname) %(*objectname) [2ms]
2024-10-06 21:40:20.133 [info] > git for-each-ref --sort -committerdate --format %(refname) %(objectname) %(*objectname) [5ms]
2024-10-06 21:40:20.185 [info] > git status -z -uall [61ms]
2024-10-06 21:40:25.129 [info] [Git][getRemotes] No remotes found in the git config file
2024-10-06 21:40:25.130 [info] > git config --get commit.template [6ms]
2024-10-06 21:40:25.131 [info] > git for-each-ref --format=%(refname)%00%(upstream:short)%00%(objectname)%00%(upstream:track)%00%(upstream:remotename)%00%(upstream:remoteref) refs/heads/main refs/remotes/main [2ms]
2024-10-06 21:40:25.139 [info] > git status -z -uall [5ms]
2024-10-06 21:40:25.140 [info] > git for-each-ref --sort -committerdate --format %(refname) %(objectname) %(*objectname) [2ms]
2024-10-06 21:40:25.210 [info] > git config --get commit.template [6ms]
2024-10-06 21:40:25.211 [info] > git for-each-ref --format=%(refname)%00%(upstream:short)%00%(objectname)%00%(upstream:track)%00%(upstream:remotename)%00%(upstream:remoteref) refs/heads/main refs/remotes/main [2ms]
2024-10-06 21:40:25.223 [info] > git for-each-ref --sort -committerdate --format %(refname) %(objectname) %(*objectname) [3ms]
2024-10-06 21:40:25.277 [info] > git status -z -uall [62ms]
2024-10-06 21:40:32.777 [info] > git config --get commit.template [7ms]
2024-10-06 21:40:32.778 [info] > git config --get commit.template [2ms]
2024-10-06 21:40:32.785 [info] [Git][getRemotes] No remotes found in the git config file
2024-10-06 21:40:32.785 [info] > git for-each-ref --format=%(refname)%00%(upstream:short)%00%(objectname)%00%(upstream:track)%00%(upstream:remotename)%00%(upstream:remoteref) refs/heads/main refs/remotes/main [4ms]
2024-10-06 21:40:32.786 [info] > git for-each-ref --format=%(refname)%00%(upstream:short)%00%(objectname)%00%(upstream:track)%00%(upstream:remotename)%00%(upstream:remoteref) refs/heads/main refs/remotes/main [1ms]
2024-10-06 21:40:32.805 [info] > git status -z -uall [15ms]
2024-10-06 21:40:32.806 [info] > git for-each-ref --sort -committerdate --format %(refname) %(objectname) %(*objectname) [10ms]
2024-10-06 21:40:32.810 [info] > git for-each-ref --sort -committerdate --format %(refname) %(objectname) %(*objectname) [7ms]
2024-10-06 21:40:32.857 [info] > git status -z -uall [58ms]
2024-10-06 21:40:39.663 [info] > git config --get commit.template [10ms]
2024-10-06 21:40:39.664 [info] > git config --get commit.template [6ms]
2024-10-06 21:40:39.670 [info] [Git][getRemotes] No remotes found in the git config file
2024-10-06 21:40:39.682 [info] > git for-each-ref --format=%(refname)%00%(upstream:short)%00%(objectname)%00%(upstream:track)%00%(upstream:remotename)%00%(upstream:remoteref) refs/heads/main refs/remotes/main [13ms]
2024-10-06 21:40:39.698 [info] > git for-each-ref --format=%(refname)%00%(upstream:short)%00%(objectname)%00%(upstream:track)%00%(upstream:remotename)%00%(upstream:remoteref) refs/heads/main refs/remotes/main [17ms]
2024-10-06 21:40:39.704 [info] > git status -z -uall [14ms]
2024-10-06 21:40:39.704 [info] > git for-each-ref --sort -committerdate --format %(refname) %(objectname) %(*objectname) [8ms]
2024-10-06 21:40:39.728 [info] > git for-each-ref --sort -committerdate --format %(refname) %(objectname) %(*objectname) [3ms]
2024-10-06 21:40:39.790 [info] > git status -z -uall [74ms]
2024-10-06 21:40:47.755 [info] > git config --get commit.template [7ms]
2024-10-06 21:40:47.760 [info] > git config --get commit.template [5ms]
2024-10-06 21:40:47.763 [info] [Git][getRemotes] No remotes found in the git config file
2024-10-06 21:40:47.763 [info] > git for-each-ref --format=%(refname)%00%(upstream:short)%00%(objectname)%00%(upstream:track)%00%(upstream:remotename)%00%(upstream:remoteref) refs/heads/main refs/remotes/main [4ms]
2024-10-06 21:40:47.764 [info] > git for-each-ref --format=%(refname)%00%(upstream:short)%00%(objectname)%00%(upstream:track)%00%(upstream:remotename)%00%(upstream:remoteref) refs/heads/main refs/remotes/main [1ms]
2024-10-06 21:40:47.783 [info] > git status -z -uall [16ms]
2024-10-06 21:40:47.784 [info] > git for-each-ref --sort -committerdate --format %(refname) %(objectname) %(*objectname) [13ms]
2024-10-06 21:40:47.789 [info] > git for-each-ref --sort -committerdate --format %(refname) %(objectname) %(*objectname) [9ms]
2024-10-06 21:40:47.835 [info] > git status -z -uall [59ms]
2024-10-06 21:40:49.396 [info] > git check-ignore -v -z --stdin [1ms]
2024-10-06 21:40:53.374 [info] > git config --get commit.template [4ms]
2024-10-06 21:40:53.375 [info] > git config --get commit.template [3ms]
2024-10-06 21:40:53.383 [info] [Git][getRemotes] No remotes found in the git config file
2024-10-06 21:40:53.384 [info] > git for-each-ref --format=%(refname)%00%(upstream:short)%00%(objectname)%00%(upstream:track)%00%(upstream:remotename)%00%(upstream:remoteref) refs/heads/main refs/remotes/main [4ms]
2024-10-06 21:40:53.385 [info] > git for-each-ref --format=%(refname)%00%(upstream:short)%00%(objectname)%00%(upstream:track)%00%(upstream:remotename)%00%(upstream:remoteref) refs/heads/main refs/remotes/main [2ms]
2024-10-06 21:40:53.404 [info] > git status -z -uall [16ms]
2024-10-06 21:40:53.405 [info] > git for-each-ref --sort -committerdate --format %(refname) %(objectname) %(*objectname) [13ms]
2024-10-06 21:40:53.409 [info] > git for-each-ref --sort -committerdate --format %(refname) %(objectname) %(*objectname) [8ms]
2024-10-06 21:40:53.456 [info] > git status -z -uall [59ms]
2024-10-06 21:40:53.836 [info] > git show --textconv :_includes/repos/images/logo.png [5ms]
2024-10-06 21:40:53.837 [info] > git ls-files --stage -- /root/repos/_includes/repos/images/logo.png [2ms]
2024-10-06 21:40:55.152 [info] > git show --textconv :_includes/header.html [4ms]
2024-10-06 21:40:55.157 [info] > git ls-files --stage -- /root/repos/_includes/header.html [4ms]
2024-10-06 21:40:55.163 [info] > git cat-file -s 2afa3bf9fa5ca077cccb801bd58c091b8d9cc3cc [2ms]
2024-10-06 21:41:32.322 [info] > git show --textconv :_includes/header.html [6ms]
2024-10-06 21:41:32.324 [info] > git ls-files --stage -- /root/repos/_includes/header.html [4ms]
2024-10-06 21:41:32.330 [info] > git cat-file -s 2afa3bf9fa5ca077cccb801bd58c091b8d9cc3cc [2ms]
2024-10-06 21:41:33.791 [info] > git config --get commit.template [7ms]
2024-10-06 21:41:33.798 [info] [Git][getRemotes] No remotes found in the git config file
2024-10-06 21:41:33.806 [info] > git config --get commit.template [16ms]
2024-10-06 21:41:33.807 [info] > git for-each-ref --format=%(refname)%00%(upstream:short)%00%(objectname)%00%(upstream:track)%00%(upstream:remotename)%00%(upstream:remoteref) refs/heads/main refs/remotes/main [9ms]
2024-10-06 21:41:33.808 [info] > git for-each-ref --format=%(refname)%00%(upstream:short)%00%(objectname)%00%(upstream:track)%00%(upstream:remotename)%00%(upstream:remoteref) refs/heads/main refs/remotes/main [4ms]
2024-10-06 21:41:33.864 [info] > git status -z -uall [43ms]
2024-10-06 21:41:33.865 [info] > git for-each-ref --sort -committerdate --format %(refname) %(objectname) %(*objectname) [36ms]
2024-10-06 21:41:33.869 [info] > git for-each-ref --sort -committerdate --format %(refname) %(objectname) %(*objectname) [16ms]
2024-10-06 21:41:33.938 [info] > git status -z -uall [93ms]
2024-10-06 21:41:39.868 [info] > git config --get commit.template [8ms]
2024-10-06 21:41:39.869 [info] > git config --get commit.template [2ms]
2024-10-06 21:41:39.876 [info] [Git][getRemotes] No remotes found in the git config file
2024-10-06 21:41:39.877 [info] > git for-each-ref --format=%(refname)%00%(upstream:short)%00%(objectname)%00%(upstream:track)%00%(upstream:remotename)%00%(upstream:remoteref) refs/heads/main refs/remotes/main [4ms]
2024-10-06 21:41:39.878 [info] > git for-each-ref --format=%(refname)%00%(upstream:short)%00%(objectname)%00%(upstream:track)%00%(upstream:remotename)%00%(upstream:remoteref) refs/heads/main refs/remotes/main [2ms]
2024-10-06 21:41:39.899 [info] > git status -z -uall [16ms]
2024-10-06 21:41:39.899 [info] > git for-each-ref --sort -committerdate --format %(refname) %(objectname) %(*objectname) [13ms]
2024-10-06 21:41:39.907 [info] > git for-each-ref --sort -committerdate --format %(refname) %(objectname) %(*objectname) [7ms]
2024-10-06 21:41:40.016 [info] > git status -z -uall [126ms]
2024-10-06 21:41:44.913 [info] [Git][getRemotes] No remotes found in the git config file
2024-10-06 21:41:44.914 [info] > git config --get commit.template [4ms]
2024-10-06 21:41:44.914 [info] > git for-each-ref --format=%(refname)%00%(upstream:short)%00%(objectname)%00%(upstream:track)%00%(upstream:remotename)%00%(upstream:remoteref) refs/heads/main refs/remotes/main [1ms]
2024-10-06 21:41:44.922 [info] > git status -z -uall [5ms]
2024-10-06 21:41:44.923 [info] > git for-each-ref --sort -committerdate --format %(refname) %(objectname) %(*objectname) [2ms]
2024-10-06 21:41:45.040 [info] > git config --get commit.template [5ms]
2024-10-06 21:41:45.041 [info] > git for-each-ref --format=%(refname)%00%(upstream:short)%00%(objectname)%00%(upstream:track)%00%(upstream:remotename)%00%(upstream:remoteref) refs/heads/main refs/remotes/main [2ms]
2024-10-06 21:41:45.052 [info] > git for-each-ref --sort -committerdate --format %(refname) %(objectname) %(*objectname) [3ms]
2024-10-06 21:41:45.100 [info] > git status -z -uall [55ms]
2024-10-06 21:41:50.361 [info] > git config --get commit.template [7ms]
2024-10-06 21:41:50.367 [info] [Git][getRemotes] No remotes found in the git config file
2024-10-06 21:41:50.368 [info] > git config --get commit.template [8ms]
2024-10-06 21:41:50.368 [info] > git for-each-ref --format=%(refname)%00%(upstream:short)%00%(objectname)%00%(upstream:track)%00%(upstream:remotename)%00%(upstream:remoteref) refs/heads/main refs/remotes/main [4ms]
2024-10-06 21:41:50.368 [info] > git for-each-ref --format=%(refname)%00%(upstream:short)%00%(objectname)%00%(upstream:track)%00%(upstream:remotename)%00%(upstream:remoteref) refs/heads/main refs/remotes/main [1ms]
2024-10-06 21:41:50.377 [info] > git status -z -uall [6ms]
2024-10-06 21:41:50.378 [info] > git for-each-ref --sort -committerdate --format %(refname) %(objectname) %(*objectname) [2ms]
2024-10-06 21:41:50.391 [info] > git for-each-ref --sort -committerdate --format %(refname) %(objectname) %(*objectname) [3ms]
2024-10-06 21:41:50.442 [info] > git status -z -uall [58ms]
2024-10-06 21:42:30.780 [info] > git show --textconv :_includes/header.html [5ms]
2024-10-06 21:42:30.781 [info] > git ls-files --stage -- /root/repos/_includes/header.html [2ms]
2024-10-06 21:42:30.786 [info] > git cat-file -s 2afa3bf9fa5ca077cccb801bd58c091b8d9cc3cc [1ms]
2024-10-06 21:42:38.340 [info] > git check-ignore -v -z --stdin [6ms]
2024-10-06 21:42:39.556 [info] > git show --textconv :_includes/header.html [6ms]
2024-10-06 21:42:39.557 [info] > git ls-files --stage -- /root/repos/_includes/header.html [3ms]
2024-10-06 21:42:39.562 [info] > git cat-file -s 2afa3bf9fa5ca077cccb801bd58c091b8d9cc3cc [2ms]
2024-10-06 21:42:42.197 [info] > git config --get commit.template [6ms]
2024-10-06 21:42:42.203 [info] [Git][getRemotes] No remotes found in the git config file
2024-10-06 21:42:42.203 [info] > git config --get commit.template [7ms]
2024-10-06 21:42:42.204 [info] > git for-each-ref --format=%(refname)%00%(upstream:short)%00%(objectname)%00%(upstream:track)%00%(upstream:remotename)%00%(upstream:remoteref) refs/heads/main refs/remotes/main [4ms]
2024-10-06 21:42:42.204 [info] > git for-each-ref --format=%(refname)%00%(upstream:short)%00%(objectname)%00%(upstream:track)%00%(upstream:remotename)%00%(upstream:remoteref) refs/heads/main refs/remotes/main [1ms]
2024-10-06 21:42:42.221 [info] > git status -z -uall [14ms]
2024-10-06 21:42:42.222 [info] > git for-each-ref --sort -committerdate --format %(refname) %(objectname) %(*objectname) [11ms]
2024-10-06 21:42:42.226 [info] > git for-each-ref --sort -committerdate --format %(refname) %(objectname) %(*objectname) [7ms]
2024-10-06 21:42:42.277 [info] > git status -z -uall [61ms]
2024-10-06 21:42:58.042 [info] > git config --get commit.template [5ms]
2024-10-06 21:42:58.043 [info] > git config --get commit.template [2ms]
2024-10-06 21:42:58.049 [info] [Git][getRemotes] No remotes found in the git config file
2024-10-06 21:42:58.050 [info] > git for-each-ref --format=%(refname)%00%(upstream:short)%00%(objectname)%00%(upstream:track)%00%(upstream:remotename)%00%(upstream:remoteref) refs/heads/main refs/remotes/main [4ms]
2024-10-06 21:42:58.050 [info] > git for-each-ref --format=%(refname)%00%(upstream:short)%00%(objectname)%00%(upstream:track)%00%(upstream:remotename)%00%(upstream:remoteref) refs/heads/main refs/remotes/main [1ms]
2024-10-06 21:42:58.067 [info] > git status -z -uall [13ms]
2024-10-06 21:42:58.069 [info] > git for-each-ref --sort -committerdate --format %(refname) %(objectname) %(*objectname) [11ms]
2024-10-06 21:42:58.075 [info] > git for-each-ref --sort -committerdate --format %(refname) %(objectname) %(*objectname) [9ms]
2024-10-06 21:42:58.118 [info] > git status -z -uall [57ms]
2024-10-06 21:43:03.084 [info] [Git][getRemotes] No remotes found in the git config file
2024-10-06 21:43:03.085 [info] > git config --get commit.template [5ms]
2024-10-06 21:43:03.085 [info] > git for-each-ref --format=%(refname)%00%(upstream:short)%00%(objectname)%00%(upstream:track)%00%(upstream:remotename)%00%(upstream:remoteref) refs/heads/main refs/remotes/main [1ms]
2024-10-06 21:43:03.094 [info] > git status -z -uall [6ms]
2024-10-06 21:43:03.094 [info] > git for-each-ref --sort -committerdate --format %(refname) %(objectname) %(*objectname) [3ms]
2024-10-06 21:43:03.142 [info] > git config --get commit.template [5ms]
2024-10-06 21:43:03.143 [info] > git for-each-ref --format=%(refname)%00%(upstream:short)%00%(objectname)%00%(upstream:track)%00%(upstream:remotename)%00%(upstream:remoteref) refs/heads/main refs/remotes/main [2ms]
2024-10-06 21:43:03.157 [info] > git for-each-ref --sort -committerdate --format %(refname) %(objectname) %(*objectname) [3ms]
2024-10-06 21:43:03.207 [info] > git status -z -uall [56ms]
2024-10-06 21:43:07.121 [info] > git show --textconv :_includes/header.html [5ms]
2024-10-06 21:43:07.122 [info] > git ls-files --stage -- /root/repos/_includes/header.html [2ms]
2024-10-06 21:43:07.127 [info] > git cat-file -s 2afa3bf9fa5ca077cccb801bd58c091b8d9cc3cc [1ms]
2024-10-06 21:43:21.128 [info] > git config --get commit.template [6ms]
2024-10-06 21:43:21.134 [info] [Git][getRemotes] No remotes found in the git config file
2024-10-06 21:43:21.134 [info] > git config --get commit.template [8ms]
2024-10-06 21:43:21.135 [info] > git for-each-ref --format=%(refname)%00%(upstream:short)%00%(objectname)%00%(upstream:track)%00%(upstream:remotename)%00%(upstream:remoteref) refs/heads/main refs/remotes/main [4ms]
2024-10-06 21:43:21.135 [info] > git for-each-ref --format=%(refname)%00%(upstream:short)%00%(objectname)%00%(upstream:track)%00%(upstream:remotename)%00%(upstream:remoteref) refs/heads/main refs/remotes/main [1ms]
2024-10-06 21:43:21.145 [info] > git status -z -uall [7ms]
2024-10-06 21:43:21.145 [info] > git for-each-ref --sort -committerdate --format %(refname) %(objectname) %(*objectname) [3ms]
2024-10-06 21:43:21.158 [info] > git for-each-ref --sort -committerdate --format %(refname) %(objectname) %(*objectname) [3ms]
2024-10-06 21:43:21.213 [info] > git status -z -uall [62ms]
2024-10-06 21:44:45.046 [info] > git config --get commit.template [7ms]
2024-10-06 21:44:45.051 [info] > git config --get commit.template [6ms]
2024-10-06 21:44:45.055 [info] [Git][getRemotes] No remotes found in the git config file
2024-10-06 21:44:45.056 [info] > git for-each-ref --format=%(refname)%00%(upstream:short)%00%(objectname)%00%(upstream:track)%00%(upstream:remotename)%00%(upstream:remoteref) refs/heads/main refs/remotes/main [6ms]
2024-10-06 21:44:45.056 [info] > git for-each-ref --format=%(refname)%00%(upstream:short)%00%(objectname)%00%(upstream:track)%00%(upstream:remotename)%00%(upstream:remoteref) refs/heads/main refs/remotes/main [1ms]
2024-10-06 21:44:45.066 [info] > git status -z -uall [6ms]
2024-10-06 21:44:45.068 [info] > git for-each-ref --sort -committerdate --format %(refname) %(objectname) %(*objectname) [4ms]
2024-10-06 21:44:45.082 [info] > git for-each-ref --sort -committerdate --format %(refname) %(objectname) %(*objectname) [3ms]
2024-10-06 21:44:45.134 [info] > git status -z -uall [60ms]
2024-10-06 21:44:56.578 [info] > git show --textconv :_includes/header.html [9ms]
2024-10-06 21:44:56.579 [info] > git ls-files --stage -- /root/repos/_includes/header.html [2ms]
2024-10-06 21:44:56.586 [info] > git cat-file -s 2afa3bf9fa5ca077cccb801bd58c091b8d9cc3cc [2ms]
2024-10-06 21:45:17.272 [info] [Git][getRemotes] No remotes found in the git config file
2024-10-06 21:45:17.273 [info] > git config --get commit.template [5ms]
2024-10-06 21:45:17.273 [info] > git for-each-ref --format=%(refname)%00%(upstream:short)%00%(objectname)%00%(upstream:track)%00%(upstream:remotename)%00%(upstream:remoteref) refs/heads/main refs/remotes/main [1ms]
2024-10-06 21:45:17.287 [info] > git for-each-ref --sort -committerdate --format %(refname) %(objectname) %(*objectname) [2ms]
2024-10-06 21:45:17.288 [info] > git status -z -uall [9ms]
2024-10-06 21:45:18.333 [info] [Git][getRemotes] No remotes found in the git config file
2024-10-06 21:45:18.334 [info] > git config --get commit.template [7ms]
2024-10-06 21:45:18.335 [info] > git for-each-ref --format=%(refname)%00%(upstream:short)%00%(objectname)%00%(upstream:track)%00%(upstream:remotename)%00%(upstream:remoteref) refs/heads/main refs/remotes/main [3ms]
2024-10-06 21:45:18.350 [info] > git status -z -uall [9ms]
2024-10-06 21:45:18.351 [info] > git for-each-ref --sort -committerdate --format %(refname) %(objectname) %(*objectname) [2ms]
2024-10-06 21:45:18.432 [info] > git ls-files --stage -- /root/repos/_includes/header.html [2ms]
2024-10-06 21:45:18.438 [info] > git cat-file -s b592abca9ee8bd92142e91b5c5581280a7c700bc [2ms]
2024-10-06 21:45:18.448 [info] > git show --textconv :_includes/header.html [3ms]
2024-10-06 21:45:31.207 [info] [Git][getRemotes] No remotes found in the git config file
2024-10-06 21:45:31.210 [info] > git config --get commit.template [4ms]
2024-10-06 21:45:31.211 [info] > git for-each-ref --format=%(refname)%00%(upstream:short)%00%(objectname)%00%(upstream:track)%00%(upstream:remotename)%00%(upstream:remoteref) refs/heads/main refs/remotes/main [1ms]
2024-10-06 21:45:31.218 [info] > git status -z -uall [4ms]
2024-10-06 21:45:31.220 [info] > git for-each-ref --sort -committerdate --format %(refname) %(objectname) %(*objectname) [2ms]
2024-10-06 21:45:32.277 [info] [Git][getRemotes] No remotes found in the git config file
2024-10-06 21:45:32.281 [info] > git config --get commit.template [4ms]
2024-10-06 21:45:32.281 [info] > git for-each-ref --format=%(refname)%00%(upstream:short)%00%(objectname)%00%(upstream:track)%00%(upstream:remotename)%00%(upstream:remoteref) refs/heads/main refs/remotes/main [1ms]
2024-10-06 21:45:32.289 [info] > git status -z -uall [5ms]
2024-10-06 21:45:32.291 [info] > git for-each-ref --sort -committerdate --format %(refname) %(objectname) %(*objectname) [3ms]
2024-10-06 21:45:32.383 [info] > git ls-files --stage -- /root/repos/_includes/header.html [3ms]
2024-10-06 21:45:32.388 [info] > git cat-file -s b592abca9ee8bd92142e91b5c5581280a7c700bc [1ms]
2024-10-06 21:45:32.398 [info] > git show --textconv :_includes/header.html [2ms]
