2024-10-04 18:59:58.900 [info] [main] ログ レベル: Info
2024-10-04 18:59:58.900 [info] [main] Git の検証が検出されました: "git"
2024-10-04 18:59:58.900 [info] [main] "git" から Git "2.34.1" を使用しています
2024-10-04 18:59:58.900 [info] [Model][doInitialScan] Initial repository scan started
2024-10-04 18:59:59.027 [info] > git rev-parse --show-toplevel [148ms]
2024-10-04 18:59:59.113 [info] > git rev-parse --git-dir --git-common-dir [67ms]
2024-10-04 18:59:59.135 [info] [Model][openRepository] Opened repository: /root
2024-10-04 18:59:59.267 [info] > git config --get commit.template [110ms]
2024-10-04 18:59:59.320 [info] > git rev-parse --show-toplevel [158ms]
2024-10-04 18:59:59.329 [info] > git rev-parse --git-dir --git-common-dir [2ms]
2024-10-04 18:59:59.339 [info] [Model][openRepository] Opened repository: /root/repos/SYSTEMA556.github.io
2024-10-04 18:59:59.356 [info] > git config --get commit.template [9ms]
2024-10-04 18:59:59.357 [info] > git rev-parse --show-toplevel [6ms]
2024-10-04 18:59:59.371 [info] > git rev-parse --show-toplevel [3ms]
2024-10-04 18:59:59.378 [info] > git rev-parse --show-toplevel [3ms]
2024-10-04 18:59:59.387 [info] > git rev-parse --show-toplevel [3ms]
2024-10-04 18:59:59.396 [info] > git rev-parse --show-toplevel [3ms]
2024-10-04 18:59:59.411 [info] > git rev-parse --show-toplevel [10ms]
2024-10-04 18:59:59.418 [info] > git rev-parse --git-dir --git-common-dir [2ms]
2024-10-04 18:59:59.425 [info] [Model][openRepository] Opened repository: /root/.rbenv
2024-10-04 18:59:59.447 [info] > git config --get commit.template [8ms]
2024-10-04 18:59:59.449 [info] > git rev-parse --show-toplevel [6ms]
2024-10-04 18:59:59.463 [info] > git rev-parse --show-toplevel [2ms]
2024-10-04 18:59:59.471 [info] > git rev-parse --show-toplevel [2ms]
2024-10-04 18:59:59.480 [info] > git rev-parse --show-toplevel [3ms]
2024-10-04 18:59:59.488 [info] > git rev-parse --show-toplevel [3ms]
2024-10-04 18:59:59.551 [info] > git rev-parse --show-toplevel [57ms]
2024-10-04 18:59:59.558 [info] > git rev-parse --git-dir --git-common-dir [2ms]
2024-10-04 18:59:59.568 [info] [Model][openRepository] Opened repository: /root/repos
2024-10-04 18:59:59.581 [info] > git config --get commit.template [6ms]
2024-10-04 18:59:59.582 [info] > git rev-parse --show-toplevel [3ms]
2024-10-04 18:59:59.586 [info] [Git][getRemotes] No remotes found in the git config file
2024-10-04 18:59:59.592 [info] > git for-each-ref --format=%(refname)%00%(upstream:short)%00%(objectname)%00%(upstream:track)%00%(upstream:remotename)%00%(upstream:remoteref) refs/heads/main refs/remotes/main [6ms]
2024-10-04 18:59:59.593 [warning] [Git][getBranch] No such branch: main
2024-10-04 18:59:59.636 [info] > git rev-parse --show-toplevel [46ms]
2024-10-04 18:59:59.638 [info] > git for-each-ref --format=%(refname)%00%(upstream:short)%00%(objectname)%00%(upstream:track)%00%(upstream:remotename)%00%(upstream:remoteref) refs/heads/main refs/remotes/main [274ms]
2024-10-04 18:59:59.654 [info] > git status -z -uall [54ms]
2024-10-04 18:59:59.654 [info] > git rev-parse --git-dir --git-common-dir [9ms]
2024-10-04 18:59:59.668 [info] [Model][openRepository] Opened repository: /root/sample_website
2024-10-04 18:59:59.764 [info] > git status -z -uall [112ms]
2024-10-04 18:59:59.765 [info] > git for-each-ref --format=%(refname)%00%(upstream:short)%00%(objectname)%00%(upstream:track)%00%(upstream:remotename)%00%(upstream:remoteref) refs/heads/main refs/remotes/main [66ms]
2024-10-04 18:59:59.765 [warning] [Git][getBranch] No such branch: main
2024-10-04 18:59:59.766 [info] > git rev-parse --show-toplevel [84ms]
2024-10-04 18:59:59.766 [info] > git config --get commit.template [90ms]
2024-10-04 18:59:59.772 [info] > git config --get commit.template [9ms]
2024-10-04 18:59:59.794 [info] > git for-each-ref --format=%(refname)%00%(upstream:short)%00%(objectname)%00%(upstream:track)%00%(upstream:remotename)%00%(upstream:remoteref) refs/heads/main refs/remotes/main [16ms]
2024-10-04 18:59:59.799 [info] > git rev-parse --show-toplevel [28ms]
2024-10-04 18:59:59.808 [info] [Model][doInitialScan] Initial repository scan completed - repositories (5), closed repositories (0), parent repositories (0), unsafe repositories (0)
2024-10-04 18:59:59.851 [info] [Git][getRemotes] No remotes found in the git config file
2024-10-04 18:59:59.862 [info] > git config --local branch.main.vscode-merge-base [63ms]
2024-10-04 18:59:59.862 [warning] [Git][config] git config failed: Failed to execute git
2024-10-04 18:59:59.867 [info] > git config --get commit.template [75ms]
2024-10-04 18:59:59.868 [info] > git for-each-ref --format=%(refname)%00%(upstream:short)%00%(objectname)%00%(upstream:track)%00%(upstream:remotename)%00%(upstream:remoteref) refs/heads/main refs/remotes/main [79ms]
2024-10-04 18:59:59.880 [info] > git for-each-ref --format=%(refname)%00%(upstream:short)%00%(objectname)%00%(upstream:track)%00%(upstream:remotename)%00%(upstream:remoteref) refs/heads/master refs/remotes/master [426ms]
2024-10-04 18:59:59.881 [info] > git for-each-ref --format=%(refname)%00%(upstream:short)%00%(objectname)%00%(upstream:track)%00%(upstream:remotename)%00%(upstream:remoteref) refs/heads/main refs/remotes/main [604ms]
2024-10-04 18:59:59.893 [warning] [Git][revParse] Unable to read file: ENOENT: no such file or directory, open '/root/.rbenv/.git/refs/remotes/origin/master'
2024-10-04 18:59:59.903 [info] > git reflog main --grep-reflog=branch: Created from *. [36ms]
2024-10-04 18:59:59.908 [info] > git for-each-ref --format=%(refname)%00%(upstream:short)%00%(objectname)%00%(upstream:track)%00%(upstream:remotename)%00%(upstream:remoteref) refs/heads/main refs/remotes/main [56ms]
2024-10-04 18:59:59.908 [warning] [Git][getBranch] No such branch: main
2024-10-04 18:59:59.925 [info] > git rev-parse refs/remotes/origin/master [31ms]
2024-10-04 18:59:59.932 [info] > git status -z -uall [53ms]
2024-10-04 18:59:59.932 [info] > git status -z -uall [20ms]
2024-10-04 18:59:59.933 [info] > git for-each-ref --format=%(refname)%00%(upstream:short)%00%(objectname)%00%(upstream:track)%00%(upstream:remotename)%00%(upstream:remoteref) refs/heads/main refs/remotes/main [17ms]
2024-10-04 18:59:59.945 [info] > git symbolic-ref --short refs/remotes/origin/HEAD [38ms]
2024-10-04 18:59:59.945 [info] fatal: ref refs/remotes/origin/HEAD is not a symbolic ref
2024-10-04 18:59:59.996 [info] > git status -z -uall [66ms]
2024-10-04 18:59:59.997 [info] > git for-each-ref --format=%(refname)%00%(upstream:short)%00%(objectname)%00%(upstream:track)%00%(upstream:remotename)%00%(upstream:remoteref) refs/heads/main refs/remotes/main [32ms]
2024-10-04 18:59:59.997 [warning] [Git][getBranch] No such branch: main
2024-10-04 18:59:59.999 [info] > git merge-base refs/heads/main refs/remotes/origin/main [40ms]
2024-10-04 19:00:00.006 [info] > git for-each-ref --format=%(refname)%00%(upstream:short)%00%(objectname)%00%(upstream:track)%00%(upstream:remotename)%00%(upstream:remoteref) refs/heads/main refs/remotes/main [67ms]
2024-10-04 19:00:00.057 [info] > git for-each-ref --format=%(refname)%00%(upstream:short)%00%(objectname)%00%(upstream:track)%00%(upstream:remotename)%00%(upstream:remoteref) refs/heads/master refs/remotes/master [28ms]
2024-10-04 19:00:00.070 [info] > git config --local branch.main.vscode-merge-base [58ms]
2024-10-04 19:00:00.070 [warning] [Git][config] git config failed: Failed to execute git
2024-10-04 19:00:00.083 [info] > git rev-list --count --left-right refs/heads/main...refs/remotes/origin/main [75ms]
2024-10-04 19:00:00.090 [info] > git config --get commit.template [103ms]
2024-10-04 19:00:00.113 [info] > git diff --name-status -z --diff-filter=ADMR b346f4f17944465876448ad89fafcf84416be6fd...refs/remotes/origin/main [24ms]
2024-10-04 19:00:00.116 [info] > git reflog main --grep-reflog=branch: Created from *. [37ms]
2024-10-04 19:00:00.120 [info] > git config --local branch.master.vscode-merge-base [51ms]
2024-10-04 19:00:00.129 [info] > git config --get commit.template [76ms]
2024-10-04 19:00:00.140 [info] > git status -z -uall [5ms]
2024-10-04 19:00:00.141 [info] > git symbolic-ref --short refs/remotes/origin/HEAD [21ms]
2024-10-04 19:00:00.141 [info] fatal: ref refs/remotes/origin/HEAD is not a symbolic ref
2024-10-04 19:00:00.149 [info] > git for-each-ref --format=%(refname)%00%(upstream:short)%00%(objectname)%00%(upstream:track)%00%(upstream:remotename)%00%(upstream:remoteref) refs/heads/main refs/remotes/main [10ms]
2024-10-04 19:00:00.176 [info] > git for-each-ref --format=%(refname)%00%(upstream:short)%00%(objectname)%00%(upstream:track)%00%(upstream:remotename)%00%(upstream:remoteref) refs/heads/origin/master refs/remotes/origin/master [47ms]
2024-10-04 19:00:00.185 [info] > git status -z -uall [26ms]
2024-10-04 19:00:00.185 [info] > git for-each-ref --format=%(refname)%00%(upstream:short)%00%(objectname)%00%(upstream:track)%00%(upstream:remotename)%00%(upstream:remoteref) refs/heads/main refs/remotes/main [16ms]
2024-10-04 19:00:00.206 [info] > git for-each-ref --format=%(refname)%00%(upstream:short)%00%(objectname)%00%(upstream:track)%00%(upstream:remotename)%00%(upstream:remoteref) refs/heads/master refs/remotes/master [60ms]
2024-10-04 19:00:00.211 [warning] [Git][revParse] Unable to read file: ENOENT: no such file or directory, open '/root/.rbenv/.git/refs/remotes/origin/master'
2024-10-04 19:00:00.216 [info] > git for-each-ref --format=%(refname)%00%(upstream:short)%00%(objectname)%00%(upstream:track)%00%(upstream:remotename)%00%(upstream:remoteref) refs/heads/main refs/remotes/main [13ms]
2024-10-04 19:00:00.222 [info] > git config --local branch.main.vscode-merge-base [28ms]
2024-10-04 19:00:00.223 [warning] [Git][config] git config failed: Failed to execute git
2024-10-04 19:00:00.228 [info] > git merge-base refs/heads/master refs/remotes/origin/master [45ms]
2024-10-04 19:00:00.235 [info] > git reflog main --grep-reflog=branch: Created from *. [8ms]
2024-10-04 19:00:00.239 [info] > git config --local branch.main.vscode-merge-base [17ms]
2024-10-04 19:00:00.239 [warning] [Git][config] git config failed: Failed to execute git
2024-10-04 19:00:00.244 [info] > git rev-parse refs/remotes/origin/master [34ms]
2024-10-04 19:00:00.251 [info] > git reflog main --grep-reflog=branch: Created from *. [8ms]
2024-10-04 19:00:00.256 [info] > git symbolic-ref --short refs/remotes/origin/HEAD [18ms]
2024-10-04 19:00:00.256 [info] fatal: ref refs/remotes/origin/HEAD is not a symbolic ref
2024-10-04 19:00:00.257 [info] > git rev-list --count --left-right refs/heads/master...refs/remotes/origin/master [24ms]
2024-10-04 19:00:00.268 [info] > git status -z -uall [19ms]
2024-10-04 19:00:00.269 [info] > git diff --name-status -z --diff-filter=ADMR c335ab83de40d48093870d300de52c61bbd68359...refs/remotes/origin/master [7ms]
2024-10-04 19:00:00.270 [info] > git symbolic-ref --short refs/remotes/origin/HEAD [14ms]
2024-10-04 19:00:00.270 [info] fatal: ref refs/remotes/origin/HEAD is not a symbolic ref
2024-10-04 19:00:00.286 [info] > git for-each-ref --format=%(refname)%00%(upstream:short)%00%(objectname)%00%(upstream:track)%00%(upstream:remotename)%00%(upstream:remoteref) refs/heads/master refs/remotes/master [11ms]
2024-10-04 19:00:00.294 [info] > git config --local branch.master.vscode-merge-base [3ms]
2024-10-04 19:00:00.303 [info] > git for-each-ref --format=%(refname)%00%(upstream:short)%00%(objectname)%00%(upstream:track)%00%(upstream:remotename)%00%(upstream:remoteref) refs/heads/origin/master refs/remotes/origin/master [3ms]
2024-10-04 19:00:00.616 [info] > git status -z -uall [634ms]
2024-10-04 19:00:00.945 [info] > git for-each-ref --format=%(refname)%00%(upstream:short)%00%(objectname)%00%(upstream:track)%00%(upstream:remotename)%00%(upstream:remoteref) refs/heads/main refs/remotes/main [306ms]
2024-10-04 19:00:01.262 [info] > git config --local branch.main.vscode-merge-base [310ms]
2024-10-04 19:00:01.262 [warning] [Git][config] git config failed: Failed to execute git
2024-10-04 19:00:01.267 [info] > git config --get commit.template [324ms]
2024-10-04 19:00:01.297 [info] > git reflog main --grep-reflog=branch: Created from *. [31ms]
2024-10-04 19:00:01.313 [info] > git symbolic-ref --short refs/remotes/origin/HEAD [12ms]
2024-10-04 19:00:01.314 [info] fatal: ref refs/remotes/origin/HEAD is not a symbolic ref
2024-10-04 19:00:01.321 [info] > git for-each-ref --format=%(refname)%00%(upstream:short)%00%(objectname)%00%(upstream:track)%00%(upstream:remotename)%00%(upstream:remoteref) refs/heads/main refs/remotes/main [29ms]
2024-10-04 19:00:01.384 [info] > git merge-base refs/heads/main refs/remotes/origin/main [63ms]
2024-10-04 19:00:01.395 [info] > git rev-list --count --left-right refs/heads/main...refs/remotes/origin/main [7ms]
2024-10-04 19:00:01.414 [info] > git diff --name-status -z --diff-filter=ADMR bd9d16f278f7c1f9d552dfe2d34230c84e18e4f0...refs/remotes/origin/main [13ms]
2024-10-04 19:00:01.498 [info] > git status -z -uall [104ms]
2024-10-04 19:00:01.533 [info] > git for-each-ref --format=%(refname)%00%(upstream:short)%00%(objectname)%00%(upstream:track)%00%(upstream:remotename)%00%(upstream:remoteref) refs/heads/main refs/remotes/main [24ms]
2024-10-04 19:00:01.611 [info] > git show --textconv :_layouts/default.html [6ms]
2024-10-04 19:00:01.612 [info] > git config --local branch.main.vscode-merge-base [75ms]
2024-10-04 19:00:01.612 [warning] [Git][config] git config failed: Failed to execute git
2024-10-04 19:00:01.728 [info] > git reflog main --grep-reflog=branch: Created from *. [111ms]
2024-10-04 19:00:01.732 [info] > git ls-files --stage -- /root/repos/SYSTEMA556.github.io/_layouts/default.html [122ms]
2024-10-04 19:00:01.766 [info] > git check-ignore -v -z --stdin [27ms]
2024-10-04 19:00:01.768 [info] > git check-ignore -v -z --stdin [24ms]
2024-10-04 19:00:01.771 [info] > git check-ignore -v -z --stdin [21ms]
2024-10-04 19:00:01.772 [info] > git check-ignore -v -z --stdin [19ms]
2024-10-04 19:00:01.773 [info] > git check-ignore -v -z --stdin [15ms]
2024-10-04 19:00:01.774 [info] > git symbolic-ref --short refs/remotes/origin/HEAD [42ms]
2024-10-04 19:00:01.774 [info] fatal: ref refs/remotes/origin/HEAD is not a symbolic ref
2024-10-04 21:37:38.319 [info] > git ls-files --stage -- /root/repos/SYSTEMA556.github.io/css/testtest.css [9ms]
2024-10-04 21:37:38.321 [info] > git show --textconv :css/testtest.css [16ms]
2024-10-04 21:37:39.755 [info] > git ls-files --stage -- /root/repos/SYSTEMA556.github.io/index.html [3ms]
2024-10-04 21:37:39.760 [info] > git show --textconv :index.html [13ms]
2024-10-04 21:37:39.762 [info] > git cat-file -s b8dd94766877fe069b4f93bae1b6ac17e0b9b608 [3ms]
2024-10-04 21:37:41.574 [info] > git show --textconv :_layouts/default.html [4ms]
2024-10-04 21:37:41.575 [info] > git ls-files --stage -- /root/repos/SYSTEMA556.github.io/_layouts/default.html [2ms]
2024-10-04 21:38:45.231 [info] > git check-ignore -v -z --stdin [2ms]
2024-10-04 21:38:47.349 [info] > git check-ignore -v -z --stdin [5ms]
2024-10-04 21:38:49.198 [info] > git check-ignore -v -z --stdin [6ms]
2024-10-04 21:38:54.244 [info] > git check-ignore -v -z --stdin [2ms]
2024-10-04 21:39:01.619 [info] > git show --textconv :css/_site/testtest.css [6ms]
2024-10-04 21:39:01.622 [info] > git ls-files --stage -- /root/repos/SYSTEMA556.github.io/css/_site/testtest.css [4ms]
2024-10-04 21:39:03.991 [info] > git show --textconv :css/testtest.css [12ms]
2024-10-04 21:39:03.995 [info] > git ls-files --stage -- /root/repos/SYSTEMA556.github.io/css/testtest.css [6ms]
2024-10-04 21:39:08.204 [info] > git show --textconv :css/_site/testtest.css [6ms]
2024-10-04 21:39:08.205 [info] > git ls-files --stage -- /root/repos/SYSTEMA556.github.io/css/_site/testtest.css [2ms]
2024-10-04 21:39:19.804 [info] > git show --textconv :_layouts/default.html [10ms]
2024-10-04 21:39:19.806 [info] > git ls-files --stage -- /root/repos/SYSTEMA556.github.io/_layouts/default.html [7ms]
2024-10-04 21:40:08.996 [info] > git check-ignore -v -z --stdin [39ms]
2024-10-04 21:40:09.904 [info] > git check-ignore -v -z --stdin [12ms]
2024-10-04 21:40:10.644 [info] > git show --textconv :css/main.css [5ms]
2024-10-04 21:40:10.648 [info] > git ls-files --stage -- /root/css/main.css [5ms]
2024-10-04 21:40:14.251 [info] > git show --textconv :_layouts/default.html [5ms]
2024-10-04 21:40:14.251 [info] > git ls-files --stage -- /root/repos/SYSTEMA556.github.io/_layouts/default.html [2ms]
2024-10-04 21:40:50.685 [info] > git show --textconv :index.html [4ms]
2024-10-04 21:40:50.686 [info] > git ls-files --stage -- /root/repos/SYSTEMA556.github.io/index.html [2ms]
2024-10-04 21:40:50.692 [info] > git cat-file -s b8dd94766877fe069b4f93bae1b6ac17e0b9b608 [2ms]
2024-10-04 21:41:42.097 [info] > git check-ignore -v -z --stdin [5ms]
2024-10-04 21:43:00.606 [info] > git show --textconv :css/_site/main.css [7ms]
2024-10-04 21:43:00.607 [info] > git ls-files --stage -- /root/repos/SYSTEMA556.github.io/css/_site/main.css [2ms]
2024-10-04 21:43:16.527 [info] > git show --textconv :index.html [5ms]
2024-10-04 21:43:16.528 [info] > git ls-files --stage -- /root/repos/SYSTEMA556.github.io/index.html [2ms]
2024-10-04 21:43:16.534 [info] > git cat-file -s b8dd94766877fe069b4f93bae1b6ac17e0b9b608 [3ms]
2024-10-04 21:43:19.807 [info] > git show --textconv :index.html [5ms]
2024-10-04 21:43:19.808 [info] > git ls-files --stage -- /root/repos/SYSTEMA556.github.io/index.html [2ms]
2024-10-04 21:43:19.815 [info] > git cat-file -s b8dd94766877fe069b4f93bae1b6ac17e0b9b608 [2ms]
2024-10-04 21:43:22.057 [info] > git show --textconv :index.html [5ms]
2024-10-04 21:43:22.059 [info] > git ls-files --stage -- /root/repos/SYSTEMA556.github.io/index.html [3ms]
2024-10-04 21:43:22.063 [info] > git cat-file -s b8dd94766877fe069b4f93bae1b6ac17e0b9b608 [1ms]
2024-10-04 21:43:23.336 [info] > git show --textconv :css/_site/main.css [5ms]
2024-10-04 21:43:23.338 [info] > git ls-files --stage -- /root/repos/SYSTEMA556.github.io/css/_site/main.css [3ms]
2024-10-04 21:43:25.632 [info] > git show --textconv :_layouts/default.html [5ms]
2024-10-04 21:43:25.634 [info] > git ls-files --stage -- /root/repos/SYSTEMA556.github.io/_layouts/default.html [3ms]
2024-10-04 21:44:05.000 [info] > git show --textconv :_layouts/default.html [5ms]
2024-10-04 21:44:05.001 [info] > git ls-files --stage -- /root/repos/SYSTEMA556.github.io/_layouts/default.html [2ms]
2024-10-04 21:44:05.355 [info] > git show --textconv :css/_site/main.css [5ms]
2024-10-04 21:44:05.356 [info] > git ls-files --stage -- /root/repos/SYSTEMA556.github.io/css/_site/main.css [2ms]
2024-10-04 21:44:06.525 [info] > git show --textconv :_layouts/default.html [4ms]
2024-10-04 21:44:06.526 [info] > git ls-files --stage -- /root/repos/SYSTEMA556.github.io/_layouts/default.html [1ms]
2024-10-04 21:45:49.900 [info] > git show --textconv :css/main.css [4ms]
2024-10-04 21:45:49.905 [info] > git ls-files --stage -- /root/css/main.css [6ms]
2024-10-04 21:45:56.713 [info] > git check-ignore -v -z --stdin [2ms]
2024-10-04 21:45:57.264 [info] > git show --textconv :_site/css/main.css [4ms]
2024-10-04 21:45:57.266 [info] > git ls-files --stage -- /root/repos/SYSTEMA556.github.io/_site/css/main.css [3ms]
2024-10-04 21:46:02.231 [info] > git show --textconv :_site/css/testtest.css [6ms]
2024-10-04 21:46:02.232 [info] > git ls-files --stage -- /root/repos/SYSTEMA556.github.io/_site/css/testtest.css [3ms]
2024-10-04 21:46:05.860 [info] > git show --textconv :_site/index.html [5ms]
2024-10-04 21:46:05.864 [info] > git ls-files --stage -- /root/repos/SYSTEMA556.github.io/_site/index.html [5ms]
2024-10-04 21:47:14.141 [info] > git show --textconv :_site/index.html [5ms]
2024-10-04 21:47:14.143 [info] > git ls-files --stage -- /root/repos/SYSTEMA556.github.io/_site/index.html [4ms]
2024-10-04 21:47:25.935 [info] > git show --textconv :_site/css/testtest.css [4ms]
2024-10-04 21:47:25.936 [info] > git ls-files --stage -- /root/repos/SYSTEMA556.github.io/_site/css/testtest.css [3ms]
2024-10-04 21:47:28.411 [info] > git show --textconv :_site/css/main.css [4ms]
2024-10-04 21:47:28.413 [info] > git ls-files --stage -- /root/repos/SYSTEMA556.github.io/_site/css/main.css [3ms]
2024-10-04 21:49:03.898 [info] > git show --textconv :index.html [5ms]
2024-10-04 21:49:03.900 [info] > git ls-files --stage -- /root/repos/SYSTEMA556.github.io/index.html [3ms]
2024-10-04 21:49:03.906 [info] > git cat-file -s b8dd94766877fe069b4f93bae1b6ac17e0b9b608 [2ms]
2024-10-04 21:49:04.291 [info] > git check-ignore -v -z --stdin [6ms]
2024-10-04 21:50:01.223 [info] > git show --textconv :_layouts/default.html [4ms]
2024-10-04 21:50:01.224 [info] > git ls-files --stage -- /root/repos/SYSTEMA556.github.io/_layouts/default.html [2ms]
2024-10-04 21:50:12.288 [info] > git show --textconv :_site/css/main.css [4ms]
2024-10-04 21:50:12.289 [info] > git ls-files --stage -- /root/repos/SYSTEMA556.github.io/_site/css/main.css [2ms]
2024-10-04 21:50:13.728 [info] > git show --textconv :_site/css/testtest.css [5ms]
2024-10-04 21:50:13.729 [info] > git ls-files --stage -- /root/repos/SYSTEMA556.github.io/_site/css/testtest.css [2ms]
2024-10-04 21:50:17.373 [info] > git show --textconv :_site/index.html [5ms]
2024-10-04 21:50:17.374 [info] > git ls-files --stage -- /root/repos/SYSTEMA556.github.io/_site/index.html [2ms]
2024-10-04 22:02:47.246 [info] > git show --textconv :_layouts/default.html [5ms]
2024-10-04 22:02:47.247 [info] > git ls-files --stage -- /root/repos/SYSTEMA556.github.io/_layouts/default.html [2ms]
2024-10-04 22:03:38.355 [info] > git show --textconv :_site/index.html [4ms]
2024-10-04 22:03:38.356 [info] > git ls-files --stage -- /root/repos/SYSTEMA556.github.io/_site/index.html [2ms]
2024-10-04 22:04:03.575 [info] > git show --textconv :_site/index.html [4ms]
2024-10-04 22:04:03.577 [info] > git ls-files --stage -- /root/repos/SYSTEMA556.github.io/_site/index.html [3ms]
2024-10-04 22:04:22.535 [info] > git show --textconv :_layouts/default.html [5ms]
2024-10-04 22:04:22.536 [info] > git ls-files --stage -- /root/repos/SYSTEMA556.github.io/_layouts/default.html [2ms]
2024-10-04 22:04:30.212 [info] > git show --textconv :_site/index.html [4ms]
2024-10-04 22:04:30.213 [info] > git ls-files --stage -- /root/repos/SYSTEMA556.github.io/_site/index.html [2ms]
2024-10-04 22:04:39.813 [info] > git show --textconv :index.html [4ms]
2024-10-04 22:04:39.814 [info] > git ls-files --stage -- /root/repos/SYSTEMA556.github.io/index.html [2ms]
2024-10-04 22:04:39.819 [info] > git cat-file -s b8dd94766877fe069b4f93bae1b6ac17e0b9b608 [2ms]
2024-10-04 22:04:42.176 [info] > git show --textconv :_site/index.html [6ms]
2024-10-04 22:04:42.177 [info] > git ls-files --stage -- /root/repos/SYSTEMA556.github.io/_site/index.html [2ms]
2024-10-04 22:05:24.728 [info] > git show --textconv :_site/index.html [4ms]
2024-10-04 22:05:24.729 [info] > git ls-files --stage -- /root/repos/SYSTEMA556.github.io/_site/index.html [2ms]
2024-10-04 22:05:34.957 [info] > git show --textconv :_site/tested.html [4ms]
2024-10-04 22:05:34.959 [info] > git ls-files --stage -- /root/repos/SYSTEMA556.github.io/_site/tested.html [3ms]
2024-10-04 22:05:37.435 [info] > git show --textconv :_site/index.html [4ms]
2024-10-04 22:05:37.437 [info] > git ls-files --stage -- /root/repos/SYSTEMA556.github.io/_site/index.html [2ms]
2024-10-04 22:05:38.827 [info] > git show --textconv :_site/tested.html [5ms]
2024-10-04 22:05:38.829 [info] > git ls-files --stage -- /root/repos/SYSTEMA556.github.io/_site/tested.html [3ms]
2024-10-04 22:06:18.386 [info] > git check-ignore -v -z --stdin [6ms]
2024-10-04 22:06:21.691 [info] > git check-ignore -v -z --stdin [16ms]
2024-10-04 22:06:31.034 [info] > git check-ignore -v -z --stdin [4ms]
2024-10-04 22:06:38.862 [info] > git show --textconv :css/_site/testtest.css [4ms]
2024-10-04 22:06:38.864 [info] > git ls-files --stage -- /root/repos/SYSTEMA556.github.io/css/_site/testtest.css [2ms]
2024-10-04 22:06:39.981 [info] > git show --textconv :css/_site/main.css [3ms]
2024-10-04 22:06:39.982 [info] > git ls-files --stage -- /root/repos/SYSTEMA556.github.io/css/_site/main.css [2ms]
2024-10-04 22:06:41.256 [info] > git show --textconv :_site/css/testtest.css [6ms]
2024-10-04 22:06:41.257 [info] > git ls-files --stage -- /root/repos/SYSTEMA556.github.io/_site/css/testtest.css [2ms]
2024-10-04 22:06:42.529 [info] > git show --textconv :_site/css/main.css [4ms]
2024-10-04 22:06:42.531 [info] > git ls-files --stage -- /root/repos/SYSTEMA556.github.io/_site/css/main.css [3ms]
2024-10-04 22:06:46.098 [info] > git show --textconv :_site/index.html [3ms]
2024-10-04 22:06:46.099 [info] > git ls-files --stage -- /root/repos/SYSTEMA556.github.io/_site/index.html [2ms]
2024-10-04 22:06:46.909 [info] > git show --textconv :_site/css/main.css [6ms]
2024-10-04 22:06:46.911 [info] > git ls-files --stage -- /root/repos/SYSTEMA556.github.io/_site/css/main.css [4ms]
2024-10-04 22:07:00.547 [info] > git show --textconv :_site/index.html [5ms]
2024-10-04 22:07:00.548 [info] > git ls-files --stage -- /root/repos/SYSTEMA556.github.io/_site/index.html [3ms]
2024-10-04 22:07:16.125 [info] > git show --textconv :_layouts/default.html [4ms]
2024-10-04 22:07:16.126 [info] > git ls-files --stage -- /root/repos/SYSTEMA556.github.io/_layouts/default.html [2ms]
2024-10-04 22:07:21.712 [info] > git show --textconv :_site/css/main.css [5ms]
2024-10-04 22:07:21.713 [info] > git ls-files --stage -- /root/repos/SYSTEMA556.github.io/_site/css/main.css [2ms]
2024-10-04 22:07:22.338 [info] > git show --textconv :_site/css/testtest.css [5ms]
2024-10-04 22:07:22.340 [info] > git ls-files --stage -- /root/repos/SYSTEMA556.github.io/_site/css/testtest.css [4ms]
2024-10-04 22:07:24.235 [info] > git show --textconv :_site/index.html [6ms]
2024-10-04 22:07:24.237 [info] > git ls-files --stage -- /root/repos/SYSTEMA556.github.io/_site/index.html [2ms]
2024-10-04 22:07:37.167 [info] > git show --textconv :_layouts/default.html [5ms]
2024-10-04 22:07:37.168 [info] > git ls-files --stage -- /root/repos/SYSTEMA556.github.io/_layouts/default.html [2ms]
2024-10-04 22:07:53.370 [info] > git show --textconv :css/main.css [6ms]
2024-10-04 22:07:53.372 [info] > git ls-files --stage -- /root/repos/SYSTEMA556.github.io/css/main.css [3ms]
2024-10-04 22:08:19.419 [info] > git show --textconv :_layouts/default.html [5ms]
2024-10-04 22:08:19.424 [info] > git ls-files --stage -- /root/repos/SYSTEMA556.github.io/_layouts/default.html [6ms]
2024-10-04 22:10:00.192 [info] > git check-ignore -v -z --stdin [6ms]
2024-10-04 22:10:01.425 [info] > git check-ignore -v -z --stdin [5ms]
2024-10-04 22:10:05.278 [info] > git check-ignore -v -z --stdin [3ms]
2024-10-04 22:10:10.671 [info] > git check-ignore -v -z --stdin [4ms]
2024-10-04 22:10:12.880 [info] > git check-ignore -v -z --stdin [7ms]
2024-10-04 22:10:31.613 [info] > git show --textconv :_site/index.html [4ms]
2024-10-04 22:10:31.615 [info] > git ls-files --stage -- /root/repos/SYSTEMA556.github.io/_site/index.html [2ms]
2024-10-04 22:10:48.213 [info] > git show --textconv :_site/css/main.css [7ms]
2024-10-04 22:10:48.215 [info] > git ls-files --stage -- /root/repos/SYSTEMA556.github.io/_site/css/main.css [4ms]
2024-10-04 22:12:26.381 [info] > git show --textconv :_layouts/default.html [7ms]
2024-10-04 22:12:26.383 [info] > git ls-files --stage -- /root/repos/SYSTEMA556.github.io/_layouts/default.html [4ms]
2024-10-04 22:13:14.909 [info] > git show --textconv :_site/css/main.css [6ms]
2024-10-04 22:13:14.910 [info] > git ls-files --stage -- /root/repos/SYSTEMA556.github.io/_site/css/main.css [2ms]
2024-10-04 22:13:49.576 [info] > git show --textconv :_layouts/default.html [6ms]
2024-10-04 22:13:49.579 [info] > git ls-files --stage -- /root/repos/SYSTEMA556.github.io/_layouts/default.html [4ms]
2024-10-04 22:14:59.119 [info] > git show --textconv :index.html [4ms]
2024-10-04 22:14:59.120 [info] > git ls-files --stage -- /root/repos/SYSTEMA556.github.io/index.html [2ms]
2024-10-04 22:14:59.127 [info] > git cat-file -s b8dd94766877fe069b4f93bae1b6ac17e0b9b608 [1ms]
2024-10-04 22:15:51.363 [info] > git show --textconv :_layouts/default.html [8ms]
2024-10-04 22:15:51.365 [info] > git ls-files --stage -- /root/repos/SYSTEMA556.github.io/_layouts/default.html [3ms]
2024-10-04 22:16:35.701 [info] > git show --textconv :index.html [4ms]
2024-10-04 22:16:35.702 [info] > git ls-files --stage -- /root/repos/SYSTEMA556.github.io/index.html [2ms]
2024-10-04 22:16:35.707 [info] > git cat-file -s b8dd94766877fe069b4f93bae1b6ac17e0b9b608 [2ms]
2024-10-04 22:17:11.180 [info] > git show --textconv :_layouts/default.html [5ms]
2024-10-04 22:17:11.181 [info] > git ls-files --stage -- /root/repos/SYSTEMA556.github.io/_layouts/default.html [1ms]
2024-10-04 22:17:16.868 [info] > git show --textconv :index.html [4ms]
2024-10-04 22:17:16.869 [info] > git ls-files --stage -- /root/repos/SYSTEMA556.github.io/index.html [2ms]
2024-10-04 22:17:16.874 [info] > git cat-file -s b8dd94766877fe069b4f93bae1b6ac17e0b9b608 [2ms]
2024-10-04 22:17:17.479 [info] > git show --textconv :_layouts/default.html [5ms]
2024-10-04 22:17:17.480 [info] > git ls-files --stage -- /root/repos/SYSTEMA556.github.io/_layouts/default.html [2ms]
2024-10-04 22:19:11.843 [info] > git check-ignore -v -z --stdin [2ms]
2024-10-04 22:19:38.168 [info] > git show --textconv :_layouts/default.html [4ms]
2024-10-04 22:19:38.170 [info] > git ls-files --stage -- /root/repos/SYSTEMA556.github.io/_layouts/default.html [3ms]
2024-10-04 22:20:52.574 [info] > git show --textconv :_layouts/default.html [6ms]
2024-10-04 22:20:52.575 [info] > git ls-files --stage -- /root/repos/SYSTEMA556.github.io/_layouts/default.html [3ms]
2024-10-04 22:22:05.056 [info] > git show --textconv :_layouts/default.html [4ms]
2024-10-04 22:22:05.057 [info] > git ls-files --stage -- /root/repos/SYSTEMA556.github.io/_layouts/default.html [2ms]
2024-10-04 22:22:45.859 [info] > git show --textconv :index.html [3ms]
2024-10-04 22:22:45.860 [info] > git ls-files --stage -- /root/repos/SYSTEMA556.github.io/index.html [2ms]
2024-10-04 22:22:45.865 [info] > git cat-file -s b8dd94766877fe069b4f93bae1b6ac17e0b9b608 [2ms]
2024-10-04 22:22:52.793 [info] > git show --textconv :tested.html [5ms]
2024-10-04 22:22:52.795 [info] > git ls-files --stage -- /root/repos/SYSTEMA556.github.io/tested.html [3ms]
2024-10-04 22:23:33.805 [info] > git show --textconv :index.html [6ms]
2024-10-04 22:23:33.807 [info] > git ls-files --stage -- /root/repos/SYSTEMA556.github.io/index.html [3ms]
2024-10-04 22:23:33.813 [info] > git cat-file -s b8dd94766877fe069b4f93bae1b6ac17e0b9b608 [2ms]
2024-10-04 22:27:02.590 [info] > git check-ignore -v -z --stdin [6ms]
2024-10-04 22:27:03.802 [info] > git show --textconv :.jekyll-cache/Jekyll/Cache/Jekyll--Cache/b7/9606fb3afea5bd1609ed40b622142f1c98125abcfe89a76a661b0e8e343910 [5ms]
2024-10-04 22:27:03.803 [info] > git ls-files --stage -- /root/repos/SYSTEMA556.github.io/.jekyll-cache/Jekyll/Cache/Jekyll--Cache/b7/9606fb3afea5bd1609ed40b622142f1c98125abcfe89a76a661b0e8e343910 [2ms]
2024-10-04 22:27:04.063 [info] > git check-ignore -v -z --stdin [2ms]
2024-10-04 22:27:10.999 [info] > git show --textconv :index.html [6ms]
2024-10-04 22:27:11.001 [info] > git ls-files --stage -- /root/repos/SYSTEMA556.github.io/index.html [3ms]
2024-10-04 22:27:11.006 [info] > git cat-file -s b8dd94766877fe069b4f93bae1b6ac17e0b9b608 [2ms]
2024-10-04 22:27:20.335 [info] > git show --textconv :css/main.css [4ms]
2024-10-04 22:27:20.337 [info] > git ls-files --stage -- /root/repos/SYSTEMA556.github.io/css/main.css [2ms]
2024-10-04 22:27:21.537 [info] > git check-ignore -v -z --stdin [5ms]
2024-10-04 22:27:23.888 [info] > git show --textconv :css/testtest.css [6ms]
2024-10-04 22:27:23.890 [info] > git ls-files --stage -- /root/repos/SYSTEMA556.github.io/css/testtest.css [3ms]
2024-10-04 22:27:29.801 [info] > git show --textconv :index.html [6ms]
2024-10-04 22:27:29.802 [info] > git ls-files --stage -- /root/repos/SYSTEMA556.github.io/index.html [3ms]
2024-10-04 22:27:29.808 [info] > git cat-file -s b8dd94766877fe069b4f93bae1b6ac17e0b9b608 [2ms]
2024-10-04 22:27:31.952 [info] > git check-ignore -v -z --stdin [7ms]
2024-10-04 22:28:49.033 [info] > git show --textconv :css/main.css [4ms]
2024-10-04 22:28:49.035 [info] > git ls-files --stage -- /root/repos/SYSTEMA556.github.io/css/main.css [3ms]
2024-10-04 22:29:49.447 [info] > git show --textconv :versions/3.2.3/lib/ruby/gems/3.2.0/gems/webrick-1.8.2/lib/webrick/httpservlet/filehandler.rb [5ms]
2024-10-04 22:29:49.448 [info] > git ls-files --stage -- /root/.rbenv/versions/3.2.3/lib/ruby/gems/3.2.0/gems/webrick-1.8.2/lib/webrick/httpservlet/filehandler.rb [2ms]
2024-10-04 22:29:49.697 [info] > git check-ignore -v -z --stdin [8ms]
2024-10-04 22:29:50.218 [info] > git check-ignore -v -z --stdin [7ms]
2024-10-04 22:29:55.173 [info] > git check-ignore -v -z --stdin [1ms]
2024-10-04 22:31:13.909 [info] > git check-ignore -v -z --stdin [2ms]
2024-10-04 22:31:33.495 [info] > git check-ignore -v -z --stdin [2ms]
2024-10-04 22:31:34.938 [info] > git show --textconv :index.html [4ms]
2024-10-04 22:31:34.939 [info] > git ls-files --stage -- /root/repos/SYSTEMA556.github.io/index.html [3ms]
2024-10-04 22:31:34.945 [info] > git cat-file -s b8dd94766877fe069b4f93bae1b6ac17e0b9b608 [2ms]
2024-10-04 22:32:47.865 [info] > git show --textconv :css/main.css [4ms]
2024-10-04 22:32:47.867 [info] > git ls-files --stage -- /root/repos/SYSTEMA556.github.io/css/main.css [2ms]
2024-10-04 22:32:57.519 [info] > git show --textconv :index.html [6ms]
2024-10-04 22:32:57.520 [info] > git ls-files --stage -- /root/repos/SYSTEMA556.github.io/index.html [2ms]
2024-10-04 22:32:57.526 [info] > git cat-file -s b8dd94766877fe069b4f93bae1b6ac17e0b9b608 [1ms]
2024-10-04 22:33:00.213 [info] > git show --textconv :css/main.css [5ms]
2024-10-04 22:33:00.214 [info] > git ls-files --stage -- /root/repos/SYSTEMA556.github.io/css/main.css [2ms]
2024-10-04 22:33:00.580 [info] > git show --textconv :versions/3.2.3/lib/ruby/gems/3.2.0/gems/webrick-1.8.2/lib/webrick/httpservlet/filehandler.rb [5ms]
2024-10-04 22:33:00.581 [info] > git ls-files --stage -- /root/.rbenv/versions/3.2.3/lib/ruby/gems/3.2.0/gems/webrick-1.8.2/lib/webrick/httpservlet/filehandler.rb [2ms]
2024-10-04 22:33:00.979 [info] > git check-ignore -v -z --stdin [1ms]
2024-10-04 22:33:02.567 [info] > git check-ignore -v -z --stdin [5ms]
2024-10-04 22:33:03.725 [info] > git check-ignore -v -z --stdin [1ms]
2024-10-04 22:33:06.556 [info] > git check-ignore -v -z --stdin [1ms]
2024-10-04 22:43:18.525 [info] > git check-ignore -v -z --stdin [6ms]
2024-10-04 22:43:19.783 [info] > git check-ignore -v -z --stdin [3ms]
2024-10-04 22:43:20.350 [info] > git check-ignore -v -z --stdin [3ms]
2024-10-04 22:43:22.803 [info] > git check-ignore -v -z --stdin [3ms]
2024-10-04 22:43:26.962 [info] > git check-ignore -v -z --stdin [2ms]
2024-10-04 22:43:40.080 [info] > git check-ignore -v -z --stdin [5ms]
2024-10-04 22:44:24.762 [info] > git show --textconv :index.html [6ms]
2024-10-04 22:44:24.763 [info] > git ls-files --stage -- /root/repos/SYSTEMA556.github.io/index.html [2ms]
2024-10-04 22:44:24.769 [info] > git cat-file -s b8dd94766877fe069b4f93bae1b6ac17e0b9b608 [2ms]
2024-10-04 22:45:05.258 [info] > git show --textconv :_layouts/default.html [4ms]
2024-10-04 22:45:05.260 [info] > git ls-files --stage -- /root/repos/SYSTEMA556.github.io/_layouts/default.html [3ms]
2024-10-04 22:45:23.927 [info] > git show --textconv :index.html [3ms]
2024-10-04 22:45:23.929 [info] > git ls-files --stage -- /root/repos/SYSTEMA556.github.io/index.html [2ms]
2024-10-04 22:45:23.935 [info] > git cat-file -s b8dd94766877fe069b4f93bae1b6ac17e0b9b608 [2ms]
2024-10-04 22:45:25.518 [info] > git show --textconv :_layouts/default.html [5ms]
2024-10-04 22:45:25.519 [info] > git ls-files --stage -- /root/repos/SYSTEMA556.github.io/_layouts/default.html [2ms]
2024-10-04 22:47:07.608 [info] > git show --textconv :index.html [7ms]
2024-10-04 22:47:07.609 [info] > git ls-files --stage -- /root/repos/SYSTEMA556.github.io/index.html [2ms]
2024-10-04 22:47:07.620 [info] > git cat-file -s b8dd94766877fe069b4f93bae1b6ac17e0b9b608 [2ms]
2024-10-04 22:47:09.205 [info] > git show --textconv :_layouts/default.html [5ms]
2024-10-04 22:47:09.207 [info] > git ls-files --stage -- /root/repos/SYSTEMA556.github.io/_layouts/default.html [2ms]
2024-10-04 22:47:36.968 [info] > git show --textconv :index.html [5ms]
2024-10-04 22:47:36.969 [info] > git ls-files --stage -- /root/repos/SYSTEMA556.github.io/index.html [3ms]
2024-10-04 22:47:36.977 [info] > git cat-file -s b8dd94766877fe069b4f93bae1b6ac17e0b9b608 [3ms]
2024-10-04 22:48:13.133 [info] > git show --textconv :index.html [8ms]
2024-10-04 22:48:13.136 [info] > git ls-files --stage -- /root/repos/SYSTEMA556.github.io/index.html [6ms]
2024-10-04 22:48:13.148 [info] > git cat-file -s b8dd94766877fe069b4f93bae1b6ac17e0b9b608 [2ms]
2024-10-04 22:49:51.789 [info] > git check-ignore -v -z --stdin [2ms]
2024-10-04 22:52:42.800 [info] > git check-ignore -v -z --stdin [7ms]
2024-10-04 22:55:13.467 [info] > git show --textconv :_layouts/default.html [4ms]
2024-10-04 22:55:13.468 [info] > git ls-files --stage -- /root/repos/SYSTEMA556.github.io/_layouts/default.html [2ms]
2024-10-04 22:58:33.154 [info] > git check-ignore -v -z --stdin [2ms]
2024-10-04 22:58:54.623 [info] > git show --textconv :css/main.css [7ms]
2024-10-04 22:58:54.625 [info] > git ls-files --stage -- /root/repos/SYSTEMA556.github.io/css/main.css [4ms]
2024-10-04 22:59:40.099 [info] > git show --textconv :_layouts/default.html [6ms]
2024-10-04 22:59:40.101 [info] > git ls-files --stage -- /root/repos/SYSTEMA556.github.io/_layouts/default.html [3ms]
2024-10-04 23:00:53.705 [info] > git show --textconv :css/main.css [7ms]
2024-10-04 23:00:53.708 [info] > git ls-files --stage -- /root/repos/SYSTEMA556.github.io/css/main.css [5ms]
2024-10-04 23:00:54.575 [info] > git show --textconv :index.html [5ms]
2024-10-04 23:00:54.577 [info] > git ls-files --stage -- /root/repos/SYSTEMA556.github.io/index.html [2ms]
2024-10-04 23:00:54.582 [info] > git cat-file -s b8dd94766877fe069b4f93bae1b6ac17e0b9b608 [2ms]
2024-10-04 23:01:59.683 [info] > git show --textconv :.gitignore [6ms]
2024-10-04 23:01:59.686 [info] > git ls-files --stage -- /root/.gitignore [4ms]
2024-10-04 23:01:59.690 [info] > git cat-file -s 9576027da5a716887ab76937bdf4369abf5d6ce2 [2ms]
2024-10-04 23:02:43.335 [info] [Git][getRemotes] No remotes found in the git config file
2024-10-04 23:02:43.336 [info] > git config --get commit.template [5ms]
2024-10-04 23:02:43.337 [info] > git for-each-ref --format=%(refname)%00%(upstream:short)%00%(objectname)%00%(upstream:track)%00%(upstream:remotename)%00%(upstream:remoteref) refs/heads/main refs/remotes/main [1ms]
2024-10-04 23:02:43.337 [warning] [Git][getBranch] No such branch: main
2024-10-04 23:02:43.357 [info] > git status -z -uall [14ms]
2024-10-04 23:02:43.368 [info] > git for-each-ref --format=%(refname)%00%(upstream:short)%00%(objectname)%00%(upstream:track)%00%(upstream:remotename)%00%(upstream:remoteref) refs/heads/main refs/remotes/main [6ms]
2024-10-04 23:02:43.368 [warning] [Git][getBranch] No such branch: main
2024-10-04 23:03:14.632 [info] > git config --get commit.template [6ms]
2024-10-04 23:03:14.634 [info] > git for-each-ref --format=%(refname)%00%(upstream:short)%00%(objectname)%00%(upstream:track)%00%(upstream:remotename)%00%(upstream:remoteref) refs/heads/main refs/remotes/main [3ms]
2024-10-04 23:03:14.643 [info] > git status -z -uall [2ms]
2024-10-04 23:03:14.649 [info] > git for-each-ref --format=%(refname)%00%(upstream:short)%00%(objectname)%00%(upstream:track)%00%(upstream:remotename)%00%(upstream:remoteref) refs/heads/main refs/remotes/main [2ms]
2024-10-04 23:03:14.656 [info] > git config --local branch.main.vscode-merge-base [2ms]
2024-10-04 23:03:14.656 [warning] [Git][config] git config failed: Failed to execute git
2024-10-04 23:03:14.662 [info] > git reflog main --grep-reflog=branch: Created from *. [3ms]
2024-10-04 23:03:14.667 [info] > git symbolic-ref --short refs/remotes/origin/HEAD [2ms]
2024-10-04 23:03:14.667 [info] fatal: ref refs/remotes/origin/HEAD is not a symbolic ref
2024-10-04 23:03:36.593 [info] > git config --get commit.template [5ms]
2024-10-04 23:03:36.594 [info] > git for-each-ref --format=%(refname)%00%(upstream:short)%00%(objectname)%00%(upstream:track)%00%(upstream:remotename)%00%(upstream:remoteref) refs/heads/main refs/remotes/main [2ms]
2024-10-04 23:03:36.602 [info] > git status -z -uall [3ms]
2024-10-04 23:03:36.611 [info] > git for-each-ref --format=%(refname)%00%(upstream:short)%00%(objectname)%00%(upstream:track)%00%(upstream:remotename)%00%(upstream:remoteref) refs/heads/main refs/remotes/main [5ms]
2024-10-04 23:03:36.618 [info] > git config --local branch.main.vscode-merge-base [2ms]
2024-10-04 23:03:36.618 [warning] [Git][config] git config failed: Failed to execute git
2024-10-04 23:03:36.625 [info] > git reflog main --grep-reflog=branch: Created from *. [2ms]
2024-10-04 23:03:36.630 [info] > git symbolic-ref --short refs/remotes/origin/HEAD [1ms]
2024-10-04 23:03:36.630 [info] fatal: ref refs/remotes/origin/HEAD is not a symbolic ref
2024-10-04 23:03:36.637 [info] > git merge-base refs/heads/main refs/remotes/origin/main [2ms]
2024-10-04 23:03:36.646 [info] > git rev-list --count --left-right refs/heads/main...refs/remotes/origin/main [3ms]
2024-10-04 23:03:36.652 [info] > git diff --name-status -z --diff-filter=ADMR b346f4f17944465876448ad89fafcf84416be6fd...refs/remotes/origin/main [2ms]
2024-10-04 23:03:41.153 [info] > git config --get commit.template [5ms]
2024-10-04 23:03:41.154 [info] > git for-each-ref --format=%(refname)%00%(upstream:short)%00%(objectname)%00%(upstream:track)%00%(upstream:remotename)%00%(upstream:remoteref) refs/heads/main refs/remotes/main [2ms]
2024-10-04 23:03:41.162 [info] > git status -z -uall [3ms]
2024-10-04 23:03:41.175 [info] > git for-each-ref --format=%(refname)%00%(upstream:short)%00%(objectname)%00%(upstream:track)%00%(upstream:remotename)%00%(upstream:remoteref) refs/heads/main refs/remotes/main [8ms]
2024-10-04 23:03:41.182 [info] > git config --local branch.main.vscode-merge-base [1ms]
2024-10-04 23:03:41.182 [warning] [Git][config] git config failed: Failed to execute git
2024-10-04 23:03:41.189 [info] > git reflog main --grep-reflog=branch: Created from *. [3ms]
2024-10-04 23:03:41.195 [info] > git symbolic-ref --short refs/remotes/origin/HEAD [3ms]
2024-10-04 23:03:41.195 [info] fatal: ref refs/remotes/origin/HEAD is not a symbolic ref
2024-10-04 23:03:41.202 [info] > git merge-base refs/heads/main refs/remotes/origin/main [3ms]
2024-10-04 23:03:41.208 [info] > git rev-list --count --left-right refs/heads/main...refs/remotes/origin/main [2ms]
2024-10-04 23:03:41.214 [info] > git diff --name-status -z --diff-filter=ADMR d09a430cac0ef32f49b1e85bcafad49c234a0622...refs/remotes/origin/main [2ms]
2024-10-04 23:03:42.283 [info] > git config --get commit.template [10ms]
2024-10-04 23:03:42.285 [info] > git for-each-ref --format=%(refname)%00%(upstream:short)%00%(objectname)%00%(upstream:track)%00%(upstream:remotename)%00%(upstream:remoteref) refs/heads/main refs/remotes/main [4ms]
2024-10-04 23:03:42.293 [info] > git status -z -uall [3ms]
2024-10-04 23:03:42.301 [info] > git for-each-ref --format=%(refname)%00%(upstream:short)%00%(objectname)%00%(upstream:track)%00%(upstream:remotename)%00%(upstream:remoteref) refs/heads/main refs/remotes/main [4ms]
2024-10-04 23:03:42.307 [info] > git config --local branch.main.vscode-merge-base [1ms]
2024-10-04 23:03:42.307 [warning] [Git][config] git config failed: Failed to execute git
2024-10-04 23:03:42.313 [info] > git reflog main --grep-reflog=branch: Created from *. [2ms]
2024-10-04 23:03:42.318 [info] > git symbolic-ref --short refs/remotes/origin/HEAD [1ms]
2024-10-04 23:03:42.318 [info] fatal: ref refs/remotes/origin/HEAD is not a symbolic ref
2024-10-04 23:05:52.272 [info] > git show --textconv :_layouts/default.html [4ms]
2024-10-04 23:05:52.273 [info] > git ls-files --stage -- /root/repos/SYSTEMA556.github.io/_layouts/default.html [2ms]
2024-10-04 23:05:52.278 [info] > git cat-file -s f17d73562d32f035f8f848254c40b1847871fc92 [2ms]
2024-10-04 23:06:12.315 [info] > git show --textconv :css/main.css [6ms]
2024-10-04 23:06:12.316 [info] > git ls-files --stage -- /root/repos/SYSTEMA556.github.io/css/main.css [2ms]
2024-10-04 23:06:12.324 [info] > git cat-file -s 8579180b8e4be5cb5fe61e07718ab9d0e1bd5284 [4ms]
2024-10-04 23:07:14.506 [info] > git show --textconv :_layouts/default.html [7ms]
2024-10-04 23:07:14.508 [info] > git ls-files --stage -- /root/repos/SYSTEMA556.github.io/_layouts/default.html [2ms]
2024-10-04 23:07:14.515 [info] > git cat-file -s f17d73562d32f035f8f848254c40b1847871fc92 [3ms]
2024-10-04 23:08:06.548 [info] > git show --textconv :css/main.css [6ms]
2024-10-04 23:08:06.549 [info] > git ls-files --stage -- /root/repos/SYSTEMA556.github.io/css/main.css [2ms]
2024-10-04 23:08:06.558 [info] > git cat-file -s 8579180b8e4be5cb5fe61e07718ab9d0e1bd5284 [4ms]
2024-10-04 23:08:41.921 [info] > git show --textconv :_layouts/default.html [5ms]
2024-10-04 23:08:41.924 [info] > git ls-files --stage -- /root/repos/SYSTEMA556.github.io/_layouts/default.html [4ms]
2024-10-04 23:08:41.930 [info] > git cat-file -s f17d73562d32f035f8f848254c40b1847871fc92 [3ms]
2024-10-04 23:10:39.206 [info] > git check-ignore -v -z --stdin [2ms]
2024-10-04 23:11:06.901 [info] > git show --textconv :css/test.css [5ms]
2024-10-04 23:11:06.903 [info] > git ls-files --stage -- /root/repos/SYSTEMA556.github.io/css/test.css [3ms]
2024-10-04 23:12:43.930 [info] > git show --textconv :_layouts/default.html [6ms]
2024-10-04 23:12:43.931 [info] > git ls-files --stage -- /root/repos/SYSTEMA556.github.io/_layouts/default.html [3ms]
2024-10-04 23:12:43.937 [info] > git cat-file -s f17d73562d32f035f8f848254c40b1847871fc92 [2ms]
2024-10-04 23:13:22.517 [info] > git config --get commit.template [5ms]
2024-10-04 23:13:22.518 [info] > git for-each-ref --format=%(refname)%00%(upstream:short)%00%(objectname)%00%(upstream:track)%00%(upstream:remotename)%00%(upstream:remoteref) refs/heads/main refs/remotes/main [2ms]
2024-10-04 23:13:22.525 [info] > git status -z -uall [3ms]
2024-10-04 23:13:22.536 [info] > git for-each-ref --format=%(refname)%00%(upstream:short)%00%(objectname)%00%(upstream:track)%00%(upstream:remotename)%00%(upstream:remoteref) refs/heads/main refs/remotes/main [6ms]
2024-10-04 23:13:22.542 [info] > git config --local branch.main.vscode-merge-base [2ms]
2024-10-04 23:13:22.542 [warning] [Git][config] git config failed: Failed to execute git
2024-10-04 23:13:22.548 [info] > git reflog main --grep-reflog=branch: Created from *. [2ms]
2024-10-04 23:13:22.554 [info] > git symbolic-ref --short refs/remotes/origin/HEAD [3ms]
2024-10-04 23:13:22.554 [info] fatal: ref refs/remotes/origin/HEAD is not a symbolic ref
2024-10-04 23:13:30.859 [info] > git config --get commit.template [5ms]
2024-10-04 23:13:30.862 [info] > git for-each-ref --format=%(refname)%00%(upstream:short)%00%(objectname)%00%(upstream:track)%00%(upstream:remotename)%00%(upstream:remoteref) refs/heads/main refs/remotes/main [4ms]
2024-10-04 23:13:30.870 [info] > git status -z -uall [2ms]
2024-10-04 23:13:30.878 [info] > git for-each-ref --format=%(refname)%00%(upstream:short)%00%(objectname)%00%(upstream:track)%00%(upstream:remotename)%00%(upstream:remoteref) refs/heads/main refs/remotes/main [3ms]
2024-10-04 23:13:30.884 [info] > git config --local branch.main.vscode-merge-base [1ms]
2024-10-04 23:13:30.884 [warning] [Git][config] git config failed: Failed to execute git
2024-10-04 23:13:30.891 [info] > git reflog main --grep-reflog=branch: Created from *. [3ms]
2024-10-04 23:13:30.897 [info] > git symbolic-ref --short refs/remotes/origin/HEAD [2ms]
2024-10-04 23:13:30.897 [info] fatal: ref refs/remotes/origin/HEAD is not a symbolic ref
2024-10-04 23:13:30.903 [info] > git merge-base refs/heads/main refs/remotes/origin/main [2ms]
2024-10-04 23:13:30.911 [info] > git rev-list --count --left-right refs/heads/main...refs/remotes/origin/main [3ms]
2024-10-04 23:13:30.920 [info] > git diff --name-status -z --diff-filter=ADMR d09a430cac0ef32f49b1e85bcafad49c234a0622...refs/remotes/origin/main [3ms]
2024-10-04 23:13:36.036 [info] > git config --get commit.template [7ms]
2024-10-04 23:13:36.038 [info] > git for-each-ref --format=%(refname)%00%(upstream:short)%00%(objectname)%00%(upstream:track)%00%(upstream:remotename)%00%(upstream:remoteref) refs/heads/main refs/remotes/main [3ms]
2024-10-04 23:13:36.048 [info] > git status -z -uall [4ms]
2024-10-04 23:13:36.058 [info] > git for-each-ref --format=%(refname)%00%(upstream:short)%00%(objectname)%00%(upstream:track)%00%(upstream:remotename)%00%(upstream:remoteref) refs/heads/main refs/remotes/main [4ms]
2024-10-04 23:13:36.067 [info] > git config --local branch.main.vscode-merge-base [3ms]
2024-10-04 23:13:36.067 [warning] [Git][config] git config failed: Failed to execute git
2024-10-04 23:13:36.076 [info] > git reflog main --grep-reflog=branch: Created from *. [3ms]
2024-10-04 23:13:36.087 [info] > git symbolic-ref --short refs/remotes/origin/HEAD [4ms]
2024-10-04 23:13:36.087 [info] fatal: ref refs/remotes/origin/HEAD is not a symbolic ref
2024-10-04 23:13:36.095 [info] > git merge-base refs/heads/main refs/remotes/origin/main [3ms]
2024-10-04 23:13:36.102 [info] > git rev-list --count --left-right refs/heads/main...refs/remotes/origin/main [2ms]
2024-10-04 23:13:36.108 [info] > git diff --name-status -z --diff-filter=ADMR 0f9b621037560103f3b97df0b4443b5c931bd589...refs/remotes/origin/main [3ms]
2024-10-04 23:13:37.191 [info] > git config --get commit.template [6ms]
2024-10-04 23:13:37.192 [info] > git for-each-ref --format=%(refname)%00%(upstream:short)%00%(objectname)%00%(upstream:track)%00%(upstream:remotename)%00%(upstream:remoteref) refs/heads/main refs/remotes/main [2ms]
2024-10-04 23:13:37.198 [info] > git status -z -uall [3ms]
2024-10-04 23:13:37.204 [info] > git for-each-ref --format=%(refname)%00%(upstream:short)%00%(objectname)%00%(upstream:track)%00%(upstream:remotename)%00%(upstream:remoteref) refs/heads/main refs/remotes/main [2ms]
2024-10-04 23:13:37.209 [info] > git config --local branch.main.vscode-merge-base [2ms]
2024-10-04 23:13:37.209 [warning] [Git][config] git config failed: Failed to execute git
2024-10-04 23:13:37.215 [info] > git reflog main --grep-reflog=branch: Created from *. [2ms]
2024-10-04 23:13:37.219 [info] > git symbolic-ref --short refs/remotes/origin/HEAD [1ms]
2024-10-04 23:13:37.219 [info] fatal: ref refs/remotes/origin/HEAD is not a symbolic ref
2024-10-04 23:13:37.292 [info] > git ls-files --stage -- /root/repos/SYSTEMA556.github.io/_layouts/default.html [1ms]
2024-10-04 23:13:37.298 [info] > git cat-file -s a9ea4f93232dd8578f60b451abe458bd3eec98b3 [1ms]
2024-10-04 23:13:37.318 [info] > git show --textconv :_layouts/default.html [3ms]
2024-10-04 23:14:18.537 [info] > git show --textconv :css/test.css [4ms]
2024-10-04 23:14:18.538 [info] > git ls-files --stage -- /root/repos/SYSTEMA556.github.io/css/test.css [2ms]
2024-10-04 23:14:18.544 [info] > git cat-file -s 2a40b1ed979d8949c2b9b57ba4bba6fcf12306fd [2ms]
2024-10-04 23:14:20.537 [info] > git show --textconv :_layouts/default.html [6ms]
2024-10-04 23:14:20.538 [info] > git ls-files --stage -- /root/repos/SYSTEMA556.github.io/_layouts/default.html [2ms]
2024-10-04 23:14:20.544 [info] > git cat-file -s a9ea4f93232dd8578f60b451abe458bd3eec98b3 [2ms]
2024-10-04 23:14:38.452 [info] > git config --get commit.template [5ms]
2024-10-04 23:14:38.453 [info] > git for-each-ref --format=%(refname)%00%(upstream:short)%00%(objectname)%00%(upstream:track)%00%(upstream:remotename)%00%(upstream:remoteref) refs/heads/main refs/remotes/main [2ms]
2024-10-04 23:14:38.460 [info] > git status -z -uall [2ms]
2024-10-04 23:14:38.467 [info] > git for-each-ref --format=%(refname)%00%(upstream:short)%00%(objectname)%00%(upstream:track)%00%(upstream:remotename)%00%(upstream:remoteref) refs/heads/main refs/remotes/main [2ms]
2024-10-04 23:14:38.473 [info] > git config --local branch.main.vscode-merge-base [2ms]
2024-10-04 23:14:38.473 [warning] [Git][config] git config failed: Failed to execute git
2024-10-04 23:14:38.479 [info] > git reflog main --grep-reflog=branch: Created from *. [2ms]
2024-10-04 23:14:38.485 [info] > git symbolic-ref --short refs/remotes/origin/HEAD [2ms]
2024-10-04 23:14:38.485 [info] fatal: ref refs/remotes/origin/HEAD is not a symbolic ref
2024-10-04 23:14:46.209 [info] > git config --get commit.template [5ms]
2024-10-04 23:14:46.210 [info] > git for-each-ref --format=%(refname)%00%(upstream:short)%00%(objectname)%00%(upstream:track)%00%(upstream:remotename)%00%(upstream:remoteref) refs/heads/main refs/remotes/main [1ms]
2024-10-04 23:14:46.219 [info] > git status -z -uall [3ms]
2024-10-04 23:14:46.226 [info] > git for-each-ref --format=%(refname)%00%(upstream:short)%00%(objectname)%00%(upstream:track)%00%(upstream:remotename)%00%(upstream:remoteref) refs/heads/main refs/remotes/main [2ms]
2024-10-04 23:14:46.232 [info] > git config --local branch.main.vscode-merge-base [2ms]
2024-10-04 23:14:46.232 [warning] [Git][config] git config failed: Failed to execute git
2024-10-04 23:14:46.239 [info] > git reflog main --grep-reflog=branch: Created from *. [2ms]
2024-10-04 23:14:46.244 [info] > git symbolic-ref --short refs/remotes/origin/HEAD [2ms]
2024-10-04 23:14:46.244 [info] fatal: ref refs/remotes/origin/HEAD is not a symbolic ref
2024-10-04 23:15:40.702 [info] > git show --textconv :css/test.css [4ms]
2024-10-04 23:15:40.704 [info] > git ls-files --stage -- /root/repos/SYSTEMA556.github.io/css/test.css [3ms]
2024-10-04 23:15:40.709 [info] > git cat-file -s 2a40b1ed979d8949c2b9b57ba4bba6fcf12306fd [2ms]
2024-10-04 23:17:49.795 [info] > git show --textconv :css/main.css [4ms]
2024-10-04 23:17:49.797 [info] > git ls-files --stage -- /root/repos/SYSTEMA556.github.io/css/main.css [2ms]
2024-10-04 23:17:49.802 [info] > git cat-file -s 8579180b8e4be5cb5fe61e07718ab9d0e1bd5284 [1ms]
2024-10-04 23:17:50.766 [info] > git show --textconv :css/test.css [4ms]
2024-10-04 23:17:50.768 [info] > git ls-files --stage -- /root/repos/SYSTEMA556.github.io/css/test.css [3ms]
2024-10-04 23:17:50.773 [info] > git cat-file -s 2a40b1ed979d8949c2b9b57ba4bba6fcf12306fd [2ms]
2024-10-04 23:18:00.721 [info] > git show --textconv :index.html [9ms]
2024-10-04 23:18:00.722 [info] > git ls-files --stage -- /root/repos/SYSTEMA556.github.io/index.html [2ms]
2024-10-04 23:18:00.727 [info] > git cat-file -s 036c4360008bc2fb62d7bce6cadbe91bde8991b8 [2ms]
2024-10-04 23:18:01.839 [info] > git show --textconv :css/test.css [9ms]
2024-10-04 23:18:01.843 [info] > git ls-files --stage -- /root/repos/SYSTEMA556.github.io/css/test.css [6ms]
2024-10-04 23:18:01.852 [info] > git cat-file -s 2a40b1ed979d8949c2b9b57ba4bba6fcf12306fd [3ms]
2024-10-04 23:18:03.514 [info] > git show --textconv :css/main.css [8ms]
2024-10-04 23:18:03.516 [info] > git ls-files --stage -- /root/repos/SYSTEMA556.github.io/css/main.css [5ms]
2024-10-04 23:18:03.522 [info] > git cat-file -s 8579180b8e4be5cb5fe61e07718ab9d0e1bd5284 [2ms]
2024-10-04 23:18:04.772 [info] > git check-ignore -v -z --stdin [7ms]
2024-10-04 23:18:06.045 [info] > git show --textconv :css/test.css [8ms]
2024-10-04 23:18:06.047 [info] > git ls-files --stage -- /root/repos/SYSTEMA556.github.io/css/test.css [5ms]
2024-10-04 23:18:06.055 [info] > git cat-file -s 2a40b1ed979d8949c2b9b57ba4bba6fcf12306fd [3ms]
2024-10-04 23:18:06.762 [info] > git show --textconv :css/main.css [5ms]
2024-10-04 23:18:06.763 [info] > git ls-files --stage -- /root/repos/SYSTEMA556.github.io/css/main.css [3ms]
2024-10-04 23:18:06.771 [info] > git cat-file -s 8579180b8e4be5cb5fe61e07718ab9d0e1bd5284 [4ms]
2024-10-04 23:29:11.785 [info] > git check-ignore -v -z --stdin [2ms]
2024-10-04 23:29:33.284 [info] > git show --textconv :_layouts/default.html [4ms]
2024-10-04 23:29:33.287 [info] > git ls-files --stage -- /root/repos/SYSTEMA556.github.io/_layouts/default.html [3ms]
2024-10-04 23:29:33.294 [info] > git cat-file -s a9ea4f93232dd8578f60b451abe458bd3eec98b3 [2ms]
2024-10-04 23:29:51.083 [info] > git show --textconv :css/test.css [9ms]
2024-10-04 23:29:51.087 [info] > git ls-files --stage -- /root/repos/SYSTEMA556.github.io/css/test.css [6ms]
2024-10-04 23:29:51.096 [info] > git cat-file -s 2a40b1ed979d8949c2b9b57ba4bba6fcf12306fd [4ms]
2024-10-04 23:31:03.895 [info] > git show --textconv :index.html [5ms]
2024-10-04 23:31:03.896 [info] > git ls-files --stage -- /root/repos/SYSTEMA556.github.io/index.html [2ms]
2024-10-04 23:31:03.901 [info] > git cat-file -s 036c4360008bc2fb62d7bce6cadbe91bde8991b8 [2ms]
2024-10-04 23:31:09.726 [info] > git show --textconv :_layouts/default.html [4ms]
2024-10-04 23:31:09.727 [info] > git ls-files --stage -- /root/repos/SYSTEMA556.github.io/_layouts/default.html [2ms]
2024-10-04 23:31:09.732 [info] > git cat-file -s a9ea4f93232dd8578f60b451abe458bd3eec98b3 [2ms]
2024-10-04 23:31:29.148 [info] > git show --textconv :index.html [7ms]
2024-10-04 23:31:29.149 [info] > git ls-files --stage -- /root/repos/SYSTEMA556.github.io/index.html [3ms]
2024-10-04 23:31:29.157 [info] > git cat-file -s 036c4360008bc2fb62d7bce6cadbe91bde8991b8 [2ms]
2024-10-04 23:31:31.519 [info] > git show --textconv :css/test.css [5ms]
2024-10-04 23:31:31.521 [info] > git ls-files --stage -- /root/repos/SYSTEMA556.github.io/css/test.css [3ms]
2024-10-04 23:31:31.525 [info] > git cat-file -s 2a40b1ed979d8949c2b9b57ba4bba6fcf12306fd [1ms]
2024-10-04 23:34:33.525 [info] > git show --textconv :_layouts/default.html [5ms]
2024-10-04 23:34:33.526 [info] > git ls-files --stage -- /root/repos/SYSTEMA556.github.io/_layouts/default.html [2ms]
2024-10-04 23:34:33.531 [info] > git cat-file -s a9ea4f93232dd8578f60b451abe458bd3eec98b3 [2ms]
2024-10-04 23:34:40.825 [info] > git config --get commit.template [6ms]
2024-10-04 23:34:40.826 [info] > git for-each-ref --format=%(refname)%00%(upstream:short)%00%(objectname)%00%(upstream:track)%00%(upstream:remotename)%00%(upstream:remoteref) refs/heads/main refs/remotes/main [3ms]
2024-10-04 23:34:40.987 [info] > git status -z -uall [157ms]
2024-10-04 23:34:41.008 [info] > git for-each-ref --format=%(refname)%00%(upstream:short)%00%(objectname)%00%(upstream:track)%00%(upstream:remotename)%00%(upstream:remoteref) refs/heads/main refs/remotes/main [14ms]
2024-10-04 23:34:41.014 [info] > git config --local branch.main.vscode-merge-base [1ms]
2024-10-04 23:34:41.014 [warning] [Git][config] git config failed: Failed to execute git
2024-10-04 23:34:41.022 [info] > git reflog main --grep-reflog=branch: Created from *. [4ms]
2024-10-04 23:34:41.033 [info] > git symbolic-ref --short refs/remotes/origin/HEAD [6ms]
2024-10-04 23:34:41.033 [info] fatal: ref refs/remotes/origin/HEAD is not a symbolic ref
2024-10-04 23:34:46.281 [info] > git config --get commit.template [5ms]
2024-10-04 23:34:46.283 [info] > git for-each-ref --format=%(refname)%00%(upstream:short)%00%(objectname)%00%(upstream:track)%00%(upstream:remotename)%00%(upstream:remoteref) refs/heads/main refs/remotes/main [3ms]
2024-10-04 23:34:46.338 [info] > git status -z -uall [51ms]
2024-10-04 23:34:46.349 [info] > git for-each-ref --format=%(refname)%00%(upstream:short)%00%(objectname)%00%(upstream:track)%00%(upstream:remotename)%00%(upstream:remoteref) refs/heads/main refs/remotes/main [7ms]
2024-10-04 23:34:46.354 [info] > git config --local branch.main.vscode-merge-base [1ms]
2024-10-04 23:34:46.354 [warning] [Git][config] git config failed: Failed to execute git
2024-10-04 23:34:46.362 [info] > git reflog main --grep-reflog=branch: Created from *. [4ms]
2024-10-04 23:34:46.366 [info] > git symbolic-ref --short refs/remotes/origin/HEAD [1ms]
2024-10-04 23:34:46.366 [info] fatal: ref refs/remotes/origin/HEAD is not a symbolic ref
2024-10-04 23:34:46.375 [info] > git merge-base refs/heads/main refs/remotes/origin/main [4ms]
2024-10-04 23:34:46.381 [info] > git rev-list --count --left-right refs/heads/main...refs/remotes/origin/main [2ms]
2024-10-04 23:34:46.387 [info] > git diff --name-status -z --diff-filter=ADMR bd9d16f278f7c1f9d552dfe2d34230c84e18e4f0...refs/remotes/origin/main [2ms]
2024-10-04 23:35:40.934 [info] > git show --textconv :_layouts/default.html [4ms]
2024-10-04 23:35:40.936 [info] > git ls-files --stage -- /root/repos/SYSTEMA556.github.io/_layouts/default.html [2ms]
2024-10-04 23:35:40.941 [info] > git cat-file -s a9ea4f93232dd8578f60b451abe458bd3eec98b3 [2ms]
2024-10-04 23:35:49.997 [info] > git show --textconv :css/main.css [8ms]
2024-10-04 23:35:49.998 [info] > git ls-files --stage -- /root/repos/SYSTEMA556.github.io/css/main.css [4ms]
2024-10-04 23:35:50.004 [info] > git cat-file -s 8579180b8e4be5cb5fe61e07718ab9d0e1bd5284 [2ms]
2024-10-04 23:35:51.105 [info] > git show --textconv :css/test.css [12ms]
2024-10-04 23:35:51.110 [info] > git ls-files --stage -- /root/repos/SYSTEMA556.github.io/css/test.css [8ms]
2024-10-04 23:35:51.118 [info] > git cat-file -s 2a40b1ed979d8949c2b9b57ba4bba6fcf12306fd [2ms]
2024-10-04 23:36:16.459 [info] > git show --textconv :css/main.css [5ms]
2024-10-04 23:36:16.462 [info] > git ls-files --stage -- /root/repos/SYSTEMA556.github.io/css/main.css [2ms]
2024-10-04 23:36:16.468 [info] > git cat-file -s 8579180b8e4be5cb5fe61e07718ab9d0e1bd5284 [3ms]
2024-10-04 23:36:33.672 [info] > git show --textconv :css/test.css [5ms]
2024-10-04 23:36:33.673 [info] > git ls-files --stage -- /root/repos/SYSTEMA556.github.io/css/test.css [2ms]
2024-10-04 23:36:33.678 [info] > git cat-file -s 2a40b1ed979d8949c2b9b57ba4bba6fcf12306fd [2ms]
2024-10-04 23:37:01.725 [info] > git show --textconv :css/test.css [7ms]
2024-10-04 23:37:01.727 [info] > git ls-files --stage -- /root/repos/SYSTEMA556.github.io/css/test.css [3ms]
2024-10-04 23:37:01.735 [info] > git cat-file -s 2a40b1ed979d8949c2b9b57ba4bba6fcf12306fd [2ms]
2024-10-04 23:37:18.056 [info] > git show --textconv :_layouts/default.html [6ms]
2024-10-04 23:37:18.058 [info] > git ls-files --stage -- /root/repos/SYSTEMA556.github.io/_layouts/default.html [3ms]
2024-10-04 23:37:18.065 [info] > git cat-file -s a9ea4f93232dd8578f60b451abe458bd3eec98b3 [2ms]
