2024-10-02 20:14:29.768 [info] [main] ログ レベル: Info
2024-10-02 20:14:29.768 [info] [main] Git の検証が検出されました: "git"
2024-10-02 20:14:29.768 [info] [main] "git" から Git "2.34.1" を使用しています
2024-10-02 20:14:29.768 [info] [Model][doInitialScan] Initial repository scan started
2024-10-02 20:14:29.768 [info] > git rev-parse --show-toplevel [299ms]
2024-10-02 20:14:29.768 [info] > git rev-parse --git-dir --git-common-dir [33ms]
2024-10-02 20:14:29.768 [info] [Model][openRepository] Opened repository: /root
2024-10-02 20:14:29.824 [info] > git rev-parse --show-toplevel [24ms]
2024-10-02 20:14:29.826 [info] > git config --get commit.template [40ms]
2024-10-02 20:14:29.894 [info] > git rev-parse --git-dir --git-common-dir [48ms]
2024-10-02 20:14:29.914 [info] [Model][openRepository] Opened repository: /root/repos/SYSTEMA556.github.io
2024-10-02 20:14:29.937 [info] > git for-each-ref --format=%(refname)%00%(upstream:short)%00%(objectname)%00%(upstream:track)%00%(upstream:remotename)%00%(upstream:remoteref) refs/heads/main refs/remotes/main [73ms]
2024-10-02 20:14:29.950 [info] > git config --get commit.template [16ms]
2024-10-02 20:14:29.977 [info] > git for-each-ref --format=%(refname)%00%(upstream:short)%00%(objectname)%00%(upstream:track)%00%(upstream:remotename)%00%(upstream:remoteref) refs/heads/main refs/remotes/main [16ms]
2024-10-02 20:14:29.996 [info] > git rev-parse --show-toplevel [3ms]
2024-10-02 20:14:30.052 [info] > git status -z -uall [12ms]
2024-10-02 20:14:30.136 [info] > git for-each-ref --format=%(refname)%00%(upstream:short)%00%(objectname)%00%(upstream:track)%00%(upstream:remotename)%00%(upstream:remoteref) refs/heads/main refs/remotes/main [59ms]
2024-10-02 20:14:30.152 [info] > git rev-parse --show-toplevel [106ms]
2024-10-02 20:14:30.208 [info] > git config --local branch.main.vscode-merge-base [57ms]
2024-10-02 20:14:30.209 [warning] [Git][config] git config failed: Failed to execute git
2024-10-02 20:14:30.214 [info] > git config --get commit.template [85ms]
2024-10-02 20:14:30.225 [info] > git reflog main --grep-reflog=branch: Created from *. [12ms]
2024-10-02 20:14:30.230 [info] > git rev-parse --show-toplevel [70ms]
2024-10-02 20:14:30.248 [info] > git for-each-ref --format=%(refname)%00%(upstream:short)%00%(objectname)%00%(upstream:track)%00%(upstream:remotename)%00%(upstream:remoteref) refs/heads/main refs/remotes/main [9ms]
2024-10-02 20:14:30.249 [info] > git symbolic-ref --short refs/remotes/origin/HEAD [19ms]
2024-10-02 20:14:30.249 [info] fatal: ref refs/remotes/origin/HEAD is not a symbolic ref
2024-10-02 20:14:30.265 [info] > git merge-base refs/heads/main refs/remotes/origin/main [4ms]
2024-10-02 20:14:30.271 [info] > git rev-parse --show-toplevel [28ms]
2024-10-02 20:14:30.282 [info] > git rev-parse --show-toplevel [2ms]
2024-10-02 20:14:30.283 [info] > git rev-list --count --left-right refs/heads/main...refs/remotes/origin/main [12ms]
2024-10-02 20:14:30.316 [info] > git status -z -uall [14ms]
2024-10-02 20:14:30.317 [info] > git diff --name-status -z --diff-filter=ADMR b346f4f17944465876448ad89fafcf84416be6fd...refs/remotes/origin/main [21ms]
2024-10-02 20:14:30.320 [info] > git rev-parse --show-toplevel [12ms]
2024-10-02 20:14:30.347 [info] > git for-each-ref --format=%(refname)%00%(upstream:short)%00%(objectname)%00%(upstream:track)%00%(upstream:remotename)%00%(upstream:remoteref) refs/heads/main refs/remotes/main [14ms]
2024-10-02 20:14:30.360 [info] > git status -z -uall [386ms]
2024-10-02 20:14:30.360 [info] > git rev-parse --git-dir --git-common-dir [16ms]
2024-10-02 20:14:30.380 [info] [Model][openRepository] Opened repository: /root/.rbenv
2024-10-02 20:14:30.771 [info] > git for-each-ref --format=%(refname)%00%(upstream:short)%00%(objectname)%00%(upstream:track)%00%(upstream:remotename)%00%(upstream:remoteref) refs/heads/main refs/remotes/main [368ms]
2024-10-02 20:14:30.778 [info] > git config --local branch.main.vscode-merge-base [421ms]
2024-10-02 20:14:30.778 [warning] [Git][config] git config failed: Failed to execute git
2024-10-02 20:14:30.788 [info] > git reflog main --grep-reflog=branch: Created from *. [7ms]
2024-10-02 20:14:30.792 [info] > git config --local branch.main.vscode-merge-base [15ms]
2024-10-02 20:14:30.793 [warning] [Git][config] git config failed: Failed to execute git
2024-10-02 20:14:30.801 [info] > git config --get commit.template [33ms]
2024-10-02 20:14:30.801 [info] > git rev-parse --show-toplevel [41ms]
2024-10-02 20:14:30.802 [info] > git config --get commit.template [49ms]
2024-10-02 20:14:30.820 [info] > git symbolic-ref --short refs/remotes/origin/HEAD [28ms]
2024-10-02 20:14:30.820 [info] fatal: ref refs/remotes/origin/HEAD is not a symbolic ref
2024-10-02 20:14:30.836 [info] > git rev-parse --show-toplevel [16ms]
2024-10-02 20:14:30.836 [info] > git reflog main --grep-reflog=branch: Created from *. [36ms]
2024-10-02 20:14:30.855 [info] > git for-each-ref --format=%(refname)%00%(upstream:short)%00%(objectname)%00%(upstream:track)%00%(upstream:remotename)%00%(upstream:remoteref) refs/heads/main refs/remotes/main [22ms]
2024-10-02 20:14:30.856 [info] > git for-each-ref --format=%(refname)%00%(upstream:short)%00%(objectname)%00%(upstream:track)%00%(upstream:remotename)%00%(upstream:remoteref) refs/heads/master refs/remotes/master [29ms]
2024-10-02 20:14:30.864 [warning] [Git][revParse] Unable to read file: ENOENT: no such file or directory, open '/root/.rbenv/.git/refs/remotes/origin/master'
2024-10-02 20:14:30.866 [info] > git rev-parse --show-toplevel [13ms]
2024-10-02 20:14:30.868 [info] > git symbolic-ref --short refs/remotes/origin/HEAD [24ms]
2024-10-02 20:14:30.868 [info] fatal: ref refs/remotes/origin/HEAD is not a symbolic ref
2024-10-02 20:14:30.891 [info] > git rev-parse refs/remotes/origin/master [27ms]
2024-10-02 20:14:30.903 [info] > git rev-parse --show-toplevel [13ms]
2024-10-02 20:14:30.903 [info] > git merge-base refs/heads/main refs/remotes/origin/main [23ms]
2024-10-02 20:14:30.928 [info] > git status -z -uall [28ms]
2024-10-02 20:14:30.979 [info] > git for-each-ref --format=%(refname)%00%(upstream:short)%00%(objectname)%00%(upstream:track)%00%(upstream:remotename)%00%(upstream:remoteref) refs/heads/master refs/remotes/master [36ms]
2024-10-02 20:14:30.985 [info] > git rev-parse --show-toplevel [58ms]
2024-10-02 20:14:30.986 [info] > git rev-list --count --left-right refs/heads/main...refs/remotes/origin/main [73ms]
2024-10-02 20:14:31.006 [info] > git config --local branch.master.vscode-merge-base [21ms]
2024-10-02 20:14:31.017 [info] > git config --get commit.template [51ms]
2024-10-02 20:14:31.021 [info] > git for-each-ref --format=%(refname)%00%(upstream:short)%00%(objectname)%00%(upstream:track)%00%(upstream:remotename)%00%(upstream:remoteref) refs/heads/origin/master refs/remotes/origin/master [5ms]
2024-10-02 20:14:31.027 [info] > git rev-parse --show-toplevel [26ms]
2024-10-02 20:14:31.028 [info] > git diff --name-status -z --diff-filter=ADMR bd9d16f278f7c1f9d552dfe2d34230c84e18e4f0...refs/remotes/origin/main [37ms]
2024-10-02 20:14:31.041 [info] > git merge-base refs/heads/master refs/remotes/origin/master [14ms]
2024-10-02 20:14:31.051 [info] > git rev-parse --git-dir --git-common-dir [12ms]
2024-10-02 20:14:31.059 [info] [Model][openRepository] Opened repository: /root/repos
2024-10-02 20:14:31.061 [info] > git for-each-ref --format=%(refname)%00%(upstream:short)%00%(objectname)%00%(upstream:track)%00%(upstream:remotename)%00%(upstream:remoteref) refs/heads/master refs/remotes/master [25ms]
2024-10-02 20:14:31.077 [warning] [Git][revParse] Unable to read file: ENOENT: no such file or directory, open '/root/.rbenv/.git/refs/remotes/origin/master'
2024-10-02 20:14:31.079 [info] > git status -z -uall [159ms]
2024-10-02 20:14:31.117 [info] > git rev-list --count --left-right refs/heads/master...refs/remotes/origin/master [69ms]
2024-10-02 20:14:31.131 [info] > git for-each-ref --format=%(refname)%00%(upstream:short)%00%(objectname)%00%(upstream:track)%00%(upstream:remotename)%00%(upstream:remoteref) refs/heads/main refs/remotes/main [40ms]
2024-10-02 20:14:31.136 [info] > git rev-parse refs/remotes/origin/master [58ms]
2024-10-02 20:14:31.141 [info] > git rev-parse --show-toplevel [68ms]
2024-10-02 20:14:31.141 [info] > git config --get commit.template [74ms]
2024-10-02 20:14:31.148 [info] > git status -z -uall [8ms]
2024-10-02 20:14:31.148 [info] > git config --local branch.main.vscode-merge-base [13ms]
2024-10-02 20:14:31.148 [warning] [Git][config] git config failed: Failed to execute git
2024-10-02 20:14:31.153 [info] > git diff --name-status -z --diff-filter=ADMR c335ab83de40d48093870d300de52c61bbd68359...refs/remotes/origin/master [30ms]
2024-10-02 20:14:31.158 [info] [Git][getRemotes] No remotes found in the git config file
2024-10-02 20:14:31.159 [info] > git rev-parse --show-toplevel [13ms]
2024-10-02 20:14:31.178 [info] > git for-each-ref --format=%(refname)%00%(upstream:short)%00%(objectname)%00%(upstream:track)%00%(upstream:remotename)%00%(upstream:remoteref) refs/heads/master refs/remotes/master [13ms]
2024-10-02 20:14:31.184 [info] > git for-each-ref --format=%(refname)%00%(upstream:short)%00%(objectname)%00%(upstream:track)%00%(upstream:remotename)%00%(upstream:remoteref) refs/heads/main refs/remotes/main [27ms]
2024-10-02 20:14:31.184 [warning] [Git][getBranch] No such branch: main
2024-10-02 20:14:31.189 [info] > git reflog main --grep-reflog=branch: Created from *. [37ms]
2024-10-02 20:14:31.355 [info] > git status -z -uall [166ms]
2024-10-02 20:14:31.355 [info] > git symbolic-ref --short refs/remotes/origin/HEAD [159ms]
2024-10-02 20:14:31.355 [info] fatal: ref refs/remotes/origin/HEAD is not a symbolic ref
2024-10-02 20:14:31.374 [info] > git config --local branch.master.vscode-merge-base [191ms]
2024-10-02 20:14:31.381 [info] > git rev-parse --git-dir --git-common-dir [205ms]
2024-10-02 20:14:31.389 [info] [Model][openRepository] Opened repository: /root/sample_website
2024-10-02 20:14:31.413 [info] > git for-each-ref --format=%(refname)%00%(upstream:short)%00%(objectname)%00%(upstream:track)%00%(upstream:remotename)%00%(upstream:remoteref) refs/heads/origin/master refs/remotes/origin/master [32ms]
2024-10-02 20:14:31.414 [info] > git for-each-ref --format=%(refname)%00%(upstream:short)%00%(objectname)%00%(upstream:track)%00%(upstream:remotename)%00%(upstream:remoteref) refs/heads/main refs/remotes/main [53ms]
2024-10-02 20:14:31.414 [warning] [Git][getBranch] No such branch: main
2024-10-02 20:14:31.417 [info] > git rev-parse --show-toplevel [7ms]
2024-10-02 20:14:31.417 [info] > git config --get commit.template [13ms]
2024-10-02 20:14:31.417 [info] > git config --get commit.template [18ms]
2024-10-02 20:14:31.425 [info] [Git][getRemotes] No remotes found in the git config file
2024-10-02 20:14:31.433 [info] > git for-each-ref --format=%(refname)%00%(upstream:short)%00%(objectname)%00%(upstream:track)%00%(upstream:remotename)%00%(upstream:remoteref) refs/heads/main refs/remotes/main [7ms]
2024-10-02 20:14:31.433 [warning] [Git][getBranch] No such branch: main
2024-10-02 20:14:31.437 [info] > git rev-parse --show-toplevel [16ms]
2024-10-02 20:14:31.446 [info] [Model][doInitialScan] Initial repository scan completed - repositories (5), closed repositories (0), parent repositories (0), unsafe repositories (0)
2024-10-02 20:14:31.448 [info] > git status -z -uall [11ms]
2024-10-02 20:14:31.456 [info] > git for-each-ref --format=%(refname)%00%(upstream:short)%00%(objectname)%00%(upstream:track)%00%(upstream:remotename)%00%(upstream:remoteref) refs/heads/main refs/remotes/main [25ms]
2024-10-02 20:14:31.463 [info] > git for-each-ref --format=%(refname)%00%(upstream:short)%00%(objectname)%00%(upstream:track)%00%(upstream:remotename)%00%(upstream:remoteref) refs/heads/main refs/remotes/main [8ms]
2024-10-02 20:14:31.463 [warning] [Git][getBranch] No such branch: main
2024-10-02 20:14:31.465 [info] > git status -z -uall [5ms]
2024-10-02 20:14:31.481 [info] > git for-each-ref --format=%(refname)%00%(upstream:short)%00%(objectname)%00%(upstream:track)%00%(upstream:remotename)%00%(upstream:remoteref) refs/heads/main refs/remotes/main [11ms]
2024-10-02 20:14:31.489 [info] > git config --get commit.template [9ms]
2024-10-02 20:14:31.490 [info] > git config --local branch.main.vscode-merge-base [3ms]
2024-10-02 20:14:31.490 [warning] [Git][config] git config failed: Failed to execute git
2024-10-02 20:14:31.503 [info] > git reflog main --grep-reflog=branch: Created from *. [8ms]
2024-10-02 20:14:31.508 [info] > git for-each-ref --format=%(refname)%00%(upstream:short)%00%(objectname)%00%(upstream:track)%00%(upstream:remotename)%00%(upstream:remoteref) refs/heads/main refs/remotes/main [8ms]
2024-10-02 20:14:31.515 [info] > git symbolic-ref --short refs/remotes/origin/HEAD [8ms]
2024-10-02 20:14:31.515 [info] fatal: ref refs/remotes/origin/HEAD is not a symbolic ref
2024-10-02 20:14:31.517 [info] > git status -z -uall [3ms]
2024-10-02 20:14:31.527 [info] > git for-each-ref --format=%(refname)%00%(upstream:short)%00%(objectname)%00%(upstream:track)%00%(upstream:remotename)%00%(upstream:remoteref) refs/heads/main refs/remotes/main [3ms]
2024-10-02 20:14:31.534 [info] > git config --local branch.main.vscode-merge-base [3ms]
2024-10-02 20:14:31.534 [warning] [Git][config] git config failed: Failed to execute git
2024-10-02 20:14:31.542 [info] > git reflog main --grep-reflog=branch: Created from *. [3ms]
2024-10-02 20:14:31.549 [info] > git symbolic-ref --short refs/remotes/origin/HEAD [3ms]
2024-10-02 20:14:31.549 [info] fatal: ref refs/remotes/origin/HEAD is not a symbolic ref
2024-10-02 20:14:32.295 [info] > git check-ignore -v -z --stdin [23ms]
2024-10-02 20:14:32.297 [info] > git check-ignore -v -z --stdin [21ms]
2024-10-02 20:14:32.298 [info] > git check-ignore -v -z --stdin [12ms]
2024-10-02 20:14:32.299 [info] > git check-ignore -v -z --stdin [8ms]
2024-10-02 20:14:32.306 [info] > git check-ignore -v -z --stdin [23ms]
2024-10-02 20:14:32.622 [info] > git show --textconv :index.html [9ms]
2024-10-02 20:14:32.625 [info] > git ls-files --stage -- /root/repos/SYSTEMA556.github.io/index.html [6ms]
2024-10-02 20:14:32.632 [info] > git cat-file -s b8dd94766877fe069b4f93bae1b6ac17e0b9b608 [3ms]
2024-10-02 20:14:33.202 [info] > git check-ignore -v -z --stdin [16ms]
2024-10-02 20:14:33.202 [info] > git check-ignore -v -z --stdin [13ms]
2024-10-02 20:14:33.202 [info] > git check-ignore -v -z --stdin [6ms]
2024-10-02 20:14:33.203 [info] > git check-ignore -v -z --stdin [3ms]
2024-10-02 20:14:33.213 [info] > git check-ignore -v -z --stdin [21ms]
2024-10-02 20:14:35.220 [info] > git check-ignore -v -z --stdin [4ms]
2024-10-02 20:18:44.616 [info] > git check-ignore -v -z --stdin [28ms]
2024-10-02 20:18:45.419 [info] > git show --textconv :css/main.css [6ms]
2024-10-02 20:18:45.423 [info] > git ls-files --stage -- /root/css/main.css [5ms]
2024-10-02 20:18:46.356 [info] > git check-ignore -v -z --stdin [12ms]
2024-10-02 20:18:47.223 [info] > git check-ignore -v -z --stdin [16ms]
2024-10-02 20:18:48.942 [info] > git check-ignore -v -z --stdin [7ms]
2024-10-02 20:18:53.179 [info] > git check-ignore -v -z --stdin [10ms]
2024-10-02 20:44:06.523 [info] > git check-ignore -v -z --stdin [4ms]
2024-10-02 20:44:24.598 [info] > git check-ignore -v -z --stdin [6ms]
2024-10-02 20:44:29.021 [info] > git show --textconv :index.html [43ms]
2024-10-02 20:44:29.022 [info] > git ls-files --stage -- /root/repos/SYSTEMA556.github.io/index.html [4ms]
2024-10-02 20:44:29.041 [info] > git cat-file -s b8dd94766877fe069b4f93bae1b6ac17e0b9b608 [4ms]
2024-10-02 20:44:45.097 [info] > git check-ignore -v -z --stdin [18ms]
2024-10-02 20:45:04.247 [info] > git check-ignore -v -z --stdin [6ms]
2024-10-02 20:46:16.126 [info] > git check-ignore -v -z --stdin [5ms]
2024-10-02 20:46:21.704 [info] > git check-ignore -v -z --stdin [6ms]
2024-10-02 20:46:25.272 [info] > git check-ignore -v -z --stdin [3ms]
2024-10-02 20:46:25.845 [info] > git check-ignore -v -z --stdin [3ms]
2024-10-02 20:46:27.999 [info] > git check-ignore -v -z --stdin [9ms]
2024-10-02 20:46:29.187 [info] > git check-ignore -v -z --stdin [17ms]
2024-10-02 20:49:10.547 [info] > git check-ignore -v -z --stdin [5ms]
2024-10-02 20:49:12.076 [info] > git check-ignore -v -z --stdin [13ms]
2024-10-02 21:11:39.045 [info] > git check-ignore -v -z --stdin [6ms]
2024-10-02 21:15:33.330 [info] > git check-ignore -v -z --stdin [2ms]
2024-10-02 21:16:00.297 [info] > git check-ignore -v -z --stdin [4ms]
2024-10-02 21:16:02.075 [info] > git show --textconv :_layouts/default.html [6ms]
2024-10-02 21:16:02.077 [info] > git ls-files --stage -- /root/repos/SYSTEMA556.github.io/_layouts/default.html [3ms]
2024-10-02 21:17:13.682 [info] > git show --textconv :index.html [5ms]
2024-10-02 21:17:13.683 [info] > git ls-files --stage -- /root/repos/SYSTEMA556.github.io/index.html [2ms]
2024-10-02 21:17:13.689 [info] > git cat-file -s b8dd94766877fe069b4f93bae1b6ac17e0b9b608 [2ms]
2024-10-02 21:21:28.939 [info] > git show --textconv :_layouts/default.html [4ms]
2024-10-02 21:21:28.940 [info] > git ls-files --stage -- /root/repos/SYSTEMA556.github.io/_layouts/default.html [3ms]
2024-10-02 21:21:31.151 [info] > git show --textconv :index.html [3ms]
2024-10-02 21:21:31.152 [info] > git ls-files --stage -- /root/repos/SYSTEMA556.github.io/index.html [1ms]
2024-10-02 21:21:31.157 [info] > git cat-file -s b8dd94766877fe069b4f93bae1b6ac17e0b9b608 [2ms]
2024-10-02 21:33:10.335 [info] > git check-ignore -v -z --stdin [1ms]
2024-10-02 21:35:54.817 [info] > git check-ignore -v -z --stdin [2ms]
2024-10-02 21:35:56.249 [info] > git show --textconv :test.html [5ms]
2024-10-02 21:35:56.250 [info] > git ls-files --stage -- /root/repos/SYSTEMA556.github.io/test.html [2ms]
2024-10-02 21:37:05.849 [info] > git show --textconv :index.html [15ms]
2024-10-02 21:37:05.854 [info] > git ls-files --stage -- /root/repos/SYSTEMA556.github.io/index.html [9ms]
2024-10-02 21:37:05.870 [info] > git cat-file -s b8dd94766877fe069b4f93bae1b6ac17e0b9b608 [3ms]
2024-10-02 21:38:48.123 [info] > git show --textconv :test.html [9ms]
2024-10-02 21:38:48.125 [info] > git ls-files --stage -- /root/repos/SYSTEMA556.github.io/test.html [3ms]
2024-10-02 21:39:14.427 [info] > git show --textconv :index.html [6ms]
2024-10-02 21:39:14.429 [info] > git ls-files --stage -- /root/repos/SYSTEMA556.github.io/index.html [2ms]
2024-10-02 21:39:14.434 [info] > git cat-file -s b8dd94766877fe069b4f93bae1b6ac17e0b9b608 [2ms]
2024-10-02 21:41:34.295 [info] > git show --textconv :test.html [3ms]
2024-10-02 21:41:34.298 [info] > git ls-files --stage -- /root/repos/SYSTEMA556.github.io/test.html [2ms]
2024-10-02 21:41:47.988 [info] > git show --textconv :index.html [5ms]
2024-10-02 21:41:47.989 [info] > git ls-files --stage -- /root/repos/SYSTEMA556.github.io/index.html [2ms]
2024-10-02 21:41:47.994 [info] > git cat-file -s b8dd94766877fe069b4f93bae1b6ac17e0b9b608 [1ms]
2024-10-02 22:32:58.743 [info] > git show --textconv :test.html [4ms]
2024-10-02 22:32:58.745 [info] > git ls-files --stage -- /root/repos/SYSTEMA556.github.io/test.html [3ms]
2024-10-02 22:33:35.263 [info] > git show --textconv :index.html [4ms]
2024-10-02 22:33:35.264 [info] > git ls-files --stage -- /root/repos/SYSTEMA556.github.io/index.html [2ms]
2024-10-02 22:33:35.271 [info] > git cat-file -s b8dd94766877fe069b4f93bae1b6ac17e0b9b608 [1ms]
2024-10-02 22:35:31.007 [info] > git show --textconv :test.html [9ms]
2024-10-02 22:35:31.010 [info] > git ls-files --stage -- /root/repos/SYSTEMA556.github.io/test.html [5ms]
2024-10-02 22:35:37.984 [info] > git show --textconv :index.html [4ms]
2024-10-02 22:35:37.985 [info] > git ls-files --stage -- /root/repos/SYSTEMA556.github.io/index.html [2ms]
2024-10-02 22:35:37.990 [info] > git cat-file -s b8dd94766877fe069b4f93bae1b6ac17e0b9b608 [2ms]
2024-10-02 22:37:44.903 [info] > git show --textconv :_layouts/default.html [3ms]
2024-10-02 22:37:44.904 [info] > git ls-files --stage -- /root/repos/SYSTEMA556.github.io/_layouts/default.html [2ms]
2024-10-02 22:37:46.955 [info] > git show --textconv :index.html [3ms]
2024-10-02 22:37:46.956 [info] > git ls-files --stage -- /root/repos/SYSTEMA556.github.io/index.html [2ms]
2024-10-02 22:37:46.961 [info] > git cat-file -s b8dd94766877fe069b4f93bae1b6ac17e0b9b608 [2ms]
2024-10-02 22:37:48.370 [info] > git show --textconv :test.html [4ms]
2024-10-02 22:37:48.371 [info] > git ls-files --stage -- /root/repos/SYSTEMA556.github.io/test.html [2ms]
2024-10-02 22:37:58.477 [info] > git show --textconv :_layouts/default.html [6ms]
2024-10-02 22:37:58.483 [info] > git ls-files --stage -- /root/repos/SYSTEMA556.github.io/_layouts/default.html [7ms]
2024-10-02 22:37:59.849 [info] > git show --textconv :test.html [4ms]
2024-10-02 22:37:59.852 [info] > git ls-files --stage -- /root/repos/SYSTEMA556.github.io/test.html [3ms]
2024-10-02 22:38:03.100 [info] > git show --textconv :index.html [5ms]
2024-10-02 22:38:03.101 [info] > git ls-files --stage -- /root/repos/SYSTEMA556.github.io/index.html [2ms]
2024-10-02 22:38:03.106 [info] > git cat-file -s b8dd94766877fe069b4f93bae1b6ac17e0b9b608 [2ms]
2024-10-02 22:38:04.204 [info] > git show --textconv :test.html [7ms]
2024-10-02 22:38:04.207 [info] > git ls-files --stage -- /root/repos/SYSTEMA556.github.io/test.html [5ms]
2024-10-02 22:40:25.917 [info] > git check-ignore -v -z --stdin [2ms]
2024-10-02 22:40:29.941 [info] > git show --textconv :index.html [7ms]
2024-10-02 22:40:29.942 [info] > git ls-files --stage -- /root/repos/SYSTEMA556.github.io/index.html [3ms]
2024-10-02 22:40:29.947 [info] > git cat-file -s b8dd94766877fe069b4f93bae1b6ac17e0b9b608 [2ms]
2024-10-02 22:42:06.169 [info] > git check-ignore -v -z --stdin [2ms]
2024-10-02 22:42:08.246 [info] > git show --textconv :tested.html [4ms]
2024-10-02 22:42:08.247 [info] > git ls-files --stage -- /root/repos/SYSTEMA556.github.io/tested.html [2ms]
2024-10-02 22:43:36.676 [info] > git check-ignore -v -z --stdin [2ms]
2024-10-02 22:43:37.912 [info] > git check-ignore -v -z --stdin [2ms]
2024-10-02 22:43:40.512 [info] > git show --textconv :css/main.css [6ms]
2024-10-02 22:43:40.513 [info] > git ls-files --stage -- /root/repos/SYSTEMA556.github.io/css/main.css [3ms]
2024-10-02 22:45:23.386 [info] > git show --textconv :index.html [6ms]
2024-10-02 22:45:23.387 [info] > git ls-files --stage -- /root/repos/SYSTEMA556.github.io/index.html [2ms]
2024-10-02 22:45:23.392 [info] > git cat-file -s b8dd94766877fe069b4f93bae1b6ac17e0b9b608 [1ms]
2024-10-02 22:45:30.867 [info] > git show --textconv :_layouts/default.html [4ms]
2024-10-02 22:45:30.869 [info] > git ls-files --stage -- /root/repos/SYSTEMA556.github.io/_layouts/default.html [2ms]
2024-10-02 22:45:38.019 [info] > git show --textconv :index.html [4ms]
2024-10-02 22:45:38.020 [info] > git ls-files --stage -- /root/repos/SYSTEMA556.github.io/index.html [2ms]
2024-10-02 22:45:38.027 [info] > git cat-file -s b8dd94766877fe069b4f93bae1b6ac17e0b9b608 [3ms]
2024-10-02 22:46:28.725 [info] > git show --textconv :css/main.css [5ms]
2024-10-02 22:46:28.727 [info] > git ls-files --stage -- /root/repos/SYSTEMA556.github.io/css/main.css [3ms]
2024-10-02 22:47:04.479 [info] > git show --textconv :_layouts/default.html [5ms]
2024-10-02 22:47:04.480 [info] > git ls-files --stage -- /root/repos/SYSTEMA556.github.io/_layouts/default.html [2ms]
2024-10-02 22:49:00.688 [info] > git show --textconv :css/main.css [6ms]
2024-10-02 22:49:00.690 [info] > git ls-files --stage -- /root/repos/SYSTEMA556.github.io/css/main.css [4ms]
2024-10-02 22:49:29.976 [info] > git show --textconv :_layouts/default.html [4ms]
2024-10-02 22:49:29.977 [info] > git ls-files --stage -- /root/repos/SYSTEMA556.github.io/_layouts/default.html [2ms]
2024-10-02 22:49:45.835 [info] > git show --textconv :css/main.css [7ms]
2024-10-02 22:49:45.836 [info] > git ls-files --stage -- /root/repos/SYSTEMA556.github.io/css/main.css [2ms]
2024-10-02 22:50:02.725 [info] > git show --textconv :_layouts/default.html [6ms]
2024-10-02 22:50:02.726 [info] > git ls-files --stage -- /root/repos/SYSTEMA556.github.io/_layouts/default.html [2ms]
2024-10-02 22:50:47.323 [info] > git show --textconv :_layouts/test.html [5ms]
2024-10-02 22:50:47.325 [info] > git ls-files --stage -- /root/repos/SYSTEMA556.github.io/_layouts/test.html [3ms]
2024-10-02 22:50:52.239 [info] > git show --textconv :_layouts/default.html [6ms]
2024-10-02 22:50:52.242 [info] > git ls-files --stage -- /root/repos/SYSTEMA556.github.io/_layouts/default.html [6ms]
2024-10-02 22:51:00.341 [info] > git show --textconv :index.html [11ms]
2024-10-02 22:51:00.345 [info] > git ls-files --stage -- /root/repos/SYSTEMA556.github.io/index.html [5ms]
2024-10-02 22:51:00.353 [info] > git cat-file -s b8dd94766877fe069b4f93bae1b6ac17e0b9b608 [3ms]
2024-10-02 22:51:11.662 [info] > git show --textconv :tested.html [18ms]
2024-10-02 22:51:11.668 [info] > git ls-files --stage -- /root/repos/SYSTEMA556.github.io/tested.html [13ms]
2024-10-02 22:51:32.292 [info] > git show --textconv :index.html [6ms]
2024-10-02 22:51:32.294 [info] > git ls-files --stage -- /root/repos/SYSTEMA556.github.io/index.html [4ms]
2024-10-02 22:51:32.299 [info] > git cat-file -s b8dd94766877fe069b4f93bae1b6ac17e0b9b608 [2ms]
2024-10-02 22:51:33.225 [info] > git show --textconv :_layouts/default.html [5ms]
2024-10-02 22:51:33.227 [info] > git ls-files --stage -- /root/repos/SYSTEMA556.github.io/_layouts/default.html [2ms]
2024-10-02 22:51:35.513 [info] > git show --textconv :css/main.css [5ms]
2024-10-02 22:51:35.516 [info] > git ls-files --stage -- /root/repos/SYSTEMA556.github.io/css/main.css [3ms]
2024-10-02 22:54:07.350 [info] > git show --textconv :_layouts/default.html [6ms]
2024-10-02 22:54:07.352 [info] > git ls-files --stage -- /root/repos/SYSTEMA556.github.io/_layouts/default.html [3ms]
2024-10-02 22:54:12.871 [info] > git show --textconv :index.html [12ms]
2024-10-02 22:54:12.873 [info] > git ls-files --stage -- /root/repos/SYSTEMA556.github.io/index.html [4ms]
2024-10-02 22:54:12.884 [info] > git cat-file -s b8dd94766877fe069b4f93bae1b6ac17e0b9b608 [3ms]
2024-10-02 22:54:15.553 [info] > git show --textconv :_layouts/default.html [6ms]
2024-10-02 22:54:15.554 [info] > git ls-files --stage -- /root/repos/SYSTEMA556.github.io/_layouts/default.html [1ms]
2024-10-02 22:54:16.276 [info] > git show --textconv :index.html [4ms]
2024-10-02 22:54:16.277 [info] > git ls-files --stage -- /root/repos/SYSTEMA556.github.io/index.html [2ms]
2024-10-02 22:54:16.286 [info] > git cat-file -s b8dd94766877fe069b4f93bae1b6ac17e0b9b608 [2ms]
2024-10-02 22:54:16.927 [info] > git show --textconv :tested.html [8ms]
2024-10-02 22:54:16.928 [info] > git ls-files --stage -- /root/repos/SYSTEMA556.github.io/tested.html [2ms]
2024-10-02 22:54:28.842 [info] > git show --textconv :index.html [12ms]
2024-10-02 22:54:28.845 [info] > git ls-files --stage -- /root/repos/SYSTEMA556.github.io/index.html [5ms]
2024-10-02 22:54:28.855 [info] > git cat-file -s b8dd94766877fe069b4f93bae1b6ac17e0b9b608 [3ms]
2024-10-02 22:54:35.897 [info] > git show --textconv :css/main.css [6ms]
2024-10-02 22:54:35.898 [info] > git ls-files --stage -- /root/repos/SYSTEMA556.github.io/css/main.css [2ms]
2024-10-02 22:54:37.069 [info] > git show --textconv :_layouts/default.html [5ms]
2024-10-02 22:54:37.071 [info] > git ls-files --stage -- /root/repos/SYSTEMA556.github.io/_layouts/default.html [3ms]
2024-10-02 22:54:38.717 [info] > git show --textconv :index.html [5ms]
2024-10-02 22:54:38.719 [info] > git ls-files --stage -- /root/repos/SYSTEMA556.github.io/index.html [2ms]
2024-10-02 22:54:38.724 [info] > git cat-file -s b8dd94766877fe069b4f93bae1b6ac17e0b9b608 [2ms]
2024-10-02 22:54:39.531 [info] > git show --textconv :tested.html [4ms]
2024-10-02 22:54:39.532 [info] > git ls-files --stage -- /root/repos/SYSTEMA556.github.io/tested.html [2ms]
2024-10-02 22:54:53.839 [info] > git show --textconv :css/main.css [5ms]
2024-10-02 22:54:53.840 [info] > git ls-files --stage -- /root/repos/SYSTEMA556.github.io/css/main.css [2ms]
2024-10-02 22:54:58.366 [info] > git show --textconv :_layouts/default.html [5ms]
2024-10-02 22:54:58.367 [info] > git ls-files --stage -- /root/repos/SYSTEMA556.github.io/_layouts/default.html [2ms]
2024-10-02 22:55:05.522 [info] > git show --textconv :index.html [4ms]
2024-10-02 22:55:05.523 [info] > git ls-files --stage -- /root/repos/SYSTEMA556.github.io/index.html [2ms]
2024-10-02 22:55:05.528 [info] > git cat-file -s b8dd94766877fe069b4f93bae1b6ac17e0b9b608 [2ms]
2024-10-02 22:55:07.979 [info] > git show --textconv :css/main.css [5ms]
2024-10-02 22:55:07.980 [info] > git ls-files --stage -- /root/repos/SYSTEMA556.github.io/css/main.css [2ms]
2024-10-02 22:55:09.880 [info] > git show --textconv :_layouts/default.html [8ms]
2024-10-02 22:55:09.881 [info] > git ls-files --stage -- /root/repos/SYSTEMA556.github.io/_layouts/default.html [2ms]
2024-10-02 22:58:38.075 [info] > git show --textconv :css/main.css [6ms]
2024-10-02 22:58:38.076 [info] > git ls-files --stage -- /root/repos/SYSTEMA556.github.io/css/main.css [2ms]
2024-10-02 22:59:59.327 [info] > git show --textconv :_layouts/default.html [16ms]
2024-10-02 22:59:59.330 [info] > git ls-files --stage -- /root/repos/SYSTEMA556.github.io/_layouts/default.html [6ms]
2024-10-02 23:00:25.171 [info] > git show --textconv :css/main.css [4ms]
2024-10-02 23:00:25.172 [info] > git ls-files --stage -- /root/repos/SYSTEMA556.github.io/css/main.css [2ms]
