2024-09-11 19:42:36.373 [info] [main] ログ レベル: Info
2024-09-11 19:42:36.373 [info] [main] Git の検証が検出されました: "git"
2024-09-11 19:42:36.373 [info] [main] "git" から Git "2.34.1" を使用しています
2024-09-11 19:42:36.373 [info] [Model][doInitialScan] Initial repository scan started
2024-09-11 19:42:36.381 [info] > git rev-parse --show-toplevel [10ms]
2024-09-11 19:42:36.413 [info] > git rev-parse --show-toplevel [25ms]
2024-09-11 19:42:36.429 [info] > git rev-parse --show-toplevel [6ms]
2024-09-11 19:42:36.438 [info] > git rev-parse --git-dir --git-common-dir [2ms]
2024-09-11 19:42:36.467 [info] [Model][openRepository] Opened repository: /root/repos/sample_website
2024-09-11 19:42:36.616 [info] > git rev-parse --show-toplevel [20ms]
2024-09-11 19:42:36.617 [info] > git config --get commit.template [24ms]
2024-09-11 19:42:36.677 [info] > git rev-parse --git-dir --git-common-dir [55ms]
2024-09-11 19:42:36.689 [info] [Model][openRepository] Opened repository: /root/repos/website
2024-09-11 19:42:36.695 [info] [Model][doInitialScan] Initial repository scan completed - repositories (2), closed repositories (0), parent repositories (1), unsafe repositories (0)
2024-09-11 19:42:36.705 [info] > git for-each-ref --format=%(refname)%00%(upstream:short)%00%(objectname)%00%(upstream:track)%00%(upstream:remotename)%00%(upstream:remoteref) refs/heads/main refs/remotes/main [34ms]
2024-09-11 19:42:36.711 [info] > git config --get commit.template [9ms]
2024-09-11 19:42:36.740 [info] > git status -z -uall [11ms]
2024-09-11 19:42:36.759 [info] > git for-each-ref --format=%(refname)%00%(upstream:short)%00%(objectname)%00%(upstream:track)%00%(upstream:remotename)%00%(upstream:remoteref) refs/heads/main refs/remotes/main [41ms]
2024-09-11 19:42:36.767 [info] > git for-each-ref --format=%(refname)%00%(upstream:short)%00%(objectname)%00%(upstream:track)%00%(upstream:remotename)%00%(upstream:remoteref) refs/heads/main refs/remotes/main [19ms]
2024-09-11 19:42:36.776 [info] > git config --local branch.main.vscode-merge-base [4ms]
2024-09-11 19:42:36.778 [warning] [Git][config] git config failed: Failed to execute git
2024-09-11 19:42:36.784 [info] > git config --get commit.template [18ms]
2024-09-11 19:42:36.799 [info] > git for-each-ref --format=%(refname)%00%(upstream:short)%00%(objectname)%00%(upstream:track)%00%(upstream:remotename)%00%(upstream:remoteref) refs/heads/main refs/remotes/main [6ms]
2024-09-11 19:42:36.800 [info] > git reflog main --grep-reflog=branch: Created from *. [16ms]
2024-09-11 19:42:36.812 [info] > git status -z -uall [2ms]
2024-09-11 19:42:36.812 [info] > git symbolic-ref --short refs/remotes/origin/HEAD [8ms]
2024-09-11 19:42:36.812 [info] fatal: ref refs/remotes/origin/HEAD is not a symbolic ref
2024-09-11 19:42:36.819 [info] > git status -z -uall [23ms]
2024-09-11 19:42:36.852 [info] > git for-each-ref --format=%(refname)%00%(upstream:short)%00%(objectname)%00%(upstream:track)%00%(upstream:remotename)%00%(upstream:remoteref) refs/heads/main refs/remotes/main [11ms]
2024-09-11 19:42:36.859 [info] > git for-each-ref --format=%(refname)%00%(upstream:short)%00%(objectname)%00%(upstream:track)%00%(upstream:remotename)%00%(upstream:remoteref) refs/heads/main refs/remotes/main [33ms]
2024-09-11 19:42:36.867 [info] > git merge-base refs/heads/main refs/remotes/origin/main [50ms]
2024-09-11 19:42:36.874 [info] > git config --local branch.main.vscode-merge-base [8ms]
2024-09-11 19:42:36.874 [warning] [Git][config] git config failed: Failed to execute git
2024-09-11 19:42:36.879 [info] > git config --local branch.main.vscode-merge-base [21ms]
2024-09-11 19:42:36.879 [warning] [Git][config] git config failed: Failed to execute git
2024-09-11 19:42:36.883 [info] > git config --get commit.template [33ms]
2024-09-11 19:42:36.885 [info] > git rev-list --count --left-right refs/heads/main...refs/remotes/origin/main [14ms]
2024-09-11 19:42:37.035 [info] > git reflog main --grep-reflog=branch: Created from *. [153ms]
2024-09-11 19:42:37.062 [info] > git symbolic-ref --short refs/remotes/origin/HEAD [23ms]
2024-09-11 19:42:37.062 [info] fatal: ref refs/remotes/origin/HEAD is not a symbolic ref
2024-09-11 19:42:37.062 [info] > git for-each-ref --format=%(refname)%00%(upstream:short)%00%(objectname)%00%(upstream:track)%00%(upstream:remotename)%00%(upstream:remoteref) refs/heads/main refs/remotes/main [29ms]
2024-09-11 19:42:37.062 [info] > git reflog main --grep-reflog=branch: Created from *. [184ms]
2024-09-11 19:42:37.065 [info] > git diff --name-status -z --diff-filter=ADMR b1d5dae72ebaf131291d43b395138d63a579116d...refs/remotes/origin/main [175ms]
2024-09-11 19:42:37.069 [info] > git symbolic-ref --short refs/remotes/origin/HEAD [3ms]
2024-09-11 19:42:37.069 [info] fatal: ref refs/remotes/origin/HEAD is not a symbolic ref
2024-09-11 19:42:37.077 [info] > git merge-base refs/heads/main refs/remotes/origin/main [4ms]
2024-09-11 19:42:37.088 [info] > git rev-list --count --left-right refs/heads/main...refs/remotes/origin/main [7ms]
2024-09-11 19:42:37.092 [info] > git status -z -uall [6ms]
2024-09-11 19:42:37.100 [info] > git for-each-ref --format=%(refname)%00%(upstream:short)%00%(objectname)%00%(upstream:track)%00%(upstream:remotename)%00%(upstream:remoteref) refs/heads/main refs/remotes/main [4ms]
2024-09-11 19:42:37.106 [info] > git diff --name-status -z --diff-filter=ADMR 72dc4a4c8e486eb6c2a7dc79d5735c7b7256f412...refs/remotes/origin/main [15ms]
2024-09-11 19:42:37.109 [info] > git config --local branch.main.vscode-merge-base [3ms]
2024-09-11 19:42:37.109 [warning] [Git][config] git config failed: Failed to execute git
2024-09-11 19:42:37.126 [info] > git reflog main --grep-reflog=branch: Created from *. [13ms]
2024-09-11 19:42:37.133 [info] > git symbolic-ref --short refs/remotes/origin/HEAD [3ms]
2024-09-11 19:42:37.133 [info] fatal: ref refs/remotes/origin/HEAD is not a symbolic ref
2024-09-11 19:42:37.247 [info] > git check-ignore -v -z --stdin [7ms]
2024-09-11 19:42:37.248 [info] > git check-ignore -v -z --stdin [3ms]
2024-09-11 19:42:57.940 [info] > git log --format=%H%n%aN%n%aE%n%at%n%ct%n%P%n%D%n%B -z -n120 --follow -- /root/repos/sample_website/index.html [49ms]
2024-09-11 19:42:58.108 [info] > git show --textconv :index.html [10ms]
2024-09-11 19:42:58.112 [info] > git ls-files --stage -- /root/repos/sample_website/index.html [6ms]
2024-09-11 19:42:58.122 [info] > git cat-file -s 6edced8c47b953d1363096cc6b12f67a4bf356cd [4ms]
2024-09-11 19:43:08.414 [info] > git config --get commit.template [8ms]
2024-09-11 19:43:08.415 [info] > git for-each-ref --format=%(refname)%00%(upstream:short)%00%(objectname)%00%(upstream:track)%00%(upstream:remotename)%00%(upstream:remoteref) refs/heads/main refs/remotes/main [3ms]
2024-09-11 19:43:08.423 [info] > git status -z -uall [3ms]
2024-09-11 19:43:08.434 [info] > git for-each-ref --format=%(refname)%00%(upstream:short)%00%(objectname)%00%(upstream:track)%00%(upstream:remotename)%00%(upstream:remoteref) refs/heads/main refs/remotes/main [3ms]
2024-09-11 19:43:08.442 [info] > git config --local branch.main.vscode-merge-base [2ms]
2024-09-11 19:43:08.442 [warning] [Git][config] git config failed: Failed to execute git
2024-09-11 19:43:08.452 [info] > git reflog main --grep-reflog=branch: Created from *. [5ms]
2024-09-11 19:43:08.459 [info] > git symbolic-ref --short refs/remotes/origin/HEAD [2ms]
2024-09-11 19:43:08.459 [info] fatal: ref refs/remotes/origin/HEAD is not a symbolic ref
2024-09-11 19:43:16.605 [info] > git log --format=%H%n%aN%n%aE%n%at%n%ct%n%P%n%D%n%B -z -n120 --follow -- /root/repos/sample_website/index.html [4ms]
2024-09-11 19:43:16.747 [info] > git show --textconv :index.html [6ms]
2024-09-11 19:43:16.748 [info] > git ls-files --stage -- /root/repos/sample_website/index.html [2ms]
2024-09-11 19:43:16.756 [info] > git cat-file -s 6edced8c47b953d1363096cc6b12f67a4bf356cd [3ms]
2024-09-11 19:43:20.763 [info] > git log --format=%H%n%aN%n%aE%n%at%n%ct%n%P%n%D%n%B -z -n120 --follow -- /root/repos/sample_website/index.html [5ms]
2024-09-11 19:43:20.913 [info] > git show --textconv :index.html [4ms]
2024-09-11 19:43:20.914 [info] > git ls-files --stage -- /root/repos/sample_website/index.html [2ms]
2024-09-11 19:43:20.921 [info] > git cat-file -s 6edced8c47b953d1363096cc6b12f67a4bf356cd [2ms]
2024-09-11 19:43:36.335 [info] > git log --format=%H%n%aN%n%aE%n%at%n%ct%n%P%n%D%n%B -z -n120 --follow -- /root/repos/sample_website/tags.html [31ms]
2024-09-11 19:43:36.470 [info] > git show --textconv :tags.html [7ms]
2024-09-11 19:43:36.471 [info] > git ls-files --stage -- /root/repos/sample_website/tags.html [3ms]
2024-09-11 19:43:36.478 [info] > git cat-file -s 42523e4d1ec6da806d908399aec6235f558ee1f5 [4ms]
2024-09-11 19:43:46.138 [info] > git config --get commit.template [10ms]
2024-09-11 19:43:46.141 [info] > git for-each-ref --format=%(refname)%00%(upstream:short)%00%(objectname)%00%(upstream:track)%00%(upstream:remotename)%00%(upstream:remoteref) refs/heads/main refs/remotes/main [6ms]
2024-09-11 19:43:46.149 [info] > git status -z -uall [2ms]
2024-09-11 19:43:46.156 [info] > git for-each-ref --format=%(refname)%00%(upstream:short)%00%(objectname)%00%(upstream:track)%00%(upstream:remotename)%00%(upstream:remoteref) refs/heads/main refs/remotes/main [3ms]
2024-09-11 19:43:46.162 [info] > git config --local branch.main.vscode-merge-base [2ms]
2024-09-11 19:43:46.162 [warning] [Git][config] git config failed: Failed to execute git
2024-09-11 19:43:46.168 [info] > git reflog main --grep-reflog=branch: Created from *. [2ms]
2024-09-11 19:43:46.174 [info] > git symbolic-ref --short refs/remotes/origin/HEAD [1ms]
2024-09-11 19:43:46.174 [info] fatal: ref refs/remotes/origin/HEAD is not a symbolic ref
2024-09-11 19:43:47.159 [info] > git log --format=%H%n%aN%n%aE%n%at%n%ct%n%P%n%D%n%B -z -n120 --follow -- /root/repos/sample_website/moby_dick.html [8ms]
2024-09-11 19:43:47.327 [info] > git show --textconv :moby_dick.html [5ms]
2024-09-11 19:43:47.329 [info] > git ls-files --stage -- /root/repos/sample_website/moby_dick.html [2ms]
2024-09-11 19:44:04.220 [info] > git config --get commit.template [6ms]
2024-09-11 19:44:04.221 [info] > git for-each-ref --format=%(refname)%00%(upstream:short)%00%(objectname)%00%(upstream:track)%00%(upstream:remotename)%00%(upstream:remoteref) refs/heads/main refs/remotes/main [3ms]
2024-09-11 19:44:04.230 [info] > git status -z -uall [3ms]
2024-09-11 19:44:04.243 [info] > git for-each-ref --format=%(refname)%00%(upstream:short)%00%(objectname)%00%(upstream:track)%00%(upstream:remotename)%00%(upstream:remoteref) refs/heads/main refs/remotes/main [7ms]
2024-09-11 19:44:04.251 [info] > git config --local branch.main.vscode-merge-base [3ms]
2024-09-11 19:44:04.251 [warning] [Git][config] git config failed: Failed to execute git
2024-09-11 19:44:04.259 [info] > git reflog main --grep-reflog=branch: Created from *. [3ms]
2024-09-11 19:44:04.266 [info] > git symbolic-ref --short refs/remotes/origin/HEAD [2ms]
2024-09-11 19:44:04.266 [info] fatal: ref refs/remotes/origin/HEAD is not a symbolic ref
2024-09-11 19:44:04.622 [info] > git log --format=%H%n%aN%n%aE%n%at%n%ct%n%P%n%D%n%B -z -n120 --follow -- /root/repos/sample_website/tags.html [17ms]
2024-09-11 19:44:04.770 [info] > git show --textconv :tags.html [6ms]
2024-09-11 19:44:04.771 [info] > git ls-files --stage -- /root/repos/sample_website/tags.html [3ms]
2024-09-11 19:44:04.777 [info] > git cat-file -s 42523e4d1ec6da806d908399aec6235f558ee1f5 [3ms]
2024-09-11 20:08:29.925 [info] > git log --format=%H%n%aN%n%aE%n%at%n%ct%n%P%n%D%n%B -z -n164 --follow -- /root/repos/sample_website/tags.html [3ms]
2024-09-11 20:08:30.088 [info] > git show --textconv :tags.html [7ms]
2024-09-11 20:08:30.090 [info] > git ls-files --stage -- /root/repos/sample_website/tags.html [2ms]
2024-09-11 20:08:30.096 [info] > git cat-file -s 42523e4d1ec6da806d908399aec6235f558ee1f5 [2ms]
2024-09-11 20:09:26.190 [info] > git log --format=%H%n%aN%n%aE%n%at%n%ct%n%P%n%D%n%B -z -n164 --follow -- /root/repos/sample_website/tags.html [10ms]
2024-09-11 20:09:26.343 [info] > git show --textconv :tags.html [4ms]
2024-09-11 20:09:26.346 [info] > git ls-files --stage -- /root/repos/sample_website/tags.html [3ms]
2024-09-11 20:09:26.354 [info] > git cat-file -s 42523e4d1ec6da806d908399aec6235f558ee1f5 [2ms]
2024-09-11 20:09:35.383 [info] > git log --format=%H%n%aN%n%aE%n%at%n%ct%n%P%n%D%n%B -z -n164 --follow -- /root/repos/sample_website/tags.html [5ms]
2024-09-11 20:09:35.539 [info] > git show --textconv :tags.html [4ms]
2024-09-11 20:09:35.541 [info] > git ls-files --stage -- /root/repos/sample_website/tags.html [3ms]
2024-09-11 20:09:35.548 [info] > git cat-file -s 42523e4d1ec6da806d908399aec6235f558ee1f5 [2ms]
2024-09-11 20:10:18.376 [info] > git log --format=%H%n%aN%n%aE%n%at%n%ct%n%P%n%D%n%B -z -n164 --follow -- /root/repos/sample_website/tags.html [5ms]
2024-09-11 20:10:18.539 [info] > git show --textconv :tags.html [6ms]
2024-09-11 20:10:18.541 [info] > git ls-files --stage -- /root/repos/sample_website/tags.html [3ms]
2024-09-11 20:10:18.546 [info] > git cat-file -s 42523e4d1ec6da806d908399aec6235f558ee1f5 [2ms]
2024-09-11 20:10:38.861 [info] > git config --get commit.template [6ms]
2024-09-11 20:10:38.861 [info] > git for-each-ref --format=%(refname)%00%(upstream:short)%00%(objectname)%00%(upstream:track)%00%(upstream:remotename)%00%(upstream:remoteref) refs/heads/main refs/remotes/main [2ms]
2024-09-11 20:10:38.869 [info] > git status -z -uall [2ms]
2024-09-11 20:10:38.878 [info] > git for-each-ref --format=%(refname)%00%(upstream:short)%00%(objectname)%00%(upstream:track)%00%(upstream:remotename)%00%(upstream:remoteref) refs/heads/main refs/remotes/main [3ms]
2024-09-11 20:10:38.885 [info] > git config --local branch.main.vscode-merge-base [2ms]
2024-09-11 20:10:38.885 [warning] [Git][config] git config failed: Failed to execute git
2024-09-11 20:10:38.891 [info] > git reflog main --grep-reflog=branch: Created from *. [2ms]
2024-09-11 20:10:38.897 [info] > git symbolic-ref --short refs/remotes/origin/HEAD [2ms]
2024-09-11 20:10:38.897 [info] fatal: ref refs/remotes/origin/HEAD is not a symbolic ref
2024-09-11 20:11:04.930 [info] > git log --format=%H%n%aN%n%aE%n%at%n%ct%n%P%n%D%n%B -z -n164 --follow -- /root/repos/sample_website/tags.html [4ms]
2024-09-11 20:11:05.111 [info] > git show --textconv :tags.html [5ms]
2024-09-11 20:11:05.112 [info] > git ls-files --stage -- /root/repos/sample_website/tags.html [2ms]
2024-09-11 20:11:05.119 [info] > git cat-file -s 42523e4d1ec6da806d908399aec6235f558ee1f5 [3ms]
2024-09-11 20:11:06.751 [info] > git config --get commit.template [4ms]
2024-09-11 20:11:06.751 [info] > git for-each-ref --format=%(refname)%00%(upstream:short)%00%(objectname)%00%(upstream:track)%00%(upstream:remotename)%00%(upstream:remoteref) refs/heads/main refs/remotes/main [1ms]
2024-09-11 20:11:06.759 [info] > git status -z -uall [2ms]
2024-09-11 20:11:06.765 [info] > git for-each-ref --format=%(refname)%00%(upstream:short)%00%(objectname)%00%(upstream:track)%00%(upstream:remotename)%00%(upstream:remoteref) refs/heads/main refs/remotes/main [1ms]
2024-09-11 20:11:06.770 [info] > git config --local branch.main.vscode-merge-base [2ms]
2024-09-11 20:11:06.770 [warning] [Git][config] git config failed: Failed to execute git
2024-09-11 20:11:06.776 [info] > git reflog main --grep-reflog=branch: Created from *. [2ms]
2024-09-11 20:11:06.781 [info] > git symbolic-ref --short refs/remotes/origin/HEAD [1ms]
2024-09-11 20:11:06.781 [info] fatal: ref refs/remotes/origin/HEAD is not a symbolic ref
2024-09-11 20:11:23.031 [info] > git config --get commit.template [5ms]
2024-09-11 20:11:23.032 [info] > git for-each-ref --format=%(refname)%00%(upstream:short)%00%(objectname)%00%(upstream:track)%00%(upstream:remotename)%00%(upstream:remoteref) refs/heads/main refs/remotes/main [2ms]
2024-09-11 20:11:23.040 [info] > git status -z -uall [2ms]
2024-09-11 20:11:23.047 [info] > git for-each-ref --format=%(refname)%00%(upstream:short)%00%(objectname)%00%(upstream:track)%00%(upstream:remotename)%00%(upstream:remoteref) refs/heads/main refs/remotes/main [3ms]
2024-09-11 20:11:23.054 [info] > git config --local branch.main.vscode-merge-base [2ms]
2024-09-11 20:11:23.054 [warning] [Git][config] git config failed: Failed to execute git
2024-09-11 20:11:23.060 [info] > git reflog main --grep-reflog=branch: Created from *. [2ms]
2024-09-11 20:11:23.065 [info] > git symbolic-ref --short refs/remotes/origin/HEAD [2ms]
2024-09-11 20:11:23.065 [info] fatal: ref refs/remotes/origin/HEAD is not a symbolic ref
2024-09-11 23:03:39.497 [info] > git log --format=%H%n%aN%n%aE%n%at%n%ct%n%P%n%D%n%B -z -n164 --follow -- /root/repos/sample_website/moby_dick.html [65ms]
2024-09-11 23:03:39.626 [info] > git show --textconv :moby_dick.html [12ms]
2024-09-11 23:03:39.627 [info] > git ls-files --stage -- /root/repos/sample_website/moby_dick.html [8ms]
2024-09-11 23:03:50.105 [info] > git log --format=%H%n%aN%n%aE%n%at%n%ct%n%P%n%D%n%B -z -n164 --follow -- /root/repos/sample_website/index.html [16ms]
2024-09-11 23:03:50.346 [info] > git show --textconv :index.html [7ms]
2024-09-11 23:03:50.348 [info] > git ls-files --stage -- /root/repos/sample_website/index.html [4ms]
2024-09-11 23:03:50.353 [info] > git cat-file -s 6edced8c47b953d1363096cc6b12f67a4bf356cd [2ms]
2024-09-11 23:03:52.887 [info] > git log --format=%H%n%aN%n%aE%n%at%n%ct%n%P%n%D%n%B -z -n142 --follow -- /root/repos/sample_website/moby_dick.html [6ms]
2024-09-11 23:03:53.077 [info] > git show --textconv :moby_dick.html [3ms]
2024-09-11 23:03:53.079 [info] > git ls-files --stage -- /root/repos/sample_website/moby_dick.html [2ms]
2024-09-11 23:04:07.219 [info] > git config --get commit.template [6ms]
2024-09-11 23:04:07.221 [info] > git for-each-ref --format=%(refname)%00%(upstream:short)%00%(objectname)%00%(upstream:track)%00%(upstream:remotename)%00%(upstream:remoteref) refs/heads/main refs/remotes/main [3ms]
2024-09-11 23:04:07.239 [info] > git status -z -uall [14ms]
2024-09-11 23:04:07.247 [info] > git for-each-ref --format=%(refname)%00%(upstream:short)%00%(objectname)%00%(upstream:track)%00%(upstream:remotename)%00%(upstream:remoteref) refs/heads/main refs/remotes/main [3ms]
2024-09-11 23:04:07.254 [info] > git config --local branch.main.vscode-merge-base [2ms]
2024-09-11 23:04:07.254 [warning] [Git][config] git config failed: Failed to execute git
2024-09-11 23:04:07.263 [info] > git reflog main --grep-reflog=branch: Created from *. [5ms]
2024-09-11 23:04:07.271 [info] > git symbolic-ref --short refs/remotes/origin/HEAD [4ms]
2024-09-11 23:04:07.271 [info] fatal: ref refs/remotes/origin/HEAD is not a symbolic ref
2024-09-11 23:10:20.482 [info] > git for-each-ref --format=%(refname)%00%(upstream:short)%00%(objectname)%00%(upstream:track)%00%(upstream:remotename)%00%(upstream:remoteref) refs/heads/main refs/remotes/main [4ms]
2024-09-11 23:10:20.483 [info] > git config --get commit.template [9ms]
2024-09-11 23:10:20.489 [info] > git status -z -uall [3ms]
2024-09-11 23:10:20.498 [info] > git for-each-ref --format=%(refname)%00%(upstream:short)%00%(objectname)%00%(upstream:track)%00%(upstream:remotename)%00%(upstream:remoteref) refs/heads/main refs/remotes/main [3ms]
2024-09-11 23:10:20.504 [info] > git config --local branch.main.vscode-merge-base [2ms]
2024-09-11 23:10:20.504 [warning] [Git][config] git config failed: Failed to execute git
2024-09-11 23:10:20.510 [info] > git reflog main --grep-reflog=branch: Created from *. [2ms]
2024-09-11 23:10:20.515 [info] > git symbolic-ref --short refs/remotes/origin/HEAD [1ms]
2024-09-11 23:10:20.515 [info] fatal: ref refs/remotes/origin/HEAD is not a symbolic ref
2024-09-11 23:10:33.464 [info] > git log --format=%H%n%aN%n%aE%n%at%n%ct%n%P%n%D%n%B -z -n142 --follow -- /root/repos/sample_website/index.html [18ms]
2024-09-11 23:10:33.587 [info] > git show --textconv :index.html [6ms]
2024-09-11 23:10:33.588 [info] > git ls-files --stage -- /root/repos/sample_website/index.html [2ms]
2024-09-11 23:10:33.595 [info] > git cat-file -s 6edced8c47b953d1363096cc6b12f67a4bf356cd [2ms]
2024-09-11 23:10:50.940 [info] > git log --format=%H%n%aN%n%aE%n%at%n%ct%n%P%n%D%n%B -z -n142 --follow -- /root/repos/sample_website/moby_dick.html [10ms]
2024-09-11 23:10:51.081 [info] > git show --textconv :moby_dick.html [4ms]
2024-09-11 23:10:51.082 [info] > git ls-files --stage -- /root/repos/sample_website/moby_dick.html [2ms]
2024-09-11 23:11:09.325 [info] > git config --get commit.template [9ms]
2024-09-11 23:11:09.327 [info] > git for-each-ref --format=%(refname)%00%(upstream:short)%00%(objectname)%00%(upstream:track)%00%(upstream:remotename)%00%(upstream:remoteref) refs/heads/main refs/remotes/main [4ms]
2024-09-11 23:11:09.339 [info] > git status -z -uall [4ms]
2024-09-11 23:11:09.351 [info] > git for-each-ref --format=%(refname)%00%(upstream:short)%00%(objectname)%00%(upstream:track)%00%(upstream:remotename)%00%(upstream:remoteref) refs/heads/main refs/remotes/main [5ms]
2024-09-11 23:11:09.365 [info] > git config --local branch.main.vscode-merge-base [6ms]
2024-09-11 23:11:09.365 [warning] [Git][config] git config failed: Failed to execute git
2024-09-11 23:11:09.376 [info] > git reflog main --grep-reflog=branch: Created from *. [3ms]
2024-09-11 23:11:09.380 [info] > git symbolic-ref --short refs/remotes/origin/HEAD [2ms]
2024-09-11 23:11:09.380 [info] fatal: ref refs/remotes/origin/HEAD is not a symbolic ref
2024-09-11 23:11:16.359 [info] > git log --format=%H%n%aN%n%aE%n%at%n%ct%n%P%n%D%n%B -z -n142 --follow -- /root/repos/sample_website/moby_dick.html [4ms]
2024-09-11 23:11:16.505 [info] > git show --textconv :moby_dick.html [4ms]
2024-09-11 23:11:16.508 [info] > git ls-files --stage -- /root/repos/sample_website/moby_dick.html [4ms]
2024-09-11 23:11:22.489 [info] > git log --format=%H%n%aN%n%aE%n%at%n%ct%n%P%n%D%n%B -z -n142 --follow -- /root/repos/sample_website/moby_dick.html [5ms]
2024-09-11 23:11:22.636 [info] > git show --textconv :moby_dick.html [4ms]
2024-09-11 23:11:22.638 [info] > git ls-files --stage -- /root/repos/sample_website/moby_dick.html [3ms]
2024-09-11 23:13:41.009 [info] > git log --format=%H%n%aN%n%aE%n%at%n%ct%n%P%n%D%n%B -z -n142 --follow -- /root/repos/sample_website/index.html [11ms]
2024-09-11 23:13:41.146 [info] > git show --textconv :index.html [4ms]
2024-09-11 23:13:41.147 [info] > git ls-files --stage -- /root/repos/sample_website/index.html [1ms]
2024-09-11 23:13:41.152 [info] > git cat-file -s 6edced8c47b953d1363096cc6b12f67a4bf356cd [2ms]
2024-09-11 23:13:41.435 [info] > git log --format=%H%n%aN%n%aE%n%at%n%ct%n%P%n%D%n%B -z -n142 --follow -- /root/repos/sample_website/moby_dick.html [13ms]
2024-09-11 23:13:41.592 [info] > git show --textconv :moby_dick.html [5ms]
2024-09-11 23:13:41.594 [info] > git ls-files --stage -- /root/repos/sample_website/moby_dick.html [5ms]
2024-09-11 23:13:44.975 [info] > git log --format=%H%n%aN%n%aE%n%at%n%ct%n%P%n%D%n%B -z -n142 --follow -- /root/repos/sample_website/tags.html [19ms]
2024-09-11 23:13:45.096 [info] > git show --textconv :tags.html [8ms]
2024-09-11 23:13:45.097 [info] > git ls-files --stage -- /root/repos/sample_website/tags.html [4ms]
2024-09-11 23:13:45.102 [info] > git cat-file -s 42523e4d1ec6da806d908399aec6235f558ee1f5 [1ms]
2024-09-11 23:17:06.327 [info] > git log --format=%H%n%aN%n%aE%n%at%n%ct%n%P%n%D%n%B -z -n142 --follow -- /root/repos/sample_website/tags.html [4ms]
2024-09-11 23:17:06.471 [info] > git show --textconv :tags.html [4ms]
2024-09-11 23:17:06.472 [info] > git ls-files --stage -- /root/repos/sample_website/tags.html [2ms]
2024-09-11 23:17:06.477 [info] > git cat-file -s 42523e4d1ec6da806d908399aec6235f558ee1f5 [2ms]
2024-09-11 23:17:28.181 [info] > git log --format=%H%n%aN%n%aE%n%at%n%ct%n%P%n%D%n%B -z -n142 --follow -- /root/repos/sample_website/tags.html [3ms]
2024-09-11 23:17:28.327 [info] > git show --textconv :tags.html [4ms]
2024-09-11 23:17:28.329 [info] > git ls-files --stage -- /root/repos/sample_website/tags.html [3ms]
2024-09-11 23:17:28.334 [info] > git cat-file -s 42523e4d1ec6da806d908399aec6235f558ee1f5 [2ms]
2024-09-11 23:17:37.759 [info] > git log --format=%H%n%aN%n%aE%n%at%n%ct%n%P%n%D%n%B -z -n142 --follow -- /root/repos/sample_website/moby_dick.html [17ms]
2024-09-11 23:17:37.899 [info] > git show --textconv :moby_dick.html [3ms]
2024-09-11 23:17:37.901 [info] > git ls-files --stage -- /root/repos/sample_website/moby_dick.html [2ms]
2024-09-11 23:17:40.581 [info] > git log --format=%H%n%aN%n%aE%n%at%n%ct%n%P%n%D%n%B -z -n142 --follow -- /root/repos/sample_website/index.html [9ms]
2024-09-11 23:17:40.762 [info] > git show --textconv :index.html [5ms]
2024-09-11 23:17:40.764 [info] > git ls-files --stage -- /root/repos/sample_website/index.html [3ms]
2024-09-11 23:17:40.769 [info] > git cat-file -s 6edced8c47b953d1363096cc6b12f67a4bf356cd [2ms]
2024-09-11 23:17:45.049 [info] > git log --format=%H%n%aN%n%aE%n%at%n%ct%n%P%n%D%n%B -z -n142 --follow -- /root/repos/sample_website/tags.html [10ms]
2024-09-11 23:17:45.191 [info] > git show --textconv :tags.html [6ms]
2024-09-11 23:17:45.193 [info] > git ls-files --stage -- /root/repos/sample_website/tags.html [3ms]
2024-09-11 23:17:45.198 [info] > git cat-file -s 42523e4d1ec6da806d908399aec6235f558ee1f5 [2ms]
2024-09-11 23:17:59.537 [info] > git log --format=%H%n%aN%n%aE%n%at%n%ct%n%P%n%D%n%B -z -n142 --follow -- /root/repos/sample_website/tags.html [4ms]
2024-09-11 23:17:59.687 [info] > git show --textconv :tags.html [6ms]
2024-09-11 23:17:59.688 [info] > git ls-files --stage -- /root/repos/sample_website/tags.html [2ms]
2024-09-11 23:17:59.693 [info] > git cat-file -s 42523e4d1ec6da806d908399aec6235f558ee1f5 [2ms]
2024-09-11 23:19:00.995 [info] > git log --format=%H%n%aN%n%aE%n%at%n%ct%n%P%n%D%n%B -z -n142 --follow -- /root/repos/sample_website/tags.html [4ms]
2024-09-11 23:19:01.153 [info] > git show --textconv :tags.html [5ms]
2024-09-11 23:19:01.154 [info] > git ls-files --stage -- /root/repos/sample_website/tags.html [1ms]
2024-09-11 23:19:01.159 [info] > git cat-file -s 42523e4d1ec6da806d908399aec6235f558ee1f5 [2ms]
2024-09-11 23:19:29.719 [info] > git log --format=%H%n%aN%n%aE%n%at%n%ct%n%P%n%D%n%B -z -n142 --follow -- /root/repos/sample_website/tags.html [4ms]
2024-09-11 23:19:29.881 [info] > git show --textconv :tags.html [5ms]
2024-09-11 23:19:29.883 [info] > git ls-files --stage -- /root/repos/sample_website/tags.html [3ms]
2024-09-11 23:19:29.888 [info] > git cat-file -s 42523e4d1ec6da806d908399aec6235f558ee1f5 [2ms]
2024-09-11 23:19:43.579 [info] > git log --format=%H%n%aN%n%aE%n%at%n%ct%n%P%n%D%n%B -z -n142 --follow -- /root/repos/sample_website/tags.html [4ms]
2024-09-11 23:19:43.725 [info] > git show --textconv :tags.html [6ms]
2024-09-11 23:19:43.726 [info] > git ls-files --stage -- /root/repos/sample_website/tags.html [2ms]
2024-09-11 23:19:43.731 [info] > git cat-file -s 42523e4d1ec6da806d908399aec6235f558ee1f5 [2ms]
2024-09-11 23:21:57.934 [info] > git log --format=%H%n%aN%n%aE%n%at%n%ct%n%P%n%D%n%B -z -n142 --follow -- /root/repos/sample_website/tags.html [5ms]
2024-09-11 23:21:58.098 [info] > git show --textconv :tags.html [8ms]
2024-09-11 23:21:58.099 [info] > git ls-files --stage -- /root/repos/sample_website/tags.html [3ms]
2024-09-11 23:21:58.106 [info] > git cat-file -s 42523e4d1ec6da806d908399aec6235f558ee1f5 [3ms]
2024-09-11 23:22:07.952 [info] > git log --format=%H%n%aN%n%aE%n%at%n%ct%n%P%n%D%n%B -z -n142 --follow -- /root/repos/sample_website/tags.html [4ms]
2024-09-11 23:22:08.111 [info] > git show --textconv :tags.html [7ms]
2024-09-11 23:22:08.117 [info] > git ls-files --stage -- /root/repos/sample_website/tags.html [2ms]
2024-09-11 23:22:08.125 [info] > git cat-file -s 42523e4d1ec6da806d908399aec6235f558ee1f5 [3ms]
2024-09-11 23:22:31.116 [info] > git config --get commit.template [4ms]
2024-09-11 23:22:31.117 [info] > git for-each-ref --format=%(refname)%00%(upstream:short)%00%(objectname)%00%(upstream:track)%00%(upstream:remotename)%00%(upstream:remoteref) refs/heads/main refs/remotes/main [2ms]
2024-09-11 23:22:31.123 [info] > git status -z -uall [2ms]
2024-09-11 23:22:31.130 [info] > git for-each-ref --format=%(refname)%00%(upstream:short)%00%(objectname)%00%(upstream:track)%00%(upstream:remotename)%00%(upstream:remoteref) refs/heads/main refs/remotes/main [2ms]
2024-09-11 23:22:31.136 [info] > git config --local branch.main.vscode-merge-base [2ms]
2024-09-11 23:22:31.136 [warning] [Git][config] git config failed: Failed to execute git
2024-09-11 23:22:31.144 [info] > git reflog main --grep-reflog=branch: Created from *. [4ms]
2024-09-11 23:22:31.149 [info] > git symbolic-ref --short refs/remotes/origin/HEAD [2ms]
2024-09-11 23:22:31.149 [info] fatal: ref refs/remotes/origin/HEAD is not a symbolic ref
2024-09-11 23:22:33.351 [info] > git log --format=%H%n%aN%n%aE%n%at%n%ct%n%P%n%D%n%B -z -n142 --follow -- /root/repos/sample_website/tags.html [5ms]
2024-09-11 23:22:33.496 [info] > git show --textconv :tags.html [6ms]
2024-09-11 23:22:33.496 [info] > git ls-files --stage -- /root/repos/sample_website/tags.html [3ms]
2024-09-11 23:22:33.503 [info] > git cat-file -s 42523e4d1ec6da806d908399aec6235f558ee1f5 [3ms]
2024-09-11 23:22:48.860 [info] > git config --get commit.template [6ms]
2024-09-11 23:22:48.861 [info] > git for-each-ref --format=%(refname)%00%(upstream:short)%00%(objectname)%00%(upstream:track)%00%(upstream:remotename)%00%(upstream:remoteref) refs/heads/main refs/remotes/main [2ms]
2024-09-11 23:22:48.867 [info] > git status -z -uall [2ms]
2024-09-11 23:22:48.875 [info] > git for-each-ref --format=%(refname)%00%(upstream:short)%00%(objectname)%00%(upstream:track)%00%(upstream:remotename)%00%(upstream:remoteref) refs/heads/main refs/remotes/main [4ms]
2024-09-11 23:22:48.882 [info] > git config --local branch.main.vscode-merge-base [2ms]
2024-09-11 23:22:48.882 [warning] [Git][config] git config failed: Failed to execute git
2024-09-11 23:22:48.889 [info] > git reflog main --grep-reflog=branch: Created from *. [3ms]
2024-09-11 23:22:48.894 [info] > git symbolic-ref --short refs/remotes/origin/HEAD [2ms]
2024-09-11 23:22:48.894 [info] fatal: ref refs/remotes/origin/HEAD is not a symbolic ref
2024-09-11 23:22:51.874 [info] > git log --format=%H%n%aN%n%aE%n%at%n%ct%n%P%n%D%n%B -z -n142 --follow -- /root/repos/sample_website/tags.html [5ms]
2024-09-11 23:22:52.076 [info] > git show --textconv :tags.html [4ms]
2024-09-11 23:22:52.078 [info] > git ls-files --stage -- /root/repos/sample_website/tags.html [3ms]
2024-09-11 23:22:52.083 [info] > git cat-file -s 42523e4d1ec6da806d908399aec6235f558ee1f5 [2ms]
2024-09-11 23:23:18.532 [info] > git log --format=%H%n%aN%n%aE%n%at%n%ct%n%P%n%D%n%B -z -n142 --follow -- /root/repos/sample_website/index.html [23ms]
2024-09-11 23:23:18.543 [info] > git config --get commit.template [14ms]
2024-09-11 23:23:18.555 [info] > git for-each-ref --format=%(refname)%00%(upstream:short)%00%(objectname)%00%(upstream:track)%00%(upstream:remotename)%00%(upstream:remoteref) refs/heads/main refs/remotes/main [4ms]
2024-09-11 23:23:18.564 [info] > git status -z -uall [3ms]
2024-09-11 23:23:18.572 [info] > git for-each-ref --format=%(refname)%00%(upstream:short)%00%(objectname)%00%(upstream:track)%00%(upstream:remotename)%00%(upstream:remoteref) refs/heads/main refs/remotes/main [2ms]
2024-09-11 23:23:18.581 [info] > git config --local branch.main.vscode-merge-base [3ms]
2024-09-11 23:23:18.581 [warning] [Git][config] git config failed: Failed to execute git
2024-09-11 23:23:18.588 [info] > git reflog main --grep-reflog=branch: Created from *. [3ms]
2024-09-11 23:23:18.593 [info] > git symbolic-ref --short refs/remotes/origin/HEAD [2ms]
2024-09-11 23:23:18.594 [info] fatal: ref refs/remotes/origin/HEAD is not a symbolic ref
2024-09-11 23:23:18.660 [info] > git show --textconv :index.html [4ms]
2024-09-11 23:23:18.661 [info] > git ls-files --stage -- /root/repos/sample_website/index.html [2ms]
2024-09-11 23:23:18.670 [info] > git cat-file -s 6edced8c47b953d1363096cc6b12f67a4bf356cd [4ms]
2024-09-11 23:25:57.172 [info] > git config --get commit.template [5ms]
2024-09-11 23:25:57.173 [info] > git for-each-ref --format=%(refname)%00%(upstream:short)%00%(objectname)%00%(upstream:track)%00%(upstream:remotename)%00%(upstream:remoteref) refs/heads/main refs/remotes/main [2ms]
2024-09-11 23:25:57.180 [info] > git status -z -uall [2ms]
2024-09-11 23:25:57.186 [info] > git for-each-ref --format=%(refname)%00%(upstream:short)%00%(objectname)%00%(upstream:track)%00%(upstream:remotename)%00%(upstream:remoteref) refs/heads/main refs/remotes/main [2ms]
2024-09-11 23:25:57.193 [info] > git config --local branch.main.vscode-merge-base [2ms]
2024-09-11 23:25:57.194 [warning] [Git][config] git config failed: Failed to execute git
2024-09-11 23:25:57.201 [info] > git reflog main --grep-reflog=branch: Created from *. [2ms]
2024-09-11 23:25:57.206 [info] > git symbolic-ref --short refs/remotes/origin/HEAD [1ms]
2024-09-11 23:25:57.206 [info] fatal: ref refs/remotes/origin/HEAD is not a symbolic ref
2024-09-11 23:25:58.613 [info] > git log --format=%H%n%aN%n%aE%n%at%n%ct%n%P%n%D%n%B -z -n123 --follow -- /root/repos/sample_website/index.html [6ms]
2024-09-11 23:25:58.758 [info] > git show --textconv :index.html [4ms]
2024-09-11 23:25:58.759 [info] > git ls-files --stage -- /root/repos/sample_website/index.html [2ms]
2024-09-11 23:25:58.764 [info] > git cat-file -s 6edced8c47b953d1363096cc6b12f67a4bf356cd [2ms]
2024-09-11 23:26:24.152 [info] > git log --format=%H%n%aN%n%aE%n%at%n%ct%n%P%n%D%n%B -z -n123 --follow -- /root/repos/sample_website/tags.html [18ms]
2024-09-11 23:26:24.298 [info] > git show --textconv :tags.html [4ms]
2024-09-11 23:26:24.299 [info] > git ls-files --stage -- /root/repos/sample_website/tags.html [2ms]
2024-09-11 23:26:24.305 [info] > git cat-file -s 42523e4d1ec6da806d908399aec6235f558ee1f5 [2ms]
2024-09-11 23:26:56.821 [info] > git config --get commit.template [4ms]
2024-09-11 23:26:56.827 [info] > git for-each-ref --format=%(refname)%00%(upstream:short)%00%(objectname)%00%(upstream:track)%00%(upstream:remotename)%00%(upstream:remoteref) refs/heads/main refs/remotes/main [3ms]
2024-09-11 23:26:56.836 [info] > git status -z -uall [2ms]
2024-09-11 23:26:56.842 [info] > git for-each-ref --format=%(refname)%00%(upstream:short)%00%(objectname)%00%(upstream:track)%00%(upstream:remotename)%00%(upstream:remoteref) refs/heads/main refs/remotes/main [2ms]
2024-09-11 23:26:56.849 [info] > git config --local branch.main.vscode-merge-base [2ms]
2024-09-11 23:26:56.849 [warning] [Git][config] git config failed: Failed to execute git
2024-09-11 23:26:56.856 [info] > git reflog main --grep-reflog=branch: Created from *. [3ms]
2024-09-11 23:26:56.860 [info] > git symbolic-ref --short refs/remotes/origin/HEAD [2ms]
2024-09-11 23:26:56.860 [info] fatal: ref refs/remotes/origin/HEAD is not a symbolic ref
2024-09-11 23:27:00.754 [info] > git log --format=%H%n%aN%n%aE%n%at%n%ct%n%P%n%D%n%B -z -n123 --follow -- /root/repos/sample_website/tags.html [4ms]
2024-09-11 23:27:00.912 [info] > git show --textconv :tags.html [5ms]
2024-09-11 23:27:00.913 [info] > git ls-files --stage -- /root/repos/sample_website/tags.html [2ms]
2024-09-11 23:27:00.919 [info] > git cat-file -s 42523e4d1ec6da806d908399aec6235f558ee1f5 [1ms]
2024-09-11 23:27:04.905 [info] > git log --format=%H%n%aN%n%aE%n%at%n%ct%n%P%n%D%n%B -z -n123 --follow -- /root/repos/sample_website/moby_dick.html [11ms]
2024-09-11 23:27:05.066 [info] > git show --textconv :moby_dick.html [4ms]
2024-09-11 23:27:05.067 [info] > git ls-files --stage -- /root/repos/sample_website/moby_dick.html [2ms]
2024-09-11 23:27:21.898 [info] > git log --format=%H%n%aN%n%aE%n%at%n%ct%n%P%n%D%n%B -z -n123 --follow -- /root/repos/sample_website/tags.html [9ms]
2024-09-11 23:27:22.028 [info] > git show --textconv :tags.html [4ms]
2024-09-11 23:27:22.029 [info] > git ls-files --stage -- /root/repos/sample_website/tags.html [2ms]
2024-09-11 23:27:22.034 [info] > git cat-file -s 42523e4d1ec6da806d908399aec6235f558ee1f5 [2ms]
2024-09-11 23:27:25.524 [info] > git log --format=%H%n%aN%n%aE%n%at%n%ct%n%P%n%D%n%B -z -n123 --follow -- /root/repos/sample_website/moby_dick.html [10ms]
2024-09-11 23:27:25.668 [info] > git show --textconv :moby_dick.html [7ms]
2024-09-11 23:27:25.670 [info] > git ls-files --stage -- /root/repos/sample_website/moby_dick.html [3ms]
2024-09-11 23:27:35.553 [info] > git config --get commit.template [5ms]
2024-09-11 23:27:35.566 [info] > git for-each-ref --format=%(refname)%00%(upstream:short)%00%(objectname)%00%(upstream:track)%00%(upstream:remotename)%00%(upstream:remoteref) refs/heads/main refs/remotes/main [4ms]
2024-09-11 23:27:35.574 [info] > git status -z -uall [2ms]
2024-09-11 23:27:35.581 [info] > git for-each-ref --format=%(refname)%00%(upstream:short)%00%(objectname)%00%(upstream:track)%00%(upstream:remotename)%00%(upstream:remoteref) refs/heads/main refs/remotes/main [2ms]
2024-09-11 23:27:35.589 [info] > git config --local branch.main.vscode-merge-base [3ms]
2024-09-11 23:27:35.589 [warning] [Git][config] git config failed: Failed to execute git
2024-09-11 23:27:35.595 [info] > git reflog main --grep-reflog=branch: Created from *. [3ms]
2024-09-11 23:27:35.599 [info] > git symbolic-ref --short refs/remotes/origin/HEAD [1ms]
2024-09-11 23:27:35.599 [info] fatal: ref refs/remotes/origin/HEAD is not a symbolic ref
2024-09-11 23:27:40.044 [info] > git log --format=%H%n%aN%n%aE%n%at%n%ct%n%P%n%D%n%B -z -n123 --follow -- /root/repos/sample_website/moby_dick.html [3ms]
2024-09-11 23:27:40.202 [info] > git show --textconv :moby_dick.html [3ms]
2024-09-11 23:27:40.203 [info] > git ls-files --stage -- /root/repos/sample_website/moby_dick.html [2ms]
2024-09-11 23:27:43.362 [info] > git config --get commit.template [13ms]
2024-09-11 23:27:43.366 [info] > git for-each-ref --format=%(refname)%00%(upstream:short)%00%(objectname)%00%(upstream:track)%00%(upstream:remotename)%00%(upstream:remoteref) refs/heads/main refs/remotes/main [6ms]
2024-09-11 23:27:43.378 [info] > git status -z -uall [4ms]
2024-09-11 23:27:43.390 [info] > git for-each-ref --format=%(refname)%00%(upstream:short)%00%(objectname)%00%(upstream:track)%00%(upstream:remotename)%00%(upstream:remoteref) refs/heads/main refs/remotes/main [4ms]
2024-09-11 23:27:43.399 [info] > git config --local branch.main.vscode-merge-base [1ms]
2024-09-11 23:27:43.399 [warning] [Git][config] git config failed: Failed to execute git
2024-09-11 23:27:43.405 [info] > git reflog main --grep-reflog=branch: Created from *. [3ms]
2024-09-11 23:27:43.410 [info] > git symbolic-ref --short refs/remotes/origin/HEAD [2ms]
2024-09-11 23:27:43.410 [info] fatal: ref refs/remotes/origin/HEAD is not a symbolic ref
2024-09-11 23:28:28.273 [info] > git config --get commit.template [5ms]
2024-09-11 23:28:28.275 [info] > git for-each-ref --format=%(refname)%00%(upstream:short)%00%(objectname)%00%(upstream:track)%00%(upstream:remotename)%00%(upstream:remoteref) refs/heads/main refs/remotes/main [2ms]
2024-09-11 23:28:28.283 [info] > git status -z -uall [3ms]
2024-09-11 23:28:28.290 [info] > git for-each-ref --format=%(refname)%00%(upstream:short)%00%(objectname)%00%(upstream:track)%00%(upstream:remotename)%00%(upstream:remoteref) refs/heads/main refs/remotes/main [3ms]
2024-09-11 23:28:28.295 [info] > git config --local branch.main.vscode-merge-base [1ms]
2024-09-11 23:28:28.295 [warning] [Git][config] git config failed: Failed to execute git
2024-09-11 23:28:28.302 [info] > git reflog main --grep-reflog=branch: Created from *. [3ms]
2024-09-11 23:28:28.309 [info] > git symbolic-ref --short refs/remotes/origin/HEAD [2ms]
2024-09-11 23:28:28.309 [info] fatal: ref refs/remotes/origin/HEAD is not a symbolic ref
2024-09-11 23:28:28.886 [info] > git log --format=%H%n%aN%n%aE%n%at%n%ct%n%P%n%D%n%B -z -n123 --follow -- /root/repos/sample_website/moby_dick.html [6ms]
2024-09-11 23:28:29.372 [info] > git config --get commit.template [6ms]
2024-09-11 23:28:29.374 [info] > git for-each-ref --format=%(refname)%00%(upstream:short)%00%(objectname)%00%(upstream:track)%00%(upstream:remotename)%00%(upstream:remoteref) refs/heads/main refs/remotes/main [4ms]
2024-09-11 23:28:29.384 [info] > git status -z -uall [3ms]
2024-09-11 23:28:29.389 [info] > git for-each-ref --format=%(refname)%00%(upstream:short)%00%(objectname)%00%(upstream:track)%00%(upstream:remotename)%00%(upstream:remoteref) refs/heads/main refs/remotes/main [2ms]
2024-09-11 23:28:29.395 [info] > git config --local branch.main.vscode-merge-base [3ms]
2024-09-11 23:28:29.395 [warning] [Git][config] git config failed: Failed to execute git
2024-09-11 23:28:29.400 [info] > git reflog main --grep-reflog=branch: Created from *. [2ms]
2024-09-11 23:28:29.404 [info] > git symbolic-ref --short refs/remotes/origin/HEAD [1ms]
2024-09-11 23:28:29.405 [info] fatal: ref refs/remotes/origin/HEAD is not a symbolic ref
2024-09-11 23:28:29.475 [info] > git ls-files --stage -- /root/repos/sample_website/moby_dick.html [3ms]
2024-09-11 23:28:29.483 [info] > git cat-file -s a445b2df735a09c18d59dff09127a16673fcdf5c [3ms]
2024-09-11 23:28:29.501 [info] > git show --textconv :moby_dick.html [4ms]
2024-09-11 23:28:59.317 [info] > git config --get commit.template [3ms]
2024-09-11 23:28:59.318 [info] > git for-each-ref --format=%(refname)%00%(upstream:short)%00%(objectname)%00%(upstream:track)%00%(upstream:remotename)%00%(upstream:remoteref) refs/heads/main refs/remotes/main [2ms]
2024-09-11 23:28:59.327 [info] > git status -z -uall [2ms]
2024-09-11 23:28:59.334 [info] > git for-each-ref --format=%(refname)%00%(upstream:short)%00%(objectname)%00%(upstream:track)%00%(upstream:remotename)%00%(upstream:remoteref) refs/heads/main refs/remotes/main [3ms]
2024-09-11 23:28:59.340 [info] > git config --local branch.main.vscode-merge-base [3ms]
2024-09-11 23:28:59.340 [warning] [Git][config] git config failed: Failed to execute git
2024-09-11 23:28:59.346 [info] > git reflog main --grep-reflog=branch: Created from *. [2ms]
2024-09-11 23:28:59.350 [info] > git symbolic-ref --short refs/remotes/origin/HEAD [1ms]
2024-09-11 23:28:59.350 [info] fatal: ref refs/remotes/origin/HEAD is not a symbolic ref
2024-09-11 23:28:59.356 [info] > git merge-base refs/heads/main refs/remotes/origin/main [2ms]
2024-09-11 23:28:59.361 [info] > git rev-list --count --left-right refs/heads/main...refs/remotes/origin/main [2ms]
2024-09-11 23:28:59.368 [info] > git diff --name-status -z --diff-filter=ADMR b1d5dae72ebaf131291d43b395138d63a579116d...refs/remotes/origin/main [2ms]
2024-09-11 23:28:59.818 [info] > git rev-list --count index.. -- /root/repos/sample_website/moby_dick.html [2ms]
2024-09-11 23:28:59.818 [info] fatal: bad revision 'index..'
2024-09-11 23:28:59.827 [info] > git log --format=%H%n%aN%n%aE%n%at%n%ct%n%P%n%D%n%B -z --follow -- /root/repos/sample_website/moby_dick.html [5ms]
2024-09-11 23:29:00.419 [info] > git ls-files --stage -- /root/repos/sample_website/moby_dick.html [2ms]
2024-09-11 23:29:00.424 [info] > git cat-file -s a445b2df735a09c18d59dff09127a16673fcdf5c [2ms]
2024-09-11 23:29:00.433 [info] > git show --textconv :moby_dick.html [2ms]
2024-09-11 23:29:07.437 [info] > git config --get commit.template [4ms]
2024-09-11 23:29:07.438 [info] > git for-each-ref --format=%(refname)%00%(upstream:short)%00%(objectname)%00%(upstream:track)%00%(upstream:remotename)%00%(upstream:remoteref) refs/heads/main refs/remotes/main [1ms]
2024-09-11 23:29:07.446 [info] > git status -z -uall [3ms]
2024-09-11 23:29:07.457 [info] > git for-each-ref --format=%(refname)%00%(upstream:short)%00%(objectname)%00%(upstream:track)%00%(upstream:remotename)%00%(upstream:remoteref) refs/heads/main refs/remotes/main [5ms]
2024-09-11 23:29:07.463 [info] > git config --local branch.main.vscode-merge-base [2ms]
2024-09-11 23:29:07.463 [warning] [Git][config] git config failed: Failed to execute git
2024-09-11 23:29:07.469 [info] > git reflog main --grep-reflog=branch: Created from *. [2ms]
2024-09-11 23:29:07.477 [info] > git symbolic-ref --short refs/remotes/origin/HEAD [3ms]
2024-09-11 23:29:07.477 [info] fatal: ref refs/remotes/origin/HEAD is not a symbolic ref
2024-09-11 23:29:07.482 [info] > git merge-base refs/heads/main refs/remotes/origin/main [2ms]
2024-09-11 23:29:07.488 [info] > git rev-list --count --left-right refs/heads/main...refs/remotes/origin/main [2ms]
2024-09-11 23:29:07.493 [info] > git diff --name-status -z --diff-filter=ADMR 0fa58782567d39b78a79b05ba4215ba60fff69b9...refs/remotes/origin/main [2ms]
2024-09-11 23:29:08.080 [info] > git rev-list --count 0fa58782567d39b78a79b05ba4215ba60fff69b9.. -- /root/repos/sample_website/moby_dick.html [3ms]
2024-09-11 23:29:08.097 [info] > git log --format=%H%n%aN%n%aE%n%at%n%ct%n%P%n%D%n%B -z -n2 --follow -- /root/repos/sample_website/moby_dick.html [9ms]
2024-09-11 23:29:08.573 [info] > git config --get commit.template [4ms]
2024-09-11 23:29:08.574 [info] > git for-each-ref --format=%(refname)%00%(upstream:short)%00%(objectname)%00%(upstream:track)%00%(upstream:remotename)%00%(upstream:remoteref) refs/heads/main refs/remotes/main [2ms]
2024-09-11 23:29:08.580 [info] > git status -z -uall [2ms]
2024-09-11 23:29:08.586 [info] > git for-each-ref --format=%(refname)%00%(upstream:short)%00%(objectname)%00%(upstream:track)%00%(upstream:remotename)%00%(upstream:remoteref) refs/heads/main refs/remotes/main [2ms]
2024-09-11 23:29:08.592 [info] > git config --local branch.main.vscode-merge-base [2ms]
2024-09-11 23:29:08.592 [warning] [Git][config] git config failed: Failed to execute git
2024-09-11 23:29:08.599 [info] > git reflog main --grep-reflog=branch: Created from *. [3ms]
2024-09-11 23:29:08.603 [info] > git symbolic-ref --short refs/remotes/origin/HEAD [1ms]
2024-09-11 23:29:08.603 [info] fatal: ref refs/remotes/origin/HEAD is not a symbolic ref
2024-09-11 23:29:08.675 [info] > git ls-files --stage -- /root/repos/sample_website/moby_dick.html [1ms]
2024-09-11 23:29:08.679 [info] > git cat-file -s a445b2df735a09c18d59dff09127a16673fcdf5c [2ms]
2024-09-11 23:29:08.690 [info] > git show --textconv :moby_dick.html [3ms]
2024-09-11 23:29:31.446 [info] > git config --get commit.template [4ms]
2024-09-11 23:29:31.448 [info] > git for-each-ref --format=%(refname)%00%(upstream:short)%00%(objectname)%00%(upstream:track)%00%(upstream:remotename)%00%(upstream:remoteref) refs/heads/main refs/remotes/main [2ms]
2024-09-11 23:29:31.454 [info] > git status -z -uall [2ms]
2024-09-11 23:29:31.463 [info] > git for-each-ref --format=%(refname)%00%(upstream:short)%00%(objectname)%00%(upstream:track)%00%(upstream:remotename)%00%(upstream:remoteref) refs/heads/main refs/remotes/main [5ms]
2024-09-11 23:29:31.469 [info] > git config --local branch.main.vscode-merge-base [2ms]
2024-09-11 23:29:31.469 [warning] [Git][config] git config failed: Failed to execute git
2024-09-11 23:29:31.476 [info] > git reflog main --grep-reflog=branch: Created from *. [4ms]
2024-09-11 23:29:31.480 [info] > git symbolic-ref --short refs/remotes/origin/HEAD [2ms]
2024-09-11 23:29:31.480 [info] fatal: ref refs/remotes/origin/HEAD is not a symbolic ref
2024-09-11 23:29:31.626 [info] > git log --format=%H%n%aN%n%aE%n%at%n%ct%n%P%n%D%n%B -z -n123 --follow -- /root/repos/sample_website/tags.html [7ms]
2024-09-11 23:29:31.856 [info] > git show --textconv :tags.html [5ms]
2024-09-11 23:29:31.857 [info] > git ls-files --stage -- /root/repos/sample_website/tags.html [2ms]
2024-09-11 23:29:31.862 [info] > git cat-file -s 7758b3c92a05e48b0548606f0b92fea5175d3ef2 [2ms]
2024-09-11 23:29:39.900 [info] > git log --format=%H%n%aN%n%aE%n%at%n%ct%n%P%n%D%n%B -z -n123 --follow -- /root/repos/sample_website/index.html [11ms]
2024-09-11 23:29:40.048 [info] > git show --textconv :index.html [6ms]
2024-09-11 23:29:40.049 [info] > git ls-files --stage -- /root/repos/sample_website/index.html [3ms]
2024-09-11 23:29:40.054 [info] > git cat-file -s 168ac07acd562cc41e862eb9af4926c331e7f21c [1ms]
2024-09-11 23:29:48.507 [info] > git config --get commit.template [2ms]
2024-09-11 23:29:48.512 [info] > git for-each-ref --format=%(refname)%00%(upstream:short)%00%(objectname)%00%(upstream:track)%00%(upstream:remotename)%00%(upstream:remoteref) refs/heads/main refs/remotes/main [2ms]
2024-09-11 23:29:48.520 [info] > git status -z -uall [2ms]
2024-09-11 23:29:48.526 [info] > git for-each-ref --format=%(refname)%00%(upstream:short)%00%(objectname)%00%(upstream:track)%00%(upstream:remotename)%00%(upstream:remoteref) refs/heads/main refs/remotes/main [2ms]
2024-09-11 23:29:48.532 [info] > git config --local branch.main.vscode-merge-base [3ms]
2024-09-11 23:29:48.532 [warning] [Git][config] git config failed: Failed to execute git
2024-09-11 23:29:48.540 [info] > git reflog main --grep-reflog=branch: Created from *. [3ms]
2024-09-11 23:29:48.545 [info] > git symbolic-ref --short refs/remotes/origin/HEAD [1ms]
2024-09-11 23:29:48.545 [info] fatal: ref refs/remotes/origin/HEAD is not a symbolic ref
2024-09-11 23:29:57.751 [info] > git config --get commit.template [7ms]
2024-09-11 23:29:57.753 [info] > git for-each-ref --format=%(refname)%00%(upstream:short)%00%(objectname)%00%(upstream:track)%00%(upstream:remotename)%00%(upstream:remoteref) refs/heads/main refs/remotes/main [4ms]
2024-09-11 23:29:57.765 [info] > git status -z -uall [3ms]
2024-09-11 23:29:57.771 [info] > git for-each-ref --format=%(refname)%00%(upstream:short)%00%(objectname)%00%(upstream:track)%00%(upstream:remotename)%00%(upstream:remoteref) refs/heads/main refs/remotes/main [2ms]
2024-09-11 23:29:57.778 [info] > git config --local branch.main.vscode-merge-base [2ms]
2024-09-11 23:29:57.778 [warning] [Git][config] git config failed: Failed to execute git
2024-09-11 23:29:57.784 [info] > git reflog main --grep-reflog=branch: Created from *. [2ms]
2024-09-11 23:29:57.788 [info] > git symbolic-ref --short refs/remotes/origin/HEAD [2ms]
2024-09-11 23:29:57.788 [info] fatal: ref refs/remotes/origin/HEAD is not a symbolic ref
