2024-09-13 20:55:21.563 [info] [main] ログ レベル: Info
2024-09-13 20:55:21.563 [info] [main] Git の検証が検出されました: "git"
2024-09-13 20:55:21.563 [info] [main] "git" から Git "2.34.1" を使用しています
2024-09-13 20:55:21.563 [info] [Model][doInitialScan] Initial repository scan started
2024-09-13 20:55:21.563 [info] > git rev-parse --show-toplevel [12ms]
2024-09-13 20:55:21.601 [info] > git rev-parse --show-toplevel [32ms]
2024-09-13 20:55:21.618 [info] > git rev-parse --git-dir --git-common-dir [10ms]
2024-09-13 20:55:21.650 [info] [Model][openRepository] Opened repository: /root/repos/sample_website
2024-09-13 20:55:21.782 [info] > git rev-parse --show-toplevel [119ms]
2024-09-13 20:55:21.783 [info] > git config --get commit.template [125ms]
2024-09-13 20:55:21.851 [info] > git for-each-ref --format=%(refname)%00%(upstream:short)%00%(objectname)%00%(upstream:track)%00%(upstream:remotename)%00%(upstream:remoteref) refs/heads/main refs/remotes/main [27ms]
2024-09-13 20:55:21.859 [info] > git rev-parse --show-toplevel [29ms]
2024-09-13 20:55:21.890 [info] > git rev-parse --git-dir --git-common-dir [21ms]
2024-09-13 20:55:21.905 [info] [Model][openRepository] Opened repository: /root/repos/website
2024-09-13 20:55:21.918 [info] [Model][doInitialScan] Initial repository scan completed - repositories (2), closed repositories (0), parent repositories (1), unsafe repositories (0)
2024-09-13 20:55:21.930 [info] > git status -z -uall [42ms]
2024-09-13 20:55:21.980 [info] > git for-each-ref --format=%(refname)%00%(upstream:short)%00%(objectname)%00%(upstream:track)%00%(upstream:remotename)%00%(upstream:remoteref) refs/heads/main refs/remotes/main [30ms]
2024-09-13 20:55:21.987 [info] > git config --get commit.template [63ms]
2024-09-13 20:55:21.988 [info] > git log --format=%H%n%aN%n%aE%n%at%n%ct%n%P%n%D%n%B -z -n123 --follow -- /root/repos/sample_website/index.html [110ms]
2024-09-13 20:55:22.134 [info] > git config --local branch.main.vscode-merge-base [147ms]
2024-09-13 20:55:22.134 [warning] [Git][config] git config failed: Failed to execute git
2024-09-13 20:55:22.138 [info] > git config --get commit.template [171ms]
2024-09-13 20:55:22.151 [info] > git reflog main --grep-reflog=branch: Created from *. [12ms]
2024-09-13 20:55:22.159 [info] > git for-each-ref --format=%(refname)%00%(upstream:short)%00%(objectname)%00%(upstream:track)%00%(upstream:remotename)%00%(upstream:remoteref) refs/heads/main refs/remotes/main [10ms]
2024-09-13 20:55:22.159 [info] > git for-each-ref --format=%(refname)%00%(upstream:short)%00%(objectname)%00%(upstream:track)%00%(upstream:remotename)%00%(upstream:remoteref) refs/heads/main refs/remotes/main [17ms]
2024-09-13 20:55:22.162 [info] > git symbolic-ref --short refs/remotes/origin/HEAD [8ms]
2024-09-13 20:55:22.162 [info] fatal: ref refs/remotes/origin/HEAD is not a symbolic ref
2024-09-13 20:55:22.180 [info] > git status -z -uall [6ms]
2024-09-13 20:55:22.189 [info] > git merge-base refs/heads/main refs/remotes/origin/main [22ms]
2024-09-13 20:55:22.196 [info] > git status -z -uall [19ms]
2024-09-13 20:55:22.197 [info] > git for-each-ref --format=%(refname)%00%(upstream:short)%00%(objectname)%00%(upstream:track)%00%(upstream:remotename)%00%(upstream:remoteref) refs/heads/main refs/remotes/main [12ms]
2024-09-13 20:55:22.403 [info] > git for-each-ref --format=%(refname)%00%(upstream:short)%00%(objectname)%00%(upstream:track)%00%(upstream:remotename)%00%(upstream:remoteref) refs/heads/main refs/remotes/main [194ms]
2024-09-13 20:55:22.408 [info] > git config --local branch.main.vscode-merge-base [205ms]
2024-09-13 20:55:22.408 [warning] [Git][config] git config failed: Failed to execute git
2024-09-13 20:55:22.412 [info] > git rev-list --count --left-right refs/heads/main...refs/remotes/origin/main [219ms]
2024-09-13 20:55:22.438 [info] > git diff --name-status -z --diff-filter=ADMR 0fa58782567d39b78a79b05ba4215ba60fff69b9...refs/remotes/origin/main [20ms]
2024-09-13 20:55:22.439 [info] > git reflog main --grep-reflog=branch: Created from *. [27ms]
2024-09-13 20:55:22.448 [info] > git config --local branch.main.vscode-merge-base [40ms]
2024-09-13 20:55:22.448 [warning] [Git][config] git config failed: Failed to execute git
2024-09-13 20:55:22.454 [info] > git config --get commit.template [65ms]
2024-09-13 20:55:22.481 [info] > git symbolic-ref --short refs/remotes/origin/HEAD [34ms]
2024-09-13 20:55:22.481 [info] fatal: ref refs/remotes/origin/HEAD is not a symbolic ref
2024-09-13 20:55:22.563 [info] > git check-ignore -v -z --stdin [75ms]
2024-09-13 20:55:22.565 [info] > git check-ignore -v -z --stdin [73ms]
2024-09-13 20:55:22.570 [info] > git rev-list --count bd64a74df81b23a2f17dc9444f0b8be128034f3a.. -- /root/repos/sample_website/index.html [101ms]
2024-09-13 20:55:22.580 [info] > git for-each-ref --format=%(refname)%00%(upstream:short)%00%(objectname)%00%(upstream:track)%00%(upstream:remotename)%00%(upstream:remoteref) refs/heads/main refs/remotes/main [77ms]
2024-09-13 20:55:22.581 [info] > git reflog main --grep-reflog=branch: Created from *. [128ms]
2024-09-13 20:55:22.587 [info] > git log --format=%H%n%aN%n%aE%n%at%n%ct%n%P%n%D%n%B -z -n9 --follow -- /root/repos/sample_website/index.html [13ms]
2024-09-13 20:55:22.609 [info] > git symbolic-ref --short refs/remotes/origin/HEAD [24ms]
2024-09-13 20:55:22.609 [info] fatal: ref refs/remotes/origin/HEAD is not a symbolic ref
2024-09-13 20:55:22.636 [info] > git show --textconv :index.html [12ms]
2024-09-13 20:55:22.637 [info] > git merge-base refs/heads/main refs/remotes/origin/main [22ms]
2024-09-13 20:55:22.642 [info] > git status -z -uall [8ms]
2024-09-13 20:55:22.655 [info] > git ls-files --stage -- /root/repos/sample_website/index.html [27ms]
2024-09-13 20:55:22.663 [info] > git for-each-ref --format=%(refname)%00%(upstream:short)%00%(objectname)%00%(upstream:track)%00%(upstream:remotename)%00%(upstream:remoteref) refs/heads/main refs/remotes/main [11ms]
2024-09-13 20:55:22.668 [info] > git rev-list --count --left-right refs/heads/main...refs/remotes/origin/main [28ms]
2024-09-13 20:55:22.678 [info] > git config --local branch.main.vscode-merge-base [10ms]
2024-09-13 20:55:22.678 [warning] [Git][config] git config failed: Failed to execute git
2024-09-13 20:55:22.685 [info] > git cat-file -s 168ac07acd562cc41e862eb9af4926c331e7f21c [24ms]
2024-09-13 20:55:22.689 [info] > git diff --name-status -z --diff-filter=ADMR 72dc4a4c8e486eb6c2a7dc79d5735c7b7256f412...refs/remotes/origin/main [14ms]
2024-09-13 20:55:22.691 [info] > git reflog main --grep-reflog=branch: Created from *. [7ms]
2024-09-13 20:55:22.698 [info] > git symbolic-ref --short refs/remotes/origin/HEAD [3ms]
2024-09-13 20:55:22.698 [info] fatal: ref refs/remotes/origin/HEAD is not a symbolic ref
2024-09-13 23:01:04.991 [info] > git log --format=%H%n%aN%n%aE%n%at%n%ct%n%P%n%D%n%B -z -n141 --follow -- /root/repos/sample_website/moby_dick.html [149ms]
2024-09-13 23:01:05.099 [info] > git show --textconv :moby_dick.html [8ms]
2024-09-13 23:01:05.101 [info] > git ls-files --stage -- /root/repos/sample_website/moby_dick.html [4ms]
2024-09-13 23:01:05.112 [info] > git cat-file -s a445b2df735a09c18d59dff09127a16673fcdf5c [5ms]
2024-09-13 23:02:15.475 [info] > git rev-parse --show-toplevel [4ms]
2024-09-13 23:03:02.450 [info] > git show --textconv :moby_dick.html [5ms]
2024-09-13 23:03:02.451 [info] > git ls-files --stage -- /root/repos/sample_website/moby_dick.html [2ms]
2024-09-13 23:03:02.456 [info] > git cat-file -s a445b2df735a09c18d59dff09127a16673fcdf5c [1ms]
2024-09-13 23:03:11.594 [info] > git show --textconv :index.html [6ms]
2024-09-13 23:03:11.596 [info] > git ls-files --stage -- /root/repos/sample_website/index.html [3ms]
2024-09-13 23:03:11.603 [info] > git cat-file -s 168ac07acd562cc41e862eb9af4926c331e7f21c [2ms]
2024-09-13 23:04:30.083 [info] > git rev-parse --show-toplevel [2ms]
2024-09-13 23:04:32.198 [info] > git show --textconv :index.html [4ms]
2024-09-13 23:04:32.199 [info] > git ls-files --stage -- /root/repos/sample_website/index.html [2ms]
2024-09-13 23:04:32.204 [info] > git cat-file -s 168ac07acd562cc41e862eb9af4926c331e7f21c [2ms]
2024-09-13 23:04:33.371 [info] > git show --textconv :moby_dick.html [4ms]
2024-09-13 23:04:33.372 [info] > git ls-files --stage -- /root/repos/sample_website/moby_dick.html [2ms]
2024-09-13 23:04:33.377 [info] > git cat-file -s a445b2df735a09c18d59dff09127a16673fcdf5c [1ms]
2024-09-13 23:04:45.062 [info] > git config --get commit.template [6ms]
2024-09-13 23:04:45.064 [info] > git for-each-ref --format=%(refname)%00%(upstream:short)%00%(objectname)%00%(upstream:track)%00%(upstream:remotename)%00%(upstream:remoteref) refs/heads/main refs/remotes/main [3ms]
2024-09-13 23:04:45.075 [info] > git status -z -uall [6ms]
2024-09-13 23:04:45.088 [info] > git for-each-ref --format=%(refname)%00%(upstream:short)%00%(objectname)%00%(upstream:track)%00%(upstream:remotename)%00%(upstream:remoteref) refs/heads/main refs/remotes/main [4ms]
2024-09-13 23:04:45.095 [info] > git config --local branch.main.vscode-merge-base [3ms]
2024-09-13 23:04:45.095 [warning] [Git][config] git config failed: Failed to execute git
2024-09-13 23:04:45.103 [info] > git reflog main --grep-reflog=branch: Created from *. [4ms]
2024-09-13 23:04:45.109 [info] > git symbolic-ref --short refs/remotes/origin/HEAD [2ms]
2024-09-13 23:04:45.109 [info] fatal: ref refs/remotes/origin/HEAD is not a symbolic ref
2024-09-13 23:04:47.027 [info] > git log --format=%H%n%aN%n%aE%n%at%n%ct%n%P%n%D%n%B -z -n120 --follow -- /root/repos/sample_website/moby_dick.html [4ms]
2024-09-13 23:05:12.042 [info] > git log --format=%H%n%aN%n%aE%n%at%n%ct%n%P%n%D%n%B -z -n142 --follow -- /root/repos/sample_website/tags.html [7ms]
2024-09-13 23:05:12.220 [info] > git show --textconv :tags.html [6ms]
2024-09-13 23:05:12.222 [info] > git ls-files --stage -- /root/repos/sample_website/tags.html [2ms]
2024-09-13 23:05:12.230 [info] > git cat-file -s 7758b3c92a05e48b0548606f0b92fea5175d3ef2 [3ms]
2024-09-13 23:05:27.201 [info] > git log --format=%H%n%aN%n%aE%n%at%n%ct%n%P%n%D%n%B -z -n142 --follow -- /root/repos/sample_website/index.html [5ms]
2024-09-13 23:05:27.293 [info] > git show --textconv :index.html [5ms]
2024-09-13 23:05:27.294 [info] > git ls-files --stage -- /root/repos/sample_website/index.html [2ms]
2024-09-13 23:05:27.301 [info] > git cat-file -s 168ac07acd562cc41e862eb9af4926c331e7f21c [3ms]
2024-09-13 23:05:29.776 [info] > git log --format=%H%n%aN%n%aE%n%at%n%ct%n%P%n%D%n%B -z -n142 --follow -- /root/repos/sample_website/index.html [6ms]
2024-09-13 23:05:29.941 [info] > git show --textconv :index.html [7ms]
2024-09-13 23:05:29.942 [info] > git ls-files --stage -- /root/repos/sample_website/index.html [4ms]
2024-09-13 23:05:29.948 [info] > git cat-file -s 168ac07acd562cc41e862eb9af4926c331e7f21c [2ms]
2024-09-13 23:05:42.342 [info] > git log --format=%H%n%aN%n%aE%n%at%n%ct%n%P%n%D%n%B -z -n164 --follow -- /root/repos/sample_website/moby_dick.html [4ms]
2024-09-13 23:05:42.499 [info] > git show --textconv :moby_dick.html [5ms]
2024-09-13 23:05:42.502 [info] > git ls-files --stage -- /root/repos/sample_website/moby_dick.html [3ms]
2024-09-13 23:05:42.506 [info] > git cat-file -s a445b2df735a09c18d59dff09127a16673fcdf5c [2ms]
2024-09-13 23:05:43.782 [info] > git log --format=%H%n%aN%n%aE%n%at%n%ct%n%P%n%D%n%B -z -n164 --follow -- /root/repos/sample_website/index.html [6ms]
2024-09-13 23:05:43.975 [info] > git show --textconv :index.html [5ms]
2024-09-13 23:05:43.976 [info] > git ls-files --stage -- /root/repos/sample_website/index.html [2ms]
2024-09-13 23:05:43.981 [info] > git cat-file -s 168ac07acd562cc41e862eb9af4926c331e7f21c [2ms]
2024-09-13 23:18:18.361 [info] > git log --format=%H%n%aN%n%aE%n%at%n%ct%n%P%n%D%n%B -z -n164 --follow -- /root/repos/sample_website/moby_dick.html [11ms]
2024-09-13 23:18:18.503 [info] > git show --textconv :moby_dick.html [4ms]
2024-09-13 23:18:18.504 [info] > git ls-files --stage -- /root/repos/sample_website/moby_dick.html [2ms]
2024-09-13 23:18:18.511 [info] > git cat-file -s a445b2df735a09c18d59dff09127a16673fcdf5c [2ms]
2024-09-13 23:19:02.979 [info] > git config --get commit.template [10ms]
2024-09-13 23:19:02.980 [info] > git for-each-ref --format=%(refname)%00%(upstream:short)%00%(objectname)%00%(upstream:track)%00%(upstream:remotename)%00%(upstream:remoteref) refs/heads/main refs/remotes/main [4ms]
2024-09-13 23:19:02.996 [info] > git status -z -uall [4ms]
2024-09-13 23:19:03.010 [info] > git for-each-ref --format=%(refname)%00%(upstream:short)%00%(objectname)%00%(upstream:track)%00%(upstream:remotename)%00%(upstream:remoteref) refs/heads/main refs/remotes/main [6ms]
2024-09-13 23:19:03.018 [info] > git config --local branch.main.vscode-merge-base [3ms]
2024-09-13 23:19:03.019 [warning] [Git][config] git config failed: Failed to execute git
2024-09-13 23:19:03.025 [info] > git reflog main --grep-reflog=branch: Created from *. [2ms]
2024-09-13 23:19:03.030 [info] > git symbolic-ref --short refs/remotes/origin/HEAD [2ms]
2024-09-13 23:19:03.030 [info] fatal: ref refs/remotes/origin/HEAD is not a symbolic ref
2024-09-13 23:19:13.602 [info] > git log --format=%H%n%aN%n%aE%n%at%n%ct%n%P%n%D%n%B -z -n142 --follow -- /root/repos/sample_website/moby_dick.html [4ms]
2024-09-13 23:19:13.740 [info] > git show --textconv :moby_dick.html [7ms]
2024-09-13 23:19:13.742 [info] > git ls-files --stage -- /root/repos/sample_website/moby_dick.html [4ms]
2024-09-13 23:19:13.747 [info] > git cat-file -s a445b2df735a09c18d59dff09127a16673fcdf5c [2ms]
