2024-09-08 19:58:45.740 [info] [main] ログ レベル: Info
2024-09-08 19:58:45.740 [info] [main] Git の検証が検出されました: "git"
2024-09-08 19:58:45.740 [info] [main] "git" から Git "2.34.1" を使用しています
2024-09-08 19:58:45.740 [info] [Model][doInitialScan] Initial repository scan started
2024-09-08 19:58:45.740 [info] > git rev-parse --show-toplevel [15ms]
2024-09-08 19:58:45.741 [info] > git rev-parse --show-toplevel [3ms]
2024-09-08 19:58:45.747 [info] > git rev-parse --git-dir --git-common-dir [2ms]
2024-09-08 19:58:45.774 [info] [Model][openRepository] Opened repository: /root/repos/website/tmp/website-copy
2024-09-08 19:58:45.817 [info] > git rev-parse --show-toplevel [23ms]
2024-09-08 19:58:45.819 [info] > git config --get commit.template [30ms]
2024-09-08 19:58:45.834 [info] > git rev-parse --git-dir --git-common-dir [10ms]
2024-09-08 19:58:45.846 [info] [Model][openRepository] Opened repository: /root/repos/website
2024-09-08 19:58:45.852 [info] [Model][doInitialScan] Initial repository scan completed - repositories (2), closed repositories (0), parent repositories (1), unsafe repositories (0)
2024-09-08 19:58:45.862 [info] > git for-each-ref --format=%(refname)%00%(upstream:short)%00%(objectname)%00%(upstream:track)%00%(upstream:remotename)%00%(upstream:remoteref) refs/heads/main refs/remotes/main [31ms]
2024-09-08 19:58:45.867 [info] > git config --get commit.template [8ms]
2024-09-08 19:58:45.892 [info] > git status -z -uall [11ms]
2024-09-08 19:58:45.893 [info] > git for-each-ref --format=%(refname)%00%(upstream:short)%00%(objectname)%00%(upstream:track)%00%(upstream:remotename)%00%(upstream:remoteref) refs/heads/main refs/remotes/main [21ms]
2024-09-08 19:58:45.917 [info] > git for-each-ref --format=%(refname)%00%(upstream:short)%00%(objectname)%00%(upstream:track)%00%(upstream:remotename)%00%(upstream:remoteref) refs/heads/main refs/remotes/main [15ms]
2024-09-08 19:58:45.923 [info] > git config --get commit.template [8ms]
2024-09-08 19:58:45.929 [info] > git config --local branch.main.vscode-merge-base [7ms]
2024-09-08 19:58:46.044 [info] > git status -z -uall [117ms]
2024-09-08 19:58:46.083 [info] > git for-each-ref --format=%(refname)%00%(upstream:short)%00%(objectname)%00%(upstream:track)%00%(upstream:remotename)%00%(upstream:remoteref) refs/heads/main refs/remotes/main [30ms]
2024-09-08 19:58:46.088 [info] > git for-each-ref --format=%(refname)%00%(upstream:short)%00%(objectname)%00%(upstream:track)%00%(upstream:remotename)%00%(upstream:remoteref) refs/heads/main refs/remotes/main [148ms]
2024-09-08 19:58:46.088 [info] > git for-each-ref --format=%(refname)%00%(upstream:short)%00%(objectname)%00%(upstream:track)%00%(upstream:remotename)%00%(upstream:remoteref) refs/heads/origin/main refs/remotes/origin/main [153ms]
2024-09-08 19:58:46.096 [info] > git config --local branch.main.vscode-merge-base [9ms]
2024-09-08 19:58:46.097 [warning] [Git][config] git config failed: Failed to execute git
2024-09-08 19:58:46.102 [info] > git config --get commit.template [35ms]
2024-09-08 19:58:46.106 [info] > git merge-base refs/heads/main refs/remotes/origin/main [12ms]
2024-09-08 19:58:46.122 [info] > git reflog main --grep-reflog=branch: Created from *. [21ms]
2024-09-08 19:58:46.133 [info] > git for-each-ref --format=%(refname)%00%(upstream:short)%00%(objectname)%00%(upstream:track)%00%(upstream:remotename)%00%(upstream:remoteref) refs/heads/main refs/remotes/main [18ms]
2024-09-08 19:58:46.133 [info] > git rev-list --count --left-right refs/heads/main...refs/remotes/origin/main [22ms]
2024-09-08 19:58:46.141 [info] > git status -z -uall [11ms]
2024-09-08 19:58:46.150 [info] > git symbolic-ref --short refs/remotes/origin/HEAD [23ms]
2024-09-08 19:58:46.150 [info] fatal: ref refs/remotes/origin/HEAD is not a symbolic ref
2024-09-08 19:58:46.168 [info] > git merge-base refs/heads/main refs/remotes/origin/main [12ms]
2024-09-08 19:58:46.174 [info] > git for-each-ref --format=%(refname)%00%(upstream:short)%00%(objectname)%00%(upstream:track)%00%(upstream:remotename)%00%(upstream:remoteref) refs/heads/main refs/remotes/main [27ms]
2024-09-08 19:58:46.180 [info] > git diff --name-status -z --diff-filter=ADMR 80201a388465fb38aad2f1ca89239eed889dc2e6...refs/remotes/origin/main [43ms]
2024-09-08 19:58:46.184 [info] > git config --local branch.main.vscode-merge-base [4ms]
2024-09-08 19:58:46.191 [info] > git rev-list --count --left-right refs/heads/main...refs/remotes/origin/main [18ms]
2024-09-08 19:58:46.203 [info] > git for-each-ref --format=%(refname)%00%(upstream:short)%00%(objectname)%00%(upstream:track)%00%(upstream:remotename)%00%(upstream:remoteref) refs/heads/origin/main refs/remotes/origin/main [12ms]
2024-09-08 19:58:46.205 [info] > git diff --name-status -z --diff-filter=ADMR 56c86273ab8b103c3d6bba429aa9c649121daacd...refs/remotes/origin/main [9ms]
2024-09-08 19:58:46.211 [info] > git status -z -uall [10ms]
2024-09-08 19:58:46.359 [info] > git for-each-ref --format=%(refname)%00%(upstream:short)%00%(objectname)%00%(upstream:track)%00%(upstream:remotename)%00%(upstream:remoteref) refs/heads/main refs/remotes/main [141ms]
2024-09-08 19:58:46.396 [info] > git config --local branch.main.vscode-merge-base [32ms]
2024-09-08 19:58:46.396 [warning] [Git][config] git config failed: Failed to execute git
2024-09-08 19:58:46.414 [info] > git check-ignore -v -z --stdin [10ms]
2024-09-08 19:58:46.415 [info] > git check-ignore -v -z --stdin [8ms]
2024-09-08 19:58:46.418 [info] > git reflog main --grep-reflog=branch: Created from *. [19ms]
2024-09-08 19:58:46.425 [info] > git rev-parse --show-toplevel [15ms]
2024-09-08 19:58:46.428 [info] > git symbolic-ref --short refs/remotes/origin/HEAD [6ms]
2024-09-08 19:58:46.428 [info] fatal: ref refs/remotes/origin/HEAD is not a symbolic ref
2024-09-08 19:58:46.623 [info] > git show --textconv :about.html [5ms]
2024-09-08 19:58:46.625 [info] > git ls-files --stage -- /root/repos/website/tmp/website-copy/about.html [3ms]
2024-09-08 19:58:46.630 [info] > git cat-file -s 14658bb4c5dbb21cb353d382b782eb86d45e8bd0 [1ms]
2024-09-08 19:58:46.787 [info] > git rev-parse --show-toplevel [13ms]
2024-09-08 20:00:08.052 [info] > git for-each-ref --format=%(refname)%00%(upstream:short)%00%(objectname)%00%(upstream:track)%00%(upstream:remotename)%00%(upstream:remoteref) refs/heads/main refs/remotes/main [3ms]
2024-09-08 20:00:08.054 [info] > git config --get commit.template [12ms]
2024-09-08 20:00:08.064 [info] > git status -z -uall [3ms]
2024-09-08 20:00:08.073 [info] > git for-each-ref --format=%(refname)%00%(upstream:short)%00%(objectname)%00%(upstream:track)%00%(upstream:remotename)%00%(upstream:remoteref) refs/heads/main refs/remotes/main [3ms]
2024-09-08 20:00:08.079 [info] > git config --local branch.main.vscode-merge-base [1ms]
2024-09-08 20:00:08.085 [info] > git for-each-ref --format=%(refname)%00%(upstream:short)%00%(objectname)%00%(upstream:track)%00%(upstream:remotename)%00%(upstream:remoteref) refs/heads/origin/main refs/remotes/origin/main [2ms]
2024-09-08 20:01:32.137 [info] > git config --get commit.template [2ms]
2024-09-08 20:01:32.143 [info] > git for-each-ref --format=%(refname)%00%(upstream:short)%00%(objectname)%00%(upstream:track)%00%(upstream:remotename)%00%(upstream:remoteref) refs/heads/main refs/remotes/main [2ms]
2024-09-08 20:01:32.151 [info] > git status -z -uall [2ms]
2024-09-08 20:01:32.158 [info] > git for-each-ref --format=%(refname)%00%(upstream:short)%00%(objectname)%00%(upstream:track)%00%(upstream:remotename)%00%(upstream:remoteref) refs/heads/main refs/remotes/main [3ms]
2024-09-08 20:01:32.165 [info] > git config --local branch.main.vscode-merge-base [2ms]
2024-09-08 20:01:32.171 [info] > git for-each-ref --format=%(refname)%00%(upstream:short)%00%(objectname)%00%(upstream:track)%00%(upstream:remotename)%00%(upstream:remoteref) refs/heads/origin/main refs/remotes/origin/main [2ms]
2024-09-08 20:01:33.233 [info] > git config --get commit.template [5ms]
2024-09-08 20:01:33.243 [info] > git for-each-ref --format=%(refname)%00%(upstream:short)%00%(objectname)%00%(upstream:track)%00%(upstream:remotename)%00%(upstream:remoteref) refs/heads/main refs/remotes/main [2ms]
2024-09-08 20:01:33.254 [info] > git status -z -uall [3ms]
2024-09-08 20:01:33.270 [info] > git for-each-ref --format=%(refname)%00%(upstream:short)%00%(objectname)%00%(upstream:track)%00%(upstream:remotename)%00%(upstream:remoteref) refs/heads/main refs/remotes/main [4ms]
2024-09-08 20:01:33.281 [info] > git config --local branch.main.vscode-merge-base [4ms]
2024-09-08 20:01:33.293 [info] > git for-each-ref --format=%(refname)%00%(upstream:short)%00%(objectname)%00%(upstream:track)%00%(upstream:remotename)%00%(upstream:remoteref) refs/heads/origin/main refs/remotes/origin/main [4ms]
2024-09-08 20:01:33.339 [info] > git ls-files --stage -- /root/repos/website/tmp/website-copy/about.html [2ms]
2024-09-08 20:01:33.345 [info] > git cat-file -s 14658bb4c5dbb21cb353d382b782eb86d45e8bd0 [1ms]
2024-09-08 20:01:33.361 [info] > git show --textconv :about.html [3ms]
2024-09-08 20:01:53.248 [info] > git show --textconv :about.html [7ms]
2024-09-08 20:01:53.249 [info] > git ls-files --stage -- /root/repos/website/tmp/website-copy/about.html [2ms]
2024-09-08 20:01:53.255 [info] > git cat-file -s 14658bb4c5dbb21cb353d382b782eb86d45e8bd0 [3ms]
2024-09-08 20:02:02.931 [info] > git show --textconv :about.html [10ms]
2024-09-08 20:02:02.935 [info] > git ls-files --stage -- /root/repos/website/about.html [6ms]
2024-09-08 20:02:02.947 [info] > git cat-file -s 59aa96ed0380e6a5f5b445f64f2aa4d53004d75f [4ms]
2024-09-08 20:02:05.140 [info] > git show --textconv :about.html [5ms]
2024-09-08 20:02:05.141 [info] > git ls-files --stage -- /root/repos/website/about.html [2ms]
2024-09-08 20:02:05.146 [info] > git cat-file -s 59aa96ed0380e6a5f5b445f64f2aa4d53004d75f [1ms]
2024-09-08 20:02:06.313 [info] > git show --textconv :about.html [5ms]
2024-09-08 20:02:06.314 [info] > git ls-files --stage -- /root/repos/website/tmp/website-copy/about.html [2ms]
2024-09-08 20:02:06.320 [info] > git cat-file -s 14658bb4c5dbb21cb353d382b782eb86d45e8bd0 [3ms]
2024-09-08 20:02:07.371 [info] > git show --textconv :about.html [5ms]
2024-09-08 20:02:07.373 [info] > git ls-files --stage -- /root/repos/website/about.html [2ms]
2024-09-08 20:02:07.379 [info] > git cat-file -s 59aa96ed0380e6a5f5b445f64f2aa4d53004d75f [2ms]
2024-09-08 20:02:59.594 [info] > git show --textconv :index.html [8ms]
2024-09-08 20:02:59.597 [info] > git ls-files --stage -- /root/repos/website/index.html [6ms]
2024-09-08 20:02:59.602 [info] > git cat-file -s 630bd7a76c1430f1978df252cffffd4b6e9901c1 [1ms]
2024-09-08 20:04:14.030 [info] > git config --get commit.template [2ms]
2024-09-08 20:04:14.035 [info] > git for-each-ref --format=%(refname)%00%(upstream:short)%00%(objectname)%00%(upstream:track)%00%(upstream:remotename)%00%(upstream:remoteref) refs/heads/fix-trademark refs/remotes/fix-trademark [1ms]
2024-09-08 20:04:14.041 [info] > git status -z -uall [2ms]
2024-09-08 20:04:14.051 [info] > git for-each-ref --format=%(refname)%00%(upstream:short)%00%(objectname)%00%(upstream:track)%00%(upstream:remotename)%00%(upstream:remoteref) refs/heads/fix-trademark refs/remotes/fix-trademark [5ms]
2024-09-08 20:04:14.057 [info] > git config --local branch.fix-trademark.vscode-merge-base [2ms]
2024-09-08 20:04:14.058 [warning] [Git][config] git config failed: Failed to execute git
2024-09-08 20:04:14.065 [info] > git reflog fix-trademark --grep-reflog=branch: Created from *. [3ms]
2024-09-08 20:04:14.071 [info] > git reflog HEAD --grep-reflog=checkout: moving from .* to fix-trademark [2ms]
2024-09-08 20:04:14.077 [info] > git for-each-ref --format=%(refname)%00%(upstream:short)%00%(objectname)%00%(upstream:track)%00%(upstream:remotename)%00%(upstream:remoteref) refs/heads/main refs/remotes/main [2ms]
2024-09-08 20:04:14.082 [info] > git for-each-ref --format=%(refname)%00%(upstream:short)%00%(objectname)%00%(upstream:track)%00%(upstream:remotename)%00%(upstream:remoteref) refs/remotes/origin/main [1ms]
2024-09-08 20:04:14.089 [info] > git config --local branch.fix-trademark.vscode-merge-base origin/main [2ms]
2024-09-08 20:04:14.096 [info] > git config --get commit.template [2ms]
2024-09-08 20:04:14.102 [info] > git for-each-ref --format=%(refname)%00%(upstream:short)%00%(objectname)%00%(upstream:track)%00%(upstream:remotename)%00%(upstream:remoteref) refs/heads/fix-trademark refs/remotes/fix-trademark [1ms]
2024-09-08 20:04:14.107 [info] > git status -z -uall [2ms]
2024-09-08 20:04:14.113 [info] > git for-each-ref --format=%(refname)%00%(upstream:short)%00%(objectname)%00%(upstream:track)%00%(upstream:remotename)%00%(upstream:remoteref) refs/heads/fix-trademark refs/remotes/fix-trademark [2ms]
2024-09-08 20:04:14.119 [info] > git config --local branch.fix-trademark.vscode-merge-base [2ms]
2024-09-08 20:04:14.126 [info] > git for-each-ref --format=%(refname)%00%(upstream:short)%00%(objectname)%00%(upstream:track)%00%(upstream:remotename)%00%(upstream:remoteref) refs/heads/origin/main refs/remotes/origin/main [1ms]
2024-09-08 20:04:15.256 [info] > git config --get commit.template [15ms]
2024-09-08 20:04:15.257 [info] > git for-each-ref --format=%(refname)%00%(upstream:short)%00%(objectname)%00%(upstream:track)%00%(upstream:remotename)%00%(upstream:remoteref) refs/heads/fix-trademark refs/remotes/fix-trademark [4ms]
2024-09-08 20:04:15.270 [info] > git status -z -uall [6ms]
2024-09-08 20:04:15.283 [info] > git for-each-ref --format=%(refname)%00%(upstream:short)%00%(objectname)%00%(upstream:track)%00%(upstream:remotename)%00%(upstream:remoteref) refs/heads/fix-trademark refs/remotes/fix-trademark [4ms]
2024-09-08 20:04:15.290 [info] > git config --local branch.fix-trademark.vscode-merge-base [1ms]
2024-09-08 20:04:15.298 [info] > git for-each-ref --format=%(refname)%00%(upstream:short)%00%(objectname)%00%(upstream:track)%00%(upstream:remotename)%00%(upstream:remoteref) refs/heads/origin/main refs/remotes/origin/main [2ms]
2024-09-08 20:09:26.631 [info] > git config --get commit.template [18ms]
2024-09-08 20:09:26.633 [info] > git for-each-ref --format=%(refname)%00%(upstream:short)%00%(objectname)%00%(upstream:track)%00%(upstream:remotename)%00%(upstream:remoteref) refs/heads/fix-trademark refs/remotes/fix-trademark [8ms]
2024-09-08 20:09:26.652 [info] > git status -z -uall [8ms]
2024-09-08 20:09:26.667 [info] > git for-each-ref --format=%(refname)%00%(upstream:short)%00%(objectname)%00%(upstream:track)%00%(upstream:remotename)%00%(upstream:remoteref) refs/heads/fix-trademark refs/remotes/fix-trademark [5ms]
2024-09-08 20:09:26.679 [info] > git config --local branch.fix-trademark.vscode-merge-base [3ms]
2024-09-08 20:09:26.690 [info] > git for-each-ref --format=%(refname)%00%(upstream:short)%00%(objectname)%00%(upstream:track)%00%(upstream:remotename)%00%(upstream:remoteref) refs/heads/origin/main refs/remotes/origin/main [3ms]
2024-09-08 20:09:49.765 [info] > git config --get commit.template [6ms]
2024-09-08 20:09:49.766 [info] > git for-each-ref --format=%(refname)%00%(upstream:short)%00%(objectname)%00%(upstream:track)%00%(upstream:remotename)%00%(upstream:remoteref) refs/heads/main refs/remotes/main [2ms]
2024-09-08 20:09:49.775 [info] > git status -z -uall [5ms]
2024-09-08 20:09:49.784 [info] > git for-each-ref --format=%(refname)%00%(upstream:short)%00%(objectname)%00%(upstream:track)%00%(upstream:remotename)%00%(upstream:remoteref) refs/heads/main refs/remotes/main [3ms]
2024-09-08 20:09:49.791 [info] > git config --local branch.main.vscode-merge-base [3ms]
2024-09-08 20:09:49.791 [warning] [Git][config] git config failed: Failed to execute git
2024-09-08 20:09:49.798 [info] > git reflog main --grep-reflog=branch: Created from *. [3ms]
2024-09-08 20:09:49.803 [info] > git symbolic-ref --short refs/remotes/origin/HEAD [2ms]
2024-09-08 20:09:49.803 [info] fatal: ref refs/remotes/origin/HEAD is not a symbolic ref
2024-09-08 20:09:53.631 [info] > git config --get commit.template [5ms]
2024-09-08 20:09:53.631 [info] > git for-each-ref --format=%(refname)%00%(upstream:short)%00%(objectname)%00%(upstream:track)%00%(upstream:remotename)%00%(upstream:remoteref) refs/heads/fix-trademark refs/remotes/fix-trademark [1ms]
2024-09-08 20:09:53.639 [info] > git status -z -uall [3ms]
2024-09-08 20:09:53.646 [info] > git for-each-ref --format=%(refname)%00%(upstream:short)%00%(objectname)%00%(upstream:track)%00%(upstream:remotename)%00%(upstream:remoteref) refs/heads/fix-trademark refs/remotes/fix-trademark [2ms]
2024-09-08 20:09:53.651 [info] > git config --local branch.fix-trademark.vscode-merge-base [1ms]
2024-09-08 20:09:53.658 [info] > git for-each-ref --format=%(refname)%00%(upstream:short)%00%(objectname)%00%(upstream:track)%00%(upstream:remotename)%00%(upstream:remoteref) refs/heads/origin/main refs/remotes/origin/main [2ms]
2024-09-08 20:10:01.982 [info] > git config --get commit.template [5ms]
2024-09-08 20:10:01.983 [info] > git for-each-ref --format=%(refname)%00%(upstream:short)%00%(objectname)%00%(upstream:track)%00%(upstream:remotename)%00%(upstream:remoteref) refs/heads/fix-trademark refs/remotes/fix-trademark [1ms]
2024-09-08 20:10:01.989 [info] > git status -z -uall [2ms]
2024-09-08 20:10:01.995 [info] > git for-each-ref --format=%(refname)%00%(upstream:short)%00%(objectname)%00%(upstream:track)%00%(upstream:remotename)%00%(upstream:remoteref) refs/heads/fix-trademark refs/remotes/fix-trademark [2ms]
2024-09-08 20:10:02.000 [info] > git config --local branch.fix-trademark.vscode-merge-base [1ms]
2024-09-08 20:10:02.006 [info] > git for-each-ref --format=%(refname)%00%(upstream:short)%00%(objectname)%00%(upstream:track)%00%(upstream:remotename)%00%(upstream:remoteref) refs/heads/origin/main refs/remotes/origin/main [2ms]
2024-09-08 20:25:49.140 [info] > git config --get commit.template [8ms]
2024-09-08 20:25:49.141 [info] > git for-each-ref --format=%(refname)%00%(upstream:short)%00%(objectname)%00%(upstream:track)%00%(upstream:remotename)%00%(upstream:remoteref) refs/heads/fix-trademark refs/remotes/fix-trademark [3ms]
2024-09-08 20:25:49.151 [info] > git status -z -uall [4ms]
2024-09-08 20:25:49.169 [info] > git for-each-ref --format=%(refname)%00%(upstream:short)%00%(objectname)%00%(upstream:track)%00%(upstream:remotename)%00%(upstream:remoteref) refs/heads/fix-trademark refs/remotes/fix-trademark [9ms]
2024-09-08 20:25:49.179 [info] > git config --local branch.fix-trademark.vscode-merge-base [4ms]
2024-09-08 20:25:49.186 [info] > git for-each-ref --format=%(refname)%00%(upstream:short)%00%(objectname)%00%(upstream:track)%00%(upstream:remotename)%00%(upstream:remoteref) refs/heads/origin/main refs/remotes/origin/main [2ms]
2024-09-08 20:26:06.417 [info] > git config --get commit.template [5ms]
2024-09-08 20:26:06.418 [info] > git for-each-ref --format=%(refname)%00%(upstream:short)%00%(objectname)%00%(upstream:track)%00%(upstream:remotename)%00%(upstream:remoteref) refs/heads/fix-trademark refs/remotes/fix-trademark [2ms]
2024-09-08 20:26:06.426 [info] > git status -z -uall [3ms]
2024-09-08 20:26:06.442 [info] > git for-each-ref --format=%(refname)%00%(upstream:short)%00%(objectname)%00%(upstream:track)%00%(upstream:remotename)%00%(upstream:remoteref) refs/heads/fix-trademark refs/remotes/fix-trademark [9ms]
2024-09-08 20:26:06.447 [info] > git config --local branch.fix-trademark.vscode-merge-base [2ms]
2024-09-08 20:26:06.454 [info] > git for-each-ref --format=%(refname)%00%(upstream:short)%00%(objectname)%00%(upstream:track)%00%(upstream:remotename)%00%(upstream:remoteref) refs/heads/origin/main refs/remotes/origin/main [2ms]
2024-09-08 20:26:06.462 [info] > git merge-base refs/heads/fix-trademark refs/remotes/origin/fix-trademark [3ms]
2024-09-08 20:26:06.468 [info] > git rev-list --count --left-right refs/heads/fix-trademark...refs/remotes/origin/fix-trademark [2ms]
2024-09-08 20:26:06.474 [info] > git diff --name-status -z --diff-filter=ADMR 80201a388465fb38aad2f1ca89239eed889dc2e6...refs/remotes/origin/fix-trademark [2ms]
2024-09-08 20:26:07.471 [info] > git config --get commit.template [15ms]
2024-09-08 20:26:07.473 [info] > git for-each-ref --format=%(refname)%00%(upstream:short)%00%(objectname)%00%(upstream:track)%00%(upstream:remotename)%00%(upstream:remoteref) refs/heads/fix-trademark refs/remotes/fix-trademark [4ms]
2024-09-08 20:26:07.487 [info] > git status -z -uall [3ms]
2024-09-08 20:26:07.497 [info] > git for-each-ref --format=%(refname)%00%(upstream:short)%00%(objectname)%00%(upstream:track)%00%(upstream:remotename)%00%(upstream:remoteref) refs/heads/fix-trademark refs/remotes/fix-trademark [2ms]
2024-09-08 20:26:07.504 [info] > git config --local branch.fix-trademark.vscode-merge-base [2ms]
2024-09-08 20:26:07.512 [info] > git for-each-ref --format=%(refname)%00%(upstream:short)%00%(objectname)%00%(upstream:track)%00%(upstream:remotename)%00%(upstream:remoteref) refs/heads/origin/main refs/remotes/origin/main [3ms]
2024-09-08 20:26:59.058 [info] > git config --get commit.template [5ms]
2024-09-08 20:26:59.059 [info] > git for-each-ref --format=%(refname)%00%(upstream:short)%00%(objectname)%00%(upstream:track)%00%(upstream:remotename)%00%(upstream:remoteref) refs/heads/fix-trademark refs/remotes/fix-trademark [3ms]
2024-09-08 20:26:59.065 [info] > git status -z -uall [2ms]
2024-09-08 20:26:59.071 [info] > git for-each-ref --format=%(refname)%00%(upstream:short)%00%(objectname)%00%(upstream:track)%00%(upstream:remotename)%00%(upstream:remoteref) refs/heads/fix-trademark refs/remotes/fix-trademark [2ms]
2024-09-08 20:26:59.077 [info] > git config --local branch.fix-trademark.vscode-merge-base [1ms]
2024-09-08 20:26:59.083 [info] > git for-each-ref --format=%(refname)%00%(upstream:short)%00%(objectname)%00%(upstream:track)%00%(upstream:remotename)%00%(upstream:remoteref) refs/heads/origin/main refs/remotes/origin/main [1ms]
2024-09-08 20:34:30.959 [info] > git config --get commit.template [3ms]
2024-09-08 20:34:30.968 [info] > git for-each-ref --format=%(refname)%00%(upstream:short)%00%(objectname)%00%(upstream:track)%00%(upstream:remotename)%00%(upstream:remoteref) refs/heads/fix-trademark refs/remotes/fix-trademark [3ms]
2024-09-08 20:34:30.977 [info] > git status -z -uall [2ms]
2024-09-08 20:34:30.986 [info] > git for-each-ref --format=%(refname)%00%(upstream:short)%00%(objectname)%00%(upstream:track)%00%(upstream:remotename)%00%(upstream:remoteref) refs/heads/fix-trademark refs/remotes/fix-trademark [2ms]
2024-09-08 20:34:30.993 [info] > git config --local branch.fix-trademark.vscode-merge-base [3ms]
2024-09-08 20:34:31.000 [info] > git for-each-ref --format=%(refname)%00%(upstream:short)%00%(objectname)%00%(upstream:track)%00%(upstream:remotename)%00%(upstream:remoteref) refs/heads/origin/main refs/remotes/origin/main [2ms]
2024-09-08 20:34:35.998 [info] > git config --get commit.template [7ms]
2024-09-08 20:34:35.998 [info] > git for-each-ref --format=%(refname)%00%(upstream:short)%00%(objectname)%00%(upstream:track)%00%(upstream:remotename)%00%(upstream:remoteref) refs/heads/fix-trademark refs/remotes/fix-trademark [4ms]
2024-09-08 20:34:36.006 [info] > git status -z -uall [3ms]
2024-09-08 20:34:36.014 [info] > git for-each-ref --format=%(refname)%00%(upstream:short)%00%(objectname)%00%(upstream:track)%00%(upstream:remotename)%00%(upstream:remoteref) refs/heads/fix-trademark refs/remotes/fix-trademark [4ms]
2024-09-08 20:34:36.023 [info] > git config --local branch.fix-trademark.vscode-merge-base [2ms]
2024-09-08 20:34:36.032 [info] > git for-each-ref --format=%(refname)%00%(upstream:short)%00%(objectname)%00%(upstream:track)%00%(upstream:remotename)%00%(upstream:remoteref) refs/heads/origin/main refs/remotes/origin/main [4ms]
2024-09-08 20:35:25.588 [info] > git config --get commit.template [6ms]
2024-09-08 20:35:25.589 [info] > git for-each-ref --format=%(refname)%00%(upstream:short)%00%(objectname)%00%(upstream:track)%00%(upstream:remotename)%00%(upstream:remoteref) refs/heads/main refs/remotes/main [3ms]
2024-09-08 20:35:25.601 [info] > git status -z -uall [6ms]
2024-09-08 20:35:25.613 [info] > git for-each-ref --format=%(refname)%00%(upstream:short)%00%(objectname)%00%(upstream:track)%00%(upstream:remotename)%00%(upstream:remoteref) refs/heads/main refs/remotes/main [6ms]
2024-09-08 20:35:25.620 [info] > git config --local branch.main.vscode-merge-base [3ms]
2024-09-08 20:35:25.620 [warning] [Git][config] git config failed: Failed to execute git
2024-09-08 20:35:25.627 [info] > git reflog main --grep-reflog=branch: Created from *. [2ms]
2024-09-08 20:35:25.631 [info] > git symbolic-ref --short refs/remotes/origin/HEAD [1ms]
2024-09-08 20:35:25.631 [info] fatal: ref refs/remotes/origin/HEAD is not a symbolic ref
2024-09-08 20:35:26.622 [info] > git config --get commit.template [6ms]
2024-09-08 20:35:26.623 [info] > git for-each-ref --format=%(refname)%00%(upstream:short)%00%(objectname)%00%(upstream:track)%00%(upstream:remotename)%00%(upstream:remoteref) refs/heads/main refs/remotes/main [1ms]
2024-09-08 20:35:26.632 [info] > git status -z -uall [5ms]
2024-09-08 20:35:26.638 [info] > git for-each-ref --format=%(refname)%00%(upstream:short)%00%(objectname)%00%(upstream:track)%00%(upstream:remotename)%00%(upstream:remoteref) refs/heads/main refs/remotes/main [2ms]
2024-09-08 20:35:26.645 [info] > git config --local branch.main.vscode-merge-base [3ms]
2024-09-08 20:35:26.645 [warning] [Git][config] git config failed: Failed to execute git
2024-09-08 20:35:26.651 [info] > git reflog main --grep-reflog=branch: Created from *. [3ms]
2024-09-08 20:35:26.655 [info] > git symbolic-ref --short refs/remotes/origin/HEAD [1ms]
2024-09-08 20:35:26.655 [info] fatal: ref refs/remotes/origin/HEAD is not a symbolic ref
2024-09-08 20:35:26.726 [info] > git ls-files --stage -- /root/repos/website/index.html [2ms]
2024-09-08 20:35:26.732 [info] > git cat-file -s 630bd7a76c1430f1978df252cffffd4b6e9901c1 [2ms]
2024-09-08 20:35:26.743 [info] > git show --textconv :index.html [2ms]
2024-09-08 20:38:49.345 [info] > git config --get commit.template [7ms]
2024-09-08 20:38:49.346 [info] > git for-each-ref --format=%(refname)%00%(upstream:short)%00%(objectname)%00%(upstream:track)%00%(upstream:remotename)%00%(upstream:remoteref) refs/heads/fix-trademark refs/remotes/fix-trademark [5ms]
2024-09-08 20:38:49.357 [info] > git status -z -uall [4ms]
2024-09-08 20:38:49.368 [info] > git for-each-ref --format=%(refname)%00%(upstream:short)%00%(objectname)%00%(upstream:track)%00%(upstream:remotename)%00%(upstream:remoteref) refs/heads/fix-trademark refs/remotes/fix-trademark [3ms]
2024-09-08 20:38:49.376 [info] > git config --local branch.fix-trademark.vscode-merge-base [2ms]
2024-09-08 20:38:49.382 [info] > git for-each-ref --format=%(refname)%00%(upstream:short)%00%(objectname)%00%(upstream:track)%00%(upstream:remotename)%00%(upstream:remoteref) refs/heads/origin/main refs/remotes/origin/main [1ms]
2024-09-08 20:38:53.089 [info] > git config --get commit.template [4ms]
2024-09-08 20:38:53.090 [info] > git for-each-ref --format=%(refname)%00%(upstream:short)%00%(objectname)%00%(upstream:track)%00%(upstream:remotename)%00%(upstream:remoteref) refs/heads/main refs/remotes/main [2ms]
2024-09-08 20:38:53.100 [info] > git status -z -uall [6ms]
2024-09-08 20:38:53.110 [info] > git for-each-ref --format=%(refname)%00%(upstream:short)%00%(objectname)%00%(upstream:track)%00%(upstream:remotename)%00%(upstream:remoteref) refs/heads/main refs/remotes/main [6ms]
2024-09-08 20:38:53.117 [info] > git config --local branch.main.vscode-merge-base [2ms]
2024-09-08 20:38:53.117 [warning] [Git][config] git config failed: Failed to execute git
2024-09-08 20:38:53.125 [info] > git reflog main --grep-reflog=branch: Created from *. [4ms]
2024-09-08 20:38:53.130 [info] > git symbolic-ref --short refs/remotes/origin/HEAD [2ms]
2024-09-08 20:38:53.130 [info] fatal: ref refs/remotes/origin/HEAD is not a symbolic ref
2024-09-08 20:38:53.135 [info] > git merge-base refs/heads/main refs/remotes/origin/main [2ms]
2024-09-08 20:38:53.141 [info] > git rev-list --count --left-right refs/heads/main...refs/remotes/origin/main [3ms]
2024-09-08 20:38:53.149 [info] > git diff --name-status -z --diff-filter=ADMR 80201a388465fb38aad2f1ca89239eed889dc2e6...refs/remotes/origin/main [3ms]
2024-09-08 20:38:54.228 [info] > git config --get commit.template [7ms]
2024-09-08 20:38:54.229 [info] > git for-each-ref --format=%(refname)%00%(upstream:short)%00%(objectname)%00%(upstream:track)%00%(upstream:remotename)%00%(upstream:remoteref) refs/heads/main refs/remotes/main [3ms]
2024-09-08 20:38:54.242 [info] > git status -z -uall [8ms]
2024-09-08 20:38:54.252 [info] > git for-each-ref --format=%(refname)%00%(upstream:short)%00%(objectname)%00%(upstream:track)%00%(upstream:remotename)%00%(upstream:remoteref) refs/heads/main refs/remotes/main [4ms]
2024-09-08 20:38:54.259 [info] > git config --local branch.main.vscode-merge-base [2ms]
2024-09-08 20:38:54.259 [warning] [Git][config] git config failed: Failed to execute git
2024-09-08 20:38:54.267 [info] > git reflog main --grep-reflog=branch: Created from *. [4ms]
2024-09-08 20:38:54.272 [info] > git symbolic-ref --short refs/remotes/origin/HEAD [2ms]
2024-09-08 20:38:54.272 [info] fatal: ref refs/remotes/origin/HEAD is not a symbolic ref
2024-09-08 20:38:54.326 [info] > git ls-files --stage -- /root/repos/website/index.html [2ms]
2024-09-08 20:38:54.331 [info] > git cat-file -s 630bd7a76c1430f1978df252cffffd4b6e9901c1 [2ms]
2024-09-08 20:38:54.342 [info] > git show --textconv :index.html [3ms]
2024-09-08 20:38:54.376 [info] > git config --get commit.template [6ms]
2024-09-08 20:38:54.378 [info] > git for-each-ref --format=%(refname)%00%(upstream:short)%00%(objectname)%00%(upstream:track)%00%(upstream:remotename)%00%(upstream:remoteref) refs/heads/fix-trademark refs/remotes/fix-trademark [2ms]
2024-09-08 20:38:54.384 [info] > git status -z -uall [3ms]
2024-09-08 20:38:54.390 [info] > git for-each-ref --format=%(refname)%00%(upstream:short)%00%(objectname)%00%(upstream:track)%00%(upstream:remotename)%00%(upstream:remoteref) refs/heads/fix-trademark refs/remotes/fix-trademark [2ms]
2024-09-08 20:38:54.395 [info] > git config --local branch.fix-trademark.vscode-merge-base [2ms]
2024-09-08 20:38:54.401 [info] > git for-each-ref --format=%(refname)%00%(upstream:short)%00%(objectname)%00%(upstream:track)%00%(upstream:remotename)%00%(upstream:remoteref) refs/heads/origin/main refs/remotes/origin/main [2ms]
2024-09-08 20:42:45.284 [info] > git config --get commit.template [4ms]
2024-09-08 20:42:45.284 [info] > git for-each-ref --format=%(refname)%00%(upstream:short)%00%(objectname)%00%(upstream:track)%00%(upstream:remotename)%00%(upstream:remoteref) refs/heads/main refs/remotes/main [1ms]
2024-09-08 20:42:45.295 [info] > git status -z -uall [6ms]
2024-09-08 20:42:45.302 [info] > git for-each-ref --format=%(refname)%00%(upstream:short)%00%(objectname)%00%(upstream:track)%00%(upstream:remotename)%00%(upstream:remoteref) refs/heads/main refs/remotes/main [2ms]
2024-09-08 20:42:45.308 [info] > git config --local branch.main.vscode-merge-base [2ms]
2024-09-08 20:42:45.308 [warning] [Git][config] git config failed: Failed to execute git
2024-09-08 20:42:45.315 [info] > git reflog main --grep-reflog=branch: Created from *. [3ms]
2024-09-08 20:42:45.320 [info] > git symbolic-ref --short refs/remotes/origin/HEAD [2ms]
2024-09-08 20:42:45.320 [info] fatal: ref refs/remotes/origin/HEAD is not a symbolic ref
2024-09-08 20:42:56.205 [info] > git config --get commit.template [7ms]
2024-09-08 20:42:56.212 [info] > git for-each-ref --format=%(refname)%00%(upstream:short)%00%(objectname)%00%(upstream:track)%00%(upstream:remotename)%00%(upstream:remoteref) refs/heads/main refs/remotes/main [6ms]
2024-09-08 20:42:56.228 [info] > git status -z -uall [10ms]
2024-09-08 20:42:56.245 [info] > git for-each-ref --format=%(refname)%00%(upstream:short)%00%(objectname)%00%(upstream:track)%00%(upstream:remotename)%00%(upstream:remoteref) refs/heads/main refs/remotes/main [9ms]
2024-09-08 20:42:56.251 [info] > git config --local branch.main.vscode-merge-base [2ms]
2024-09-08 20:42:56.251 [warning] [Git][config] git config failed: Failed to execute git
2024-09-08 20:42:56.261 [info] > git reflog main --grep-reflog=branch: Created from *. [5ms]
2024-09-08 20:42:56.267 [info] > git symbolic-ref --short refs/remotes/origin/HEAD [1ms]
2024-09-08 20:42:56.267 [info] fatal: ref refs/remotes/origin/HEAD is not a symbolic ref
2024-09-08 20:52:48.739 [info] > git config --get commit.template [12ms]
2024-09-08 20:52:48.744 [info] > git for-each-ref --format=%(refname)%00%(upstream:short)%00%(objectname)%00%(upstream:track)%00%(upstream:remotename)%00%(upstream:remoteref) refs/heads/main refs/remotes/main [7ms]
2024-09-08 20:52:48.759 [info] > git status -z -uall [5ms]
2024-09-08 20:52:48.770 [info] > git for-each-ref --format=%(refname)%00%(upstream:short)%00%(objectname)%00%(upstream:track)%00%(upstream:remotename)%00%(upstream:remoteref) refs/heads/main refs/remotes/main [3ms]
2024-09-08 20:52:48.777 [info] > git config --local branch.main.vscode-merge-base [1ms]
2024-09-08 20:52:48.777 [warning] [Git][config] git config failed: Failed to execute git
2024-09-08 20:52:48.783 [info] > git reflog main --grep-reflog=branch: Created from *. [3ms]
2024-09-08 20:52:48.788 [info] > git symbolic-ref --short refs/remotes/origin/HEAD [1ms]
2024-09-08 20:52:48.788 [info] fatal: ref refs/remotes/origin/HEAD is not a symbolic ref
2024-09-08 20:52:53.779 [info] > git config --get commit.template [5ms]
2024-09-08 20:52:53.780 [info] > git for-each-ref --format=%(refname)%00%(upstream:short)%00%(objectname)%00%(upstream:track)%00%(upstream:remotename)%00%(upstream:remoteref) refs/heads/main refs/remotes/main [2ms]
2024-09-08 20:52:53.790 [info] > git status -z -uall [6ms]
2024-09-08 20:52:53.797 [info] > git for-each-ref --format=%(refname)%00%(upstream:short)%00%(objectname)%00%(upstream:track)%00%(upstream:remotename)%00%(upstream:remoteref) refs/heads/main refs/remotes/main [3ms]
2024-09-08 20:52:53.804 [info] > git config --local branch.main.vscode-merge-base [2ms]
2024-09-08 20:52:53.804 [warning] [Git][config] git config failed: Failed to execute git
2024-09-08 20:52:53.812 [info] > git reflog main --grep-reflog=branch: Created from *. [4ms]
2024-09-08 20:52:53.816 [info] > git symbolic-ref --short refs/remotes/origin/HEAD [1ms]
2024-09-08 20:52:53.816 [info] fatal: ref refs/remotes/origin/HEAD is not a symbolic ref
2024-09-08 20:52:55.862 [info] > git show --textconv :about.html [4ms]
2024-09-08 20:52:55.864 [info] > git ls-files --stage -- /root/repos/website/about.html [3ms]
2024-09-08 20:52:55.870 [info] > git cat-file -s 14658bb4c5dbb21cb353d382b782eb86d45e8bd0 [3ms]
2024-09-08 20:53:08.245 [info] > git show --textconv :index.html [4ms]
2024-09-08 20:53:08.246 [info] > git ls-files --stage -- /root/repos/website/index.html [2ms]
2024-09-08 20:53:08.250 [info] > git cat-file -s 630bd7a76c1430f1978df252cffffd4b6e9901c1 [2ms]
2024-09-08 20:53:25.078 [info] > git show --textconv :about.html [4ms]
2024-09-08 20:53:25.080 [info] > git ls-files --stage -- /root/repos/website/about.html [2ms]
2024-09-08 20:53:25.084 [info] > git cat-file -s 14658bb4c5dbb21cb353d382b782eb86d45e8bd0 [1ms]
2024-09-08 20:53:35.311 [info] > git config --get commit.template [6ms]
2024-09-08 20:53:35.312 [info] > git for-each-ref --format=%(refname)%00%(upstream:short)%00%(objectname)%00%(upstream:track)%00%(upstream:remotename)%00%(upstream:remoteref) refs/heads/main refs/remotes/main [2ms]
2024-09-08 20:53:35.322 [info] > git status -z -uall [6ms]
2024-09-08 20:53:35.328 [info] > git for-each-ref --format=%(refname)%00%(upstream:short)%00%(objectname)%00%(upstream:track)%00%(upstream:remotename)%00%(upstream:remoteref) refs/heads/main refs/remotes/main [2ms]
2024-09-08 20:53:35.333 [info] > git config --local branch.main.vscode-merge-base [2ms]
2024-09-08 20:53:35.333 [warning] [Git][config] git config failed: Failed to execute git
2024-09-08 20:53:35.340 [info] > git reflog main --grep-reflog=branch: Created from *. [3ms]
2024-09-08 20:53:35.344 [info] > git symbolic-ref --short refs/remotes/origin/HEAD [1ms]
2024-09-08 20:53:35.344 [info] fatal: ref refs/remotes/origin/HEAD is not a symbolic ref
2024-09-08 20:53:40.346 [info] > git config --get commit.template [9ms]
2024-09-08 20:53:40.348 [info] > git for-each-ref --format=%(refname)%00%(upstream:short)%00%(objectname)%00%(upstream:track)%00%(upstream:remotename)%00%(upstream:remoteref) refs/heads/main refs/remotes/main [4ms]
2024-09-08 20:53:40.365 [info] > git status -z -uall [9ms]
2024-09-08 20:53:40.373 [info] > git for-each-ref --format=%(refname)%00%(upstream:short)%00%(objectname)%00%(upstream:track)%00%(upstream:remotename)%00%(upstream:remoteref) refs/heads/main refs/remotes/main [2ms]
2024-09-08 20:53:40.378 [info] > git config --local branch.main.vscode-merge-base [2ms]
2024-09-08 20:53:40.378 [warning] [Git][config] git config failed: Failed to execute git
2024-09-08 20:53:40.384 [info] > git reflog main --grep-reflog=branch: Created from *. [3ms]
2024-09-08 20:53:40.389 [info] > git symbolic-ref --short refs/remotes/origin/HEAD [1ms]
2024-09-08 20:53:40.389 [info] fatal: ref refs/remotes/origin/HEAD is not a symbolic ref
2024-09-08 20:54:04.072 [info] > git config --get commit.template [3ms]
2024-09-08 20:54:04.077 [info] > git for-each-ref --format=%(refname)%00%(upstream:short)%00%(objectname)%00%(upstream:track)%00%(upstream:remotename)%00%(upstream:remoteref) refs/heads/main refs/remotes/main [1ms]
2024-09-08 20:54:04.086 [info] > git status -z -uall [5ms]
2024-09-08 20:54:04.092 [info] > git for-each-ref --format=%(refname)%00%(upstream:short)%00%(objectname)%00%(upstream:track)%00%(upstream:remotename)%00%(upstream:remoteref) refs/heads/main refs/remotes/main [2ms]
2024-09-08 20:54:04.097 [info] > git config --local branch.main.vscode-merge-base [1ms]
2024-09-08 20:54:04.097 [warning] [Git][config] git config failed: Failed to execute git
2024-09-08 20:54:04.104 [info] > git reflog main --grep-reflog=branch: Created from *. [3ms]
2024-09-08 20:54:04.111 [info] > git symbolic-ref --short refs/remotes/origin/HEAD [3ms]
2024-09-08 20:54:04.111 [info] fatal: ref refs/remotes/origin/HEAD is not a symbolic ref
2024-09-08 20:54:05.206 [info] > git ls-files --stage -- /root/repos/website/about.html [5ms]
2024-09-08 20:54:05.222 [info] > git cat-file -s 81313431a2792373bfef4fb379c6af270149a875 [6ms]
2024-09-08 20:54:05.246 [info] > git show --textconv :about.html [4ms]
2024-09-08 20:54:18.337 [info] > git config --get commit.template [3ms]
2024-09-08 20:54:18.338 [info] > git for-each-ref --format=%(refname)%00%(upstream:short)%00%(objectname)%00%(upstream:track)%00%(upstream:remotename)%00%(upstream:remoteref) refs/heads/main refs/remotes/main [2ms]
2024-09-08 20:54:18.347 [info] > git status -z -uall [5ms]
2024-09-08 20:54:18.355 [info] > git for-each-ref --format=%(refname)%00%(upstream:short)%00%(objectname)%00%(upstream:track)%00%(upstream:remotename)%00%(upstream:remoteref) refs/heads/main refs/remotes/main [4ms]
2024-09-08 20:54:18.361 [info] > git config --local branch.main.vscode-merge-base [2ms]
2024-09-08 20:54:18.361 [warning] [Git][config] git config failed: Failed to execute git
2024-09-08 20:54:18.368 [info] > git reflog main --grep-reflog=branch: Created from *. [3ms]
2024-09-08 20:54:18.372 [info] > git symbolic-ref --short refs/remotes/origin/HEAD [2ms]
2024-09-08 20:54:18.372 [info] fatal: ref refs/remotes/origin/HEAD is not a symbolic ref
2024-09-08 20:54:18.378 [info] > git merge-base refs/heads/main refs/remotes/origin/main [2ms]
2024-09-08 20:54:18.384 [info] > git rev-list --count --left-right refs/heads/main...refs/remotes/origin/main [2ms]
2024-09-08 20:54:18.390 [info] > git diff --name-status -z --diff-filter=ADMR 80201a388465fb38aad2f1ca89239eed889dc2e6...refs/remotes/origin/main [2ms]
2024-09-08 20:54:19.461 [info] > git config --get commit.template [3ms]
2024-09-08 20:54:19.468 [info] > git for-each-ref --format=%(refname)%00%(upstream:short)%00%(objectname)%00%(upstream:track)%00%(upstream:remotename)%00%(upstream:remoteref) refs/heads/main refs/remotes/main [3ms]
2024-09-08 20:54:19.482 [info] > git status -z -uall [7ms]
2024-09-08 20:54:19.492 [info] > git for-each-ref --format=%(refname)%00%(upstream:short)%00%(objectname)%00%(upstream:track)%00%(upstream:remotename)%00%(upstream:remoteref) refs/heads/main refs/remotes/main [3ms]
2024-09-08 20:54:19.500 [info] > git config --local branch.main.vscode-merge-base [3ms]
2024-09-08 20:54:19.500 [warning] [Git][config] git config failed: Failed to execute git
2024-09-08 20:54:19.510 [info] > git reflog main --grep-reflog=branch: Created from *. [5ms]
2024-09-08 20:54:19.516 [info] > git symbolic-ref --short refs/remotes/origin/HEAD [2ms]
2024-09-08 20:54:19.516 [info] fatal: ref refs/remotes/origin/HEAD is not a symbolic ref
2024-09-08 20:54:19.561 [info] > git ls-files --stage -- /root/repos/website/about.html [1ms]
2024-09-08 20:54:19.566 [info] > git cat-file -s 81313431a2792373bfef4fb379c6af270149a875 [2ms]
2024-09-08 20:54:19.583 [info] > git show --textconv :about.html [2ms]
2024-09-08 20:54:24.046 [info] > git config --get commit.template [9ms]
2024-09-08 20:54:24.048 [info] > git for-each-ref --format=%(refname)%00%(upstream:short)%00%(objectname)%00%(upstream:track)%00%(upstream:remotename)%00%(upstream:remoteref) refs/heads/main refs/remotes/main [5ms]
2024-09-08 20:54:24.059 [info] > git status -z -uall [5ms]
2024-09-08 20:54:24.070 [info] > git for-each-ref --format=%(refname)%00%(upstream:short)%00%(objectname)%00%(upstream:track)%00%(upstream:remotename)%00%(upstream:remoteref) refs/heads/main refs/remotes/main [7ms]
2024-09-08 20:54:24.076 [info] > git config --local branch.main.vscode-merge-base [2ms]
2024-09-08 20:54:24.077 [warning] [Git][config] git config failed: Failed to execute git
2024-09-08 20:54:24.085 [info] > git reflog main --grep-reflog=branch: Created from *. [5ms]
2024-09-08 20:54:24.089 [info] > git symbolic-ref --short refs/remotes/origin/HEAD [1ms]
2024-09-08 20:54:24.089 [info] fatal: ref refs/remotes/origin/HEAD is not a symbolic ref
2024-09-08 20:54:24.095 [info] > git merge-base refs/heads/main refs/remotes/origin/main [3ms]
2024-09-08 20:54:24.101 [info] > git rev-list --count --left-right refs/heads/main...refs/remotes/origin/main [3ms]
2024-09-08 20:54:24.106 [info] > git diff --name-status -z --diff-filter=ADMR c2e0febd124bfe8f83758d44ba8507cad54c9e35...refs/remotes/origin/main [2ms]
2024-09-08 20:54:25.160 [info] > git config --get commit.template [2ms]
2024-09-08 20:54:25.166 [info] > git for-each-ref --format=%(refname)%00%(upstream:short)%00%(objectname)%00%(upstream:track)%00%(upstream:remotename)%00%(upstream:remoteref) refs/heads/main refs/remotes/main [2ms]
2024-09-08 20:54:25.184 [info] > git status -z -uall [11ms]
2024-09-08 20:54:25.194 [info] > git for-each-ref --format=%(refname)%00%(upstream:short)%00%(objectname)%00%(upstream:track)%00%(upstream:remotename)%00%(upstream:remoteref) refs/heads/main refs/remotes/main [3ms]
2024-09-08 20:54:25.201 [info] > git config --local branch.main.vscode-merge-base [2ms]
2024-09-08 20:54:25.201 [warning] [Git][config] git config failed: Failed to execute git
2024-09-08 20:54:25.208 [info] > git reflog main --grep-reflog=branch: Created from *. [3ms]
2024-09-08 20:54:25.213 [info] > git symbolic-ref --short refs/remotes/origin/HEAD [2ms]
2024-09-08 20:54:25.213 [info] fatal: ref refs/remotes/origin/HEAD is not a symbolic ref
2024-09-08 20:54:25.259 [info] > git ls-files --stage -- /root/repos/website/about.html [2ms]
2024-09-08 20:54:25.264 [info] > git cat-file -s 81313431a2792373bfef4fb379c6af270149a875 [2ms]
2024-09-08 20:54:25.274 [info] > git show --textconv :about.html [2ms]
2024-09-08 21:30:17.022 [info] > git check-ignore -v -z --stdin [3ms]
2024-09-08 21:30:20.802 [info] > git show --textconv :index.html [5ms]
2024-09-08 21:30:20.803 [info] > git ls-files --stage -- /root/repos/website/index.html [2ms]
2024-09-08 21:30:20.809 [info] > git cat-file -s 0ea1d56c1ea0e23a14ac18c670098c3f96219443 [2ms]
2024-09-08 21:58:18.816 [info] > git config --get commit.template [4ms]
2024-09-08 21:58:18.817 [info] > git for-each-ref --format=%(refname)%00%(upstream:short)%00%(objectname)%00%(upstream:track)%00%(upstream:remotename)%00%(upstream:remoteref) refs/heads/main refs/remotes/main [3ms]
2024-09-08 21:58:18.828 [info] > git status -z -uall [7ms]
2024-09-08 21:58:18.835 [info] > git for-each-ref --format=%(refname)%00%(upstream:short)%00%(objectname)%00%(upstream:track)%00%(upstream:remotename)%00%(upstream:remoteref) refs/heads/main refs/remotes/main [2ms]
2024-09-08 21:58:18.842 [info] > git config --local branch.main.vscode-merge-base [1ms]
2024-09-08 21:58:18.842 [warning] [Git][config] git config failed: Failed to execute git
2024-09-08 21:58:18.850 [info] > git reflog main --grep-reflog=branch: Created from *. [4ms]
2024-09-08 21:58:18.855 [info] > git symbolic-ref --short refs/remotes/origin/HEAD [2ms]
2024-09-08 21:58:18.855 [info] fatal: ref refs/remotes/origin/HEAD is not a symbolic ref
2024-09-08 21:58:45.976 [info] > git config --get commit.template [5ms]
2024-09-08 21:58:45.977 [info] > git for-each-ref --format=%(refname)%00%(upstream:short)%00%(objectname)%00%(upstream:track)%00%(upstream:remotename)%00%(upstream:remoteref) refs/heads/main refs/remotes/main [2ms]
2024-09-08 21:58:45.986 [info] > git status -z -uall [5ms]
2024-09-08 21:58:45.992 [info] > git for-each-ref --format=%(refname)%00%(upstream:short)%00%(objectname)%00%(upstream:track)%00%(upstream:remotename)%00%(upstream:remoteref) refs/heads/main refs/remotes/main [2ms]
2024-09-08 21:58:45.998 [info] > git config --local branch.main.vscode-merge-base [1ms]
2024-09-08 21:58:45.998 [warning] [Git][config] git config failed: Failed to execute git
2024-09-08 21:58:46.004 [info] > git reflog main --grep-reflog=branch: Created from *. [3ms]
2024-09-08 21:58:46.009 [info] > git symbolic-ref --short refs/remotes/origin/HEAD [2ms]
2024-09-08 21:58:46.009 [info] fatal: ref refs/remotes/origin/HEAD is not a symbolic ref
2024-09-08 21:59:03.335 [info] > git config --get commit.template [4ms]
2024-09-08 21:59:03.336 [info] > git for-each-ref --format=%(refname)%00%(upstream:short)%00%(objectname)%00%(upstream:track)%00%(upstream:remotename)%00%(upstream:remoteref) refs/heads/main refs/remotes/main [2ms]
2024-09-08 21:59:03.345 [info] > git status -z -uall [5ms]
2024-09-08 21:59:03.351 [info] > git for-each-ref --format=%(refname)%00%(upstream:short)%00%(objectname)%00%(upstream:track)%00%(upstream:remotename)%00%(upstream:remoteref) refs/heads/main refs/remotes/main [2ms]
2024-09-08 21:59:03.356 [info] > git config --local branch.main.vscode-merge-base [1ms]
2024-09-08 21:59:03.356 [warning] [Git][config] git config failed: Failed to execute git
2024-09-08 21:59:03.363 [info] > git reflog main --grep-reflog=branch: Created from *. [3ms]
2024-09-08 21:59:03.369 [info] > git symbolic-ref --short refs/remotes/origin/HEAD [2ms]
2024-09-08 21:59:03.369 [info] fatal: ref refs/remotes/origin/HEAD is not a symbolic ref
2024-09-08 21:59:04.442 [info] > git config --get commit.template [16ms]
2024-09-08 21:59:04.446 [info] > git for-each-ref --format=%(refname)%00%(upstream:short)%00%(objectname)%00%(upstream:track)%00%(upstream:remotename)%00%(upstream:remoteref) refs/heads/main refs/remotes/main [6ms]
2024-09-08 21:59:04.466 [info] > git status -z -uall [9ms]
2024-09-08 21:59:04.477 [info] > git for-each-ref --format=%(refname)%00%(upstream:short)%00%(objectname)%00%(upstream:track)%00%(upstream:remotename)%00%(upstream:remoteref) refs/heads/main refs/remotes/main [4ms]
2024-09-08 21:59:04.487 [info] > git config --local branch.main.vscode-merge-base [2ms]
2024-09-08 21:59:04.487 [warning] [Git][config] git config failed: Failed to execute git
2024-09-08 21:59:04.499 [info] > git reflog main --grep-reflog=branch: Created from *. [6ms]
2024-09-08 21:59:04.507 [info] > git symbolic-ref --short refs/remotes/origin/HEAD [2ms]
2024-09-08 21:59:04.507 [info] fatal: ref refs/remotes/origin/HEAD is not a symbolic ref
2024-09-08 22:00:47.376 [info] > git config --get commit.template [3ms]
2024-09-08 22:00:47.381 [info] > git for-each-ref --format=%(refname)%00%(upstream:short)%00%(objectname)%00%(upstream:track)%00%(upstream:remotename)%00%(upstream:remoteref) refs/heads/main refs/remotes/main [2ms]
2024-09-08 22:00:47.391 [info] > git status -z -uall [5ms]
2024-09-08 22:00:47.397 [info] > git for-each-ref --format=%(refname)%00%(upstream:short)%00%(objectname)%00%(upstream:track)%00%(upstream:remotename)%00%(upstream:remoteref) refs/heads/main refs/remotes/main [2ms]
2024-09-08 22:00:47.404 [info] > git config --local branch.main.vscode-merge-base [2ms]
2024-09-08 22:00:47.404 [warning] [Git][config] git config failed: Failed to execute git
2024-09-08 22:00:47.411 [info] > git reflog main --grep-reflog=branch: Created from *. [3ms]
2024-09-08 22:00:47.416 [info] > git symbolic-ref --short refs/remotes/origin/HEAD [1ms]
2024-09-08 22:00:47.416 [info] fatal: ref refs/remotes/origin/HEAD is not a symbolic ref
2024-09-08 22:00:54.501 [info] > git config --get commit.template [2ms]
2024-09-08 22:00:54.506 [info] > git for-each-ref --format=%(refname)%00%(upstream:short)%00%(objectname)%00%(upstream:track)%00%(upstream:remotename)%00%(upstream:remoteref) refs/heads/main refs/remotes/main [2ms]
2024-09-08 22:00:54.517 [info] > git status -z -uall [5ms]
2024-09-08 22:00:54.524 [info] > git for-each-ref --format=%(refname)%00%(upstream:short)%00%(objectname)%00%(upstream:track)%00%(upstream:remotename)%00%(upstream:remoteref) refs/heads/main refs/remotes/main [3ms]
2024-09-08 22:00:54.531 [info] > git config --local branch.main.vscode-merge-base [2ms]
2024-09-08 22:00:54.532 [warning] [Git][config] git config failed: Failed to execute git
2024-09-08 22:00:54.544 [info] > git reflog main --grep-reflog=branch: Created from *. [4ms]
2024-09-08 22:00:54.551 [info] > git symbolic-ref --short refs/remotes/origin/HEAD [2ms]
2024-09-08 22:00:54.551 [info] fatal: ref refs/remotes/origin/HEAD is not a symbolic ref
2024-09-08 22:43:46.705 [info] > git config --get commit.template [5ms]
2024-09-08 22:43:46.707 [info] > git for-each-ref --format=%(refname)%00%(upstream:short)%00%(objectname)%00%(upstream:track)%00%(upstream:remotename)%00%(upstream:remoteref) refs/heads/main refs/remotes/main [3ms]
2024-09-08 22:43:46.717 [info] > git status -z -uall [3ms]
2024-09-08 22:43:46.737 [info] > git for-each-ref --format=%(refname)%00%(upstream:short)%00%(objectname)%00%(upstream:track)%00%(upstream:remotename)%00%(upstream:remoteref) refs/heads/main refs/remotes/main [14ms]
2024-09-08 22:43:46.742 [info] > git config --local branch.main.vscode-merge-base [1ms]
2024-09-08 22:43:46.743 [warning] [Git][config] git config failed: Failed to execute git
2024-09-08 22:43:46.753 [info] > git reflog main --grep-reflog=branch: Created from *. [6ms]
2024-09-08 22:43:46.757 [info] > git symbolic-ref --short refs/remotes/origin/HEAD [1ms]
2024-09-08 22:43:46.758 [info] fatal: ref refs/remotes/origin/HEAD is not a symbolic ref
2024-09-08 22:43:46.769 [info] > git merge-base refs/heads/main refs/remotes/origin/main [7ms]
2024-09-08 22:43:46.776 [info] > git rev-list --count --left-right refs/heads/main...refs/remotes/origin/main [2ms]
2024-09-08 22:43:46.783 [info] > git diff --name-status -z --diff-filter=ADMR 26fadc9cd156d4d67b61f07f44db4d8c6e48a6ed...refs/remotes/origin/main [3ms]
2024-09-08 22:43:47.862 [info] > git config --get commit.template [11ms]
2024-09-08 22:43:47.864 [info] > git for-each-ref --format=%(refname)%00%(upstream:short)%00%(objectname)%00%(upstream:track)%00%(upstream:remotename)%00%(upstream:remoteref) refs/heads/main refs/remotes/main [4ms]
2024-09-08 22:43:47.873 [info] > git status -z -uall [3ms]
2024-09-08 22:43:47.881 [info] > git for-each-ref --format=%(refname)%00%(upstream:short)%00%(objectname)%00%(upstream:track)%00%(upstream:remotename)%00%(upstream:remoteref) refs/heads/main refs/remotes/main [3ms]
2024-09-08 22:43:47.889 [info] > git config --local branch.main.vscode-merge-base [3ms]
2024-09-08 22:43:47.889 [warning] [Git][config] git config failed: Failed to execute git
2024-09-08 22:43:47.899 [info] > git reflog main --grep-reflog=branch: Created from *. [5ms]
2024-09-08 22:43:47.905 [info] > git symbolic-ref --short refs/remotes/origin/HEAD [2ms]
2024-09-08 22:43:47.905 [info] fatal: ref refs/remotes/origin/HEAD is not a symbolic ref
2024-09-08 22:43:59.726 [info] > git show --textconv :foo [5ms]
2024-09-08 22:43:59.727 [info] > git ls-files --stage -- /root/repos/website/foo [2ms]
2024-09-08 22:43:59.733 [info] > git cat-file -s e69de29bb2d1d6434b8b29ae775ad8c2e48c5391 [2ms]
2024-09-08 22:44:00.507 [info] > git show --textconv :index.html [6ms]
2024-09-08 22:44:00.509 [info] > git ls-files --stage -- /root/repos/website/index.html [2ms]
2024-09-08 22:44:00.514 [info] > git cat-file -s 2cfbd5069e93614b44a777b6700e1385cf5cd24e [2ms]
2024-09-08 22:44:07.775 [info] > git show --textconv :about.html [4ms]
2024-09-08 22:44:07.776 [info] > git ls-files --stage -- /root/repos/website/about.html [2ms]
2024-09-08 22:44:07.781 [info] > git cat-file -s 81313431a2792373bfef4fb379c6af270149a875 [2ms]
2024-09-08 22:44:13.279 [info] > git show --textconv :foo [7ms]
2024-09-08 22:44:13.280 [info] > git ls-files --stage -- /root/repos/website/foo [2ms]
2024-09-08 22:44:13.287 [info] > git cat-file -s e69de29bb2d1d6434b8b29ae775ad8c2e48c5391 [3ms]
2024-09-08 22:44:13.759 [info] > git show --textconv :index.html [5ms]
2024-09-08 22:44:13.760 [info] > git ls-files --stage -- /root/repos/website/index.html [2ms]
2024-09-08 22:44:13.767 [info] > git cat-file -s 2cfbd5069e93614b44a777b6700e1385cf5cd24e [3ms]
2024-09-08 22:44:19.594 [info] > git show --textconv :about.html [5ms]
2024-09-08 22:44:19.594 [info] > git ls-files --stage -- /root/repos/website/about.html [1ms]
2024-09-08 22:44:19.599 [info] > git cat-file -s 81313431a2792373bfef4fb379c6af270149a875 [2ms]
2024-09-08 22:44:49.873 [info] > git config --get commit.template [4ms]
2024-09-08 22:44:49.874 [info] > git for-each-ref --format=%(refname)%00%(upstream:short)%00%(objectname)%00%(upstream:track)%00%(upstream:remotename)%00%(upstream:remoteref) refs/heads/main refs/remotes/main [2ms]
2024-09-08 22:44:49.880 [info] > git status -z -uall [3ms]
2024-09-08 22:44:49.889 [info] > git for-each-ref --format=%(refname)%00%(upstream:short)%00%(objectname)%00%(upstream:track)%00%(upstream:remotename)%00%(upstream:remoteref) refs/heads/main refs/remotes/main [3ms]
2024-09-08 22:44:49.894 [info] > git config --local branch.main.vscode-merge-base [1ms]
2024-09-08 22:44:49.894 [warning] [Git][config] git config failed: Failed to execute git
2024-09-08 22:44:49.901 [info] > git reflog main --grep-reflog=branch: Created from *. [4ms]
2024-09-08 22:44:49.907 [info] > git symbolic-ref --short refs/remotes/origin/HEAD [2ms]
2024-09-08 22:44:49.907 [info] fatal: ref refs/remotes/origin/HEAD is not a symbolic ref
2024-09-08 22:44:58.181 [info] > git config --get commit.template [4ms]
2024-09-08 22:44:58.182 [info] > git for-each-ref --format=%(refname)%00%(upstream:short)%00%(objectname)%00%(upstream:track)%00%(upstream:remotename)%00%(upstream:remoteref) refs/heads/main refs/remotes/main [2ms]
2024-09-08 22:44:58.192 [info] > git status -z -uall [5ms]
2024-09-08 22:44:58.198 [info] > git for-each-ref --format=%(refname)%00%(upstream:short)%00%(objectname)%00%(upstream:track)%00%(upstream:remotename)%00%(upstream:remoteref) refs/heads/main refs/remotes/main [2ms]
2024-09-08 22:44:58.205 [info] > git config --local branch.main.vscode-merge-base [2ms]
2024-09-08 22:44:58.205 [warning] [Git][config] git config failed: Failed to execute git
2024-09-08 22:44:58.211 [info] > git reflog main --grep-reflog=branch: Created from *. [3ms]
2024-09-08 22:44:58.218 [info] > git symbolic-ref --short refs/remotes/origin/HEAD [2ms]
2024-09-08 22:44:58.218 [info] fatal: ref refs/remotes/origin/HEAD is not a symbolic ref
2024-09-08 22:44:59.308 [info] > git ls-files --stage -- /root/repos/website/about.html [5ms]
2024-09-08 22:44:59.324 [info] > git cat-file -s 1af96eb61386ae967eb38abe89db0d886af02ec1 [6ms]
2024-09-08 22:44:59.349 [info] > git show --textconv :about.html [4ms]
2024-09-08 22:45:03.633 [info] > git for-each-ref --format=%(refname)%00%(upstream:short)%00%(objectname)%00%(upstream:track)%00%(upstream:remotename)%00%(upstream:remoteref) refs/heads/main refs/remotes/main [3ms]
2024-09-08 22:45:03.633 [info] > git config --get commit.template [6ms]
2024-09-08 22:45:03.643 [info] > git status -z -uall [4ms]
2024-09-08 22:45:03.648 [info] > git for-each-ref --format=%(refname)%00%(upstream:short)%00%(objectname)%00%(upstream:track)%00%(upstream:remotename)%00%(upstream:remoteref) refs/heads/main refs/remotes/main [2ms]
2024-09-08 22:45:03.655 [info] > git config --local branch.main.vscode-merge-base [3ms]
2024-09-08 22:45:03.655 [warning] [Git][config] git config failed: Failed to execute git
2024-09-08 22:45:03.662 [info] > git reflog main --grep-reflog=branch: Created from *. [3ms]
2024-09-08 22:45:03.666 [info] > git symbolic-ref --short refs/remotes/origin/HEAD [1ms]
2024-09-08 22:45:03.666 [info] fatal: ref refs/remotes/origin/HEAD is not a symbolic ref
2024-09-08 22:45:52.383 [info] > git config --get commit.template [7ms]
2024-09-08 22:45:52.383 [info] > git for-each-ref --format=%(refname)%00%(upstream:short)%00%(objectname)%00%(upstream:track)%00%(upstream:remotename)%00%(upstream:remoteref) refs/heads/main refs/remotes/main [2ms]
2024-09-08 22:45:52.394 [info] > git status -z -uall [7ms]
2024-09-08 22:45:52.402 [info] > git for-each-ref --format=%(refname)%00%(upstream:short)%00%(objectname)%00%(upstream:track)%00%(upstream:remotename)%00%(upstream:remoteref) refs/heads/main refs/remotes/main [3ms]
2024-09-08 22:45:52.407 [info] > git config --local branch.main.vscode-merge-base [2ms]
2024-09-08 22:45:52.407 [warning] [Git][config] git config failed: Failed to execute git
2024-09-08 22:45:52.414 [info] > git reflog main --grep-reflog=branch: Created from *. [3ms]
2024-09-08 22:45:52.420 [info] > git symbolic-ref --short refs/remotes/origin/HEAD [3ms]
2024-09-08 22:45:52.420 [info] fatal: ref refs/remotes/origin/HEAD is not a symbolic ref
2024-09-08 22:45:52.428 [info] > git merge-base refs/heads/main refs/remotes/origin/main [4ms]
2024-09-08 22:45:52.437 [info] > git rev-list --count --left-right refs/heads/main...refs/remotes/origin/main [2ms]
2024-09-08 22:45:52.443 [info] > git diff --name-status -z --diff-filter=ADMR 26fadc9cd156d4d67b61f07f44db4d8c6e48a6ed...refs/remotes/origin/main [2ms]
2024-09-08 22:45:53.454 [info] > git config --get commit.template [13ms]
2024-09-08 22:45:53.459 [info] > git for-each-ref --format=%(refname)%00%(upstream:short)%00%(objectname)%00%(upstream:track)%00%(upstream:remotename)%00%(upstream:remoteref) refs/heads/main refs/remotes/main [6ms]
2024-09-08 22:45:53.481 [info] > git status -z -uall [10ms]
2024-09-08 22:45:53.493 [info] > git for-each-ref --format=%(refname)%00%(upstream:short)%00%(objectname)%00%(upstream:track)%00%(upstream:remotename)%00%(upstream:remoteref) refs/heads/main refs/remotes/main [4ms]
2024-09-08 22:45:53.502 [info] > git config --local branch.main.vscode-merge-base [3ms]
2024-09-08 22:45:53.502 [warning] [Git][config] git config failed: Failed to execute git
2024-09-08 22:45:53.513 [info] > git reflog main --grep-reflog=branch: Created from *. [5ms]
2024-09-08 22:45:53.521 [info] > git symbolic-ref --short refs/remotes/origin/HEAD [3ms]
2024-09-08 22:45:53.521 [info] fatal: ref refs/remotes/origin/HEAD is not a symbolic ref
2024-09-08 22:45:53.544 [info] > git ls-files --stage -- /root/repos/website/about.html [3ms]
2024-09-08 22:45:53.554 [info] > git cat-file -s 1af96eb61386ae967eb38abe89db0d886af02ec1 [3ms]
2024-09-08 22:45:53.570 [info] > git show --textconv :about.html [4ms]
2024-09-08 22:45:58.884 [info] > git config --get commit.template [6ms]
2024-09-08 22:45:58.886 [info] > git for-each-ref --format=%(refname)%00%(upstream:short)%00%(objectname)%00%(upstream:track)%00%(upstream:remotename)%00%(upstream:remoteref) refs/heads/main refs/remotes/main [1ms]
2024-09-08 22:45:58.896 [info] > git status -z -uall [5ms]
2024-09-08 22:45:58.906 [info] > git for-each-ref --format=%(refname)%00%(upstream:short)%00%(objectname)%00%(upstream:track)%00%(upstream:remotename)%00%(upstream:remoteref) refs/heads/main refs/remotes/main [4ms]
2024-09-08 22:45:58.911 [info] > git config --local branch.main.vscode-merge-base [2ms]
2024-09-08 22:45:58.911 [warning] [Git][config] git config failed: Failed to execute git
2024-09-08 22:45:58.918 [info] > git reflog main --grep-reflog=branch: Created from *. [3ms]
2024-09-08 22:45:58.924 [info] > git symbolic-ref --short refs/remotes/origin/HEAD [1ms]
2024-09-08 22:45:58.924 [info] fatal: ref refs/remotes/origin/HEAD is not a symbolic ref
2024-09-08 22:45:58.929 [info] > git merge-base refs/heads/main refs/remotes/origin/main [2ms]
2024-09-08 22:45:58.935 [info] > git rev-list --count --left-right refs/heads/main...refs/remotes/origin/main [2ms]
2024-09-08 22:45:58.941 [info] > git diff --name-status -z --diff-filter=ADMR 442fd75859dbdd3bcf78354babd9a3ccdb13e550...refs/remotes/origin/main [1ms]
2024-09-08 22:46:00.031 [info] > git config --get commit.template [6ms]
2024-09-08 22:46:00.034 [info] > git for-each-ref --format=%(refname)%00%(upstream:short)%00%(objectname)%00%(upstream:track)%00%(upstream:remotename)%00%(upstream:remoteref) refs/heads/main refs/remotes/main [4ms]
2024-09-08 22:46:00.047 [info] > git status -z -uall [6ms]
2024-09-08 22:46:00.058 [info] > git for-each-ref --format=%(refname)%00%(upstream:short)%00%(objectname)%00%(upstream:track)%00%(upstream:remotename)%00%(upstream:remoteref) refs/heads/main refs/remotes/main [4ms]
2024-09-08 22:46:00.066 [info] > git config --local branch.main.vscode-merge-base [2ms]
2024-09-08 22:46:00.066 [warning] [Git][config] git config failed: Failed to execute git
2024-09-08 22:46:00.077 [info] > git reflog main --grep-reflog=branch: Created from *. [3ms]
2024-09-08 22:46:00.084 [info] > git symbolic-ref --short refs/remotes/origin/HEAD [1ms]
2024-09-08 22:46:00.084 [info] fatal: ref refs/remotes/origin/HEAD is not a symbolic ref
2024-09-08 22:46:00.130 [info] > git ls-files --stage -- /root/repos/website/about.html [2ms]
2024-09-08 22:46:00.135 [info] > git cat-file -s 1af96eb61386ae967eb38abe89db0d886af02ec1 [1ms]
2024-09-08 22:46:00.145 [info] > git show --textconv :about.html [2ms]
2024-09-09 19:32:26.894 [info] > git show --textconv :index.html [5ms]
2024-09-09 19:32:26.895 [info] > git ls-files --stage -- /root/repos/website/index.html [2ms]
2024-09-09 19:32:26.900 [info] > git cat-file -s 2cfbd5069e93614b44a777b6700e1385cf5cd24e [3ms]
2024-09-09 19:32:28.484 [info] > git show --textconv :about.html [6ms]
2024-09-09 19:32:28.484 [info] > git ls-files --stage -- /root/repos/website/about.html [3ms]
2024-09-09 19:32:28.489 [info] > git cat-file -s 1af96eb61386ae967eb38abe89db0d886af02ec1 [2ms]
