2024-09-08 19:53:26.770 [info] Extension host with pid 440 started
2024-09-08 19:53:26.839 [info] Lock '/root/.vscode-server/data/User/workspaceStorage/988611df70b6445afdd99de613fad909/vscode.lock': Lock acquired.
2024-09-08 19:53:27.259 [info] ExtensionService#_doActivateExtension vscode.tunnel-forwarding, startup: false, activationEvent: 'onTunnel'
2024-09-08 19:53:27.274 [info] ExtensionService#_doActivateExtension vscode.emmet, startup: false, activationEvent: 'onLanguage'
2024-09-08 19:53:27.275 [info] ExtensionService#_doActivateExtension vscode.html-language-features, startup: false, activationEvent: 'onLanguage:html'
2024-09-08 19:53:27.276 [info] ExtensionService#_doActivateExtension george-alisson.html-preview-vscode, startup: false, activationEvent: 'onLanguage:html'
2024-09-08 19:53:29.100 [info] ExtensionService#_doActivateExtension vscode.git-base, startup: true, activationEvent: '*', root cause: vscode.git
2024-09-08 19:53:30.364 [info] ExtensionService#_doActivateExtension vscode.git, startup: true, activationEvent: '*'
2024-09-08 19:53:30.365 [info] ExtensionService#_doActivateExtension vscode.github, startup: true, activationEvent: '*'
2024-09-08 19:53:31.583 [info] Eager extensions activated
2024-09-08 19:53:31.584 [info] ExtensionService#_doActivateExtension vscode.debug-auto-launch, startup: false, activationEvent: 'onStartupFinished'
2024-09-08 19:53:31.585 [info] ExtensionService#_doActivateExtension vscode.merge-conflict, startup: false, activationEvent: 'onStartupFinished'
2024-09-08 19:53:31.586 [info] ExtensionService#_doActivateExtension ritwickdey.LiveServer, startup: false, activationEvent: 'onStartupFinished'
2024-09-08 19:56:17.297 [error] Error: Git error
	at ChildProcess.<anonymous> (/root/.vscode-server/bin/4849ca9bdf9666755eb463db297b69e5385090e3/extensions/git/dist/main.js:2:1031629)
	at ChildProcess.emit (node:events:531:35)
	at ChildProcess._handle.onexit (node:internal/child_process:294:12)
2024-09-08 19:56:17.297 [error] Error: Git error
	at ChildProcess.<anonymous> (/root/.vscode-server/bin/4849ca9bdf9666755eb463db297b69e5385090e3/extensions/git/dist/main.js:2:1031629)
	at ChildProcess.emit (node:events:531:35)
	at ChildProcess._handle.onexit (node:internal/child_process:294:12)
2024-09-08 19:56:17.297 [error] Error: Git error
	at ChildProcess.<anonymous> (/root/.vscode-server/bin/4849ca9bdf9666755eb463db297b69e5385090e3/extensions/git/dist/main.js:2:1031629)
	at ChildProcess.emit (node:events:531:35)
	at ChildProcess._handle.onexit (node:internal/child_process:294:12)
2024-09-08 19:56:17.297 [error] Error: Git error
	at ChildProcess.<anonymous> (/root/.vscode-server/bin/4849ca9bdf9666755eb463db297b69e5385090e3/extensions/git/dist/main.js:2:1031629)
	at ChildProcess.emit (node:events:531:35)
	at ChildProcess._handle.onexit (node:internal/child_process:294:12)
2024-09-08 19:56:17.298 [error] Error: Git error
	at ChildProcess.<anonymous> (/root/.vscode-server/bin/4849ca9bdf9666755eb463db297b69e5385090e3/extensions/git/dist/main.js:2:1031629)
	at ChildProcess.emit (node:events:531:35)
	at ChildProcess._handle.onexit (node:internal/child_process:294:12)
2024-09-08 19:56:17.298 [error] Error: Git error
	at ChildProcess.<anonymous> (/root/.vscode-server/bin/4849ca9bdf9666755eb463db297b69e5385090e3/extensions/git/dist/main.js:2:1031629)
	at ChildProcess.emit (node:events:531:35)
	at ChildProcess._handle.onexit (node:internal/child_process:294:12)
2024-09-08 19:56:17.298 [error] Error: Git error
	at ChildProcess.<anonymous> (/root/.vscode-server/bin/4849ca9bdf9666755eb463db297b69e5385090e3/extensions/git/dist/main.js:2:1031629)
	at ChildProcess.emit (node:events:531:35)
	at ChildProcess._handle.onexit (node:internal/child_process:294:12)
2024-09-08 19:56:17.298 [error] Error: Git error
	at ChildProcess.<anonymous> (/root/.vscode-server/bin/4849ca9bdf9666755eb463db297b69e5385090e3/extensions/git/dist/main.js:2:1031629)
	at ChildProcess.emit (node:events:531:35)
	at ChildProcess._handle.onexit (node:internal/child_process:294:12)
2024-09-08 19:56:17.298 [error] Error: Git error
	at ChildProcess.<anonymous> (/root/.vscode-server/bin/4849ca9bdf9666755eb463db297b69e5385090e3/extensions/git/dist/main.js:2:1031629)
	at ChildProcess.emit (node:events:531:35)
	at ChildProcess._handle.onexit (node:internal/child_process:294:12)
2024-09-08 19:56:17.298 [error] Error: Git error
	at ChildProcess.<anonymous> (/root/.vscode-server/bin/4849ca9bdf9666755eb463db297b69e5385090e3/extensions/git/dist/main.js:2:1031629)
	at ChildProcess.emit (node:events:531:35)
	at ChildProcess._handle.onexit (node:internal/child_process:294:12)
2024-09-08 19:56:17.298 [error] Error: Git error
	at ChildProcess.<anonymous> (/root/.vscode-server/bin/4849ca9bdf9666755eb463db297b69e5385090e3/extensions/git/dist/main.js:2:1031629)
	at ChildProcess.emit (node:events:531:35)
	at ChildProcess._handle.onexit (node:internal/child_process:294:12)
2024-09-08 19:56:17.298 [error] Error: Git error
	at ChildProcess.<anonymous> (/root/.vscode-server/bin/4849ca9bdf9666755eb463db297b69e5385090e3/extensions/git/dist/main.js:2:1031629)
	at ChildProcess.emit (node:events:531:35)
	at ChildProcess._handle.onexit (node:internal/child_process:294:12)
2024-09-08 19:56:18.299 [error] Error: Git error
	at ChildProcess.<anonymous> (/root/.vscode-server/bin/4849ca9bdf9666755eb463db297b69e5385090e3/extensions/git/dist/main.js:2:1031629)
	at ChildProcess.emit (node:events:531:35)
	at ChildProcess._handle.onexit (node:internal/child_process:294:12)
2024-09-08 19:56:18.302 [error] Error: Git error
	at ChildProcess.<anonymous> (/root/.vscode-server/bin/4849ca9bdf9666755eb463db297b69e5385090e3/extensions/git/dist/main.js:2:1031629)
	at ChildProcess.emit (node:events:531:35)
	at ChildProcess._handle.onexit (node:internal/child_process:294:12)
2024-09-08 19:56:18.303 [error] Error: Git error
	at ChildProcess.<anonymous> (/root/.vscode-server/bin/4849ca9bdf9666755eb463db297b69e5385090e3/extensions/git/dist/main.js:2:1031629)
	at ChildProcess.emit (node:events:531:35)
	at ChildProcess._handle.onexit (node:internal/child_process:294:12)
2024-09-08 19:56:18.304 [error] Error: Git error
	at ChildProcess.<anonymous> (/root/.vscode-server/bin/4849ca9bdf9666755eb463db297b69e5385090e3/extensions/git/dist/main.js:2:1031629)
	at ChildProcess.emit (node:events:531:35)
	at ChildProcess._handle.onexit (node:internal/child_process:294:12)
2024-09-08 19:56:18.305 [error] Error: Git error
	at ChildProcess.<anonymous> (/root/.vscode-server/bin/4849ca9bdf9666755eb463db297b69e5385090e3/extensions/git/dist/main.js:2:1031629)
	at ChildProcess.emit (node:events:531:35)
	at ChildProcess._handle.onexit (node:internal/child_process:294:12)
2024-09-08 19:56:18.306 [error] Error: Git error
	at ChildProcess.<anonymous> (/root/.vscode-server/bin/4849ca9bdf9666755eb463db297b69e5385090e3/extensions/git/dist/main.js:2:1031629)
	at ChildProcess.emit (node:events:531:35)
	at ChildProcess._handle.onexit (node:internal/child_process:294:12)
2024-09-08 19:56:18.306 [error] Error: Git error
	at ChildProcess.<anonymous> (/root/.vscode-server/bin/4849ca9bdf9666755eb463db297b69e5385090e3/extensions/git/dist/main.js:2:1031629)
	at ChildProcess.emit (node:events:531:35)
	at ChildProcess._handle.onexit (node:internal/child_process:294:12)
2024-09-08 19:56:18.307 [error] Error: Git error
	at ChildProcess.<anonymous> (/root/.vscode-server/bin/4849ca9bdf9666755eb463db297b69e5385090e3/extensions/git/dist/main.js:2:1031629)
	at ChildProcess.emit (node:events:531:35)
	at ChildProcess._handle.onexit (node:internal/child_process:294:12)
2024-09-08 19:56:18.308 [error] Error: Git error
	at ChildProcess.<anonymous> (/root/.vscode-server/bin/4849ca9bdf9666755eb463db297b69e5385090e3/extensions/git/dist/main.js:2:1031629)
	at ChildProcess.emit (node:events:531:35)
	at ChildProcess._handle.onexit (node:internal/child_process:294:12)
2024-09-08 19:56:18.309 [error] Error: Git error
	at ChildProcess.<anonymous> (/root/.vscode-server/bin/4849ca9bdf9666755eb463db297b69e5385090e3/extensions/git/dist/main.js:2:1031629)
	at ChildProcess.emit (node:events:531:35)
	at ChildProcess._handle.onexit (node:internal/child_process:294:12)
2024-09-08 19:56:18.310 [error] Error: Git error
	at ChildProcess.<anonymous> (/root/.vscode-server/bin/4849ca9bdf9666755eb463db297b69e5385090e3/extensions/git/dist/main.js:2:1031629)
	at ChildProcess.emit (node:events:531:35)
	at ChildProcess._handle.onexit (node:internal/child_process:294:12)
2024-09-08 19:56:18.311 [error] Error: Git error
	at ChildProcess.<anonymous> (/root/.vscode-server/bin/4849ca9bdf9666755eb463db297b69e5385090e3/extensions/git/dist/main.js:2:1031629)
	at ChildProcess.emit (node:events:531:35)
	at ChildProcess._handle.onexit (node:internal/child_process:294:12)
2024-09-08 19:56:39.804 [info] Extension host terminating: received terminate message from renderer
2024-09-08 19:56:39.805 [info] Lock '/root/.vscode-server/data/User/workspaceStorage/988611df70b6445afdd99de613fad909/vscode.lock': Marking the lockfile as scheduled to be released in 6000 ms.
2024-09-08 19:56:39.873 [error] Canceled: Canceled
	at new D (/root/.vscode-server/bin/4849ca9bdf9666755eb463db297b69e5385090e3/out/vs/workbench/api/node/extensionHostProcess.js:151:35235)
	at y.U (/root/.vscode-server/bin/4849ca9bdf9666755eb463db297b69e5385090e3/out/vs/workbench/api/node/extensionHostProcess.js:158:6005)
	at V.<computed>.F.charCodeAt.A.CharCode.DollarSign.V.<computed> (/root/.vscode-server/bin/4849ca9bdf9666755eb463db297b69e5385090e3/out/vs/workbench/api/node/extensionHostProcess.js:158:3107)
	at h.g (/root/.vscode-server/bin/4849ca9bdf9666755eb463db297b69e5385090e3/out/vs/workbench/api/node/extensionHostProcess.js:161:210015)
	at h.executeCommand (/root/.vscode-server/bin/4849ca9bdf9666755eb463db297b69e5385090e3/out/vs/workbench/api/node/extensionHostProcess.js:161:209453)
	at C.registerCommand.description (/root/.vscode-server/bin/4849ca9bdf9666755eb463db297b69e5385090e3/out/vs/workbench/api/node/extensionHostProcess.js:161:208777)
	at h (/root/.vscode-server/bin/4849ca9bdf9666755eb463db297b69e5385090e3/out/vs/workbench/api/node/extensionHostProcess.js:161:210554)
	at h.g (/root/.vscode-server/bin/4849ca9bdf9666755eb463db297b69e5385090e3/out/vs/workbench/api/node/extensionHostProcess.js:161:209546)
	at h.executeCommand (/root/.vscode-server/bin/4849ca9bdf9666755eb463db297b69e5385090e3/out/vs/workbench/api/node/extensionHostProcess.js:161:209453)
	at Object.executeCommand (/root/.vscode-server/bin/4849ca9bdf9666755eb463db297b69e5385090e3/out/vs/workbench/api/node/extensionHostProcess.js:171:30683)
	at i.O [as value] (/root/.vscode-server/bin/4849ca9bdf9666755eb463db297b69e5385090e3/extensions/git/dist/main.js:2:952009)
	at r.B (/root/.vscode-server/bin/4849ca9bdf9666755eb463db297b69e5385090e3/out/vs/workbench/api/node/extensionHostProcess.js:90:732)
	at r.C (/root/.vscode-server/bin/4849ca9bdf9666755eb463db297b69e5385090e3/out/vs/workbench/api/node/extensionHostProcess.js:90:802)
	at r.fire (/root/.vscode-server/bin/4849ca9bdf9666755eb463db297b69e5385090e3/out/vs/workbench/api/node/extensionHostProcess.js:90:1018)
	at Object.p [as dispose] (/root/.vscode-server/bin/4849ca9bdf9666755eb463db297b69e5385090e3/extensions/git/dist/main.js:2:972587)
	at /root/.vscode-server/bin/4849ca9bdf9666755eb463db297b69e5385090e3/extensions/git/dist/main.js:2:978709
	at Array.forEach (<anonymous>)
	at f.dispose (/root/.vscode-server/bin/4849ca9bdf9666755eb463db297b69e5385090e3/extensions/git/dist/main.js:2:978695)
	at o.<anonymous> (/root/.vscode-server/bin/4849ca9bdf9666755eb463db297b69e5385090e3/out/vs/workbench/api/node/extensionHostProcess.js:159:4176)
	at o.dispose (/root/.vscode-server/bin/4849ca9bdf9666755eb463db297b69e5385090e3/out/vs/workbench/api/node/extensionHostProcess.js:159:4273)
	at o.<anonymous> (/root/.vscode-server/bin/4849ca9bdf9666755eb463db297b69e5385090e3/extensions/git/dist/main.js:2:954307)
	at o.dispose (/root/.vscode-server/bin/4849ca9bdf9666755eb463db297b69e5385090e3/out/vs/workbench/api/node/extensionHostProcess.js:159:4273)
	at $ (/root/.vscode-server/bin/4849ca9bdf9666755eb463db297b69e5385090e3/out/vs/workbench/api/node/extensionHostProcess.js:30:744)
	at /root/.vscode-server/bin/4849ca9bdf9666755eb463db297b69e5385090e3/out/vs/workbench/api/node/extensionHostProcess.js:167:13607
	at /root/.vscode-server/bin/4849ca9bdf9666755eb463db297b69e5385090e3/out/vs/workbench/api/node/extensionHostProcess.js:30:1112
	at Object.dispose (/root/.vscode-server/bin/4849ca9bdf9666755eb463db297b69e5385090e3/out/vs/workbench/api/node/extensionHostProcess.js:11:11463)
	at m.eb (/root/.vscode-server/bin/4849ca9bdf9666755eb463db297b69e5385090e3/out/vs/workbench/api/node/extensionHostProcess.js:167:10282)
	at /root/.vscode-server/bin/4849ca9bdf9666755eb463db297b69e5385090e3/out/vs/workbench/api/node/extensionHostProcess.js:167:8153
	at Array.map (<anonymous>)
	at m.$ (/root/.vscode-server/bin/4849ca9bdf9666755eb463db297b69e5385090e3/out/vs/workbench/api/node/extensionHostProcess.js:167:8140)
	at m.terminate (/root/.vscode-server/bin/4849ca9bdf9666755eb463db297b69e5385090e3/out/vs/workbench/api/node/extensionHostProcess.js:167:8413)
	at $.terminate (/root/.vscode-server/bin/4849ca9bdf9666755eb463db297b69e5385090e3/out/vs/workbench/api/node/extensionHostProcess.js:171:1513)
	at n (/root/.vscode-server/bin/4849ca9bdf9666755eb463db297b69e5385090e3/out/vs/workbench/api/node/extensionHostProcess.js:184:10613)
	at i.value (/root/.vscode-server/bin/4849ca9bdf9666755eb463db297b69e5385090e3/out/vs/workbench/api/node/extensionHostProcess.js:184:8581)
	at r.B (/root/.vscode-server/bin/4849ca9bdf9666755eb463db297b69e5385090e3/out/vs/workbench/api/node/extensionHostProcess.js:90:732)
	at r.fire (/root/.vscode-server/bin/4849ca9bdf9666755eb463db297b69e5385090e3/out/vs/workbench/api/node/extensionHostProcess.js:90:949)
	at a.fire (/root/.vscode-server/bin/4849ca9bdf9666755eb463db297b69e5385090e3/out/vs/workbench/api/node/extensionHostProcess.js:115:14463)
	at h.A (/root/.vscode-server/bin/4849ca9bdf9666755eb463db297b69e5385090e3/out/vs/workbench/api/node/extensionHostProcess.js:115:17622)
	at i.value (/root/.vscode-server/bin/4849ca9bdf9666755eb463db297b69e5385090e3/out/vs/workbench/api/node/extensionHostProcess.js:115:15980)
	at r.B (/root/.vscode-server/bin/4849ca9bdf9666755eb463db297b69e5385090e3/out/vs/workbench/api/node/extensionHostProcess.js:90:732)
	at r.fire (/root/.vscode-server/bin/4849ca9bdf9666755eb463db297b69e5385090e3/out/vs/workbench/api/node/extensionHostProcess.js:90:949)
	at m.acceptChunk (/root/.vscode-server/bin/4849ca9bdf9666755eb463db297b69e5385090e3/out/vs/workbench/api/node/extensionHostProcess.js:115:12209)
	at i.value (/root/.vscode-server/bin/4849ca9bdf9666755eb463db297b69e5385090e3/out/vs/workbench/api/node/extensionHostProcess.js:115:11479)
	at r.B (/root/.vscode-server/bin/4849ca9bdf9666755eb463db297b69e5385090e3/out/vs/workbench/api/node/extensionHostProcess.js:90:732)
	at r.fire (/root/.vscode-server/bin/4849ca9bdf9666755eb463db297b69e5385090e3/out/vs/workbench/api/node/extensionHostProcess.js:90:949)
	at a.z (/root/.vscode-server/bin/4849ca9bdf9666755eb463db297b69e5385090e3/out/vs/workbench/api/node/extensionHostProcess.js:181:21815)
	at a.acceptFrame (/root/.vscode-server/bin/4849ca9bdf9666755eb463db297b69e5385090e3/out/vs/workbench/api/node/extensionHostProcess.js:181:21621)
	at i.n (/root/.vscode-server/bin/4849ca9bdf9666755eb463db297b69e5385090e3/out/vs/workbench/api/node/extensionHostProcess.js:181:20066)
	at /root/.vscode-server/bin/4849ca9bdf9666755eb463db297b69e5385090e3/out/vs/workbench/api/node/extensionHostProcess.js:181:16993
	at Socket.b (/root/.vscode-server/bin/4849ca9bdf9666755eb463db297b69e5385090e3/out/vs/workbench/api/node/extensionHostProcess.js:181:14623)
	at Socket.emit (node:events:519:28)
	at addChunk (node:internal/streams/readable:559:12)
	at readableAddChunkPushByteMode (node:internal/streams/readable:510:3)
	at Readable.push (node:internal/streams/readable:390:5)
	at TCP.onStreamRead (node:internal/stream_base_commons:191:23) setContext undefined
2024-09-08 19:56:39.875 [error] Canceled: Canceled
	at new D (/root/.vscode-server/bin/4849ca9bdf9666755eb463db297b69e5385090e3/out/vs/workbench/api/node/extensionHostProcess.js:151:35235)
	at y.U (/root/.vscode-server/bin/4849ca9bdf9666755eb463db297b69e5385090e3/out/vs/workbench/api/node/extensionHostProcess.js:158:6005)
	at V.<computed>.F.charCodeAt.A.CharCode.DollarSign.V.<computed> (/root/.vscode-server/bin/4849ca9bdf9666755eb463db297b69e5385090e3/out/vs/workbench/api/node/extensionHostProcess.js:158:3107)
	at h.g (/root/.vscode-server/bin/4849ca9bdf9666755eb463db297b69e5385090e3/out/vs/workbench/api/node/extensionHostProcess.js:161:210015)
	at h.executeCommand (/root/.vscode-server/bin/4849ca9bdf9666755eb463db297b69e5385090e3/out/vs/workbench/api/node/extensionHostProcess.js:161:209453)
	at C.registerCommand.description (/root/.vscode-server/bin/4849ca9bdf9666755eb463db297b69e5385090e3/out/vs/workbench/api/node/extensionHostProcess.js:161:208777)
	at h (/root/.vscode-server/bin/4849ca9bdf9666755eb463db297b69e5385090e3/out/vs/workbench/api/node/extensionHostProcess.js:161:210554)
	at h.g (/root/.vscode-server/bin/4849ca9bdf9666755eb463db297b69e5385090e3/out/vs/workbench/api/node/extensionHostProcess.js:161:209546)
	at h.executeCommand (/root/.vscode-server/bin/4849ca9bdf9666755eb463db297b69e5385090e3/out/vs/workbench/api/node/extensionHostProcess.js:161:209453)
	at Object.executeCommand (/root/.vscode-server/bin/4849ca9bdf9666755eb463db297b69e5385090e3/out/vs/workbench/api/node/extensionHostProcess.js:171:30683)
	at set hasGitHubRepositories [as hasGitHubRepositories] (/root/.vscode-server/bin/4849ca9bdf9666755eb463db297b69e5385090e3/extensions/github/dist/extension.js:2:322969)
	at /root/.vscode-server/bin/4849ca9bdf9666755eb463db297b69e5385090e3/extensions/github/dist/extension.js:2:323928
	at i.value (/root/.vscode-server/bin/4849ca9bdf9666755eb463db297b69e5385090e3/extensions/git/dist/main.js:2:1060944)
	at r.B (/root/.vscode-server/bin/4849ca9bdf9666755eb463db297b69e5385090e3/out/vs/workbench/api/node/extensionHostProcess.js:90:732)
	at r.C (/root/.vscode-server/bin/4849ca9bdf9666755eb463db297b69e5385090e3/out/vs/workbench/api/node/extensionHostProcess.js:90:802)
	at r.fire (/root/.vscode-server/bin/4849ca9bdf9666755eb463db297b69e5385090e3/out/vs/workbench/api/node/extensionHostProcess.js:90:1018)
	at Object.p [as dispose] (/root/.vscode-server/bin/4849ca9bdf9666755eb463db297b69e5385090e3/extensions/git/dist/main.js:2:972587)
	at /root/.vscode-server/bin/4849ca9bdf9666755eb463db297b69e5385090e3/extensions/git/dist/main.js:2:978709
	at Array.forEach (<anonymous>)
	at f.dispose (/root/.vscode-server/bin/4849ca9bdf9666755eb463db297b69e5385090e3/extensions/git/dist/main.js:2:978695)
	at o.<anonymous> (/root/.vscode-server/bin/4849ca9bdf9666755eb463db297b69e5385090e3/out/vs/workbench/api/node/extensionHostProcess.js:159:4176)
	at o.dispose (/root/.vscode-server/bin/4849ca9bdf9666755eb463db297b69e5385090e3/out/vs/workbench/api/node/extensionHostProcess.js:159:4273)
	at o.<anonymous> (/root/.vscode-server/bin/4849ca9bdf9666755eb463db297b69e5385090e3/extensions/git/dist/main.js:2:954307)
	at o.dispose (/root/.vscode-server/bin/4849ca9bdf9666755eb463db297b69e5385090e3/out/vs/workbench/api/node/extensionHostProcess.js:159:4273)
	at $ (/root/.vscode-server/bin/4849ca9bdf9666755eb463db297b69e5385090e3/out/vs/workbench/api/node/extensionHostProcess.js:30:744)
	at /root/.vscode-server/bin/4849ca9bdf9666755eb463db297b69e5385090e3/out/vs/workbench/api/node/extensionHostProcess.js:167:13607
	at /root/.vscode-server/bin/4849ca9bdf9666755eb463db297b69e5385090e3/out/vs/workbench/api/node/extensionHostProcess.js:30:1112
	at Object.dispose (/root/.vscode-server/bin/4849ca9bdf9666755eb463db297b69e5385090e3/out/vs/workbench/api/node/extensionHostProcess.js:11:11463)
	at m.eb (/root/.vscode-server/bin/4849ca9bdf9666755eb463db297b69e5385090e3/out/vs/workbench/api/node/extensionHostProcess.js:167:10282)
	at /root/.vscode-server/bin/4849ca9bdf9666755eb463db297b69e5385090e3/out/vs/workbench/api/node/extensionHostProcess.js:167:8153
	at Array.map (<anonymous>)
	at m.$ (/root/.vscode-server/bin/4849ca9bdf9666755eb463db297b69e5385090e3/out/vs/workbench/api/node/extensionHostProcess.js:167:8140)
	at m.terminate (/root/.vscode-server/bin/4849ca9bdf9666755eb463db297b69e5385090e3/out/vs/workbench/api/node/extensionHostProcess.js:167:8413)
	at $.terminate (/root/.vscode-server/bin/4849ca9bdf9666755eb463db297b69e5385090e3/out/vs/workbench/api/node/extensionHostProcess.js:171:1513)
	at n (/root/.vscode-server/bin/4849ca9bdf9666755eb463db297b69e5385090e3/out/vs/workbench/api/node/extensionHostProcess.js:184:10613)
	at i.value (/root/.vscode-server/bin/4849ca9bdf9666755eb463db297b69e5385090e3/out/vs/workbench/api/node/extensionHostProcess.js:184:8581)
	at r.B (/root/.vscode-server/bin/4849ca9bdf9666755eb463db297b69e5385090e3/out/vs/workbench/api/node/extensionHostProcess.js:90:732)
	at r.fire (/root/.vscode-server/bin/4849ca9bdf9666755eb463db297b69e5385090e3/out/vs/workbench/api/node/extensionHostProcess.js:90:949)
	at a.fire (/root/.vscode-server/bin/4849ca9bdf9666755eb463db297b69e5385090e3/out/vs/workbench/api/node/extensionHostProcess.js:115:14463)
	at h.A (/root/.vscode-server/bin/4849ca9bdf9666755eb463db297b69e5385090e3/out/vs/workbench/api/node/extensionHostProcess.js:115:17622)
	at i.value (/root/.vscode-server/bin/4849ca9bdf9666755eb463db297b69e5385090e3/out/vs/workbench/api/node/extensionHostProcess.js:115:15980)
	at r.B (/root/.vscode-server/bin/4849ca9bdf9666755eb463db297b69e5385090e3/out/vs/workbench/api/node/extensionHostProcess.js:90:732)
	at r.fire (/root/.vscode-server/bin/4849ca9bdf9666755eb463db297b69e5385090e3/out/vs/workbench/api/node/extensionHostProcess.js:90:949)
	at m.acceptChunk (/root/.vscode-server/bin/4849ca9bdf9666755eb463db297b69e5385090e3/out/vs/workbench/api/node/extensionHostProcess.js:115:12209)
	at i.value (/root/.vscode-server/bin/4849ca9bdf9666755eb463db297b69e5385090e3/out/vs/workbench/api/node/extensionHostProcess.js:115:11479)
	at r.B (/root/.vscode-server/bin/4849ca9bdf9666755eb463db297b69e5385090e3/out/vs/workbench/api/node/extensionHostProcess.js:90:732)
	at r.fire (/root/.vscode-server/bin/4849ca9bdf9666755eb463db297b69e5385090e3/out/vs/workbench/api/node/extensionHostProcess.js:90:949)
	at a.z (/root/.vscode-server/bin/4849ca9bdf9666755eb463db297b69e5385090e3/out/vs/workbench/api/node/extensionHostProcess.js:181:21815)
	at a.acceptFrame (/root/.vscode-server/bin/4849ca9bdf9666755eb463db297b69e5385090e3/out/vs/workbench/api/node/extensionHostProcess.js:181:21621)
	at i.n (/root/.vscode-server/bin/4849ca9bdf9666755eb463db297b69e5385090e3/out/vs/workbench/api/node/extensionHostProcess.js:181:20066)
	at /root/.vscode-server/bin/4849ca9bdf9666755eb463db297b69e5385090e3/out/vs/workbench/api/node/extensionHostProcess.js:181:16993
	at Socket.b (/root/.vscode-server/bin/4849ca9bdf9666755eb463db297b69e5385090e3/out/vs/workbench/api/node/extensionHostProcess.js:181:14623)
	at Socket.emit (node:events:519:28)
	at addChunk (node:internal/streams/readable:559:12)
	at readableAddChunkPushByteMode (node:internal/streams/readable:510:3)
	at Readable.push (node:internal/streams/readable:390:5)
	at TCP.onStreamRead (node:internal/stream_base_commons:191:23) setContext undefined
2024-09-08 19:56:39.878 [info] Extension host with pid 440 exiting with code 0
