2024-09-07 20:50:29.346 [info] [main] ログ レベル: Info
2024-09-07 20:50:29.346 [info] [main] Git の検証が検出されました: "git"
2024-09-07 20:50:29.346 [info] [main] "git" から Git "2.34.1" を使用しています
2024-09-07 20:50:29.346 [info] [Model][doInitialScan] Initial repository scan started
2024-09-07 20:50:29.346 [info] > git rev-parse --show-toplevel [6ms]
2024-09-07 20:50:29.353 [info] > git rev-parse --show-toplevel [3ms]
2024-09-07 20:50:29.359 [info] > git rev-parse --git-dir --git-common-dir [2ms]
2024-09-07 20:50:29.388 [info] [Model][openRepository] Opened repository: /root/repos/website
2024-09-07 20:50:29.397 [info] [Model][doInitialScan] Initial repository scan completed - repositories (1), closed repositories (0), parent repositories (1), unsafe repositories (0)
2024-09-07 20:50:29.409 [info] > git rev-parse --show-toplevel [3ms]
2024-09-07 20:50:29.411 [info] > git config --get commit.template [8ms]
2024-09-07 20:50:29.418 [info] > git for-each-ref --format=%(refname)%00%(upstream:short)%00%(objectname)%00%(upstream:track)%00%(upstream:remotename)%00%(upstream:remoteref) refs/heads/main refs/remotes/main [3ms]
2024-09-07 20:50:29.429 [info] > git status -z -uall [3ms]
2024-09-07 20:50:29.471 [info] > git for-each-ref --format=%(refname)%00%(upstream:short)%00%(objectname)%00%(upstream:track)%00%(upstream:remotename)%00%(upstream:remoteref) refs/heads/main refs/remotes/main [37ms]
2024-09-07 20:50:29.481 [info] > git config --local branch.main.vscode-merge-base [5ms]
2024-09-07 20:50:29.481 [warning] [Git][config] git config failed: Failed to execute git
2024-09-07 20:50:29.485 [info] > git config --get commit.template [14ms]
2024-09-07 20:50:29.491 [info] > git reflog main --grep-reflog=branch: Created from *. [7ms]
2024-09-07 20:50:29.498 [info] > git for-each-ref --format=%(refname)%00%(upstream:short)%00%(objectname)%00%(upstream:track)%00%(upstream:remotename)%00%(upstream:remoteref) refs/heads/main refs/remotes/main [10ms]
2024-09-07 20:50:29.501 [info] > git symbolic-ref --short refs/remotes/origin/HEAD [7ms]
2024-09-07 20:50:29.501 [info] fatal: ref refs/remotes/origin/HEAD is not a symbolic ref
2024-09-07 20:50:29.513 [info] > git status -z -uall [3ms]
2024-09-07 20:50:29.513 [info] > git merge-base refs/heads/main refs/remotes/origin/main [8ms]
2024-09-07 20:50:29.537 [info] > git for-each-ref --format=%(refname)%00%(upstream:short)%00%(objectname)%00%(upstream:track)%00%(upstream:remotename)%00%(upstream:remoteref) refs/heads/main refs/remotes/main [7ms]
2024-09-07 20:50:29.542 [info] > git rev-list --count --left-right refs/heads/main...refs/remotes/origin/main [24ms]
2024-09-07 20:50:29.549 [info] > git config --local branch.main.vscode-merge-base [7ms]
2024-09-07 20:50:29.549 [warning] [Git][config] git config failed: Failed to execute git
2024-09-07 20:50:29.554 [info] > git diff --name-status -z --diff-filter=ADMR 4ea292ad8b78fef4e4381b9e585b49202716a580...refs/remotes/origin/main [8ms]
2024-09-07 20:50:29.556 [info] > git reflog main --grep-reflog=branch: Created from *. [4ms]
2024-09-07 20:50:29.562 [info] > git symbolic-ref --short refs/remotes/origin/HEAD [2ms]
2024-09-07 20:50:29.562 [info] fatal: ref refs/remotes/origin/HEAD is not a symbolic ref
2024-09-07 20:50:30.037 [info] > git check-ignore -v -z --stdin [22ms]
2024-09-07 20:50:30.038 [info] > git rev-parse --show-toplevel [4ms]
2024-09-07 20:50:30.154 [info] > git show --textconv :README.md [12ms]
2024-09-07 20:50:30.154 [info] > git ls-files --stage -- /root/repos/website/README.md [9ms]
2024-09-07 20:50:30.159 [info] > git rev-parse --show-toplevel [6ms]
2024-09-07 20:50:30.160 [info] > git cat-file -s ffaadf8261ce84146d2ff8b3407171054b3c67b6 [3ms]
2024-09-07 20:50:30.550 [info] > git rev-parse --show-toplevel [1ms]
2024-09-07 20:50:30.974 [info] > git check-ignore -v -z --stdin [1ms]
2024-09-07 20:52:01.261 [info] > git show --textconv :tmp/website-copy/about.html [5ms]
2024-09-07 20:52:01.262 [info] > git ls-files --stage -- /root/repos/website/tmp/website-copy/about.html [3ms]
2024-09-07 20:54:51.801 [info] > git show --textconv :tmp/website-copy/about.html [3ms]
2024-09-07 20:54:51.803 [info] > git ls-files --stage -- /root/repos/website/tmp/website-copy/about.html [2ms]
2024-09-07 20:55:47.134 [info] > git config --get commit.template [5ms]
2024-09-07 20:55:47.135 [info] > git for-each-ref --format=%(refname)%00%(upstream:short)%00%(objectname)%00%(upstream:track)%00%(upstream:remotename)%00%(upstream:remoteref) refs/heads/main refs/remotes/main [3ms]
2024-09-07 20:55:47.142 [info] > git status -z -uall [2ms]
2024-09-07 20:55:47.153 [info] > git for-each-ref --format=%(refname)%00%(upstream:short)%00%(objectname)%00%(upstream:track)%00%(upstream:remotename)%00%(upstream:remoteref) refs/heads/main refs/remotes/main [5ms]
2024-09-07 20:55:47.160 [info] > git config --local branch.main.vscode-merge-base [2ms]
2024-09-07 20:55:47.160 [warning] [Git][config] git config failed: Failed to execute git
2024-09-07 20:55:47.167 [info] > git reflog main --grep-reflog=branch: Created from *. [3ms]
2024-09-07 20:55:47.172 [info] > git symbolic-ref --short refs/remotes/origin/HEAD [2ms]
2024-09-07 20:55:47.172 [info] fatal: ref refs/remotes/origin/HEAD is not a symbolic ref
2024-09-07 20:56:49.021 [info] > git config --get commit.template [4ms]
2024-09-07 20:56:49.022 [info] > git for-each-ref --format=%(refname)%00%(upstream:short)%00%(objectname)%00%(upstream:track)%00%(upstream:remotename)%00%(upstream:remoteref) refs/heads/main refs/remotes/main [2ms]
2024-09-07 20:56:49.027 [info] > git status -z -uall [1ms]
2024-09-07 20:56:49.037 [info] > git for-each-ref --format=%(refname)%00%(upstream:short)%00%(objectname)%00%(upstream:track)%00%(upstream:remotename)%00%(upstream:remoteref) refs/heads/main refs/remotes/main [2ms]
2024-09-07 20:56:49.042 [info] > git config --local branch.main.vscode-merge-base [2ms]
2024-09-07 20:56:49.042 [warning] [Git][config] git config failed: Failed to execute git
2024-09-07 20:56:49.048 [info] > git reflog main --grep-reflog=branch: Created from *. [3ms]
2024-09-07 20:56:49.054 [info] > git symbolic-ref --short refs/remotes/origin/HEAD [3ms]
2024-09-07 20:56:49.054 [info] fatal: ref refs/remotes/origin/HEAD is not a symbolic ref
2024-09-07 20:56:54.366 [info] > git config --get commit.template [4ms]
2024-09-07 20:56:54.375 [info] > git for-each-ref --format=%(refname)%00%(upstream:short)%00%(objectname)%00%(upstream:track)%00%(upstream:remotename)%00%(upstream:remoteref) refs/heads/main refs/remotes/main [3ms]
2024-09-07 20:56:54.388 [info] > git status -z -uall [6ms]
2024-09-07 20:56:54.399 [info] > git for-each-ref --format=%(refname)%00%(upstream:short)%00%(objectname)%00%(upstream:track)%00%(upstream:remotename)%00%(upstream:remoteref) refs/heads/main refs/remotes/main [3ms]
2024-09-07 20:56:54.404 [info] > git config --local branch.main.vscode-merge-base [1ms]
2024-09-07 20:56:54.404 [warning] [Git][config] git config failed: Failed to execute git
2024-09-07 20:56:54.410 [info] > git reflog main --grep-reflog=branch: Created from *. [3ms]
2024-09-07 20:56:54.414 [info] > git symbolic-ref --short refs/remotes/origin/HEAD [1ms]
2024-09-07 20:56:54.414 [info] fatal: ref refs/remotes/origin/HEAD is not a symbolic ref
2024-09-07 21:08:41.264 [info] > git config --get commit.template [4ms]
2024-09-07 21:08:41.273 [info] > git for-each-ref --format=%(refname)%00%(upstream:short)%00%(objectname)%00%(upstream:track)%00%(upstream:remotename)%00%(upstream:remoteref) refs/heads/main refs/remotes/main [3ms]
2024-09-07 21:08:41.284 [info] > git status -z -uall [5ms]
2024-09-07 21:08:41.299 [info] > git for-each-ref --format=%(refname)%00%(upstream:short)%00%(objectname)%00%(upstream:track)%00%(upstream:remotename)%00%(upstream:remoteref) refs/heads/main refs/remotes/main [8ms]
2024-09-07 21:08:41.305 [info] > git config --local branch.main.vscode-merge-base [1ms]
2024-09-07 21:08:41.306 [warning] [Git][config] git config failed: Failed to execute git
2024-09-07 21:08:41.314 [info] > git reflog main --grep-reflog=branch: Created from *. [3ms]
2024-09-07 21:08:41.318 [info] > git symbolic-ref --short refs/remotes/origin/HEAD [2ms]
2024-09-07 21:08:41.318 [info] fatal: ref refs/remotes/origin/HEAD is not a symbolic ref
2024-09-07 21:08:41.325 [info] > git merge-base refs/heads/main refs/remotes/origin/main [3ms]
2024-09-07 21:08:41.332 [info] > git rev-list --count --left-right refs/heads/main...refs/remotes/origin/main [3ms]
2024-09-07 21:08:41.339 [info] > git diff --name-status -z --diff-filter=ADMR 99dc86b8e80448c3f9dbabf86094ff1cf8ee9cf8...refs/remotes/origin/main [2ms]
2024-09-07 21:09:23.499 [info] > git config --get commit.template [8ms]
2024-09-07 21:09:23.503 [info] > git for-each-ref --format=%(refname)%00%(upstream:short)%00%(objectname)%00%(upstream:track)%00%(upstream:remotename)%00%(upstream:remoteref) refs/heads/main refs/remotes/main [6ms]
2024-09-07 21:09:23.519 [info] > git status -z -uall [8ms]
2024-09-07 21:09:23.557 [info] > git for-each-ref --format=%(refname)%00%(upstream:short)%00%(objectname)%00%(upstream:track)%00%(upstream:remotename)%00%(upstream:remoteref) refs/heads/main refs/remotes/main [24ms]
2024-09-07 21:09:23.575 [info] > git config --local branch.main.vscode-merge-base [10ms]
2024-09-07 21:09:23.575 [warning] [Git][config] git config failed: Failed to execute git
2024-09-07 21:09:23.586 [info] > git reflog main --grep-reflog=branch: Created from *. [4ms]
2024-09-07 21:09:23.598 [info] > git symbolic-ref --short refs/remotes/origin/HEAD [6ms]
2024-09-07 21:09:23.598 [info] fatal: ref refs/remotes/origin/HEAD is not a symbolic ref
2024-09-07 21:09:23.609 [info] > git merge-base refs/heads/main refs/remotes/origin/main [3ms]
2024-09-07 21:09:23.622 [info] > git rev-list --count --left-right refs/heads/main...refs/remotes/origin/main [3ms]
2024-09-07 21:09:23.629 [info] > git diff --name-status -z --diff-filter=ADMR 9df7df7b7be5c53dc3d56fb7df3cc321d4b9eec4...refs/remotes/origin/main [2ms]
2024-09-07 21:09:28.567 [info] > git config --get commit.template [6ms]
2024-09-07 21:09:28.568 [info] > git for-each-ref --format=%(refname)%00%(upstream:short)%00%(objectname)%00%(upstream:track)%00%(upstream:remotename)%00%(upstream:remoteref) refs/heads/main refs/remotes/main [2ms]
2024-09-07 21:09:28.578 [info] > git status -z -uall [5ms]
2024-09-07 21:09:28.593 [info] > git for-each-ref --format=%(refname)%00%(upstream:short)%00%(objectname)%00%(upstream:track)%00%(upstream:remotename)%00%(upstream:remoteref) refs/heads/main refs/remotes/main [10ms]
2024-09-07 21:09:28.600 [info] > git config --get commit.template [8ms]
2024-09-07 21:09:28.601 [info] > git config --local branch.main.vscode-merge-base [4ms]
2024-09-07 21:09:28.601 [warning] [Git][config] git config failed: Failed to execute git
2024-09-07 21:09:28.611 [info] > git reflog main --grep-reflog=branch: Created from *. [6ms]
2024-09-07 21:09:28.616 [info] > git for-each-ref --format=%(refname)%00%(upstream:short)%00%(objectname)%00%(upstream:track)%00%(upstream:remotename)%00%(upstream:remoteref) refs/heads/main refs/remotes/main [6ms]
2024-09-07 21:09:28.617 [info] > git symbolic-ref --short refs/remotes/origin/HEAD [2ms]
2024-09-07 21:09:28.617 [info] fatal: ref refs/remotes/origin/HEAD is not a symbolic ref
2024-09-07 21:09:28.625 [info] > git status -z -uall [5ms]
2024-09-07 21:09:28.633 [info] > git for-each-ref --format=%(refname)%00%(upstream:short)%00%(objectname)%00%(upstream:track)%00%(upstream:remotename)%00%(upstream:remoteref) refs/heads/main refs/remotes/main [4ms]
2024-09-07 21:09:28.640 [info] > git config --local branch.main.vscode-merge-base [1ms]
2024-09-07 21:09:28.640 [warning] [Git][config] git config failed: Failed to execute git
2024-09-07 21:09:28.645 [info] > git reflog main --grep-reflog=branch: Created from *. [3ms]
2024-09-07 21:09:28.649 [info] > git symbolic-ref --short refs/remotes/origin/HEAD [1ms]
2024-09-07 21:09:28.649 [info] fatal: ref refs/remotes/origin/HEAD is not a symbolic ref
2024-09-07 21:09:29.777 [info] > git check-ignore -v -z --stdin [2ms]
2024-09-07 21:09:33.617 [info] > git config --get commit.template [14ms]
2024-09-07 21:09:33.620 [info] > git for-each-ref --format=%(refname)%00%(upstream:short)%00%(objectname)%00%(upstream:track)%00%(upstream:remotename)%00%(upstream:remoteref) refs/heads/main refs/remotes/main [6ms]
2024-09-07 21:09:33.647 [info] > git status -z -uall [14ms]
2024-09-07 21:09:33.657 [info] > git for-each-ref --format=%(refname)%00%(upstream:short)%00%(objectname)%00%(upstream:track)%00%(upstream:remotename)%00%(upstream:remoteref) refs/heads/main refs/remotes/main [3ms]
2024-09-07 21:09:33.665 [info] > git config --local branch.main.vscode-merge-base [2ms]
2024-09-07 21:09:33.666 [warning] [Git][config] git config failed: Failed to execute git
2024-09-07 21:09:33.675 [info] > git reflog main --grep-reflog=branch: Created from *. [4ms]
2024-09-07 21:09:33.682 [info] > git symbolic-ref --short refs/remotes/origin/HEAD [3ms]
2024-09-07 21:09:33.682 [info] fatal: ref refs/remotes/origin/HEAD is not a symbolic ref
2024-09-07 22:38:28.540 [info] > git config --get commit.template [4ms]
2024-09-07 22:38:28.550 [info] > git for-each-ref --format=%(refname)%00%(upstream:short)%00%(objectname)%00%(upstream:track)%00%(upstream:remotename)%00%(upstream:remoteref) refs/heads/main refs/remotes/main [3ms]
2024-09-07 22:38:28.570 [info] > git status -z -uall [10ms]
2024-09-07 22:38:28.592 [info] > git for-each-ref --format=%(refname)%00%(upstream:short)%00%(objectname)%00%(upstream:track)%00%(upstream:remotename)%00%(upstream:remoteref) refs/heads/main refs/remotes/main [12ms]
2024-09-07 22:38:28.597 [info] > git config --local branch.main.vscode-merge-base [1ms]
2024-09-07 22:38:28.598 [warning] [Git][config] git config failed: Failed to execute git
2024-09-07 22:38:28.604 [info] > git reflog main --grep-reflog=branch: Created from *. [3ms]
2024-09-07 22:38:28.609 [info] > git symbolic-ref --short refs/remotes/origin/HEAD [2ms]
2024-09-07 22:38:28.609 [info] fatal: ref refs/remotes/origin/HEAD is not a symbolic ref
2024-09-07 22:38:28.614 [info] > git merge-base refs/heads/main refs/remotes/origin/main [1ms]
2024-09-07 22:38:28.619 [info] > git rev-list --count --left-right refs/heads/main...refs/remotes/origin/main [2ms]
2024-09-07 22:38:28.626 [info] > git diff --name-status -z --diff-filter=ADMR 56c86273ab8b103c3d6bba429aa9c649121daacd...refs/remotes/origin/main [3ms]
2024-09-07 22:38:33.611 [info] > git config --get commit.template [9ms]
2024-09-07 22:38:33.613 [info] > git for-each-ref --format=%(refname)%00%(upstream:short)%00%(objectname)%00%(upstream:track)%00%(upstream:remotename)%00%(upstream:remoteref) refs/heads/main refs/remotes/main [3ms]
2024-09-07 22:38:33.629 [info] > git status -z -uall [10ms]
2024-09-07 22:38:33.643 [info] > git for-each-ref --format=%(refname)%00%(upstream:short)%00%(objectname)%00%(upstream:track)%00%(upstream:remotename)%00%(upstream:remoteref) refs/heads/main refs/remotes/main [6ms]
2024-09-07 22:38:33.655 [info] > git config --local branch.main.vscode-merge-base [3ms]
2024-09-07 22:38:33.655 [warning] [Git][config] git config failed: Failed to execute git
2024-09-07 22:38:33.660 [info] > git reflog main --grep-reflog=branch: Created from *. [2ms]
2024-09-07 22:38:33.664 [info] > git symbolic-ref --short refs/remotes/origin/HEAD [1ms]
2024-09-07 22:38:33.664 [info] fatal: ref refs/remotes/origin/HEAD is not a symbolic ref
2024-09-07 22:38:50.910 [info] > git config --get commit.template [4ms]
2024-09-07 22:38:50.911 [info] > git for-each-ref --format=%(refname)%00%(upstream:short)%00%(objectname)%00%(upstream:track)%00%(upstream:remotename)%00%(upstream:remoteref) refs/heads/main refs/remotes/main [2ms]
2024-09-07 22:38:50.921 [info] > git status -z -uall [6ms]
2024-09-07 22:38:50.927 [info] > git for-each-ref --format=%(refname)%00%(upstream:short)%00%(objectname)%00%(upstream:track)%00%(upstream:remotename)%00%(upstream:remoteref) refs/heads/main refs/remotes/main [2ms]
2024-09-07 22:38:50.932 [info] > git config --local branch.main.vscode-merge-base [1ms]
2024-09-07 22:38:50.933 [warning] [Git][config] git config failed: Failed to execute git
2024-09-07 22:38:50.941 [info] > git reflog main --grep-reflog=branch: Created from *. [4ms]
2024-09-07 22:38:50.946 [info] > git symbolic-ref --short refs/remotes/origin/HEAD [2ms]
2024-09-07 22:38:50.946 [info] fatal: ref refs/remotes/origin/HEAD is not a symbolic ref
2024-09-07 22:40:40.566 [info] > git for-each-ref --format=%(refname)%00%(upstream:short)%00%(objectname)%00%(upstream:track)%00%(upstream:remotename)%00%(upstream:remoteref) refs/heads/main refs/remotes/main [2ms]
2024-09-07 22:40:40.566 [info] > git config --get commit.template [6ms]
2024-09-07 22:40:40.575 [info] > git status -z -uall [5ms]
2024-09-07 22:40:40.583 [info] > git for-each-ref --format=%(refname)%00%(upstream:short)%00%(objectname)%00%(upstream:track)%00%(upstream:remotename)%00%(upstream:remoteref) refs/heads/main refs/remotes/main [4ms]
2024-09-07 22:40:40.589 [info] > git config --local branch.main.vscode-merge-base [1ms]
2024-09-07 22:40:40.590 [warning] [Git][config] git config failed: Failed to execute git
2024-09-07 22:40:40.598 [info] > git reflog main --grep-reflog=branch: Created from *. [4ms]
2024-09-07 22:40:40.604 [info] > git symbolic-ref --short refs/remotes/origin/HEAD [3ms]
2024-09-07 22:40:40.604 [info] fatal: ref refs/remotes/origin/HEAD is not a symbolic ref
2024-09-07 22:40:41.628 [info] > git config --get commit.template [14ms]
2024-09-07 22:40:41.631 [info] > git for-each-ref --format=%(refname)%00%(upstream:short)%00%(objectname)%00%(upstream:track)%00%(upstream:remotename)%00%(upstream:remoteref) refs/heads/main refs/remotes/main [5ms]
2024-09-07 22:40:41.650 [info] > git status -z -uall [10ms]
2024-09-07 22:40:41.665 [info] > git for-each-ref --format=%(refname)%00%(upstream:short)%00%(objectname)%00%(upstream:track)%00%(upstream:remotename)%00%(upstream:remoteref) refs/heads/main refs/remotes/main [6ms]
2024-09-07 22:40:41.672 [info] > git config --local branch.main.vscode-merge-base [2ms]
2024-09-07 22:40:41.672 [warning] [Git][config] git config failed: Failed to execute git
2024-09-07 22:40:41.680 [info] > git reflog main --grep-reflog=branch: Created from *. [4ms]
2024-09-07 22:40:41.686 [info] > git symbolic-ref --short refs/remotes/origin/HEAD [2ms]
2024-09-07 22:40:41.686 [info] fatal: ref refs/remotes/origin/HEAD is not a symbolic ref
2024-09-07 22:40:48.517 [info] > git show --textconv :tmp/website-copy/about.html [5ms]
2024-09-07 22:40:48.518 [info] > git ls-files --stage -- /root/repos/website/tmp/website-copy/about.html [2ms]
2024-09-07 22:41:26.684 [info] > git config --get commit.template [7ms]
2024-09-07 22:41:26.685 [info] > git for-each-ref --format=%(refname)%00%(upstream:short)%00%(objectname)%00%(upstream:track)%00%(upstream:remotename)%00%(upstream:remoteref) refs/heads/main refs/remotes/main [2ms]
2024-09-07 22:41:26.700 [info] > git status -z -uall [8ms]
2024-09-07 22:41:26.712 [info] > git for-each-ref --format=%(refname)%00%(upstream:short)%00%(objectname)%00%(upstream:track)%00%(upstream:remotename)%00%(upstream:remoteref) refs/heads/main refs/remotes/main [4ms]
2024-09-07 22:41:26.725 [info] > git config --local branch.main.vscode-merge-base [5ms]
2024-09-07 22:41:26.725 [warning] [Git][config] git config failed: Failed to execute git
2024-09-07 22:41:26.735 [info] > git reflog main --grep-reflog=branch: Created from *. [4ms]
2024-09-07 22:41:26.742 [info] > git symbolic-ref --short refs/remotes/origin/HEAD [2ms]
2024-09-07 22:41:26.742 [info] fatal: ref refs/remotes/origin/HEAD is not a symbolic ref
2024-09-07 22:43:20.197 [info] > git config --get commit.template [3ms]
2024-09-07 22:43:20.197 [info] > git for-each-ref --format=%(refname)%00%(upstream:short)%00%(objectname)%00%(upstream:track)%00%(upstream:remotename)%00%(upstream:remoteref) refs/heads/main refs/remotes/main [1ms]
2024-09-07 22:43:20.205 [info] > git status -z -uall [4ms]
2024-09-07 22:43:20.211 [info] > git for-each-ref --format=%(refname)%00%(upstream:short)%00%(objectname)%00%(upstream:track)%00%(upstream:remotename)%00%(upstream:remoteref) refs/heads/main refs/remotes/main [1ms]
2024-09-07 22:43:20.215 [info] > git config --local branch.main.vscode-merge-base [1ms]
2024-09-07 22:43:20.216 [warning] [Git][config] git config failed: Failed to execute git
2024-09-07 22:43:20.222 [info] > git reflog main --grep-reflog=branch: Created from *. [3ms]
2024-09-07 22:43:20.225 [info] > git symbolic-ref --short refs/remotes/origin/HEAD [1ms]
2024-09-07 22:43:20.225 [info] fatal: ref refs/remotes/origin/HEAD is not a symbolic ref
2024-09-07 22:43:52.672 [info] > git config --get commit.template [3ms]
2024-09-07 22:43:52.673 [info] > git for-each-ref --format=%(refname)%00%(upstream:short)%00%(objectname)%00%(upstream:track)%00%(upstream:remotename)%00%(upstream:remoteref) refs/heads/main refs/remotes/main [2ms]
2024-09-07 22:43:52.683 [info] > git status -z -uall [5ms]
2024-09-07 22:43:52.689 [info] > git for-each-ref --format=%(refname)%00%(upstream:short)%00%(objectname)%00%(upstream:track)%00%(upstream:remotename)%00%(upstream:remoteref) refs/heads/main refs/remotes/main [2ms]
2024-09-07 22:43:52.694 [info] > git config --local branch.main.vscode-merge-base [1ms]
2024-09-07 22:43:52.694 [warning] [Git][config] git config failed: Failed to execute git
2024-09-07 22:43:52.700 [info] > git reflog main --grep-reflog=branch: Created from *. [3ms]
2024-09-07 22:43:52.703 [info] > git symbolic-ref --short refs/remotes/origin/HEAD [1ms]
2024-09-07 22:43:52.703 [info] fatal: ref refs/remotes/origin/HEAD is not a symbolic ref
2024-09-07 22:44:04.278 [info] > git config --get commit.template [2ms]
2024-09-07 22:44:04.284 [info] > git for-each-ref --format=%(refname)%00%(upstream:short)%00%(objectname)%00%(upstream:track)%00%(upstream:remotename)%00%(upstream:remoteref) refs/heads/main refs/remotes/main [2ms]
2024-09-07 22:44:04.292 [info] > git status -z -uall [5ms]
2024-09-07 22:44:04.300 [info] > git for-each-ref --format=%(refname)%00%(upstream:short)%00%(objectname)%00%(upstream:track)%00%(upstream:remotename)%00%(upstream:remoteref) refs/heads/main refs/remotes/main [3ms]
2024-09-07 22:44:04.305 [info] > git config --local branch.main.vscode-merge-base [2ms]
2024-09-07 22:44:04.305 [warning] [Git][config] git config failed: Failed to execute git
2024-09-07 22:44:04.311 [info] > git reflog main --grep-reflog=branch: Created from *. [3ms]
2024-09-07 22:44:04.315 [info] > git symbolic-ref --short refs/remotes/origin/HEAD [2ms]
2024-09-07 22:44:04.315 [info] fatal: ref refs/remotes/origin/HEAD is not a symbolic ref
2024-09-07 22:44:34.028 [info] > git config --get commit.template [4ms]
2024-09-07 22:44:34.028 [info] > git for-each-ref --format=%(refname)%00%(upstream:short)%00%(objectname)%00%(upstream:track)%00%(upstream:remotename)%00%(upstream:remoteref) refs/heads/main refs/remotes/main [1ms]
2024-09-07 22:44:34.039 [info] > git status -z -uall [5ms]
2024-09-07 22:44:34.045 [info] > git for-each-ref --format=%(refname)%00%(upstream:short)%00%(objectname)%00%(upstream:track)%00%(upstream:remotename)%00%(upstream:remoteref) refs/heads/main refs/remotes/main [2ms]
2024-09-07 22:44:34.050 [info] > git config --local branch.main.vscode-merge-base [1ms]
2024-09-07 22:44:34.050 [warning] [Git][config] git config failed: Failed to execute git
2024-09-07 22:44:34.056 [info] > git reflog main --grep-reflog=branch: Created from *. [3ms]
2024-09-07 22:44:34.062 [info] > git symbolic-ref --short refs/remotes/origin/HEAD [1ms]
2024-09-07 22:44:34.062 [info] fatal: ref refs/remotes/origin/HEAD is not a symbolic ref
2024-09-07 22:46:05.568 [info] > git show --textconv :tmp/website-copy/about.html [3ms]
2024-09-07 22:46:05.570 [info] > git ls-files --stage -- /root/repos/website/tmp/website-copy/about.html [3ms]
2024-09-07 23:13:17.027 [info] > git config --get commit.template [16ms]
2024-09-07 23:13:17.028 [info] > git ls-files --stage -- /root/repos/website/tmp/website-copy/about.html [3ms]
2024-09-07 23:13:17.030 [info] > git for-each-ref --format=%(refname)%00%(upstream:short)%00%(objectname)%00%(upstream:track)%00%(upstream:remotename)%00%(upstream:remoteref) refs/heads/main refs/remotes/main [14ms]
2024-09-07 23:13:17.048 [info] > git status -z -uall [8ms]
2024-09-07 23:13:17.048 [info] > git show --textconv :tmp/website-copy/about.html [2ms]
2024-09-07 23:13:17.057 [info] > git for-each-ref --format=%(refname)%00%(upstream:short)%00%(objectname)%00%(upstream:track)%00%(upstream:remotename)%00%(upstream:remoteref) refs/heads/main refs/remotes/main [2ms]
2024-09-07 23:13:17.062 [info] > git config --local branch.main.vscode-merge-base [1ms]
2024-09-07 23:13:17.062 [warning] [Git][config] git config failed: Failed to execute git
2024-09-07 23:13:17.072 [info] > git reflog main --grep-reflog=branch: Created from *. [4ms]
2024-09-07 23:13:17.077 [info] > git symbolic-ref --short refs/remotes/origin/HEAD [2ms]
2024-09-07 23:13:17.077 [info] fatal: ref refs/remotes/origin/HEAD is not a symbolic ref
2024-09-07 23:14:05.740 [info] > git config --get commit.template [7ms]
2024-09-07 23:14:05.743 [info] > git for-each-ref --format=%(refname)%00%(upstream:short)%00%(objectname)%00%(upstream:track)%00%(upstream:remotename)%00%(upstream:remoteref) refs/heads/main refs/remotes/main [8ms]
2024-09-07 23:14:05.762 [info] > git status -z -uall [10ms]
2024-09-07 23:14:05.777 [info] > git for-each-ref --format=%(refname)%00%(upstream:short)%00%(objectname)%00%(upstream:track)%00%(upstream:remotename)%00%(upstream:remoteref) refs/heads/main refs/remotes/main [5ms]
2024-09-07 23:14:05.783 [info] > git config --local branch.main.vscode-merge-base [2ms]
2024-09-07 23:14:05.783 [warning] [Git][config] git config failed: Failed to execute git
2024-09-07 23:14:05.789 [info] > git reflog main --grep-reflog=branch: Created from *. [3ms]
2024-09-07 23:14:05.794 [info] > git symbolic-ref --short refs/remotes/origin/HEAD [2ms]
2024-09-07 23:14:05.794 [info] fatal: ref refs/remotes/origin/HEAD is not a symbolic ref
