2024-10-06 20:43:53.695 [info] Extension host with pid 507 started
2024-10-06 20:43:53.757 [info] Lock '/root/.vscode-server/data/User/workspaceStorage/7357c8406dd7ab776bfe1fd154ad47e5/vscode.lock': Lock acquired.
2024-10-06 20:43:53.961 [info] ExtensionService#_doActivateExtension vscode.tunnel-forwarding, startup: false, activationEvent: 'onTunnel'
2024-10-06 20:43:53.964 [info] ExtensionService#_doActivateExtension vscode.emmet, startup: false, activationEvent: 'onLanguage'
2024-10-06 20:43:53.965 [info] ExtensionService#_doActivateExtension vscode.html-language-features, startup: false, activationEvent: 'onLanguage:html'
2024-10-06 20:43:53.966 [info] ExtensionService#_doActivateExtension george-alisson.html-preview-vscode, startup: false, activationEvent: 'onLanguage:html'
2024-10-06 20:43:53.967 [info] ExtensionService#_doActivateExtension igordvlpr.open-in-browser, startup: false, activationEvent: 'onLanguage:html'
2024-10-06 20:43:53.968 [info] ExtensionService#_doActivateExtension vscode.css-language-features, startup: false, activationEvent: 'onLanguage:css'
2024-10-06 20:43:55.919 [info] ExtensionService#_doActivateExtension vscode.git-base, startup: true, activationEvent: '*', root cause: vscode.git
2024-10-06 20:43:55.951 [info] ExtensionService#_doActivateExtension vscode.configuration-editing, startup: false, activationEvent: 'onLanguage:jsonc'
2024-10-06 20:43:55.952 [info] ExtensionService#_doActivateExtension vscode.json-language-features, startup: false, activationEvent: 'onLanguage:jsonc'
2024-10-06 20:43:55.953 [info] ExtensionService#_doActivateExtension vscode.typescript-language-features, startup: false, activationEvent: 'onLanguage:jsonc'
2024-10-06 20:43:58.474 [info] ExtensionService#_doActivateExtension vscode.git, startup: true, activationEvent: '*'
2024-10-06 20:43:58.475 [info] ExtensionService#_doActivateExtension vscode.github, startup: true, activationEvent: '*'
2024-10-06 20:44:00.915 [info] Eager extensions activated
2024-10-06 20:44:00.916 [info] ExtensionService#_doActivateExtension vscode.debug-auto-launch, startup: false, activationEvent: 'onStartupFinished'
2024-10-06 20:44:00.917 [info] ExtensionService#_doActivateExtension vscode.merge-conflict, startup: false, activationEvent: 'onStartupFinished'
2024-10-06 20:44:00.930 [info] ExtensionService#_doActivateExtension ritwickdey.LiveServer, startup: false, activationEvent: 'onStartupFinished'
2024-10-06 20:44:02.236 [warning] [Decorations] CAPPING events from decorations provider vscode.git 342
2024-10-06 20:44:02.819 [warning] [Decorations] CAPPING events from decorations provider vscode.git 342
2024-10-06 20:57:19.818 [warning] [Decorations] CAPPING events from decorations provider vscode.git 344
2024-10-06 20:58:25.932 [warning] [Decorations] CAPPING events from decorations provider vscode.git 345
2024-10-06 21:08:11.461 [warning] [Decorations] CAPPING events from decorations provider vscode.git 346
2024-10-06 21:22:57.721 [warning] [Decorations] CAPPING events from decorations provider vscode.git 347
2024-10-06 21:24:23.259 [warning] [Decorations] CAPPING events from decorations provider vscode.git 348
2024-10-06 21:24:40.233 [warning] [Decorations] CAPPING events from decorations provider vscode.git 348
2024-10-06 21:25:11.704 [warning] [Decorations] CAPPING events from decorations provider vscode.git 349
2024-10-06 21:25:18.122 [warning] [Decorations] CAPPING events from decorations provider vscode.git 350
2024-10-06 21:26:46.699 [warning] [Decorations] CAPPING events from decorations provider vscode.git 351
2024-10-06 21:28:05.829 [warning] [Decorations] CAPPING events from decorations provider vscode.git 352
2024-10-06 21:28:34.538 [warning] [Decorations] CAPPING events from decorations provider vscode.git 353
2024-10-06 21:28:57.022 [warning] [Decorations] CAPPING events from decorations provider vscode.git 353
2024-10-06 21:29:58.331 [warning] [Decorations] CAPPING events from decorations provider vscode.git 354
2024-10-06 21:30:03.420 [warning] [Decorations] CAPPING events from decorations provider vscode.git 354
2024-10-06 21:32:03.921 [warning] [Decorations] CAPPING events from decorations provider vscode.git 355
2024-10-06 21:32:44.093 [warning] [Decorations] CAPPING events from decorations provider vscode.git 355
2024-10-06 21:33:24.739 [info] ExtensionService#_doActivateExtension vscode.npm, startup: false, activationEvent: 'onTerminalQuickFixRequest:ms-vscode.npm-command'
2024-10-06 21:33:30.126 [info] ExtensionService#_doActivateExtension vscode.extension-editing, startup: false, activationEvent: 'onLanguage:json'
2024-10-06 21:37:15.166 [warning] [Decorations] CAPPING events from decorations provider vscode.git 356
2024-10-06 21:39:44.934 [warning] [Decorations] CAPPING events from decorations provider vscode.git 357
2024-10-06 21:39:56.219 [warning] [Decorations] CAPPING events from decorations provider vscode.git 357
2024-10-06 21:40:05.718 [warning] [Decorations] CAPPING events from decorations provider vscode.git 357
2024-10-06 21:40:20.195 [warning] [Decorations] CAPPING events from decorations provider vscode.git 358
2024-10-06 21:40:25.286 [warning] [Decorations] CAPPING events from decorations provider vscode.git 358
2024-10-06 21:40:32.868 [warning] [Decorations] CAPPING events from decorations provider vscode.git 359
2024-10-06 21:40:39.803 [warning] [Decorations] CAPPING events from decorations provider vscode.git 359
2024-10-06 21:40:47.846 [warning] [Decorations] CAPPING events from decorations provider vscode.git 360
2024-10-06 21:40:53.466 [warning] [Decorations] CAPPING events from decorations provider vscode.git 361
2024-10-06 21:41:33.950 [warning] [Decorations] CAPPING events from decorations provider vscode.git 362
2024-10-06 21:41:40.026 [warning] [Decorations] CAPPING events from decorations provider vscode.git 362
2024-10-06 21:41:45.109 [warning] [Decorations] CAPPING events from decorations provider vscode.git 362
2024-10-06 21:41:50.452 [warning] [Decorations] CAPPING events from decorations provider vscode.git 362
2024-10-06 21:42:42.289 [warning] [Decorations] CAPPING events from decorations provider vscode.git 363
2024-10-06 21:42:58.129 [warning] [Decorations] CAPPING events from decorations provider vscode.git 363
2024-10-06 21:43:03.216 [warning] [Decorations] CAPPING events from decorations provider vscode.git 364
2024-10-06 21:43:21.225 [warning] [Decorations] CAPPING events from decorations provider vscode.git 365
2024-10-06 21:44:45.147 [warning] [Decorations] CAPPING events from decorations provider vscode.git 365
