2024-09-08 01:52:39.198 [info] [main] ログ レベル: Info
2024-09-08 01:52:39.198 [info] [main] Git の検証が検出されました: "git"
2024-09-08 01:52:39.198 [info] [main] "git" から Git "2.34.1" を使用しています
2024-09-08 01:52:39.198 [info] [Model][doInitialScan] Initial repository scan started
2024-09-08 01:52:39.198 [info] > git rev-parse --show-toplevel [12ms]
2024-09-08 01:52:39.200 [info] > git rev-parse --git-dir --git-common-dir [4ms]
2024-09-08 01:52:39.235 [info] [Model][openRepository] Opened repository: /root/repos/website
2024-09-08 01:52:39.290 [info] > git rev-parse --show-toplevel [41ms]
2024-09-08 01:52:39.292 [info] > git config --get commit.template [47ms]
2024-09-08 01:52:39.354 [info] > git for-each-ref --format=%(refname)%00%(upstream:short)%00%(objectname)%00%(upstream:track)%00%(upstream:remotename)%00%(upstream:remoteref) refs/heads/main refs/remotes/main [50ms]
2024-09-08 01:52:39.355 [info] > git rev-parse --show-toplevel [56ms]
2024-09-08 01:52:39.360 [info] [Model][doInitialScan] Initial repository scan completed - repositories (1), closed repositories (0), parent repositories (0), unsafe repositories (0)
2024-09-08 01:52:39.507 [info] > git status -z -uall [42ms]
2024-09-08 01:52:39.534 [info] > git for-each-ref --format=%(refname)%00%(upstream:short)%00%(objectname)%00%(upstream:track)%00%(upstream:remotename)%00%(upstream:remoteref) refs/heads/main refs/remotes/main [18ms]
2024-09-08 01:52:39.541 [info] > git config --get commit.template [8ms]
2024-09-08 01:52:39.543 [info] > git config --local branch.main.vscode-merge-base [4ms]
2024-09-08 01:52:39.543 [warning] [Git][config] git config failed: Failed to execute git
2024-09-08 01:52:39.560 [info] > git for-each-ref --format=%(refname)%00%(upstream:short)%00%(objectname)%00%(upstream:track)%00%(upstream:remotename)%00%(upstream:remoteref) refs/heads/main refs/remotes/main [6ms]
2024-09-08 01:52:39.574 [info] > git status -z -uall [7ms]
2024-09-08 01:52:39.595 [info] > git for-each-ref --format=%(refname)%00%(upstream:short)%00%(objectname)%00%(upstream:track)%00%(upstream:remotename)%00%(upstream:remoteref) refs/heads/main refs/remotes/main [10ms]
2024-09-08 01:52:39.601 [info] > git reflog main --grep-reflog=branch: Created from *. [54ms]
2024-09-08 01:52:39.609 [info] > git config --local branch.main.vscode-merge-base [8ms]
2024-09-08 01:52:39.609 [warning] [Git][config] git config failed: Failed to execute git
2024-09-08 01:52:39.616 [info] > git symbolic-ref --short refs/remotes/origin/HEAD [12ms]
2024-09-08 01:52:39.616 [info] fatal: ref refs/remotes/origin/HEAD is not a symbolic ref
2024-09-08 01:52:39.624 [info] > git reflog main --grep-reflog=branch: Created from *. [10ms]
2024-09-08 01:52:39.633 [info] > git symbolic-ref --short refs/remotes/origin/HEAD [2ms]
2024-09-08 01:52:39.633 [info] fatal: ref refs/remotes/origin/HEAD is not a symbolic ref
2024-09-08 01:52:39.633 [info] > git merge-base refs/heads/main refs/remotes/origin/main [11ms]
2024-09-08 01:52:39.645 [info] > git rev-list --count --left-right refs/heads/main...refs/remotes/origin/main [5ms]
2024-09-08 01:52:39.656 [info] > git diff --name-status -z --diff-filter=ADMR 56c86273ab8b103c3d6bba429aa9c649121daacd...refs/remotes/origin/main [4ms]
2024-09-08 01:52:39.837 [info] > git check-ignore -v -z --stdin [11ms]
2024-09-08 01:52:39.952 [info] > git show --textconv :index.html [44ms]
2024-09-08 01:52:39.955 [info] > git ls-files --stage -- /root/repos/website/index.html [42ms]
2024-09-08 01:52:39.969 [info] > git cat-file -s 630bd7a76c1430f1978df252cffffd4b6e9901c1 [6ms]
