2024-09-06 20:12:51.331 [info] [main] ログ レベル: Info
2024-09-06 20:12:51.331 [info] [main] Git の検証が検出されました: "git"
2024-09-06 20:12:51.331 [info] [main] "git" から Git "2.34.1" を使用しています
2024-09-06 20:12:51.331 [info] [Model][doInitialScan] Initial repository scan started
2024-09-06 20:12:51.331 [info] > git rev-parse --show-toplevel [411ms]
2024-09-06 20:12:51.331 [info] > git rev-parse --git-dir --git-common-dir [55ms]
2024-09-06 20:12:51.331 [info] [Model][openRepository] Opened repository: /root/repos/website
2024-09-06 20:12:51.331 [info] [Model][doInitialScan] Initial repository scan completed - repositories (1), closed repositories (0), parent repositories (0), unsafe repositories (0)
2024-09-06 20:12:51.331 [info] > git config --get commit.template [971ms]
2024-09-06 20:12:52.569 [info] > git show --textconv :index.html [1169ms]
2024-09-06 20:12:52.569 [info] > git check-ignore -v -z --stdin [40ms]
2024-09-06 20:12:52.586 [info] > git ls-files --stage -- /root/repos/website/index.html [1177ms]
2024-09-06 20:12:52.599 [info] > git for-each-ref --format=%(refname)%00%(upstream:short)%00%(objectname)%00%(upstream:track)%00%(upstream:remotename)%00%(upstream:remoteref) refs/heads/main refs/remotes/main [1264ms]
2024-09-06 20:12:52.631 [info] > git cat-file -s 3a710a3785e38fa9255a7254f309915fb99a7845 [30ms]
2024-09-06 20:12:52.899 [info] > git status -z -uall [15ms]
2024-09-06 20:12:53.285 [info] > git for-each-ref --format=%(refname)%00%(upstream:short)%00%(objectname)%00%(upstream:track)%00%(upstream:remotename)%00%(upstream:remoteref) refs/heads/main refs/remotes/main [366ms]
2024-09-06 20:12:53.312 [info] > git config --local branch.main.vscode-merge-base [14ms]
2024-09-06 20:12:53.313 [warning] [Git][config] git config failed: Failed to execute git
2024-09-06 20:12:53.323 [info] > git config --get commit.template [359ms]
2024-09-06 20:12:53.334 [info] > git for-each-ref --format=%(refname)%00%(upstream:short)%00%(objectname)%00%(upstream:track)%00%(upstream:remotename)%00%(upstream:remoteref) refs/heads/main refs/remotes/main [3ms]
2024-09-06 20:12:53.346 [info] > git status -z -uall [2ms]
2024-09-06 20:12:53.483 [info] > git for-each-ref --format=%(refname)%00%(upstream:short)%00%(objectname)%00%(upstream:track)%00%(upstream:remotename)%00%(upstream:remoteref) refs/heads/main refs/remotes/main [131ms]
2024-09-06 20:12:53.489 [info] > git reflog main --grep-reflog=branch: Created from *. [167ms]
2024-09-06 20:12:53.536 [info] > git symbolic-ref --short refs/remotes/origin/HEAD [43ms]
2024-09-06 20:12:53.536 [info] fatal: ref refs/remotes/origin/HEAD is not a symbolic ref
2024-09-06 20:12:53.545 [info] > git config --local branch.main.vscode-merge-base [56ms]
2024-09-06 20:12:53.545 [warning] [Git][config] git config failed: Failed to execute git
2024-09-06 20:12:53.551 [info] > git merge-base refs/heads/main refs/remotes/origin/main [7ms]
2024-09-06 20:12:53.569 [info] > git rev-list --count --left-right refs/heads/main...refs/remotes/origin/main [6ms]
2024-09-06 20:12:53.576 [info] > git reflog main --grep-reflog=branch: Created from *. [27ms]
2024-09-06 20:12:53.582 [info] > git diff --name-status -z --diff-filter=ADMR 752488077307ef9449a2e0f880d61c15192552dc...refs/remotes/origin/main [7ms]
2024-09-06 20:12:53.585 [info] > git symbolic-ref --short refs/remotes/origin/HEAD [6ms]
2024-09-06 20:12:53.585 [info] fatal: ref refs/remotes/origin/HEAD is not a symbolic ref
2024-09-06 20:26:03.223 [info] > git config --get commit.template [8ms]
2024-09-06 20:26:03.224 [info] > git for-each-ref --format=%(refname)%00%(upstream:short)%00%(objectname)%00%(upstream:track)%00%(upstream:remotename)%00%(upstream:remoteref) refs/heads/main refs/remotes/main [4ms]
2024-09-06 20:26:03.233 [info] > git status -z -uall [3ms]
2024-09-06 20:26:03.247 [info] > git for-each-ref --format=%(refname)%00%(upstream:short)%00%(objectname)%00%(upstream:track)%00%(upstream:remotename)%00%(upstream:remoteref) refs/heads/main refs/remotes/main [4ms]
2024-09-06 20:26:03.262 [info] > git check-ignore -v -z --stdin [3ms]
2024-09-06 20:26:03.264 [info] > git config --local branch.main.vscode-merge-base [12ms]
2024-09-06 20:26:03.264 [warning] [Git][config] git config failed: Failed to execute git
2024-09-06 20:26:03.272 [info] > git reflog main --grep-reflog=branch: Created from *. [4ms]
2024-09-06 20:26:03.277 [info] > git symbolic-ref --short refs/remotes/origin/HEAD [2ms]
2024-09-06 20:26:03.277 [info] fatal: ref refs/remotes/origin/HEAD is not a symbolic ref
2024-09-06 20:29:16.784 [info] > git show --textconv :index.html [7ms]
2024-09-06 20:29:16.786 [info] > git ls-files --stage -- /root/repos/website/index.html [5ms]
2024-09-06 20:29:16.791 [info] > git cat-file -s 3a710a3785e38fa9255a7254f309915fb99a7845 [2ms]
2024-09-06 20:29:18.226 [info] > git show --textconv :index.html [4ms]
2024-09-06 20:29:18.227 [info] > git ls-files --stage -- /root/repos/website/index.html [2ms]
2024-09-06 20:29:18.231 [info] > git cat-file -s 3a710a3785e38fa9255a7254f309915fb99a7845 [1ms]
2024-09-06 20:43:15.714 [info] > git ls-files --stage -- /root/repos/website/index.html [21ms]
2024-09-06 20:43:15.718 [info] > git show --textconv :index.html [27ms]
2024-09-06 20:43:15.718 [info] > git cat-file -s 3a710a3785e38fa9255a7254f309915fb99a7845 [1ms]
2024-09-06 20:43:18.540 [info] > git check-ignore -v -z --stdin [2ms]
2024-09-06 20:43:54.830 [info] > git show --textconv :index.html [4ms]
2024-09-06 20:43:54.831 [info] > git ls-files --stage -- /root/repos/website/index.html [2ms]
2024-09-06 20:43:54.835 [info] > git cat-file -s 3a710a3785e38fa9255a7254f309915fb99a7845 [1ms]
2024-09-06 20:44:51.619 [info] > git config --get commit.template [5ms]
2024-09-06 20:44:51.624 [info] > git for-each-ref --format=%(refname)%00%(upstream:short)%00%(objectname)%00%(upstream:track)%00%(upstream:remotename)%00%(upstream:remoteref) refs/heads/main refs/remotes/main [6ms]
2024-09-06 20:44:51.632 [info] > git status -z -uall [4ms]
2024-09-06 20:44:51.640 [info] > git for-each-ref --format=%(refname)%00%(upstream:short)%00%(objectname)%00%(upstream:track)%00%(upstream:remotename)%00%(upstream:remoteref) refs/heads/main refs/remotes/main [2ms]
2024-09-06 20:44:51.648 [info] > git config --local branch.main.vscode-merge-base [3ms]
2024-09-06 20:44:51.648 [warning] [Git][config] git config failed: Failed to execute git
2024-09-06 20:44:51.662 [info] > git reflog main --grep-reflog=branch: Created from *. [11ms]
2024-09-06 20:44:51.670 [info] > git symbolic-ref --short refs/remotes/origin/HEAD [6ms]
2024-09-06 20:44:51.670 [info] fatal: ref refs/remotes/origin/HEAD is not a symbolic ref
2024-09-06 20:44:51.670 [info] > git check-ignore -v -z --stdin [1ms]
2024-09-06 20:44:56.675 [info] > git config --get commit.template [19ms]
2024-09-06 20:44:56.677 [info] > git for-each-ref --format=%(refname)%00%(upstream:short)%00%(objectname)%00%(upstream:track)%00%(upstream:remotename)%00%(upstream:remoteref) refs/heads/main refs/remotes/main [9ms]
2024-09-06 20:44:56.690 [info] > git status -z -uall [3ms]
2024-09-06 20:44:56.699 [info] > git for-each-ref --format=%(refname)%00%(upstream:short)%00%(objectname)%00%(upstream:track)%00%(upstream:remotename)%00%(upstream:remoteref) refs/heads/main refs/remotes/main [3ms]
2024-09-06 20:44:56.708 [info] > git config --local branch.main.vscode-merge-base [3ms]
2024-09-06 20:44:56.708 [warning] [Git][config] git config failed: Failed to execute git
2024-09-06 20:44:56.717 [info] > git reflog main --grep-reflog=branch: Created from *. [3ms]
2024-09-06 20:44:56.721 [info] > git symbolic-ref --short refs/remotes/origin/HEAD [1ms]
2024-09-06 20:44:56.721 [info] fatal: ref refs/remotes/origin/HEAD is not a symbolic ref
