2024-09-08 19:53:31.723 [info] [main] ログ レベル: Info
2024-09-08 19:53:31.723 [info] [main] Git の検証が検出されました: "git"
2024-09-08 19:53:31.723 [info] [main] "git" から Git "2.34.1" を使用しています
2024-09-08 19:53:31.723 [info] [Model][doInitialScan] Initial repository scan started
2024-09-08 19:53:31.723 [info] > git rev-parse --show-toplevel [16ms]
2024-09-08 19:53:31.723 [info] > git rev-parse --git-dir --git-common-dir [5ms]
2024-09-08 19:53:31.723 [info] [Model][openRepository] Opened repository: /root/repos/website
2024-09-08 19:53:31.760 [info] > git rev-parse --show-toplevel [27ms]
2024-09-08 19:53:31.761 [info] > git config --get commit.template [32ms]
2024-09-08 19:53:31.788 [info] > git rev-parse --show-toplevel [22ms]
2024-09-08 19:53:31.801 [info] [Model][doInitialScan] Initial repository scan completed - repositories (1), closed repositories (0), parent repositories (0), unsafe repositories (0)
2024-09-08 19:53:31.824 [info] > git for-each-ref --format=%(refname)%00%(upstream:short)%00%(objectname)%00%(upstream:track)%00%(upstream:remotename)%00%(upstream:remoteref) refs/heads/main refs/remotes/main [53ms]
2024-09-08 19:53:32.021 [info] > git status -z -uall [41ms]
2024-09-08 19:53:32.048 [info] > git for-each-ref --format=%(refname)%00%(upstream:short)%00%(objectname)%00%(upstream:track)%00%(upstream:remotename)%00%(upstream:remoteref) refs/heads/main refs/remotes/main [19ms]
2024-09-08 19:53:32.058 [info] > git config --get commit.template [11ms]
2024-09-08 19:53:32.060 [info] > git config --local branch.main.vscode-merge-base [5ms]
2024-09-08 19:53:32.060 [warning] [Git][config] git config failed: Failed to execute git
2024-09-08 19:53:32.090 [info] > git for-each-ref --format=%(refname)%00%(upstream:short)%00%(objectname)%00%(upstream:track)%00%(upstream:remotename)%00%(upstream:remoteref) refs/heads/main refs/remotes/main [13ms]
2024-09-08 19:53:32.107 [info] > git status -z -uall [9ms]
2024-09-08 19:53:32.120 [info] > git for-each-ref --format=%(refname)%00%(upstream:short)%00%(objectname)%00%(upstream:track)%00%(upstream:remotename)%00%(upstream:remoteref) refs/heads/main refs/remotes/main [7ms]
2024-09-08 19:53:32.125 [info] > git reflog main --grep-reflog=branch: Created from *. [55ms]
2024-09-08 19:53:32.131 [info] > git config --local branch.main.vscode-merge-base [7ms]
2024-09-08 19:53:32.132 [warning] [Git][config] git config failed: Failed to execute git
2024-09-08 19:53:32.139 [info] > git symbolic-ref --short refs/remotes/origin/HEAD [11ms]
2024-09-08 19:53:32.140 [info] fatal: ref refs/remotes/origin/HEAD is not a symbolic ref
2024-09-08 19:53:32.148 [info] > git reflog main --grep-reflog=branch: Created from *. [11ms]
2024-09-08 19:53:32.153 [info] > git merge-base refs/heads/main refs/remotes/origin/main [7ms]
2024-09-08 19:53:32.162 [info] > git symbolic-ref --short refs/remotes/origin/HEAD [10ms]
2024-09-08 19:53:32.162 [info] fatal: ref refs/remotes/origin/HEAD is not a symbolic ref
2024-09-08 19:53:32.169 [info] > git rev-list --count --left-right refs/heads/main...refs/remotes/origin/main [10ms]
2024-09-08 19:53:32.318 [info] > git check-ignore -v -z --stdin [7ms]
2024-09-08 19:53:32.322 [info] > git diff --name-status -z --diff-filter=ADMR 56c86273ab8b103c3d6bba429aa9c649121daacd...refs/remotes/origin/main [147ms]
2024-09-08 19:53:32.445 [info] > git ls-files --stage -- /root/repos/website/index.html [4ms]
2024-09-08 19:53:32.471 [info] > git show --textconv :index.html [43ms]
2024-09-08 19:53:32.481 [info] > git cat-file -s 630bd7a76c1430f1978df252cffffd4b6e9901c1 [28ms]
2024-09-08 19:56:05.507 [info] > git show --textconv :about.html [6ms]
2024-09-08 19:56:05.507 [info] > git ls-files --stage -- /root/repos/website/about.html [2ms]
2024-09-08 19:56:05.514 [info] > git cat-file -s 59aa96ed0380e6a5f5b445f64f2aa4d53004d75f [2ms]
2024-09-08 19:56:06.916 [info] > git show --textconv :index.html [5ms]
2024-09-08 19:56:06.917 [info] > git ls-files --stage -- /root/repos/website/index.html [2ms]
2024-09-08 19:56:06.923 [info] > git cat-file -s 630bd7a76c1430f1978df252cffffd4b6e9901c1 [1ms]
2024-09-08 19:56:17.284 [info] > git check-ignore -v -z --stdin [5ms]
