2024-09-08 20:32:57.340 [info] [main] ログ レベル: Info
2024-09-08 20:32:57.340 [info] [main] Git の検証が検出されました: "git"
2024-09-08 20:32:57.340 [info] [main] "git" から Git "2.34.1" を使用しています
2024-09-08 20:32:57.340 [info] [Model][doInitialScan] Initial repository scan started
2024-09-08 20:32:57.340 [info] > git rev-parse --show-toplevel [5ms]
2024-09-08 20:32:57.340 [info] > git rev-parse --git-dir --git-common-dir [2ms]
2024-09-08 20:32:57.340 [info] [Model][openRepository] Opened repository: /root/repos/website
2024-09-08 20:32:57.340 [info] > git config --get commit.template [10ms]
2024-09-08 20:32:57.340 [info] > git rev-parse --show-toplevel [8ms]
2024-09-08 20:32:57.340 [info] > git rev-parse --show-toplevel [3ms]
2024-09-08 20:32:57.340 [info] [Model][doInitialScan] Initial repository scan completed - repositories (1), closed repositories (0), parent repositories (0), unsafe repositories (0)
2024-09-08 20:32:57.340 [info] > git for-each-ref --format=%(refname)%00%(upstream:short)%00%(objectname)%00%(upstream:track)%00%(upstream:remotename)%00%(upstream:remoteref) refs/heads/main refs/remotes/main [17ms]
2024-09-08 20:32:57.342 [info] > git status -z -uall [7ms]
2024-09-08 20:32:57.380 [info] > git for-each-ref --format=%(refname)%00%(upstream:short)%00%(objectname)%00%(upstream:track)%00%(upstream:remotename)%00%(upstream:remoteref) refs/heads/main refs/remotes/main [29ms]
2024-09-08 20:32:57.393 [info] > git config --local branch.main.vscode-merge-base [7ms]
2024-09-08 20:32:57.393 [warning] [Git][config] git config failed: Failed to execute git
2024-09-08 20:32:57.400 [info] > git config --get commit.template [20ms]
2024-09-08 20:32:57.410 [info] > git reflog main --grep-reflog=branch: Created from *. [11ms]
2024-09-08 20:32:57.423 [info] > git for-each-ref --format=%(refname)%00%(upstream:short)%00%(objectname)%00%(upstream:track)%00%(upstream:remotename)%00%(upstream:remoteref) refs/heads/main refs/remotes/main [15ms]
2024-09-08 20:32:57.425 [info] > git symbolic-ref --short refs/remotes/origin/HEAD [10ms]
2024-09-08 20:32:57.425 [info] fatal: ref refs/remotes/origin/HEAD is not a symbolic ref
2024-09-08 20:32:57.436 [info] > git merge-base refs/heads/main refs/remotes/origin/main [5ms]
2024-09-08 20:32:57.448 [info] > git rev-list --count --left-right refs/heads/main...refs/remotes/origin/main [6ms]
2024-09-08 20:32:57.455 [info] > git status -z -uall [8ms]
2024-09-08 20:32:57.464 [info] > git for-each-ref --format=%(refname)%00%(upstream:short)%00%(objectname)%00%(upstream:track)%00%(upstream:remotename)%00%(upstream:remoteref) refs/heads/main refs/remotes/main [4ms]
2024-09-08 20:32:57.469 [info] > git diff --name-status -z --diff-filter=ADMR 56c86273ab8b103c3d6bba429aa9c649121daacd...refs/remotes/origin/main [15ms]
2024-09-08 20:32:57.474 [info] > git config --local branch.main.vscode-merge-base [6ms]
2024-09-08 20:32:57.474 [warning] [Git][config] git config failed: Failed to execute git
2024-09-08 20:32:57.483 [info] > git reflog main --grep-reflog=branch: Created from *. [5ms]
2024-09-08 20:32:57.491 [info] > git symbolic-ref --short refs/remotes/origin/HEAD [3ms]
2024-09-08 20:32:57.491 [info] fatal: ref refs/remotes/origin/HEAD is not a symbolic ref
2024-09-08 20:32:58.076 [info] > git check-ignore -v -z --stdin [35ms]
2024-09-08 20:32:58.079 [info] > git show --textconv :about.html [28ms]
2024-09-08 20:32:58.080 [info] > git ls-files --stage -- /root/repos/website/about.html [22ms]
2024-09-08 20:32:58.087 [info] > git cat-file -s 59aa96ed0380e6a5f5b445f64f2aa4d53004d75f [3ms]
2024-09-08 20:34:01.948 [info] > git config --get commit.template [2ms]
2024-09-08 20:34:01.954 [info] > git for-each-ref --format=%(refname)%00%(upstream:short)%00%(objectname)%00%(upstream:track)%00%(upstream:remotename)%00%(upstream:remoteref) refs/heads/main refs/remotes/main [2ms]
2024-09-08 20:34:01.967 [info] > git status -z -uall [7ms]
2024-09-08 20:34:01.974 [info] > git for-each-ref --format=%(refname)%00%(upstream:short)%00%(objectname)%00%(upstream:track)%00%(upstream:remotename)%00%(upstream:remoteref) refs/heads/main refs/remotes/main [2ms]
2024-09-08 20:34:01.983 [info] > git config --local branch.main.vscode-merge-base [3ms]
2024-09-08 20:34:01.983 [warning] [Git][config] git config failed: Failed to execute git
2024-09-08 20:34:01.989 [info] > git reflog main --grep-reflog=branch: Created from *. [3ms]
2024-09-08 20:34:01.995 [info] > git symbolic-ref --short refs/remotes/origin/HEAD [2ms]
2024-09-08 20:34:01.995 [info] fatal: ref refs/remotes/origin/HEAD is not a symbolic ref
2024-09-08 20:34:10.314 [info] > git config --get commit.template [4ms]
2024-09-08 20:34:10.316 [info] > git for-each-ref --format=%(refname)%00%(upstream:short)%00%(objectname)%00%(upstream:track)%00%(upstream:remotename)%00%(upstream:remoteref) refs/heads/main refs/remotes/main [1ms]
2024-09-08 20:34:10.326 [info] > git status -z -uall [6ms]
2024-09-08 20:34:10.333 [info] > git for-each-ref --format=%(refname)%00%(upstream:short)%00%(objectname)%00%(upstream:track)%00%(upstream:remotename)%00%(upstream:remoteref) refs/heads/main refs/remotes/main [2ms]
2024-09-08 20:34:10.339 [info] > git config --local branch.main.vscode-merge-base [2ms]
2024-09-08 20:34:10.339 [warning] [Git][config] git config failed: Failed to execute git
2024-09-08 20:34:10.346 [info] > git reflog main --grep-reflog=branch: Created from *. [3ms]
2024-09-08 20:34:10.350 [info] > git symbolic-ref --short refs/remotes/origin/HEAD [1ms]
2024-09-08 20:34:10.350 [info] fatal: ref refs/remotes/origin/HEAD is not a symbolic ref
2024-09-08 20:34:27.031 [info] > git config --get commit.template [4ms]
2024-09-08 20:34:27.032 [info] > git for-each-ref --format=%(refname)%00%(upstream:short)%00%(objectname)%00%(upstream:track)%00%(upstream:remotename)%00%(upstream:remoteref) refs/heads/main refs/remotes/main [1ms]
2024-09-08 20:34:27.041 [info] > git status -z -uall [5ms]
2024-09-08 20:34:27.051 [info] > git for-each-ref --format=%(refname)%00%(upstream:short)%00%(objectname)%00%(upstream:track)%00%(upstream:remotename)%00%(upstream:remoteref) refs/heads/main refs/remotes/main [5ms]
2024-09-08 20:34:27.058 [info] > git config --local branch.main.vscode-merge-base [3ms]
2024-09-08 20:34:27.058 [warning] [Git][config] git config failed: Failed to execute git
2024-09-08 20:34:27.064 [info] > git reflog main --grep-reflog=branch: Created from *. [2ms]
2024-09-08 20:34:27.069 [info] > git symbolic-ref --short refs/remotes/origin/HEAD [2ms]
2024-09-08 20:34:27.069 [info] fatal: ref refs/remotes/origin/HEAD is not a symbolic ref
2024-09-08 20:35:44.306 [info] > git config --get commit.template [14ms]
2024-09-08 20:35:44.310 [info] > git ls-files --stage -- /root/repos/website/about.html [6ms]
2024-09-08 20:35:44.316 [info] > git for-each-ref --format=%(refname)%00%(upstream:short)%00%(objectname)%00%(upstream:track)%00%(upstream:remotename)%00%(upstream:remoteref) refs/heads/main refs/remotes/main [18ms]
2024-09-08 20:35:44.318 [info] > git cat-file -s 59aa96ed0380e6a5f5b445f64f2aa4d53004d75f [3ms]
2024-09-08 20:35:44.329 [info] > git status -z -uall [6ms]
2024-09-08 20:35:44.329 [info] > git show --textconv :about.html [2ms]
2024-09-08 20:35:44.338 [info] > git for-each-ref --format=%(refname)%00%(upstream:short)%00%(objectname)%00%(upstream:track)%00%(upstream:remotename)%00%(upstream:remoteref) refs/heads/main refs/remotes/main [3ms]
2024-09-08 20:35:44.346 [info] > git config --local branch.main.vscode-merge-base [4ms]
2024-09-08 20:35:44.346 [warning] [Git][config] git config failed: Failed to execute git
2024-09-08 20:35:44.353 [info] > git reflog main --grep-reflog=branch: Created from *. [2ms]
2024-09-08 20:35:44.358 [info] > git symbolic-ref --short refs/remotes/origin/HEAD [2ms]
2024-09-08 20:35:44.358 [info] fatal: ref refs/remotes/origin/HEAD is not a symbolic ref
2024-09-08 20:35:48.149 [info] > git show --textconv :index.html [6ms]
2024-09-08 20:35:48.150 [info] > git ls-files --stage -- /root/repos/website/index.html [2ms]
2024-09-08 20:35:48.155 [info] > git cat-file -s 630bd7a76c1430f1978df252cffffd4b6e9901c1 [2ms]
2024-09-08 20:38:12.517 [info] > git config --get commit.template [2ms]
2024-09-08 20:38:12.526 [info] > git for-each-ref --format=%(refname)%00%(upstream:short)%00%(objectname)%00%(upstream:track)%00%(upstream:remotename)%00%(upstream:remoteref) refs/heads/main refs/remotes/main [3ms]
2024-09-08 20:38:12.536 [info] > git status -z -uall [5ms]
2024-09-08 20:38:12.543 [info] > git for-each-ref --format=%(refname)%00%(upstream:short)%00%(objectname)%00%(upstream:track)%00%(upstream:remotename)%00%(upstream:remoteref) refs/heads/main refs/remotes/main [2ms]
2024-09-08 20:38:12.551 [info] > git config --local branch.main.vscode-merge-base [3ms]
2024-09-08 20:38:12.551 [warning] [Git][config] git config failed: Failed to execute git
2024-09-08 20:38:12.559 [info] > git reflog main --grep-reflog=branch: Created from *. [4ms]
2024-09-08 20:38:12.565 [info] > git symbolic-ref --short refs/remotes/origin/HEAD [2ms]
2024-09-08 20:38:12.565 [info] fatal: ref refs/remotes/origin/HEAD is not a symbolic ref
2024-09-08 20:43:25.012 [info] > git config --get commit.template [8ms]
2024-09-08 20:43:25.014 [info] > git for-each-ref --format=%(refname)%00%(upstream:short)%00%(objectname)%00%(upstream:track)%00%(upstream:remotename)%00%(upstream:remoteref) refs/heads/main refs/remotes/main [3ms]
2024-09-08 20:43:25.027 [info] > git status -z -uall [7ms]
2024-09-08 20:43:25.043 [info] > git for-each-ref --format=%(refname)%00%(upstream:short)%00%(objectname)%00%(upstream:track)%00%(upstream:remotename)%00%(upstream:remoteref) refs/heads/main refs/remotes/main [11ms]
2024-09-08 20:43:25.049 [info] > git config --local branch.main.vscode-merge-base [1ms]
2024-09-08 20:43:25.050 [warning] [Git][config] git config failed: Failed to execute git
2024-09-08 20:43:25.061 [info] > git reflog main --grep-reflog=branch: Created from *. [8ms]
2024-09-08 20:43:25.066 [info] > git ls-files --stage -- /root/repos/website/index.html [6ms]
2024-09-08 20:43:25.070 [info] > git symbolic-ref --short refs/remotes/origin/HEAD [5ms]
2024-09-08 20:43:25.070 [info] fatal: ref refs/remotes/origin/HEAD is not a symbolic ref
2024-09-08 20:43:25.076 [info] > git cat-file -s 630bd7a76c1430f1978df252cffffd4b6e9901c1 [7ms]
2024-09-08 20:43:25.077 [info] > git merge-base refs/heads/main refs/remotes/origin/main [3ms]
2024-09-08 20:43:25.087 [info] > git rev-list --count --left-right refs/heads/main...refs/remotes/origin/main [5ms]
2024-09-08 20:43:25.093 [info] > git show --textconv :index.html [7ms]
2024-09-08 20:43:25.094 [info] > git diff --name-status -z --diff-filter=ADMR 80201a388465fb38aad2f1ca89239eed889dc2e6...refs/remotes/origin/main [3ms]
2024-09-08 20:45:06.415 [info] > git show --textconv :about.html [4ms]
2024-09-08 20:45:06.416 [info] > git ls-files --stage -- /root/repos/website/about.html [2ms]
2024-09-08 20:45:06.421 [info] > git cat-file -s 14658bb4c5dbb21cb353d382b782eb86d45e8bd0 [2ms]
2024-09-08 20:45:22.673 [info] > git show --textconv :index.html [6ms]
2024-09-08 20:45:22.674 [info] > git ls-files --stage -- /root/repos/website/index.html [3ms]
2024-09-08 20:45:22.679 [info] > git cat-file -s 630bd7a76c1430f1978df252cffffd4b6e9901c1 [2ms]
2024-09-08 20:45:30.523 [info] > git show --textconv :about.html [4ms]
2024-09-08 20:45:30.525 [info] > git ls-files --stage -- /root/repos/website/about.html [3ms]
2024-09-08 20:45:30.531 [info] > git cat-file -s 14658bb4c5dbb21cb353d382b782eb86d45e8bd0 [1ms]
2024-09-08 20:45:30.716 [info] > git config --get commit.template [7ms]
2024-09-08 20:45:30.717 [info] > git for-each-ref --format=%(refname)%00%(upstream:short)%00%(objectname)%00%(upstream:track)%00%(upstream:remotename)%00%(upstream:remoteref) refs/heads/main refs/remotes/main [2ms]
2024-09-08 20:45:30.728 [info] > git status -z -uall [7ms]
2024-09-08 20:45:30.735 [info] > git for-each-ref --format=%(refname)%00%(upstream:short)%00%(objectname)%00%(upstream:track)%00%(upstream:remotename)%00%(upstream:remoteref) refs/heads/main refs/remotes/main [2ms]
2024-09-08 20:45:30.742 [info] > git config --local branch.main.vscode-merge-base [1ms]
2024-09-08 20:45:30.742 [warning] [Git][config] git config failed: Failed to execute git
2024-09-08 20:45:30.749 [info] > git reflog main --grep-reflog=branch: Created from *. [3ms]
2024-09-08 20:45:30.754 [info] > git symbolic-ref --short refs/remotes/origin/HEAD [1ms]
2024-09-08 20:45:30.754 [info] fatal: ref refs/remotes/origin/HEAD is not a symbolic ref
2024-09-08 20:45:35.773 [info] > git config --get commit.template [17ms]
2024-09-08 20:45:35.775 [info] > git for-each-ref --format=%(refname)%00%(upstream:short)%00%(objectname)%00%(upstream:track)%00%(upstream:remotename)%00%(upstream:remoteref) refs/heads/main refs/remotes/main [5ms]
2024-09-08 20:45:35.793 [info] > git status -z -uall [11ms]
2024-09-08 20:45:35.806 [info] > git for-each-ref --format=%(refname)%00%(upstream:short)%00%(objectname)%00%(upstream:track)%00%(upstream:remotename)%00%(upstream:remoteref) refs/heads/main refs/remotes/main [5ms]
2024-09-08 20:45:35.811 [info] > git config --local branch.main.vscode-merge-base [1ms]
2024-09-08 20:45:35.812 [warning] [Git][config] git config failed: Failed to execute git
2024-09-08 20:45:35.820 [info] > git reflog main --grep-reflog=branch: Created from *. [4ms]
2024-09-08 20:45:35.825 [info] > git symbolic-ref --short refs/remotes/origin/HEAD [1ms]
2024-09-08 20:45:35.825 [info] fatal: ref refs/remotes/origin/HEAD is not a symbolic ref
2024-09-08 20:45:40.462 [info] > git check-ignore -v -z --stdin [5ms]
