2024-09-24 05:32:45.081 [info] [main] ログ レベル: Info
2024-09-24 05:32:45.081 [info] [main] Git の検証が検出されました: "git"
2024-09-24 05:32:45.081 [info] [main] "git" から Git "2.34.1" を使用しています
2024-09-24 05:32:45.081 [info] [Model][doInitialScan] Initial repository scan started
2024-09-24 05:32:45.081 [info] > git rev-parse --show-toplevel [121ms]
2024-09-24 05:32:45.082 [info] > git rev-parse --git-dir --git-common-dir [20ms]
2024-09-24 05:32:45.082 [info] [Model][openRepository] Opened repository: /root
2024-09-24 05:32:45.095 [info] > git config --get commit.template [18ms]
2024-09-24 05:32:45.118 [info] > git for-each-ref --format=%(refname)%00%(upstream:short)%00%(objectname)%00%(upstream:track)%00%(upstream:remotename)%00%(upstream:remoteref) refs/heads/main refs/remotes/main [27ms]
2024-09-24 05:32:45.120 [info] > git rev-parse --show-toplevel [7ms]
2024-09-24 05:32:45.147 [info] > git rev-parse --show-toplevel [21ms]
2024-09-24 05:32:45.162 [info] > git rev-parse --show-toplevel [3ms]
2024-09-24 05:32:45.169 [info] > git rev-parse --show-toplevel [3ms]
2024-09-24 05:32:45.188 [info] > git rev-parse --show-toplevel [9ms]
2024-09-24 05:32:45.202 [info] > git rev-parse --git-dir --git-common-dir [3ms]
2024-09-24 05:32:45.211 [info] [Model][openRepository] Opened repository: /root/.rbenv
2024-09-24 05:32:45.228 [info] > git config --get commit.template [7ms]
2024-09-24 05:32:45.244 [info] > git rev-parse --show-toplevel [19ms]
2024-09-24 05:32:45.255 [info] > git rev-parse --show-toplevel [5ms]
2024-09-24 05:32:45.267 [info] > git rev-parse --show-toplevel [5ms]
2024-09-24 05:32:45.275 [info] > git rev-parse --show-toplevel [3ms]
2024-09-24 05:32:45.282 [info] > git for-each-ref --format=%(refname)%00%(upstream:short)%00%(objectname)%00%(upstream:track)%00%(upstream:remotename)%00%(upstream:remoteref) refs/heads/master refs/remotes/master [39ms]
2024-09-24 05:32:45.286 [warning] [Git][revParse] Unable to read file: ENOENT: no such file or directory, open '/root/.rbenv/.git/refs/remotes/origin/master'
2024-09-24 05:32:45.288 [info] > git rev-parse --show-toplevel [8ms]
2024-09-24 05:32:45.299 [info] > git rev-parse refs/remotes/origin/master [14ms]
2024-09-24 05:32:45.310 [info] > git rev-parse --git-dir --git-common-dir [12ms]
2024-09-24 05:32:45.324 [info] [Model][openRepository] Opened repository: /root/repos
2024-09-24 05:32:45.340 [info] > git status -z -uall [36ms]
2024-09-24 05:32:45.375 [info] > git for-each-ref --format=%(refname)%00%(upstream:short)%00%(objectname)%00%(upstream:track)%00%(upstream:remotename)%00%(upstream:remoteref) refs/heads/master refs/remotes/master [27ms]
2024-09-24 05:32:45.383 [info] > git rev-parse --show-toplevel [43ms]
2024-09-24 05:32:45.385 [info] > git config --get commit.template [49ms]
2024-09-24 05:32:45.395 [info] > git config --local branch.master.vscode-merge-base [14ms]
2024-09-24 05:32:45.400 [info] > git config --get commit.template [30ms]
2024-09-24 05:32:45.406 [info] [Git][getRemotes] No remotes found in the git config file
2024-09-24 05:32:45.408 [info] > git rev-parse --show-toplevel [15ms]
2024-09-24 05:32:45.416 [info] > git for-each-ref --format=%(refname)%00%(upstream:short)%00%(objectname)%00%(upstream:track)%00%(upstream:remotename)%00%(upstream:remoteref) refs/heads/main refs/remotes/main [10ms]
2024-09-24 05:32:45.416 [warning] [Git][getBranch] No such branch: main
2024-09-24 05:32:45.420 [info] > git for-each-ref --format=%(refname)%00%(upstream:short)%00%(objectname)%00%(upstream:track)%00%(upstream:remotename)%00%(upstream:remoteref) refs/heads/origin/master refs/remotes/origin/master [20ms]
2024-09-24 05:32:45.452 [info] > git status -z -uall [33ms]
2024-09-24 05:32:45.466 [info] > git rev-parse --git-dir --git-common-dir [52ms]
2024-09-24 05:32:45.472 [info] [Model][openRepository] Opened repository: /root/sample_website
2024-09-24 05:32:45.474 [info] > git for-each-ref --format=%(refname)%00%(upstream:short)%00%(objectname)%00%(upstream:track)%00%(upstream:remotename)%00%(upstream:remoteref) refs/heads/master refs/remotes/master [62ms]
2024-09-24 05:32:45.492 [warning] [Git][revParse] Unable to read file: ENOENT: no such file or directory, open '/root/.rbenv/.git/refs/remotes/origin/master'
2024-09-24 05:32:45.496 [info] > git for-each-ref --format=%(refname)%00%(upstream:short)%00%(objectname)%00%(upstream:track)%00%(upstream:remotename)%00%(upstream:remoteref) refs/heads/main refs/remotes/main [38ms]
2024-09-24 05:32:45.496 [warning] [Git][getBranch] No such branch: main
2024-09-24 05:32:45.497 [info] > git merge-base refs/heads/master refs/remotes/origin/master [73ms]
2024-09-24 05:32:45.507 [info] > git rev-parse refs/remotes/origin/master [15ms]
2024-09-24 05:32:45.513 [info] > git rev-parse --show-toplevel [25ms]
2024-09-24 05:32:45.513 [info] > git config --get commit.template [30ms]
2024-09-24 05:32:45.514 [info] > git config --get commit.template [36ms]
2024-09-24 05:32:45.523 [info] > git status -z -uall [389ms]
2024-09-24 05:32:45.523 [info] > git status -z -uall [11ms]
2024-09-24 05:32:45.523 [info] > git rev-list --count --left-right refs/heads/master...refs/remotes/origin/master [21ms]
2024-09-24 05:32:45.533 [info] [Git][getRemotes] No remotes found in the git config file
2024-09-24 05:32:45.545 [info] > git rev-parse --show-toplevel [27ms]
2024-09-24 05:32:45.551 [info] [Model][doInitialScan] Initial repository scan completed - repositories (4), closed repositories (0), parent repositories (0), unsafe repositories (0)
2024-09-24 05:32:45.662 [info] > git for-each-ref --format=%(refname)%00%(upstream:short)%00%(objectname)%00%(upstream:track)%00%(upstream:remotename)%00%(upstream:remoteref) refs/heads/master refs/remotes/master [66ms]
2024-09-24 05:32:45.666 [info] > git for-each-ref --format=%(refname)%00%(upstream:short)%00%(objectname)%00%(upstream:track)%00%(upstream:remotename)%00%(upstream:remoteref) refs/heads/main refs/remotes/main [107ms]
2024-09-24 05:32:45.670 [info] > git for-each-ref --format=%(refname)%00%(upstream:short)%00%(objectname)%00%(upstream:track)%00%(upstream:remotename)%00%(upstream:remoteref) refs/heads/main refs/remotes/main [134ms]
2024-09-24 05:32:45.674 [info] > git for-each-ref --format=%(refname)%00%(upstream:short)%00%(objectname)%00%(upstream:track)%00%(upstream:remotename)%00%(upstream:remoteref) refs/heads/main refs/remotes/main [142ms]
2024-09-24 05:32:45.674 [warning] [Git][getBranch] No such branch: main
2024-09-24 05:32:45.677 [info] > git diff --name-status -z --diff-filter=ADMR c335ab83de40d48093870d300de52c61bbd68359...refs/remotes/origin/master [149ms]
2024-09-24 05:32:45.823 [info] > git status -z -uall [150ms]
2024-09-24 05:32:45.825 [info] > git status -z -uall [148ms]
2024-09-24 05:32:45.852 [info] > git config --local branch.main.vscode-merge-base [183ms]
2024-09-24 05:32:45.852 [warning] [Git][config] git config failed: Failed to execute git
2024-09-24 05:32:45.857 [info] > git config --local branch.master.vscode-merge-base [192ms]
2024-09-24 05:32:45.862 [info] > git config --get commit.template [218ms]
2024-09-24 05:32:45.875 [info] > git for-each-ref --format=%(refname)%00%(upstream:short)%00%(objectname)%00%(upstream:track)%00%(upstream:remotename)%00%(upstream:remoteref) refs/heads/origin/master refs/remotes/origin/master [14ms]
2024-09-24 05:32:45.878 [info] > git for-each-ref --format=%(refname)%00%(upstream:short)%00%(objectname)%00%(upstream:track)%00%(upstream:remotename)%00%(upstream:remoteref) refs/heads/main refs/remotes/main [37ms]
2024-09-24 05:32:45.884 [info] > git for-each-ref --format=%(refname)%00%(upstream:short)%00%(objectname)%00%(upstream:track)%00%(upstream:remotename)%00%(upstream:remoteref) refs/heads/main refs/remotes/main [51ms]
2024-09-24 05:32:45.885 [warning] [Git][getBranch] No such branch: main
2024-09-24 05:32:45.915 [info] > git check-ignore -v -z --stdin [24ms]
2024-09-24 05:32:45.916 [info] > git check-ignore -v -z --stdin [15ms]
2024-09-24 05:32:45.917 [info] > git config --local branch.main.vscode-merge-base [33ms]
2024-09-24 05:32:45.918 [warning] [Git][config] git config failed: Failed to execute git
2024-09-24 05:32:45.922 [info] > git config --get commit.template [51ms]
2024-09-24 05:32:45.922 [info] > git reflog main --grep-reflog=branch: Created from *. [66ms]
2024-09-24 05:32:45.929 [info] > git reflog main --grep-reflog=branch: Created from *. [8ms]
2024-09-24 05:32:45.933 [info] > git for-each-ref --format=%(refname)%00%(upstream:short)%00%(objectname)%00%(upstream:track)%00%(upstream:remotename)%00%(upstream:remoteref) refs/heads/main refs/remotes/main [27ms]
2024-09-24 05:32:45.949 [info] > git symbolic-ref --short refs/remotes/origin/HEAD [16ms]
2024-09-24 05:32:45.949 [info] fatal: ref refs/remotes/origin/HEAD is not a symbolic ref
2024-09-24 05:32:45.950 [info] > git symbolic-ref --short refs/remotes/origin/HEAD [25ms]
2024-09-24 05:32:45.950 [info] fatal: ref refs/remotes/origin/HEAD is not a symbolic ref
2024-09-24 05:32:45.968 [info] > git for-each-ref --format=%(refname)%00%(upstream:short)%00%(objectname)%00%(upstream:track)%00%(upstream:remotename)%00%(upstream:remoteref) refs/heads/main refs/remotes/main [27ms]
2024-09-24 05:32:45.977 [info] > git status -z -uall [6ms]
2024-09-24 05:32:45.978 [info] > git merge-base refs/heads/main refs/remotes/origin/main [26ms]
2024-09-24 05:32:46.008 [info] > git for-each-ref --format=%(refname)%00%(upstream:short)%00%(objectname)%00%(upstream:track)%00%(upstream:remotename)%00%(upstream:remoteref) refs/heads/main refs/remotes/main [6ms]
2024-09-24 05:32:46.012 [info] > git rev-list --count --left-right refs/heads/main...refs/remotes/origin/main [31ms]
2024-09-24 05:32:46.018 [info] > git config --local branch.main.vscode-merge-base [7ms]
2024-09-24 05:32:46.018 [warning] [Git][config] git config failed: Failed to execute git
2024-09-24 05:32:46.025 [info] > git diff --name-status -z --diff-filter=ADMR bd9d16f278f7c1f9d552dfe2d34230c84e18e4f0...refs/remotes/origin/main [10ms]
2024-09-24 05:32:46.026 [info] > git reflog main --grep-reflog=branch: Created from *. [4ms]
2024-09-24 05:32:46.031 [info] > git symbolic-ref --short refs/remotes/origin/HEAD [2ms]
2024-09-24 05:32:46.031 [info] fatal: ref refs/remotes/origin/HEAD is not a symbolic ref
2024-09-24 05:32:46.072 [info] > git status -z -uall [86ms]
2024-09-24 05:32:46.091 [info] > git for-each-ref --format=%(refname)%00%(upstream:short)%00%(objectname)%00%(upstream:track)%00%(upstream:remotename)%00%(upstream:remoteref) refs/heads/main refs/remotes/main [13ms]
2024-09-24 05:32:46.098 [info] > git config --local branch.main.vscode-merge-base [3ms]
2024-09-24 05:32:46.098 [warning] [Git][config] git config failed: Failed to execute git
2024-09-24 05:32:46.113 [info] > git reflog main --grep-reflog=branch: Created from *. [9ms]
2024-09-24 05:32:46.120 [info] > git symbolic-ref --short refs/remotes/origin/HEAD [4ms]
2024-09-24 05:32:46.120 [info] fatal: ref refs/remotes/origin/HEAD is not a symbolic ref
2024-09-24 05:32:50.698 [info] > git show --textconv :SYSTEMA556.github.io/index.html [6ms]
2024-09-24 05:32:50.698 [info] > git ls-files --stage -- /root/repos/SYSTEMA556.github.io/index.html [2ms]
2024-09-24 05:32:51.097 [info] > git check-ignore -v -z --stdin [2ms]
2024-09-24 05:33:16.945 [info] > git show --textconv :SYSTEMA556.github.io/index.html [5ms]
2024-09-24 05:33:16.946 [info] > git ls-files --stage -- /root/repos/SYSTEMA556.github.io/index.html [4ms]
2024-09-24 05:33:35.682 [info] > git show --textconv :SYSTEMA556.github.io/index.html [7ms]
2024-09-24 05:33:35.684 [info] > git ls-files --stage -- /root/repos/SYSTEMA556.github.io/index.html [4ms]
2024-09-24 05:36:21.789 [info] > git show --textconv :SYSTEMA556.github.io/index.html [4ms]
2024-09-24 05:36:21.791 [info] > git ls-files --stage -- /root/repos/SYSTEMA556.github.io/index.html [2ms]
2024-09-24 05:44:24.410 [info] > git show --textconv :SYSTEMA556.github.io/index.html [5ms]
2024-09-24 05:44:24.413 [info] > git ls-files --stage -- /root/repos/SYSTEMA556.github.io/index.html [4ms]
2024-09-24 05:45:45.244 [info] > git show --textconv :SYSTEMA556.github.io/index.html [5ms]
2024-09-24 05:45:45.245 [info] > git ls-files --stage -- /root/repos/SYSTEMA556.github.io/index.html [2ms]
2024-09-24 05:48:01.373 [info] > git show --textconv :SYSTEMA556.github.io/index.html [4ms]
2024-09-24 05:48:01.375 [info] > git ls-files --stage -- /root/repos/SYSTEMA556.github.io/index.html [2ms]
2024-09-24 05:52:44.389 [info] > git show --textconv :SYSTEMA556.github.io/index.html [7ms]
2024-09-24 05:52:44.391 [info] > git ls-files --stage -- /root/repos/SYSTEMA556.github.io/index.html [5ms]
2024-09-24 05:53:03.335 [info] > git show --textconv :SYSTEMA556.github.io/index.html [4ms]
2024-09-24 05:53:03.336 [info] > git ls-files --stage -- /root/repos/SYSTEMA556.github.io/index.html [2ms]
