2024-09-23 19:39:22.386 [info] [main] ログ レベル: Info
2024-09-23 19:39:22.386 [info] [main] Git の検証が検出されました: "git"
2024-09-23 19:39:22.386 [info] [main] "git" から Git "2.34.1" を使用しています
2024-09-23 19:39:22.386 [info] [Model][doInitialScan] Initial repository scan started
2024-09-23 19:39:22.515 [info] > git rev-parse --show-toplevel [92ms]
2024-09-23 19:39:22.860 [info] > git rev-parse --git-dir --git-common-dir [314ms]
2024-09-23 19:39:22.926 [info] [Model][openRepository] Opened repository: /root
2024-09-23 19:39:22.964 [info] > git rev-parse --show-toplevel [10ms]
2024-09-23 19:39:22.966 [info] > git config --get commit.template [17ms]
2024-09-23 19:39:22.986 [info] > git rev-parse --git-dir --git-common-dir [4ms]
2024-09-23 19:39:23.007 [info] [Model][openRepository] Opened repository: /root/repos/SYSTEMA556.github.io
2024-09-23 19:39:23.060 [info] > git rev-parse --show-toplevel [31ms]
2024-09-23 19:39:23.062 [info] > git config --get commit.template [37ms]
2024-09-23 19:39:23.062 [info] > git for-each-ref --format=%(refname)%00%(upstream:short)%00%(objectname)%00%(upstream:track)%00%(upstream:remotename)%00%(upstream:remoteref) refs/heads/main refs/remotes/main [91ms]
2024-09-23 19:39:23.097 [info] > git rev-parse --show-toplevel [17ms]
2024-09-23 19:39:23.136 [info] > git rev-parse --show-toplevel [18ms]
2024-09-23 19:39:23.143 [info] > git rev-parse --show-toplevel [2ms]
2024-09-23 19:39:23.163 [info] > git rev-parse --show-toplevel [16ms]
2024-09-23 19:39:23.170 [info] > git rev-parse --git-dir --git-common-dir [2ms]
2024-09-23 19:39:23.202 [info] [Model][openRepository] Opened repository: /root/.rbenv
2024-09-23 19:39:23.226 [info] > git for-each-ref --format=%(refname)%00%(upstream:short)%00%(objectname)%00%(upstream:track)%00%(upstream:remotename)%00%(upstream:remoteref) refs/heads/main refs/remotes/main [139ms]
2024-09-23 19:39:23.235 [info] > git rev-parse --show-toplevel [13ms]
2024-09-23 19:39:23.236 [info] > git config --get commit.template [24ms]
2024-09-23 19:39:23.257 [info] > git rev-parse --show-toplevel [15ms]
2024-09-23 19:39:23.269 [info] > git rev-parse --show-toplevel [2ms]
2024-09-23 19:39:23.282 [info] > git rev-parse --show-toplevel [8ms]
2024-09-23 19:39:23.298 [info] > git rev-parse --show-toplevel [8ms]
2024-09-23 19:39:23.305 [info] > git rev-parse --git-dir --git-common-dir [2ms]
2024-09-23 19:39:23.323 [info] [Model][openRepository] Opened repository: /root/repos
2024-09-23 19:39:23.350 [info] > git status -z -uall [95ms]
2024-09-23 19:39:23.412 [info] > git for-each-ref --format=%(refname)%00%(upstream:short)%00%(objectname)%00%(upstream:track)%00%(upstream:remotename)%00%(upstream:remoteref) refs/heads/main refs/remotes/main [44ms]
2024-09-23 19:39:23.431 [info] > git rev-parse --show-toplevel [81ms]
2024-09-23 19:39:23.431 [info] > git config --get commit.template [87ms]
2024-09-23 19:39:23.432 [info] > git for-each-ref --format=%(refname)%00%(upstream:short)%00%(objectname)%00%(upstream:track)%00%(upstream:remotename)%00%(upstream:remoteref) refs/heads/master refs/remotes/master [186ms]
2024-09-23 19:39:23.453 [warning] [Git][revParse] Unable to read file: ENOENT: no such file or directory, open '/root/.rbenv/.git/refs/remotes/origin/master'
2024-09-23 19:39:23.455 [info] > git config --local branch.main.vscode-merge-base [25ms]
2024-09-23 19:39:23.456 [warning] [Git][config] git config failed: Failed to execute git
2024-09-23 19:39:23.466 [info] > git config --get commit.template [57ms]
2024-09-23 19:39:23.480 [info] [Git][getRemotes] No remotes found in the git config file
2024-09-23 19:39:23.482 [info] > git rev-parse refs/remotes/origin/master [30ms]
2024-09-23 19:39:23.489 [info] > git rev-parse --show-toplevel [41ms]
2024-09-23 19:39:23.578 [info] > git for-each-ref --format=%(refname)%00%(upstream:short)%00%(objectname)%00%(upstream:track)%00%(upstream:remotename)%00%(upstream:remoteref) refs/heads/main refs/remotes/main [99ms]
2024-09-23 19:39:23.578 [warning] [Git][getBranch] No such branch: main
2024-09-23 19:39:23.589 [info] > git reflog main --grep-reflog=branch: Created from *. [123ms]
2024-09-23 19:39:23.599 [info] > git status -z -uall [110ms]
2024-09-23 19:39:23.600 [info] > git status -z -uall [12ms]
2024-09-23 19:39:23.640 [info] > git rev-parse --git-dir --git-common-dir [64ms]
2024-09-23 19:39:23.653 [info] [Model][openRepository] Opened repository: /root/sample_website
2024-09-23 19:39:23.655 [info] > git for-each-ref --format=%(refname)%00%(upstream:short)%00%(objectname)%00%(upstream:track)%00%(upstream:remotename)%00%(upstream:remoteref) refs/heads/main refs/remotes/main [84ms]
2024-09-23 19:39:23.778 [info] > git for-each-ref --format=%(refname)%00%(upstream:short)%00%(objectname)%00%(upstream:track)%00%(upstream:remotename)%00%(upstream:remoteref) refs/heads/master refs/remotes/master [117ms]
2024-09-23 19:39:23.784 [info] > git for-each-ref --format=%(refname)%00%(upstream:short)%00%(objectname)%00%(upstream:track)%00%(upstream:remotename)%00%(upstream:remoteref) refs/heads/main refs/remotes/main [170ms]
2024-09-23 19:39:23.784 [warning] [Git][getBranch] No such branch: main
2024-09-23 19:39:23.785 [info] > git symbolic-ref --short refs/remotes/origin/HEAD [191ms]
2024-09-23 19:39:23.786 [info] fatal: ref refs/remotes/origin/HEAD is not a symbolic ref
2024-09-23 19:39:23.857 [info] > git merge-base refs/heads/main refs/remotes/origin/main [60ms]
2024-09-23 19:39:23.863 [info] > git config --local branch.master.vscode-merge-base [80ms]
2024-09-23 19:39:23.869 [info] > git config --get commit.template [94ms]
2024-09-23 19:39:23.869 [info] > git rev-parse --show-toplevel [172ms]
2024-09-23 19:39:23.870 [info] > git config --get commit.template [180ms]
2024-09-23 19:39:23.870 [info] > git config --get commit.template [185ms]
2024-09-23 19:39:23.890 [info] > git status -z -uall [784ms]
2024-09-23 19:39:23.890 [info] > git rev-list --count --left-right refs/heads/main...refs/remotes/origin/main [28ms]
2024-09-23 19:39:23.952 [info] [Git][getRemotes] No remotes found in the git config file
2024-09-23 19:39:24.021 [info] > git status -z -uall [38ms]
2024-09-23 19:39:24.022 [info] > git for-each-ref --format=%(refname)%00%(upstream:short)%00%(objectname)%00%(upstream:track)%00%(upstream:remotename)%00%(upstream:remoteref) refs/heads/main refs/remotes/main [112ms]
2024-09-23 19:39:24.026 [info] > git diff --name-status -z --diff-filter=ADMR b346f4f17944465876448ad89fafcf84416be6fd...refs/remotes/origin/main [127ms]
2024-09-23 19:39:24.028 [info] > git rev-parse --show-toplevel [140ms]
2024-09-23 19:39:24.033 [info] [Model][doInitialScan] Initial repository scan completed - repositories (5), closed repositories (0), parent repositories (0), unsafe repositories (0)
2024-09-23 19:39:24.033 [info] > git for-each-ref --format=%(refname)%00%(upstream:short)%00%(objectname)%00%(upstream:track)%00%(upstream:remotename)%00%(upstream:remoteref) refs/heads/origin/master refs/remotes/origin/master [165ms]
2024-09-23 19:39:24.203 [info] > git merge-base refs/heads/master refs/remotes/origin/master [165ms]
2024-09-23 19:39:24.212 [info] > git config --local branch.main.vscode-merge-base [184ms]
2024-09-23 19:39:24.213 [warning] [Git][config] git config failed: Failed to execute git
2024-09-23 19:39:24.223 [info] > git config --get commit.template [226ms]
2024-09-23 19:39:24.224 [info] > git for-each-ref --format=%(refname)%00%(upstream:short)%00%(objectname)%00%(upstream:track)%00%(upstream:remotename)%00%(upstream:remoteref) refs/heads/master refs/remotes/master [233ms]
2024-09-23 19:39:24.242 [info] > git for-each-ref --format=%(refname)%00%(upstream:short)%00%(objectname)%00%(upstream:track)%00%(upstream:remotename)%00%(upstream:remoteref) refs/heads/main refs/remotes/main [263ms]
2024-09-23 19:39:24.247 [info] > git for-each-ref --format=%(refname)%00%(upstream:short)%00%(objectname)%00%(upstream:track)%00%(upstream:remotename)%00%(upstream:remoteref) refs/heads/main refs/remotes/main [296ms]
2024-09-23 19:39:24.248 [warning] [Git][getBranch] No such branch: main
2024-09-23 19:39:24.269 [warning] [Git][revParse] Unable to read file: ENOENT: no such file or directory, open '/root/.rbenv/.git/refs/remotes/origin/master'
2024-09-23 19:39:24.277 [info] > git status -z -uall [25ms]
2024-09-23 19:39:24.277 [info] > git for-each-ref --format=%(refname)%00%(upstream:short)%00%(objectname)%00%(upstream:track)%00%(upstream:remotename)%00%(upstream:remoteref) refs/heads/main refs/remotes/main [48ms]
2024-09-23 19:39:24.289 [info] > git rev-list --count --left-right refs/heads/master...refs/remotes/origin/master [79ms]
2024-09-23 19:39:24.323 [info] > git status -z -uall [76ms]
2024-09-23 19:39:24.323 [info] > git show --textconv :index.html [13ms]
2024-09-23 19:39:24.323 [info] > git config --local branch.main.vscode-merge-base [34ms]
2024-09-23 19:39:24.323 [warning] [Git][config] git config failed: Failed to execute git
2024-09-23 19:39:24.328 [info] > git rev-parse refs/remotes/origin/master [59ms]
2024-09-23 19:39:24.469 [info] > git status -z -uall [136ms]
2024-09-23 19:39:24.470 [info] > git check-ignore -v -z --stdin [104ms]
2024-09-23 19:39:24.473 [info] > git check-ignore -v -z --stdin [104ms]
2024-09-23 19:39:24.476 [info] > git check-ignore -v -z --stdin [99ms]
2024-09-23 19:39:24.477 [info] > git check-ignore -v -z --stdin [94ms]
2024-09-23 19:39:24.478 [info] > git check-ignore -v -z --stdin [85ms]
2024-09-23 19:39:24.479 [info] > git for-each-ref --format=%(refname)%00%(upstream:short)%00%(objectname)%00%(upstream:track)%00%(upstream:remotename)%00%(upstream:remoteref) refs/heads/main refs/remotes/main [126ms]
2024-09-23 19:39:24.479 [warning] [Git][getBranch] No such branch: main
2024-09-23 19:39:24.480 [info] > git for-each-ref --format=%(refname)%00%(upstream:short)%00%(objectname)%00%(upstream:track)%00%(upstream:remotename)%00%(upstream:remoteref) refs/heads/main refs/remotes/main [139ms]
2024-09-23 19:39:24.504 [info] > git reflog main --grep-reflog=branch: Created from *. [176ms]
2024-09-23 19:39:24.508 [info] > git for-each-ref --format=%(refname)%00%(upstream:short)%00%(objectname)%00%(upstream:track)%00%(upstream:remotename)%00%(upstream:remoteref) refs/heads/main refs/remotes/main [188ms]
2024-09-23 19:39:24.509 [info] > git ls-files --stage -- /root/repos/SYSTEMA556.github.io/index.html [194ms]
2024-09-23 19:39:24.515 [info] > git reflog main --grep-reflog=branch: Created from *. [293ms]
2024-09-23 19:39:24.518 [info] > git diff --name-status -z --diff-filter=ADMR c335ab83de40d48093870d300de52c61bbd68359...refs/remotes/origin/master [224ms]
2024-09-23 19:39:24.539 [info] > git symbolic-ref --short refs/remotes/origin/HEAD [22ms]
2024-09-23 19:39:24.539 [info] fatal: ref refs/remotes/origin/HEAD is not a symbolic ref
2024-09-23 19:39:24.550 [info] > git cat-file -s b8dd94766877fe069b4f93bae1b6ac17e0b9b608 [36ms]
2024-09-23 19:39:24.554 [info] > git symbolic-ref --short refs/remotes/origin/HEAD [45ms]
2024-09-23 19:39:24.554 [info] fatal: ref refs/remotes/origin/HEAD is not a symbolic ref
2024-09-23 19:39:24.554 [info] > git for-each-ref --format=%(refname)%00%(upstream:short)%00%(objectname)%00%(upstream:track)%00%(upstream:remotename)%00%(upstream:remoteref) refs/heads/master refs/remotes/master [53ms]
2024-09-23 19:39:24.560 [info] > git config --local branch.main.vscode-merge-base [75ms]
2024-09-23 19:39:24.560 [warning] [Git][config] git config failed: Failed to execute git
2024-09-23 19:39:24.564 [info] > git config --get commit.template [153ms]
2024-09-23 19:39:24.588 [info] > git config --local branch.master.vscode-merge-base [29ms]
2024-09-23 19:39:24.594 [info] > git merge-base refs/heads/main refs/remotes/origin/main [45ms]
2024-09-23 19:39:24.622 [info] > git rev-list --count --left-right refs/heads/main...refs/remotes/origin/main [22ms]
2024-09-23 19:39:24.629 [info] > git for-each-ref --format=%(refname)%00%(upstream:short)%00%(objectname)%00%(upstream:track)%00%(upstream:remotename)%00%(upstream:remoteref) refs/heads/origin/master refs/remotes/origin/master [36ms]
2024-09-23 19:39:24.631 [info] > git reflog main --grep-reflog=branch: Created from *. [66ms]
2024-09-23 19:39:24.642 [info] > git diff --name-status -z --diff-filter=ADMR bd9d16f278f7c1f9d552dfe2d34230c84e18e4f0...refs/remotes/origin/main [12ms]
2024-09-23 19:39:24.643 [info] > git for-each-ref --format=%(refname)%00%(upstream:short)%00%(objectname)%00%(upstream:track)%00%(upstream:remotename)%00%(upstream:remoteref) refs/heads/main refs/remotes/main [37ms]
2024-09-23 19:39:24.651 [info] > git symbolic-ref --short refs/remotes/origin/HEAD [17ms]
2024-09-23 19:39:24.651 [info] fatal: ref refs/remotes/origin/HEAD is not a symbolic ref
2024-09-23 19:39:24.657 [info] > git status -z -uall [9ms]
2024-09-23 19:39:24.666 [info] > git for-each-ref --format=%(refname)%00%(upstream:short)%00%(objectname)%00%(upstream:track)%00%(upstream:remotename)%00%(upstream:remoteref) refs/heads/main refs/remotes/main [4ms]
2024-09-23 19:39:24.676 [info] > git config --local branch.main.vscode-merge-base [4ms]
2024-09-23 19:39:24.677 [warning] [Git][config] git config failed: Failed to execute git
2024-09-23 19:39:24.684 [info] > git reflog main --grep-reflog=branch: Created from *. [3ms]
2024-09-23 19:39:24.690 [info] > git symbolic-ref --short refs/remotes/origin/HEAD [2ms]
2024-09-23 19:39:24.690 [info] fatal: ref refs/remotes/origin/HEAD is not a symbolic ref
2024-09-23 19:39:24.750 [info] > git status -z -uall [111ms]
2024-09-23 19:39:24.779 [info] > git for-each-ref --format=%(refname)%00%(upstream:short)%00%(objectname)%00%(upstream:track)%00%(upstream:remotename)%00%(upstream:remoteref) refs/heads/main refs/remotes/main [21ms]
2024-09-23 19:39:24.807 [info] > git config --local branch.main.vscode-merge-base [18ms]
2024-09-23 19:39:24.808 [warning] [Git][config] git config failed: Failed to execute git
2024-09-23 19:39:24.831 [info] > git reflog main --grep-reflog=branch: Created from *. [18ms]
2024-09-23 19:39:24.837 [info] > git symbolic-ref --short refs/remotes/origin/HEAD [2ms]
2024-09-23 19:39:24.837 [info] fatal: ref refs/remotes/origin/HEAD is not a symbolic ref
2024-09-23 20:11:08.697 [info] > git show --textconv :css/main.css [4ms]
2024-09-23 20:11:08.701 [info] > git ls-files --stage -- /root/css/main.css [5ms]
2024-09-23 20:11:11.005 [info] > git show --textconv :css/main.css [4ms]
2024-09-23 20:11:11.009 [info] > git ls-files --stage -- /root/css/main.css [4ms]
2024-09-23 20:11:11.353 [info] > git check-ignore -v -z --stdin [5ms]
2024-09-23 20:11:11.829 [info] > git show --textconv :index.html [4ms]
2024-09-23 20:11:11.831 [info] > git ls-files --stage -- /root/repos/SYSTEMA556.github.io/index.html [3ms]
2024-09-23 20:11:11.837 [info] > git cat-file -s b8dd94766877fe069b4f93bae1b6ac17e0b9b608 [2ms]
2024-09-23 20:11:12.213 [info] > git check-ignore -v -z --stdin [5ms]
2024-09-23 20:11:14.245 [info] > git show --textconv :index.html [3ms]
2024-09-23 20:11:14.246 [info] > git ls-files --stage -- /root/repos/SYSTEMA556.github.io/index.html [1ms]
2024-09-23 20:11:14.251 [info] > git cat-file -s b8dd94766877fe069b4f93bae1b6ac17e0b9b608 [2ms]
2024-09-23 20:11:44.741 [info] > git show --textconv :index.html [4ms]
2024-09-23 20:11:44.742 [info] > git ls-files --stage -- /root/repos/SYSTEMA556.github.io/index.html [2ms]
2024-09-23 20:11:44.747 [info] > git cat-file -s b8dd94766877fe069b4f93bae1b6ac17e0b9b608 [1ms]
2024-09-23 20:16:58.596 [info] > git show --textconv :index.html [5ms]
2024-09-23 20:16:58.597 [info] > git ls-files --stage -- /root/repos/SYSTEMA556.github.io/index.html [2ms]
2024-09-23 20:16:58.604 [info] > git cat-file -s b8dd94766877fe069b4f93bae1b6ac17e0b9b608 [2ms]
2024-09-23 20:17:07.873 [info] > git show --textconv :index.html [4ms]
2024-09-23 20:17:07.874 [info] > git ls-files --stage -- /root/repos/SYSTEMA556.github.io/index.html [2ms]
2024-09-23 20:17:07.878 [info] > git cat-file -s b8dd94766877fe069b4f93bae1b6ac17e0b9b608 [1ms]
2024-09-23 20:17:37.007 [info] > git show --textconv :index.html [4ms]
2024-09-23 20:17:37.009 [info] > git ls-files --stage -- /root/repos/SYSTEMA556.github.io/index.html [2ms]
2024-09-23 20:17:37.013 [info] > git cat-file -s b8dd94766877fe069b4f93bae1b6ac17e0b9b608 [1ms]
2024-09-23 20:18:06.140 [info] > git show --textconv :index.html [5ms]
2024-09-23 20:18:06.141 [info] > git ls-files --stage -- /root/repos/SYSTEMA556.github.io/index.html [2ms]
2024-09-23 20:18:06.148 [info] > git cat-file -s b8dd94766877fe069b4f93bae1b6ac17e0b9b608 [2ms]
2024-09-23 20:18:31.180 [info] > git show --textconv :index.html [5ms]
2024-09-23 20:18:31.181 [info] > git ls-files --stage -- /root/repos/SYSTEMA556.github.io/index.html [2ms]
2024-09-23 20:18:31.187 [info] > git cat-file -s b8dd94766877fe069b4f93bae1b6ac17e0b9b608 [2ms]
2024-09-23 20:18:55.244 [info] > git show --textconv :index.html [4ms]
2024-09-23 20:18:55.245 [info] > git ls-files --stage -- /root/repos/SYSTEMA556.github.io/index.html [2ms]
2024-09-23 20:18:55.250 [info] > git cat-file -s b8dd94766877fe069b4f93bae1b6ac17e0b9b608 [1ms]
2024-09-23 20:19:10.061 [info] > git show --textconv :index.html [5ms]
2024-09-23 20:19:10.062 [info] > git ls-files --stage -- /root/repos/SYSTEMA556.github.io/index.html [1ms]
2024-09-23 20:19:10.067 [info] > git cat-file -s b8dd94766877fe069b4f93bae1b6ac17e0b9b608 [2ms]
2024-09-23 20:19:15.749 [info] > git show --textconv :index.html [6ms]
2024-09-23 20:19:15.750 [info] > git ls-files --stage -- /root/repos/SYSTEMA556.github.io/index.html [3ms]
2024-09-23 20:19:15.756 [info] > git cat-file -s b8dd94766877fe069b4f93bae1b6ac17e0b9b608 [2ms]
2024-09-23 20:19:34.547 [info] > git show --textconv :index.html [11ms]
2024-09-23 20:19:34.562 [info] > git ls-files --stage -- /root/repos/SYSTEMA556.github.io/index.html [17ms]
2024-09-23 20:19:34.579 [info] > git cat-file -s b8dd94766877fe069b4f93bae1b6ac17e0b9b608 [10ms]
2024-09-23 20:19:49.372 [info] > git show --textconv :index.html [4ms]
2024-09-23 20:19:49.373 [info] > git ls-files --stage -- /root/repos/SYSTEMA556.github.io/index.html [2ms]
2024-09-23 20:19:49.378 [info] > git cat-file -s b8dd94766877fe069b4f93bae1b6ac17e0b9b608 [1ms]
2024-09-23 20:23:21.838 [info] > git show --textconv :index.html [3ms]
2024-09-23 20:23:21.839 [info] > git ls-files --stage -- /root/repos/SYSTEMA556.github.io/index.html [2ms]
2024-09-23 20:23:21.844 [info] > git cat-file -s b8dd94766877fe069b4f93bae1b6ac17e0b9b608 [2ms]
2024-09-23 20:24:25.832 [info] > git show --textconv :index.html [5ms]
2024-09-23 20:24:25.834 [info] > git ls-files --stage -- /root/repos/SYSTEMA556.github.io/index.html [4ms]
2024-09-23 20:24:25.838 [info] > git cat-file -s b8dd94766877fe069b4f93bae1b6ac17e0b9b608 [1ms]
2024-09-23 20:24:35.519 [info] > git show --textconv :index.html [4ms]
2024-09-23 20:24:35.520 [info] > git ls-files --stage -- /root/repos/SYSTEMA556.github.io/index.html [1ms]
2024-09-23 20:24:35.524 [info] > git cat-file -s b8dd94766877fe069b4f93bae1b6ac17e0b9b608 [2ms]
2024-09-23 20:25:02.455 [info] > git show --textconv :index.html [5ms]
2024-09-23 20:25:02.457 [info] > git ls-files --stage -- /root/repos/SYSTEMA556.github.io/index.html [4ms]
2024-09-23 20:25:02.461 [info] > git cat-file -s b8dd94766877fe069b4f93bae1b6ac17e0b9b608 [2ms]
2024-09-23 20:25:40.970 [info] > git show --textconv :index.html [4ms]
2024-09-23 20:25:40.971 [info] > git ls-files --stage -- /root/repos/SYSTEMA556.github.io/index.html [2ms]
2024-09-23 20:25:40.975 [info] > git cat-file -s b8dd94766877fe069b4f93bae1b6ac17e0b9b608 [1ms]
2024-09-23 20:26:21.334 [info] > git show --textconv :index.html [5ms]
2024-09-23 20:26:21.335 [info] > git ls-files --stage -- /root/repos/SYSTEMA556.github.io/index.html [2ms]
2024-09-23 20:26:21.340 [info] > git cat-file -s b8dd94766877fe069b4f93bae1b6ac17e0b9b608 [1ms]
2024-09-23 20:27:15.747 [info] > git show --textconv :index.html [4ms]
2024-09-23 20:27:15.748 [info] > git ls-files --stage -- /root/repos/SYSTEMA556.github.io/index.html [2ms]
2024-09-23 20:27:15.753 [info] > git cat-file -s b8dd94766877fe069b4f93bae1b6ac17e0b9b608 [2ms]
2024-09-23 20:27:24.454 [info] > git show --textconv :index.html [6ms]
2024-09-23 20:27:24.457 [info] > git ls-files --stage -- /root/repos/SYSTEMA556.github.io/index.html [4ms]
2024-09-23 20:27:24.461 [info] > git cat-file -s b8dd94766877fe069b4f93bae1b6ac17e0b9b608 [1ms]
2024-09-23 20:27:36.141 [info] > git show --textconv :index.html [11ms]
2024-09-23 20:27:36.146 [info] > git ls-files --stage -- /root/repos/SYSTEMA556.github.io/index.html [10ms]
2024-09-23 20:27:36.153 [info] > git cat-file -s b8dd94766877fe069b4f93bae1b6ac17e0b9b608 [2ms]
2024-09-23 20:28:26.018 [info] > git show --textconv :index.html [4ms]
2024-09-23 20:28:26.019 [info] > git ls-files --stage -- /root/repos/SYSTEMA556.github.io/index.html [2ms]
2024-09-23 20:28:26.024 [info] > git cat-file -s b8dd94766877fe069b4f93bae1b6ac17e0b9b608 [2ms]
2024-09-23 20:28:39.810 [info] > git show --textconv :index.html [5ms]
2024-09-23 20:28:39.811 [info] > git ls-files --stage -- /root/repos/SYSTEMA556.github.io/index.html [2ms]
2024-09-23 20:28:39.821 [info] > git cat-file -s b8dd94766877fe069b4f93bae1b6ac17e0b9b608 [2ms]
2024-09-23 20:28:46.747 [info] > git show --textconv :index.html [5ms]
2024-09-23 20:28:46.748 [info] > git ls-files --stage -- /root/repos/SYSTEMA556.github.io/index.html [3ms]
2024-09-23 20:28:46.753 [info] > git cat-file -s b8dd94766877fe069b4f93bae1b6ac17e0b9b608 [2ms]
2024-09-23 20:30:00.468 [info] > git show --textconv :index.html [5ms]
2024-09-23 20:30:00.469 [info] > git ls-files --stage -- /root/repos/SYSTEMA556.github.io/index.html [2ms]
2024-09-23 20:30:00.475 [info] > git cat-file -s b8dd94766877fe069b4f93bae1b6ac17e0b9b608 [2ms]
2024-09-23 20:33:29.303 [info] > git show --textconv :index.html [4ms]
2024-09-23 20:33:29.305 [info] > git ls-files --stage -- /root/repos/SYSTEMA556.github.io/index.html [1ms]
2024-09-23 20:33:29.309 [info] > git cat-file -s b8dd94766877fe069b4f93bae1b6ac17e0b9b608 [1ms]
2024-09-23 20:34:15.872 [info] > git show --textconv :index.html [4ms]
2024-09-23 20:34:15.873 [info] > git ls-files --stage -- /root/repos/SYSTEMA556.github.io/index.html [2ms]
2024-09-23 20:34:15.878 [info] > git cat-file -s b8dd94766877fe069b4f93bae1b6ac17e0b9b608 [2ms]
2024-09-23 20:36:00.574 [info] > git show --textconv :index.html [3ms]
2024-09-23 20:36:00.575 [info] > git ls-files --stage -- /root/repos/SYSTEMA556.github.io/index.html [1ms]
2024-09-23 20:36:00.579 [info] > git cat-file -s b8dd94766877fe069b4f93bae1b6ac17e0b9b608 [1ms]
2024-09-23 21:07:12.809 [info] > git show --textconv :css/main.css [6ms]
2024-09-23 21:07:12.812 [info] > git ls-files --stage -- /root/css/main.css [4ms]
2024-09-23 21:07:25.718 [info] > git show --textconv :index.html [6ms]
2024-09-23 21:07:25.719 [info] > git ls-files --stage -- /root/repos/SYSTEMA556.github.io/index.html [3ms]
2024-09-23 21:07:25.724 [info] > git cat-file -s b8dd94766877fe069b4f93bae1b6ac17e0b9b608 [2ms]
2024-09-23 22:42:05.897 [info] > git show --textconv :index.html [6ms]
2024-09-23 22:42:05.898 [info] > git ls-files --stage -- /root/repos/SYSTEMA556.github.io/index.html [2ms]
2024-09-23 22:42:05.903 [info] > git cat-file -s b8dd94766877fe069b4f93bae1b6ac17e0b9b608 [2ms]
2024-09-23 22:42:13.330 [info] > git show --textconv :index.html [8ms]
2024-09-23 22:42:13.332 [info] > git ls-files --stage -- /root/repos/SYSTEMA556.github.io/index.html [2ms]
2024-09-23 22:42:13.345 [info] > git cat-file -s b8dd94766877fe069b4f93bae1b6ac17e0b9b608 [2ms]
2024-09-23 22:42:33.566 [info] > git show --textconv :index.html [4ms]
2024-09-23 22:42:33.568 [info] > git ls-files --stage -- /root/repos/SYSTEMA556.github.io/index.html [3ms]
2024-09-23 22:42:33.573 [info] > git cat-file -s b8dd94766877fe069b4f93bae1b6ac17e0b9b608 [2ms]
2024-09-23 22:42:40.939 [info] > git show --textconv :index.html [4ms]
2024-09-23 22:42:40.940 [info] > git ls-files --stage -- /root/repos/SYSTEMA556.github.io/index.html [2ms]
2024-09-23 22:42:40.945 [info] > git cat-file -s b8dd94766877fe069b4f93bae1b6ac17e0b9b608 [2ms]
2024-09-23 22:54:43.833 [info] > git show --textconv :index.html [6ms]
2024-09-23 22:54:43.834 [info] > git ls-files --stage -- /root/repos/SYSTEMA556.github.io/index.html [2ms]
2024-09-23 22:54:43.839 [info] > git cat-file -s b8dd94766877fe069b4f93bae1b6ac17e0b9b608 [1ms]
2024-09-23 22:55:39.358 [info] > git show --textconv :index.html [4ms]
2024-09-23 22:55:39.360 [info] > git ls-files --stage -- /root/repos/SYSTEMA556.github.io/index.html [2ms]
2024-09-23 22:55:39.364 [info] > git cat-file -s b8dd94766877fe069b4f93bae1b6ac17e0b9b608 [2ms]
2024-09-23 22:56:02.029 [info] > git show --textconv :index.html [5ms]
2024-09-23 22:56:02.030 [info] > git ls-files --stage -- /root/repos/SYSTEMA556.github.io/index.html [2ms]
2024-09-23 22:56:02.035 [info] > git cat-file -s b8dd94766877fe069b4f93bae1b6ac17e0b9b608 [2ms]
2024-09-23 23:10:02.712 [info] > git show --textconv :index.html [5ms]
2024-09-23 23:10:02.713 [info] > git ls-files --stage -- /root/repos/SYSTEMA556.github.io/index.html [2ms]
2024-09-23 23:10:02.717 [info] > git cat-file -s b8dd94766877fe069b4f93bae1b6ac17e0b9b608 [1ms]
