2024-10-05 11:56:27.407 [info] Extension host with pid 540 started
2024-10-05 11:56:27.604 [info] ExtensionService#_doActivateExtension vscode.tunnel-forwarding, startup: false, activationEvent: 'onTunnel'
2024-10-05 11:56:27.622 [info] Lock '/root/.vscode-server/data/User/workspaceStorage/7357c8406dd7ab776bfe1fd154ad47e5/vscode.lock': Lock acquired.
2024-10-05 11:56:28.183 [info] ExtensionService#_doActivateExtension vscode.git-base, startup: true, activationEvent: '*', root cause: vscode.git
2024-10-05 11:56:28.369 [info] ExtensionService#_doActivateExtension vscode.git, startup: true, activationEvent: '*'
2024-10-05 11:56:28.371 [info] ExtensionService#_doActivateExtension vscode.github, startup: true, activationEvent: '*'
2024-10-05 11:56:29.641 [info] ExtensionService#_doActivateExtension vscode.configuration-editing, startup: false, activationEvent: 'onLanguage:jsonc'
2024-10-05 11:56:29.642 [info] ExtensionService#_doActivateExtension vscode.json-language-features, startup: false, activationEvent: 'onLanguage:jsonc'
2024-10-05 11:56:29.643 [info] ExtensionService#_doActivateExtension vscode.typescript-language-features, startup: false, activationEvent: 'onLanguage:jsonc'
2024-10-05 11:56:29.644 [info] ExtensionService#_doActivateExtension vscode.emmet, startup: false, activationEvent: 'onLanguage'
2024-10-05 11:56:29.711 [info] Eager extensions activated
2024-10-05 11:56:29.712 [info] ExtensionService#_doActivateExtension vscode.debug-auto-launch, startup: false, activationEvent: 'onStartupFinished'
2024-10-05 11:56:29.713 [info] ExtensionService#_doActivateExtension vscode.merge-conflict, startup: false, activationEvent: 'onStartupFinished'
2024-10-05 11:56:29.714 [info] ExtensionService#_doActivateExtension ritwickdey.LiveServer, startup: false, activationEvent: 'onStartupFinished'
2024-10-05 11:56:30.572 [warning] [Decorations] CAPPING events from decorations provider vscode.git 4193
2024-10-05 11:56:32.464 [error] Error: Git error
	at ChildProcess.<anonymous> (/root/.vscode-server/bin/d78a74bcdfad14d5d3b1b782f87255d802b57511/extensions/git/dist/main.js:2:1032588)
	at ChildProcess.emit (node:events:531:35)
	at ChildProcess._handle.onexit (node:internal/child_process:294:12)
2024-10-05 11:56:32.464 [error] Error: Git error
	at ChildProcess.<anonymous> (/root/.vscode-server/bin/d78a74bcdfad14d5d3b1b782f87255d802b57511/extensions/git/dist/main.js:2:1032588)
	at ChildProcess.emit (node:events:531:35)
	at ChildProcess._handle.onexit (node:internal/child_process:294:12)
2024-10-05 11:56:32.464 [error] Error: Git error
	at ChildProcess.<anonymous> (/root/.vscode-server/bin/d78a74bcdfad14d5d3b1b782f87255d802b57511/extensions/git/dist/main.js:2:1032588)
	at ChildProcess.emit (node:events:531:35)
	at ChildProcess._handle.onexit (node:internal/child_process:294:12)
2024-10-05 11:56:32.464 [error] Error: Git error
	at ChildProcess.<anonymous> (/root/.vscode-server/bin/d78a74bcdfad14d5d3b1b782f87255d802b57511/extensions/git/dist/main.js:2:1032588)
	at ChildProcess.emit (node:events:531:35)
	at ChildProcess._handle.onexit (node:internal/child_process:294:12)
2024-10-05 11:56:32.464 [error] Error: Git error
	at ChildProcess.<anonymous> (/root/.vscode-server/bin/d78a74bcdfad14d5d3b1b782f87255d802b57511/extensions/git/dist/main.js:2:1032588)
	at ChildProcess.emit (node:events:531:35)
	at ChildProcess._handle.onexit (node:internal/child_process:294:12)
2024-10-05 11:56:32.464 [error] Error: Git error
	at ChildProcess.<anonymous> (/root/.vscode-server/bin/d78a74bcdfad14d5d3b1b782f87255d802b57511/extensions/git/dist/main.js:2:1032588)
	at ChildProcess.emit (node:events:531:35)
	at ChildProcess._handle.onexit (node:internal/child_process:294:12)
2024-10-05 11:56:32.464 [error] Error: Git error
	at ChildProcess.<anonymous> (/root/.vscode-server/bin/d78a74bcdfad14d5d3b1b782f87255d802b57511/extensions/git/dist/main.js:2:1032588)
	at ChildProcess.emit (node:events:531:35)
	at ChildProcess._handle.onexit (node:internal/child_process:294:12)
2024-10-05 11:56:32.464 [error] Error: Git error
	at ChildProcess.<anonymous> (/root/.vscode-server/bin/d78a74bcdfad14d5d3b1b782f87255d802b57511/extensions/git/dist/main.js:2:1032588)
	at ChildProcess.emit (node:events:531:35)
	at ChildProcess._handle.onexit (node:internal/child_process:294:12)
2024-10-05 11:56:32.464 [error] Error: Git error
	at ChildProcess.<anonymous> (/root/.vscode-server/bin/d78a74bcdfad14d5d3b1b782f87255d802b57511/extensions/git/dist/main.js:2:1032588)
	at ChildProcess.emit (node:events:531:35)
	at ChildProcess._handle.onexit (node:internal/child_process:294:12)
2024-10-05 11:56:32.465 [error] Error: Git error
	at ChildProcess.<anonymous> (/root/.vscode-server/bin/d78a74bcdfad14d5d3b1b782f87255d802b57511/extensions/git/dist/main.js:2:1032588)
	at ChildProcess.emit (node:events:531:35)
	at ChildProcess._handle.onexit (node:internal/child_process:294:12)
2024-10-05 11:56:32.465 [error] Error: Git error
	at ChildProcess.<anonymous> (/root/.vscode-server/bin/d78a74bcdfad14d5d3b1b782f87255d802b57511/extensions/git/dist/main.js:2:1032588)
	at ChildProcess.emit (node:events:531:35)
	at ChildProcess._handle.onexit (node:internal/child_process:294:12)
2024-10-05 11:56:32.465 [error] Error: Git error
	at ChildProcess.<anonymous> (/root/.vscode-server/bin/d78a74bcdfad14d5d3b1b782f87255d802b57511/extensions/git/dist/main.js:2:1032588)
	at ChildProcess.emit (node:events:531:35)
	at ChildProcess._handle.onexit (node:internal/child_process:294:12)
2024-10-05 11:56:32.465 [error] Error: Git error
	at ChildProcess.<anonymous> (/root/.vscode-server/bin/d78a74bcdfad14d5d3b1b782f87255d802b57511/extensions/git/dist/main.js:2:1032588)
	at ChildProcess.emit (node:events:531:35)
	at ChildProcess._handle.onexit (node:internal/child_process:294:12)
2024-10-05 11:56:32.465 [error] Error: Git error
	at ChildProcess.<anonymous> (/root/.vscode-server/bin/d78a74bcdfad14d5d3b1b782f87255d802b57511/extensions/git/dist/main.js:2:1032588)
	at ChildProcess.emit (node:events:531:35)
	at ChildProcess._handle.onexit (node:internal/child_process:294:12)
2024-10-05 11:56:32.465 [error] Error: Git error
	at ChildProcess.<anonymous> (/root/.vscode-server/bin/d78a74bcdfad14d5d3b1b782f87255d802b57511/extensions/git/dist/main.js:2:1032588)
	at ChildProcess.emit (node:events:531:35)
	at ChildProcess._handle.onexit (node:internal/child_process:294:12)
2024-10-05 11:56:32.465 [error] Error: Git error
	at ChildProcess.<anonymous> (/root/.vscode-server/bin/d78a74bcdfad14d5d3b1b782f87255d802b57511/extensions/git/dist/main.js:2:1032588)
	at ChildProcess.emit (node:events:531:35)
	at ChildProcess._handle.onexit (node:internal/child_process:294:12)
2024-10-05 11:56:32.465 [error] Error: Git error
	at ChildProcess.<anonymous> (/root/.vscode-server/bin/d78a74bcdfad14d5d3b1b782f87255d802b57511/extensions/git/dist/main.js:2:1032588)
	at ChildProcess.emit (node:events:531:35)
	at ChildProcess._handle.onexit (node:internal/child_process:294:12)
2024-10-05 11:56:32.465 [error] Error: Git error
	at ChildProcess.<anonymous> (/root/.vscode-server/bin/d78a74bcdfad14d5d3b1b782f87255d802b57511/extensions/git/dist/main.js:2:1032588)
	at ChildProcess.emit (node:events:531:35)
	at ChildProcess._handle.onexit (node:internal/child_process:294:12)
2024-10-05 11:56:32.465 [error] Error: Git error
	at ChildProcess.<anonymous> (/root/.vscode-server/bin/d78a74bcdfad14d5d3b1b782f87255d802b57511/extensions/git/dist/main.js:2:1032588)
	at ChildProcess.emit (node:events:531:35)
	at ChildProcess._handle.onexit (node:internal/child_process:294:12)
2024-10-05 11:56:32.465 [error] Error: Git error
	at ChildProcess.<anonymous> (/root/.vscode-server/bin/d78a74bcdfad14d5d3b1b782f87255d802b57511/extensions/git/dist/main.js:2:1032588)
	at ChildProcess.emit (node:events:531:35)
	at ChildProcess._handle.onexit (node:internal/child_process:294:12)
2024-10-05 11:56:32.465 [error] Error: Git error
	at ChildProcess.<anonymous> (/root/.vscode-server/bin/d78a74bcdfad14d5d3b1b782f87255d802b57511/extensions/git/dist/main.js:2:1032588)
	at ChildProcess.emit (node:events:531:35)
	at ChildProcess._handle.onexit (node:internal/child_process:294:12)
2024-10-05 11:56:32.465 [error] Error: Git error
	at ChildProcess.<anonymous> (/root/.vscode-server/bin/d78a74bcdfad14d5d3b1b782f87255d802b57511/extensions/git/dist/main.js:2:1032588)
	at ChildProcess.emit (node:events:531:35)
	at ChildProcess._handle.onexit (node:internal/child_process:294:12)
2024-10-05 11:56:32.465 [error] Error: Git error
	at ChildProcess.<anonymous> (/root/.vscode-server/bin/d78a74bcdfad14d5d3b1b782f87255d802b57511/extensions/git/dist/main.js:2:1032588)
	at ChildProcess.emit (node:events:531:35)
	at ChildProcess._handle.onexit (node:internal/child_process:294:12)
2024-10-05 11:56:32.465 [error] Error: Git error
	at ChildProcess.<anonymous> (/root/.vscode-server/bin/d78a74bcdfad14d5d3b1b782f87255d802b57511/extensions/git/dist/main.js:2:1032588)
	at ChildProcess.emit (node:events:531:35)
	at ChildProcess._handle.onexit (node:internal/child_process:294:12)
2024-10-05 11:56:32.465 [error] Error: Git error
	at ChildProcess.<anonymous> (/root/.vscode-server/bin/d78a74bcdfad14d5d3b1b782f87255d802b57511/extensions/git/dist/main.js:2:1032588)
	at ChildProcess.emit (node:events:531:35)
	at ChildProcess._handle.onexit (node:internal/child_process:294:12)
2024-10-05 11:56:32.465 [error] Error: Git error
	at ChildProcess.<anonymous> (/root/.vscode-server/bin/d78a74bcdfad14d5d3b1b782f87255d802b57511/extensions/git/dist/main.js:2:1032588)
	at ChildProcess.emit (node:events:531:35)
	at ChildProcess._handle.onexit (node:internal/child_process:294:12)
2024-10-05 11:56:32.465 [error] Error: Git error
	at ChildProcess.<anonymous> (/root/.vscode-server/bin/d78a74bcdfad14d5d3b1b782f87255d802b57511/extensions/git/dist/main.js:2:1032588)
	at ChildProcess.emit (node:events:531:35)
	at ChildProcess._handle.onexit (node:internal/child_process:294:12)
2024-10-05 11:56:32.465 [error] Error: Git error
	at ChildProcess.<anonymous> (/root/.vscode-server/bin/d78a74bcdfad14d5d3b1b782f87255d802b57511/extensions/git/dist/main.js:2:1032588)
	at ChildProcess.emit (node:events:531:35)
	at ChildProcess._handle.onexit (node:internal/child_process:294:12)
2024-10-05 11:56:32.465 [error] Error: Git error
	at ChildProcess.<anonymous> (/root/.vscode-server/bin/d78a74bcdfad14d5d3b1b782f87255d802b57511/extensions/git/dist/main.js:2:1032588)
	at ChildProcess.emit (node:events:531:35)
	at ChildProcess._handle.onexit (node:internal/child_process:294:12)
2024-10-05 11:56:32.465 [error] Error: Git error
	at ChildProcess.<anonymous> (/root/.vscode-server/bin/d78a74bcdfad14d5d3b1b782f87255d802b57511/extensions/git/dist/main.js:2:1032588)
	at ChildProcess.emit (node:events:531:35)
	at ChildProcess._handle.onexit (node:internal/child_process:294:12)
2024-10-05 11:56:32.465 [error] Error: Git error
	at ChildProcess.<anonymous> (/root/.vscode-server/bin/d78a74bcdfad14d5d3b1b782f87255d802b57511/extensions/git/dist/main.js:2:1032588)
	at ChildProcess.emit (node:events:531:35)
	at ChildProcess._handle.onexit (node:internal/child_process:294:12)
2024-10-05 11:56:32.466 [error] Error: Git error
	at ChildProcess.<anonymous> (/root/.vscode-server/bin/d78a74bcdfad14d5d3b1b782f87255d802b57511/extensions/git/dist/main.js:2:1032588)
	at ChildProcess.emit (node:events:531:35)
	at ChildProcess._handle.onexit (node:internal/child_process:294:12)
2024-10-05 11:56:32.466 [error] Error: Git error
	at ChildProcess.<anonymous> (/root/.vscode-server/bin/d78a74bcdfad14d5d3b1b782f87255d802b57511/extensions/git/dist/main.js:2:1032588)
	at ChildProcess.emit (node:events:531:35)
	at ChildProcess._handle.onexit (node:internal/child_process:294:12)
2024-10-05 11:56:32.995 [error] Error: Git error
	at ChildProcess.<anonymous> (/root/.vscode-server/bin/d78a74bcdfad14d5d3b1b782f87255d802b57511/extensions/git/dist/main.js:2:1032509)
	at ChildProcess.emit (node:events:531:35)
	at ChildProcess._handle.onexit (node:internal/child_process:294:12)
2024-10-05 11:56:32.995 [error] Error: Git error
	at ChildProcess.<anonymous> (/root/.vscode-server/bin/d78a74bcdfad14d5d3b1b782f87255d802b57511/extensions/git/dist/main.js:2:1032509)
	at ChildProcess.emit (node:events:531:35)
	at ChildProcess._handle.onexit (node:internal/child_process:294:12)
2024-10-05 11:56:32.995 [error] Error: Git error
	at ChildProcess.<anonymous> (/root/.vscode-server/bin/d78a74bcdfad14d5d3b1b782f87255d802b57511/extensions/git/dist/main.js:2:1032509)
	at ChildProcess.emit (node:events:531:35)
	at ChildProcess._handle.onexit (node:internal/child_process:294:12)
2024-10-05 11:56:32.995 [error] Error: Git error
	at ChildProcess.<anonymous> (/root/.vscode-server/bin/d78a74bcdfad14d5d3b1b782f87255d802b57511/extensions/git/dist/main.js:2:1032509)
	at ChildProcess.emit (node:events:531:35)
	at ChildProcess._handle.onexit (node:internal/child_process:294:12)
2024-10-05 11:56:32.995 [error] Error: Git error
	at ChildProcess.<anonymous> (/root/.vscode-server/bin/d78a74bcdfad14d5d3b1b782f87255d802b57511/extensions/git/dist/main.js:2:1032509)
	at ChildProcess.emit (node:events:531:35)
	at ChildProcess._handle.onexit (node:internal/child_process:294:12)
2024-10-05 11:56:32.995 [error] Error: Git error
	at ChildProcess.<anonymous> (/root/.vscode-server/bin/d78a74bcdfad14d5d3b1b782f87255d802b57511/extensions/git/dist/main.js:2:1032509)
	at ChildProcess.emit (node:events:531:35)
	at ChildProcess._handle.onexit (node:internal/child_process:294:12)
2024-10-05 11:56:32.995 [error] Error: Git error
	at ChildProcess.<anonymous> (/root/.vscode-server/bin/d78a74bcdfad14d5d3b1b782f87255d802b57511/extensions/git/dist/main.js:2:1032509)
	at ChildProcess.emit (node:events:531:35)
	at ChildProcess._handle.onexit (node:internal/child_process:294:12)
2024-10-05 11:56:32.995 [error] Error: Git error
	at ChildProcess.<anonymous> (/root/.vscode-server/bin/d78a74bcdfad14d5d3b1b782f87255d802b57511/extensions/git/dist/main.js:2:1032509)
	at ChildProcess.emit (node:events:531:35)
	at ChildProcess._handle.onexit (node:internal/child_process:294:12)
2024-10-05 11:56:32.995 [error] Error: Git error
	at ChildProcess.<anonymous> (/root/.vscode-server/bin/d78a74bcdfad14d5d3b1b782f87255d802b57511/extensions/git/dist/main.js:2:1032509)
	at ChildProcess.emit (node:events:531:35)
	at ChildProcess._handle.onexit (node:internal/child_process:294:12)
2024-10-05 11:56:32.995 [error] Error: Git error
	at ChildProcess.<anonymous> (/root/.vscode-server/bin/d78a74bcdfad14d5d3b1b782f87255d802b57511/extensions/git/dist/main.js:2:1032509)
	at ChildProcess.emit (node:events:531:35)
	at ChildProcess._handle.onexit (node:internal/child_process:294:12)
2024-10-05 11:56:32.995 [error] Error: Git error
	at ChildProcess.<anonymous> (/root/.vscode-server/bin/d78a74bcdfad14d5d3b1b782f87255d802b57511/extensions/git/dist/main.js:2:1032509)
	at ChildProcess.emit (node:events:531:35)
	at ChildProcess._handle.onexit (node:internal/child_process:294:12)
2024-10-05 11:56:32.995 [error] Error: Git error
	at ChildProcess.<anonymous> (/root/.vscode-server/bin/d78a74bcdfad14d5d3b1b782f87255d802b57511/extensions/git/dist/main.js:2:1032509)
	at ChildProcess.emit (node:events:531:35)
	at ChildProcess._handle.onexit (node:internal/child_process:294:12)
2024-10-05 11:56:32.995 [error] Error: Git error
	at ChildProcess.<anonymous> (/root/.vscode-server/bin/d78a74bcdfad14d5d3b1b782f87255d802b57511/extensions/git/dist/main.js:2:1032509)
	at ChildProcess.emit (node:events:531:35)
	at ChildProcess._handle.onexit (node:internal/child_process:294:12)
2024-10-05 11:56:32.995 [error] Error: Git error
	at ChildProcess.<anonymous> (/root/.vscode-server/bin/d78a74bcdfad14d5d3b1b782f87255d802b57511/extensions/git/dist/main.js:2:1032509)
	at ChildProcess.emit (node:events:531:35)
	at ChildProcess._handle.onexit (node:internal/child_process:294:12)
2024-10-05 11:56:32.995 [error] Error: Git error
	at ChildProcess.<anonymous> (/root/.vscode-server/bin/d78a74bcdfad14d5d3b1b782f87255d802b57511/extensions/git/dist/main.js:2:1032509)
	at ChildProcess.emit (node:events:531:35)
	at ChildProcess._handle.onexit (node:internal/child_process:294:12)
2024-10-05 11:56:32.995 [error] Error: Git error
	at ChildProcess.<anonymous> (/root/.vscode-server/bin/d78a74bcdfad14d5d3b1b782f87255d802b57511/extensions/git/dist/main.js:2:1032509)
	at ChildProcess.emit (node:events:531:35)
	at ChildProcess._handle.onexit (node:internal/child_process:294:12)
2024-10-05 11:56:32.995 [error] Error: Git error
	at ChildProcess.<anonymous> (/root/.vscode-server/bin/d78a74bcdfad14d5d3b1b782f87255d802b57511/extensions/git/dist/main.js:2:1032509)
	at ChildProcess.emit (node:events:531:35)
	at ChildProcess._handle.onexit (node:internal/child_process:294:12)
2024-10-05 11:56:32.995 [error] Error: Git error
	at ChildProcess.<anonymous> (/root/.vscode-server/bin/d78a74bcdfad14d5d3b1b782f87255d802b57511/extensions/git/dist/main.js:2:1032509)
	at ChildProcess.emit (node:events:531:35)
	at ChildProcess._handle.onexit (node:internal/child_process:294:12)
2024-10-05 11:56:32.995 [error] Error: Git error
	at ChildProcess.<anonymous> (/root/.vscode-server/bin/d78a74bcdfad14d5d3b1b782f87255d802b57511/extensions/git/dist/main.js:2:1032509)
	at ChildProcess.emit (node:events:531:35)
	at ChildProcess._handle.onexit (node:internal/child_process:294:12)
2024-10-05 11:56:32.995 [error] Error: Git error
	at ChildProcess.<anonymous> (/root/.vscode-server/bin/d78a74bcdfad14d5d3b1b782f87255d802b57511/extensions/git/dist/main.js:2:1032509)
	at ChildProcess.emit (node:events:531:35)
	at ChildProcess._handle.onexit (node:internal/child_process:294:12)
2024-10-05 11:56:32.995 [error] Error: Git error
	at ChildProcess.<anonymous> (/root/.vscode-server/bin/d78a74bcdfad14d5d3b1b782f87255d802b57511/extensions/git/dist/main.js:2:1032509)
	at ChildProcess.emit (node:events:531:35)
	at ChildProcess._handle.onexit (node:internal/child_process:294:12)
2024-10-05 11:56:32.996 [error] Error: Git error
	at ChildProcess.<anonymous> (/root/.vscode-server/bin/d78a74bcdfad14d5d3b1b782f87255d802b57511/extensions/git/dist/main.js:2:1032509)
	at ChildProcess.emit (node:events:531:35)
	at ChildProcess._handle.onexit (node:internal/child_process:294:12)
2024-10-05 11:56:32.997 [error] Error: Git error
	at ChildProcess.<anonymous> (/root/.vscode-server/bin/d78a74bcdfad14d5d3b1b782f87255d802b57511/extensions/git/dist/main.js:2:1032509)
	at ChildProcess.emit (node:events:531:35)
	at ChildProcess._handle.onexit (node:internal/child_process:294:12)
2024-10-05 11:56:33.060 [info] ExtensionService#_doActivateExtension vscode.html-language-features, startup: false, activationEvent: 'onLanguage:html'
2024-10-05 11:56:33.061 [info] ExtensionService#_doActivateExtension george-alisson.html-preview-vscode, startup: false, activationEvent: 'onLanguage:html'
2024-10-05 11:56:33.073 [info] ExtensionService#_doActivateExtension igordvlpr.open-in-browser, startup: false, activationEvent: 'onLanguage:html'
2024-10-05 11:56:34.459 [error] Error: Git error
	at ChildProcess.<anonymous> (/root/.vscode-server/bin/d78a74bcdfad14d5d3b1b782f87255d802b57511/extensions/git/dist/main.js:2:1032588)
	at ChildProcess.emit (node:events:531:35)
	at ChildProcess._handle.onexit (node:internal/child_process:294:12)
2024-10-05 11:56:34.464 [error] Error: Git error
	at ChildProcess.<anonymous> (/root/.vscode-server/bin/d78a74bcdfad14d5d3b1b782f87255d802b57511/extensions/git/dist/main.js:2:1032588)
	at ChildProcess.emit (node:events:531:35)
	at ChildProcess._handle.onexit (node:internal/child_process:294:12)
2024-10-05 11:56:34.466 [error] Error: Git error
	at ChildProcess.<anonymous> (/root/.vscode-server/bin/d78a74bcdfad14d5d3b1b782f87255d802b57511/extensions/git/dist/main.js:2:1032588)
	at ChildProcess.emit (node:events:531:35)
	at ChildProcess._handle.onexit (node:internal/child_process:294:12)
2024-10-05 11:56:34.467 [error] Error: Git error
	at ChildProcess.<anonymous> (/root/.vscode-server/bin/d78a74bcdfad14d5d3b1b782f87255d802b57511/extensions/git/dist/main.js:2:1032588)
	at ChildProcess.emit (node:events:531:35)
	at ChildProcess._handle.onexit (node:internal/child_process:294:12)
2024-10-05 11:56:34.469 [error] Error: Git error
	at ChildProcess.<anonymous> (/root/.vscode-server/bin/d78a74bcdfad14d5d3b1b782f87255d802b57511/extensions/git/dist/main.js:2:1032588)
	at ChildProcess.emit (node:events:531:35)
	at ChildProcess._handle.onexit (node:internal/child_process:294:12)
2024-10-05 11:56:34.472 [error] Error: Git error
	at ChildProcess.<anonymous> (/root/.vscode-server/bin/d78a74bcdfad14d5d3b1b782f87255d802b57511/extensions/git/dist/main.js:2:1032588)
	at ChildProcess.emit (node:events:531:35)
	at ChildProcess._handle.onexit (node:internal/child_process:294:12)
2024-10-05 11:56:34.475 [error] Error: Git error
	at ChildProcess.<anonymous> (/root/.vscode-server/bin/d78a74bcdfad14d5d3b1b782f87255d802b57511/extensions/git/dist/main.js:2:1032588)
	at ChildProcess.emit (node:events:531:35)
	at ChildProcess._handle.onexit (node:internal/child_process:294:12)
2024-10-05 11:56:34.476 [error] Error: Git error
	at ChildProcess.<anonymous> (/root/.vscode-server/bin/d78a74bcdfad14d5d3b1b782f87255d802b57511/extensions/git/dist/main.js:2:1032588)
	at ChildProcess.emit (node:events:531:35)
	at ChildProcess._handle.onexit (node:internal/child_process:294:12)
2024-10-05 11:56:34.478 [error] Error: Git error
	at ChildProcess.<anonymous> (/root/.vscode-server/bin/d78a74bcdfad14d5d3b1b782f87255d802b57511/extensions/git/dist/main.js:2:1032588)
	at ChildProcess.emit (node:events:531:35)
	at ChildProcess._handle.onexit (node:internal/child_process:294:12)
2024-10-05 11:56:34.481 [error] Error: Git error
	at ChildProcess.<anonymous> (/root/.vscode-server/bin/d78a74bcdfad14d5d3b1b782f87255d802b57511/extensions/git/dist/main.js:2:1032588)
	at ChildProcess.emit (node:events:531:35)
	at ChildProcess._handle.onexit (node:internal/child_process:294:12)
2024-10-05 11:56:34.482 [error] Error: Git error
	at ChildProcess.<anonymous> (/root/.vscode-server/bin/d78a74bcdfad14d5d3b1b782f87255d802b57511/extensions/git/dist/main.js:2:1032588)
	at ChildProcess.emit (node:events:531:35)
	at ChildProcess._handle.onexit (node:internal/child_process:294:12)
2024-10-05 11:56:34.484 [error] Error: Git error
	at ChildProcess.<anonymous> (/root/.vscode-server/bin/d78a74bcdfad14d5d3b1b782f87255d802b57511/extensions/git/dist/main.js:2:1032588)
	at ChildProcess.emit (node:events:531:35)
	at ChildProcess._handle.onexit (node:internal/child_process:294:12)
2024-10-05 11:56:34.485 [error] Error: Git error
	at ChildProcess.<anonymous> (/root/.vscode-server/bin/d78a74bcdfad14d5d3b1b782f87255d802b57511/extensions/git/dist/main.js:2:1032588)
	at ChildProcess.emit (node:events:531:35)
	at ChildProcess._handle.onexit (node:internal/child_process:294:12)
2024-10-05 11:56:34.495 [error] Error: Git error
	at ChildProcess.<anonymous> (/root/.vscode-server/bin/d78a74bcdfad14d5d3b1b782f87255d802b57511/extensions/git/dist/main.js:2:1032588)
	at ChildProcess.emit (node:events:531:35)
	at ChildProcess._handle.onexit (node:internal/child_process:294:12)
2024-10-05 11:56:34.496 [error] Error: Git error
	at ChildProcess.<anonymous> (/root/.vscode-server/bin/d78a74bcdfad14d5d3b1b782f87255d802b57511/extensions/git/dist/main.js:2:1032588)
	at ChildProcess.emit (node:events:531:35)
	at ChildProcess._handle.onexit (node:internal/child_process:294:12)
2024-10-05 11:56:34.498 [error] Error: Git error
	at ChildProcess.<anonymous> (/root/.vscode-server/bin/d78a74bcdfad14d5d3b1b782f87255d802b57511/extensions/git/dist/main.js:2:1032588)
	at ChildProcess.emit (node:events:531:35)
	at ChildProcess._handle.onexit (node:internal/child_process:294:12)
2024-10-05 11:56:34.499 [error] Error: Git error
	at ChildProcess.<anonymous> (/root/.vscode-server/bin/d78a74bcdfad14d5d3b1b782f87255d802b57511/extensions/git/dist/main.js:2:1032588)
	at ChildProcess.emit (node:events:531:35)
	at ChildProcess._handle.onexit (node:internal/child_process:294:12)
2024-10-05 11:56:34.500 [error] Error: Git error
	at ChildProcess.<anonymous> (/root/.vscode-server/bin/d78a74bcdfad14d5d3b1b782f87255d802b57511/extensions/git/dist/main.js:2:1032588)
	at ChildProcess.emit (node:events:531:35)
	at ChildProcess._handle.onexit (node:internal/child_process:294:12)
2024-10-05 11:56:34.501 [error] Error: Git error
	at ChildProcess.<anonymous> (/root/.vscode-server/bin/d78a74bcdfad14d5d3b1b782f87255d802b57511/extensions/git/dist/main.js:2:1032588)
	at ChildProcess.emit (node:events:531:35)
	at ChildProcess._handle.onexit (node:internal/child_process:294:12)
2024-10-05 11:56:34.502 [error] Error: Git error
	at ChildProcess.<anonymous> (/root/.vscode-server/bin/d78a74bcdfad14d5d3b1b782f87255d802b57511/extensions/git/dist/main.js:2:1032588)
	at ChildProcess.emit (node:events:531:35)
	at ChildProcess._handle.onexit (node:internal/child_process:294:12)
2024-10-05 11:56:34.503 [error] Error: Git error
	at ChildProcess.<anonymous> (/root/.vscode-server/bin/d78a74bcdfad14d5d3b1b782f87255d802b57511/extensions/git/dist/main.js:2:1032588)
	at ChildProcess.emit (node:events:531:35)
	at ChildProcess._handle.onexit (node:internal/child_process:294:12)
2024-10-05 11:56:34.504 [error] Error: Git error
	at ChildProcess.<anonymous> (/root/.vscode-server/bin/d78a74bcdfad14d5d3b1b782f87255d802b57511/extensions/git/dist/main.js:2:1032588)
	at ChildProcess.emit (node:events:531:35)
	at ChildProcess._handle.onexit (node:internal/child_process:294:12)
2024-10-05 11:56:34.505 [error] Error: Git error
	at ChildProcess.<anonymous> (/root/.vscode-server/bin/d78a74bcdfad14d5d3b1b782f87255d802b57511/extensions/git/dist/main.js:2:1032588)
	at ChildProcess.emit (node:events:531:35)
	at ChildProcess._handle.onexit (node:internal/child_process:294:12)
2024-10-05 11:56:34.506 [error] Error: Git error
	at ChildProcess.<anonymous> (/root/.vscode-server/bin/d78a74bcdfad14d5d3b1b782f87255d802b57511/extensions/git/dist/main.js:2:1032588)
	at ChildProcess.emit (node:events:531:35)
	at ChildProcess._handle.onexit (node:internal/child_process:294:12)
2024-10-05 11:56:34.507 [error] Error: Git error
	at ChildProcess.<anonymous> (/root/.vscode-server/bin/d78a74bcdfad14d5d3b1b782f87255d802b57511/extensions/git/dist/main.js:2:1032588)
	at ChildProcess.emit (node:events:531:35)
	at ChildProcess._handle.onexit (node:internal/child_process:294:12)
2024-10-05 11:56:34.508 [error] Error: Git error
	at ChildProcess.<anonymous> (/root/.vscode-server/bin/d78a74bcdfad14d5d3b1b782f87255d802b57511/extensions/git/dist/main.js:2:1032588)
	at ChildProcess.emit (node:events:531:35)
	at ChildProcess._handle.onexit (node:internal/child_process:294:12)
2024-10-05 11:56:34.510 [error] Error: Git error
	at ChildProcess.<anonymous> (/root/.vscode-server/bin/d78a74bcdfad14d5d3b1b782f87255d802b57511/extensions/git/dist/main.js:2:1032588)
	at ChildProcess.emit (node:events:531:35)
	at ChildProcess._handle.onexit (node:internal/child_process:294:12)
2024-10-05 11:56:34.511 [error] Error: Git error
	at ChildProcess.<anonymous> (/root/.vscode-server/bin/d78a74bcdfad14d5d3b1b782f87255d802b57511/extensions/git/dist/main.js:2:1032588)
	at ChildProcess.emit (node:events:531:35)
	at ChildProcess._handle.onexit (node:internal/child_process:294:12)
2024-10-05 11:56:34.511 [error] Error: Git error
	at ChildProcess.<anonymous> (/root/.vscode-server/bin/d78a74bcdfad14d5d3b1b782f87255d802b57511/extensions/git/dist/main.js:2:1032588)
	at ChildProcess.emit (node:events:531:35)
	at ChildProcess._handle.onexit (node:internal/child_process:294:12)
2024-10-05 11:56:34.512 [error] Error: Git error
	at ChildProcess.<anonymous> (/root/.vscode-server/bin/d78a74bcdfad14d5d3b1b782f87255d802b57511/extensions/git/dist/main.js:2:1032588)
	at ChildProcess.emit (node:events:531:35)
	at ChildProcess._handle.onexit (node:internal/child_process:294:12)
2024-10-05 11:56:34.512 [error] Error: Git error
	at ChildProcess.<anonymous> (/root/.vscode-server/bin/d78a74bcdfad14d5d3b1b782f87255d802b57511/extensions/git/dist/main.js:2:1032588)
	at ChildProcess.emit (node:events:531:35)
	at ChildProcess._handle.onexit (node:internal/child_process:294:12)
2024-10-05 11:56:34.513 [error] Error: Git error
	at ChildProcess.<anonymous> (/root/.vscode-server/bin/d78a74bcdfad14d5d3b1b782f87255d802b57511/extensions/git/dist/main.js:2:1032588)
	at ChildProcess.emit (node:events:531:35)
	at ChildProcess._handle.onexit (node:internal/child_process:294:12)
2024-10-05 11:56:34.513 [error] Error: Git error
	at ChildProcess.<anonymous> (/root/.vscode-server/bin/d78a74bcdfad14d5d3b1b782f87255d802b57511/extensions/git/dist/main.js:2:1032588)
	at ChildProcess.emit (node:events:531:35)
	at ChildProcess._handle.onexit (node:internal/child_process:294:12)
2024-10-05 11:56:34.515 [error] Error: Git error
	at ChildProcess.<anonymous> (/root/.vscode-server/bin/d78a74bcdfad14d5d3b1b782f87255d802b57511/extensions/git/dist/main.js:2:1032509)
	at ChildProcess.emit (node:events:531:35)
	at ChildProcess._handle.onexit (node:internal/child_process:294:12)
2024-10-05 11:56:34.515 [error] Error: Git error
	at ChildProcess.<anonymous> (/root/.vscode-server/bin/d78a74bcdfad14d5d3b1b782f87255d802b57511/extensions/git/dist/main.js:2:1032509)
	at ChildProcess.emit (node:events:531:35)
	at ChildProcess._handle.onexit (node:internal/child_process:294:12)
2024-10-05 11:56:34.516 [error] Error: Git error
	at ChildProcess.<anonymous> (/root/.vscode-server/bin/d78a74bcdfad14d5d3b1b782f87255d802b57511/extensions/git/dist/main.js:2:1032509)
	at ChildProcess.emit (node:events:531:35)
	at ChildProcess._handle.onexit (node:internal/child_process:294:12)
2024-10-05 11:56:34.516 [error] Error: Git error
	at ChildProcess.<anonymous> (/root/.vscode-server/bin/d78a74bcdfad14d5d3b1b782f87255d802b57511/extensions/git/dist/main.js:2:1032509)
	at ChildProcess.emit (node:events:531:35)
	at ChildProcess._handle.onexit (node:internal/child_process:294:12)
2024-10-05 11:56:34.517 [error] Error: Git error
	at ChildProcess.<anonymous> (/root/.vscode-server/bin/d78a74bcdfad14d5d3b1b782f87255d802b57511/extensions/git/dist/main.js:2:1032509)
	at ChildProcess.emit (node:events:531:35)
	at ChildProcess._handle.onexit (node:internal/child_process:294:12)
2024-10-05 11:56:34.517 [error] Error: Git error
	at ChildProcess.<anonymous> (/root/.vscode-server/bin/d78a74bcdfad14d5d3b1b782f87255d802b57511/extensions/git/dist/main.js:2:1032509)
	at ChildProcess.emit (node:events:531:35)
	at ChildProcess._handle.onexit (node:internal/child_process:294:12)
2024-10-05 11:56:34.517 [error] Error: Git error
	at ChildProcess.<anonymous> (/root/.vscode-server/bin/d78a74bcdfad14d5d3b1b782f87255d802b57511/extensions/git/dist/main.js:2:1032509)
	at ChildProcess.emit (node:events:531:35)
	at ChildProcess._handle.onexit (node:internal/child_process:294:12)
2024-10-05 11:56:34.518 [error] Error: Git error
	at ChildProcess.<anonymous> (/root/.vscode-server/bin/d78a74bcdfad14d5d3b1b782f87255d802b57511/extensions/git/dist/main.js:2:1032509)
	at ChildProcess.emit (node:events:531:35)
	at ChildProcess._handle.onexit (node:internal/child_process:294:12)
2024-10-05 11:56:34.519 [error] Error: Git error
	at ChildProcess.<anonymous> (/root/.vscode-server/bin/d78a74bcdfad14d5d3b1b782f87255d802b57511/extensions/git/dist/main.js:2:1032509)
	at ChildProcess.emit (node:events:531:35)
	at ChildProcess._handle.onexit (node:internal/child_process:294:12)
2024-10-05 11:56:35.033 [warning] [Decorations] CAPPING events from decorations provider vscode.git 4193
2024-10-05 11:56:36.951 [error] Error: Git error
	at ChildProcess.<anonymous> (/root/.vscode-server/bin/d78a74bcdfad14d5d3b1b782f87255d802b57511/extensions/git/dist/main.js:2:1032509)
	at ChildProcess.emit (node:events:531:35)
	at ChildProcess._handle.onexit (node:internal/child_process:294:12)
2024-10-05 11:56:36.951 [error] Error: Git error
	at ChildProcess.<anonymous> (/root/.vscode-server/bin/d78a74bcdfad14d5d3b1b782f87255d802b57511/extensions/git/dist/main.js:2:1032509)
	at ChildProcess.emit (node:events:531:35)
	at ChildProcess._handle.onexit (node:internal/child_process:294:12)
2024-10-05 11:56:36.951 [error] Error: Git error
	at ChildProcess.<anonymous> (/root/.vscode-server/bin/d78a74bcdfad14d5d3b1b782f87255d802b57511/extensions/git/dist/main.js:2:1032509)
	at ChildProcess.emit (node:events:531:35)
	at ChildProcess._handle.onexit (node:internal/child_process:294:12)
2024-10-05 11:56:36.951 [error] Error: Git error
	at ChildProcess.<anonymous> (/root/.vscode-server/bin/d78a74bcdfad14d5d3b1b782f87255d802b57511/extensions/git/dist/main.js:2:1032509)
	at ChildProcess.emit (node:events:531:35)
	at ChildProcess._handle.onexit (node:internal/child_process:294:12)
2024-10-05 11:56:36.951 [error] Error: Git error
	at ChildProcess.<anonymous> (/root/.vscode-server/bin/d78a74bcdfad14d5d3b1b782f87255d802b57511/extensions/git/dist/main.js:2:1032509)
	at ChildProcess.emit (node:events:531:35)
	at ChildProcess._handle.onexit (node:internal/child_process:294:12)
2024-10-05 11:56:36.951 [error] Error: Git error
	at ChildProcess.<anonymous> (/root/.vscode-server/bin/d78a74bcdfad14d5d3b1b782f87255d802b57511/extensions/git/dist/main.js:2:1032509)
	at ChildProcess.emit (node:events:531:35)
	at ChildProcess._handle.onexit (node:internal/child_process:294:12)
2024-10-05 11:56:36.951 [error] Error: Git error
	at ChildProcess.<anonymous> (/root/.vscode-server/bin/d78a74bcdfad14d5d3b1b782f87255d802b57511/extensions/git/dist/main.js:2:1032509)
	at ChildProcess.emit (node:events:531:35)
	at ChildProcess._handle.onexit (node:internal/child_process:294:12)
2024-10-05 11:56:36.951 [error] Error: Git error
	at ChildProcess.<anonymous> (/root/.vscode-server/bin/d78a74bcdfad14d5d3b1b782f87255d802b57511/extensions/git/dist/main.js:2:1032509)
	at ChildProcess.emit (node:events:531:35)
	at ChildProcess._handle.onexit (node:internal/child_process:294:12)
2024-10-05 11:56:36.951 [error] Error: Git error
	at ChildProcess.<anonymous> (/root/.vscode-server/bin/d78a74bcdfad14d5d3b1b782f87255d802b57511/extensions/git/dist/main.js:2:1032509)
	at ChildProcess.emit (node:events:531:35)
	at ChildProcess._handle.onexit (node:internal/child_process:294:12)
2024-10-05 11:56:36.951 [error] Error: Git error
	at ChildProcess.<anonymous> (/root/.vscode-server/bin/d78a74bcdfad14d5d3b1b782f87255d802b57511/extensions/git/dist/main.js:2:1032509)
	at ChildProcess.emit (node:events:531:35)
	at ChildProcess._handle.onexit (node:internal/child_process:294:12)
2024-10-05 11:56:36.951 [error] Error: Git error
	at ChildProcess.<anonymous> (/root/.vscode-server/bin/d78a74bcdfad14d5d3b1b782f87255d802b57511/extensions/git/dist/main.js:2:1032509)
	at ChildProcess.emit (node:events:531:35)
	at ChildProcess._handle.onexit (node:internal/child_process:294:12)
2024-10-05 11:56:36.951 [error] Error: Git error
	at ChildProcess.<anonymous> (/root/.vscode-server/bin/d78a74bcdfad14d5d3b1b782f87255d802b57511/extensions/git/dist/main.js:2:1032509)
	at ChildProcess.emit (node:events:531:35)
	at ChildProcess._handle.onexit (node:internal/child_process:294:12)
2024-10-05 11:56:36.951 [error] Error: Git error
	at ChildProcess.<anonymous> (/root/.vscode-server/bin/d78a74bcdfad14d5d3b1b782f87255d802b57511/extensions/git/dist/main.js:2:1032509)
	at ChildProcess.emit (node:events:531:35)
	at ChildProcess._handle.onexit (node:internal/child_process:294:12)
2024-10-05 11:56:36.951 [error] Error: Git error
	at ChildProcess.<anonymous> (/root/.vscode-server/bin/d78a74bcdfad14d5d3b1b782f87255d802b57511/extensions/git/dist/main.js:2:1032509)
	at ChildProcess.emit (node:events:531:35)
	at ChildProcess._handle.onexit (node:internal/child_process:294:12)
2024-10-05 11:56:36.951 [error] Error: Git error
	at ChildProcess.<anonymous> (/root/.vscode-server/bin/d78a74bcdfad14d5d3b1b782f87255d802b57511/extensions/git/dist/main.js:2:1032509)
	at ChildProcess.emit (node:events:531:35)
	at ChildProcess._handle.onexit (node:internal/child_process:294:12)
2024-10-05 11:56:36.951 [error] Error: Git error
	at ChildProcess.<anonymous> (/root/.vscode-server/bin/d78a74bcdfad14d5d3b1b782f87255d802b57511/extensions/git/dist/main.js:2:1032509)
	at ChildProcess.emit (node:events:531:35)
	at ChildProcess._handle.onexit (node:internal/child_process:294:12)
2024-10-05 11:56:36.951 [error] Error: Git error
	at ChildProcess.<anonymous> (/root/.vscode-server/bin/d78a74bcdfad14d5d3b1b782f87255d802b57511/extensions/git/dist/main.js:2:1032509)
	at ChildProcess.emit (node:events:531:35)
	at ChildProcess._handle.onexit (node:internal/child_process:294:12)
2024-10-05 11:56:36.951 [error] Error: Git error
	at ChildProcess.<anonymous> (/root/.vscode-server/bin/d78a74bcdfad14d5d3b1b782f87255d802b57511/extensions/git/dist/main.js:2:1032509)
	at ChildProcess.emit (node:events:531:35)
	at ChildProcess._handle.onexit (node:internal/child_process:294:12)
2024-10-05 11:56:36.951 [error] Error: Git error
	at ChildProcess.<anonymous> (/root/.vscode-server/bin/d78a74bcdfad14d5d3b1b782f87255d802b57511/extensions/git/dist/main.js:2:1032509)
	at ChildProcess.emit (node:events:531:35)
	at ChildProcess._handle.onexit (node:internal/child_process:294:12)
2024-10-05 11:56:36.951 [error] Error: Git error
	at ChildProcess.<anonymous> (/root/.vscode-server/bin/d78a74bcdfad14d5d3b1b782f87255d802b57511/extensions/git/dist/main.js:2:1032509)
	at ChildProcess.emit (node:events:531:35)
	at ChildProcess._handle.onexit (node:internal/child_process:294:12)
2024-10-05 11:56:36.951 [error] Error: Git error
	at ChildProcess.<anonymous> (/root/.vscode-server/bin/d78a74bcdfad14d5d3b1b782f87255d802b57511/extensions/git/dist/main.js:2:1032509)
	at ChildProcess.emit (node:events:531:35)
	at ChildProcess._handle.onexit (node:internal/child_process:294:12)
2024-10-05 11:56:36.951 [error] Error: Git error
	at ChildProcess.<anonymous> (/root/.vscode-server/bin/d78a74bcdfad14d5d3b1b782f87255d802b57511/extensions/git/dist/main.js:2:1032509)
	at ChildProcess.emit (node:events:531:35)
	at ChildProcess._handle.onexit (node:internal/child_process:294:12)
2024-10-05 11:56:36.951 [error] Error: Git error
	at ChildProcess.<anonymous> (/root/.vscode-server/bin/d78a74bcdfad14d5d3b1b782f87255d802b57511/extensions/git/dist/main.js:2:1032509)
	at ChildProcess.emit (node:events:531:35)
	at ChildProcess._handle.onexit (node:internal/child_process:294:12)
2024-10-05 11:56:36.951 [error] Error: Git error
	at ChildProcess.<anonymous> (/root/.vscode-server/bin/d78a74bcdfad14d5d3b1b782f87255d802b57511/extensions/git/dist/main.js:2:1032509)
	at ChildProcess.emit (node:events:531:35)
	at ChildProcess._handle.onexit (node:internal/child_process:294:12)
2024-10-05 11:56:36.951 [error] Error: Git error
	at ChildProcess.<anonymous> (/root/.vscode-server/bin/d78a74bcdfad14d5d3b1b782f87255d802b57511/extensions/git/dist/main.js:2:1032509)
	at ChildProcess.emit (node:events:531:35)
	at ChildProcess._handle.onexit (node:internal/child_process:294:12)
2024-10-05 11:56:36.951 [error] Error: Git error
	at ChildProcess.<anonymous> (/root/.vscode-server/bin/d78a74bcdfad14d5d3b1b782f87255d802b57511/extensions/git/dist/main.js:2:1032509)
	at ChildProcess.emit (node:events:531:35)
	at ChildProcess._handle.onexit (node:internal/child_process:294:12)
2024-10-05 11:56:36.951 [error] Error: Git error
	at ChildProcess.<anonymous> (/root/.vscode-server/bin/d78a74bcdfad14d5d3b1b782f87255d802b57511/extensions/git/dist/main.js:2:1032509)
	at ChildProcess.emit (node:events:531:35)
	at ChildProcess._handle.onexit (node:internal/child_process:294:12)
2024-10-05 11:56:36.951 [error] Error: Git error
	at ChildProcess.<anonymous> (/root/.vscode-server/bin/d78a74bcdfad14d5d3b1b782f87255d802b57511/extensions/git/dist/main.js:2:1032509)
	at ChildProcess.emit (node:events:531:35)
	at ChildProcess._handle.onexit (node:internal/child_process:294:12)
2024-10-05 11:56:36.951 [error] Error: Git error
	at ChildProcess.<anonymous> (/root/.vscode-server/bin/d78a74bcdfad14d5d3b1b782f87255d802b57511/extensions/git/dist/main.js:2:1032509)
	at ChildProcess.emit (node:events:531:35)
	at ChildProcess._handle.onexit (node:internal/child_process:294:12)
2024-10-05 11:56:36.951 [error] Error: Git error
	at ChildProcess.<anonymous> (/root/.vscode-server/bin/d78a74bcdfad14d5d3b1b782f87255d802b57511/extensions/git/dist/main.js:2:1032509)
	at ChildProcess.emit (node:events:531:35)
	at ChildProcess._handle.onexit (node:internal/child_process:294:12)
2024-10-05 11:56:36.951 [error] Error: Git error
	at ChildProcess.<anonymous> (/root/.vscode-server/bin/d78a74bcdfad14d5d3b1b782f87255d802b57511/extensions/git/dist/main.js:2:1032509)
	at ChildProcess.emit (node:events:531:35)
	at ChildProcess._handle.onexit (node:internal/child_process:294:12)
2024-10-05 11:56:36.951 [error] Error: Git error
	at ChildProcess.<anonymous> (/root/.vscode-server/bin/d78a74bcdfad14d5d3b1b782f87255d802b57511/extensions/git/dist/main.js:2:1032509)
	at ChildProcess.emit (node:events:531:35)
	at ChildProcess._handle.onexit (node:internal/child_process:294:12)
2024-10-05 11:56:36.951 [error] Error: Git error
	at ChildProcess.<anonymous> (/root/.vscode-server/bin/d78a74bcdfad14d5d3b1b782f87255d802b57511/extensions/git/dist/main.js:2:1032509)
	at ChildProcess.emit (node:events:531:35)
	at ChildProcess._handle.onexit (node:internal/child_process:294:12)
2024-10-05 11:56:36.951 [error] Error: Git error
	at ChildProcess.<anonymous> (/root/.vscode-server/bin/d78a74bcdfad14d5d3b1b782f87255d802b57511/extensions/git/dist/main.js:2:1032509)
	at ChildProcess.emit (node:events:531:35)
	at ChildProcess._handle.onexit (node:internal/child_process:294:12)
2024-10-05 11:56:36.951 [error] Error: Git error
	at ChildProcess.<anonymous> (/root/.vscode-server/bin/d78a74bcdfad14d5d3b1b782f87255d802b57511/extensions/git/dist/main.js:2:1032509)
	at ChildProcess.emit (node:events:531:35)
	at ChildProcess._handle.onexit (node:internal/child_process:294:12)
2024-10-05 11:56:36.951 [error] Error: Git error
	at ChildProcess.<anonymous> (/root/.vscode-server/bin/d78a74bcdfad14d5d3b1b782f87255d802b57511/extensions/git/dist/main.js:2:1032509)
	at ChildProcess.emit (node:events:531:35)
	at ChildProcess._handle.onexit (node:internal/child_process:294:12)
2024-10-05 11:56:36.951 [error] Error: Git error
	at ChildProcess.<anonymous> (/root/.vscode-server/bin/d78a74bcdfad14d5d3b1b782f87255d802b57511/extensions/git/dist/main.js:2:1032509)
	at ChildProcess.emit (node:events:531:35)
	at ChildProcess._handle.onexit (node:internal/child_process:294:12)
2024-10-05 11:56:36.951 [error] Error: Git error
	at ChildProcess.<anonymous> (/root/.vscode-server/bin/d78a74bcdfad14d5d3b1b782f87255d802b57511/extensions/git/dist/main.js:2:1032509)
	at ChildProcess.emit (node:events:531:35)
	at ChildProcess._handle.onexit (node:internal/child_process:294:12)
2024-10-05 11:56:36.951 [error] Error: Git error
	at ChildProcess.<anonymous> (/root/.vscode-server/bin/d78a74bcdfad14d5d3b1b782f87255d802b57511/extensions/git/dist/main.js:2:1032509)
	at ChildProcess.emit (node:events:531:35)
	at ChildProcess._handle.onexit (node:internal/child_process:294:12)
2024-10-05 11:56:36.951 [error] Error: Git error
	at ChildProcess.<anonymous> (/root/.vscode-server/bin/d78a74bcdfad14d5d3b1b782f87255d802b57511/extensions/git/dist/main.js:2:1032509)
	at ChildProcess.emit (node:events:531:35)
	at ChildProcess._handle.onexit (node:internal/child_process:294:12)
2024-10-05 11:56:36.951 [error] Error: Git error
	at ChildProcess.<anonymous> (/root/.vscode-server/bin/d78a74bcdfad14d5d3b1b782f87255d802b57511/extensions/git/dist/main.js:2:1032509)
	at ChildProcess.emit (node:events:531:35)
	at ChildProcess._handle.onexit (node:internal/child_process:294:12)
2024-10-05 11:56:36.951 [error] Error: Git error
	at ChildProcess.<anonymous> (/root/.vscode-server/bin/d78a74bcdfad14d5d3b1b782f87255d802b57511/extensions/git/dist/main.js:2:1032509)
	at ChildProcess.emit (node:events:531:35)
	at ChildProcess._handle.onexit (node:internal/child_process:294:12)
2024-10-05 11:56:36.951 [error] Error: Git error
	at ChildProcess.<anonymous> (/root/.vscode-server/bin/d78a74bcdfad14d5d3b1b782f87255d802b57511/extensions/git/dist/main.js:2:1032509)
	at ChildProcess.emit (node:events:531:35)
	at ChildProcess._handle.onexit (node:internal/child_process:294:12)
2024-10-05 11:56:36.951 [error] Error: Git error
	at ChildProcess.<anonymous> (/root/.vscode-server/bin/d78a74bcdfad14d5d3b1b782f87255d802b57511/extensions/git/dist/main.js:2:1032509)
	at ChildProcess.emit (node:events:531:35)
	at ChildProcess._handle.onexit (node:internal/child_process:294:12)
2024-10-05 11:56:36.951 [error] Error: Git error
	at ChildProcess.<anonymous> (/root/.vscode-server/bin/d78a74bcdfad14d5d3b1b782f87255d802b57511/extensions/git/dist/main.js:2:1032509)
	at ChildProcess.emit (node:events:531:35)
	at ChildProcess._handle.onexit (node:internal/child_process:294:12)
2024-10-05 11:56:37.952 [error] Error: Git error
	at ChildProcess.<anonymous> (/root/.vscode-server/bin/d78a74bcdfad14d5d3b1b782f87255d802b57511/extensions/git/dist/main.js:2:1032509)
	at ChildProcess.emit (node:events:531:35)
	at ChildProcess._handle.onexit (node:internal/child_process:294:12)
2024-10-05 11:56:37.953 [error] Error: Git error
	at ChildProcess.<anonymous> (/root/.vscode-server/bin/d78a74bcdfad14d5d3b1b782f87255d802b57511/extensions/git/dist/main.js:2:1032509)
	at ChildProcess.emit (node:events:531:35)
	at ChildProcess._handle.onexit (node:internal/child_process:294:12)
2024-10-05 11:56:37.954 [error] Error: Git error
	at ChildProcess.<anonymous> (/root/.vscode-server/bin/d78a74bcdfad14d5d3b1b782f87255d802b57511/extensions/git/dist/main.js:2:1032509)
	at ChildProcess.emit (node:events:531:35)
	at ChildProcess._handle.onexit (node:internal/child_process:294:12)
2024-10-05 11:56:37.956 [error] Error: Git error
	at ChildProcess.<anonymous> (/root/.vscode-server/bin/d78a74bcdfad14d5d3b1b782f87255d802b57511/extensions/git/dist/main.js:2:1032509)
	at ChildProcess.emit (node:events:531:35)
	at ChildProcess._handle.onexit (node:internal/child_process:294:12)
2024-10-05 11:56:37.959 [error] Error: Git error
	at ChildProcess.<anonymous> (/root/.vscode-server/bin/d78a74bcdfad14d5d3b1b782f87255d802b57511/extensions/git/dist/main.js:2:1032509)
	at ChildProcess.emit (node:events:531:35)
	at ChildProcess._handle.onexit (node:internal/child_process:294:12)
2024-10-05 11:56:37.962 [error] Error: Git error
	at ChildProcess.<anonymous> (/root/.vscode-server/bin/d78a74bcdfad14d5d3b1b782f87255d802b57511/extensions/git/dist/main.js:2:1032509)
	at ChildProcess.emit (node:events:531:35)
	at ChildProcess._handle.onexit (node:internal/child_process:294:12)
2024-10-05 11:56:37.963 [error] Error: Git error
	at ChildProcess.<anonymous> (/root/.vscode-server/bin/d78a74bcdfad14d5d3b1b782f87255d802b57511/extensions/git/dist/main.js:2:1032509)
	at ChildProcess.emit (node:events:531:35)
	at ChildProcess._handle.onexit (node:internal/child_process:294:12)
2024-10-05 11:56:37.965 [error] Error: Git error
	at ChildProcess.<anonymous> (/root/.vscode-server/bin/d78a74bcdfad14d5d3b1b782f87255d802b57511/extensions/git/dist/main.js:2:1032509)
	at ChildProcess.emit (node:events:531:35)
	at ChildProcess._handle.onexit (node:internal/child_process:294:12)
2024-10-05 11:56:37.967 [error] Error: Git error
	at ChildProcess.<anonymous> (/root/.vscode-server/bin/d78a74bcdfad14d5d3b1b782f87255d802b57511/extensions/git/dist/main.js:2:1032509)
	at ChildProcess.emit (node:events:531:35)
	at ChildProcess._handle.onexit (node:internal/child_process:294:12)
2024-10-05 11:56:37.968 [error] Error: Git error
	at ChildProcess.<anonymous> (/root/.vscode-server/bin/d78a74bcdfad14d5d3b1b782f87255d802b57511/extensions/git/dist/main.js:2:1032509)
	at ChildProcess.emit (node:events:531:35)
	at ChildProcess._handle.onexit (node:internal/child_process:294:12)
2024-10-05 11:56:37.970 [error] Error: Git error
	at ChildProcess.<anonymous> (/root/.vscode-server/bin/d78a74bcdfad14d5d3b1b782f87255d802b57511/extensions/git/dist/main.js:2:1032509)
	at ChildProcess.emit (node:events:531:35)
	at ChildProcess._handle.onexit (node:internal/child_process:294:12)
2024-10-05 11:56:37.970 [error] Error: Git error
	at ChildProcess.<anonymous> (/root/.vscode-server/bin/d78a74bcdfad14d5d3b1b782f87255d802b57511/extensions/git/dist/main.js:2:1032509)
	at ChildProcess.emit (node:events:531:35)
	at ChildProcess._handle.onexit (node:internal/child_process:294:12)
2024-10-05 11:56:37.971 [error] Error: Git error
	at ChildProcess.<anonymous> (/root/.vscode-server/bin/d78a74bcdfad14d5d3b1b782f87255d802b57511/extensions/git/dist/main.js:2:1032509)
	at ChildProcess.emit (node:events:531:35)
	at ChildProcess._handle.onexit (node:internal/child_process:294:12)
2024-10-05 11:56:37.972 [error] Error: Git error
	at ChildProcess.<anonymous> (/root/.vscode-server/bin/d78a74bcdfad14d5d3b1b782f87255d802b57511/extensions/git/dist/main.js:2:1032509)
	at ChildProcess.emit (node:events:531:35)
	at ChildProcess._handle.onexit (node:internal/child_process:294:12)
2024-10-05 11:56:37.973 [error] Error: Git error
	at ChildProcess.<anonymous> (/root/.vscode-server/bin/d78a74bcdfad14d5d3b1b782f87255d802b57511/extensions/git/dist/main.js:2:1032509)
	at ChildProcess.emit (node:events:531:35)
	at ChildProcess._handle.onexit (node:internal/child_process:294:12)
2024-10-05 11:56:37.974 [error] Error: Git error
	at ChildProcess.<anonymous> (/root/.vscode-server/bin/d78a74bcdfad14d5d3b1b782f87255d802b57511/extensions/git/dist/main.js:2:1032509)
	at ChildProcess.emit (node:events:531:35)
	at ChildProcess._handle.onexit (node:internal/child_process:294:12)
2024-10-05 11:56:37.975 [error] Error: Git error
	at ChildProcess.<anonymous> (/root/.vscode-server/bin/d78a74bcdfad14d5d3b1b782f87255d802b57511/extensions/git/dist/main.js:2:1032509)
	at ChildProcess.emit (node:events:531:35)
	at ChildProcess._handle.onexit (node:internal/child_process:294:12)
2024-10-05 11:56:37.975 [error] Error: Git error
	at ChildProcess.<anonymous> (/root/.vscode-server/bin/d78a74bcdfad14d5d3b1b782f87255d802b57511/extensions/git/dist/main.js:2:1032509)
	at ChildProcess.emit (node:events:531:35)
	at ChildProcess._handle.onexit (node:internal/child_process:294:12)
2024-10-05 11:56:37.976 [error] Error: Git error
	at ChildProcess.<anonymous> (/root/.vscode-server/bin/d78a74bcdfad14d5d3b1b782f87255d802b57511/extensions/git/dist/main.js:2:1032509)
	at ChildProcess.emit (node:events:531:35)
	at ChildProcess._handle.onexit (node:internal/child_process:294:12)
2024-10-05 11:56:37.977 [error] Error: Git error
	at ChildProcess.<anonymous> (/root/.vscode-server/bin/d78a74bcdfad14d5d3b1b782f87255d802b57511/extensions/git/dist/main.js:2:1032509)
	at ChildProcess.emit (node:events:531:35)
	at ChildProcess._handle.onexit (node:internal/child_process:294:12)
2024-10-05 11:56:37.978 [error] Error: Git error
	at ChildProcess.<anonymous> (/root/.vscode-server/bin/d78a74bcdfad14d5d3b1b782f87255d802b57511/extensions/git/dist/main.js:2:1032509)
	at ChildProcess.emit (node:events:531:35)
	at ChildProcess._handle.onexit (node:internal/child_process:294:12)
2024-10-05 11:56:37.981 [error] Error: Git error
	at ChildProcess.<anonymous> (/root/.vscode-server/bin/d78a74bcdfad14d5d3b1b782f87255d802b57511/extensions/git/dist/main.js:2:1032509)
	at ChildProcess.emit (node:events:531:35)
	at ChildProcess._handle.onexit (node:internal/child_process:294:12)
2024-10-05 11:56:37.985 [error] Error: Git error
	at ChildProcess.<anonymous> (/root/.vscode-server/bin/d78a74bcdfad14d5d3b1b782f87255d802b57511/extensions/git/dist/main.js:2:1032509)
	at ChildProcess.emit (node:events:531:35)
	at ChildProcess._handle.onexit (node:internal/child_process:294:12)
2024-10-05 11:56:37.988 [error] Error: Git error
	at ChildProcess.<anonymous> (/root/.vscode-server/bin/d78a74bcdfad14d5d3b1b782f87255d802b57511/extensions/git/dist/main.js:2:1032509)
	at ChildProcess.emit (node:events:531:35)
	at ChildProcess._handle.onexit (node:internal/child_process:294:12)
2024-10-05 11:56:37.990 [error] Error: Git error
	at ChildProcess.<anonymous> (/root/.vscode-server/bin/d78a74bcdfad14d5d3b1b782f87255d802b57511/extensions/git/dist/main.js:2:1032509)
	at ChildProcess.emit (node:events:531:35)
	at ChildProcess._handle.onexit (node:internal/child_process:294:12)
2024-10-05 11:56:37.991 [error] Error: Git error
	at ChildProcess.<anonymous> (/root/.vscode-server/bin/d78a74bcdfad14d5d3b1b782f87255d802b57511/extensions/git/dist/main.js:2:1032509)
	at ChildProcess.emit (node:events:531:35)
	at ChildProcess._handle.onexit (node:internal/child_process:294:12)
2024-10-05 11:56:37.992 [error] Error: Git error
	at ChildProcess.<anonymous> (/root/.vscode-server/bin/d78a74bcdfad14d5d3b1b782f87255d802b57511/extensions/git/dist/main.js:2:1032509)
	at ChildProcess.emit (node:events:531:35)
	at ChildProcess._handle.onexit (node:internal/child_process:294:12)
2024-10-05 11:57:49.120 [warning] [Decorations] CAPPING events from decorations provider vscode.git 4206
2024-10-05 11:57:51.572 [info] ExtensionService#_doActivateExtension vscode.npm, startup: false, activationEvent: 'onTerminalQuickFixRequest:ms-vscode.npm-command'
2024-10-05 11:57:56.951 [info] ExtensionService#_doActivateExtension vscode.extension-editing, startup: false, activationEvent: 'onLanguage:json'
2024-10-05 11:58:22.311 [warning] [Decorations] CAPPING events from decorations provider vscode.git 2688
2024-10-05 11:59:38.604 [error] Error: Git error
	at ChildProcess.<anonymous> (/root/.vscode-server/bin/d78a74bcdfad14d5d3b1b782f87255d802b57511/extensions/git/dist/main.js:2:1032509)
	at ChildProcess.emit (node:events:531:35)
	at ChildProcess._handle.onexit (node:internal/child_process:294:12)
2024-10-05 11:59:39.347 [info] ExtensionService#_doActivateExtension vscode.css-language-features, startup: false, activationEvent: 'onLanguage:css'
2024-10-05 11:59:39.609 [error] Error: Git error
	at ChildProcess.<anonymous> (/root/.vscode-server/bin/d78a74bcdfad14d5d3b1b782f87255d802b57511/extensions/git/dist/main.js:2:1032509)
	at ChildProcess.emit (node:events:531:35)
	at ChildProcess._handle.onexit (node:internal/child_process:294:12)
2024-10-05 12:01:40.593 [error] Error: Git error
	at ChildProcess.<anonymous> (/root/.vscode-server/bin/d78a74bcdfad14d5d3b1b782f87255d802b57511/extensions/git/dist/main.js:2:1032509)
	at ChildProcess.emit (node:events:531:35)
	at ChildProcess._handle.onexit (node:internal/child_process:294:12)
2024-10-05 12:01:41.594 [error] Error: Git error
	at ChildProcess.<anonymous> (/root/.vscode-server/bin/d78a74bcdfad14d5d3b1b782f87255d802b57511/extensions/git/dist/main.js:2:1032509)
	at ChildProcess.emit (node:events:531:35)
	at ChildProcess._handle.onexit (node:internal/child_process:294:12)
2024-10-05 12:23:45.481 [error] Error: Git error
	at ChildProcess.<anonymous> (/root/.vscode-server/bin/d78a74bcdfad14d5d3b1b782f87255d802b57511/extensions/git/dist/main.js:2:1032509)
	at ChildProcess.emit (node:events:531:35)
	at ChildProcess._handle.onexit (node:internal/child_process:294:12)
2024-10-05 12:23:45.481 [error] Error: Git error
	at ChildProcess.<anonymous> (/root/.vscode-server/bin/d78a74bcdfad14d5d3b1b782f87255d802b57511/extensions/git/dist/main.js:2:1032509)
	at ChildProcess.emit (node:events:531:35)
	at ChildProcess._handle.onexit (node:internal/child_process:294:12)
2024-10-05 12:23:46.482 [error] Error: Git error
	at ChildProcess.<anonymous> (/root/.vscode-server/bin/d78a74bcdfad14d5d3b1b782f87255d802b57511/extensions/git/dist/main.js:2:1032509)
	at ChildProcess.emit (node:events:531:35)
	at ChildProcess._handle.onexit (node:internal/child_process:294:12)
2024-10-05 12:23:46.484 [error] Error: Git error
	at ChildProcess.<anonymous> (/root/.vscode-server/bin/d78a74bcdfad14d5d3b1b782f87255d802b57511/extensions/git/dist/main.js:2:1032509)
	at ChildProcess.emit (node:events:531:35)
	at ChildProcess._handle.onexit (node:internal/child_process:294:12)
2024-10-05 12:23:46.913 [error] Error: Git error
	at ChildProcess.<anonymous> (/root/.vscode-server/bin/d78a74bcdfad14d5d3b1b782f87255d802b57511/extensions/git/dist/main.js:2:1032509)
	at ChildProcess.emit (node:events:531:35)
	at ChildProcess._handle.onexit (node:internal/child_process:294:12)
2024-10-05 12:23:46.913 [error] Error: Git error
	at ChildProcess.<anonymous> (/root/.vscode-server/bin/d78a74bcdfad14d5d3b1b782f87255d802b57511/extensions/git/dist/main.js:2:1032509)
	at ChildProcess.emit (node:events:531:35)
	at ChildProcess._handle.onexit (node:internal/child_process:294:12)
2024-10-05 12:23:47.914 [error] Error: Git error
	at ChildProcess.<anonymous> (/root/.vscode-server/bin/d78a74bcdfad14d5d3b1b782f87255d802b57511/extensions/git/dist/main.js:2:1032509)
	at ChildProcess.emit (node:events:531:35)
	at ChildProcess._handle.onexit (node:internal/child_process:294:12)
2024-10-05 12:23:47.915 [error] Error: Git error
	at ChildProcess.<anonymous> (/root/.vscode-server/bin/d78a74bcdfad14d5d3b1b782f87255d802b57511/extensions/git/dist/main.js:2:1032509)
	at ChildProcess.emit (node:events:531:35)
	at ChildProcess._handle.onexit (node:internal/child_process:294:12)
2024-10-05 12:35:52.304 [info] ExtensionService#_doActivateExtension KoichiSasada.vscode-rdbg, startup: false, activationEvent: 'onDebug'
2024-10-05 12:35:53.637 [info] ExtensionService#_doActivateExtension vscode.debug-server-ready, startup: false, activationEvent: 'onDebugResolve'
2024-10-05 12:35:56.176 [info] ExtensionService#_doActivateExtension ms-vscode.js-debug, startup: false, activationEvent: 'onDebugResolve:pwa-chrome'
2024-10-05 12:36:42.753 [error] CodeExpectedError: /
    at $it.y (vscode-file://vscode-app/c:/Users/user/AppData/Local/Programs/Microsoft%20VS%20Code/resources/app/out/vs/workbench/workbench.desktop.main.js:3072:11660)
    at $it.o (vscode-file://vscode-app/c:/Users/user/AppData/Local/Programs/Microsoft%20VS%20Code/resources/app/out/vs/workbench/workbench.desktop.main.js:3072:9128)
    at $it.n (vscode-file://vscode-app/c:/Users/user/AppData/Local/Programs/Microsoft%20VS%20Code/resources/app/out/vs/workbench/workbench.desktop.main.js:3072:9019)
    at async Object.factory (vscode-file://vscode-app/c:/Users/user/AppData/Local/Programs/Microsoft%20VS%20Code/resources/app/out/vs/workbench/workbench.desktop.main.js:3072:8769)
2024-10-05 14:42:51.174 [info] Extension host terminating: received terminate message from renderer
2024-10-05 14:42:51.175 [info] Lock '/root/.vscode-server/data/User/workspaceStorage/7357c8406dd7ab776bfe1fd154ad47e5/vscode.lock': Marking the lockfile as scheduled to be released in 6000 ms.
2024-10-05 14:42:51.295 [error] Canceled: Canceled
	at new eA (file:///root/.vscode-server/bin/d78a74bcdfad14d5d3b1b782f87255d802b57511/out/vs/workbench/api/node/extensionHostProcess.js:31:151177)
	at Zb.U (file:///root/.vscode-server/bin/d78a74bcdfad14d5d3b1b782f87255d802b57511/out/vs/workbench/api/node/extensionHostProcess.js:31:155789)
	at s.<computed>.n.charCodeAt.s.<computed> (file:///root/.vscode-server/bin/d78a74bcdfad14d5d3b1b782f87255d802b57511/out/vs/workbench/api/node/extensionHostProcess.js:31:153283)
	at T0.g (file:///root/.vscode-server/bin/d78a74bcdfad14d5d3b1b782f87255d802b57511/out/vs/workbench/api/node/extensionHostProcess.js:114:32325)
	at T0.executeCommand (file:///root/.vscode-server/bin/d78a74bcdfad14d5d3b1b782f87255d802b57511/out/vs/workbench/api/node/extensionHostProcess.js:114:31826)
	at r.registerCommand.description (file:///root/.vscode-server/bin/d78a74bcdfad14d5d3b1b782f87255d802b57511/out/vs/workbench/api/node/extensionHostProcess.js:114:31156)
	at T0.h (file:///root/.vscode-server/bin/d78a74bcdfad14d5d3b1b782f87255d802b57511/out/vs/workbench/api/node/extensionHostProcess.js:114:32845)
	at T0.g (file:///root/.vscode-server/bin/d78a74bcdfad14d5d3b1b782f87255d802b57511/out/vs/workbench/api/node/extensionHostProcess.js:114:31919)
	at T0.executeCommand (file:///root/.vscode-server/bin/d78a74bcdfad14d5d3b1b782f87255d802b57511/out/vs/workbench/api/node/extensionHostProcess.js:114:31826)
	at Object.executeCommand (file:///root/.vscode-server/bin/d78a74bcdfad14d5d3b1b782f87255d802b57511/out/vs/workbench/api/node/extensionHostProcess.js:156:37049)
	at gh.O [as value] (/root/.vscode-server/bin/d78a74bcdfad14d5d3b1b782f87255d802b57511/extensions/git/dist/main.js:2:953034)
	at T.B (file:///root/.vscode-server/bin/d78a74bcdfad14d5d3b1b782f87255d802b57511/out/vs/workbench/api/node/extensionHostProcess.js:29:732)
	at T.C (file:///root/.vscode-server/bin/d78a74bcdfad14d5d3b1b782f87255d802b57511/out/vs/workbench/api/node/extensionHostProcess.js:29:802)
	at T.fire (file:///root/.vscode-server/bin/d78a74bcdfad14d5d3b1b782f87255d802b57511/out/vs/workbench/api/node/extensionHostProcess.js:29:1019)
	at Object.p [as dispose] (/root/.vscode-server/bin/d78a74bcdfad14d5d3b1b782f87255d802b57511/extensions/git/dist/main.js:2:973612)
	at /root/.vscode-server/bin/d78a74bcdfad14d5d3b1b782f87255d802b57511/extensions/git/dist/main.js:2:979734
	at Array.forEach (<anonymous>)
	at f.dispose (/root/.vscode-server/bin/d78a74bcdfad14d5d3b1b782f87255d802b57511/extensions/git/dist/main.js:2:979720)
	at D1.<anonymous> (file:///root/.vscode-server/bin/d78a74bcdfad14d5d3b1b782f87255d802b57511/out/vs/workbench/api/node/extensionHostProcess.js:108:19996)
	at D1.dispose (file:///root/.vscode-server/bin/d78a74bcdfad14d5d3b1b782f87255d802b57511/out/vs/workbench/api/node/extensionHostProcess.js:108:20092)
	at D1.<anonymous> (/root/.vscode-server/bin/d78a74bcdfad14d5d3b1b782f87255d802b57511/extensions/git/dist/main.js:2:955332)
	at D1.dispose (file:///root/.vscode-server/bin/d78a74bcdfad14d5d3b1b782f87255d802b57511/out/vs/workbench/api/node/extensionHostProcess.js:108:20092)
	at Si (file:///root/.vscode-server/bin/d78a74bcdfad14d5d3b1b782f87255d802b57511/out/vs/workbench/api/node/extensionHostProcess.js:24:701)
	at file:///root/.vscode-server/bin/d78a74bcdfad14d5d3b1b782f87255d802b57511/out/vs/workbench/api/node/extensionHostProcess.js:118:14995
	at file:///root/.vscode-server/bin/d78a74bcdfad14d5d3b1b782f87255d802b57511/out/vs/workbench/api/node/extensionHostProcess.js:24:1011
	at Object.dispose (file:///root/.vscode-server/bin/d78a74bcdfad14d5d3b1b782f87255d802b57511/out/vs/workbench/api/node/extensionHostProcess.js:7:2146)
	at hB.eb (file:///root/.vscode-server/bin/d78a74bcdfad14d5d3b1b782f87255d802b57511/out/vs/workbench/api/node/extensionHostProcess.js:118:11922)
	at file:///root/.vscode-server/bin/d78a74bcdfad14d5d3b1b782f87255d802b57511/out/vs/workbench/api/node/extensionHostProcess.js:118:9877
	at Array.map (<anonymous>)
	at hB.$ (file:///root/.vscode-server/bin/d78a74bcdfad14d5d3b1b782f87255d802b57511/out/vs/workbench/api/node/extensionHostProcess.js:118:9865)
	at hB.terminate (file:///root/.vscode-server/bin/d78a74bcdfad14d5d3b1b782f87255d802b57511/out/vs/workbench/api/node/extensionHostProcess.js:118:10108)
	at M3.terminate (file:///root/.vscode-server/bin/d78a74bcdfad14d5d3b1b782f87255d802b57511/out/vs/workbench/api/node/extensionHostProcess.js:119:1424)
	at ps (file:///root/.vscode-server/bin/d78a74bcdfad14d5d3b1b782f87255d802b57511/out/vs/workbench/api/node/extensionHostProcess.js:174:15058)
	at gh.value (file:///root/.vscode-server/bin/d78a74bcdfad14d5d3b1b782f87255d802b57511/out/vs/workbench/api/node/extensionHostProcess.js:174:13218)
	at T.B (file:///root/.vscode-server/bin/d78a74bcdfad14d5d3b1b782f87255d802b57511/out/vs/workbench/api/node/extensionHostProcess.js:29:732)
	at T.fire (file:///root/.vscode-server/bin/d78a74bcdfad14d5d3b1b782f87255d802b57511/out/vs/workbench/api/node/extensionHostProcess.js:29:950)
	at no.fire (file:///root/.vscode-server/bin/d78a74bcdfad14d5d3b1b782f87255d802b57511/out/vs/workbench/api/node/extensionHostProcess.js:31:9399)
	at Im.A (file:///root/.vscode-server/bin/d78a74bcdfad14d5d3b1b782f87255d802b57511/out/vs/workbench/api/node/extensionHostProcess.js:31:12515)
	at gh.value (file:///root/.vscode-server/bin/d78a74bcdfad14d5d3b1b782f87255d802b57511/out/vs/workbench/api/node/extensionHostProcess.js:31:11916)
	at T.B (file:///root/.vscode-server/bin/d78a74bcdfad14d5d3b1b782f87255d802b57511/out/vs/workbench/api/node/extensionHostProcess.js:29:732)
	at T.fire (file:///root/.vscode-server/bin/d78a74bcdfad14d5d3b1b782f87255d802b57511/out/vs/workbench/api/node/extensionHostProcess.js:29:950)
	at m5.acceptChunk (file:///root/.vscode-server/bin/d78a74bcdfad14d5d3b1b782f87255d802b57511/out/vs/workbench/api/node/extensionHostProcess.js:31:7880)
	at gh.value (file:///root/.vscode-server/bin/d78a74bcdfad14d5d3b1b782f87255d802b57511/out/vs/workbench/api/node/extensionHostProcess.js:31:7166)
	at T.B (file:///root/.vscode-server/bin/d78a74bcdfad14d5d3b1b782f87255d802b57511/out/vs/workbench/api/node/extensionHostProcess.js:29:732)
	at T.fire (file:///root/.vscode-server/bin/d78a74bcdfad14d5d3b1b782f87255d802b57511/out/vs/workbench/api/node/extensionHostProcess.js:29:950)
	at _2.z (file:///root/.vscode-server/bin/d78a74bcdfad14d5d3b1b782f87255d802b57511/out/vs/workbench/api/node/extensionHostProcess.js:31:21892)
	at _2.acceptFrame (file:///root/.vscode-server/bin/d78a74bcdfad14d5d3b1b782f87255d802b57511/out/vs/workbench/api/node/extensionHostProcess.js:31:21698)
	at z2.n (file:///root/.vscode-server/bin/d78a74bcdfad14d5d3b1b782f87255d802b57511/out/vs/workbench/api/node/extensionHostProcess.js:31:20224)
	at file:///root/.vscode-server/bin/d78a74bcdfad14d5d3b1b782f87255d802b57511/out/vs/workbench/api/node/extensionHostProcess.js:31:17454
	at Socket.t (file:///root/.vscode-server/bin/d78a74bcdfad14d5d3b1b782f87255d802b57511/out/vs/workbench/api/node/extensionHostProcess.js:31:15393)
	at Socket.emit (node:events:519:28)
	at addChunk (node:internal/streams/readable:559:12)
	at readableAddChunkPushByteMode (node:internal/streams/readable:510:3)
	at Readable.push (node:internal/streams/readable:390:5)
	at TCP.onStreamRead (node:internal/stream_base_commons:191:23) setContext undefined
2024-10-05 14:42:51.296 [error] Canceled: Canceled
	at new eA (file:///root/.vscode-server/bin/d78a74bcdfad14d5d3b1b782f87255d802b57511/out/vs/workbench/api/node/extensionHostProcess.js:31:151177)
	at Zb.U (file:///root/.vscode-server/bin/d78a74bcdfad14d5d3b1b782f87255d802b57511/out/vs/workbench/api/node/extensionHostProcess.js:31:155789)
	at s.<computed>.n.charCodeAt.s.<computed> (file:///root/.vscode-server/bin/d78a74bcdfad14d5d3b1b782f87255d802b57511/out/vs/workbench/api/node/extensionHostProcess.js:31:153283)
	at T0.g (file:///root/.vscode-server/bin/d78a74bcdfad14d5d3b1b782f87255d802b57511/out/vs/workbench/api/node/extensionHostProcess.js:114:32325)
	at T0.executeCommand (file:///root/.vscode-server/bin/d78a74bcdfad14d5d3b1b782f87255d802b57511/out/vs/workbench/api/node/extensionHostProcess.js:114:31826)
	at r.registerCommand.description (file:///root/.vscode-server/bin/d78a74bcdfad14d5d3b1b782f87255d802b57511/out/vs/workbench/api/node/extensionHostProcess.js:114:31156)
	at T0.h (file:///root/.vscode-server/bin/d78a74bcdfad14d5d3b1b782f87255d802b57511/out/vs/workbench/api/node/extensionHostProcess.js:114:32845)
	at T0.g (file:///root/.vscode-server/bin/d78a74bcdfad14d5d3b1b782f87255d802b57511/out/vs/workbench/api/node/extensionHostProcess.js:114:31919)
	at T0.executeCommand (file:///root/.vscode-server/bin/d78a74bcdfad14d5d3b1b782f87255d802b57511/out/vs/workbench/api/node/extensionHostProcess.js:114:31826)
	at Object.executeCommand (file:///root/.vscode-server/bin/d78a74bcdfad14d5d3b1b782f87255d802b57511/out/vs/workbench/api/node/extensionHostProcess.js:156:37049)
	at gh.O [as value] (/root/.vscode-server/bin/d78a74bcdfad14d5d3b1b782f87255d802b57511/extensions/git/dist/main.js:2:953034)
	at T.B (file:///root/.vscode-server/bin/d78a74bcdfad14d5d3b1b782f87255d802b57511/out/vs/workbench/api/node/extensionHostProcess.js:29:732)
	at T.C (file:///root/.vscode-server/bin/d78a74bcdfad14d5d3b1b782f87255d802b57511/out/vs/workbench/api/node/extensionHostProcess.js:29:802)
	at T.fire (file:///root/.vscode-server/bin/d78a74bcdfad14d5d3b1b782f87255d802b57511/out/vs/workbench/api/node/extensionHostProcess.js:29:1019)
	at Object.p [as dispose] (/root/.vscode-server/bin/d78a74bcdfad14d5d3b1b782f87255d802b57511/extensions/git/dist/main.js:2:973612)
	at /root/.vscode-server/bin/d78a74bcdfad14d5d3b1b782f87255d802b57511/extensions/git/dist/main.js:2:979734
	at Array.forEach (<anonymous>)
	at f.dispose (/root/.vscode-server/bin/d78a74bcdfad14d5d3b1b782f87255d802b57511/extensions/git/dist/main.js:2:979720)
	at D1.<anonymous> (file:///root/.vscode-server/bin/d78a74bcdfad14d5d3b1b782f87255d802b57511/out/vs/workbench/api/node/extensionHostProcess.js:108:19996)
	at D1.dispose (file:///root/.vscode-server/bin/d78a74bcdfad14d5d3b1b782f87255d802b57511/out/vs/workbench/api/node/extensionHostProcess.js:108:20092)
	at D1.<anonymous> (/root/.vscode-server/bin/d78a74bcdfad14d5d3b1b782f87255d802b57511/extensions/git/dist/main.js:2:955332)
	at D1.dispose (file:///root/.vscode-server/bin/d78a74bcdfad14d5d3b1b782f87255d802b57511/out/vs/workbench/api/node/extensionHostProcess.js:108:20092)
	at Si (file:///root/.vscode-server/bin/d78a74bcdfad14d5d3b1b782f87255d802b57511/out/vs/workbench/api/node/extensionHostProcess.js:24:701)
	at file:///root/.vscode-server/bin/d78a74bcdfad14d5d3b1b782f87255d802b57511/out/vs/workbench/api/node/extensionHostProcess.js:118:14995
	at file:///root/.vscode-server/bin/d78a74bcdfad14d5d3b1b782f87255d802b57511/out/vs/workbench/api/node/extensionHostProcess.js:24:1011
	at Object.dispose (file:///root/.vscode-server/bin/d78a74bcdfad14d5d3b1b782f87255d802b57511/out/vs/workbench/api/node/extensionHostProcess.js:7:2146)
	at hB.eb (file:///root/.vscode-server/bin/d78a74bcdfad14d5d3b1b782f87255d802b57511/out/vs/workbench/api/node/extensionHostProcess.js:118:11922)
	at file:///root/.vscode-server/bin/d78a74bcdfad14d5d3b1b782f87255d802b57511/out/vs/workbench/api/node/extensionHostProcess.js:118:9877
	at Array.map (<anonymous>)
	at hB.$ (file:///root/.vscode-server/bin/d78a74bcdfad14d5d3b1b782f87255d802b57511/out/vs/workbench/api/node/extensionHostProcess.js:118:9865)
	at hB.terminate (file:///root/.vscode-server/bin/d78a74bcdfad14d5d3b1b782f87255d802b57511/out/vs/workbench/api/node/extensionHostProcess.js:118:10108)
	at M3.terminate (file:///root/.vscode-server/bin/d78a74bcdfad14d5d3b1b782f87255d802b57511/out/vs/workbench/api/node/extensionHostProcess.js:119:1424)
	at ps (file:///root/.vscode-server/bin/d78a74bcdfad14d5d3b1b782f87255d802b57511/out/vs/workbench/api/node/extensionHostProcess.js:174:15058)
	at gh.value (file:///root/.vscode-server/bin/d78a74bcdfad14d5d3b1b782f87255d802b57511/out/vs/workbench/api/node/extensionHostProcess.js:174:13218)
	at T.B (file:///root/.vscode-server/bin/d78a74bcdfad14d5d3b1b782f87255d802b57511/out/vs/workbench/api/node/extensionHostProcess.js:29:732)
	at T.fire (file:///root/.vscode-server/bin/d78a74bcdfad14d5d3b1b782f87255d802b57511/out/vs/workbench/api/node/extensionHostProcess.js:29:950)
	at no.fire (file:///root/.vscode-server/bin/d78a74bcdfad14d5d3b1b782f87255d802b57511/out/vs/workbench/api/node/extensionHostProcess.js:31:9399)
	at Im.A (file:///root/.vscode-server/bin/d78a74bcdfad14d5d3b1b782f87255d802b57511/out/vs/workbench/api/node/extensionHostProcess.js:31:12515)
	at gh.value (file:///root/.vscode-server/bin/d78a74bcdfad14d5d3b1b782f87255d802b57511/out/vs/workbench/api/node/extensionHostProcess.js:31:11916)
	at T.B (file:///root/.vscode-server/bin/d78a74bcdfad14d5d3b1b782f87255d802b57511/out/vs/workbench/api/node/extensionHostProcess.js:29:732)
	at T.fire (file:///root/.vscode-server/bin/d78a74bcdfad14d5d3b1b782f87255d802b57511/out/vs/workbench/api/node/extensionHostProcess.js:29:950)
	at m5.acceptChunk (file:///root/.vscode-server/bin/d78a74bcdfad14d5d3b1b782f87255d802b57511/out/vs/workbench/api/node/extensionHostProcess.js:31:7880)
	at gh.value (file:///root/.vscode-server/bin/d78a74bcdfad14d5d3b1b782f87255d802b57511/out/vs/workbench/api/node/extensionHostProcess.js:31:7166)
	at T.B (file:///root/.vscode-server/bin/d78a74bcdfad14d5d3b1b782f87255d802b57511/out/vs/workbench/api/node/extensionHostProcess.js:29:732)
	at T.fire (file:///root/.vscode-server/bin/d78a74bcdfad14d5d3b1b782f87255d802b57511/out/vs/workbench/api/node/extensionHostProcess.js:29:950)
	at _2.z (file:///root/.vscode-server/bin/d78a74bcdfad14d5d3b1b782f87255d802b57511/out/vs/workbench/api/node/extensionHostProcess.js:31:21892)
	at _2.acceptFrame (file:///root/.vscode-server/bin/d78a74bcdfad14d5d3b1b782f87255d802b57511/out/vs/workbench/api/node/extensionHostProcess.js:31:21698)
	at z2.n (file:///root/.vscode-server/bin/d78a74bcdfad14d5d3b1b782f87255d802b57511/out/vs/workbench/api/node/extensionHostProcess.js:31:20224)
	at file:///root/.vscode-server/bin/d78a74bcdfad14d5d3b1b782f87255d802b57511/out/vs/workbench/api/node/extensionHostProcess.js:31:17454
	at Socket.t (file:///root/.vscode-server/bin/d78a74bcdfad14d5d3b1b782f87255d802b57511/out/vs/workbench/api/node/extensionHostProcess.js:31:15393)
	at Socket.emit (node:events:519:28)
	at addChunk (node:internal/streams/readable:559:12)
	at readableAddChunkPushByteMode (node:internal/streams/readable:510:3)
	at Readable.push (node:internal/streams/readable:390:5)
	at TCP.onStreamRead (node:internal/stream_base_commons:191:23) setContext undefined
2024-10-05 14:42:51.296 [error] Canceled: Canceled
	at new eA (file:///root/.vscode-server/bin/d78a74bcdfad14d5d3b1b782f87255d802b57511/out/vs/workbench/api/node/extensionHostProcess.js:31:151177)
	at Zb.U (file:///root/.vscode-server/bin/d78a74bcdfad14d5d3b1b782f87255d802b57511/out/vs/workbench/api/node/extensionHostProcess.js:31:155789)
	at s.<computed>.n.charCodeAt.s.<computed> (file:///root/.vscode-server/bin/d78a74bcdfad14d5d3b1b782f87255d802b57511/out/vs/workbench/api/node/extensionHostProcess.js:31:153283)
	at T0.g (file:///root/.vscode-server/bin/d78a74bcdfad14d5d3b1b782f87255d802b57511/out/vs/workbench/api/node/extensionHostProcess.js:114:32325)
	at T0.executeCommand (file:///root/.vscode-server/bin/d78a74bcdfad14d5d3b1b782f87255d802b57511/out/vs/workbench/api/node/extensionHostProcess.js:114:31826)
	at r.registerCommand.description (file:///root/.vscode-server/bin/d78a74bcdfad14d5d3b1b782f87255d802b57511/out/vs/workbench/api/node/extensionHostProcess.js:114:31156)
	at T0.h (file:///root/.vscode-server/bin/d78a74bcdfad14d5d3b1b782f87255d802b57511/out/vs/workbench/api/node/extensionHostProcess.js:114:32845)
	at T0.g (file:///root/.vscode-server/bin/d78a74bcdfad14d5d3b1b782f87255d802b57511/out/vs/workbench/api/node/extensionHostProcess.js:114:31919)
	at T0.executeCommand (file:///root/.vscode-server/bin/d78a74bcdfad14d5d3b1b782f87255d802b57511/out/vs/workbench/api/node/extensionHostProcess.js:114:31826)
	at Object.executeCommand (file:///root/.vscode-server/bin/d78a74bcdfad14d5d3b1b782f87255d802b57511/out/vs/workbench/api/node/extensionHostProcess.js:156:37049)
	at gh.O [as value] (/root/.vscode-server/bin/d78a74bcdfad14d5d3b1b782f87255d802b57511/extensions/git/dist/main.js:2:953034)
	at T.B (file:///root/.vscode-server/bin/d78a74bcdfad14d5d3b1b782f87255d802b57511/out/vs/workbench/api/node/extensionHostProcess.js:29:732)
	at T.C (file:///root/.vscode-server/bin/d78a74bcdfad14d5d3b1b782f87255d802b57511/out/vs/workbench/api/node/extensionHostProcess.js:29:802)
	at T.fire (file:///root/.vscode-server/bin/d78a74bcdfad14d5d3b1b782f87255d802b57511/out/vs/workbench/api/node/extensionHostProcess.js:29:1019)
	at Object.p [as dispose] (/root/.vscode-server/bin/d78a74bcdfad14d5d3b1b782f87255d802b57511/extensions/git/dist/main.js:2:973612)
	at /root/.vscode-server/bin/d78a74bcdfad14d5d3b1b782f87255d802b57511/extensions/git/dist/main.js:2:979734
	at Array.forEach (<anonymous>)
	at f.dispose (/root/.vscode-server/bin/d78a74bcdfad14d5d3b1b782f87255d802b57511/extensions/git/dist/main.js:2:979720)
	at D1.<anonymous> (file:///root/.vscode-server/bin/d78a74bcdfad14d5d3b1b782f87255d802b57511/out/vs/workbench/api/node/extensionHostProcess.js:108:19996)
	at D1.dispose (file:///root/.vscode-server/bin/d78a74bcdfad14d5d3b1b782f87255d802b57511/out/vs/workbench/api/node/extensionHostProcess.js:108:20092)
	at D1.<anonymous> (/root/.vscode-server/bin/d78a74bcdfad14d5d3b1b782f87255d802b57511/extensions/git/dist/main.js:2:955332)
	at D1.dispose (file:///root/.vscode-server/bin/d78a74bcdfad14d5d3b1b782f87255d802b57511/out/vs/workbench/api/node/extensionHostProcess.js:108:20092)
	at Si (file:///root/.vscode-server/bin/d78a74bcdfad14d5d3b1b782f87255d802b57511/out/vs/workbench/api/node/extensionHostProcess.js:24:701)
	at file:///root/.vscode-server/bin/d78a74bcdfad14d5d3b1b782f87255d802b57511/out/vs/workbench/api/node/extensionHostProcess.js:118:14995
	at file:///root/.vscode-server/bin/d78a74bcdfad14d5d3b1b782f87255d802b57511/out/vs/workbench/api/node/extensionHostProcess.js:24:1011
	at Object.dispose (file:///root/.vscode-server/bin/d78a74bcdfad14d5d3b1b782f87255d802b57511/out/vs/workbench/api/node/extensionHostProcess.js:7:2146)
	at hB.eb (file:///root/.vscode-server/bin/d78a74bcdfad14d5d3b1b782f87255d802b57511/out/vs/workbench/api/node/extensionHostProcess.js:118:11922)
	at file:///root/.vscode-server/bin/d78a74bcdfad14d5d3b1b782f87255d802b57511/out/vs/workbench/api/node/extensionHostProcess.js:118:9877
	at Array.map (<anonymous>)
	at hB.$ (file:///root/.vscode-server/bin/d78a74bcdfad14d5d3b1b782f87255d802b57511/out/vs/workbench/api/node/extensionHostProcess.js:118:9865)
	at hB.terminate (file:///root/.vscode-server/bin/d78a74bcdfad14d5d3b1b782f87255d802b57511/out/vs/workbench/api/node/extensionHostProcess.js:118:10108)
	at M3.terminate (file:///root/.vscode-server/bin/d78a74bcdfad14d5d3b1b782f87255d802b57511/out/vs/workbench/api/node/extensionHostProcess.js:119:1424)
	at ps (file:///root/.vscode-server/bin/d78a74bcdfad14d5d3b1b782f87255d802b57511/out/vs/workbench/api/node/extensionHostProcess.js:174:15058)
	at gh.value (file:///root/.vscode-server/bin/d78a74bcdfad14d5d3b1b782f87255d802b57511/out/vs/workbench/api/node/extensionHostProcess.js:174:13218)
	at T.B (file:///root/.vscode-server/bin/d78a74bcdfad14d5d3b1b782f87255d802b57511/out/vs/workbench/api/node/extensionHostProcess.js:29:732)
	at T.fire (file:///root/.vscode-server/bin/d78a74bcdfad14d5d3b1b782f87255d802b57511/out/vs/workbench/api/node/extensionHostProcess.js:29:950)
	at no.fire (file:///root/.vscode-server/bin/d78a74bcdfad14d5d3b1b782f87255d802b57511/out/vs/workbench/api/node/extensionHostProcess.js:31:9399)
	at Im.A (file:///root/.vscode-server/bin/d78a74bcdfad14d5d3b1b782f87255d802b57511/out/vs/workbench/api/node/extensionHostProcess.js:31:12515)
	at gh.value (file:///root/.vscode-server/bin/d78a74bcdfad14d5d3b1b782f87255d802b57511/out/vs/workbench/api/node/extensionHostProcess.js:31:11916)
	at T.B (file:///root/.vscode-server/bin/d78a74bcdfad14d5d3b1b782f87255d802b57511/out/vs/workbench/api/node/extensionHostProcess.js:29:732)
	at T.fire (file:///root/.vscode-server/bin/d78a74bcdfad14d5d3b1b782f87255d802b57511/out/vs/workbench/api/node/extensionHostProcess.js:29:950)
	at m5.acceptChunk (file:///root/.vscode-server/bin/d78a74bcdfad14d5d3b1b782f87255d802b57511/out/vs/workbench/api/node/extensionHostProcess.js:31:7880)
	at gh.value (file:///root/.vscode-server/bin/d78a74bcdfad14d5d3b1b782f87255d802b57511/out/vs/workbench/api/node/extensionHostProcess.js:31:7166)
	at T.B (file:///root/.vscode-server/bin/d78a74bcdfad14d5d3b1b782f87255d802b57511/out/vs/workbench/api/node/extensionHostProcess.js:29:732)
	at T.fire (file:///root/.vscode-server/bin/d78a74bcdfad14d5d3b1b782f87255d802b57511/out/vs/workbench/api/node/extensionHostProcess.js:29:950)
	at _2.z (file:///root/.vscode-server/bin/d78a74bcdfad14d5d3b1b782f87255d802b57511/out/vs/workbench/api/node/extensionHostProcess.js:31:21892)
	at _2.acceptFrame (file:///root/.vscode-server/bin/d78a74bcdfad14d5d3b1b782f87255d802b57511/out/vs/workbench/api/node/extensionHostProcess.js:31:21698)
	at z2.n (file:///root/.vscode-server/bin/d78a74bcdfad14d5d3b1b782f87255d802b57511/out/vs/workbench/api/node/extensionHostProcess.js:31:20224)
	at file:///root/.vscode-server/bin/d78a74bcdfad14d5d3b1b782f87255d802b57511/out/vs/workbench/api/node/extensionHostProcess.js:31:17454
	at Socket.t (file:///root/.vscode-server/bin/d78a74bcdfad14d5d3b1b782f87255d802b57511/out/vs/workbench/api/node/extensionHostProcess.js:31:15393)
	at Socket.emit (node:events:519:28)
	at addChunk (node:internal/streams/readable:559:12)
	at readableAddChunkPushByteMode (node:internal/streams/readable:510:3)
	at Readable.push (node:internal/streams/readable:390:5)
	at TCP.onStreamRead (node:internal/stream_base_commons:191:23) setContext undefined
2024-10-05 14:42:51.296 [error] Canceled: Canceled
	at new eA (file:///root/.vscode-server/bin/d78a74bcdfad14d5d3b1b782f87255d802b57511/out/vs/workbench/api/node/extensionHostProcess.js:31:151177)
	at Zb.U (file:///root/.vscode-server/bin/d78a74bcdfad14d5d3b1b782f87255d802b57511/out/vs/workbench/api/node/extensionHostProcess.js:31:155789)
	at s.<computed>.n.charCodeAt.s.<computed> (file:///root/.vscode-server/bin/d78a74bcdfad14d5d3b1b782f87255d802b57511/out/vs/workbench/api/node/extensionHostProcess.js:31:153283)
	at T0.g (file:///root/.vscode-server/bin/d78a74bcdfad14d5d3b1b782f87255d802b57511/out/vs/workbench/api/node/extensionHostProcess.js:114:32325)
	at T0.executeCommand (file:///root/.vscode-server/bin/d78a74bcdfad14d5d3b1b782f87255d802b57511/out/vs/workbench/api/node/extensionHostProcess.js:114:31826)
	at r.registerCommand.description (file:///root/.vscode-server/bin/d78a74bcdfad14d5d3b1b782f87255d802b57511/out/vs/workbench/api/node/extensionHostProcess.js:114:31156)
	at T0.h (file:///root/.vscode-server/bin/d78a74bcdfad14d5d3b1b782f87255d802b57511/out/vs/workbench/api/node/extensionHostProcess.js:114:32845)
	at T0.g (file:///root/.vscode-server/bin/d78a74bcdfad14d5d3b1b782f87255d802b57511/out/vs/workbench/api/node/extensionHostProcess.js:114:31919)
	at T0.executeCommand (file:///root/.vscode-server/bin/d78a74bcdfad14d5d3b1b782f87255d802b57511/out/vs/workbench/api/node/extensionHostProcess.js:114:31826)
	at Object.executeCommand (file:///root/.vscode-server/bin/d78a74bcdfad14d5d3b1b782f87255d802b57511/out/vs/workbench/api/node/extensionHostProcess.js:156:37049)
	at gh.O [as value] (/root/.vscode-server/bin/d78a74bcdfad14d5d3b1b782f87255d802b57511/extensions/git/dist/main.js:2:953034)
	at T.B (file:///root/.vscode-server/bin/d78a74bcdfad14d5d3b1b782f87255d802b57511/out/vs/workbench/api/node/extensionHostProcess.js:29:732)
	at T.C (file:///root/.vscode-server/bin/d78a74bcdfad14d5d3b1b782f87255d802b57511/out/vs/workbench/api/node/extensionHostProcess.js:29:802)
	at T.fire (file:///root/.vscode-server/bin/d78a74bcdfad14d5d3b1b782f87255d802b57511/out/vs/workbench/api/node/extensionHostProcess.js:29:1019)
	at Object.p [as dispose] (/root/.vscode-server/bin/d78a74bcdfad14d5d3b1b782f87255d802b57511/extensions/git/dist/main.js:2:973612)
	at /root/.vscode-server/bin/d78a74bcdfad14d5d3b1b782f87255d802b57511/extensions/git/dist/main.js:2:979734
	at Array.forEach (<anonymous>)
	at f.dispose (/root/.vscode-server/bin/d78a74bcdfad14d5d3b1b782f87255d802b57511/extensions/git/dist/main.js:2:979720)
	at D1.<anonymous> (file:///root/.vscode-server/bin/d78a74bcdfad14d5d3b1b782f87255d802b57511/out/vs/workbench/api/node/extensionHostProcess.js:108:19996)
	at D1.dispose (file:///root/.vscode-server/bin/d78a74bcdfad14d5d3b1b782f87255d802b57511/out/vs/workbench/api/node/extensionHostProcess.js:108:20092)
	at D1.<anonymous> (/root/.vscode-server/bin/d78a74bcdfad14d5d3b1b782f87255d802b57511/extensions/git/dist/main.js:2:955332)
	at D1.dispose (file:///root/.vscode-server/bin/d78a74bcdfad14d5d3b1b782f87255d802b57511/out/vs/workbench/api/node/extensionHostProcess.js:108:20092)
	at Si (file:///root/.vscode-server/bin/d78a74bcdfad14d5d3b1b782f87255d802b57511/out/vs/workbench/api/node/extensionHostProcess.js:24:701)
	at file:///root/.vscode-server/bin/d78a74bcdfad14d5d3b1b782f87255d802b57511/out/vs/workbench/api/node/extensionHostProcess.js:118:14995
	at file:///root/.vscode-server/bin/d78a74bcdfad14d5d3b1b782f87255d802b57511/out/vs/workbench/api/node/extensionHostProcess.js:24:1011
	at Object.dispose (file:///root/.vscode-server/bin/d78a74bcdfad14d5d3b1b782f87255d802b57511/out/vs/workbench/api/node/extensionHostProcess.js:7:2146)
	at hB.eb (file:///root/.vscode-server/bin/d78a74bcdfad14d5d3b1b782f87255d802b57511/out/vs/workbench/api/node/extensionHostProcess.js:118:11922)
	at file:///root/.vscode-server/bin/d78a74bcdfad14d5d3b1b782f87255d802b57511/out/vs/workbench/api/node/extensionHostProcess.js:118:9877
	at Array.map (<anonymous>)
	at hB.$ (file:///root/.vscode-server/bin/d78a74bcdfad14d5d3b1b782f87255d802b57511/out/vs/workbench/api/node/extensionHostProcess.js:118:9865)
	at hB.terminate (file:///root/.vscode-server/bin/d78a74bcdfad14d5d3b1b782f87255d802b57511/out/vs/workbench/api/node/extensionHostProcess.js:118:10108)
	at M3.terminate (file:///root/.vscode-server/bin/d78a74bcdfad14d5d3b1b782f87255d802b57511/out/vs/workbench/api/node/extensionHostProcess.js:119:1424)
	at ps (file:///root/.vscode-server/bin/d78a74bcdfad14d5d3b1b782f87255d802b57511/out/vs/workbench/api/node/extensionHostProcess.js:174:15058)
	at gh.value (file:///root/.vscode-server/bin/d78a74bcdfad14d5d3b1b782f87255d802b57511/out/vs/workbench/api/node/extensionHostProcess.js:174:13218)
	at T.B (file:///root/.vscode-server/bin/d78a74bcdfad14d5d3b1b782f87255d802b57511/out/vs/workbench/api/node/extensionHostProcess.js:29:732)
	at T.fire (file:///root/.vscode-server/bin/d78a74bcdfad14d5d3b1b782f87255d802b57511/out/vs/workbench/api/node/extensionHostProcess.js:29:950)
	at no.fire (file:///root/.vscode-server/bin/d78a74bcdfad14d5d3b1b782f87255d802b57511/out/vs/workbench/api/node/extensionHostProcess.js:31:9399)
	at Im.A (file:///root/.vscode-server/bin/d78a74bcdfad14d5d3b1b782f87255d802b57511/out/vs/workbench/api/node/extensionHostProcess.js:31:12515)
	at gh.value (file:///root/.vscode-server/bin/d78a74bcdfad14d5d3b1b782f87255d802b57511/out/vs/workbench/api/node/extensionHostProcess.js:31:11916)
	at T.B (file:///root/.vscode-server/bin/d78a74bcdfad14d5d3b1b782f87255d802b57511/out/vs/workbench/api/node/extensionHostProcess.js:29:732)
	at T.fire (file:///root/.vscode-server/bin/d78a74bcdfad14d5d3b1b782f87255d802b57511/out/vs/workbench/api/node/extensionHostProcess.js:29:950)
	at m5.acceptChunk (file:///root/.vscode-server/bin/d78a74bcdfad14d5d3b1b782f87255d802b57511/out/vs/workbench/api/node/extensionHostProcess.js:31:7880)
	at gh.value (file:///root/.vscode-server/bin/d78a74bcdfad14d5d3b1b782f87255d802b57511/out/vs/workbench/api/node/extensionHostProcess.js:31:7166)
	at T.B (file:///root/.vscode-server/bin/d78a74bcdfad14d5d3b1b782f87255d802b57511/out/vs/workbench/api/node/extensionHostProcess.js:29:732)
	at T.fire (file:///root/.vscode-server/bin/d78a74bcdfad14d5d3b1b782f87255d802b57511/out/vs/workbench/api/node/extensionHostProcess.js:29:950)
	at _2.z (file:///root/.vscode-server/bin/d78a74bcdfad14d5d3b1b782f87255d802b57511/out/vs/workbench/api/node/extensionHostProcess.js:31:21892)
	at _2.acceptFrame (file:///root/.vscode-server/bin/d78a74bcdfad14d5d3b1b782f87255d802b57511/out/vs/workbench/api/node/extensionHostProcess.js:31:21698)
	at z2.n (file:///root/.vscode-server/bin/d78a74bcdfad14d5d3b1b782f87255d802b57511/out/vs/workbench/api/node/extensionHostProcess.js:31:20224)
	at file:///root/.vscode-server/bin/d78a74bcdfad14d5d3b1b782f87255d802b57511/out/vs/workbench/api/node/extensionHostProcess.js:31:17454
	at Socket.t (file:///root/.vscode-server/bin/d78a74bcdfad14d5d3b1b782f87255d802b57511/out/vs/workbench/api/node/extensionHostProcess.js:31:15393)
	at Socket.emit (node:events:519:28)
	at addChunk (node:internal/streams/readable:559:12)
	at readableAddChunkPushByteMode (node:internal/streams/readable:510:3)
	at Readable.push (node:internal/streams/readable:390:5)
	at TCP.onStreamRead (node:internal/stream_base_commons:191:23) setContext undefined
2024-10-05 14:42:51.298 [error] Canceled: Canceled
	at new eA (file:///root/.vscode-server/bin/d78a74bcdfad14d5d3b1b782f87255d802b57511/out/vs/workbench/api/node/extensionHostProcess.js:31:151177)
	at Zb.U (file:///root/.vscode-server/bin/d78a74bcdfad14d5d3b1b782f87255d802b57511/out/vs/workbench/api/node/extensionHostProcess.js:31:155789)
	at s.<computed>.n.charCodeAt.s.<computed> (file:///root/.vscode-server/bin/d78a74bcdfad14d5d3b1b782f87255d802b57511/out/vs/workbench/api/node/extensionHostProcess.js:31:153283)
	at T0.g (file:///root/.vscode-server/bin/d78a74bcdfad14d5d3b1b782f87255d802b57511/out/vs/workbench/api/node/extensionHostProcess.js:114:32325)
	at T0.executeCommand (file:///root/.vscode-server/bin/d78a74bcdfad14d5d3b1b782f87255d802b57511/out/vs/workbench/api/node/extensionHostProcess.js:114:31826)
	at r.registerCommand.description (file:///root/.vscode-server/bin/d78a74bcdfad14d5d3b1b782f87255d802b57511/out/vs/workbench/api/node/extensionHostProcess.js:114:31156)
	at T0.h (file:///root/.vscode-server/bin/d78a74bcdfad14d5d3b1b782f87255d802b57511/out/vs/workbench/api/node/extensionHostProcess.js:114:32845)
	at T0.g (file:///root/.vscode-server/bin/d78a74bcdfad14d5d3b1b782f87255d802b57511/out/vs/workbench/api/node/extensionHostProcess.js:114:31919)
	at T0.executeCommand (file:///root/.vscode-server/bin/d78a74bcdfad14d5d3b1b782f87255d802b57511/out/vs/workbench/api/node/extensionHostProcess.js:114:31826)
	at Object.executeCommand (file:///root/.vscode-server/bin/d78a74bcdfad14d5d3b1b782f87255d802b57511/out/vs/workbench/api/node/extensionHostProcess.js:156:37049)
	at set hasGitHubRepositories [as hasGitHubRepositories] (/root/.vscode-server/bin/d78a74bcdfad14d5d3b1b782f87255d802b57511/extensions/github/dist/extension.js:2:321578)
	at /root/.vscode-server/bin/d78a74bcdfad14d5d3b1b782f87255d802b57511/extensions/github/dist/extension.js:2:322537
	at gh.value (/root/.vscode-server/bin/d78a74bcdfad14d5d3b1b782f87255d802b57511/extensions/git/dist/main.js:2:1061875)
	at T.B (file:///root/.vscode-server/bin/d78a74bcdfad14d5d3b1b782f87255d802b57511/out/vs/workbench/api/node/extensionHostProcess.js:29:732)
	at T.C (file:///root/.vscode-server/bin/d78a74bcdfad14d5d3b1b782f87255d802b57511/out/vs/workbench/api/node/extensionHostProcess.js:29:802)
	at T.fire (file:///root/.vscode-server/bin/d78a74bcdfad14d5d3b1b782f87255d802b57511/out/vs/workbench/api/node/extensionHostProcess.js:29:1019)
	at Object.p [as dispose] (/root/.vscode-server/bin/d78a74bcdfad14d5d3b1b782f87255d802b57511/extensions/git/dist/main.js:2:973612)
	at /root/.vscode-server/bin/d78a74bcdfad14d5d3b1b782f87255d802b57511/extensions/git/dist/main.js:2:979734
	at Array.forEach (<anonymous>)
	at f.dispose (/root/.vscode-server/bin/d78a74bcdfad14d5d3b1b782f87255d802b57511/extensions/git/dist/main.js:2:979720)
	at D1.<anonymous> (file:///root/.vscode-server/bin/d78a74bcdfad14d5d3b1b782f87255d802b57511/out/vs/workbench/api/node/extensionHostProcess.js:108:19996)
	at D1.dispose (file:///root/.vscode-server/bin/d78a74bcdfad14d5d3b1b782f87255d802b57511/out/vs/workbench/api/node/extensionHostProcess.js:108:20092)
	at D1.<anonymous> (/root/.vscode-server/bin/d78a74bcdfad14d5d3b1b782f87255d802b57511/extensions/git/dist/main.js:2:955332)
	at D1.dispose (file:///root/.vscode-server/bin/d78a74bcdfad14d5d3b1b782f87255d802b57511/out/vs/workbench/api/node/extensionHostProcess.js:108:20092)
	at Si (file:///root/.vscode-server/bin/d78a74bcdfad14d5d3b1b782f87255d802b57511/out/vs/workbench/api/node/extensionHostProcess.js:24:701)
	at file:///root/.vscode-server/bin/d78a74bcdfad14d5d3b1b782f87255d802b57511/out/vs/workbench/api/node/extensionHostProcess.js:118:14995
	at file:///root/.vscode-server/bin/d78a74bcdfad14d5d3b1b782f87255d802b57511/out/vs/workbench/api/node/extensionHostProcess.js:24:1011
	at Object.dispose (file:///root/.vscode-server/bin/d78a74bcdfad14d5d3b1b782f87255d802b57511/out/vs/workbench/api/node/extensionHostProcess.js:7:2146)
	at hB.eb (file:///root/.vscode-server/bin/d78a74bcdfad14d5d3b1b782f87255d802b57511/out/vs/workbench/api/node/extensionHostProcess.js:118:11922)
	at file:///root/.vscode-server/bin/d78a74bcdfad14d5d3b1b782f87255d802b57511/out/vs/workbench/api/node/extensionHostProcess.js:118:9877
	at Array.map (<anonymous>)
	at hB.$ (file:///root/.vscode-server/bin/d78a74bcdfad14d5d3b1b782f87255d802b57511/out/vs/workbench/api/node/extensionHostProcess.js:118:9865)
	at hB.terminate (file:///root/.vscode-server/bin/d78a74bcdfad14d5d3b1b782f87255d802b57511/out/vs/workbench/api/node/extensionHostProcess.js:118:10108)
	at M3.terminate (file:///root/.vscode-server/bin/d78a74bcdfad14d5d3b1b782f87255d802b57511/out/vs/workbench/api/node/extensionHostProcess.js:119:1424)
	at ps (file:///root/.vscode-server/bin/d78a74bcdfad14d5d3b1b782f87255d802b57511/out/vs/workbench/api/node/extensionHostProcess.js:174:15058)
	at gh.value (file:///root/.vscode-server/bin/d78a74bcdfad14d5d3b1b782f87255d802b57511/out/vs/workbench/api/node/extensionHostProcess.js:174:13218)
	at T.B (file:///root/.vscode-server/bin/d78a74bcdfad14d5d3b1b782f87255d802b57511/out/vs/workbench/api/node/extensionHostProcess.js:29:732)
	at T.fire (file:///root/.vscode-server/bin/d78a74bcdfad14d5d3b1b782f87255d802b57511/out/vs/workbench/api/node/extensionHostProcess.js:29:950)
	at no.fire (file:///root/.vscode-server/bin/d78a74bcdfad14d5d3b1b782f87255d802b57511/out/vs/workbench/api/node/extensionHostProcess.js:31:9399)
	at Im.A (file:///root/.vscode-server/bin/d78a74bcdfad14d5d3b1b782f87255d802b57511/out/vs/workbench/api/node/extensionHostProcess.js:31:12515)
	at gh.value (file:///root/.vscode-server/bin/d78a74bcdfad14d5d3b1b782f87255d802b57511/out/vs/workbench/api/node/extensionHostProcess.js:31:11916)
	at T.B (file:///root/.vscode-server/bin/d78a74bcdfad14d5d3b1b782f87255d802b57511/out/vs/workbench/api/node/extensionHostProcess.js:29:732)
	at T.fire (file:///root/.vscode-server/bin/d78a74bcdfad14d5d3b1b782f87255d802b57511/out/vs/workbench/api/node/extensionHostProcess.js:29:950)
	at m5.acceptChunk (file:///root/.vscode-server/bin/d78a74bcdfad14d5d3b1b782f87255d802b57511/out/vs/workbench/api/node/extensionHostProcess.js:31:7880)
	at gh.value (file:///root/.vscode-server/bin/d78a74bcdfad14d5d3b1b782f87255d802b57511/out/vs/workbench/api/node/extensionHostProcess.js:31:7166)
	at T.B (file:///root/.vscode-server/bin/d78a74bcdfad14d5d3b1b782f87255d802b57511/out/vs/workbench/api/node/extensionHostProcess.js:29:732)
	at T.fire (file:///root/.vscode-server/bin/d78a74bcdfad14d5d3b1b782f87255d802b57511/out/vs/workbench/api/node/extensionHostProcess.js:29:950)
	at _2.z (file:///root/.vscode-server/bin/d78a74bcdfad14d5d3b1b782f87255d802b57511/out/vs/workbench/api/node/extensionHostProcess.js:31:21892)
	at _2.acceptFrame (file:///root/.vscode-server/bin/d78a74bcdfad14d5d3b1b782f87255d802b57511/out/vs/workbench/api/node/extensionHostProcess.js:31:21698)
	at z2.n (file:///root/.vscode-server/bin/d78a74bcdfad14d5d3b1b782f87255d802b57511/out/vs/workbench/api/node/extensionHostProcess.js:31:20224)
	at file:///root/.vscode-server/bin/d78a74bcdfad14d5d3b1b782f87255d802b57511/out/vs/workbench/api/node/extensionHostProcess.js:31:17454
	at Socket.t (file:///root/.vscode-server/bin/d78a74bcdfad14d5d3b1b782f87255d802b57511/out/vs/workbench/api/node/extensionHostProcess.js:31:15393)
	at Socket.emit (node:events:519:28)
	at addChunk (node:internal/streams/readable:559:12)
	at readableAddChunkPushByteMode (node:internal/streams/readable:510:3)
	at Readable.push (node:internal/streams/readable:390:5)
	at TCP.onStreamRead (node:internal/stream_base_commons:191:23) setContext undefined
2024-10-05 14:42:51.307 [info] Extension host with pid 540 exiting with code 0
