2024-09-15 22:42:11.862 [info] [main] ログ レベル: Info
2024-09-15 22:42:11.862 [info] [main] Git の検証が検出されました: "git"
2024-09-15 22:42:11.862 [info] [main] "git" から Git "2.34.1" を使用しています
2024-09-15 22:42:11.862 [info] [Model][doInitialScan] Initial repository scan started
2024-09-15 22:42:11.862 [info] > git rev-parse --show-toplevel [12ms]
2024-09-15 22:42:11.886 [info] > git rev-parse --show-toplevel [5ms]
2024-09-15 22:42:11.904 [info] > git rev-parse --git-dir --git-common-dir [4ms]
2024-09-15 22:42:11.936 [info] [Model][openRepository] Opened repository: /root/repos/website
2024-09-15 22:42:11.956 [info] > git rev-parse --show-toplevel [7ms]
2024-09-15 22:42:11.957 [info] > git config --get commit.template [12ms]
2024-09-15 22:42:11.970 [info] > git rev-parse --show-toplevel [3ms]
2024-09-15 22:42:11.972 [info] > git for-each-ref --format=%(refname)%00%(upstream:short)%00%(objectname)%00%(upstream:track)%00%(upstream:remotename)%00%(upstream:remoteref) refs/heads/main refs/remotes/main [10ms]
2024-09-15 22:42:11.985 [info] > git rev-parse --show-toplevel [8ms]
2024-09-15 22:42:11.992 [info] > git status -z -uall [10ms]
2024-09-15 22:42:12.013 [info] > git rev-parse --git-dir --git-common-dir [24ms]
2024-09-15 22:42:12.021 [info] [Model][openRepository] Opened repository: /root/repos/sample_website
2024-09-15 22:42:12.031 [info] [Model][doInitialScan] Initial repository scan completed - repositories (2), closed repositories (0), parent repositories (1), unsafe repositories (0)
2024-09-15 22:42:12.047 [info] > git for-each-ref --format=%(refname)%00%(upstream:short)%00%(objectname)%00%(upstream:track)%00%(upstream:remotename)%00%(upstream:remoteref) refs/heads/main refs/remotes/main [48ms]
2024-09-15 22:42:12.061 [info] > git config --get commit.template [14ms]
2024-09-15 22:42:12.061 [info] > git config --get commit.template [21ms]
2024-09-15 22:42:12.070 [info] > git config --local branch.main.vscode-merge-base [17ms]
2024-09-15 22:42:12.070 [warning] [Git][config] git config failed: Failed to execute git
2024-09-15 22:42:12.094 [info] > git for-each-ref --format=%(refname)%00%(upstream:short)%00%(objectname)%00%(upstream:track)%00%(upstream:remotename)%00%(upstream:remoteref) refs/heads/main refs/remotes/main [9ms]
2024-09-15 22:42:12.103 [info] > git status -z -uall [3ms]
2024-09-15 22:42:12.104 [info] > git for-each-ref --format=%(refname)%00%(upstream:short)%00%(objectname)%00%(upstream:track)%00%(upstream:remotename)%00%(upstream:remoteref) refs/heads/main refs/remotes/main [15ms]
2024-09-15 22:42:12.127 [info] > git for-each-ref --format=%(refname)%00%(upstream:short)%00%(objectname)%00%(upstream:track)%00%(upstream:remotename)%00%(upstream:remoteref) refs/heads/main refs/remotes/main [13ms]
2024-09-15 22:42:12.131 [info] > git reflog main --grep-reflog=branch: Created from *. [54ms]
2024-09-15 22:42:12.137 [info] > git config --local branch.main.vscode-merge-base [5ms]
2024-09-15 22:42:12.137 [warning] [Git][config] git config failed: Failed to execute git
2024-09-15 22:42:12.144 [info] > git symbolic-ref --short refs/remotes/origin/HEAD [10ms]
2024-09-15 22:42:12.144 [info] fatal: ref refs/remotes/origin/HEAD is not a symbolic ref
2024-09-15 22:42:12.343 [info] > git status -z -uall [124ms]
2024-09-15 22:42:12.343 [info] > git reflog main --grep-reflog=branch: Created from *. [202ms]
2024-09-15 22:42:12.366 [info] > git merge-base refs/heads/main refs/remotes/origin/main [172ms]
2024-09-15 22:42:12.378 [info] > git for-each-ref --format=%(refname)%00%(upstream:short)%00%(objectname)%00%(upstream:track)%00%(upstream:remotename)%00%(upstream:remoteref) refs/heads/main refs/remotes/main [18ms]
2024-09-15 22:42:12.382 [info] > git symbolic-ref --short refs/remotes/origin/HEAD [36ms]
2024-09-15 22:42:12.382 [info] fatal: ref refs/remotes/origin/HEAD is not a symbolic ref
2024-09-15 22:42:12.531 [info] > git config --local branch.main.vscode-merge-base [149ms]
2024-09-15 22:42:12.531 [warning] [Git][config] git config failed: Failed to execute git
2024-09-15 22:42:12.534 [info] > git config --get commit.template [159ms]
2024-09-15 22:42:12.535 [info] > git rev-list --count --left-right refs/heads/main...refs/remotes/origin/main [164ms]
2024-09-15 22:42:12.550 [info] > git diff --name-status -z --diff-filter=ADMR 72dc4a4c8e486eb6c2a7dc79d5735c7b7256f412...refs/remotes/origin/main [12ms]
2024-09-15 22:42:12.551 [info] > git reflog main --grep-reflog=branch: Created from *. [17ms]
2024-09-15 22:42:12.563 [info] > git symbolic-ref --short refs/remotes/origin/HEAD [8ms]
2024-09-15 22:42:12.563 [info] fatal: ref refs/remotes/origin/HEAD is not a symbolic ref
2024-09-15 22:42:12.581 [info] > git check-ignore -v -z --stdin [9ms]
2024-09-15 22:42:12.582 [info] > git check-ignore -v -z --stdin [4ms]
2024-09-15 22:42:12.583 [info] > git merge-base refs/heads/main refs/remotes/origin/main [16ms]
2024-09-15 22:42:12.588 [info] > git for-each-ref --format=%(refname)%00%(upstream:short)%00%(objectname)%00%(upstream:track)%00%(upstream:remotename)%00%(upstream:remoteref) refs/heads/main refs/remotes/main [28ms]
2024-09-15 22:42:12.592 [info] > git rev-list --count --left-right refs/heads/main...refs/remotes/origin/main [5ms]
2024-09-15 22:42:12.633 [info] > git diff --name-status -z --diff-filter=ADMR 0fa58782567d39b78a79b05ba4215ba60fff69b9...refs/remotes/origin/main [35ms]
2024-09-15 22:42:12.636 [info] > git status -z -uall [5ms]
2024-09-15 22:42:12.649 [info] > git for-each-ref --format=%(refname)%00%(upstream:short)%00%(objectname)%00%(upstream:track)%00%(upstream:remotename)%00%(upstream:remoteref) refs/heads/main refs/remotes/main [6ms]
2024-09-15 22:42:12.659 [info] > git config --local branch.main.vscode-merge-base [5ms]
2024-09-15 22:42:12.660 [warning] [Git][config] git config failed: Failed to execute git
2024-09-15 22:42:12.686 [info] > git reflog main --grep-reflog=branch: Created from *. [21ms]
2024-09-15 22:42:12.694 [info] > git symbolic-ref --short refs/remotes/origin/HEAD [3ms]
2024-09-15 22:42:12.694 [info] fatal: ref refs/remotes/origin/HEAD is not a symbolic ref
2024-09-15 22:42:12.778 [info] > git show --textconv :README.md [5ms]
2024-09-15 22:42:12.780 [info] > git ls-files --stage -- /root/repos/website/README.md [3ms]
2024-09-15 22:42:12.786 [info] > git cat-file -s ffaadf8261ce84146d2ff8b3407171054b3c67b6 [2ms]
2024-09-15 22:42:43.147 [info] > git rev-parse --show-toplevel [8ms]
2024-09-15 22:42:50.960 [info] > git check-ignore -v -z --stdin [5ms]
2024-09-15 22:42:50.961 [info] > git check-ignore -v -z --stdin [2ms]
2024-09-15 22:42:54.366 [info] > git check-ignore -v -z --stdin [4ms]
2024-09-15 22:43:02.524 [info] > git check-ignore -v -z --stdin [9ms]
2024-09-15 22:43:30.491 [info] > git log --format=%H%n%aN%n%aE%n%at%n%ct%n%P%n%D%n%B -z -n120 --follow -- /root/repos/website/README.md [53ms]
2024-09-15 22:43:30.647 [info] > git log --format=%H%n%aN%n%aE%n%at%n%ct%n%P%n%D%n%B -z -n164 --follow -- /root/repos/sample_website/.git/COMMIT_EDITMSG [69ms]
2024-09-15 22:43:30.868 [info] > git show --textconv :.git/COMMIT_EDITMSG [6ms]
2024-09-15 22:43:30.870 [info] > git ls-files --stage -- /root/repos/sample_website/.git/COMMIT_EDITMSG [4ms]
2024-09-15 22:43:30.880 [info] > git check-ignore -v -z --stdin [3ms]
2024-09-15 22:43:33.826 [info] > git check-ignore -v -z --stdin [2ms]
2024-09-15 22:43:34.423 [info] > git check-ignore -v -z --stdin [1ms]
2024-09-15 22:43:39.225 [info] > git check-ignore -v -z --stdin [6ms]
2024-09-15 22:43:41.203 [info] > git check-ignore -v -z --stdin [3ms]
2024-09-15 22:44:17.245 [warning] [Git][getHEAD] Failed to parse HEAD file: ENOENT: no such file or directory, open '/root/repos/website/.git/HEAD'
2024-09-15 22:44:17.252 [warning] [Git][getRemotes] Error: ENOENT: no such file or directory, open '/root/repos/website/.git/config'
2024-09-15 22:44:17.261 [info] > git symbolic-ref --short HEAD [16ms]
2024-09-15 22:44:17.269 [info] > git config --get commit.template [9ms]
2024-09-15 22:44:17.269 [info] > git remote --verbose [18ms]
2024-09-15 22:44:17.271 [info] > git for-each-ref --format=%(refname)%00%(upstream:short)%00%(objectname)%00%(upstream:track)%00%(upstream:remotename)%00%(upstream:remoteref) refs/heads/main refs/remotes/main [4ms]
2024-09-15 22:44:17.670 [info] > git status -z -uall [393ms]
2024-09-15 22:44:18.534 [info] > git for-each-ref --format=%(refname)%00%(upstream:short)%00%(objectname)%00%(upstream:track)%00%(upstream:remotename)%00%(upstream:remoteref) refs/heads/main refs/remotes/main [838ms]
2024-09-15 22:44:18.563 [info] > git config --local branch.main.vscode-merge-base [23ms]
2024-09-15 22:44:18.564 [warning] [Git][config] git config failed: Failed to execute git
2024-09-15 22:44:18.600 [info] > git reflog main --grep-reflog=branch: Created from *. [29ms]
2024-09-15 22:44:18.616 [info] > git symbolic-ref --short refs/remotes/origin/HEAD [10ms]
2024-09-15 22:44:18.616 [info] fatal: ref refs/remotes/origin/HEAD is not a symbolic ref
2024-09-15 22:44:38.338 [info] > git log --format=%H%n%aN%n%aE%n%at%n%ct%n%P%n%D%n%B -z -n164 --follow -- /root/repos/website/about.html [498ms]
2024-09-15 22:44:38.362 [info] > git show --textconv :about.html [5ms]
2024-09-15 22:44:38.368 [info] > git ls-files --stage -- /root/repos/website/about.html [7ms]
2024-09-15 22:44:41.669 [info] > git log --format=%H%n%aN%n%aE%n%at%n%ct%n%P%n%D%n%B -z -n142 --follow -- /root/repos/website/baz [3ms]
2024-09-15 22:44:41.878 [info] > git show --textconv :baz [6ms]
2024-09-15 22:44:41.881 [info] > git ls-files --stage -- /root/repos/website/baz [4ms]
2024-09-15 22:44:42.368 [info] > git log --format=%H%n%aN%n%aE%n%at%n%ct%n%P%n%D%n%B -z -n142 --follow -- /root/repos/website/README.md [6ms]
2024-09-15 22:44:42.485 [info] > git show --textconv :README.md [7ms]
2024-09-15 22:44:42.488 [info] > git ls-files --stage -- /root/repos/website/README.md [6ms]
