2024-09-15 21:34:42.036 [info] [main] ログ レベル: Info
2024-09-15 21:34:42.036 [info] [main] Git の検証が検出されました: "git"
2024-09-15 21:34:42.036 [info] [main] "git" から Git "2.34.1" を使用しています
2024-09-15 21:34:42.036 [info] [Model][doInitialScan] Initial repository scan started
2024-09-15 21:34:42.036 [info] > git rev-parse --show-toplevel [15ms]
2024-09-15 21:34:42.036 [info] > git rev-parse --show-toplevel [4ms]
2024-09-15 21:34:42.036 [info] > git rev-parse --git-dir --git-common-dir [3ms]
2024-09-15 21:34:42.036 [info] [Model][openRepository] Opened repository: /root/repos/sample_website
2024-09-15 21:34:42.036 [info] > git rev-parse --show-toplevel [25ms]
2024-09-15 21:34:42.036 [info] > git config --get commit.template [35ms]
2024-09-15 21:34:42.038 [info] > git for-each-ref --format=%(refname)%00%(upstream:short)%00%(objectname)%00%(upstream:track)%00%(upstream:remotename)%00%(upstream:remoteref) refs/heads/main refs/remotes/main [24ms]
2024-09-15 21:34:42.040 [info] > git rev-parse --show-toplevel [7ms]
2024-09-15 21:34:42.068 [info] > git status -z -uall [11ms]
2024-09-15 21:34:42.068 [info] > git rev-parse --git-dir --git-common-dir [20ms]
2024-09-15 21:34:42.079 [info] [Model][openRepository] Opened repository: /root/repos/website
2024-09-15 21:34:42.090 [info] [Model][doInitialScan] Initial repository scan completed - repositories (2), closed repositories (0), parent repositories (1), unsafe repositories (0)
2024-09-15 21:34:42.348 [info] > git for-each-ref --format=%(refname)%00%(upstream:short)%00%(objectname)%00%(upstream:track)%00%(upstream:remotename)%00%(upstream:remoteref) refs/heads/main refs/remotes/main [182ms]
2024-09-15 21:34:42.356 [info] > git config --get commit.template [252ms]
2024-09-15 21:34:42.417 [info] > git config --local branch.main.vscode-merge-base [63ms]
2024-09-15 21:34:42.418 [warning] [Git][config] git config failed: Failed to execute git
2024-09-15 21:34:42.427 [info] > git config --get commit.template [94ms]
2024-09-15 21:34:42.466 [info] > git reflog main --grep-reflog=branch: Created from *. [41ms]
2024-09-15 21:34:42.472 [info] > git for-each-ref --format=%(refname)%00%(upstream:short)%00%(objectname)%00%(upstream:track)%00%(upstream:remotename)%00%(upstream:remoteref) refs/heads/main refs/remotes/main [14ms]
2024-09-15 21:34:42.473 [info] > git for-each-ref --format=%(refname)%00%(upstream:short)%00%(objectname)%00%(upstream:track)%00%(upstream:remotename)%00%(upstream:remoteref) refs/heads/main refs/remotes/main [30ms]
2024-09-15 21:34:42.476 [info] > git symbolic-ref --short refs/remotes/origin/HEAD [4ms]
2024-09-15 21:34:42.476 [info] fatal: ref refs/remotes/origin/HEAD is not a symbolic ref
2024-09-15 21:34:42.491 [info] > git merge-base refs/heads/main refs/remotes/origin/main [5ms]
2024-09-15 21:34:42.525 [info] > git check-ignore -v -z --stdin [15ms]
2024-09-15 21:34:42.530 [info] > git status -z -uall [14ms]
2024-09-15 21:34:42.530 [info] > git status -z -uall [9ms]
2024-09-15 21:34:42.541 [info] > git rev-list --count --left-right refs/heads/main...refs/remotes/origin/main [42ms]
2024-09-15 21:34:42.625 [info] > git for-each-ref --format=%(refname)%00%(upstream:short)%00%(objectname)%00%(upstream:track)%00%(upstream:remotename)%00%(upstream:remoteref) refs/heads/main refs/remotes/main [20ms]
2024-09-15 21:34:42.632 [info] > git for-each-ref --format=%(refname)%00%(upstream:short)%00%(objectname)%00%(upstream:track)%00%(upstream:remotename)%00%(upstream:remoteref) refs/heads/main refs/remotes/main [58ms]
2024-09-15 21:34:42.641 [info] > git diff --name-status -z --diff-filter=ADMR 0fa58782567d39b78a79b05ba4215ba60fff69b9...refs/remotes/origin/main [89ms]
2024-09-15 21:34:42.650 [info] > git config --local branch.main.vscode-merge-base [10ms]
2024-09-15 21:34:42.651 [warning] [Git][config] git config failed: Failed to execute git
2024-09-15 21:34:42.656 [info] > git config --local branch.main.vscode-merge-base [24ms]
2024-09-15 21:34:42.656 [warning] [Git][config] git config failed: Failed to execute git
2024-09-15 21:34:42.661 [info] > git config --get commit.template [43ms]
2024-09-15 21:34:42.676 [info] > git reflog main --grep-reflog=branch: Created from *. [16ms]
2024-09-15 21:34:42.688 [info] > git for-each-ref --format=%(refname)%00%(upstream:short)%00%(objectname)%00%(upstream:track)%00%(upstream:remotename)%00%(upstream:remoteref) refs/heads/main refs/remotes/main [17ms]
2024-09-15 21:34:42.690 [info] > git symbolic-ref --short refs/remotes/origin/HEAD [7ms]
2024-09-15 21:34:42.690 [info] fatal: ref refs/remotes/origin/HEAD is not a symbolic ref
2024-09-15 21:34:42.710 [info] > git status -z -uall [4ms]
2024-09-15 21:34:42.727 [info] > git reflog main --grep-reflog=branch: Created from *. [71ms]
2024-09-15 21:34:42.747 [info] > git for-each-ref --format=%(refname)%00%(upstream:short)%00%(objectname)%00%(upstream:track)%00%(upstream:remotename)%00%(upstream:remoteref) refs/heads/main refs/remotes/main [24ms]
2024-09-15 21:34:42.757 [info] > git config --local branch.main.vscode-merge-base [4ms]
2024-09-15 21:34:42.758 [warning] [Git][config] git config failed: Failed to execute git
2024-09-15 21:34:42.766 [info] > git symbolic-ref --short refs/remotes/origin/HEAD [34ms]
2024-09-15 21:34:42.766 [info] fatal: ref refs/remotes/origin/HEAD is not a symbolic ref
2024-09-15 21:34:42.773 [info] > git reflog main --grep-reflog=branch: Created from *. [8ms]
2024-09-15 21:34:42.780 [info] > git merge-base refs/heads/main refs/remotes/origin/main [8ms]
2024-09-15 21:34:42.786 [info] > git symbolic-ref --short refs/remotes/origin/HEAD [9ms]
2024-09-15 21:34:42.787 [info] fatal: ref refs/remotes/origin/HEAD is not a symbolic ref
2024-09-15 21:34:43.414 [info] > git rev-list --count --left-right refs/heads/main...refs/remotes/origin/main [630ms]
2024-09-15 21:34:43.425 [info] > git diff --name-status -z --diff-filter=ADMR 72dc4a4c8e486eb6c2a7dc79d5735c7b7256f412...refs/remotes/origin/main [6ms]
2024-09-15 21:34:44.177 [info] > git show --textconv :tags.html [7ms]
2024-09-15 21:34:44.180 [info] > git ls-files --stage -- /root/repos/sample_website/tags.html [4ms]
2024-09-15 21:34:44.186 [info] > git cat-file -s 7758b3c92a05e48b0548606f0b92fea5175d3ef2 [2ms]
2024-09-15 21:35:51.232 [info] > git show --textconv :tags.html [6ms]
2024-09-15 21:35:51.233 [info] > git ls-files --stage -- /root/repos/sample_website/tags.html [2ms]
2024-09-15 21:35:51.239 [info] > git cat-file -s 7758b3c92a05e48b0548606f0b92fea5175d3ef2 [3ms]
2024-09-15 21:35:52.519 [info] > git show --textconv :tags.html [4ms]
2024-09-15 21:35:52.520 [info] > git ls-files --stage -- /root/repos/sample_website/tags.html [2ms]
2024-09-15 21:35:52.525 [info] > git cat-file -s 7758b3c92a05e48b0548606f0b92fea5175d3ef2 [2ms]
2024-09-15 21:43:25.566 [info] > git show --textconv :tags.html [11ms]
2024-09-15 21:43:25.568 [info] > git ls-files --stage -- /root/repos/sample_website/tags.html [6ms]
2024-09-15 21:43:25.575 [info] > git cat-file -s 7758b3c92a05e48b0548606f0b92fea5175d3ef2 [3ms]
2024-09-15 21:45:34.705 [info] > git show --textconv :index.html [5ms]
2024-09-15 21:45:34.706 [info] > git ls-files --stage -- /root/repos/sample_website/index.html [3ms]
2024-09-15 21:45:34.711 [info] > git cat-file -s 168ac07acd562cc41e862eb9af4926c331e7f21c [2ms]
2024-09-15 21:45:35.237 [info] > git show --textconv :tags.html [4ms]
2024-09-15 21:45:35.238 [info] > git ls-files --stage -- /root/repos/sample_website/tags.html [2ms]
2024-09-15 21:45:35.243 [info] > git cat-file -s 7758b3c92a05e48b0548606f0b92fea5175d3ef2 [2ms]
2024-09-15 21:45:56.113 [info] > git show --textconv :tags.html [4ms]
2024-09-15 21:45:56.115 [info] > git ls-files --stage -- /root/repos/sample_website/tags.html [2ms]
2024-09-15 21:45:56.119 [info] > git cat-file -s 7758b3c92a05e48b0548606f0b92fea5175d3ef2 [2ms]
2024-09-15 21:46:06.380 [info] > git show --textconv :tags.html [5ms]
2024-09-15 21:46:06.381 [info] > git ls-files --stage -- /root/repos/sample_website/tags.html [3ms]
2024-09-15 21:46:06.385 [info] > git cat-file -s 7758b3c92a05e48b0548606f0b92fea5175d3ef2 [1ms]
2024-09-15 21:48:11.554 [info] > git show --textconv :tags.html [13ms]
2024-09-15 21:48:11.567 [info] > git ls-files --stage -- /root/repos/sample_website/tags.html [18ms]
2024-09-15 21:48:11.585 [info] > git cat-file -s 7758b3c92a05e48b0548606f0b92fea5175d3ef2 [3ms]
2024-09-15 21:48:33.852 [info] > git show --textconv :tags.html [5ms]
2024-09-15 21:48:33.853 [info] > git ls-files --stage -- /root/repos/sample_website/tags.html [2ms]
2024-09-15 21:48:33.859 [info] > git cat-file -s 7758b3c92a05e48b0548606f0b92fea5175d3ef2 [1ms]
2024-09-15 21:49:00.147 [info] > git show --textconv :tags.html [5ms]
2024-09-15 21:49:00.148 [info] > git ls-files --stage -- /root/repos/sample_website/tags.html [2ms]
2024-09-15 21:49:00.153 [info] > git cat-file -s 7758b3c92a05e48b0548606f0b92fea5175d3ef2 [2ms]
2024-09-15 21:49:29.231 [info] > git config --get commit.template [5ms]
2024-09-15 21:49:29.231 [info] > git for-each-ref --format=%(refname)%00%(upstream:short)%00%(objectname)%00%(upstream:track)%00%(upstream:remotename)%00%(upstream:remoteref) refs/heads/main refs/remotes/main [2ms]
2024-09-15 21:49:29.238 [info] > git status -z -uall [2ms]
2024-09-15 21:49:29.249 [info] > git for-each-ref --format=%(refname)%00%(upstream:short)%00%(objectname)%00%(upstream:track)%00%(upstream:remotename)%00%(upstream:remoteref) refs/heads/main refs/remotes/main [4ms]
2024-09-15 21:49:29.257 [info] > git config --local branch.main.vscode-merge-base [2ms]
2024-09-15 21:49:29.257 [warning] [Git][config] git config failed: Failed to execute git
2024-09-15 21:49:29.263 [info] > git reflog main --grep-reflog=branch: Created from *. [3ms]
2024-09-15 21:49:29.267 [info] > git symbolic-ref --short refs/remotes/origin/HEAD [1ms]
2024-09-15 21:49:29.268 [info] fatal: ref refs/remotes/origin/HEAD is not a symbolic ref
2024-09-15 21:50:41.975 [info] > git show --textconv :tags.html [4ms]
2024-09-15 21:50:41.976 [info] > git ls-files --stage -- /root/repos/sample_website/tags.html [2ms]
2024-09-15 21:50:41.982 [info] > git cat-file -s 7758b3c92a05e48b0548606f0b92fea5175d3ef2 [1ms]
2024-09-15 21:51:18.498 [info] > git config --get commit.template [7ms]
2024-09-15 21:51:18.499 [info] > git for-each-ref --format=%(refname)%00%(upstream:short)%00%(objectname)%00%(upstream:track)%00%(upstream:remotename)%00%(upstream:remoteref) refs/heads/main refs/remotes/main [2ms]
2024-09-15 21:51:18.506 [info] > git status -z -uall [3ms]
2024-09-15 21:51:18.515 [info] > git for-each-ref --format=%(refname)%00%(upstream:short)%00%(objectname)%00%(upstream:track)%00%(upstream:remotename)%00%(upstream:remoteref) refs/heads/main refs/remotes/main [4ms]
2024-09-15 21:51:18.522 [info] > git config --local branch.main.vscode-merge-base [2ms]
2024-09-15 21:51:18.522 [warning] [Git][config] git config failed: Failed to execute git
2024-09-15 21:51:18.533 [info] > git reflog main --grep-reflog=branch: Created from *. [7ms]
2024-09-15 21:51:18.540 [info] > git symbolic-ref --short refs/remotes/origin/HEAD [1ms]
2024-09-15 21:51:18.540 [info] fatal: ref refs/remotes/origin/HEAD is not a symbolic ref
2024-09-15 21:51:22.061 [info] > git show --textconv :tags.html [5ms]
2024-09-15 21:51:22.063 [info] > git ls-files --stage -- /root/repos/sample_website/tags.html [2ms]
2024-09-15 21:51:22.068 [info] > git cat-file -s 7758b3c92a05e48b0548606f0b92fea5175d3ef2 [2ms]
2024-09-15 21:52:02.844 [info] > git config --get commit.template [4ms]
2024-09-15 21:52:02.846 [info] > git for-each-ref --format=%(refname)%00%(upstream:short)%00%(objectname)%00%(upstream:track)%00%(upstream:remotename)%00%(upstream:remoteref) refs/heads/main refs/remotes/main [2ms]
2024-09-15 21:52:02.852 [info] > git status -z -uall [2ms]
2024-09-15 21:52:02.858 [info] > git for-each-ref --format=%(refname)%00%(upstream:short)%00%(objectname)%00%(upstream:track)%00%(upstream:remotename)%00%(upstream:remoteref) refs/heads/main refs/remotes/main [2ms]
2024-09-15 21:52:02.866 [info] > git config --local branch.main.vscode-merge-base [3ms]
2024-09-15 21:52:02.866 [warning] [Git][config] git config failed: Failed to execute git
2024-09-15 21:52:02.872 [info] > git reflog main --grep-reflog=branch: Created from *. [2ms]
2024-09-15 21:52:02.877 [info] > git symbolic-ref --short refs/remotes/origin/HEAD [2ms]
2024-09-15 21:52:02.877 [info] fatal: ref refs/remotes/origin/HEAD is not a symbolic ref
2024-09-15 21:52:53.246 [info] > git show --textconv :tags.html [5ms]
2024-09-15 21:52:53.248 [info] > git ls-files --stage -- /root/repos/sample_website/tags.html [2ms]
2024-09-15 21:52:53.253 [info] > git cat-file -s 7758b3c92a05e48b0548606f0b92fea5175d3ef2 [2ms]
2024-09-15 21:53:27.460 [info] > git show --textconv :tags.html [6ms]
2024-09-15 21:53:27.461 [info] > git ls-files --stage -- /root/repos/sample_website/tags.html [3ms]
2024-09-15 21:53:27.466 [info] > git cat-file -s 7758b3c92a05e48b0548606f0b92fea5175d3ef2 [2ms]
2024-09-15 21:53:35.636 [info] > git config --get commit.template [9ms]
2024-09-15 21:53:35.637 [info] > git for-each-ref --format=%(refname)%00%(upstream:short)%00%(objectname)%00%(upstream:track)%00%(upstream:remotename)%00%(upstream:remoteref) refs/heads/main refs/remotes/main [4ms]
2024-09-15 21:53:35.646 [info] > git status -z -uall [3ms]
2024-09-15 21:53:35.657 [info] > git for-each-ref --format=%(refname)%00%(upstream:short)%00%(objectname)%00%(upstream:track)%00%(upstream:remotename)%00%(upstream:remoteref) refs/heads/main refs/remotes/main [4ms]
2024-09-15 21:53:35.665 [info] > git config --local branch.main.vscode-merge-base [3ms]
2024-09-15 21:53:35.665 [warning] [Git][config] git config failed: Failed to execute git
2024-09-15 21:53:35.675 [info] > git reflog main --grep-reflog=branch: Created from *. [4ms]
2024-09-15 21:53:35.680 [info] > git symbolic-ref --short refs/remotes/origin/HEAD [1ms]
2024-09-15 21:53:35.680 [info] fatal: ref refs/remotes/origin/HEAD is not a symbolic ref
2024-09-15 21:53:51.614 [info] > git show --textconv :tags.html [5ms]
2024-09-15 21:53:51.616 [info] > git ls-files --stage -- /root/repos/sample_website/tags.html [3ms]
2024-09-15 21:53:51.621 [info] > git cat-file -s 7758b3c92a05e48b0548606f0b92fea5175d3ef2 [1ms]
2024-09-15 21:55:30.026 [info] > git config --get commit.template [5ms]
2024-09-15 21:55:30.027 [info] > git for-each-ref --format=%(refname)%00%(upstream:short)%00%(objectname)%00%(upstream:track)%00%(upstream:remotename)%00%(upstream:remoteref) refs/heads/main refs/remotes/main [2ms]
2024-09-15 21:55:30.036 [info] > git status -z -uall [2ms]
2024-09-15 21:55:30.051 [info] > git for-each-ref --format=%(refname)%00%(upstream:short)%00%(objectname)%00%(upstream:track)%00%(upstream:remotename)%00%(upstream:remoteref) refs/heads/main refs/remotes/main [7ms]
2024-09-15 21:55:30.059 [info] > git config --local branch.main.vscode-merge-base [1ms]
2024-09-15 21:55:30.059 [warning] [Git][config] git config failed: Failed to execute git
2024-09-15 21:55:30.068 [info] > git reflog main --grep-reflog=branch: Created from *. [4ms]
2024-09-15 21:55:30.079 [info] > git symbolic-ref --short refs/remotes/origin/HEAD [2ms]
2024-09-15 21:55:30.079 [info] fatal: ref refs/remotes/origin/HEAD is not a symbolic ref
2024-09-15 21:55:33.684 [info] > git show --textconv :tags.html [6ms]
2024-09-15 21:55:33.686 [info] > git ls-files --stage -- /root/repos/sample_website/tags.html [2ms]
2024-09-15 21:55:33.691 [info] > git cat-file -s 7758b3c92a05e48b0548606f0b92fea5175d3ef2 [2ms]
2024-09-15 21:55:57.981 [info] > git config --get commit.template [4ms]
2024-09-15 21:55:57.982 [info] > git for-each-ref --format=%(refname)%00%(upstream:short)%00%(objectname)%00%(upstream:track)%00%(upstream:remotename)%00%(upstream:remoteref) refs/heads/main refs/remotes/main [2ms]
2024-09-15 21:55:57.988 [info] > git status -z -uall [2ms]
2024-09-15 21:55:57.994 [info] > git for-each-ref --format=%(refname)%00%(upstream:short)%00%(objectname)%00%(upstream:track)%00%(upstream:remotename)%00%(upstream:remoteref) refs/heads/main refs/remotes/main [2ms]
2024-09-15 21:55:58.002 [info] > git config --local branch.main.vscode-merge-base [3ms]
2024-09-15 21:55:58.002 [warning] [Git][config] git config failed: Failed to execute git
2024-09-15 21:55:58.008 [info] > git reflog main --grep-reflog=branch: Created from *. [2ms]
2024-09-15 21:55:58.013 [info] > git symbolic-ref --short refs/remotes/origin/HEAD [2ms]
2024-09-15 21:55:58.013 [info] fatal: ref refs/remotes/origin/HEAD is not a symbolic ref
2024-09-15 21:56:35.183 [info] > git show --textconv :tags.html [4ms]
2024-09-15 21:56:35.184 [info] > git ls-files --stage -- /root/repos/sample_website/tags.html [2ms]
2024-09-15 21:56:35.189 [info] > git cat-file -s 7758b3c92a05e48b0548606f0b92fea5175d3ef2 [2ms]
2024-09-15 21:57:38.276 [info] > git show --textconv :tags.html [4ms]
2024-09-15 21:57:38.278 [info] > git ls-files --stage -- /root/repos/sample_website/tags.html [3ms]
2024-09-15 21:57:38.283 [info] > git cat-file -s 7758b3c92a05e48b0548606f0b92fea5175d3ef2 [1ms]
2024-09-15 22:00:39.725 [info] > git config --get commit.template [13ms]
2024-09-15 22:00:39.727 [info] > git for-each-ref --format=%(refname)%00%(upstream:short)%00%(objectname)%00%(upstream:track)%00%(upstream:remotename)%00%(upstream:remoteref) refs/heads/main refs/remotes/main [6ms]
2024-09-15 22:00:39.742 [info] > git status -z -uall [5ms]
2024-09-15 22:00:39.758 [info] > git for-each-ref --format=%(refname)%00%(upstream:short)%00%(objectname)%00%(upstream:track)%00%(upstream:remotename)%00%(upstream:remoteref) refs/heads/main refs/remotes/main [5ms]
2024-09-15 22:00:39.767 [info] > git config --local branch.main.vscode-merge-base [3ms]
2024-09-15 22:00:39.767 [warning] [Git][config] git config failed: Failed to execute git
2024-09-15 22:00:39.775 [info] > git reflog main --grep-reflog=branch: Created from *. [3ms]
2024-09-15 22:00:39.779 [info] > git symbolic-ref --short refs/remotes/origin/HEAD [1ms]
2024-09-15 22:00:39.779 [info] fatal: ref refs/remotes/origin/HEAD is not a symbolic ref
2024-09-15 22:00:45.028 [info] > git show --textconv :tags.html [6ms]
2024-09-15 22:00:45.035 [info] > git ls-files --stage -- /root/repos/sample_website/tags.html [8ms]
2024-09-15 22:00:45.042 [info] > git cat-file -s 7758b3c92a05e48b0548606f0b92fea5175d3ef2 [2ms]
2024-09-15 22:01:12.502 [info] > git config --get commit.template [12ms]
2024-09-15 22:01:12.504 [info] > git for-each-ref --format=%(refname)%00%(upstream:short)%00%(objectname)%00%(upstream:track)%00%(upstream:remotename)%00%(upstream:remoteref) refs/heads/main refs/remotes/main [5ms]
2024-09-15 22:01:12.516 [info] > git status -z -uall [2ms]
2024-09-15 22:01:12.526 [info] > git for-each-ref --format=%(refname)%00%(upstream:short)%00%(objectname)%00%(upstream:track)%00%(upstream:remotename)%00%(upstream:remoteref) refs/heads/main refs/remotes/main [6ms]
2024-09-15 22:01:12.532 [info] > git config --local branch.main.vscode-merge-base [2ms]
2024-09-15 22:01:12.533 [warning] [Git][config] git config failed: Failed to execute git
2024-09-15 22:01:12.539 [info] > git reflog main --grep-reflog=branch: Created from *. [3ms]
2024-09-15 22:01:12.545 [info] > git symbolic-ref --short refs/remotes/origin/HEAD [1ms]
2024-09-15 22:01:12.546 [info] fatal: ref refs/remotes/origin/HEAD is not a symbolic ref
2024-09-15 22:01:20.480 [info] > git config --get commit.template [5ms]
2024-09-15 22:01:20.481 [info] > git for-each-ref --format=%(refname)%00%(upstream:short)%00%(objectname)%00%(upstream:track)%00%(upstream:remotename)%00%(upstream:remoteref) refs/heads/main refs/remotes/main [2ms]
2024-09-15 22:01:20.489 [info] > git status -z -uall [3ms]
2024-09-15 22:01:20.495 [info] > git for-each-ref --format=%(refname)%00%(upstream:short)%00%(objectname)%00%(upstream:track)%00%(upstream:remotename)%00%(upstream:remoteref) refs/heads/main refs/remotes/main [2ms]
2024-09-15 22:01:20.501 [info] > git config --local branch.main.vscode-merge-base [2ms]
2024-09-15 22:01:20.501 [warning] [Git][config] git config failed: Failed to execute git
2024-09-15 22:01:20.507 [info] > git reflog main --grep-reflog=branch: Created from *. [2ms]
2024-09-15 22:01:20.512 [info] > git symbolic-ref --short refs/remotes/origin/HEAD [2ms]
2024-09-15 22:01:20.512 [info] fatal: ref refs/remotes/origin/HEAD is not a symbolic ref
2024-09-15 22:01:23.116 [info] > git show --textconv :tags.html [5ms]
2024-09-15 22:01:23.118 [info] > git ls-files --stage -- /root/repos/sample_website/tags.html [2ms]
2024-09-15 22:01:23.122 [info] > git cat-file -s 7758b3c92a05e48b0548606f0b92fea5175d3ef2 [1ms]
2024-09-15 22:01:44.548 [info] > git config --get commit.template [8ms]
2024-09-15 22:01:44.548 [info] > git for-each-ref --format=%(refname)%00%(upstream:short)%00%(objectname)%00%(upstream:track)%00%(upstream:remotename)%00%(upstream:remoteref) refs/heads/main refs/remotes/main [2ms]
2024-09-15 22:01:44.556 [info] > git status -z -uall [2ms]
2024-09-15 22:01:44.567 [info] > git for-each-ref --format=%(refname)%00%(upstream:short)%00%(objectname)%00%(upstream:track)%00%(upstream:remotename)%00%(upstream:remoteref) refs/heads/main refs/remotes/main [3ms]
2024-09-15 22:01:44.578 [info] > git config --local branch.main.vscode-merge-base [3ms]
2024-09-15 22:01:44.578 [warning] [Git][config] git config failed: Failed to execute git
2024-09-15 22:01:44.587 [info] > git reflog main --grep-reflog=branch: Created from *. [4ms]
2024-09-15 22:01:44.594 [info] > git symbolic-ref --short refs/remotes/origin/HEAD [3ms]
2024-09-15 22:01:44.594 [info] fatal: ref refs/remotes/origin/HEAD is not a symbolic ref
2024-09-15 22:01:47.201 [info] > git show --textconv :tags.html [5ms]
2024-09-15 22:01:47.202 [info] > git ls-files --stage -- /root/repos/sample_website/tags.html [2ms]
2024-09-15 22:01:47.207 [info] > git cat-file -s 7758b3c92a05e48b0548606f0b92fea5175d3ef2 [2ms]
2024-09-15 22:01:52.183 [info] > git config --get commit.template [5ms]
2024-09-15 22:01:52.184 [info] > git for-each-ref --format=%(refname)%00%(upstream:short)%00%(objectname)%00%(upstream:track)%00%(upstream:remotename)%00%(upstream:remoteref) refs/heads/main refs/remotes/main [2ms]
2024-09-15 22:01:52.191 [info] > git status -z -uall [2ms]
2024-09-15 22:01:52.200 [info] > git for-each-ref --format=%(refname)%00%(upstream:short)%00%(objectname)%00%(upstream:track)%00%(upstream:remotename)%00%(upstream:remoteref) refs/heads/main refs/remotes/main [4ms]
2024-09-15 22:01:52.207 [info] > git config --local branch.main.vscode-merge-base [1ms]
2024-09-15 22:01:52.207 [warning] [Git][config] git config failed: Failed to execute git
2024-09-15 22:01:52.214 [info] > git reflog main --grep-reflog=branch: Created from *. [4ms]
2024-09-15 22:01:52.219 [info] > git symbolic-ref --short refs/remotes/origin/HEAD [2ms]
2024-09-15 22:01:52.219 [info] fatal: ref refs/remotes/origin/HEAD is not a symbolic ref
2024-09-15 22:01:56.310 [info] > git show --textconv :tags.html [4ms]
2024-09-15 22:01:56.311 [info] > git ls-files --stage -- /root/repos/sample_website/tags.html [2ms]
2024-09-15 22:01:56.317 [info] > git cat-file -s 7758b3c92a05e48b0548606f0b92fea5175d3ef2 [2ms]
2024-09-15 22:02:07.205 [info] > git show --textconv :tags.html [4ms]
2024-09-15 22:02:07.206 [info] > git ls-files --stage -- /root/repos/sample_website/tags.html [2ms]
2024-09-15 22:02:07.211 [info] > git cat-file -s 7758b3c92a05e48b0548606f0b92fea5175d3ef2 [2ms]
2024-09-15 22:02:20.529 [info] > git show --textconv :tags.html [3ms]
2024-09-15 22:02:20.530 [info] > git ls-files --stage -- /root/repos/sample_website/tags.html [2ms]
2024-09-15 22:02:20.536 [info] > git cat-file -s 7758b3c92a05e48b0548606f0b92fea5175d3ef2 [2ms]
2024-09-15 22:02:33.863 [info] > git config --get commit.template [5ms]
2024-09-15 22:02:33.864 [info] > git for-each-ref --format=%(refname)%00%(upstream:short)%00%(objectname)%00%(upstream:track)%00%(upstream:remotename)%00%(upstream:remoteref) refs/heads/main refs/remotes/main [2ms]
2024-09-15 22:02:33.872 [info] > git status -z -uall [3ms]
2024-09-15 22:02:33.880 [info] > git for-each-ref --format=%(refname)%00%(upstream:short)%00%(objectname)%00%(upstream:track)%00%(upstream:remotename)%00%(upstream:remoteref) refs/heads/main refs/remotes/main [2ms]
2024-09-15 22:02:33.888 [info] > git config --local branch.main.vscode-merge-base [3ms]
2024-09-15 22:02:33.888 [warning] [Git][config] git config failed: Failed to execute git
2024-09-15 22:02:33.894 [info] > git reflog main --grep-reflog=branch: Created from *. [2ms]
2024-09-15 22:02:33.899 [info] > git symbolic-ref --short refs/remotes/origin/HEAD [2ms]
2024-09-15 22:02:33.899 [info] fatal: ref refs/remotes/origin/HEAD is not a symbolic ref
2024-09-15 22:02:46.128 [info] > git show --textconv :tags.html [6ms]
2024-09-15 22:02:46.130 [info] > git ls-files --stage -- /root/repos/sample_website/tags.html [2ms]
2024-09-15 22:02:46.135 [info] > git cat-file -s 7758b3c92a05e48b0548606f0b92fea5175d3ef2 [2ms]
2024-09-15 22:03:39.247 [info] > git config --get commit.template [5ms]
2024-09-15 22:03:39.247 [info] > git for-each-ref --format=%(refname)%00%(upstream:short)%00%(objectname)%00%(upstream:track)%00%(upstream:remotename)%00%(upstream:remoteref) refs/heads/main refs/remotes/main [2ms]
2024-09-15 22:03:39.254 [info] > git status -z -uall [2ms]
2024-09-15 22:03:39.264 [info] > git for-each-ref --format=%(refname)%00%(upstream:short)%00%(objectname)%00%(upstream:track)%00%(upstream:remotename)%00%(upstream:remoteref) refs/heads/main refs/remotes/main [3ms]
2024-09-15 22:03:39.270 [info] > git config --local branch.main.vscode-merge-base [2ms]
2024-09-15 22:03:39.270 [warning] [Git][config] git config failed: Failed to execute git
2024-09-15 22:03:39.277 [info] > git reflog main --grep-reflog=branch: Created from *. [3ms]
2024-09-15 22:03:39.282 [info] > git symbolic-ref --short refs/remotes/origin/HEAD [1ms]
2024-09-15 22:03:39.282 [info] fatal: ref refs/remotes/origin/HEAD is not a symbolic ref
2024-09-15 22:03:42.567 [info] > git show --textconv :tags.html [8ms]
2024-09-15 22:03:42.569 [info] > git ls-files --stage -- /root/repos/sample_website/tags.html [3ms]
2024-09-15 22:03:42.578 [info] > git cat-file -s 7758b3c92a05e48b0548606f0b92fea5175d3ef2 [1ms]
2024-09-15 22:03:52.985 [info] > git show --textconv :tags.html [7ms]
2024-09-15 22:03:52.986 [info] > git ls-files --stage -- /root/repos/sample_website/tags.html [3ms]
2024-09-15 22:03:52.991 [info] > git cat-file -s 7758b3c92a05e48b0548606f0b92fea5175d3ef2 [1ms]
2024-09-15 22:05:37.309 [info] > git show --textconv :index.html [6ms]
2024-09-15 22:05:37.310 [info] > git ls-files --stage -- /root/repos/sample_website/index.html [2ms]
2024-09-15 22:05:37.316 [info] > git cat-file -s 168ac07acd562cc41e862eb9af4926c331e7f21c [2ms]
2024-09-15 22:09:31.018 [info] > git config --get commit.template [4ms]
2024-09-15 22:09:31.019 [info] > git for-each-ref --format=%(refname)%00%(upstream:short)%00%(objectname)%00%(upstream:track)%00%(upstream:remotename)%00%(upstream:remoteref) refs/heads/main refs/remotes/main [2ms]
2024-09-15 22:09:31.027 [info] > git status -z -uall [2ms]
2024-09-15 22:09:31.033 [info] > git for-each-ref --format=%(refname)%00%(upstream:short)%00%(objectname)%00%(upstream:track)%00%(upstream:remotename)%00%(upstream:remoteref) refs/heads/main refs/remotes/main [1ms]
2024-09-15 22:09:31.040 [info] > git config --local branch.main.vscode-merge-base [2ms]
2024-09-15 22:09:31.040 [warning] [Git][config] git config failed: Failed to execute git
2024-09-15 22:09:31.046 [info] > git reflog main --grep-reflog=branch: Created from *. [2ms]
2024-09-15 22:09:31.051 [info] > git symbolic-ref --short refs/remotes/origin/HEAD [1ms]
2024-09-15 22:09:31.051 [info] fatal: ref refs/remotes/origin/HEAD is not a symbolic ref
2024-09-15 22:09:31.873 [info] > git show --textconv :tags.html [5ms]
2024-09-15 22:09:31.875 [info] > git ls-files --stage -- /root/repos/sample_website/tags.html [3ms]
2024-09-15 22:09:31.881 [info] > git cat-file -s 7758b3c92a05e48b0548606f0b92fea5175d3ef2 [2ms]
2024-09-15 22:09:34.314 [info] > git show --textconv :index.html [5ms]
2024-09-15 22:09:34.316 [info] > git ls-files --stage -- /root/repos/sample_website/index.html [3ms]
2024-09-15 22:09:34.322 [info] > git cat-file -s 168ac07acd562cc41e862eb9af4926c331e7f21c [2ms]
2024-09-15 22:09:40.200 [info] > git show --textconv :index.html [4ms]
2024-09-15 22:09:40.202 [info] > git ls-files --stage -- /root/repos/sample_website/index.html [2ms]
2024-09-15 22:09:40.207 [info] > git cat-file -s 168ac07acd562cc41e862eb9af4926c331e7f21c [1ms]
2024-09-15 22:09:49.250 [info] > git config --get commit.template [5ms]
2024-09-15 22:09:49.251 [info] > git for-each-ref --format=%(refname)%00%(upstream:short)%00%(objectname)%00%(upstream:track)%00%(upstream:remotename)%00%(upstream:remoteref) refs/heads/main refs/remotes/main [2ms]
2024-09-15 22:09:49.258 [info] > git status -z -uall [2ms]
2024-09-15 22:09:49.264 [info] > git for-each-ref --format=%(refname)%00%(upstream:short)%00%(objectname)%00%(upstream:track)%00%(upstream:remotename)%00%(upstream:remoteref) refs/heads/main refs/remotes/main [2ms]
2024-09-15 22:09:49.272 [info] > git config --local branch.main.vscode-merge-base [2ms]
2024-09-15 22:09:49.272 [warning] [Git][config] git config failed: Failed to execute git
2024-09-15 22:09:49.279 [info] > git reflog main --grep-reflog=branch: Created from *. [2ms]
2024-09-15 22:09:49.284 [info] > git symbolic-ref --short refs/remotes/origin/HEAD [1ms]
2024-09-15 22:09:49.284 [info] fatal: ref refs/remotes/origin/HEAD is not a symbolic ref
2024-09-15 22:10:53.819 [info] > git config --get commit.template [17ms]
2024-09-15 22:10:53.822 [info] > git for-each-ref --format=%(refname)%00%(upstream:short)%00%(objectname)%00%(upstream:track)%00%(upstream:remotename)%00%(upstream:remoteref) refs/heads/main refs/remotes/main [7ms]
2024-09-15 22:10:53.839 [info] > git status -z -uall [5ms]
2024-09-15 22:10:53.853 [info] > git for-each-ref --format=%(refname)%00%(upstream:short)%00%(objectname)%00%(upstream:track)%00%(upstream:remotename)%00%(upstream:remoteref) refs/heads/main refs/remotes/main [3ms]
2024-09-15 22:10:53.860 [info] > git config --local branch.main.vscode-merge-base [2ms]
2024-09-15 22:10:53.860 [warning] [Git][config] git config failed: Failed to execute git
2024-09-15 22:10:53.866 [info] > git reflog main --grep-reflog=branch: Created from *. [2ms]
2024-09-15 22:10:53.871 [info] > git symbolic-ref --short refs/remotes/origin/HEAD [2ms]
2024-09-15 22:10:53.871 [info] fatal: ref refs/remotes/origin/HEAD is not a symbolic ref
2024-09-15 22:11:02.377 [info] > git show --textconv :index.html [5ms]
2024-09-15 22:11:02.378 [info] > git ls-files --stage -- /root/repos/sample_website/index.html [2ms]
2024-09-15 22:11:02.383 [info] > git cat-file -s 168ac07acd562cc41e862eb9af4926c331e7f21c [2ms]
2024-09-15 22:11:44.693 [info] > git config --get commit.template [5ms]
2024-09-15 22:11:44.693 [info] > git for-each-ref --format=%(refname)%00%(upstream:short)%00%(objectname)%00%(upstream:track)%00%(upstream:remotename)%00%(upstream:remoteref) refs/heads/main refs/remotes/main [2ms]
2024-09-15 22:11:44.700 [info] > git status -z -uall [2ms]
2024-09-15 22:11:44.706 [info] > git for-each-ref --format=%(refname)%00%(upstream:short)%00%(objectname)%00%(upstream:track)%00%(upstream:remotename)%00%(upstream:remoteref) refs/heads/main refs/remotes/main [2ms]
2024-09-15 22:11:44.714 [info] > git config --local branch.main.vscode-merge-base [2ms]
2024-09-15 22:11:44.714 [warning] [Git][config] git config failed: Failed to execute git
2024-09-15 22:11:44.720 [info] > git reflog main --grep-reflog=branch: Created from *. [3ms]
2024-09-15 22:11:44.724 [info] > git symbolic-ref --short refs/remotes/origin/HEAD [1ms]
2024-09-15 22:11:44.724 [info] fatal: ref refs/remotes/origin/HEAD is not a symbolic ref
2024-09-15 22:11:47.976 [info] > git show --textconv :index.html [5ms]
2024-09-15 22:11:47.977 [info] > git ls-files --stage -- /root/repos/sample_website/index.html [2ms]
2024-09-15 22:11:47.982 [info] > git cat-file -s 168ac07acd562cc41e862eb9af4926c331e7f21c [1ms]
2024-09-15 22:11:58.563 [info] > git config --get commit.template [8ms]
2024-09-15 22:11:58.564 [info] > git for-each-ref --format=%(refname)%00%(upstream:short)%00%(objectname)%00%(upstream:track)%00%(upstream:remotename)%00%(upstream:remoteref) refs/heads/main refs/remotes/main [3ms]
2024-09-15 22:11:58.571 [info] > git status -z -uall [2ms]
2024-09-15 22:11:58.577 [info] > git for-each-ref --format=%(refname)%00%(upstream:short)%00%(objectname)%00%(upstream:track)%00%(upstream:remotename)%00%(upstream:remoteref) refs/heads/main refs/remotes/main [2ms]
2024-09-15 22:11:58.583 [info] > git config --local branch.main.vscode-merge-base [2ms]
2024-09-15 22:11:58.583 [warning] [Git][config] git config failed: Failed to execute git
2024-09-15 22:11:58.589 [info] > git reflog main --grep-reflog=branch: Created from *. [2ms]
2024-09-15 22:11:58.594 [info] > git symbolic-ref --short refs/remotes/origin/HEAD [1ms]
2024-09-15 22:11:58.594 [info] fatal: ref refs/remotes/origin/HEAD is not a symbolic ref
2024-09-15 22:12:01.124 [info] > git show --textconv :index.html [4ms]
2024-09-15 22:12:01.125 [info] > git ls-files --stage -- /root/repos/sample_website/index.html [2ms]
2024-09-15 22:12:01.131 [info] > git cat-file -s 168ac07acd562cc41e862eb9af4926c331e7f21c [2ms]
2024-09-15 22:12:26.559 [info] > git config --get commit.template [5ms]
2024-09-15 22:12:26.560 [info] > git for-each-ref --format=%(refname)%00%(upstream:short)%00%(objectname)%00%(upstream:track)%00%(upstream:remotename)%00%(upstream:remoteref) refs/heads/main refs/remotes/main [2ms]
2024-09-15 22:12:26.567 [info] > git status -z -uall [2ms]
2024-09-15 22:12:26.573 [info] > git for-each-ref --format=%(refname)%00%(upstream:short)%00%(objectname)%00%(upstream:track)%00%(upstream:remotename)%00%(upstream:remoteref) refs/heads/main refs/remotes/main [2ms]
2024-09-15 22:12:26.580 [info] > git config --local branch.main.vscode-merge-base [3ms]
2024-09-15 22:12:26.580 [warning] [Git][config] git config failed: Failed to execute git
2024-09-15 22:12:26.587 [info] > git reflog main --grep-reflog=branch: Created from *. [2ms]
2024-09-15 22:12:26.591 [info] > git symbolic-ref --short refs/remotes/origin/HEAD [1ms]
2024-09-15 22:12:26.592 [info] fatal: ref refs/remotes/origin/HEAD is not a symbolic ref
2024-09-15 22:12:28.575 [info] > git show --textconv :index.html [4ms]
2024-09-15 22:12:28.576 [info] > git ls-files --stage -- /root/repos/sample_website/index.html [2ms]
2024-09-15 22:12:28.581 [info] > git cat-file -s 168ac07acd562cc41e862eb9af4926c331e7f21c [2ms]
2024-09-15 22:14:10.578 [info] > git log --format=%H%n%aN%n%aE%n%at%n%ct%n%P%n%D%n%B -z -n120 --follow -- /root/repos/sample_website/index.html [17ms]
2024-09-15 22:14:11.265 [info] > git check-ignore -v -z --stdin [6ms]
2024-09-15 22:14:11.266 [info] > git check-ignore -v -z --stdin [3ms]
2024-09-15 22:14:48.755 [info] > git rev-parse --show-toplevel [2ms]
2024-09-15 22:14:51.494 [info] > git log --format=%H%n%aN%n%aE%n%at%n%ct%n%P%n%D%n%B -z -n120 --follow -- /root/repos/sample_website/index.html [5ms]
2024-09-15 22:14:51.647 [info] > git show --textconv :index.html [6ms]
2024-09-15 22:14:51.648 [info] > git ls-files --stage -- /root/repos/sample_website/index.html [2ms]
2024-09-15 22:14:51.654 [info] > git cat-file -s 168ac07acd562cc41e862eb9af4926c331e7f21c [3ms]
2024-09-15 22:16:33.735 [info] > git config --get commit.template [7ms]
2024-09-15 22:16:33.736 [info] > git for-each-ref --format=%(refname)%00%(upstream:short)%00%(objectname)%00%(upstream:track)%00%(upstream:remotename)%00%(upstream:remoteref) refs/heads/main refs/remotes/main [3ms]
2024-09-15 22:16:33.745 [info] > git status -z -uall [2ms]
2024-09-15 22:16:33.755 [info] > git for-each-ref --format=%(refname)%00%(upstream:short)%00%(objectname)%00%(upstream:track)%00%(upstream:remotename)%00%(upstream:remoteref) refs/heads/main refs/remotes/main [4ms]
2024-09-15 22:16:33.763 [info] > git config --local branch.main.vscode-merge-base [2ms]
2024-09-15 22:16:33.763 [warning] [Git][config] git config failed: Failed to execute git
2024-09-15 22:16:33.770 [info] > git reflog main --grep-reflog=branch: Created from *. [2ms]
2024-09-15 22:16:33.775 [info] > git symbolic-ref --short refs/remotes/origin/HEAD [1ms]
2024-09-15 22:16:33.775 [info] fatal: ref refs/remotes/origin/HEAD is not a symbolic ref
2024-09-15 22:16:39.497 [info] > git log --format=%H%n%aN%n%aE%n%at%n%ct%n%P%n%D%n%B -z -n120 --follow -- /root/repos/sample_website/index.html [4ms]
2024-09-15 22:16:39.643 [info] > git show --textconv :index.html [5ms]
2024-09-15 22:16:39.645 [info] > git ls-files --stage -- /root/repos/sample_website/index.html [2ms]
2024-09-15 22:16:39.650 [info] > git cat-file -s 168ac07acd562cc41e862eb9af4926c331e7f21c [2ms]
2024-09-15 22:17:24.668 [info] > git log --format=%H%n%aN%n%aE%n%at%n%ct%n%P%n%D%n%B -z -n120 --follow -- /root/repos/sample_website/index.html [5ms]
2024-09-15 22:17:24.809 [info] > git show --textconv :index.html [6ms]
2024-09-15 22:17:24.811 [info] > git ls-files --stage -- /root/repos/sample_website/index.html [2ms]
2024-09-15 22:17:24.816 [info] > git cat-file -s 168ac07acd562cc41e862eb9af4926c331e7f21c [2ms]
2024-09-15 22:17:27.021 [info] > git rev-parse --show-toplevel [3ms]
2024-09-15 22:17:39.483 [info] > git log --format=%H%n%aN%n%aE%n%at%n%ct%n%P%n%D%n%B -z -n120 --follow -- /root/repos/sample_website/tags.html [16ms]
2024-09-15 22:17:39.622 [info] > git show --textconv :tags.html [6ms]
2024-09-15 22:17:39.623 [info] > git ls-files --stage -- /root/repos/sample_website/tags.html [2ms]
2024-09-15 22:17:39.629 [info] > git cat-file -s 7758b3c92a05e48b0548606f0b92fea5175d3ef2 [2ms]
2024-09-15 22:17:43.544 [info] > git log --format=%H%n%aN%n%aE%n%at%n%ct%n%P%n%D%n%B -z -n120 --follow -- /root/repos/sample_website/tags.html [4ms]
2024-09-15 22:17:43.698 [info] > git show --textconv :tags.html [6ms]
2024-09-15 22:17:43.699 [info] > git ls-files --stage -- /root/repos/sample_website/tags.html [3ms]
2024-09-15 22:17:43.704 [info] > git cat-file -s 7758b3c92a05e48b0548606f0b92fea5175d3ef2 [1ms]
2024-09-15 22:17:46.079 [info] > git log --format=%H%n%aN%n%aE%n%at%n%ct%n%P%n%D%n%B -z -n120 --follow -- /root/repos/sample_website/index.html [25ms]
2024-09-15 22:17:46.221 [info] > git show --textconv :index.html [6ms]
2024-09-15 22:17:46.223 [info] > git ls-files --stage -- /root/repos/sample_website/index.html [3ms]
2024-09-15 22:17:46.230 [info] > git cat-file -s 168ac07acd562cc41e862eb9af4926c331e7f21c [2ms]
2024-09-15 22:17:51.423 [info] > git log --format=%H%n%aN%n%aE%n%at%n%ct%n%P%n%D%n%B -z -n120 --follow -- /root/repos/sample_website/index.html [5ms]
2024-09-15 22:17:51.570 [info] > git show --textconv :index.html [6ms]
2024-09-15 22:17:51.571 [info] > git ls-files --stage -- /root/repos/sample_website/index.html [2ms]
2024-09-15 22:17:51.577 [info] > git cat-file -s 168ac07acd562cc41e862eb9af4926c331e7f21c [2ms]
2024-09-15 22:18:26.548 [info] > git config --get commit.template [5ms]
2024-09-15 22:18:26.549 [info] > git for-each-ref --format=%(refname)%00%(upstream:short)%00%(objectname)%00%(upstream:track)%00%(upstream:remotename)%00%(upstream:remoteref) refs/heads/main refs/remotes/main [2ms]
2024-09-15 22:18:26.556 [info] > git status -z -uall [2ms]
2024-09-15 22:18:26.563 [info] > git for-each-ref --format=%(refname)%00%(upstream:short)%00%(objectname)%00%(upstream:track)%00%(upstream:remotename)%00%(upstream:remoteref) refs/heads/main refs/remotes/main [2ms]
2024-09-15 22:18:26.570 [info] > git config --local branch.main.vscode-merge-base [2ms]
2024-09-15 22:18:26.570 [warning] [Git][config] git config failed: Failed to execute git
2024-09-15 22:18:26.577 [info] > git reflog main --grep-reflog=branch: Created from *. [2ms]
2024-09-15 22:18:26.582 [info] > git symbolic-ref --short refs/remotes/origin/HEAD [2ms]
2024-09-15 22:18:26.582 [info] fatal: ref refs/remotes/origin/HEAD is not a symbolic ref
2024-09-15 22:18:26.720 [info] > git log --format=%H%n%aN%n%aE%n%at%n%ct%n%P%n%D%n%B -z -n120 --follow -- /root/repos/sample_website/tags.html [16ms]
2024-09-15 22:18:26.884 [info] > git show --textconv :tags.html [6ms]
2024-09-15 22:18:26.886 [info] > git ls-files --stage -- /root/repos/sample_website/tags.html [4ms]
2024-09-15 22:18:26.893 [info] > git cat-file -s 7758b3c92a05e48b0548606f0b92fea5175d3ef2 [2ms]
2024-09-15 22:18:29.927 [info] > git log --format=%H%n%aN%n%aE%n%at%n%ct%n%P%n%D%n%B -z -n120 --follow -- /root/repos/sample_website/index.html [18ms]
2024-09-15 22:18:30.076 [info] > git show --textconv :index.html [10ms]
2024-09-15 22:18:30.082 [info] > git ls-files --stage -- /root/repos/sample_website/index.html [10ms]
2024-09-15 22:18:30.090 [info] > git cat-file -s 168ac07acd562cc41e862eb9af4926c331e7f21c [2ms]
2024-09-15 22:18:55.171 [info] > git check-ignore -v -z --stdin [2ms]
2024-09-15 22:18:55.763 [info] > git check-ignore -v -z --stdin [1ms]
2024-09-15 22:18:58.119 [info] > git check-ignore -v -z --stdin [5ms]
2024-09-15 22:18:58.944 [info] > git check-ignore -v -z --stdin [2ms]
2024-09-15 22:19:56.999 [info] > git log --format=%H%n%aN%n%aE%n%at%n%ct%n%P%n%D%n%B -z --shortstat --diff-merges=first-parent -n50 --skip=0 --topo-order --decorate=full 0fa58782567d39b78a79b05ba4215ba60fff69b9 [54ms]
2024-09-15 22:19:57.005 [info] > git rev-parse --show-toplevel [7ms]
2024-09-15 22:19:57.011 [info] > git rev-parse --show-toplevel [2ms]
2024-09-15 22:19:57.025 [info] > git log --format=%H%n%aN%n%aE%n%at%n%ct%n%P%n%D%n%B -z --shortstat --diff-merges=first-parent -n50 --skip=0 --topo-order --decorate=full 72dc4a4c8e486eb6c2a7dc79d5735c7b7256f412 [75ms]
2024-09-15 22:19:57.065 [info] > git log --format=%H%n%aN%n%aE%n%at%n%ct%n%P%n%D%n%B -z --shortstat --diff-merges=first-parent -n50 --skip=0 --topo-order --decorate=full 0fa58782567d39b78a79b05ba4215ba60fff69b9 [7ms]
2024-09-15 22:19:57.106 [info] > git log --format=%H%n%aN%n%aE%n%at%n%ct%n%P%n%D%n%B -z --shortstat --diff-merges=first-parent -n50 --skip=0 --topo-order --decorate=full 72dc4a4c8e486eb6c2a7dc79d5735c7b7256f412 [10ms]
2024-09-15 22:20:38.961 [info] > git log --format=%H%n%aN%n%aE%n%at%n%ct%n%P%n%D%n%B -z --shortstat --diff-merges=first-parent -n50 --skip=0 --topo-order --decorate=full 0fa58782567d39b78a79b05ba4215ba60fff69b9 [7ms]
2024-09-15 22:20:38.969 [info] > git log --format=%H%n%aN%n%aE%n%at%n%ct%n%P%n%D%n%B -z --shortstat --diff-merges=first-parent -n50 --skip=0 --topo-order --decorate=full 72dc4a4c8e486eb6c2a7dc79d5735c7b7256f412 [9ms]
2024-09-15 22:20:39.032 [info] > git log --format=%H%n%aN%n%aE%n%at%n%ct%n%P%n%D%n%B -z --shortstat --diff-merges=first-parent -n50 --skip=0 --topo-order --decorate=full 0fa58782567d39b78a79b05ba4215ba60fff69b9 [5ms]
2024-09-15 22:20:39.061 [info] > git log --format=%H%n%aN%n%aE%n%at%n%ct%n%P%n%D%n%B -z --shortstat --diff-merges=first-parent -n50 --skip=0 --topo-order --decorate=full 72dc4a4c8e486eb6c2a7dc79d5735c7b7256f412 [10ms]
2024-09-15 22:27:16.312 [info] > git rev-parse --show-toplevel [9ms]
2024-09-15 22:32:18.364 [info] > git log --format=%H%n%aN%n%aE%n%at%n%ct%n%P%n%D%n%B -z --shortstat --diff-merges=first-parent -n50 --skip=0 --topo-order --decorate=full 0fa58782567d39b78a79b05ba4215ba60fff69b9 [8ms]
2024-09-15 22:32:18.370 [info] > git log --format=%H%n%aN%n%aE%n%at%n%ct%n%P%n%D%n%B -z --shortstat --diff-merges=first-parent -n50 --skip=0 --topo-order --decorate=full 72dc4a4c8e486eb6c2a7dc79d5735c7b7256f412 [9ms]
2024-09-15 22:32:18.433 [info] > git log --format=%H%n%aN%n%aE%n%at%n%ct%n%P%n%D%n%B -z --shortstat --diff-merges=first-parent -n50 --skip=0 --topo-order --decorate=full 0fa58782567d39b78a79b05ba4215ba60fff69b9 [6ms]
2024-09-15 22:32:18.459 [info] > git log --format=%H%n%aN%n%aE%n%at%n%ct%n%P%n%D%n%B -z --shortstat --diff-merges=first-parent -n50 --skip=0 --topo-order --decorate=full 72dc4a4c8e486eb6c2a7dc79d5735c7b7256f412 [10ms]
2024-09-15 22:32:23.166 [info] > git add -A -- . [5ms]
2024-09-15 22:32:23.688 [info] > git show --textconv :.git/COMMIT_EDITMSG [6ms]
2024-09-15 22:32:23.689 [info] > git ls-files --stage -- /root/repos/sample_website/.git/COMMIT_EDITMSG [2ms]
2024-09-15 22:32:24.012 [info] > git check-ignore -v -z --stdin [2ms]
2024-09-15 22:32:24.460 [info] > git ls-files --stage -- /root/repos/sample_website/.git/COMMIT_EDITMSG [1ms]
2024-09-15 22:32:24.470 [info] > git show --textconv :.git/COMMIT_EDITMSG [1ms]
2024-09-15 22:33:07.085 [info] > git ls-files --stage -- /root/repos/sample_website/.git/COMMIT_EDITMSG [2ms]
2024-09-15 22:33:07.141 [info] > git show --textconv :.git/COMMIT_EDITMSG [3ms]
2024-09-15 22:33:16.281 [info] > git ls-files --stage -- /root/repos/sample_website/.git/COMMIT_EDITMSG [3ms]
2024-09-15 22:33:16.295 [info] > git show --textconv :.git/COMMIT_EDITMSG [2ms]
2024-09-15 22:34:12.145 [info] > git log --format=%H%n%aN%n%aE%n%at%n%ct%n%P%n%D%n%B -z --shortstat --diff-merges=first-parent -n50 --skip=0 --topo-order --decorate=full 0fa58782567d39b78a79b05ba4215ba60fff69b9 [7ms]
2024-09-15 22:34:13.045 [info] > git log --format=%H%n%aN%n%aE%n%at%n%ct%n%P%n%D%n%B -z --shortstat --diff-merges=first-parent -n50 --skip=0 --topo-order --decorate=full 0fa58782567d39b78a79b05ba4215ba60fff69b9 [8ms]
2024-09-15 22:34:17.341 [info] > git log --format=%H%n%aN%n%aE%n%at%n%ct%n%P%n%D%n%B -z --shortstat --diff-merges=first-parent -n50 --skip=0 --topo-order --decorate=full 0fa58782567d39b78a79b05ba4215ba60fff69b9 [8ms]
2024-09-15 22:34:19.536 [info] > git log --format=%H%n%aN%n%aE%n%at%n%ct%n%P%n%D%n%B -z --shortstat --diff-merges=first-parent -n50 --skip=0 --topo-order --decorate=full 72dc4a4c8e486eb6c2a7dc79d5735c7b7256f412 [12ms]
2024-09-15 22:34:35.335 [info] > git diff-tree -r --name-status -z --diff-filter=ADMR 5e60f9b1340ae249d66755fe136000643961fe04 f57b60432605bb5167393ecfc743cf956dc27b20 [4ms]
2024-09-15 22:34:35.390 [info] > git show --textconv 5e60f9b1340ae249d66755fe136000643961fe04:.DS_store [14ms]
2024-09-15 22:34:35.390 [info] > git show --textconv f57b60432605bb5167393ecfc743cf956dc27b20:.DS_store [11ms]
2024-09-15 22:34:35.391 [info] > git ls-tree -l 5e60f9b1340ae249d66755fe136000643961fe04 -- /root/repos/website/.DS_store [6ms]
2024-09-15 22:34:35.396 [info] > git ls-tree -l f57b60432605bb5167393ecfc743cf956dc27b20 -- /root/repos/website/.DS_store [8ms]
2024-09-15 22:34:35.900 [info] > git check-ignore -v -z --stdin [1ms]
2024-09-15 22:34:36.194 [info] > git diff-tree -r --name-status -z --diff-filter=ADMR f57b60432605bb5167393ecfc743cf956dc27b20 8cc83a38489f0f0b54912bc2ceade80d401dfb85 [2ms]
2024-09-15 22:34:36.263 [info] > git show --textconv f57b60432605bb5167393ecfc743cf956dc27b20:.gitignore [13ms]
2024-09-15 22:34:36.263 [info] > git show --textconv 8cc83a38489f0f0b54912bc2ceade80d401dfb85:.gitignore [10ms]
2024-09-15 22:34:36.264 [info] > git ls-tree -l f57b60432605bb5167393ecfc743cf956dc27b20 -- /root/repos/website/.gitignore [7ms]
2024-09-15 22:34:36.266 [info] > git ls-tree -l 8cc83a38489f0f0b54912bc2ceade80d401dfb85 -- /root/repos/website/.gitignore [5ms]
2024-09-15 22:34:36.768 [info] > git check-ignore -v -z --stdin [7ms]
2024-09-15 22:34:37.012 [info] > git diff-tree -r --name-status -z --diff-filter=ADMR 8cc83a38489f0f0b54912bc2ceade80d401dfb85 26fadc9cd156d4d67b61f07f44db4d8c6e48a6ed [3ms]
2024-09-15 22:34:37.084 [info] > git show --textconv 8cc83a38489f0f0b54912bc2ceade80d401dfb85:bar [13ms]
2024-09-15 22:34:37.084 [info] > git show --textconv 26fadc9cd156d4d67b61f07f44db4d8c6e48a6ed:bar [9ms]
2024-09-15 22:34:37.085 [info] > git ls-tree -l 8cc83a38489f0f0b54912bc2ceade80d401dfb85 -- /root/repos/website/bar [6ms]
2024-09-15 22:34:37.086 [info] > git ls-tree -l 26fadc9cd156d4d67b61f07f44db4d8c6e48a6ed -- /root/repos/website/bar [3ms]
2024-09-15 22:34:37.577 [info] > git check-ignore -v -z --stdin [4ms]
2024-09-15 22:34:37.877 [info] > git diff-tree -r --name-status -z --diff-filter=ADMR 9f4c0a355ebd4bedb3d4bca5e5266c3032857017 1d41fecc6058e741d0fc8763858e9d6c212bc5cf [3ms]
2024-09-15 22:34:37.916 [info] > git show --textconv 9f4c0a355ebd4bedb3d4bca5e5266c3032857017:tmp/website-copy [16ms]
2024-09-15 22:34:37.916 [info] > git show --textconv 1d41fecc6058e741d0fc8763858e9d6c212bc5cf:tmp/website-copy [12ms]
2024-09-15 22:34:37.917 [info] > git ls-tree -l 9f4c0a355ebd4bedb3d4bca5e5266c3032857017 -- /root/repos/website/tmp/website-copy [9ms]
2024-09-15 22:34:37.921 [info] > git ls-tree -l 1d41fecc6058e741d0fc8763858e9d6c212bc5cf -- /root/repos/website/tmp/website-copy [6ms]
2024-09-15 22:34:38.421 [info] > git check-ignore -v -z --stdin [1ms]
2024-09-15 22:34:40.471 [info] > git diff-tree -r --name-status -z --diff-filter=ADMR 56c86273ab8b103c3d6bba429aa9c649121daacd 80201a388465fb38aad2f1ca89239eed889dc2e6 [3ms]
2024-09-15 22:34:40.529 [info] > git show --textconv 56c86273ab8b103c3d6bba429aa9c649121daacd:about.html [35ms]
2024-09-15 22:34:40.529 [info] > git show --textconv 80201a388465fb38aad2f1ca89239eed889dc2e6:about.html [32ms]
2024-09-15 22:34:40.529 [info] > git show --textconv 56c86273ab8b103c3d6bba429aa9c649121daacd:images/polar_bear.jpg [26ms]
2024-09-15 22:34:40.529 [info] > git show --textconv 80201a388465fb38aad2f1ca89239eed889dc2e6:images/polar_bear.jpg [22ms]
2024-09-15 22:34:40.529 [info] > git ls-tree -l 56c86273ab8b103c3d6bba429aa9c649121daacd -- /root/repos/website/images/polar_bear.jpg [7ms]
2024-09-15 22:34:40.530 [info] > git ls-tree -l 80201a388465fb38aad2f1ca89239eed889dc2e6 -- /root/repos/website/about.html [12ms]
2024-09-15 22:34:40.530 [info] > git ls-tree -l 56c86273ab8b103c3d6bba429aa9c649121daacd -- /root/repos/website/about.html [17ms]
2024-09-15 22:34:40.534 [info] > git ls-tree -l 80201a388465fb38aad2f1ca89239eed889dc2e6 -- /root/repos/website/images/polar_bear.jpg [8ms]
2024-09-15 22:34:41.032 [info] > git check-ignore -v -z --stdin [1ms]
2024-09-15 22:34:42.971 [info] > git diff-tree -r --name-status -z --diff-filter=ADMR 9df7df7b7be5c53dc3d56fb7df3cc321d4b9eec4 56c86273ab8b103c3d6bba429aa9c649121daacd [3ms]
2024-09-15 22:34:43.026 [info] > git show --textconv 9df7df7b7be5c53dc3d56fb7df3cc321d4b9eec4:about.html [29ms]
2024-09-15 22:34:43.026 [info] > git show --textconv 9df7df7b7be5c53dc3d56fb7df3cc321d4b9eec4:tmp/website-copy [25ms]
2024-09-15 22:34:43.026 [info] > git show --textconv 56c86273ab8b103c3d6bba429aa9c649121daacd:tmp/website-copy [20ms]
2024-09-15 22:34:43.026 [info] > git ls-tree -l 9df7df7b7be5c53dc3d56fb7df3cc321d4b9eec4 -- /root/repos/website/tmp/website-copy [9ms]
2024-09-15 22:34:43.027 [info] > git ls-tree -l 9df7df7b7be5c53dc3d56fb7df3cc321d4b9eec4 -- /root/repos/website/about.html [16ms]
2024-09-15 22:34:43.028 [info] > git ls-tree -l 56c86273ab8b103c3d6bba429aa9c649121daacd -- /root/repos/website/tmp/website-copy [6ms]
2024-09-15 22:34:43.536 [info] > git check-ignore -v -z --stdin [1ms]
2024-09-15 22:35:01.085 [info] > git show --textconv :.git/COMMIT_EDITMSG [5ms]
2024-09-15 22:35:01.087 [info] > git ls-files --stage -- /root/repos/sample_website/.git/COMMIT_EDITMSG [2ms]
2024-09-15 22:35:58.913 [info] > git show --textconv 9df7df7b7be5c53dc3d56fb7df3cc321d4b9eec4:tmp/website-copy [28ms]
2024-09-15 22:35:58.913 [info] > git show --textconv 56c86273ab8b103c3d6bba429aa9c649121daacd:tmp/website-copy [23ms]
2024-09-15 22:35:58.913 [info] > git ls-tree -l 9df7df7b7be5c53dc3d56fb7df3cc321d4b9eec4 -- /root/repos/website/tmp/website-copy [7ms]
2024-09-15 22:35:58.914 [info] > git ls-tree -l 56c86273ab8b103c3d6bba429aa9c649121daacd -- /root/repos/website/about.html [13ms]
2024-09-15 22:35:58.914 [info] > git ls-tree -l 9df7df7b7be5c53dc3d56fb7df3cc321d4b9eec4 -- /root/repos/website/about.html [18ms]
2024-09-15 22:35:58.918 [info] > git ls-tree -l 56c86273ab8b103c3d6bba429aa9c649121daacd -- /root/repos/website/tmp/website-copy [7ms]
2024-09-15 22:36:06.242 [info] > git log --format=%H%n%aN%n%aE%n%at%n%ct%n%P%n%D%n%B -z -n230 --follow -- /root/repos/sample_website/index.html [5ms]
2024-09-15 22:36:06.383 [info] > git show --textconv :index.html [7ms]
2024-09-15 22:36:06.384 [info] > git ls-files --stage -- /root/repos/sample_website/index.html [2ms]
2024-09-15 22:36:06.395 [info] > git cat-file -s 6a3972221f43dac1f8f101b5067d69d2c14052ef [3ms]
2024-09-15 22:36:20.506 [info] > git log --format=%H%n%aN%n%aE%n%at%n%ct%n%P%n%D%n%B -z -n120 --follow -- /root/repos/website/index.html [8ms]
2024-09-15 22:36:20.718 [info] > git show --textconv :index.html [6ms]
2024-09-15 22:36:20.720 [info] > git ls-files --stage -- /root/repos/website/index.html [2ms]
2024-09-15 22:36:20.726 [info] > git cat-file -s 2cfbd5069e93614b44a777b6700e1385cf5cd24e [1ms]
2024-09-15 22:37:00.866 [info] > git show --textconv 9df7df7b7be5c53dc3d56fb7df3cc321d4b9eec4:tmp/website-copy [31ms]
2024-09-15 22:37:00.866 [info] > git show --textconv 56c86273ab8b103c3d6bba429aa9c649121daacd:tmp/website-copy [24ms]
2024-09-15 22:37:00.867 [info] > git ls-tree -l 9df7df7b7be5c53dc3d56fb7df3cc321d4b9eec4 -- /root/repos/website/tmp/website-copy [8ms]
2024-09-15 22:37:00.867 [info] > git ls-tree -l 56c86273ab8b103c3d6bba429aa9c649121daacd -- /root/repos/website/about.html [13ms]
2024-09-15 22:37:00.868 [info] > git ls-tree -l 9df7df7b7be5c53dc3d56fb7df3cc321d4b9eec4 -- /root/repos/website/about.html [20ms]
2024-09-15 22:37:00.869 [info] > git ls-tree -l 56c86273ab8b103c3d6bba429aa9c649121daacd -- /root/repos/website/tmp/website-copy [5ms]
2024-09-15 22:39:49.797 [info] > git show --textconv 9df7df7b7be5c53dc3d56fb7df3cc321d4b9eec4:tmp/website-copy [33ms]
2024-09-15 22:39:49.797 [info] > git show --textconv 56c86273ab8b103c3d6bba429aa9c649121daacd:tmp/website-copy [26ms]
2024-09-15 22:39:49.797 [info] > git ls-tree -l 9df7df7b7be5c53dc3d56fb7df3cc321d4b9eec4 -- /root/repos/website/tmp/website-copy [9ms]
2024-09-15 22:39:49.798 [info] > git ls-tree -l 56c86273ab8b103c3d6bba429aa9c649121daacd -- /root/repos/website/about.html [15ms]
2024-09-15 22:39:49.799 [info] > git ls-tree -l 9df7df7b7be5c53dc3d56fb7df3cc321d4b9eec4 -- /root/repos/website/about.html [21ms]
2024-09-15 22:39:49.800 [info] > git ls-tree -l 56c86273ab8b103c3d6bba429aa9c649121daacd -- /root/repos/website/tmp/website-copy [6ms]
2024-09-15 22:40:16.061 [info] > git log --format=%H%n%aN%n%aE%n%at%n%ct%n%P%n%D%n%B -z --shortstat --diff-merges=first-parent -n50 --skip=0 --topo-order --decorate=full 0fa58782567d39b78a79b05ba4215ba60fff69b9 [7ms]
2024-09-15 22:40:16.070 [info] > git log --format=%H%n%aN%n%aE%n%at%n%ct%n%P%n%D%n%B -z --shortstat --diff-merges=first-parent -n50 --skip=0 --topo-order --decorate=full 72dc4a4c8e486eb6c2a7dc79d5735c7b7256f412 [11ms]
2024-09-15 22:40:16.134 [info] > git log --format=%H%n%aN%n%aE%n%at%n%ct%n%P%n%D%n%B -z --shortstat --diff-merges=first-parent -n50 --skip=0 --topo-order --decorate=full 0fa58782567d39b78a79b05ba4215ba60fff69b9 [6ms]
2024-09-15 22:40:16.207 [info] > git log --format=%H%n%aN%n%aE%n%at%n%ct%n%P%n%D%n%B -z --shortstat --diff-merges=first-parent -n50 --skip=0 --topo-order --decorate=full 72dc4a4c8e486eb6c2a7dc79d5735c7b7256f412 [9ms]
2024-09-15 22:40:30.285 [info] > git log --format=%H%n%aN%n%aE%n%at%n%ct%n%P%n%D%n%B -z -n120 --follow -- /root/repos/website/second website/index.html [11ms]
2024-09-15 22:40:30.455 [info] > git show --textconv :second website/index.html [6ms]
2024-09-15 22:40:30.456 [info] > git ls-files --stage -- /root/repos/website/second website/index.html [2ms]
2024-09-15 22:40:30.462 [info] > git cat-file -s 1655f8ceaac0316eca164f8225cf768a1b30c5dc [2ms]
2024-09-15 22:40:31.147 [info] > git log --format=%H%n%aN%n%aE%n%at%n%ct%n%P%n%D%n%B -z -n120 --follow -- /root/repos/website/about.html [15ms]
2024-09-15 22:40:31.358 [info] > git show --textconv :about.html [4ms]
2024-09-15 22:40:31.359 [info] > git ls-files --stage -- /root/repos/website/about.html [2ms]
2024-09-15 22:40:31.366 [info] > git cat-file -s 003aec14bf14c1499da6fd326e335e9d6d8ef4de [3ms]
2024-09-15 22:40:35.018 [info] > git log --format=%H%n%aN%n%aE%n%at%n%ct%n%P%n%D%n%B -z -n120 --follow -- /root/repos/website/baz [4ms]
2024-09-15 22:40:35.228 [info] > git show --textconv :baz [5ms]
2024-09-15 22:40:35.229 [info] > git ls-files --stage -- /root/repos/website/baz [2ms]
2024-09-15 22:40:35.236 [info] > git cat-file -s e69de29bb2d1d6434b8b29ae775ad8c2e48c5391 [2ms]
2024-09-15 22:40:36.760 [info] > git log --format=%H%n%aN%n%aE%n%at%n%ct%n%P%n%D%n%B -z -n120 --follow -- /root/repos/website/foo [5ms]
2024-09-15 22:40:36.944 [info] > git show --textconv :foo [4ms]
2024-09-15 22:40:36.946 [info] > git ls-files --stage -- /root/repos/website/foo [2ms]
2024-09-15 22:40:36.951 [info] > git cat-file -s e69de29bb2d1d6434b8b29ae775ad8c2e48c5391 [1ms]
2024-09-15 22:40:37.580 [info] > git log --format=%H%n%aN%n%aE%n%at%n%ct%n%P%n%D%n%B -z -n120 --follow -- /root/repos/website/index.html [9ms]
2024-09-15 22:40:37.767 [info] > git show --textconv :index.html [6ms]
2024-09-15 22:40:37.769 [info] > git ls-files --stage -- /root/repos/website/index.html [4ms]
2024-09-15 22:40:37.778 [info] > git cat-file -s 2cfbd5069e93614b44a777b6700e1385cf5cd24e [3ms]
2024-09-15 22:40:38.617 [info] > git log --format=%H%n%aN%n%aE%n%at%n%ct%n%P%n%D%n%B -z -n120 --follow -- /root/repos/website/README.md [6ms]
2024-09-15 22:40:39.245 [info] > git show --textconv :README.md [283ms]
2024-09-15 22:40:39.246 [info] > git ls-files --stage -- /root/repos/website/README.md [278ms]
2024-09-15 22:40:39.253 [info] > git cat-file -s ffaadf8261ce84146d2ff8b3407171054b3c67b6 [4ms]
