2024-09-06 23:46:06.603 [info] [main] ログ レベル: Info
2024-09-06 23:46:06.603 [info] [main] Git の検証が検出されました: "git"
2024-09-06 23:46:06.603 [info] [main] "git" から Git "2.34.1" を使用しています
2024-09-06 23:46:06.603 [info] [Model][doInitialScan] Initial repository scan started
2024-09-06 23:46:06.604 [info] > git rev-parse --show-toplevel [57ms]
2024-09-06 23:46:06.613 [info] > git rev-parse --git-dir --git-common-dir [54ms]
2024-09-06 23:46:06.680 [info] [Model][openRepository] Opened repository: /mnt/c/Users/user
2024-09-06 23:46:06.854 [info] > git config --get commit.template [15ms]
2024-09-06 23:46:06.886 [info] > git rev-parse --show-toplevel [15ms]
2024-09-06 23:46:06.897 [info] > git for-each-ref --format=%(refname)%00%(upstream:short)%00%(objectname)%00%(upstream:track)%00%(upstream:remotename)%00%(upstream:remoteref) refs/heads/main refs/remotes/main [39ms]
2024-09-06 23:46:06.898 [warning] [Git][getBranch] No such branch: main
2024-09-06 23:46:06.925 [info] > git rev-parse --show-toplevel [33ms]
2024-09-06 23:46:06.965 [info] > git rev-parse --show-toplevel [32ms]
2024-09-06 23:46:07.023 [info] > git rev-parse --show-toplevel [51ms]
2024-09-06 23:46:07.170 [info] > git rev-parse --show-toplevel [134ms]
2024-09-06 23:46:07.214 [info] > git rev-parse --show-toplevel [35ms]
2024-09-06 23:46:07.251 [info] > git rev-parse --show-toplevel [30ms]
2024-09-06 23:46:07.292 [info] > git rev-parse --show-toplevel [35ms]
2024-09-06 23:46:07.335 [info] > git rev-parse --show-toplevel [34ms]
2024-09-06 23:46:07.372 [info] > git rev-parse --show-toplevel [28ms]
2024-09-06 23:46:07.400 [info] > git check-ignore -v -z --stdin [44ms]
2024-09-06 23:46:07.411 [info] > git rev-parse --show-toplevel [30ms]
2024-09-06 23:46:07.454 [info] > git rev-parse --show-toplevel [35ms]
2024-09-06 23:46:07.491 [info] > git rev-parse --show-toplevel [30ms]
2024-09-06 23:46:07.529 [info] > git rev-parse --show-toplevel [32ms]
2024-09-06 23:46:07.563 [info] > git rev-parse --show-toplevel [28ms]
2024-09-06 23:46:07.597 [info] > git rev-parse --show-toplevel [27ms]
2024-09-06 23:46:07.634 [info] > git rev-parse --show-toplevel [30ms]
2024-09-06 23:46:07.676 [info] > git rev-parse --show-toplevel [36ms]
2024-09-06 23:46:07.767 [info] > git rev-parse --show-toplevel [62ms]
2024-09-06 23:46:07.774 [info] [Model][doInitialScan] Initial repository scan completed - repositories (1), closed repositories (0), parent repositories (0), unsafe repositories (0)
2024-09-06 23:46:16.781 [info] > git check-ignore -v -z --stdin [64ms]
2024-09-06 23:46:16.872 [info] > git show --textconv :プログラム/lorem.html [42ms]
2024-09-06 23:46:17.157 [info] > git ls-files --stage -- /mnt/c/Users/user/プログラム/lorem.html [319ms]
2024-09-06 23:46:17.305 [info] > git check-ignore -v -z --stdin [43ms]
2024-09-06 23:46:28.100 [info] > git check-ignore -v -z --stdin [43ms]
2024-09-06 23:46:31.040 [info] > git show --textconv :プログラム/repos/sample_website/index.html [20ms]
2024-09-06 23:46:31.042 [info] > git ls-files --stage -- /mnt/c/Users/user/プログラム/repos/sample_website/index.html [19ms]
2024-09-06 23:46:33.924 [info] > git show --textconv :プログラム/indojin lorom [25ms]
2024-09-06 23:46:33.924 [info] > git ls-files --stage -- /mnt/c/Users/user/プログラム/indojin lorom [20ms]
2024-09-06 23:46:35.035 [info] > git show --textconv :プログラム/README.md [306ms]
2024-09-06 23:46:35.035 [info] > git ls-files --stage -- /mnt/c/Users/user/プログラム/README.md [298ms]
2024-09-06 23:46:35.730 [info] > git show --textconv :プログラム/lorem.html [29ms]
2024-09-06 23:46:35.733 [info] > git ls-files --stage -- /mnt/c/Users/user/プログラム/lorem.html [24ms]
2024-09-06 23:46:50.789 [info] > git rev-parse --show-toplevel [183ms]
2024-09-06 23:46:54.393 [info] > git status -z -uall [47482ms] (cancelled)
2024-09-06 23:46:59.560 [info] > git show --textconv :プログラム/lorem.html [20ms]
2024-09-06 23:46:59.566 [info] > git ls-files --stage -- /mnt/c/Users/user/プログラム/lorem.html [21ms]
2024-09-06 23:47:00.746 [info] > git show --textconv :プログラム/README.md [24ms]
2024-09-06 23:47:00.746 [info] > git ls-files --stage -- /mnt/c/Users/user/プログラム/README.md [19ms]
2024-09-06 23:47:02.782 [info] > git show --textconv :プログラム/lorem.html [28ms]
2024-09-06 23:47:02.787 [info] > git ls-files --stage -- /mnt/c/Users/user/プログラム/lorem.html [27ms]
2024-09-06 23:47:08.227 [info] > git for-each-ref --format=%(refname)%00%(upstream:short)%00%(objectname)%00%(upstream:track)%00%(upstream:remotename)%00%(upstream:remoteref) refs/heads/main refs/remotes/main [1892ms]
2024-09-06 23:47:08.227 [warning] [Git][getBranch] No such branch: main
2024-09-06 23:47:08.292 [info] > git config --get commit.template [74ms]
2024-09-06 23:47:08.392 [info] > git for-each-ref --format=%(refname)%00%(upstream:short)%00%(objectname)%00%(upstream:track)%00%(upstream:remotename)%00%(upstream:remoteref) refs/heads/main refs/remotes/main [87ms]
2024-09-06 23:47:08.393 [warning] [Git][getBranch] No such branch: main
2024-09-06 23:47:54.513 [info] > git status -z -uall [46114ms] (cancelled)
2024-09-06 23:47:54.513 [info] > git for-each-ref --format=%(refname)%00%(upstream:short)%00%(objectname)%00%(upstream:track)%00%(upstream:remotename)%00%(upstream:remoteref) refs/heads/main refs/remotes/main [1967ms]
2024-09-06 23:47:54.513 [warning] [Git][getBranch] No such branch: main
2024-09-06 23:48:18.246 [info] > git rev-parse --show-toplevel [7ms]
2024-09-06 23:48:22.242 [info] > git check-ignore -v -z --stdin [31ms]
