2024-10-03 22:52:23.325 [info] [main] ログ レベル: Info
2024-10-03 22:52:23.325 [info] [main] Git の検証が検出されました: "git"
2024-10-03 22:52:23.325 [info] [main] "git" から Git "2.34.1" を使用しています
2024-10-03 22:52:23.325 [info] [Model][doInitialScan] Initial repository scan started
2024-10-03 22:52:23.325 [info] > git rev-parse --show-toplevel [35ms]
2024-10-03 22:52:23.325 [info] > git rev-parse --git-dir --git-common-dir [39ms]
2024-10-03 22:52:23.325 [info] [Model][openRepository] Opened repository: /root
2024-10-03 22:52:23.342 [info] > git rev-parse --show-toplevel [24ms]
2024-10-03 22:52:23.344 [info] > git config --get commit.template [31ms]
2024-10-03 22:52:23.358 [info] > git rev-parse --git-dir --git-common-dir [9ms]
2024-10-03 22:52:23.369 [info] [Model][openRepository] Opened repository: /root/repos/SYSTEMA556.github.io
2024-10-03 22:52:23.390 [info] > git config --get commit.template [13ms]
2024-10-03 22:52:23.390 [info] > git for-each-ref --format=%(refname)%00%(upstream:short)%00%(objectname)%00%(upstream:track)%00%(upstream:remotename)%00%(upstream:remoteref) refs/heads/main refs/remotes/main [35ms]
2024-10-03 22:52:23.408 [info] > git for-each-ref --format=%(refname)%00%(upstream:short)%00%(objectname)%00%(upstream:track)%00%(upstream:remotename)%00%(upstream:remoteref) refs/heads/main refs/remotes/main [12ms]
2024-10-03 22:52:23.420 [info] > git rev-parse --show-toplevel [7ms]
2024-10-03 22:52:23.429 [info] > git rev-parse --show-toplevel [3ms]
2024-10-03 22:52:23.597 [info] > git status -z -uall [180ms]
2024-10-03 22:52:23.619 [info] > git rev-parse --show-toplevel [184ms]
2024-10-03 22:52:23.641 [info] > git for-each-ref --format=%(refname)%00%(upstream:short)%00%(objectname)%00%(upstream:track)%00%(upstream:remotename)%00%(upstream:remoteref) refs/heads/main refs/remotes/main [34ms]
2024-10-03 22:52:23.662 [info] > git rev-parse --show-toplevel [32ms]
2024-10-03 22:52:23.662 [info] > git config --get commit.template [39ms]
2024-10-03 22:52:23.671 [info] > git config --local branch.main.vscode-merge-base [14ms]
2024-10-03 22:52:23.672 [warning] [Git][config] git config failed: Failed to execute git
2024-10-03 22:52:23.714 [info] > git rev-parse --show-toplevel [47ms]
2024-10-03 22:52:23.760 [info] > git status -z -uall [356ms]
2024-10-03 22:52:23.761 [info] > git for-each-ref --format=%(refname)%00%(upstream:short)%00%(objectname)%00%(upstream:track)%00%(upstream:remotename)%00%(upstream:remoteref) refs/heads/main refs/remotes/main [81ms]
2024-10-03 22:52:23.839 [info] > git reflog main --grep-reflog=branch: Created from *. [162ms]
2024-10-03 22:52:23.852 [info] > git for-each-ref --format=%(refname)%00%(upstream:short)%00%(objectname)%00%(upstream:track)%00%(upstream:remotename)%00%(upstream:remoteref) refs/heads/main refs/remotes/main [80ms]
2024-10-03 22:52:23.858 [info] > git rev-parse --show-toplevel [102ms]
2024-10-03 22:52:23.865 [info] > git config --local branch.main.vscode-merge-base [8ms]
2024-10-03 22:52:23.865 [warning] [Git][config] git config failed: Failed to execute git
2024-10-03 22:52:23.871 [info] > git config --get commit.template [22ms]
2024-10-03 22:52:23.871 [info] > git symbolic-ref --short refs/remotes/origin/HEAD [29ms]
2024-10-03 22:52:23.872 [info] fatal: ref refs/remotes/origin/HEAD is not a symbolic ref
2024-10-03 22:52:24.060 [info] > git merge-base refs/heads/main refs/remotes/origin/main [182ms]
2024-10-03 22:52:24.068 [info] > git reflog main --grep-reflog=branch: Created from *. [198ms]
2024-10-03 22:52:24.072 [info] > git rev-parse --git-dir --git-common-dir [209ms]
2024-10-03 22:52:24.082 [info] [Model][openRepository] Opened repository: /root/.rbenv
2024-10-03 22:52:24.115 [info] > git check-ignore -v -z --stdin [27ms]
2024-10-03 22:52:24.117 [info] > git check-ignore -v -z --stdin [23ms]
2024-10-03 22:52:24.119 [info] > git status -z -uall [20ms]
2024-10-03 22:52:24.120 [info] > git symbolic-ref --short refs/remotes/origin/HEAD [49ms]
2024-10-03 22:52:24.120 [info] fatal: ref refs/remotes/origin/HEAD is not a symbolic ref
2024-10-03 22:52:24.125 [info] > git rev-list --count --left-right refs/heads/main...refs/remotes/origin/main [58ms]
2024-10-03 22:52:24.135 [info] > git merge-base refs/heads/main refs/remotes/origin/main [11ms]
2024-10-03 22:52:24.140 [info] > git rev-parse --show-toplevel [28ms]
2024-10-03 22:52:24.141 [info] > git config --get commit.template [33ms]
2024-10-03 22:52:24.141 [info] > git for-each-ref --format=%(refname)%00%(upstream:short)%00%(objectname)%00%(upstream:track)%00%(upstream:remotename)%00%(upstream:remoteref) refs/heads/main refs/remotes/main [37ms]
2024-10-03 22:52:24.160 [info] > git for-each-ref --format=%(refname)%00%(upstream:short)%00%(objectname)%00%(upstream:track)%00%(upstream:remotename)%00%(upstream:remoteref) refs/heads/main refs/remotes/main [12ms]
2024-10-03 22:52:24.167 [info] > git rev-list --count --left-right refs/heads/main...refs/remotes/origin/main [27ms]
2024-10-03 22:52:24.173 [info] > git diff --name-status -z --diff-filter=ADMR b346f4f17944465876448ad89fafcf84416be6fd...refs/remotes/origin/main [44ms]
2024-10-03 22:52:24.184 [info] > git diff --name-status -z --diff-filter=ADMR bd9d16f278f7c1f9d552dfe2d34230c84e18e4f0...refs/remotes/origin/main [12ms]
2024-10-03 22:52:24.185 [info] > git config --local branch.main.vscode-merge-base [19ms]
2024-10-03 22:52:24.185 [warning] [Git][config] git config failed: Failed to execute git
2024-10-03 22:52:24.192 [info] > git rev-parse --show-toplevel [36ms]
2024-10-03 22:52:24.214 [info] > git for-each-ref --format=%(refname)%00%(upstream:short)%00%(objectname)%00%(upstream:track)%00%(upstream:remotename)%00%(upstream:remoteref) refs/heads/master refs/remotes/master [32ms]
2024-10-03 22:52:24.224 [warning] [Git][revParse] Unable to read file: ENOENT: no such file or directory, open '/root/.rbenv/.git/refs/remotes/origin/master'
2024-10-03 22:52:24.231 [info] > git rev-parse --show-toplevel [33ms]
2024-10-03 22:52:24.233 [info] > git reflog main --grep-reflog=branch: Created from *. [41ms]
2024-10-03 22:52:24.245 [info] > git rev-parse refs/remotes/origin/master [22ms]
2024-10-03 22:52:24.260 [info] > git status -z -uall [10ms]
2024-10-03 22:52:24.275 [info] > git rev-parse --show-toplevel [31ms]
2024-10-03 22:52:24.276 [info] > git symbolic-ref --short refs/remotes/origin/HEAD [39ms]
2024-10-03 22:52:24.276 [info] fatal: ref refs/remotes/origin/HEAD is not a symbolic ref
2024-10-03 22:52:24.287 [info] > git for-each-ref --format=%(refname)%00%(upstream:short)%00%(objectname)%00%(upstream:track)%00%(upstream:remotename)%00%(upstream:remoteref) refs/heads/master refs/remotes/master [21ms]
2024-10-03 22:52:24.294 [info] > git rev-parse --show-toplevel [9ms]
2024-10-03 22:52:24.295 [info] > git config --get commit.template [14ms]
2024-10-03 22:52:24.305 [info] > git config --local branch.master.vscode-merge-base [13ms]
2024-10-03 22:52:24.322 [info] > git rev-parse --show-toplevel [19ms]
2024-10-03 22:52:24.328 [info] > git for-each-ref --format=%(refname)%00%(upstream:short)%00%(objectname)%00%(upstream:track)%00%(upstream:remotename)%00%(upstream:remoteref) refs/heads/master refs/remotes/master [10ms]
2024-10-03 22:52:24.329 [info] > git for-each-ref --format=%(refname)%00%(upstream:short)%00%(objectname)%00%(upstream:track)%00%(upstream:remotename)%00%(upstream:remoteref) refs/heads/origin/master refs/remotes/origin/master [19ms]
2024-10-03 22:52:24.342 [warning] [Git][revParse] Unable to read file: ENOENT: no such file or directory, open '/root/.rbenv/.git/refs/remotes/origin/master'
2024-10-03 22:52:24.344 [info] > git rev-parse --git-dir --git-common-dir [17ms]
2024-10-03 22:52:24.351 [info] [Model][openRepository] Opened repository: /root/repos
2024-10-03 22:52:24.384 [info] > git status -z -uall [164ms]
2024-10-03 22:52:24.385 [info] > git rev-parse refs/remotes/origin/master [43ms]
2024-10-03 22:52:24.427 [info] > git merge-base refs/heads/master refs/remotes/origin/master [89ms]
2024-10-03 22:52:24.456 [info] > git status -z -uall [65ms]
2024-10-03 22:52:24.457 [info] > git for-each-ref --format=%(refname)%00%(upstream:short)%00%(objectname)%00%(upstream:track)%00%(upstream:remotename)%00%(upstream:remoteref) refs/heads/main refs/remotes/main [55ms]
2024-10-03 22:52:24.470 [info] > git rev-parse --show-toplevel [101ms]
2024-10-03 22:52:24.470 [info] > git config --get commit.template [112ms]
2024-10-03 22:52:24.481 [info] > git for-each-ref --format=%(refname)%00%(upstream:short)%00%(objectname)%00%(upstream:track)%00%(upstream:remotename)%00%(upstream:remoteref) refs/heads/master refs/remotes/master [13ms]
2024-10-03 22:52:24.486 [info] > git config --local branch.main.vscode-merge-base [23ms]
2024-10-03 22:52:24.486 [warning] [Git][config] git config failed: Failed to execute git
2024-10-03 22:52:24.492 [info] > git rev-list --count --left-right refs/heads/master...refs/remotes/origin/master [59ms]
2024-10-03 22:52:24.644 [info] [Git][getRemotes] No remotes found in the git config file
2024-10-03 22:52:24.648 [info] > git diff --name-status -z --diff-filter=ADMR c335ab83de40d48093870d300de52c61bbd68359...refs/remotes/origin/master [151ms]
2024-10-03 22:52:24.649 [info] > git reflog main --grep-reflog=branch: Created from *. [158ms]
2024-10-03 22:52:24.653 [info] > git config --local branch.master.vscode-merge-base [168ms]
2024-10-03 22:52:24.658 [info] > git rev-parse --show-toplevel [181ms]
2024-10-03 22:52:24.665 [info] > git for-each-ref --format=%(refname)%00%(upstream:short)%00%(objectname)%00%(upstream:track)%00%(upstream:remotename)%00%(upstream:remoteref) refs/heads/origin/master refs/remotes/origin/master [7ms]
2024-10-03 22:52:24.666 [info] > git symbolic-ref --short refs/remotes/origin/HEAD [14ms]
2024-10-03 22:52:24.666 [info] fatal: ref refs/remotes/origin/HEAD is not a symbolic ref
2024-10-03 22:52:24.666 [info] > git for-each-ref --format=%(refname)%00%(upstream:short)%00%(objectname)%00%(upstream:track)%00%(upstream:remotename)%00%(upstream:remoteref) refs/heads/main refs/remotes/main [22ms]
2024-10-03 22:52:24.667 [warning] [Git][getBranch] No such branch: main
2024-10-03 22:52:24.672 [info] > git rev-parse --git-dir --git-common-dir [7ms]
2024-10-03 22:52:24.676 [info] [Model][openRepository] Opened repository: /root/sample_website
2024-10-03 22:52:24.688 [info] > git status -z -uall [18ms]
2024-10-03 22:52:24.714 [info] > git for-each-ref --format=%(refname)%00%(upstream:short)%00%(objectname)%00%(upstream:track)%00%(upstream:remotename)%00%(upstream:remoteref) refs/heads/main refs/remotes/main [21ms]
2024-10-03 22:52:24.714 [warning] [Git][getBranch] No such branch: main
2024-10-03 22:52:24.716 [info] > git rev-parse --show-toplevel [29ms]
2024-10-03 22:52:24.717 [info] > git config --get commit.template [33ms]
2024-10-03 22:52:24.723 [info] > git config --get commit.template [16ms]
2024-10-03 22:52:24.734 [info] [Git][getRemotes] No remotes found in the git config file
2024-10-03 22:52:24.735 [info] > git rev-parse --show-toplevel [13ms]
2024-10-03 22:52:24.743 [info] [Model][doInitialScan] Initial repository scan completed - repositories (5), closed repositories (0), parent repositories (0), unsafe repositories (0)
2024-10-03 22:52:24.753 [info] > git show --textconv :css/main.css [5ms]
2024-10-03 22:52:24.754 [info] > git for-each-ref --format=%(refname)%00%(upstream:short)%00%(objectname)%00%(upstream:track)%00%(upstream:remotename)%00%(upstream:remoteref) refs/heads/main refs/remotes/main [20ms]
2024-10-03 22:52:24.754 [warning] [Git][getBranch] No such branch: main
2024-10-03 22:52:24.758 [info] > git for-each-ref --format=%(refname)%00%(upstream:short)%00%(objectname)%00%(upstream:track)%00%(upstream:remotename)%00%(upstream:remoteref) refs/heads/main refs/remotes/main [29ms]
2024-10-03 22:52:24.764 [info] > git status -z -uall [7ms]
2024-10-03 22:52:24.770 [info] > git ls-files --stage -- /root/repos/SYSTEMA556.github.io/css/main.css [19ms]
2024-10-03 22:52:24.773 [info] > git status -z -uall [10ms]
2024-10-03 22:52:24.773 [info] > git for-each-ref --format=%(refname)%00%(upstream:short)%00%(objectname)%00%(upstream:track)%00%(upstream:remotename)%00%(upstream:remoteref) refs/heads/main refs/remotes/main [4ms]
2024-10-03 22:52:24.773 [warning] [Git][getBranch] No such branch: main
2024-10-03 22:52:24.790 [info] > git for-each-ref --format=%(refname)%00%(upstream:short)%00%(objectname)%00%(upstream:track)%00%(upstream:remotename)%00%(upstream:remoteref) refs/heads/main refs/remotes/main [11ms]
2024-10-03 22:52:24.799 [info] > git config --local branch.main.vscode-merge-base [5ms]
2024-10-03 22:52:24.799 [warning] [Git][config] git config failed: Failed to execute git
2024-10-03 22:52:24.804 [info] > git config --get commit.template [15ms]
2024-10-03 22:52:24.810 [info] > git reflog main --grep-reflog=branch: Created from *. [7ms]
2024-10-03 22:52:24.815 [info] > git for-each-ref --format=%(refname)%00%(upstream:short)%00%(objectname)%00%(upstream:track)%00%(upstream:remotename)%00%(upstream:remoteref) refs/heads/main refs/remotes/main [6ms]
2024-10-03 22:52:24.820 [info] > git symbolic-ref --short refs/remotes/origin/HEAD [6ms]
2024-10-03 22:52:24.820 [info] fatal: ref refs/remotes/origin/HEAD is not a symbolic ref
2024-10-03 22:52:24.822 [info] > git status -z -uall [3ms]
2024-10-03 22:52:24.832 [info] > git for-each-ref --format=%(refname)%00%(upstream:short)%00%(objectname)%00%(upstream:track)%00%(upstream:remotename)%00%(upstream:remoteref) refs/heads/main refs/remotes/main [5ms]
2024-10-03 22:52:24.839 [info] > git config --local branch.main.vscode-merge-base [2ms]
2024-10-03 22:52:24.839 [warning] [Git][config] git config failed: Failed to execute git
2024-10-03 22:52:24.848 [info] > git reflog main --grep-reflog=branch: Created from *. [4ms]
2024-10-03 22:52:24.853 [info] > git symbolic-ref --short refs/remotes/origin/HEAD [2ms]
2024-10-03 22:52:24.853 [info] fatal: ref refs/remotes/origin/HEAD is not a symbolic ref
2024-10-03 22:52:24.997 [info] > git check-ignore -v -z --stdin [13ms]
2024-10-03 22:52:24.998 [info] > git check-ignore -v -z --stdin [8ms]
2024-10-03 22:52:25.012 [info] > git check-ignore -v -z --stdin [18ms]
2024-10-03 22:52:25.013 [info] > git check-ignore -v -z --stdin [26ms]
2024-10-03 22:52:26.319 [info] > git check-ignore -v -z --stdin [17ms]
2024-10-03 22:52:26.320 [info] > git check-ignore -v -z --stdin [14ms]
2024-10-03 22:52:26.320 [info] > git check-ignore -v -z --stdin [10ms]
2024-10-03 22:52:26.321 [info] > git check-ignore -v -z --stdin [4ms]
2024-10-03 22:52:26.323 [info] > git check-ignore -v -z --stdin [9ms]
2024-10-03 22:52:32.791 [info] > git show --textconv :_layouts/default.html [4ms]
2024-10-03 22:52:32.792 [info] > git ls-files --stage -- /root/repos/SYSTEMA556.github.io/_layouts/default.html [3ms]
2024-10-03 22:52:34.301 [info] > git show --textconv :css/main.css [6ms]
2024-10-03 22:52:34.302 [info] > git ls-files --stage -- /root/repos/SYSTEMA556.github.io/css/main.css [3ms]
2024-10-03 22:54:21.418 [info] > git check-ignore -v -z --stdin [7ms]
2024-10-03 22:54:21.419 [info] > git check-ignore -v -z --stdin [3ms]
2024-10-03 22:54:26.331 [info] > git check-ignore -v -z --stdin [7ms]
2024-10-03 22:54:37.020 [info] > git show --textconv :_layouts/default.html [5ms]
2024-10-03 22:54:37.021 [info] > git ls-files --stage -- /root/repos/SYSTEMA556.github.io/_layouts/default.html [3ms]
2024-10-03 22:54:38.849 [info] > git check-ignore -v -z --stdin [6ms]
2024-10-03 22:55:13.751 [info] > git check-ignore -v -z --stdin [1ms]
2024-10-03 22:55:20.298 [info] > git show --textconv :css/testcss [8ms]
2024-10-03 22:55:20.303 [info] > git ls-files --stage -- /root/repos/SYSTEMA556.github.io/css/testcss [6ms]
2024-10-03 22:55:23.244 [info] > git show --textconv :_layouts/default.html [5ms]
2024-10-03 22:55:23.246 [info] > git ls-files --stage -- /root/repos/SYSTEMA556.github.io/_layouts/default.html [4ms]
2024-10-03 22:55:37.639 [info] > git check-ignore -v -z --stdin [3ms]
2024-10-03 22:56:40.634 [info] > git show --textconv :css/testtest.css [5ms]
2024-10-03 22:56:40.636 [info] > git ls-files --stage -- /root/repos/SYSTEMA556.github.io/css/testtest.css [3ms]
2024-10-03 22:56:49.010 [info] > git show --textconv :_layouts/default.html [6ms]
2024-10-03 22:56:49.011 [info] > git ls-files --stage -- /root/repos/SYSTEMA556.github.io/_layouts/default.html [3ms]
2024-10-03 22:57:34.061 [info] > git show --textconv :css/testtest.css [3ms]
2024-10-03 22:57:34.062 [info] > git ls-files --stage -- /root/repos/SYSTEMA556.github.io/css/testtest.css [2ms]
2024-10-03 22:57:48.018 [info] > git show --textconv :_layouts/default.html [4ms]
2024-10-03 22:57:48.020 [info] > git ls-files --stage -- /root/repos/SYSTEMA556.github.io/_layouts/default.html [2ms]
2024-10-03 22:57:50.593 [info] > git show --textconv :css/testtest.css [5ms]
2024-10-03 22:57:50.595 [info] > git ls-files --stage -- /root/repos/SYSTEMA556.github.io/css/testtest.css [3ms]
2024-10-03 22:57:52.334 [info] > git show --textconv :_layouts/default.html [6ms]
2024-10-03 22:57:52.336 [info] > git ls-files --stage -- /root/repos/SYSTEMA556.github.io/_layouts/default.html [3ms]
2024-10-03 22:58:04.769 [info] > git show --textconv :css/main.css [6ms]
2024-10-03 22:58:04.772 [info] > git ls-files --stage -- /root/repos/SYSTEMA556.github.io/css/main.css [4ms]
2024-10-03 22:58:09.904 [info] > git show --textconv :_layouts/default.html [5ms]
2024-10-03 22:58:09.906 [info] > git ls-files --stage -- /root/repos/SYSTEMA556.github.io/_layouts/default.html [3ms]
2024-10-03 22:58:11.566 [info] > git show --textconv :css/testtest.css [5ms]
2024-10-03 22:58:11.567 [info] > git ls-files --stage -- /root/repos/SYSTEMA556.github.io/css/testtest.css [2ms]
2024-10-03 22:58:49.396 [info] > git show --textconv :_layouts/default.html [5ms]
2024-10-03 22:58:49.399 [info] > git ls-files --stage -- /root/repos/SYSTEMA556.github.io/_layouts/default.html [3ms]
2024-10-03 22:59:57.568 [info] > git check-ignore -v -z --stdin [2ms]
2024-10-03 23:01:06.152 [info] > git show --textconv :css/main.css [7ms]
2024-10-03 23:01:06.153 [info] > git ls-files --stage -- /root/repos/SYSTEMA556.github.io/css/main.css [3ms]
2024-10-03 23:01:09.998 [info] > git check-ignore -v -z --stdin [5ms]
2024-10-03 23:01:12.065 [info] > git show --textconv :index.html [10ms]
2024-10-03 23:01:12.069 [info] > git ls-files --stage -- /root/repos/SYSTEMA556.github.io/index.html [5ms]
2024-10-03 23:01:12.080 [info] > git cat-file -s b8dd94766877fe069b4f93bae1b6ac17e0b9b608 [3ms]
2024-10-03 23:01:13.263 [info] > git show --textconv :tested.html [4ms]
2024-10-03 23:01:13.264 [info] > git ls-files --stage -- /root/repos/SYSTEMA556.github.io/tested.html [2ms]
2024-10-03 23:01:14.934 [info] > git check-ignore -v -z --stdin [4ms]
2024-10-03 23:01:19.320 [info] > git show --textconv :index.html [4ms]
2024-10-03 23:01:19.321 [info] > git ls-files --stage -- /root/repos/SYSTEMA556.github.io/index.html [2ms]
2024-10-03 23:01:19.326 [info] > git cat-file -s b8dd94766877fe069b4f93bae1b6ac17e0b9b608 [1ms]
2024-10-03 23:01:26.347 [info] > git show --textconv :_layouts/default.html [8ms]
2024-10-03 23:01:26.350 [info] > git ls-files --stage -- /root/repos/SYSTEMA556.github.io/_layouts/default.html [4ms]
2024-10-03 23:13:52.843 [info] > git show --textconv :css/testtest.css [4ms]
2024-10-03 23:13:52.844 [info] > git ls-files --stage -- /root/repos/SYSTEMA556.github.io/css/testtest.css [2ms]
2024-10-03 23:14:40.872 [info] > git show --textconv :css/main.css [3ms]
2024-10-03 23:14:40.874 [info] > git ls-files --stage -- /root/repos/SYSTEMA556.github.io/css/main.css [2ms]
2024-10-03 23:15:51.914 [info] > git show --textconv :css/testtest.css [5ms]
2024-10-03 23:15:51.915 [info] > git ls-files --stage -- /root/repos/SYSTEMA556.github.io/css/testtest.css [2ms]
2024-10-03 23:15:55.829 [info] > git show --textconv :_layouts/default.html [4ms]
2024-10-03 23:15:55.831 [info] > git ls-files --stage -- /root/repos/SYSTEMA556.github.io/_layouts/default.html [2ms]
2024-10-03 23:17:34.215 [info] > git show --textconv :css/testtest.css [6ms]
2024-10-03 23:17:34.216 [info] > git ls-files --stage -- /root/repos/SYSTEMA556.github.io/css/testtest.css [2ms]
2024-10-03 23:17:35.797 [info] > git show --textconv :_layouts/default.html [6ms]
2024-10-03 23:17:35.798 [info] > git ls-files --stage -- /root/repos/SYSTEMA556.github.io/_layouts/default.html [2ms]
2024-10-03 23:17:47.437 [info] > git check-ignore -v -z --stdin [1ms]
2024-10-03 23:17:50.307 [info] > git show --textconv :_layouts/default.html [7ms]
2024-10-03 23:17:50.309 [info] > git ls-files --stage -- /root/repos/SYSTEMA556.github.io/_layouts/default.html [4ms]
2024-10-03 23:19:24.969 [info] > git show --textconv :_layouts/default.html [6ms]
2024-10-03 23:19:24.971 [info] > git ls-files --stage -- /root/repos/SYSTEMA556.github.io/_layouts/default.html [2ms]
2024-10-03 23:19:27.529 [info] > git check-ignore -v -z --stdin [11ms]
2024-10-03 23:19:29.843 [info] > git show --textconv :_layouts/default.html [4ms]
2024-10-03 23:19:29.844 [info] > git ls-files --stage -- /root/repos/SYSTEMA556.github.io/_layouts/default.html [2ms]
2024-10-03 23:19:47.191 [info] > git show --textconv :_layouts/default.html [7ms]
2024-10-03 23:19:47.193 [info] > git ls-files --stage -- /root/repos/SYSTEMA556.github.io/_layouts/default.html [5ms]
2024-10-03 23:19:52.542 [info] > git check-ignore -v -z --stdin [6ms]
2024-10-03 23:19:58.171 [info] > git check-ignore -v -z --stdin [2ms]
2024-10-03 23:20:29.107 [info] > git show --textconv :_site/css/main.css [5ms]
2024-10-03 23:20:29.108 [info] > git ls-files --stage -- /root/repos/SYSTEMA556.github.io/_site/css/main.css [2ms]
2024-10-03 23:20:43.343 [info] > git show --textconv :css/main.css [13ms]
2024-10-03 23:20:43.348 [info] > git ls-files --stage -- /root/repos/SYSTEMA556.github.io/css/main.css [8ms]
2024-10-03 23:20:45.615 [info] > git show --textconv :css/testtest.css [4ms]
2024-10-03 23:20:45.616 [info] > git ls-files --stage -- /root/repos/SYSTEMA556.github.io/css/testtest.css [2ms]
2024-10-03 23:20:55.198 [info] > git show --textconv :_site/css/main.css [4ms]
2024-10-03 23:20:55.200 [info] > git ls-files --stage -- /root/repos/SYSTEMA556.github.io/_site/css/main.css [1ms]
2024-10-03 23:20:58.678 [info] > git show --textconv :css/testtest.css [6ms]
2024-10-03 23:20:58.679 [info] > git ls-files --stage -- /root/repos/SYSTEMA556.github.io/css/testtest.css [3ms]
2024-10-03 23:21:36.887 [info] > git show --textconv :_layouts/default.html [5ms]
2024-10-03 23:21:36.889 [info] > git ls-files --stage -- /root/repos/SYSTEMA556.github.io/_layouts/default.html [3ms]
2024-10-03 23:23:42.050 [info] > git show --textconv :css/testtest.css [5ms]
2024-10-03 23:23:42.052 [info] > git ls-files --stage -- /root/repos/SYSTEMA556.github.io/css/testtest.css [3ms]
2024-10-03 23:23:43.775 [info] > git show --textconv :index.html [7ms]
2024-10-03 23:23:43.777 [info] > git ls-files --stage -- /root/repos/SYSTEMA556.github.io/index.html [4ms]
2024-10-03 23:23:43.785 [info] > git cat-file -s b8dd94766877fe069b4f93bae1b6ac17e0b9b608 [4ms]
2024-10-03 23:23:45.925 [info] > git show --textconv :css/testtest.css [5ms]
2024-10-03 23:23:45.927 [info] > git ls-files --stage -- /root/repos/SYSTEMA556.github.io/css/testtest.css [3ms]
2024-10-03 23:23:52.043 [info] > git show --textconv :_layouts/default.html [6ms]
2024-10-03 23:23:52.044 [info] > git ls-files --stage -- /root/repos/SYSTEMA556.github.io/_layouts/default.html [3ms]
