2024-09-24 22:16:15.282 [info] [main] ログ レベル: Info
2024-09-24 22:16:15.282 [info] [main] Git の検証が検出されました: "git"
2024-09-24 22:16:15.282 [info] [main] "git" から Git "2.34.1" を使用しています
2024-09-24 22:16:15.282 [info] [Model][doInitialScan] Initial repository scan started
2024-09-24 22:16:15.282 [info] > git rev-parse --show-toplevel [27ms]
2024-09-24 22:16:15.283 [info] > git rev-parse --git-dir --git-common-dir [35ms]
2024-09-24 22:16:15.283 [info] [Model][openRepository] Opened repository: /root
2024-09-24 22:16:15.310 [info] > git config --get commit.template [67ms]
2024-09-24 22:16:15.370 [info] > git for-each-ref --format=%(refname)%00%(upstream:short)%00%(objectname)%00%(upstream:track)%00%(upstream:remotename)%00%(upstream:remoteref) refs/heads/main refs/remotes/main [46ms]
2024-09-24 22:16:15.436 [info] > git rev-parse --show-toplevel [38ms]
2024-09-24 22:16:15.519 [info] > git rev-parse --show-toplevel [71ms]
2024-09-24 22:16:15.534 [info] > git rev-parse --show-toplevel [5ms]
2024-09-24 22:16:15.550 [info] > git rev-parse --show-toplevel [3ms]
2024-09-24 22:16:15.568 [info] > git rev-parse --show-toplevel [11ms]
2024-09-24 22:16:15.584 [info] > git rev-parse --git-dir --git-common-dir [2ms]
2024-09-24 22:16:15.604 [info] [Model][openRepository] Opened repository: /root/.rbenv
2024-09-24 22:16:15.626 [info] > git rev-parse --show-toplevel [6ms]
2024-09-24 22:16:15.629 [info] > git config --get commit.template [14ms]
2024-09-24 22:16:15.657 [info] > git rev-parse --show-toplevel [21ms]
2024-09-24 22:16:15.670 [info] > git rev-parse --show-toplevel [5ms]
2024-09-24 22:16:15.677 [info] > git for-each-ref --format=%(refname)%00%(upstream:short)%00%(objectname)%00%(upstream:track)%00%(upstream:remotename)%00%(upstream:remoteref) refs/heads/master refs/remotes/master [24ms]
2024-09-24 22:16:15.679 [info] > git rev-parse --show-toplevel [4ms]
2024-09-24 22:16:15.687 [warning] [Git][revParse] Unable to read file: ENOENT: no such file or directory, open '/root/.rbenv/.git/refs/remotes/origin/master'
2024-09-24 22:16:15.698 [info] > git rev-parse refs/remotes/origin/master [12ms]
2024-09-24 22:16:15.707 [info] > git rev-parse --show-toplevel [13ms]
2024-09-24 22:16:15.718 [info] > git rev-parse --git-dir --git-common-dir [3ms]
2024-09-24 22:16:15.732 [info] [Model][openRepository] Opened repository: /root/repos
2024-09-24 22:16:15.749 [info] > git status -z -uall [46ms]
2024-09-24 22:16:15.790 [info] > git for-each-ref --format=%(refname)%00%(upstream:short)%00%(objectname)%00%(upstream:track)%00%(upstream:remotename)%00%(upstream:remoteref) refs/heads/master refs/remotes/master [32ms]
2024-09-24 22:16:15.799 [info] > git rev-parse --show-toplevel [51ms]
2024-09-24 22:16:15.801 [info] > git config --get commit.template [57ms]
2024-09-24 22:16:15.809 [info] > git config --local branch.master.vscode-merge-base [11ms]
2024-09-24 22:16:15.820 [info] > git config --get commit.template [38ms]
2024-09-24 22:16:15.825 [info] [Git][getRemotes] No remotes found in the git config file
2024-09-24 22:16:15.827 [info] > git rev-parse --show-toplevel [20ms]
2024-09-24 22:16:15.839 [info] > git for-each-ref --format=%(refname)%00%(upstream:short)%00%(objectname)%00%(upstream:track)%00%(upstream:remotename)%00%(upstream:remoteref) refs/heads/main refs/remotes/main [14ms]
2024-09-24 22:16:15.839 [warning] [Git][getBranch] No such branch: main
2024-09-24 22:16:15.844 [info] > git for-each-ref --format=%(refname)%00%(upstream:short)%00%(objectname)%00%(upstream:track)%00%(upstream:remotename)%00%(upstream:remoteref) refs/heads/origin/master refs/remotes/origin/master [25ms]
2024-09-24 22:16:15.884 [info] > git status -z -uall [460ms]
2024-09-24 22:16:15.884 [info] > git status -z -uall [40ms]
2024-09-24 22:16:15.901 [info] > git rev-parse --git-dir --git-common-dir [64ms]
2024-09-24 22:16:15.906 [info] [Model][openRepository] Opened repository: /root/sample_website
2024-09-24 22:16:15.907 [info] > git for-each-ref --format=%(refname)%00%(upstream:short)%00%(objectname)%00%(upstream:track)%00%(upstream:remotename)%00%(upstream:remoteref) refs/heads/master refs/remotes/master [76ms]
2024-09-24 22:16:15.924 [warning] [Git][revParse] Unable to read file: ENOENT: no such file or directory, open '/root/.rbenv/.git/refs/remotes/origin/master'
2024-09-24 22:16:15.935 [info] > git for-each-ref --format=%(refname)%00%(upstream:short)%00%(objectname)%00%(upstream:track)%00%(upstream:remotename)%00%(upstream:remoteref) refs/heads/main refs/remotes/main [44ms]
2024-09-24 22:16:15.935 [warning] [Git][getBranch] No such branch: main
2024-09-24 22:16:15.986 [info] > git merge-base refs/heads/master refs/remotes/origin/master [137ms]
2024-09-24 22:16:16.041 [info] > git rev-list --count --left-right refs/heads/master...refs/remotes/origin/master [50ms]
2024-09-24 22:16:16.046 [info] > git for-each-ref --format=%(refname)%00%(upstream:short)%00%(objectname)%00%(upstream:track)%00%(upstream:remotename)%00%(upstream:remoteref) refs/heads/main refs/remotes/main [94ms]
2024-09-24 22:16:16.051 [info] > git rev-parse refs/remotes/origin/master [127ms]
2024-09-24 22:16:16.056 [info] > git rev-parse --show-toplevel [135ms]
2024-09-24 22:16:16.057 [info] > git config --get commit.template [140ms]
2024-09-24 22:16:16.057 [info] > git config --get commit.template [145ms]
2024-09-24 22:16:16.221 [info] > git status -z -uall [165ms]
2024-09-24 22:16:16.232 [info] > git config --local branch.main.vscode-merge-base [181ms]
2024-09-24 22:16:16.232 [warning] [Git][config] git config failed: Failed to execute git
2024-09-24 22:16:16.239 [info] > git diff --name-status -z --diff-filter=ADMR c335ab83de40d48093870d300de52c61bbd68359...refs/remotes/origin/master [193ms]
2024-09-24 22:16:16.240 [info] > git config --get commit.template [212ms]
2024-09-24 22:16:16.246 [info] [Git][getRemotes] No remotes found in the git config file
2024-09-24 22:16:16.256 [info] > git for-each-ref --format=%(refname)%00%(upstream:short)%00%(objectname)%00%(upstream:track)%00%(upstream:remotename)%00%(upstream:remoteref) refs/heads/master refs/remotes/master [28ms]
2024-09-24 22:16:16.261 [info] > git rev-parse --show-toplevel [74ms]
2024-09-24 22:16:16.266 [info] [Model][doInitialScan] Initial repository scan completed - repositories (4), closed repositories (0), parent repositories (0), unsafe repositories (0)
2024-09-24 22:16:16.272 [info] > git config --local branch.master.vscode-merge-base [12ms]
2024-09-24 22:16:16.276 [info] > git for-each-ref --format=%(refname)%00%(upstream:short)%00%(objectname)%00%(upstream:track)%00%(upstream:remotename)%00%(upstream:remoteref) refs/heads/main refs/remotes/main [31ms]
2024-09-24 22:16:16.276 [warning] [Git][getBranch] No such branch: main
2024-09-24 22:16:16.281 [info] > git reflog main --grep-reflog=branch: Created from *. [43ms]
2024-09-24 22:16:16.313 [info] > git status -z -uall [33ms]
2024-09-24 22:16:16.314 [info] > git check-ignore -v -z --stdin [11ms]
2024-09-24 22:16:16.327 [info] > git check-ignore -v -z --stdin [30ms]
2024-09-24 22:16:16.346 [info] > git for-each-ref --format=%(refname)%00%(upstream:short)%00%(objectname)%00%(upstream:track)%00%(upstream:remotename)%00%(upstream:remoteref) refs/heads/origin/master refs/remotes/origin/master [70ms]
2024-09-24 22:16:16.347 [info] > git for-each-ref --format=%(refname)%00%(upstream:short)%00%(objectname)%00%(upstream:track)%00%(upstream:remotename)%00%(upstream:remoteref) refs/heads/main refs/remotes/main [77ms]
2024-09-24 22:16:16.347 [info] > git for-each-ref --format=%(refname)%00%(upstream:short)%00%(objectname)%00%(upstream:track)%00%(upstream:remotename)%00%(upstream:remoteref) refs/heads/main refs/remotes/main [97ms]
2024-09-24 22:16:16.354 [info] > git for-each-ref --format=%(refname)%00%(upstream:short)%00%(objectname)%00%(upstream:track)%00%(upstream:remotename)%00%(upstream:remoteref) refs/heads/main refs/remotes/main [11ms]
2024-09-24 22:16:16.354 [warning] [Git][getBranch] No such branch: main
2024-09-24 22:16:16.355 [info] > git symbolic-ref --short refs/remotes/origin/HEAD [64ms]
2024-09-24 22:16:16.355 [info] fatal: ref refs/remotes/origin/HEAD is not a symbolic ref
2024-09-24 22:16:16.361 [info] > git status -z -uall [10ms]
2024-09-24 22:16:16.379 [info] > git for-each-ref --format=%(refname)%00%(upstream:short)%00%(objectname)%00%(upstream:track)%00%(upstream:remotename)%00%(upstream:remoteref) refs/heads/main refs/remotes/main [12ms]
2024-09-24 22:16:16.386 [info] > git merge-base refs/heads/main refs/remotes/origin/main [26ms]
2024-09-24 22:16:16.409 [info] > git config --local branch.main.vscode-merge-base [20ms]
2024-09-24 22:16:16.410 [warning] [Git][config] git config failed: Failed to execute git
2024-09-24 22:16:16.421 [info] > git config --get commit.template [47ms]
2024-09-24 22:16:16.435 [info] > git rev-list --count --left-right refs/heads/main...refs/remotes/origin/main [32ms]
2024-09-24 22:16:16.459 [info] > git diff --name-status -z --diff-filter=ADMR bd9d16f278f7c1f9d552dfe2d34230c84e18e4f0...refs/remotes/origin/main [18ms]
2024-09-24 22:16:16.460 [info] > git reflog main --grep-reflog=branch: Created from *. [39ms]
2024-09-24 22:16:16.467 [info] > git for-each-ref --format=%(refname)%00%(upstream:short)%00%(objectname)%00%(upstream:track)%00%(upstream:remotename)%00%(upstream:remoteref) refs/heads/main refs/remotes/main [11ms]
2024-09-24 22:16:16.477 [info] > git status -z -uall [3ms]
2024-09-24 22:16:16.477 [info] > git symbolic-ref --short refs/remotes/origin/HEAD [13ms]
2024-09-24 22:16:16.477 [info] fatal: ref refs/remotes/origin/HEAD is not a symbolic ref
2024-09-24 22:16:16.494 [info] > git for-each-ref --format=%(refname)%00%(upstream:short)%00%(objectname)%00%(upstream:track)%00%(upstream:remotename)%00%(upstream:remoteref) refs/heads/main refs/remotes/main [10ms]
2024-09-24 22:16:16.505 [info] > git config --local branch.main.vscode-merge-base [5ms]
2024-09-24 22:16:16.505 [warning] [Git][config] git config failed: Failed to execute git
2024-09-24 22:16:16.516 [info] > git reflog main --grep-reflog=branch: Created from *. [5ms]
2024-09-24 22:16:16.525 [info] > git symbolic-ref --short refs/remotes/origin/HEAD [2ms]
2024-09-24 22:16:16.525 [info] fatal: ref refs/remotes/origin/HEAD is not a symbolic ref
2024-09-24 22:16:16.554 [info] > git status -z -uall [157ms]
2024-09-24 22:16:16.623 [info] > git for-each-ref --format=%(refname)%00%(upstream:short)%00%(objectname)%00%(upstream:track)%00%(upstream:remotename)%00%(upstream:remoteref) refs/heads/main refs/remotes/main [54ms]
2024-09-24 22:16:16.654 [info] > git config --local branch.main.vscode-merge-base [13ms]
2024-09-24 22:16:16.654 [warning] [Git][config] git config failed: Failed to execute git
2024-09-24 22:16:16.792 [info] > git reflog main --grep-reflog=branch: Created from *. [133ms]
2024-09-24 22:16:16.798 [info] > git symbolic-ref --short refs/remotes/origin/HEAD [3ms]
2024-09-24 22:16:16.798 [info] fatal: ref refs/remotes/origin/HEAD is not a symbolic ref
2024-09-24 22:51:10.885 [info] > git show --textconv :SYSTEMA556.github.io/index.html [16ms]
2024-09-24 22:51:10.888 [info] > git ls-files --stage -- /root/repos/SYSTEMA556.github.io/index.html [5ms]
2024-09-24 22:51:11.023 [info] > git check-ignore -v -z --stdin [3ms]
2024-09-24 22:51:21.811 [info] > git check-ignore -v -z --stdin [18ms]
2024-09-24 22:51:21.812 [info] > git check-ignore -v -z --stdin [15ms]
2024-09-24 22:51:21.813 [info] > git check-ignore -v -z --stdin [9ms]
2024-09-24 22:51:21.813 [info] > git check-ignore -v -z --stdin [5ms]
2024-09-24 22:52:14.949 [info] > git show --textconv :SYSTEMA556.github.io/index.html [5ms]
2024-09-24 22:52:14.951 [info] > git ls-files --stage -- /root/repos/SYSTEMA556.github.io/index.html [3ms]
2024-09-24 22:53:23.913 [info] > git show --textconv :SYSTEMA556.github.io/index.html [7ms]
2024-09-24 22:53:23.915 [info] > git ls-files --stage -- /root/repos/SYSTEMA556.github.io/index.html [3ms]
2024-09-24 22:54:47.475 [info] > git show --textconv :SYSTEMA556.github.io/index.html [6ms]
2024-09-24 22:54:47.476 [info] > git ls-files --stage -- /root/repos/SYSTEMA556.github.io/index.html [2ms]
2024-09-24 22:55:50.239 [info] > git show --textconv :SYSTEMA556.github.io/index.html [5ms]
2024-09-24 22:55:50.241 [info] > git ls-files --stage -- /root/repos/SYSTEMA556.github.io/index.html [3ms]
2024-09-24 22:55:57.483 [info] > git check-ignore -v -z --stdin [5ms]
2024-09-24 22:56:04.991 [info] > git check-ignore -v -z --stdin [5ms]
2024-09-24 22:57:17.893 [info] > git show --textconv :SYSTEMA556.github.io/index.html [4ms]
2024-09-24 22:57:17.894 [info] > git ls-files --stage -- /root/repos/SYSTEMA556.github.io/index.html [2ms]
2024-09-24 22:58:43.695 [info] > git show --textconv :SYSTEMA556.github.io/index.html [4ms]
2024-09-24 22:58:43.698 [info] > git ls-files --stage -- /root/repos/SYSTEMA556.github.io/index.html [4ms]
2024-09-24 23:00:16.352 [info] > git show --textconv :SYSTEMA556.github.io/index.html [4ms]
2024-09-24 23:00:16.353 [info] > git ls-files --stage -- /root/repos/SYSTEMA556.github.io/index.html [2ms]
2024-09-24 23:01:01.154 [info] > git show --textconv :SYSTEMA556.github.io/index.html [7ms]
2024-09-24 23:01:01.157 [info] > git ls-files --stage -- /root/repos/SYSTEMA556.github.io/index.html [4ms]
2024-09-24 23:01:13.820 [info] > git show --textconv :SYSTEMA556.github.io/index.html [4ms]
2024-09-24 23:01:13.822 [info] > git ls-files --stage -- /root/repos/SYSTEMA556.github.io/index.html [3ms]
