2024-09-07 20:41:22.225 [info] [main] ログ レベル: Info
2024-09-07 20:41:22.225 [info] [main] Git の検証が検出されました: "git"
2024-09-07 20:41:22.225 [info] [main] "git" から Git "2.34.1" を使用しています
2024-09-07 20:41:22.225 [info] [Model][doInitialScan] Initial repository scan started
2024-09-07 20:41:22.238 [info] > git rev-parse --show-toplevel [13ms]
2024-09-07 20:41:22.285 [info] > git rev-parse --git-dir --git-common-dir [4ms]
2024-09-07 20:41:22.308 [info] [Model][openRepository] Opened repository: /root/repos/website
2024-09-07 20:41:22.373 [info] > git rev-parse --show-toplevel [46ms]
2024-09-07 20:41:22.379 [info] [Model][doInitialScan] Initial repository scan completed - repositories (1), closed repositories (0), parent repositories (0), unsafe repositories (0)
2024-09-07 20:41:22.381 [info] > git config --get commit.template [58ms]
2024-09-07 20:41:22.511 [info] > git for-each-ref --format=%(refname)%00%(upstream:short)%00%(objectname)%00%(upstream:track)%00%(upstream:remotename)%00%(upstream:remoteref) refs/heads/main refs/remotes/main [16ms]
2024-09-07 20:41:22.525 [info] > git status -z -uall [8ms]
2024-09-07 20:41:22.550 [info] > git for-each-ref --format=%(refname)%00%(upstream:short)%00%(objectname)%00%(upstream:track)%00%(upstream:remotename)%00%(upstream:remoteref) refs/heads/main refs/remotes/main [17ms]
2024-09-07 20:41:22.559 [info] > git config --get commit.template [13ms]
2024-09-07 20:41:22.562 [info] > git config --local branch.main.vscode-merge-base [6ms]
2024-09-07 20:41:22.562 [warning] [Git][config] git config failed: Failed to execute git
2024-09-07 20:41:22.572 [info] > git for-each-ref --format=%(refname)%00%(upstream:short)%00%(objectname)%00%(upstream:track)%00%(upstream:remotename)%00%(upstream:remoteref) refs/heads/main refs/remotes/main [3ms]
2024-09-07 20:41:22.582 [info] > git status -z -uall [4ms]
2024-09-07 20:41:22.601 [info] > git for-each-ref --format=%(refname)%00%(upstream:short)%00%(objectname)%00%(upstream:track)%00%(upstream:remotename)%00%(upstream:remoteref) refs/heads/main refs/remotes/main [9ms]
2024-09-07 20:41:22.607 [info] > git reflog main --grep-reflog=branch: Created from *. [41ms]
2024-09-07 20:41:22.614 [info] > git config --local branch.main.vscode-merge-base [8ms]
2024-09-07 20:41:22.615 [warning] [Git][config] git config failed: Failed to execute git
2024-09-07 20:41:22.621 [info] > git symbolic-ref --short refs/remotes/origin/HEAD [11ms]
2024-09-07 20:41:22.621 [info] fatal: ref refs/remotes/origin/HEAD is not a symbolic ref
2024-09-07 20:41:22.629 [info] > git reflog main --grep-reflog=branch: Created from *. [11ms]
2024-09-07 20:41:22.634 [info] > git merge-base refs/heads/main refs/remotes/origin/main [6ms]
2024-09-07 20:41:22.643 [info] > git symbolic-ref --short refs/remotes/origin/HEAD [10ms]
2024-09-07 20:41:22.643 [info] fatal: ref refs/remotes/origin/HEAD is not a symbolic ref
2024-09-07 20:41:22.645 [info] > git rev-list --count --left-right refs/heads/main...refs/remotes/origin/main [5ms]
2024-09-07 20:41:22.652 [info] > git diff --name-status -z --diff-filter=ADMR 4ea292ad8b78fef4e4381b9e585b49202716a580...refs/remotes/origin/main [3ms]
2024-09-07 20:41:22.848 [info] > git show --textconv :index.html [6ms]
2024-09-07 20:41:22.850 [info] > git ls-files --stage -- /root/repos/website/index.html [3ms]
2024-09-07 20:41:22.855 [info] > git cat-file -s 630bd7a76c1430f1978df252cffffd4b6e9901c1 [2ms]
2024-09-07 20:41:22.890 [info] > git check-ignore -v -z --stdin [1ms]
2024-09-07 20:46:05.727 [info] > git config --get commit.template [8ms]
2024-09-07 20:46:05.728 [info] > git for-each-ref --format=%(refname)%00%(upstream:short)%00%(objectname)%00%(upstream:track)%00%(upstream:remotename)%00%(upstream:remoteref) refs/heads/main refs/remotes/main [4ms]
2024-09-07 20:46:05.737 [info] > git status -z -uall [2ms]
2024-09-07 20:46:05.744 [info] > git for-each-ref --format=%(refname)%00%(upstream:short)%00%(objectname)%00%(upstream:track)%00%(upstream:remotename)%00%(upstream:remoteref) refs/heads/main refs/remotes/main [3ms]
2024-09-07 20:46:05.750 [info] > git config --local branch.main.vscode-merge-base [2ms]
2024-09-07 20:46:05.751 [warning] [Git][config] git config failed: Failed to execute git
2024-09-07 20:46:05.756 [info] > git reflog main --grep-reflog=branch: Created from *. [2ms]
2024-09-07 20:46:05.762 [info] > git symbolic-ref --short refs/remotes/origin/HEAD [2ms]
2024-09-07 20:46:05.762 [info] fatal: ref refs/remotes/origin/HEAD is not a symbolic ref
2024-09-07 20:46:05.783 [info] > git check-ignore -v -z --stdin [1ms]
2024-09-07 20:46:46.533 [info] > git config --get commit.template [4ms]
2024-09-07 20:46:46.534 [info] > git for-each-ref --format=%(refname)%00%(upstream:short)%00%(objectname)%00%(upstream:track)%00%(upstream:remotename)%00%(upstream:remoteref) refs/heads/main refs/remotes/main [2ms]
2024-09-07 20:46:46.544 [info] > git status -z -uall [4ms]
2024-09-07 20:46:46.552 [info] > git for-each-ref --format=%(refname)%00%(upstream:short)%00%(objectname)%00%(upstream:track)%00%(upstream:remotename)%00%(upstream:remoteref) refs/heads/main refs/remotes/main [2ms]
2024-09-07 20:46:46.559 [info] > git config --local branch.main.vscode-merge-base [2ms]
2024-09-07 20:46:46.559 [warning] [Git][config] git config failed: Failed to execute git
2024-09-07 20:46:46.565 [info] > git reflog main --grep-reflog=branch: Created from *. [2ms]
2024-09-07 20:46:46.570 [info] > git symbolic-ref --short refs/remotes/origin/HEAD [2ms]
2024-09-07 20:46:46.571 [info] fatal: ref refs/remotes/origin/HEAD is not a symbolic ref
2024-09-07 20:47:12.454 [info] > git config --get commit.template [2ms]
2024-09-07 20:47:12.459 [info] > git for-each-ref --format=%(refname)%00%(upstream:short)%00%(objectname)%00%(upstream:track)%00%(upstream:remotename)%00%(upstream:remoteref) refs/heads/main refs/remotes/main [2ms]
2024-09-07 20:47:12.466 [info] > git status -z -uall [2ms]
2024-09-07 20:47:12.474 [info] > git for-each-ref --format=%(refname)%00%(upstream:short)%00%(objectname)%00%(upstream:track)%00%(upstream:remotename)%00%(upstream:remoteref) refs/heads/main refs/remotes/main [3ms]
2024-09-07 20:47:12.479 [info] > git config --local branch.main.vscode-merge-base [1ms]
2024-09-07 20:47:12.480 [warning] [Git][config] git config failed: Failed to execute git
2024-09-07 20:47:12.488 [info] > git reflog main --grep-reflog=branch: Created from *. [4ms]
2024-09-07 20:47:12.492 [info] > git symbolic-ref --short refs/remotes/origin/HEAD [2ms]
2024-09-07 20:47:12.492 [info] fatal: ref refs/remotes/origin/HEAD is not a symbolic ref
2024-09-07 20:57:17.392 [info] > git for-each-ref --format=%(refname)%00%(upstream:short)%00%(objectname)%00%(upstream:track)%00%(upstream:remotename)%00%(upstream:remoteref) refs/heads/main refs/remotes/main [3ms]
2024-09-07 20:57:17.404 [info] > git config --get commit.template [38ms]
2024-09-07 20:57:17.424 [info] > git status -z -uall [5ms]
2024-09-07 20:57:17.449 [info] > git for-each-ref --format=%(refname)%00%(upstream:short)%00%(objectname)%00%(upstream:track)%00%(upstream:remotename)%00%(upstream:remoteref) refs/heads/main refs/remotes/main [6ms]
2024-09-07 20:57:17.462 [info] > git config --local branch.main.vscode-merge-base [2ms]
2024-09-07 20:57:17.462 [warning] [Git][config] git config failed: Failed to execute git
2024-09-07 20:57:17.471 [info] > git reflog main --grep-reflog=branch: Created from *. [4ms]
2024-09-07 20:57:17.476 [info] > git symbolic-ref --short refs/remotes/origin/HEAD [1ms]
2024-09-07 20:57:17.476 [info] fatal: ref refs/remotes/origin/HEAD is not a symbolic ref
2024-09-07 21:02:21.496 [info] > git config --get commit.template [3ms]
2024-09-07 21:02:21.496 [info] > git for-each-ref --format=%(refname)%00%(upstream:short)%00%(objectname)%00%(upstream:track)%00%(upstream:remotename)%00%(upstream:remoteref) refs/heads/main refs/remotes/main [1ms]
2024-09-07 21:02:21.502 [info] > git status -z -uall [2ms]
2024-09-07 21:02:21.520 [info] > git for-each-ref --format=%(refname)%00%(upstream:short)%00%(objectname)%00%(upstream:track)%00%(upstream:remotename)%00%(upstream:remoteref) refs/heads/main refs/remotes/main [14ms]
2024-09-07 21:02:21.528 [info] > git config --get commit.template [8ms]
2024-09-07 21:02:21.529 [info] > git config --local branch.main.vscode-merge-base [4ms]
2024-09-07 21:02:21.529 [warning] [Git][config] git config failed: Failed to execute git
2024-09-07 21:02:21.536 [info] > git reflog main --grep-reflog=branch: Created from *. [4ms]
2024-09-07 21:02:21.539 [info] > git for-each-ref --format=%(refname)%00%(upstream:short)%00%(objectname)%00%(upstream:track)%00%(upstream:remotename)%00%(upstream:remoteref) refs/heads/main refs/remotes/main [3ms]
2024-09-07 21:02:21.539 [info] > git symbolic-ref --short refs/remotes/origin/HEAD [1ms]
2024-09-07 21:02:21.539 [info] fatal: ref refs/remotes/origin/HEAD is not a symbolic ref
2024-09-07 21:02:21.547 [info] > git status -z -uall [1ms]
2024-09-07 21:02:21.548 [info] > git merge-base refs/heads/main refs/remotes/origin/main [5ms]
2024-09-07 21:02:21.556 [info] > git for-each-ref --format=%(refname)%00%(upstream:short)%00%(objectname)%00%(upstream:track)%00%(upstream:remotename)%00%(upstream:remoteref) refs/heads/main refs/remotes/main [2ms]
2024-09-07 21:02:21.560 [info] > git rev-list --count --left-right refs/heads/main...refs/remotes/origin/main [10ms]
2024-09-07 21:02:21.565 [info] > git config --local branch.main.vscode-merge-base [5ms]
2024-09-07 21:02:21.565 [warning] [Git][config] git config failed: Failed to execute git
2024-09-07 21:02:21.569 [info] > git diff --name-status -z --diff-filter=ADMR 99dc86b8e80448c3f9dbabf86094ff1cf8ee9cf8...refs/remotes/origin/main [5ms]
2024-09-07 21:02:21.571 [info] > git reflog main --grep-reflog=branch: Created from *. [3ms]
2024-09-07 21:02:21.575 [info] > git symbolic-ref --short refs/remotes/origin/HEAD [1ms]
2024-09-07 21:02:21.575 [info] fatal: ref refs/remotes/origin/HEAD is not a symbolic ref
2024-09-07 21:02:22.737 [info] > git ls-files --stage -- /root/repos/website/index.html [3ms]
2024-09-07 21:02:22.746 [info] > git cat-file -s 630bd7a76c1430f1978df252cffffd4b6e9901c1 [3ms]
2024-09-07 21:02:22.764 [info] > git show --textconv :index.html [4ms]
2024-09-07 21:02:26.585 [info] > git config --get commit.template [13ms]
2024-09-07 21:02:26.588 [info] > git for-each-ref --format=%(refname)%00%(upstream:short)%00%(objectname)%00%(upstream:track)%00%(upstream:remotename)%00%(upstream:remoteref) refs/heads/main refs/remotes/main [6ms]
2024-09-07 21:02:26.608 [info] > git status -z -uall [8ms]
2024-09-07 21:02:26.625 [info] > git for-each-ref --format=%(refname)%00%(upstream:short)%00%(objectname)%00%(upstream:track)%00%(upstream:remotename)%00%(upstream:remoteref) refs/heads/main refs/remotes/main [7ms]
2024-09-07 21:02:26.633 [info] > git config --local branch.main.vscode-merge-base [3ms]
2024-09-07 21:02:26.633 [warning] [Git][config] git config failed: Failed to execute git
2024-09-07 21:02:26.641 [info] > git reflog main --grep-reflog=branch: Created from *. [4ms]
2024-09-07 21:02:26.647 [info] > git symbolic-ref --short refs/remotes/origin/HEAD [2ms]
2024-09-07 21:02:26.647 [info] fatal: ref refs/remotes/origin/HEAD is not a symbolic ref
2024-09-07 21:08:26.090 [info] > git config --get commit.template [4ms]
2024-09-07 21:08:26.091 [info] > git for-each-ref --format=%(refname)%00%(upstream:short)%00%(objectname)%00%(upstream:track)%00%(upstream:remotename)%00%(upstream:remoteref) refs/heads/main refs/remotes/main [2ms]
2024-09-07 21:08:26.100 [info] > git status -z -uall [5ms]
2024-09-07 21:08:26.110 [info] > git for-each-ref --format=%(refname)%00%(upstream:short)%00%(objectname)%00%(upstream:track)%00%(upstream:remotename)%00%(upstream:remoteref) refs/heads/main refs/remotes/main [4ms]
2024-09-07 21:08:26.115 [info] > git config --local branch.main.vscode-merge-base [1ms]
2024-09-07 21:08:26.115 [warning] [Git][config] git config failed: Failed to execute git
2024-09-07 21:08:26.121 [info] > git reflog main --grep-reflog=branch: Created from *. [2ms]
2024-09-07 21:08:26.128 [info] > git symbolic-ref --short refs/remotes/origin/HEAD [4ms]
2024-09-07 21:08:26.128 [info] fatal: ref refs/remotes/origin/HEAD is not a symbolic ref
2024-09-07 21:08:45.590 [info] > git config --get commit.template [5ms]
2024-09-07 21:08:45.590 [info] > git for-each-ref --format=%(refname)%00%(upstream:short)%00%(objectname)%00%(upstream:track)%00%(upstream:remotename)%00%(upstream:remoteref) refs/heads/main refs/remotes/main [1ms]
2024-09-07 21:08:45.598 [info] > git status -z -uall [4ms]
2024-09-07 21:08:45.604 [info] > git for-each-ref --format=%(refname)%00%(upstream:short)%00%(objectname)%00%(upstream:track)%00%(upstream:remotename)%00%(upstream:remoteref) refs/heads/main refs/remotes/main [2ms]
2024-09-07 21:08:45.609 [info] > git config --local branch.main.vscode-merge-base [2ms]
2024-09-07 21:08:45.609 [warning] [Git][config] git config failed: Failed to execute git
2024-09-07 21:08:45.615 [info] > git reflog main --grep-reflog=branch: Created from *. [2ms]
2024-09-07 21:08:45.619 [info] > git symbolic-ref --short refs/remotes/origin/HEAD [1ms]
2024-09-07 21:08:45.619 [info] fatal: ref refs/remotes/origin/HEAD is not a symbolic ref
2024-09-07 21:09:12.066 [info] > git config --get commit.template [6ms]
2024-09-07 21:09:12.067 [info] > git for-each-ref --format=%(refname)%00%(upstream:short)%00%(objectname)%00%(upstream:track)%00%(upstream:remotename)%00%(upstream:remoteref) refs/heads/main refs/remotes/main [2ms]
2024-09-07 21:09:12.074 [info] > git status -z -uall [4ms]
2024-09-07 21:09:12.083 [info] > git for-each-ref --format=%(refname)%00%(upstream:short)%00%(objectname)%00%(upstream:track)%00%(upstream:remotename)%00%(upstream:remoteref) refs/heads/main refs/remotes/main [5ms]
2024-09-07 21:09:12.088 [info] > git config --local branch.main.vscode-merge-base [2ms]
2024-09-07 21:09:12.088 [warning] [Git][config] git config failed: Failed to execute git
2024-09-07 21:09:12.094 [info] > git reflog main --grep-reflog=branch: Created from *. [3ms]
2024-09-07 21:09:12.098 [info] > git symbolic-ref --short refs/remotes/origin/HEAD [1ms]
2024-09-07 21:09:12.098 [info] fatal: ref refs/remotes/origin/HEAD is not a symbolic ref
2024-09-07 21:09:12.102 [info] > git merge-base refs/heads/main refs/remotes/origin/main [1ms]
2024-09-07 21:09:12.107 [info] > git rev-list --count --left-right refs/heads/main...refs/remotes/origin/main [2ms]
2024-09-07 21:09:12.112 [info] > git diff --name-status -z --diff-filter=ADMR 99dc86b8e80448c3f9dbabf86094ff1cf8ee9cf8...refs/remotes/origin/main [2ms]
2024-09-07 21:09:13.203 [info] > git config --get commit.template [16ms]
2024-09-07 21:09:13.205 [info] > git for-each-ref --format=%(refname)%00%(upstream:short)%00%(objectname)%00%(upstream:track)%00%(upstream:remotename)%00%(upstream:remoteref) refs/heads/main refs/remotes/main [7ms]
2024-09-07 21:09:13.218 [info] > git status -z -uall [7ms]
2024-09-07 21:09:13.227 [info] > git for-each-ref --format=%(refname)%00%(upstream:short)%00%(objectname)%00%(upstream:track)%00%(upstream:remotename)%00%(upstream:remoteref) refs/heads/main refs/remotes/main [3ms]
2024-09-07 21:09:13.235 [info] > git config --local branch.main.vscode-merge-base [2ms]
2024-09-07 21:09:13.235 [warning] [Git][config] git config failed: Failed to execute git
2024-09-07 21:09:13.241 [info] > git reflog main --grep-reflog=branch: Created from *. [2ms]
2024-09-07 21:09:13.244 [info] > git symbolic-ref --short refs/remotes/origin/HEAD [1ms]
2024-09-07 21:09:13.245 [info] fatal: ref refs/remotes/origin/HEAD is not a symbolic ref
2024-09-07 21:09:18.615 [info] > git config --get commit.template [7ms]
2024-09-07 21:09:18.616 [info] > git for-each-ref --format=%(refname)%00%(upstream:short)%00%(objectname)%00%(upstream:track)%00%(upstream:remotename)%00%(upstream:remoteref) refs/heads/main refs/remotes/main [2ms]
2024-09-07 21:09:18.633 [info] > git status -z -uall [8ms]
2024-09-07 21:09:18.643 [info] > git for-each-ref --format=%(refname)%00%(upstream:short)%00%(objectname)%00%(upstream:track)%00%(upstream:remotename)%00%(upstream:remoteref) refs/heads/main refs/remotes/main [5ms]
2024-09-07 21:09:18.649 [info] > git config --local branch.main.vscode-merge-base [1ms]
2024-09-07 21:09:18.649 [warning] [Git][config] git config failed: Failed to execute git
2024-09-07 21:09:18.655 [info] > git reflog main --grep-reflog=branch: Created from *. [2ms]
2024-09-07 21:09:18.660 [info] > git symbolic-ref --short refs/remotes/origin/HEAD [1ms]
2024-09-07 21:09:18.660 [info] fatal: ref refs/remotes/origin/HEAD is not a symbolic ref
2024-09-07 21:09:18.664 [info] > git merge-base refs/heads/main refs/remotes/origin/main [1ms]
2024-09-07 21:09:18.670 [info] > git rev-list --count --left-right refs/heads/main...refs/remotes/origin/main [3ms]
2024-09-07 21:09:18.675 [info] > git diff --name-status -z --diff-filter=ADMR 9df7df7b7be5c53dc3d56fb7df3cc321d4b9eec4...refs/remotes/origin/main [2ms]
2024-09-07 21:09:19.771 [info] > git config --get commit.template [5ms]
2024-09-07 21:09:19.772 [info] > git for-each-ref --format=%(refname)%00%(upstream:short)%00%(objectname)%00%(upstream:track)%00%(upstream:remotename)%00%(upstream:remoteref) refs/heads/main refs/remotes/main [2ms]
2024-09-07 21:09:19.780 [info] > git status -z -uall [4ms]
2024-09-07 21:09:19.785 [info] > git for-each-ref --format=%(refname)%00%(upstream:short)%00%(objectname)%00%(upstream:track)%00%(upstream:remotename)%00%(upstream:remoteref) refs/heads/main refs/remotes/main [1ms]
2024-09-07 21:09:19.790 [info] > git config --local branch.main.vscode-merge-base [1ms]
2024-09-07 21:09:19.790 [warning] [Git][config] git config failed: Failed to execute git
2024-09-07 21:09:19.795 [info] > git reflog main --grep-reflog=branch: Created from *. [2ms]
2024-09-07 21:09:19.799 [info] > git symbolic-ref --short refs/remotes/origin/HEAD [1ms]
2024-09-07 21:09:19.799 [info] fatal: ref refs/remotes/origin/HEAD is not a symbolic ref
2024-09-07 21:28:20.073 [info] > git config --get commit.template [9ms]
2024-09-07 21:28:20.079 [info] > git for-each-ref --format=%(refname)%00%(upstream:short)%00%(objectname)%00%(upstream:track)%00%(upstream:remotename)%00%(upstream:remoteref) refs/heads/main refs/remotes/main [2ms]
2024-09-07 21:28:20.098 [info] > git status -z -uall [14ms]
2024-09-07 21:28:20.121 [info] > git for-each-ref --format=%(refname)%00%(upstream:short)%00%(objectname)%00%(upstream:track)%00%(upstream:remotename)%00%(upstream:remoteref) refs/heads/main refs/remotes/main [15ms]
2024-09-07 21:28:20.128 [info] > git config --local branch.main.vscode-merge-base [2ms]
2024-09-07 21:28:20.128 [warning] [Git][config] git config failed: Failed to execute git
2024-09-07 21:28:20.137 [info] > git reflog main --grep-reflog=branch: Created from *. [5ms]
2024-09-07 21:28:20.146 [info] > git symbolic-ref --short refs/remotes/origin/HEAD [2ms]
2024-09-07 21:28:20.146 [info] fatal: ref refs/remotes/origin/HEAD is not a symbolic ref
2024-09-07 22:35:56.800 [info] > git show --textconv :index.html [4ms]
2024-09-07 22:35:56.802 [info] > git ls-files --stage -- /root/repos/website/index.html [2ms]
2024-09-07 22:35:56.806 [info] > git cat-file -s 630bd7a76c1430f1978df252cffffd4b6e9901c1 [1ms]
2024-09-07 22:36:09.677 [info] > git show --textconv :about.html [4ms]
2024-09-07 22:36:09.678 [info] > git ls-files --stage -- /root/repos/website/about.html [2ms]
2024-09-07 22:36:09.683 [info] > git cat-file -s 20cb6d52ff2160871595198a167194f99f2574d8 [2ms]
2024-09-07 22:36:15.618 [info] > git config --get commit.template [14ms]
2024-09-07 22:36:15.620 [info] > git for-each-ref --format=%(refname)%00%(upstream:short)%00%(objectname)%00%(upstream:track)%00%(upstream:remotename)%00%(upstream:remoteref) refs/heads/main refs/remotes/main [8ms]
2024-09-07 22:36:15.640 [info] > git status -z -uall [10ms]
2024-09-07 22:36:15.655 [info] > git for-each-ref --format=%(refname)%00%(upstream:short)%00%(objectname)%00%(upstream:track)%00%(upstream:remotename)%00%(upstream:remoteref) refs/heads/main refs/remotes/main [5ms]
2024-09-07 22:36:15.664 [info] > git config --local branch.main.vscode-merge-base [3ms]
2024-09-07 22:36:15.664 [warning] [Git][config] git config failed: Failed to execute git
2024-09-07 22:36:15.677 [info] > git reflog main --grep-reflog=branch: Created from *. [5ms]
2024-09-07 22:36:15.685 [info] > git symbolic-ref --short refs/remotes/origin/HEAD [3ms]
2024-09-07 22:36:15.685 [info] fatal: ref refs/remotes/origin/HEAD is not a symbolic ref
2024-09-07 22:36:22.339 [info] > git config --get commit.template [2ms]
2024-09-07 22:36:22.343 [info] > git for-each-ref --format=%(refname)%00%(upstream:short)%00%(objectname)%00%(upstream:track)%00%(upstream:remotename)%00%(upstream:remoteref) refs/heads/main refs/remotes/main [2ms]
2024-09-07 22:36:22.350 [info] > git status -z -uall [4ms]
2024-09-07 22:36:22.356 [info] > git for-each-ref --format=%(refname)%00%(upstream:short)%00%(objectname)%00%(upstream:track)%00%(upstream:remotename)%00%(upstream:remoteref) refs/heads/main refs/remotes/main [2ms]
2024-09-07 22:36:22.360 [info] > git config --local branch.main.vscode-merge-base [1ms]
2024-09-07 22:36:22.360 [warning] [Git][config] git config failed: Failed to execute git
2024-09-07 22:36:22.365 [info] > git reflog main --grep-reflog=branch: Created from *. [2ms]
2024-09-07 22:36:22.370 [info] > git symbolic-ref --short refs/remotes/origin/HEAD [2ms]
2024-09-07 22:36:22.370 [info] fatal: ref refs/remotes/origin/HEAD is not a symbolic ref
2024-09-07 22:36:23.473 [info] > git ls-files --stage -- /root/repos/website/about.html [6ms]
2024-09-07 22:36:23.489 [info] > git cat-file -s 59aa96ed0380e6a5f5b445f64f2aa4d53004d75f [4ms]
2024-09-07 22:36:23.510 [info] > git show --textconv :about.html [2ms]
2024-09-07 22:36:35.568 [info] > git config --get commit.template [5ms]
2024-09-07 22:36:35.569 [info] > git for-each-ref --format=%(refname)%00%(upstream:short)%00%(objectname)%00%(upstream:track)%00%(upstream:remotename)%00%(upstream:remoteref) refs/heads/main refs/remotes/main [3ms]
2024-09-07 22:36:35.579 [info] > git status -z -uall [5ms]
2024-09-07 22:36:35.585 [info] > git for-each-ref --format=%(refname)%00%(upstream:short)%00%(objectname)%00%(upstream:track)%00%(upstream:remotename)%00%(upstream:remoteref) refs/heads/main refs/remotes/main [2ms]
2024-09-07 22:36:35.591 [info] > git config --local branch.main.vscode-merge-base [1ms]
2024-09-07 22:36:35.591 [warning] [Git][config] git config failed: Failed to execute git
2024-09-07 22:36:35.596 [info] > git reflog main --grep-reflog=branch: Created from *. [3ms]
2024-09-07 22:36:35.599 [info] > git symbolic-ref --short refs/remotes/origin/HEAD [1ms]
2024-09-07 22:36:35.599 [info] fatal: ref refs/remotes/origin/HEAD is not a symbolic ref
2024-09-07 22:36:35.665 [info] > git ls-files --stage -- /root/repos/website/about.html [1ms]
2024-09-07 22:36:35.669 [info] > git cat-file -s 59aa96ed0380e6a5f5b445f64f2aa4d53004d75f [1ms]
2024-09-07 22:36:35.678 [info] > git show --textconv :about.html [2ms]
2024-09-07 22:36:37.159 [info] > git ls-files --stage -- /root/repos/website/about.html [5ms]
2024-09-07 22:36:37.171 [info] > git cat-file -s 59aa96ed0380e6a5f5b445f64f2aa4d53004d75f [3ms]
2024-09-07 22:36:37.185 [info] > git show --textconv :about.html [3ms]
2024-09-07 22:36:40.602 [info] > git config --get commit.template [8ms]
2024-09-07 22:36:40.604 [info] > git for-each-ref --format=%(refname)%00%(upstream:short)%00%(objectname)%00%(upstream:track)%00%(upstream:remotename)%00%(upstream:remoteref) refs/heads/main refs/remotes/main [4ms]
2024-09-07 22:36:40.618 [info] > git status -z -uall [7ms]
2024-09-07 22:36:40.623 [info] > git for-each-ref --format=%(refname)%00%(upstream:short)%00%(objectname)%00%(upstream:track)%00%(upstream:remotename)%00%(upstream:remoteref) refs/heads/main refs/remotes/main [1ms]
2024-09-07 22:36:40.628 [info] > git config --local branch.main.vscode-merge-base [2ms]
2024-09-07 22:36:40.628 [warning] [Git][config] git config failed: Failed to execute git
2024-09-07 22:36:40.633 [info] > git reflog main --grep-reflog=branch: Created from *. [2ms]
2024-09-07 22:36:40.637 [info] > git symbolic-ref --short refs/remotes/origin/HEAD [1ms]
2024-09-07 22:36:40.637 [info] fatal: ref refs/remotes/origin/HEAD is not a symbolic ref
2024-09-07 22:37:17.741 [info] > git config --get commit.template [7ms]
2024-09-07 22:37:17.742 [info] > git for-each-ref --format=%(refname)%00%(upstream:short)%00%(objectname)%00%(upstream:track)%00%(upstream:remotename)%00%(upstream:remoteref) refs/heads/main refs/remotes/main [3ms]
2024-09-07 22:37:17.757 [info] > git status -z -uall [8ms]
2024-09-07 22:37:17.762 [info] > git for-each-ref --format=%(refname)%00%(upstream:short)%00%(objectname)%00%(upstream:track)%00%(upstream:remotename)%00%(upstream:remoteref) refs/heads/main refs/remotes/main [2ms]
2024-09-07 22:37:17.768 [info] > git config --local branch.main.vscode-merge-base [2ms]
2024-09-07 22:37:17.768 [warning] [Git][config] git config failed: Failed to execute git
2024-09-07 22:37:17.773 [info] > git reflog main --grep-reflog=branch: Created from *. [2ms]
2024-09-07 22:37:17.777 [info] > git symbolic-ref --short refs/remotes/origin/HEAD [1ms]
2024-09-07 22:37:17.777 [info] fatal: ref refs/remotes/origin/HEAD is not a symbolic ref
2024-09-07 22:37:17.833 [info] > git ls-files --stage -- /root/repos/website/about.html [1ms]
2024-09-07 22:37:17.837 [info] > git cat-file -s 59aa96ed0380e6a5f5b445f64f2aa4d53004d75f [2ms]
2024-09-07 22:37:17.846 [info] > git show --textconv :about.html [2ms]
2024-09-07 22:38:17.549 [info] > git config --get commit.template [4ms]
2024-09-07 22:38:17.550 [info] > git for-each-ref --format=%(refname)%00%(upstream:short)%00%(objectname)%00%(upstream:track)%00%(upstream:remotename)%00%(upstream:remoteref) refs/heads/main refs/remotes/main [2ms]
2024-09-07 22:38:17.559 [info] > git status -z -uall [5ms]
2024-09-07 22:38:17.566 [info] > git for-each-ref --format=%(refname)%00%(upstream:short)%00%(objectname)%00%(upstream:track)%00%(upstream:remotename)%00%(upstream:remoteref) refs/heads/main refs/remotes/main [3ms]
2024-09-07 22:38:17.571 [info] > git config --local branch.main.vscode-merge-base [1ms]
2024-09-07 22:38:17.571 [warning] [Git][config] git config failed: Failed to execute git
2024-09-07 22:38:17.577 [info] > git reflog main --grep-reflog=branch: Created from *. [3ms]
2024-09-07 22:38:17.581 [info] > git symbolic-ref --short refs/remotes/origin/HEAD [1ms]
2024-09-07 22:38:17.581 [info] fatal: ref refs/remotes/origin/HEAD is not a symbolic ref
2024-09-07 22:38:17.587 [info] > git merge-base refs/heads/main refs/remotes/origin/main [3ms]
2024-09-07 22:38:17.592 [info] > git rev-list --count --left-right refs/heads/main...refs/remotes/origin/main [1ms]
2024-09-07 22:38:17.597 [info] > git diff --name-status -z --diff-filter=ADMR 9df7df7b7be5c53dc3d56fb7df3cc321d4b9eec4...refs/remotes/origin/main [2ms]
2024-09-07 22:38:18.680 [info] > git config --get commit.template [8ms]
2024-09-07 22:38:18.682 [info] > git for-each-ref --format=%(refname)%00%(upstream:short)%00%(objectname)%00%(upstream:track)%00%(upstream:remotename)%00%(upstream:remoteref) refs/heads/main refs/remotes/main [4ms]
2024-09-07 22:38:18.701 [info] > git status -z -uall [11ms]
2024-09-07 22:38:18.717 [info] > git for-each-ref --format=%(refname)%00%(upstream:short)%00%(objectname)%00%(upstream:track)%00%(upstream:remotename)%00%(upstream:remoteref) refs/heads/main refs/remotes/main [6ms]
2024-09-07 22:38:18.725 [info] > git config --local branch.main.vscode-merge-base [4ms]
2024-09-07 22:38:18.725 [warning] [Git][config] git config failed: Failed to execute git
2024-09-07 22:38:18.732 [info] > git reflog main --grep-reflog=branch: Created from *. [3ms]
2024-09-07 22:38:18.737 [info] > git symbolic-ref --short refs/remotes/origin/HEAD [2ms]
2024-09-07 22:38:18.737 [info] fatal: ref refs/remotes/origin/HEAD is not a symbolic ref
2024-09-07 22:38:18.773 [info] > git ls-files --stage -- /root/repos/website/about.html [1ms]
2024-09-07 22:38:18.779 [info] > git cat-file -s 59aa96ed0380e6a5f5b445f64f2aa4d53004d75f [1ms]
2024-09-07 22:38:18.791 [info] > git show --textconv :about.html [2ms]
2024-09-07 22:38:23.139 [info] > git config --get commit.template [11ms]
2024-09-07 22:38:23.140 [info] > git for-each-ref --format=%(refname)%00%(upstream:short)%00%(objectname)%00%(upstream:track)%00%(upstream:remotename)%00%(upstream:remoteref) refs/heads/main refs/remotes/main [5ms]
2024-09-07 22:38:23.149 [info] > git status -z -uall [5ms]
2024-09-07 22:38:23.160 [info] > git for-each-ref --format=%(refname)%00%(upstream:short)%00%(objectname)%00%(upstream:track)%00%(upstream:remotename)%00%(upstream:remoteref) refs/heads/main refs/remotes/main [7ms]
2024-09-07 22:38:23.166 [info] > git config --local branch.main.vscode-merge-base [1ms]
2024-09-07 22:38:23.166 [warning] [Git][config] git config failed: Failed to execute git
2024-09-07 22:38:23.177 [info] > git reflog main --grep-reflog=branch: Created from *. [4ms]
2024-09-07 22:38:23.182 [info] > git symbolic-ref --short refs/remotes/origin/HEAD [1ms]
2024-09-07 22:38:23.182 [info] fatal: ref refs/remotes/origin/HEAD is not a symbolic ref
2024-09-07 22:38:23.187 [info] > git merge-base refs/heads/main refs/remotes/origin/main [2ms]
2024-09-07 22:38:23.193 [info] > git rev-list --count --left-right refs/heads/main...refs/remotes/origin/main [2ms]
2024-09-07 22:38:23.199 [info] > git diff --name-status -z --diff-filter=ADMR 56c86273ab8b103c3d6bba429aa9c649121daacd...refs/remotes/origin/main [2ms]
2024-09-07 22:42:35.338 [info] > git config --get commit.template [3ms]
2024-09-07 22:42:35.350 [info] > git for-each-ref --format=%(refname)%00%(upstream:short)%00%(objectname)%00%(upstream:track)%00%(upstream:remotename)%00%(upstream:remoteref) refs/heads/main refs/remotes/main [7ms]
2024-09-07 22:42:35.351 [info] > git ls-files --stage -- /root/repos/website/about.html [2ms]
2024-09-07 22:42:35.359 [info] > git cat-file -s 59aa96ed0380e6a5f5b445f64f2aa4d53004d75f [5ms]
2024-09-07 22:42:35.364 [info] > git status -z -uall [6ms]
2024-09-07 22:42:35.377 [info] > git for-each-ref --format=%(refname)%00%(upstream:short)%00%(objectname)%00%(upstream:track)%00%(upstream:remotename)%00%(upstream:remoteref) refs/heads/main refs/remotes/main [10ms]
2024-09-07 22:42:35.383 [info] > git show --textconv :about.html [6ms]
2024-09-07 22:42:35.384 [info] > git config --local branch.main.vscode-merge-base [2ms]
2024-09-07 22:42:35.384 [warning] [Git][config] git config failed: Failed to execute git
2024-09-07 22:42:35.390 [info] > git reflog main --grep-reflog=branch: Created from *. [3ms]
2024-09-07 22:42:35.395 [info] > git symbolic-ref --short refs/remotes/origin/HEAD [1ms]
2024-09-07 22:42:35.395 [info] fatal: ref refs/remotes/origin/HEAD is not a symbolic ref
2024-09-07 22:42:46.719 [info] > git config --get commit.template [7ms]
2024-09-07 22:42:46.720 [info] > git for-each-ref --format=%(refname)%00%(upstream:short)%00%(objectname)%00%(upstream:track)%00%(upstream:remotename)%00%(upstream:remoteref) refs/heads/main refs/remotes/main [2ms]
2024-09-07 22:42:46.731 [info] > git status -z -uall [6ms]
2024-09-07 22:42:46.739 [info] > git for-each-ref --format=%(refname)%00%(upstream:short)%00%(objectname)%00%(upstream:track)%00%(upstream:remotename)%00%(upstream:remoteref) refs/heads/main refs/remotes/main [3ms]
2024-09-07 22:42:46.747 [info] > git config --local branch.main.vscode-merge-base [3ms]
2024-09-07 22:42:46.747 [warning] [Git][config] git config failed: Failed to execute git
2024-09-07 22:42:46.755 [info] > git reflog main --grep-reflog=branch: Created from *. [3ms]
2024-09-07 22:42:46.761 [info] > git symbolic-ref --short refs/remotes/origin/HEAD [1ms]
2024-09-07 22:42:46.761 [info] fatal: ref refs/remotes/origin/HEAD is not a symbolic ref
2024-09-07 23:10:21.627 [info] > git config --get commit.template [2ms]
2024-09-07 23:10:21.635 [info] > git for-each-ref --format=%(refname)%00%(upstream:short)%00%(objectname)%00%(upstream:track)%00%(upstream:remotename)%00%(upstream:remoteref) refs/heads/main refs/remotes/main [2ms]
2024-09-07 23:10:21.648 [info] > git status -z -uall [7ms]
2024-09-07 23:10:21.674 [info] > git for-each-ref --format=%(refname)%00%(upstream:short)%00%(objectname)%00%(upstream:track)%00%(upstream:remotename)%00%(upstream:remoteref) refs/heads/main refs/remotes/main [14ms]
2024-09-07 23:10:21.688 [info] > git config --local branch.main.vscode-merge-base [2ms]
2024-09-07 23:10:21.688 [warning] [Git][config] git config failed: Failed to execute git
2024-09-07 23:10:21.695 [info] > git reflog main --grep-reflog=branch: Created from *. [3ms]
2024-09-07 23:10:21.700 [info] > git symbolic-ref --short refs/remotes/origin/HEAD [1ms]
2024-09-07 23:10:21.700 [info] fatal: ref refs/remotes/origin/HEAD is not a symbolic ref
2024-09-07 23:10:25.268 [info] > git show --textconv :index.html [4ms]
2024-09-07 23:10:25.269 [info] > git ls-files --stage -- /root/repos/website/index.html [2ms]
2024-09-07 23:10:25.273 [info] > git cat-file -s 630bd7a76c1430f1978df252cffffd4b6e9901c1 [2ms]
2024-09-07 23:11:18.090 [info] > git config --get commit.template [10ms]
2024-09-07 23:11:18.094 [info] > git for-each-ref --format=%(refname)%00%(upstream:short)%00%(objectname)%00%(upstream:track)%00%(upstream:remotename)%00%(upstream:remoteref) refs/heads/main refs/remotes/main [6ms]
2024-09-07 23:11:18.107 [info] > git status -z -uall [8ms]
2024-09-07 23:11:18.116 [info] > git for-each-ref --format=%(refname)%00%(upstream:short)%00%(objectname)%00%(upstream:track)%00%(upstream:remotename)%00%(upstream:remoteref) refs/heads/main refs/remotes/main [3ms]
2024-09-07 23:11:18.127 [info] > git config --local branch.main.vscode-merge-base [4ms]
2024-09-07 23:11:18.127 [warning] [Git][config] git config failed: Failed to execute git
2024-09-07 23:11:18.139 [info] > git reflog main --grep-reflog=branch: Created from *. [6ms]
2024-09-07 23:11:18.145 [info] > git symbolic-ref --short refs/remotes/origin/HEAD [2ms]
2024-09-07 23:11:18.145 [info] fatal: ref refs/remotes/origin/HEAD is not a symbolic ref
2024-09-07 23:11:24.863 [info] > git for-each-ref --format=%(refname)%00%(upstream:short)%00%(objectname)%00%(upstream:track)%00%(upstream:remotename)%00%(upstream:remoteref) refs/heads/main refs/remotes/main [2ms]
2024-09-07 23:11:24.864 [info] > git config --get commit.template [6ms]
2024-09-07 23:11:24.871 [info] > git status -z -uall [4ms]
2024-09-07 23:11:24.877 [info] > git for-each-ref --format=%(refname)%00%(upstream:short)%00%(objectname)%00%(upstream:track)%00%(upstream:remotename)%00%(upstream:remoteref) refs/heads/main refs/remotes/main [2ms]
2024-09-07 23:11:24.882 [info] > git config --local branch.main.vscode-merge-base [2ms]
2024-09-07 23:11:24.882 [warning] [Git][config] git config failed: Failed to execute git
2024-09-07 23:11:24.887 [info] > git reflog main --grep-reflog=branch: Created from *. [2ms]
2024-09-07 23:11:24.891 [info] > git symbolic-ref --short refs/remotes/origin/HEAD [1ms]
2024-09-07 23:11:24.891 [info] fatal: ref refs/remotes/origin/HEAD is not a symbolic ref
2024-09-07 23:11:24.963 [info] > git ls-files --stage -- /root/repos/website/index.html [2ms]
2024-09-07 23:11:24.968 [info] > git cat-file -s 630bd7a76c1430f1978df252cffffd4b6e9901c1 [2ms]
2024-09-07 23:11:24.977 [info] > git show --textconv :index.html [1ms]
2024-09-07 23:12:10.917 [info] > git config --get commit.template [7ms]
2024-09-07 23:12:10.922 [info] > git for-each-ref --format=%(refname)%00%(upstream:short)%00%(objectname)%00%(upstream:track)%00%(upstream:remotename)%00%(upstream:remoteref) refs/heads/main refs/remotes/main [6ms]
2024-09-07 23:12:10.933 [info] > git status -z -uall [5ms]
2024-09-07 23:12:10.940 [info] > git for-each-ref --format=%(refname)%00%(upstream:short)%00%(objectname)%00%(upstream:track)%00%(upstream:remotename)%00%(upstream:remoteref) refs/heads/main refs/remotes/main [2ms]
2024-09-07 23:12:10.946 [info] > git config --local branch.main.vscode-merge-base [2ms]
2024-09-07 23:12:10.947 [warning] [Git][config] git config failed: Failed to execute git
2024-09-07 23:12:10.953 [info] > git reflog main --grep-reflog=branch: Created from *. [3ms]
2024-09-07 23:12:10.958 [info] > git symbolic-ref --short refs/remotes/origin/HEAD [1ms]
2024-09-07 23:12:10.958 [info] fatal: ref refs/remotes/origin/HEAD is not a symbolic ref
2024-09-07 23:12:11.012 [info] > git ls-files --stage -- /root/repos/website/index.html [1ms]
2024-09-07 23:12:11.017 [info] > git cat-file -s 630bd7a76c1430f1978df252cffffd4b6e9901c1 [2ms]
2024-09-07 23:12:11.028 [info] > git show --textconv :index.html [2ms]
