2024-09-07 18:13:24.016 [info] [main] ログ レベル: Info
2024-09-07 18:13:24.017 [info] [main] Git の検証が検出されました: "git"
2024-09-07 18:13:24.017 [info] [main] "git" から Git "2.34.1" を使用しています
2024-09-07 18:13:24.017 [info] [Model][doInitialScan] Initial repository scan started
2024-09-07 18:13:24.017 [info] > git rev-parse --show-toplevel [7ms]
2024-09-07 18:13:24.019 [info] > git rev-parse --git-dir --git-common-dir [3ms]
2024-09-07 18:13:24.062 [info] [Model][openRepository] Opened repository: /root/repos/website
2024-09-07 18:13:24.114 [info] > git rev-parse --show-toplevel [38ms]
2024-09-07 18:13:24.122 [info] [Model][doInitialScan] Initial repository scan completed - repositories (1), closed repositories (0), parent repositories (0), unsafe repositories (0)
2024-09-07 18:13:24.124 [info] > git config --get commit.template [52ms]
2024-09-07 18:13:24.136 [info] > git for-each-ref --format=%(refname)%00%(upstream:short)%00%(objectname)%00%(upstream:track)%00%(upstream:remotename)%00%(upstream:remoteref) refs/heads/about-page refs/remotes/about-page [8ms]
2024-09-07 18:13:24.152 [info] > git status -z -uall [10ms]
2024-09-07 18:13:24.187 [info] > git for-each-ref --format=%(refname)%00%(upstream:short)%00%(objectname)%00%(upstream:track)%00%(upstream:remotename)%00%(upstream:remoteref) refs/heads/about-page refs/remotes/about-page [26ms]
2024-09-07 18:13:24.198 [info] > git config --get commit.template [13ms]
2024-09-07 18:13:24.200 [info] > git config --local branch.about-page.vscode-merge-base [4ms]
2024-09-07 18:13:24.221 [info] > git for-each-ref --format=%(refname)%00%(upstream:short)%00%(objectname)%00%(upstream:track)%00%(upstream:remotename)%00%(upstream:remoteref) refs/heads/about-page refs/remotes/about-page [3ms]
2024-09-07 18:13:24.228 [info] > git status -z -uall [2ms]
2024-09-07 18:13:24.229 [info] > git for-each-ref --format=%(refname)%00%(upstream:short)%00%(objectname)%00%(upstream:track)%00%(upstream:remotename)%00%(upstream:remoteref) refs/heads/origin/main refs/remotes/origin/main [15ms]
2024-09-07 18:13:24.244 [info] > git for-each-ref --format=%(refname)%00%(upstream:short)%00%(objectname)%00%(upstream:track)%00%(upstream:remotename)%00%(upstream:remoteref) refs/heads/about-page refs/remotes/about-page [4ms]
2024-09-07 18:13:24.251 [info] > git config --local branch.about-page.vscode-merge-base [2ms]
2024-09-07 18:13:24.258 [info] > git for-each-ref --format=%(refname)%00%(upstream:short)%00%(objectname)%00%(upstream:track)%00%(upstream:remotename)%00%(upstream:remoteref) refs/heads/origin/main refs/remotes/origin/main [3ms]
2024-09-07 18:13:24.607 [info] > git check-ignore -v -z --stdin [2ms]
2024-09-07 18:13:25.379 [info] > git show --textconv :about.html [142ms]
2024-09-07 18:13:25.379 [info] > git show --textconv :.gitignore [137ms]
2024-09-07 18:13:25.383 [info] > git ls-files --stage -- /root/repos/website/about.html [135ms]
2024-09-07 18:13:25.391 [info] > git cat-file -s aa38f2bba993846ee93b2574f80b779168f18f68 [5ms]
2024-09-07 18:13:25.392 [info] > git ls-files --stage -- /root/repos/website/.gitignore [141ms]
2024-09-07 18:13:25.399 [info] > git cat-file -s e851a4920573265a4f6a2d586fdb6af486bbad19 [4ms]
2024-09-07 18:54:01.509 [info] > git show --textconv :about.html [6ms]
2024-09-07 18:54:01.514 [info] > git ls-files --stage -- /root/repos/website/about.html [6ms]
2024-09-07 18:54:01.519 [info] > git cat-file -s aa38f2bba993846ee93b2574f80b779168f18f68 [2ms]
2024-09-07 18:54:07.958 [info] > git show --textconv :README.md [5ms]
2024-09-07 18:54:07.959 [info] > git ls-files --stage -- /root/repos/website/README.md [3ms]
2024-09-07 18:54:07.964 [info] > git cat-file -s ffaadf8261ce84146d2ff8b3407171054b3c67b6 [2ms]
2024-09-07 18:54:25.921 [info] > git show --textconv :about.html [6ms]
2024-09-07 18:54:25.922 [info] > git ls-files --stage -- /root/repos/website/about.html [2ms]
2024-09-07 18:54:25.926 [info] > git cat-file -s aa38f2bba993846ee93b2574f80b779168f18f68 [1ms]
2024-09-07 18:54:29.467 [info] > git show --textconv :about.html [4ms]
2024-09-07 18:54:29.468 [info] > git ls-files --stage -- /root/repos/website/about.html [2ms]
2024-09-07 18:54:29.472 [info] > git cat-file -s aa38f2bba993846ee93b2574f80b779168f18f68 [1ms]
2024-09-07 18:55:41.055 [info] > git show --textconv :index.html [5ms]
2024-09-07 18:55:41.057 [info] > git ls-files --stage -- /root/repos/website/index.html [4ms]
2024-09-07 18:55:41.062 [info] > git cat-file -s b9435fdae11e67d9bd17f6500a425a60ca302645 [2ms]
2024-09-07 18:56:34.546 [info] > git config --get commit.template [6ms]
2024-09-07 18:56:34.548 [info] > git for-each-ref --format=%(refname)%00%(upstream:short)%00%(objectname)%00%(upstream:track)%00%(upstream:remotename)%00%(upstream:remoteref) refs/heads/about-page refs/remotes/about-page [3ms]
2024-09-07 18:56:34.554 [info] > git status -z -uall [3ms]
2024-09-07 18:56:34.570 [info] > git for-each-ref --format=%(refname)%00%(upstream:short)%00%(objectname)%00%(upstream:track)%00%(upstream:remotename)%00%(upstream:remoteref) refs/heads/about-page refs/remotes/about-page [6ms]
2024-09-07 18:56:34.575 [info] > git config --local branch.about-page.vscode-merge-base [2ms]
2024-09-07 18:56:34.580 [info] > git for-each-ref --format=%(refname)%00%(upstream:short)%00%(objectname)%00%(upstream:track)%00%(upstream:remotename)%00%(upstream:remoteref) refs/heads/origin/main refs/remotes/origin/main [1ms]
2024-09-07 18:57:23.448 [info] > git show --textconv :about.html [3ms]
2024-09-07 18:57:23.450 [info] > git ls-files --stage -- /root/repos/website/about.html [3ms]
2024-09-07 18:57:23.455 [info] > git cat-file -s aa38f2bba993846ee93b2574f80b779168f18f68 [2ms]
2024-09-07 18:57:27.242 [info] > git show --textconv :about.html [3ms]
2024-09-07 18:57:27.243 [info] > git ls-files --stage -- /root/repos/website/about.html [2ms]
2024-09-07 18:57:27.248 [info] > git cat-file -s aa38f2bba993846ee93b2574f80b779168f18f68 [2ms]
2024-09-07 18:57:27.838 [info] > git show --textconv :index.html [4ms]
2024-09-07 18:57:27.839 [info] > git ls-files --stage -- /root/repos/website/index.html [1ms]
2024-09-07 18:57:27.843 [info] > git cat-file -s b9435fdae11e67d9bd17f6500a425a60ca302645 [2ms]
2024-09-07 18:57:30.696 [info] > git config --get commit.template [12ms]
2024-09-07 18:57:30.698 [info] > git for-each-ref --format=%(refname)%00%(upstream:short)%00%(objectname)%00%(upstream:track)%00%(upstream:remotename)%00%(upstream:remoteref) refs/heads/about-page refs/remotes/about-page [3ms]
2024-09-07 18:57:30.704 [info] > git status -z -uall [2ms]
2024-09-07 18:57:30.712 [info] > git for-each-ref --format=%(refname)%00%(upstream:short)%00%(objectname)%00%(upstream:track)%00%(upstream:remotename)%00%(upstream:remoteref) refs/heads/about-page refs/remotes/about-page [4ms]
2024-09-07 18:57:30.718 [info] > git config --local branch.about-page.vscode-merge-base [2ms]
2024-09-07 18:57:30.724 [info] > git for-each-ref --format=%(refname)%00%(upstream:short)%00%(objectname)%00%(upstream:track)%00%(upstream:remotename)%00%(upstream:remoteref) refs/heads/origin/main refs/remotes/origin/main [2ms]
2024-09-07 18:57:41.199 [info] > git show --textconv :index.html [3ms]
2024-09-07 18:57:41.200 [info] > git ls-files --stage -- /root/repos/website/index.html [1ms]
2024-09-07 18:57:41.205 [info] > git cat-file -s b9435fdae11e67d9bd17f6500a425a60ca302645 [2ms]
2024-09-07 18:57:51.805 [info] > git show --textconv :index.html [5ms]
2024-09-07 18:57:51.807 [info] > git ls-files --stage -- /root/repos/website/index.html [2ms]
2024-09-07 18:57:51.812 [info] > git cat-file -s b9435fdae11e67d9bd17f6500a425a60ca302645 [2ms]
2024-09-07 18:58:26.698 [info] > git config --get commit.template [4ms]
2024-09-07 18:58:26.698 [info] > git for-each-ref --format=%(refname)%00%(upstream:short)%00%(objectname)%00%(upstream:track)%00%(upstream:remotename)%00%(upstream:remoteref) refs/heads/about-page refs/remotes/about-page [1ms]
2024-09-07 18:58:26.702 [info] > git status -z -uall [2ms]
2024-09-07 18:58:26.707 [info] > git for-each-ref --format=%(refname)%00%(upstream:short)%00%(objectname)%00%(upstream:track)%00%(upstream:remotename)%00%(upstream:remoteref) refs/heads/about-page refs/remotes/about-page [1ms]
2024-09-07 18:58:26.713 [info] > git config --local branch.about-page.vscode-merge-base [1ms]
2024-09-07 18:58:26.718 [info] > git for-each-ref --format=%(refname)%00%(upstream:short)%00%(objectname)%00%(upstream:track)%00%(upstream:remotename)%00%(upstream:remoteref) refs/heads/origin/main refs/remotes/origin/main [1ms]
2024-09-07 18:58:32.304 [info] > git show --textconv :index.html [9ms]
2024-09-07 18:58:32.306 [info] > git ls-files --stage -- /root/repos/website/index.html [4ms]
2024-09-07 18:58:32.317 [info] > git cat-file -s b9435fdae11e67d9bd17f6500a425a60ca302645 [1ms]
2024-09-07 18:58:36.065 [info] > git show --textconv :index.html [4ms]
2024-09-07 18:58:36.066 [info] > git ls-files --stage -- /root/repos/website/index.html [2ms]
2024-09-07 18:58:36.070 [info] > git cat-file -s b9435fdae11e67d9bd17f6500a425a60ca302645 [1ms]
2024-09-07 18:58:37.798 [info] > git show --textconv :index.html [3ms]
2024-09-07 18:58:37.799 [info] > git ls-files --stage -- /root/repos/website/index.html [2ms]
2024-09-07 18:58:37.804 [info] > git cat-file -s b9435fdae11e67d9bd17f6500a425a60ca302645 [1ms]
2024-09-07 18:58:50.850 [info] > git show --textconv :index.html [3ms]
2024-09-07 18:58:50.851 [info] > git ls-files --stage -- /root/repos/website/index.html [1ms]
2024-09-07 18:58:50.856 [info] > git cat-file -s b9435fdae11e67d9bd17f6500a425a60ca302645 [2ms]
2024-09-07 18:59:17.883 [info] > git show --textconv :about.html [4ms]
2024-09-07 18:59:17.885 [info] > git ls-files --stage -- /root/repos/website/about.html [3ms]
2024-09-07 18:59:17.889 [info] > git cat-file -s aa38f2bba993846ee93b2574f80b779168f18f68 [2ms]
2024-09-07 18:59:26.046 [info] > git show --textconv :index.html [4ms]
2024-09-07 18:59:26.047 [info] > git ls-files --stage -- /root/repos/website/index.html [2ms]
2024-09-07 18:59:26.051 [info] > git cat-file -s b9435fdae11e67d9bd17f6500a425a60ca302645 [1ms]
2024-09-07 18:59:31.434 [info] > git config --get commit.template [4ms]
2024-09-07 18:59:31.435 [info] > git for-each-ref --format=%(refname)%00%(upstream:short)%00%(objectname)%00%(upstream:track)%00%(upstream:remotename)%00%(upstream:remoteref) refs/heads/about-page refs/remotes/about-page [1ms]
2024-09-07 18:59:31.439 [info] > git status -z -uall [2ms]
2024-09-07 18:59:31.445 [info] > git for-each-ref --format=%(refname)%00%(upstream:short)%00%(objectname)%00%(upstream:track)%00%(upstream:remotename)%00%(upstream:remoteref) refs/heads/about-page refs/remotes/about-page [3ms]
2024-09-07 18:59:31.450 [info] > git config --local branch.about-page.vscode-merge-base [2ms]
2024-09-07 18:59:31.454 [info] > git for-each-ref --format=%(refname)%00%(upstream:short)%00%(objectname)%00%(upstream:track)%00%(upstream:remotename)%00%(upstream:remoteref) refs/heads/origin/main refs/remotes/origin/main [1ms]
2024-09-07 18:59:32.532 [info] > git for-each-ref --format=%(refname)%00%(upstream:short)%00%(objectname)%00%(upstream:track)%00%(upstream:remotename)%00%(upstream:remoteref) refs/heads/about-page refs/remotes/about-page [4ms]
2024-09-07 18:59:32.534 [info] > git config --get commit.template [12ms]
2024-09-07 18:59:32.542 [info] > git status -z -uall [3ms]
2024-09-07 18:59:32.553 [info] > git for-each-ref --format=%(refname)%00%(upstream:short)%00%(objectname)%00%(upstream:track)%00%(upstream:remotename)%00%(upstream:remoteref) refs/heads/about-page refs/remotes/about-page [3ms]
2024-09-07 18:59:32.559 [info] > git config --local branch.about-page.vscode-merge-base [1ms]
2024-09-07 18:59:32.563 [info] > git for-each-ref --format=%(refname)%00%(upstream:short)%00%(objectname)%00%(upstream:track)%00%(upstream:remotename)%00%(upstream:remoteref) refs/heads/origin/main refs/remotes/origin/main [1ms]
2024-09-07 18:59:32.667 [info] > git ls-files --stage -- /root/repos/website/index.html [1ms]
2024-09-07 18:59:32.671 [info] > git cat-file -s 630bd7a76c1430f1978df252cffffd4b6e9901c1 [1ms]
2024-09-07 18:59:32.681 [info] > git show --textconv :index.html [2ms]
2024-09-07 19:00:12.761 [info] > git config --get commit.template [3ms]
2024-09-07 19:00:12.762 [info] > git for-each-ref --format=%(refname)%00%(upstream:short)%00%(objectname)%00%(upstream:track)%00%(upstream:remotename)%00%(upstream:remoteref) refs/heads/about-page refs/remotes/about-page [1ms]
2024-09-07 19:00:12.766 [info] > git status -z -uall [2ms]
2024-09-07 19:00:12.774 [info] > git for-each-ref --format=%(refname)%00%(upstream:short)%00%(objectname)%00%(upstream:track)%00%(upstream:remotename)%00%(upstream:remoteref) refs/heads/about-page refs/remotes/about-page [4ms]
2024-09-07 19:00:12.779 [info] > git config --local branch.about-page.vscode-merge-base [1ms]
2024-09-07 19:00:12.783 [info] > git for-each-ref --format=%(refname)%00%(upstream:short)%00%(objectname)%00%(upstream:track)%00%(upstream:remotename)%00%(upstream:remoteref) refs/heads/origin/main refs/remotes/origin/main [1ms]
2024-09-07 19:00:13.790 [info] > git config --get commit.template [7ms]
2024-09-07 19:00:13.791 [info] > git for-each-ref --format=%(refname)%00%(upstream:short)%00%(objectname)%00%(upstream:track)%00%(upstream:remotename)%00%(upstream:remoteref) refs/heads/about-page refs/remotes/about-page [3ms]
2024-09-07 19:00:13.800 [info] > git status -z -uall [4ms]
2024-09-07 19:00:13.807 [info] > git for-each-ref --format=%(refname)%00%(upstream:short)%00%(objectname)%00%(upstream:track)%00%(upstream:remotename)%00%(upstream:remoteref) refs/heads/about-page refs/remotes/about-page [1ms]
2024-09-07 19:00:13.812 [info] > git config --local branch.about-page.vscode-merge-base [1ms]
2024-09-07 19:00:13.819 [info] > git for-each-ref --format=%(refname)%00%(upstream:short)%00%(objectname)%00%(upstream:track)%00%(upstream:remotename)%00%(upstream:remoteref) refs/heads/origin/main refs/remotes/origin/main [4ms]
2024-09-07 19:00:13.884 [info] > git ls-files --stage -- /root/repos/website/index.html [2ms]
2024-09-07 19:00:13.888 [info] > git cat-file -s 630bd7a76c1430f1978df252cffffd4b6e9901c1 [2ms]
2024-09-07 19:00:13.897 [info] > git show --textconv :index.html [1ms]
2024-09-07 19:12:32.755 [info] > git config --get commit.template [2ms]
2024-09-07 19:12:32.759 [info] > git for-each-ref --format=%(refname)%00%(upstream:short)%00%(objectname)%00%(upstream:track)%00%(upstream:remotename)%00%(upstream:remoteref) refs/heads/main refs/remotes/main [2ms]
2024-09-07 19:12:32.765 [info] > git status -z -uall [2ms]
2024-09-07 19:12:32.779 [info] > git for-each-ref --format=%(refname)%00%(upstream:short)%00%(objectname)%00%(upstream:track)%00%(upstream:remotename)%00%(upstream:remoteref) refs/heads/main refs/remotes/main [9ms]
2024-09-07 19:12:32.786 [info] > git config --local branch.main.vscode-merge-base [4ms]
2024-09-07 19:12:32.787 [warning] [Git][config] git config failed: Failed to execute git
2024-09-07 19:12:32.806 [info] > git reflog main --grep-reflog=branch: Created from *. [16ms]
2024-09-07 19:12:32.812 [info] > git symbolic-ref --short refs/remotes/origin/HEAD [2ms]
2024-09-07 19:12:32.812 [info] fatal: ref refs/remotes/origin/HEAD is not a symbolic ref
2024-09-07 19:12:32.819 [info] > git merge-base refs/heads/main refs/remotes/origin/main [2ms]
2024-09-07 19:12:32.825 [info] > git rev-list --count --left-right refs/heads/main...refs/remotes/origin/main [2ms]
2024-09-07 19:12:32.830 [info] > git diff --name-status -z --diff-filter=ADMR 5b25eb62f429b0e168dd53594d470842a014936f...refs/remotes/origin/main [1ms]
2024-09-07 19:12:33.789 [info] > git config --get commit.template [2ms]
2024-09-07 19:12:33.798 [info] > git for-each-ref --format=%(refname)%00%(upstream:short)%00%(objectname)%00%(upstream:track)%00%(upstream:remotename)%00%(upstream:remoteref) refs/heads/main refs/remotes/main [3ms]
2024-09-07 19:12:33.807 [info] > git status -z -uall [3ms]
2024-09-07 19:12:33.817 [info] > git for-each-ref --format=%(refname)%00%(upstream:short)%00%(objectname)%00%(upstream:track)%00%(upstream:remotename)%00%(upstream:remoteref) refs/heads/main refs/remotes/main [2ms]
2024-09-07 19:12:33.821 [info] > git config --local branch.main.vscode-merge-base [1ms]
2024-09-07 19:12:33.821 [warning] [Git][config] git config failed: Failed to execute git
2024-09-07 19:12:33.827 [info] > git reflog main --grep-reflog=branch: Created from *. [3ms]
2024-09-07 19:12:33.830 [info] > git symbolic-ref --short refs/remotes/origin/HEAD [1ms]
2024-09-07 19:12:33.830 [info] fatal: ref refs/remotes/origin/HEAD is not a symbolic ref
2024-09-07 19:12:33.900 [info] > git ls-files --stage -- /root/repos/website/index.html [3ms]
2024-09-07 19:12:33.908 [info] > git cat-file -s b9435fdae11e67d9bd17f6500a425a60ca302645 [2ms]
2024-09-07 19:12:33.920 [info] > git show --textconv :index.html [2ms]
2024-09-07 19:13:52.449 [info] > git config --get commit.template [2ms]
2024-09-07 19:13:52.454 [info] > git for-each-ref --format=%(refname)%00%(upstream:short)%00%(objectname)%00%(upstream:track)%00%(upstream:remotename)%00%(upstream:remoteref) refs/heads/main refs/remotes/main [2ms]
2024-09-07 19:13:52.459 [info] > git status -z -uall [2ms]
2024-09-07 19:13:52.465 [info] > git for-each-ref --format=%(refname)%00%(upstream:short)%00%(objectname)%00%(upstream:track)%00%(upstream:remotename)%00%(upstream:remoteref) refs/heads/main refs/remotes/main [3ms]
2024-09-07 19:13:52.469 [info] > git config --local branch.main.vscode-merge-base [1ms]
2024-09-07 19:13:52.470 [warning] [Git][config] git config failed: Failed to execute git
2024-09-07 19:13:52.475 [info] > git reflog main --grep-reflog=branch: Created from *. [2ms]
2024-09-07 19:13:52.479 [info] > git symbolic-ref --short refs/remotes/origin/HEAD [2ms]
2024-09-07 19:13:52.479 [info] fatal: ref refs/remotes/origin/HEAD is not a symbolic ref
2024-09-07 19:13:52.485 [info] > git merge-base refs/heads/main refs/remotes/origin/main [3ms]
2024-09-07 19:13:52.490 [info] > git rev-list --count --left-right refs/heads/main...refs/remotes/origin/main [2ms]
2024-09-07 19:13:52.496 [info] > git diff --name-status -z --diff-filter=ADMR 5b25eb62f429b0e168dd53594d470842a014936f...refs/remotes/origin/main [2ms]
2024-09-07 19:13:53.492 [info] > git config --get commit.template [4ms]
2024-09-07 19:13:53.493 [info] > git for-each-ref --format=%(refname)%00%(upstream:short)%00%(objectname)%00%(upstream:track)%00%(upstream:remotename)%00%(upstream:remoteref) refs/heads/main refs/remotes/main [2ms]
2024-09-07 19:13:53.498 [info] > git status -z -uall [2ms]
2024-09-07 19:13:53.504 [info] > git for-each-ref --format=%(refname)%00%(upstream:short)%00%(objectname)%00%(upstream:track)%00%(upstream:remotename)%00%(upstream:remoteref) refs/heads/main refs/remotes/main [2ms]
2024-09-07 19:13:53.509 [info] > git config --local branch.main.vscode-merge-base [2ms]
2024-09-07 19:13:53.509 [warning] [Git][config] git config failed: Failed to execute git
2024-09-07 19:13:53.514 [info] > git reflog main --grep-reflog=branch: Created from *. [2ms]
2024-09-07 19:13:53.518 [info] > git symbolic-ref --short refs/remotes/origin/HEAD [1ms]
2024-09-07 19:13:53.518 [info] fatal: ref refs/remotes/origin/HEAD is not a symbolic ref
2024-09-07 19:13:53.595 [info] > git ls-files --stage -- /root/repos/website/index.html [2ms]
2024-09-07 19:13:53.598 [info] > git cat-file -s 630bd7a76c1430f1978df252cffffd4b6e9901c1 [1ms]
2024-09-07 19:13:53.607 [info] > git show --textconv :index.html [2ms]
2024-09-07 19:14:06.958 [info] > git config --get commit.template [4ms]
2024-09-07 19:14:06.958 [info] > git for-each-ref --format=%(refname)%00%(upstream:short)%00%(objectname)%00%(upstream:track)%00%(upstream:remotename)%00%(upstream:remoteref) refs/heads/main refs/remotes/main [1ms]
2024-09-07 19:14:06.967 [info] > git status -z -uall [1ms]
2024-09-07 19:14:06.977 [info] > git for-each-ref --format=%(refname)%00%(upstream:short)%00%(objectname)%00%(upstream:track)%00%(upstream:remotename)%00%(upstream:remoteref) refs/heads/main refs/remotes/main [5ms]
2024-09-07 19:14:06.984 [info] > git config --local branch.main.vscode-merge-base [2ms]
2024-09-07 19:14:06.984 [warning] [Git][config] git config failed: Failed to execute git
2024-09-07 19:14:06.989 [info] > git reflog main --grep-reflog=branch: Created from *. [2ms]
2024-09-07 19:14:06.995 [info] > git symbolic-ref --short refs/remotes/origin/HEAD [2ms]
2024-09-07 19:14:06.995 [info] fatal: ref refs/remotes/origin/HEAD is not a symbolic ref
2024-09-07 19:14:06.999 [info] > git merge-base refs/heads/main refs/remotes/origin/main [1ms]
2024-09-07 19:14:07.004 [info] > git rev-list --count --left-right refs/heads/main...refs/remotes/origin/main [2ms]
2024-09-07 19:14:07.009 [info] > git diff --name-status -z --diff-filter=ADMR 4ea292ad8b78fef4e4381b9e585b49202716a580...refs/remotes/origin/main [2ms]
2024-09-07 19:14:08.082 [info] > git config --get commit.template [4ms]
2024-09-07 19:14:08.083 [info] > git for-each-ref --format=%(refname)%00%(upstream:short)%00%(objectname)%00%(upstream:track)%00%(upstream:remotename)%00%(upstream:remoteref) refs/heads/main refs/remotes/main [2ms]
2024-09-07 19:14:08.088 [info] > git status -z -uall [2ms]
2024-09-07 19:14:08.093 [info] > git for-each-ref --format=%(refname)%00%(upstream:short)%00%(objectname)%00%(upstream:track)%00%(upstream:remotename)%00%(upstream:remoteref) refs/heads/main refs/remotes/main [2ms]
2024-09-07 19:14:08.098 [info] > git config --local branch.main.vscode-merge-base [1ms]
2024-09-07 19:14:08.098 [warning] [Git][config] git config failed: Failed to execute git
2024-09-07 19:14:08.104 [info] > git reflog main --grep-reflog=branch: Created from *. [2ms]
2024-09-07 19:14:08.108 [info] > git symbolic-ref --short refs/remotes/origin/HEAD [1ms]
2024-09-07 19:14:08.108 [info] fatal: ref refs/remotes/origin/HEAD is not a symbolic ref
2024-09-07 19:14:08.183 [info] > git ls-files --stage -- /root/repos/website/index.html [1ms]
2024-09-07 19:14:08.187 [info] > git cat-file -s 630bd7a76c1430f1978df252cffffd4b6e9901c1 [1ms]
2024-09-07 19:14:08.196 [info] > git show --textconv :index.html [2ms]
2024-09-07 19:20:18.015 [info] > git config --get commit.template [3ms]
2024-09-07 19:20:18.016 [info] > git for-each-ref --format=%(refname)%00%(upstream:short)%00%(objectname)%00%(upstream:track)%00%(upstream:remotename)%00%(upstream:remoteref) refs/heads/main refs/remotes/main [1ms]
2024-09-07 19:20:18.023 [info] > git status -z -uall [4ms]
2024-09-07 19:20:18.030 [info] > git for-each-ref --format=%(refname)%00%(upstream:short)%00%(objectname)%00%(upstream:track)%00%(upstream:remotename)%00%(upstream:remoteref) refs/heads/main refs/remotes/main [2ms]
2024-09-07 19:20:18.035 [info] > git config --local branch.main.vscode-merge-base [1ms]
2024-09-07 19:20:18.035 [warning] [Git][config] git config failed: Failed to execute git
2024-09-07 19:20:18.040 [info] > git reflog main --grep-reflog=branch: Created from *. [2ms]
2024-09-07 19:20:18.044 [info] > git symbolic-ref --short refs/remotes/origin/HEAD [1ms]
2024-09-07 19:20:18.044 [info] fatal: ref refs/remotes/origin/HEAD is not a symbolic ref
2024-09-07 19:20:19.092 [info] > git config --get commit.template [4ms]
2024-09-07 19:20:19.092 [info] > git for-each-ref --format=%(refname)%00%(upstream:short)%00%(objectname)%00%(upstream:track)%00%(upstream:remotename)%00%(upstream:remoteref) refs/heads/main refs/remotes/main [1ms]
2024-09-07 19:20:19.097 [info] > git status -z -uall [2ms]
2024-09-07 19:20:19.102 [info] > git for-each-ref --format=%(refname)%00%(upstream:short)%00%(objectname)%00%(upstream:track)%00%(upstream:remotename)%00%(upstream:remoteref) refs/heads/main refs/remotes/main [2ms]
2024-09-07 19:20:19.107 [info] > git config --local branch.main.vscode-merge-base [1ms]
2024-09-07 19:20:19.107 [warning] [Git][config] git config failed: Failed to execute git
2024-09-07 19:20:19.112 [info] > git reflog main --grep-reflog=branch: Created from *. [2ms]
2024-09-07 19:20:19.115 [info] > git symbolic-ref --short refs/remotes/origin/HEAD [1ms]
2024-09-07 19:20:19.115 [info] fatal: ref refs/remotes/origin/HEAD is not a symbolic ref
2024-09-07 19:20:19.193 [info] > git ls-files --stage -- /root/repos/website/index.html [1ms]
2024-09-07 19:20:19.197 [info] > git cat-file -s 630bd7a76c1430f1978df252cffffd4b6e9901c1 [1ms]
2024-09-07 19:20:19.205 [info] > git show --textconv :index.html [2ms]
2024-09-07 19:20:25.301 [info] > git config --get commit.template [4ms]
2024-09-07 19:20:25.302 [info] > git for-each-ref --format=%(refname)%00%(upstream:short)%00%(objectname)%00%(upstream:track)%00%(upstream:remotename)%00%(upstream:remoteref) refs/heads/main refs/remotes/main [2ms]
2024-09-07 19:20:25.307 [info] > git status -z -uall [2ms]
2024-09-07 19:20:25.311 [info] > git for-each-ref --format=%(refname)%00%(upstream:short)%00%(objectname)%00%(upstream:track)%00%(upstream:remotename)%00%(upstream:remoteref) refs/heads/main refs/remotes/main [1ms]
2024-09-07 19:20:25.316 [info] > git config --local branch.main.vscode-merge-base [1ms]
2024-09-07 19:20:25.316 [warning] [Git][config] git config failed: Failed to execute git
2024-09-07 19:20:25.321 [info] > git reflog main --grep-reflog=branch: Created from *. [2ms]
2024-09-07 19:20:25.325 [info] > git symbolic-ref --short refs/remotes/origin/HEAD [2ms]
2024-09-07 19:20:25.325 [info] fatal: ref refs/remotes/origin/HEAD is not a symbolic ref
2024-09-07 19:20:47.576 [info] > git config --get commit.template [4ms]
2024-09-07 19:20:47.578 [info] > git for-each-ref --format=%(refname)%00%(upstream:short)%00%(objectname)%00%(upstream:track)%00%(upstream:remotename)%00%(upstream:remoteref) refs/heads/main refs/remotes/main [1ms]
2024-09-07 19:20:47.583 [info] > git status -z -uall [2ms]
2024-09-07 19:20:47.588 [info] > git for-each-ref --format=%(refname)%00%(upstream:short)%00%(objectname)%00%(upstream:track)%00%(upstream:remotename)%00%(upstream:remoteref) refs/heads/main refs/remotes/main [1ms]
2024-09-07 19:20:47.593 [info] > git config --local branch.main.vscode-merge-base [2ms]
2024-09-07 19:20:47.593 [warning] [Git][config] git config failed: Failed to execute git
2024-09-07 19:20:47.598 [info] > git reflog main --grep-reflog=branch: Created from *. [2ms]
2024-09-07 19:20:47.602 [info] > git symbolic-ref --short refs/remotes/origin/HEAD [1ms]
2024-09-07 19:20:47.602 [info] fatal: ref refs/remotes/origin/HEAD is not a symbolic ref
2024-09-07 19:21:04.639 [info] > git config --get commit.template [4ms]
2024-09-07 19:21:04.640 [info] > git for-each-ref --format=%(refname)%00%(upstream:short)%00%(objectname)%00%(upstream:track)%00%(upstream:remotename)%00%(upstream:remoteref) refs/heads/main refs/remotes/main [1ms]
2024-09-07 19:21:04.645 [info] > git status -z -uall [2ms]
2024-09-07 19:21:04.651 [info] > git for-each-ref --format=%(refname)%00%(upstream:short)%00%(objectname)%00%(upstream:track)%00%(upstream:remotename)%00%(upstream:remoteref) refs/heads/main refs/remotes/main [2ms]
2024-09-07 19:21:04.655 [info] > git config --local branch.main.vscode-merge-base [1ms]
2024-09-07 19:21:04.655 [warning] [Git][config] git config failed: Failed to execute git
2024-09-07 19:21:04.660 [info] > git reflog main --grep-reflog=branch: Created from *. [2ms]
2024-09-07 19:21:04.664 [info] > git symbolic-ref --short refs/remotes/origin/HEAD [1ms]
2024-09-07 19:21:04.664 [info] fatal: ref refs/remotes/origin/HEAD is not a symbolic ref
2024-09-07 19:21:20.616 [info] > git config --get commit.template [4ms]
2024-09-07 19:21:20.617 [info] > git for-each-ref --format=%(refname)%00%(upstream:short)%00%(objectname)%00%(upstream:track)%00%(upstream:remotename)%00%(upstream:remoteref) refs/heads/main refs/remotes/main [2ms]
2024-09-07 19:21:20.623 [info] > git status -z -uall [2ms]
2024-09-07 19:21:20.632 [info] > git for-each-ref --format=%(refname)%00%(upstream:short)%00%(objectname)%00%(upstream:track)%00%(upstream:remotename)%00%(upstream:remoteref) refs/heads/main refs/remotes/main [3ms]
2024-09-07 19:21:20.639 [info] > git config --local branch.main.vscode-merge-base [3ms]
2024-09-07 19:21:20.639 [warning] [Git][config] git config failed: Failed to execute git
2024-09-07 19:21:20.646 [info] > git reflog main --grep-reflog=branch: Created from *. [3ms]
2024-09-07 19:21:20.650 [info] > git symbolic-ref --short refs/remotes/origin/HEAD [1ms]
2024-09-07 19:21:20.650 [info] fatal: ref refs/remotes/origin/HEAD is not a symbolic ref
2024-09-07 19:21:21.723 [info] > git config --get commit.template [7ms]
2024-09-07 19:21:21.725 [info] > git for-each-ref --format=%(refname)%00%(upstream:short)%00%(objectname)%00%(upstream:track)%00%(upstream:remotename)%00%(upstream:remoteref) refs/heads/main refs/remotes/main [4ms]
2024-09-07 19:21:21.740 [info] > git status -z -uall [3ms]
2024-09-07 19:21:21.756 [info] > git for-each-ref --format=%(refname)%00%(upstream:short)%00%(objectname)%00%(upstream:track)%00%(upstream:remotename)%00%(upstream:remoteref) refs/heads/main refs/remotes/main [8ms]
2024-09-07 19:21:21.761 [info] > git config --local branch.main.vscode-merge-base [2ms]
2024-09-07 19:21:21.761 [warning] [Git][config] git config failed: Failed to execute git
2024-09-07 19:21:21.766 [info] > git reflog main --grep-reflog=branch: Created from *. [3ms]
2024-09-07 19:21:21.769 [info] > git symbolic-ref --short refs/remotes/origin/HEAD [1ms]
2024-09-07 19:21:21.769 [info] fatal: ref refs/remotes/origin/HEAD is not a symbolic ref
2024-09-07 19:21:21.812 [info] > git ls-files --stage -- /root/repos/website/index.html [1ms]
2024-09-07 19:21:21.816 [info] > git cat-file -s 630bd7a76c1430f1978df252cffffd4b6e9901c1 [2ms]
2024-09-07 19:21:21.825 [info] > git show --textconv :index.html [2ms]
2024-09-07 19:21:34.936 [info] > git config --get commit.template [4ms]
2024-09-07 19:21:34.936 [info] > git for-each-ref --format=%(refname)%00%(upstream:short)%00%(objectname)%00%(upstream:track)%00%(upstream:remotename)%00%(upstream:remoteref) refs/heads/main refs/remotes/main [1ms]
2024-09-07 19:21:34.942 [info] > git status -z -uall [2ms]
2024-09-07 19:21:34.947 [info] > git for-each-ref --format=%(refname)%00%(upstream:short)%00%(objectname)%00%(upstream:track)%00%(upstream:remotename)%00%(upstream:remoteref) refs/heads/main refs/remotes/main [2ms]
2024-09-07 19:21:34.952 [info] > git config --local branch.main.vscode-merge-base [2ms]
2024-09-07 19:21:34.952 [warning] [Git][config] git config failed: Failed to execute git
2024-09-07 19:21:34.959 [info] > git reflog main --grep-reflog=branch: Created from *. [3ms]
2024-09-07 19:21:34.962 [info] > git symbolic-ref --short refs/remotes/origin/HEAD [1ms]
2024-09-07 19:21:34.962 [info] fatal: ref refs/remotes/origin/HEAD is not a symbolic ref
2024-09-07 19:22:11.700 [info] > git config --get commit.template [2ms]
2024-09-07 19:22:11.713 [info] > git for-each-ref --format=%(refname)%00%(upstream:short)%00%(objectname)%00%(upstream:track)%00%(upstream:remotename)%00%(upstream:remoteref) refs/heads/test-branch refs/remotes/test-branch [2ms]
2024-09-07 19:22:11.726 [info] > git status -z -uall [8ms]
2024-09-07 19:22:11.742 [info] > git for-each-ref --format=%(refname)%00%(upstream:short)%00%(objectname)%00%(upstream:track)%00%(upstream:remotename)%00%(upstream:remoteref) refs/heads/test-branch refs/remotes/test-branch [10ms]
2024-09-07 19:22:11.762 [info] > git config --local branch.test-branch.vscode-merge-base [2ms]
2024-09-07 19:22:11.762 [warning] [Git][config] git config failed: Failed to execute git
2024-09-07 19:22:11.767 [info] > git reflog test-branch --grep-reflog=branch: Created from *. [2ms]
2024-09-07 19:22:11.776 [info] > git for-each-ref --format=%(refname)%00%(upstream:short)%00%(objectname)%00%(upstream:track)%00%(upstream:remotename)%00%(upstream:remoteref) refs/heads/main refs/remotes/main [3ms]
2024-09-07 19:22:11.784 [info] > git for-each-ref --format=%(refname)%00%(upstream:short)%00%(objectname)%00%(upstream:track)%00%(upstream:remotename)%00%(upstream:remoteref) refs/remotes/origin/main [3ms]
2024-09-07 19:22:11.791 [info] > git config --local branch.test-branch.vscode-merge-base origin/main [3ms]
2024-09-07 19:22:11.801 [info] > git config --get commit.template [5ms]
2024-09-07 19:22:11.802 [info] > git for-each-ref --format=%(refname)%00%(upstream:short)%00%(objectname)%00%(upstream:track)%00%(upstream:remotename)%00%(upstream:remoteref) refs/heads/test-branch refs/remotes/test-branch [2ms]
2024-09-07 19:22:11.806 [info] > git status -z -uall [2ms]
2024-09-07 19:22:11.811 [info] > git for-each-ref --format=%(refname)%00%(upstream:short)%00%(objectname)%00%(upstream:track)%00%(upstream:remotename)%00%(upstream:remoteref) refs/heads/test-branch refs/remotes/test-branch [2ms]
2024-09-07 19:22:11.816 [info] > git config --local branch.test-branch.vscode-merge-base [2ms]
2024-09-07 19:22:11.820 [info] > git for-each-ref --format=%(refname)%00%(upstream:short)%00%(objectname)%00%(upstream:track)%00%(upstream:remotename)%00%(upstream:remoteref) refs/heads/origin/main refs/remotes/origin/main [1ms]
2024-09-07 19:22:12.955 [info] > git config --get commit.template [13ms]
2024-09-07 19:22:12.957 [info] > git for-each-ref --format=%(refname)%00%(upstream:short)%00%(objectname)%00%(upstream:track)%00%(upstream:remotename)%00%(upstream:remoteref) refs/heads/test-branch refs/remotes/test-branch [5ms]
2024-09-07 19:22:12.970 [info] > git status -z -uall [4ms]
2024-09-07 19:22:12.984 [info] > git for-each-ref --format=%(refname)%00%(upstream:short)%00%(objectname)%00%(upstream:track)%00%(upstream:remotename)%00%(upstream:remoteref) refs/heads/test-branch refs/remotes/test-branch [7ms]
2024-09-07 19:22:12.995 [info] > git config --local branch.test-branch.vscode-merge-base [4ms]
2024-09-07 19:22:13.002 [info] > git for-each-ref --format=%(refname)%00%(upstream:short)%00%(objectname)%00%(upstream:track)%00%(upstream:remotename)%00%(upstream:remoteref) refs/heads/origin/main refs/remotes/origin/main [3ms]
2024-09-07 19:22:13.037 [info] > git ls-files --stage -- /root/repos/website/index.html [2ms]
2024-09-07 19:22:13.042 [info] > git cat-file -s 630bd7a76c1430f1978df252cffffd4b6e9901c1 [1ms]
2024-09-07 19:22:13.053 [info] > git show --textconv :index.html [3ms]
2024-09-07 19:22:28.435 [info] > git config --get commit.template [4ms]
2024-09-07 19:22:28.435 [info] > git for-each-ref --format=%(refname)%00%(upstream:short)%00%(objectname)%00%(upstream:track)%00%(upstream:remotename)%00%(upstream:remoteref) refs/heads/test-branch refs/remotes/test-branch [1ms]
2024-09-07 19:22:28.439 [info] > git status -z -uall [1ms]
2024-09-07 19:22:28.448 [info] > git for-each-ref --format=%(refname)%00%(upstream:short)%00%(objectname)%00%(upstream:track)%00%(upstream:remotename)%00%(upstream:remoteref) refs/heads/test-branch refs/remotes/test-branch [5ms]
2024-09-07 19:22:28.452 [info] > git config --local branch.test-branch.vscode-merge-base [1ms]
2024-09-07 19:22:28.457 [info] > git for-each-ref --format=%(refname)%00%(upstream:short)%00%(objectname)%00%(upstream:track)%00%(upstream:remotename)%00%(upstream:remoteref) refs/heads/origin/main refs/remotes/origin/main [2ms]
2024-09-07 19:22:28.558 [info] > git check-ignore -v -z --stdin [7ms]
2024-09-07 19:22:52.181 [info] > git config --get commit.template [3ms]
2024-09-07 19:22:52.182 [info] > git for-each-ref --format=%(refname)%00%(upstream:short)%00%(objectname)%00%(upstream:track)%00%(upstream:remotename)%00%(upstream:remoteref) refs/heads/test-branch refs/remotes/test-branch [1ms]
2024-09-07 19:22:52.187 [info] > git status -z -uall [2ms]
2024-09-07 19:22:52.195 [info] > git for-each-ref --format=%(refname)%00%(upstream:short)%00%(objectname)%00%(upstream:track)%00%(upstream:remotename)%00%(upstream:remoteref) refs/heads/test-branch refs/remotes/test-branch [3ms]
2024-09-07 19:22:52.200 [info] > git config --local branch.test-branch.vscode-merge-base [1ms]
2024-09-07 19:22:52.205 [info] > git for-each-ref --format=%(refname)%00%(upstream:short)%00%(objectname)%00%(upstream:track)%00%(upstream:remotename)%00%(upstream:remoteref) refs/heads/origin/main refs/remotes/origin/main [2ms]
2024-09-07 19:22:53.269 [info] > git config --get commit.template [7ms]
2024-09-07 19:22:53.270 [info] > git for-each-ref --format=%(refname)%00%(upstream:short)%00%(objectname)%00%(upstream:track)%00%(upstream:remotename)%00%(upstream:remoteref) refs/heads/test-branch refs/remotes/test-branch [3ms]
2024-09-07 19:22:53.279 [info] > git status -z -uall [3ms]
2024-09-07 19:22:53.288 [info] > git for-each-ref --format=%(refname)%00%(upstream:short)%00%(objectname)%00%(upstream:track)%00%(upstream:remotename)%00%(upstream:remoteref) refs/heads/test-branch refs/remotes/test-branch [3ms]
2024-09-07 19:22:53.293 [info] > git config --local branch.test-branch.vscode-merge-base [1ms]
2024-09-07 19:22:53.299 [info] > git for-each-ref --format=%(refname)%00%(upstream:short)%00%(objectname)%00%(upstream:track)%00%(upstream:remotename)%00%(upstream:remoteref) refs/heads/origin/main refs/remotes/origin/main [2ms]
2024-09-07 19:22:53.364 [info] > git ls-files --stage -- /root/repos/website/index.html [2ms]
2024-09-07 19:22:53.367 [info] > git cat-file -s 630bd7a76c1430f1978df252cffffd4b6e9901c1 [1ms]
2024-09-07 19:22:53.376 [info] > git show --textconv :index.html [1ms]
2024-09-07 19:23:10.356 [info] > git config --get commit.template [3ms]
2024-09-07 19:23:10.356 [info] > git for-each-ref --format=%(refname)%00%(upstream:short)%00%(objectname)%00%(upstream:track)%00%(upstream:remotename)%00%(upstream:remoteref) refs/heads/test-branch refs/remotes/test-branch [1ms]
2024-09-07 19:23:10.360 [info] > git status -z -uall [1ms]
2024-09-07 19:23:10.367 [info] > git for-each-ref --format=%(refname)%00%(upstream:short)%00%(objectname)%00%(upstream:track)%00%(upstream:remotename)%00%(upstream:remoteref) refs/heads/test-branch refs/remotes/test-branch [2ms]
2024-09-07 19:23:10.372 [info] > git config --local branch.test-branch.vscode-merge-base [1ms]
2024-09-07 19:23:10.376 [info] > git for-each-ref --format=%(refname)%00%(upstream:short)%00%(objectname)%00%(upstream:track)%00%(upstream:remotename)%00%(upstream:remoteref) refs/heads/origin/main refs/remotes/origin/main [2ms]
2024-09-07 19:23:11.494 [info] > git config --get commit.template [11ms]
2024-09-07 19:23:11.496 [info] > git for-each-ref --format=%(refname)%00%(upstream:short)%00%(objectname)%00%(upstream:track)%00%(upstream:remotename)%00%(upstream:remoteref) refs/heads/test-branch refs/remotes/test-branch [5ms]
2024-09-07 19:23:11.504 [info] > git status -z -uall [3ms]
2024-09-07 19:23:11.513 [info] > git for-each-ref --format=%(refname)%00%(upstream:short)%00%(objectname)%00%(upstream:track)%00%(upstream:remotename)%00%(upstream:remoteref) refs/heads/test-branch refs/remotes/test-branch [3ms]
2024-09-07 19:23:11.521 [info] > git config --local branch.test-branch.vscode-merge-base [2ms]
2024-09-07 19:23:11.527 [info] > git for-each-ref --format=%(refname)%00%(upstream:short)%00%(objectname)%00%(upstream:track)%00%(upstream:remotename)%00%(upstream:remoteref) refs/heads/origin/main refs/remotes/origin/main [1ms]
2024-09-07 19:23:11.617 [info] > git ls-files --stage -- /root/repos/website/index.html [1ms]
2024-09-07 19:23:11.621 [info] > git cat-file -s 630bd7a76c1430f1978df252cffffd4b6e9901c1 [1ms]
2024-09-07 19:23:11.630 [info] > git show --textconv :index.html [2ms]
2024-09-07 19:27:29.184 [info] > git config --get commit.template [5ms]
2024-09-07 19:27:29.185 [info] > git for-each-ref --format=%(refname)%00%(upstream:short)%00%(objectname)%00%(upstream:track)%00%(upstream:remotename)%00%(upstream:remoteref) refs/heads/test-branch refs/remotes/test-branch [2ms]
2024-09-07 19:27:29.190 [info] > git status -z -uall [1ms]
2024-09-07 19:27:29.195 [info] > git for-each-ref --format=%(refname)%00%(upstream:short)%00%(objectname)%00%(upstream:track)%00%(upstream:remotename)%00%(upstream:remoteref) refs/heads/test-branch refs/remotes/test-branch [3ms]
2024-09-07 19:27:29.199 [info] > git config --local branch.test-branch.vscode-merge-base [1ms]
2024-09-07 19:27:29.203 [info] > git for-each-ref --format=%(refname)%00%(upstream:short)%00%(objectname)%00%(upstream:track)%00%(upstream:remotename)%00%(upstream:remoteref) refs/heads/origin/main refs/remotes/origin/main [1ms]
2024-09-07 19:27:30.227 [info] > git config --get commit.template [17ms]
2024-09-07 19:27:30.229 [info] > git for-each-ref --format=%(refname)%00%(upstream:short)%00%(objectname)%00%(upstream:track)%00%(upstream:remotename)%00%(upstream:remoteref) refs/heads/test-branch refs/remotes/test-branch [7ms]
2024-09-07 19:27:30.243 [info] > git status -z -uall [6ms]
2024-09-07 19:27:30.254 [info] > git for-each-ref --format=%(refname)%00%(upstream:short)%00%(objectname)%00%(upstream:track)%00%(upstream:remotename)%00%(upstream:remoteref) refs/heads/test-branch refs/remotes/test-branch [3ms]
2024-09-07 19:27:30.264 [info] > git config --local branch.test-branch.vscode-merge-base [3ms]
2024-09-07 19:27:30.274 [info] > git for-each-ref --format=%(refname)%00%(upstream:short)%00%(objectname)%00%(upstream:track)%00%(upstream:remotename)%00%(upstream:remoteref) refs/heads/origin/main refs/remotes/origin/main [3ms]
2024-09-07 19:27:30.306 [info] > git ls-files --stage -- /root/repos/website/index.html [3ms]
2024-09-07 19:27:30.310 [info] > git cat-file -s 630bd7a76c1430f1978df252cffffd4b6e9901c1 [1ms]
2024-09-07 19:27:30.320 [info] > git show --textconv :index.html [2ms]
2024-09-07 19:27:40.872 [info] > git config --get commit.template [4ms]
2024-09-07 19:27:40.873 [info] > git for-each-ref --format=%(refname)%00%(upstream:short)%00%(objectname)%00%(upstream:track)%00%(upstream:remotename)%00%(upstream:remoteref) refs/heads/main refs/remotes/main [2ms]
2024-09-07 19:27:40.878 [info] > git status -z -uall [2ms]
2024-09-07 19:27:40.889 [info] > git for-each-ref --format=%(refname)%00%(upstream:short)%00%(objectname)%00%(upstream:track)%00%(upstream:remotename)%00%(upstream:remoteref) refs/heads/main refs/remotes/main [5ms]
2024-09-07 19:27:40.893 [info] > git config --local branch.main.vscode-merge-base [1ms]
2024-09-07 19:27:40.893 [warning] [Git][config] git config failed: Failed to execute git
2024-09-07 19:27:40.898 [info] > git reflog main --grep-reflog=branch: Created from *. [2ms]
2024-09-07 19:27:40.903 [info] > git symbolic-ref --short refs/remotes/origin/HEAD [1ms]
2024-09-07 19:27:40.904 [info] fatal: ref refs/remotes/origin/HEAD is not a symbolic ref
2024-09-07 19:27:40.909 [info] > git merge-base refs/heads/main refs/remotes/origin/main [2ms]
2024-09-07 19:27:40.914 [info] > git rev-list --count --left-right refs/heads/main...refs/remotes/origin/main [2ms]
2024-09-07 19:27:40.919 [info] > git diff --name-status -z --diff-filter=ADMR 4ea292ad8b78fef4e4381b9e585b49202716a580...refs/remotes/origin/main [2ms]
2024-09-07 19:27:41.998 [info] > git config --get commit.template [12ms]
2024-09-07 19:27:42.002 [info] > git for-each-ref --format=%(refname)%00%(upstream:short)%00%(objectname)%00%(upstream:track)%00%(upstream:remotename)%00%(upstream:remoteref) refs/heads/main refs/remotes/main [6ms]
2024-09-07 19:27:42.013 [info] > git status -z -uall [4ms]
2024-09-07 19:27:42.023 [info] > git for-each-ref --format=%(refname)%00%(upstream:short)%00%(objectname)%00%(upstream:track)%00%(upstream:remotename)%00%(upstream:remoteref) refs/heads/main refs/remotes/main [4ms]
2024-09-07 19:27:42.032 [info] > git config --local branch.main.vscode-merge-base [3ms]
2024-09-07 19:27:42.032 [warning] [Git][config] git config failed: Failed to execute git
2024-09-07 19:27:42.039 [info] > git reflog main --grep-reflog=branch: Created from *. [2ms]
2024-09-07 19:27:42.044 [info] > git symbolic-ref --short refs/remotes/origin/HEAD [1ms]
2024-09-07 19:27:42.044 [info] fatal: ref refs/remotes/origin/HEAD is not a symbolic ref
2024-09-07 19:27:42.079 [info] > git ls-files --stage -- /root/repos/website/index.html [2ms]
2024-09-07 19:27:42.083 [info] > git cat-file -s 630bd7a76c1430f1978df252cffffd4b6e9901c1 [2ms]
2024-09-07 19:27:42.092 [info] > git show --textconv :index.html [2ms]
2024-09-07 19:30:03.692 [info] > git config --get commit.template [3ms]
2024-09-07 19:30:03.693 [info] > git for-each-ref --format=%(refname)%00%(upstream:short)%00%(objectname)%00%(upstream:track)%00%(upstream:remotename)%00%(upstream:remoteref) refs/heads/main refs/remotes/main [2ms]
2024-09-07 19:30:03.699 [info] > git status -z -uall [3ms]
2024-09-07 19:30:03.706 [info] > git for-each-ref --format=%(refname)%00%(upstream:short)%00%(objectname)%00%(upstream:track)%00%(upstream:remotename)%00%(upstream:remoteref) refs/heads/main refs/remotes/main [2ms]
2024-09-07 19:30:03.711 [info] > git config --local branch.main.vscode-merge-base [2ms]
2024-09-07 19:30:03.712 [warning] [Git][config] git config failed: Failed to execute git
2024-09-07 19:30:03.717 [info] > git reflog main --grep-reflog=branch: Created from *. [2ms]
2024-09-07 19:30:03.720 [info] > git symbolic-ref --short refs/remotes/origin/HEAD [1ms]
2024-09-07 19:30:03.720 [info] fatal: ref refs/remotes/origin/HEAD is not a symbolic ref
2024-09-07 19:30:04.789 [info] > git config --get commit.template [7ms]
2024-09-07 19:30:04.791 [info] > git for-each-ref --format=%(refname)%00%(upstream:short)%00%(objectname)%00%(upstream:track)%00%(upstream:remotename)%00%(upstream:remoteref) refs/heads/main refs/remotes/main [3ms]
2024-09-07 19:30:04.801 [info] > git status -z -uall [3ms]
2024-09-07 19:30:04.813 [info] > git for-each-ref --format=%(refname)%00%(upstream:short)%00%(objectname)%00%(upstream:track)%00%(upstream:remotename)%00%(upstream:remoteref) refs/heads/main refs/remotes/main [5ms]
2024-09-07 19:30:04.822 [info] > git config --local branch.main.vscode-merge-base [3ms]
2024-09-07 19:30:04.823 [warning] [Git][config] git config failed: Failed to execute git
2024-09-07 19:30:04.832 [info] > git reflog main --grep-reflog=branch: Created from *. [4ms]
2024-09-07 19:30:04.840 [info] > git symbolic-ref --short refs/remotes/origin/HEAD [3ms]
2024-09-07 19:30:04.840 [info] fatal: ref refs/remotes/origin/HEAD is not a symbolic ref
2024-09-07 19:30:04.891 [info] > git ls-files --stage -- /root/repos/website/index.html [2ms]
2024-09-07 19:30:04.899 [info] > git cat-file -s 630bd7a76c1430f1978df252cffffd4b6e9901c1 [3ms]
2024-09-07 19:30:04.915 [info] > git show --textconv :index.html [3ms]
2024-09-07 19:31:21.472 [info] > git config --get commit.template [4ms]
2024-09-07 19:31:21.472 [info] > git for-each-ref --format=%(refname)%00%(upstream:short)%00%(objectname)%00%(upstream:track)%00%(upstream:remotename)%00%(upstream:remoteref) refs/heads/main refs/remotes/main [2ms]
2024-09-07 19:31:21.477 [info] > git status -z -uall [2ms]
2024-09-07 19:31:21.485 [info] > git for-each-ref --format=%(refname)%00%(upstream:short)%00%(objectname)%00%(upstream:track)%00%(upstream:remotename)%00%(upstream:remoteref) refs/heads/main refs/remotes/main [4ms]
2024-09-07 19:31:21.490 [info] > git config --local branch.main.vscode-merge-base [2ms]
2024-09-07 19:31:21.490 [warning] [Git][config] git config failed: Failed to execute git
2024-09-07 19:31:21.497 [info] > git reflog main --grep-reflog=branch: Created from *. [4ms]
2024-09-07 19:31:21.501 [info] > git symbolic-ref --short refs/remotes/origin/HEAD [2ms]
2024-09-07 19:31:21.501 [info] fatal: ref refs/remotes/origin/HEAD is not a symbolic ref
2024-09-07 19:31:22.630 [info] > git show --textconv :about.html [4ms]
2024-09-07 19:31:22.631 [info] > git ls-files --stage -- /root/repos/website/about.html [3ms]
2024-09-07 19:31:22.635 [info] > git cat-file -s aa38f2bba993846ee93b2574f80b779168f18f68 [1ms]
2024-09-07 19:31:58.345 [info] > git config --get commit.template [3ms]
2024-09-07 19:31:58.345 [info] > git for-each-ref --format=%(refname)%00%(upstream:short)%00%(objectname)%00%(upstream:track)%00%(upstream:remotename)%00%(upstream:remoteref) refs/heads/main refs/remotes/main [1ms]
2024-09-07 19:31:58.350 [info] > git status -z -uall [2ms]
2024-09-07 19:31:58.359 [info] > git for-each-ref --format=%(refname)%00%(upstream:short)%00%(objectname)%00%(upstream:track)%00%(upstream:remotename)%00%(upstream:remoteref) refs/heads/main refs/remotes/main [5ms]
2024-09-07 19:31:58.363 [info] > git config --local branch.main.vscode-merge-base [1ms]
2024-09-07 19:31:58.363 [warning] [Git][config] git config failed: Failed to execute git
2024-09-07 19:31:58.369 [info] > git reflog main --grep-reflog=branch: Created from *. [3ms]
2024-09-07 19:31:58.374 [info] > git symbolic-ref --short refs/remotes/origin/HEAD [1ms]
2024-09-07 19:31:58.374 [info] fatal: ref refs/remotes/origin/HEAD is not a symbolic ref
2024-09-07 19:31:59.426 [info] > git config --get commit.template [5ms]
2024-09-07 19:31:59.428 [info] > git for-each-ref --format=%(refname)%00%(upstream:short)%00%(objectname)%00%(upstream:track)%00%(upstream:remotename)%00%(upstream:remoteref) refs/heads/main refs/remotes/main [3ms]
2024-09-07 19:31:59.435 [info] > git status -z -uall [3ms]
2024-09-07 19:31:59.441 [info] > git for-each-ref --format=%(refname)%00%(upstream:short)%00%(objectname)%00%(upstream:track)%00%(upstream:remotename)%00%(upstream:remoteref) refs/heads/main refs/remotes/main [3ms]
2024-09-07 19:31:59.447 [info] > git config --local branch.main.vscode-merge-base [2ms]
2024-09-07 19:31:59.447 [warning] [Git][config] git config failed: Failed to execute git
2024-09-07 19:31:59.452 [info] > git reflog main --grep-reflog=branch: Created from *. [2ms]
2024-09-07 19:31:59.456 [info] > git symbolic-ref --short refs/remotes/origin/HEAD [2ms]
2024-09-07 19:31:59.456 [info] fatal: ref refs/remotes/origin/HEAD is not a symbolic ref
2024-09-07 19:31:59.525 [info] > git ls-files --stage -- /root/repos/website/about.html [1ms]
2024-09-07 19:31:59.529 [info] > git cat-file -s aa38f2bba993846ee93b2574f80b779168f18f68 [1ms]
2024-09-07 19:31:59.538 [info] > git show --textconv :about.html [2ms]
2024-09-07 19:34:51.907 [info] > git config --get commit.template [7ms]
2024-09-07 19:34:51.909 [info] > git for-each-ref --format=%(refname)%00%(upstream:short)%00%(objectname)%00%(upstream:track)%00%(upstream:remotename)%00%(upstream:remoteref) refs/heads/main refs/remotes/main [2ms]
2024-09-07 19:34:51.918 [info] > git status -z -uall [4ms]
2024-09-07 19:34:51.932 [info] > git for-each-ref --format=%(refname)%00%(upstream:short)%00%(objectname)%00%(upstream:track)%00%(upstream:remotename)%00%(upstream:remoteref) refs/heads/main refs/remotes/main [8ms]
2024-09-07 19:34:51.939 [info] > git config --local branch.main.vscode-merge-base [2ms]
2024-09-07 19:34:51.939 [warning] [Git][config] git config failed: Failed to execute git
2024-09-07 19:34:51.951 [info] > git reflog main --grep-reflog=branch: Created from *. [5ms]
2024-09-07 19:34:51.961 [info] > git symbolic-ref --short refs/remotes/origin/HEAD [5ms]
2024-09-07 19:34:51.961 [info] fatal: ref refs/remotes/origin/HEAD is not a symbolic ref
2024-09-07 19:34:51.976 [info] > git check-ignore -v -z --stdin [2ms]
2024-09-07 19:35:15.555 [info] > git config --get commit.template [5ms]
2024-09-07 19:35:15.556 [info] > git for-each-ref --format=%(refname)%00%(upstream:short)%00%(objectname)%00%(upstream:track)%00%(upstream:remotename)%00%(upstream:remoteref) refs/heads/main refs/remotes/main [2ms]
2024-09-07 19:35:15.561 [info] > git status -z -uall [2ms]
2024-09-07 19:35:15.567 [info] > git for-each-ref --format=%(refname)%00%(upstream:short)%00%(objectname)%00%(upstream:track)%00%(upstream:remotename)%00%(upstream:remoteref) refs/heads/main refs/remotes/main [3ms]
2024-09-07 19:35:15.572 [info] > git config --local branch.main.vscode-merge-base [2ms]
2024-09-07 19:35:15.572 [warning] [Git][config] git config failed: Failed to execute git
2024-09-07 19:35:15.578 [info] > git reflog main --grep-reflog=branch: Created from *. [2ms]
2024-09-07 19:35:15.584 [info] > git symbolic-ref --short refs/remotes/origin/HEAD [2ms]
2024-09-07 19:35:15.584 [info] fatal: ref refs/remotes/origin/HEAD is not a symbolic ref
2024-09-07 19:35:16.636 [info] > git config --get commit.template [4ms]
2024-09-07 19:35:16.643 [info] > git for-each-ref --format=%(refname)%00%(upstream:short)%00%(objectname)%00%(upstream:track)%00%(upstream:remotename)%00%(upstream:remoteref) refs/heads/main refs/remotes/main [2ms]
2024-09-07 19:35:16.651 [info] > git status -z -uall [3ms]
2024-09-07 19:35:16.660 [info] > git for-each-ref --format=%(refname)%00%(upstream:short)%00%(objectname)%00%(upstream:track)%00%(upstream:remotename)%00%(upstream:remoteref) refs/heads/main refs/remotes/main [3ms]
2024-09-07 19:35:16.668 [info] > git config --local branch.main.vscode-merge-base [3ms]
2024-09-07 19:35:16.668 [warning] [Git][config] git config failed: Failed to execute git
2024-09-07 19:35:16.678 [info] > git reflog main --grep-reflog=branch: Created from *. [4ms]
2024-09-07 19:35:16.684 [info] > git symbolic-ref --short refs/remotes/origin/HEAD [2ms]
2024-09-07 19:35:16.684 [info] fatal: ref refs/remotes/origin/HEAD is not a symbolic ref
2024-09-07 19:35:16.743 [info] > git ls-files --stage -- /root/repos/website/about.html [4ms]
2024-09-07 19:35:16.751 [info] > git cat-file -s aa38f2bba993846ee93b2574f80b779168f18f68 [3ms]
2024-09-07 19:35:16.767 [info] > git show --textconv :about.html [3ms]
2024-09-07 19:36:01.342 [info] > git config --get commit.template [5ms]
2024-09-07 19:36:01.343 [info] > git for-each-ref --format=%(refname)%00%(upstream:short)%00%(objectname)%00%(upstream:track)%00%(upstream:remotename)%00%(upstream:remoteref) refs/heads/main refs/remotes/main [2ms]
2024-09-07 19:36:01.352 [info] > git status -z -uall [3ms]
2024-09-07 19:36:01.363 [info] > git for-each-ref --format=%(refname)%00%(upstream:short)%00%(objectname)%00%(upstream:track)%00%(upstream:remotename)%00%(upstream:remoteref) refs/heads/main refs/remotes/main [5ms]
2024-09-07 19:36:01.368 [info] > git config --local branch.main.vscode-merge-base [1ms]
2024-09-07 19:36:01.368 [warning] [Git][config] git config failed: Failed to execute git
2024-09-07 19:36:01.373 [info] > git reflog main --grep-reflog=branch: Created from *. [3ms]
2024-09-07 19:36:01.378 [info] > git symbolic-ref --short refs/remotes/origin/HEAD [2ms]
2024-09-07 19:36:01.378 [info] fatal: ref refs/remotes/origin/HEAD is not a symbolic ref
2024-09-07 19:36:02.453 [info] > git config --get commit.template [7ms]
2024-09-07 19:36:02.455 [info] > git for-each-ref --format=%(refname)%00%(upstream:short)%00%(objectname)%00%(upstream:track)%00%(upstream:remotename)%00%(upstream:remoteref) refs/heads/main refs/remotes/main [4ms]
2024-09-07 19:36:02.465 [info] > git status -z -uall [4ms]
2024-09-07 19:36:02.470 [info] > git for-each-ref --format=%(refname)%00%(upstream:short)%00%(objectname)%00%(upstream:track)%00%(upstream:remotename)%00%(upstream:remoteref) refs/heads/main refs/remotes/main [2ms]
2024-09-07 19:36:02.475 [info] > git config --local branch.main.vscode-merge-base [2ms]
2024-09-07 19:36:02.475 [warning] [Git][config] git config failed: Failed to execute git
2024-09-07 19:36:02.480 [info] > git reflog main --grep-reflog=branch: Created from *. [2ms]
2024-09-07 19:36:02.484 [info] > git symbolic-ref --short refs/remotes/origin/HEAD [1ms]
2024-09-07 19:36:02.484 [info] fatal: ref refs/remotes/origin/HEAD is not a symbolic ref
2024-09-07 19:36:02.547 [info] > git ls-files --stage -- /root/repos/website/about.html [1ms]
2024-09-07 19:36:02.551 [info] > git cat-file -s aa38f2bba993846ee93b2574f80b779168f18f68 [2ms]
2024-09-07 19:36:02.560 [info] > git show --textconv :about.html [2ms]
2024-09-07 19:50:51.359 [info] > git config --get commit.template [4ms]
2024-09-07 19:50:51.360 [info] > git for-each-ref --format=%(refname)%00%(upstream:short)%00%(objectname)%00%(upstream:track)%00%(upstream:remotename)%00%(upstream:remoteref) refs/heads/main refs/remotes/main [2ms]
2024-09-07 19:50:51.365 [info] > git status -z -uall [2ms]
2024-09-07 19:50:51.370 [info] > git for-each-ref --format=%(refname)%00%(upstream:short)%00%(objectname)%00%(upstream:track)%00%(upstream:remotename)%00%(upstream:remoteref) refs/heads/main refs/remotes/main [2ms]
2024-09-07 19:50:51.376 [info] > git config --local branch.main.vscode-merge-base [1ms]
2024-09-07 19:50:51.376 [warning] [Git][config] git config failed: Failed to execute git
2024-09-07 19:50:51.382 [info] > git reflog main --grep-reflog=branch: Created from *. [3ms]
2024-09-07 19:50:51.386 [info] > git symbolic-ref --short refs/remotes/origin/HEAD [1ms]
2024-09-07 19:50:51.386 [info] fatal: ref refs/remotes/origin/HEAD is not a symbolic ref
2024-09-07 19:52:07.826 [info] > git config --get commit.template [6ms]
2024-09-07 19:52:07.826 [info] > git for-each-ref --format=%(refname)%00%(upstream:short)%00%(objectname)%00%(upstream:track)%00%(upstream:remotename)%00%(upstream:remoteref) refs/heads/main refs/remotes/main [1ms]
2024-09-07 19:52:07.831 [info] > git status -z -uall [2ms]
2024-09-07 19:52:07.840 [info] > git for-each-ref --format=%(refname)%00%(upstream:short)%00%(objectname)%00%(upstream:track)%00%(upstream:remotename)%00%(upstream:remoteref) refs/heads/main refs/remotes/main [3ms]
2024-09-07 19:52:07.845 [info] > git config --local branch.main.vscode-merge-base [2ms]
2024-09-07 19:52:07.845 [warning] [Git][config] git config failed: Failed to execute git
2024-09-07 19:52:07.850 [info] > git reflog main --grep-reflog=branch: Created from *. [2ms]
2024-09-07 19:52:07.855 [info] > git symbolic-ref --short refs/remotes/origin/HEAD [1ms]
2024-09-07 19:52:07.855 [info] fatal: ref refs/remotes/origin/HEAD is not a symbolic ref
2024-09-07 20:31:06.209 [info] > git log --format=%H%n%aN%n%aE%n%at%n%ct%n%P%n%D%n%B -z -n578 --follow -- /root/repos/website/about.html [17ms]
2024-09-07 20:32:40.118 [info] > git log --format=%H%n%aN%n%aE%n%at%n%ct%n%P%n%D%n%B -z -n578 --follow -- /root/repos/website/index.html [9ms]
2024-09-07 20:32:40.259 [info] > git show --textconv :index.html [4ms]
2024-09-07 20:32:40.260 [info] > git ls-files --stage -- /root/repos/website/index.html [1ms]
2024-09-07 20:32:40.264 [info] > git cat-file -s 630bd7a76c1430f1978df252cffffd4b6e9901c1 [1ms]
2024-09-07 20:33:28.096 [info] > git show --textconv :index.html [5ms]
2024-09-07 20:33:28.097 [info] > git ls-files --stage -- /root/repos/website/index.html [2ms]
2024-09-07 20:33:28.101 [info] > git cat-file -s 630bd7a76c1430f1978df252cffffd4b6e9901c1 [2ms]
2024-09-07 20:37:37.200 [info] > git show --textconv :index.html [3ms]
2024-09-07 20:37:37.201 [info] > git ls-files --stage -- /root/repos/website/index.html [2ms]
2024-09-07 20:37:37.206 [info] > git cat-file -s 630bd7a76c1430f1978df252cffffd4b6e9901c1 [2ms]
