2024-09-25 23:09:24.829 [info] [main] ログ レベル: Info
2024-09-25 23:09:24.829 [info] [main] Git の検証が検出されました: "git"
2024-09-25 23:09:24.829 [info] [main] "git" から Git "2.34.1" を使用しています
2024-09-25 23:09:24.829 [info] [Model][doInitialScan] Initial repository scan started
2024-09-25 23:09:24.829 [info] > git rev-parse --show-toplevel [151ms]
2024-09-25 23:09:24.829 [info] > git rev-parse --git-dir --git-common-dir [18ms]
2024-09-25 23:09:24.829 [info] [Model][openRepository] Opened repository: /root
2024-09-25 23:09:25.152 [info] > git rev-parse --show-toplevel [306ms]
2024-09-25 23:09:25.154 [info] > git config --get commit.template [316ms]
2024-09-25 23:09:25.189 [info] > git rev-parse --git-dir --git-common-dir [22ms]
2024-09-25 23:09:25.212 [info] [Model][openRepository] Opened repository: /root/repos/SYSTEMA556.github.io
2024-09-25 23:09:25.241 [info] > git config --get commit.template [13ms]
2024-09-25 23:09:25.264 [info] > git rev-parse --show-toplevel [8ms]
2024-09-25 23:09:25.267 [info] > git for-each-ref --format=%(refname)%00%(upstream:short)%00%(objectname)%00%(upstream:track)%00%(upstream:remotename)%00%(upstream:remoteref) refs/heads/main refs/remotes/main [18ms]
2024-09-25 23:09:25.283 [info] > git rev-parse --show-toplevel [2ms]
2024-09-25 23:09:25.315 [info] > git for-each-ref --format=%(refname)%00%(upstream:short)%00%(objectname)%00%(upstream:track)%00%(upstream:remotename)%00%(upstream:remoteref) refs/heads/main refs/remotes/main [134ms]
2024-09-25 23:09:25.319 [info] > git rev-parse --show-toplevel [12ms]
2024-09-25 23:09:25.330 [info] > git status -z -uall [34ms]
2024-09-25 23:09:25.371 [info] > git for-each-ref --format=%(refname)%00%(upstream:short)%00%(objectname)%00%(upstream:track)%00%(upstream:remotename)%00%(upstream:remoteref) refs/heads/main refs/remotes/main [30ms]
2024-09-25 23:09:25.380 [info] > git rev-parse --show-toplevel [55ms]
2024-09-25 23:09:25.390 [info] > git config --local branch.main.vscode-merge-base [12ms]
2024-09-25 23:09:25.391 [warning] [Git][config] git config failed: Failed to execute git
2024-09-25 23:09:25.397 [info] > git config --get commit.template [28ms]
2024-09-25 23:09:25.399 [info] > git rev-parse --show-toplevel [11ms]
2024-09-25 23:09:25.408 [info] > git for-each-ref --format=%(refname)%00%(upstream:short)%00%(objectname)%00%(upstream:track)%00%(upstream:remotename)%00%(upstream:remoteref) refs/heads/main refs/remotes/main [5ms]
2024-09-25 23:09:25.410 [info] > git rev-parse --git-dir --git-common-dir [5ms]
2024-09-25 23:09:25.421 [info] [Model][openRepository] Opened repository: /root/.rbenv
2024-09-25 23:09:25.449 [info] > git rev-parse --show-toplevel [13ms]
2024-09-25 23:09:25.450 [info] > git config --get commit.template [18ms]
2024-09-25 23:09:25.450 [info] > git reflog main --grep-reflog=branch: Created from *. [54ms]
2024-09-25 23:09:25.484 [info] > git status -z -uall [12ms]
2024-09-25 23:09:25.502 [info] > git symbolic-ref --short refs/remotes/origin/HEAD [44ms]
2024-09-25 23:09:25.502 [info] fatal: ref refs/remotes/origin/HEAD is not a symbolic ref
2024-09-25 23:09:25.509 [info] > git rev-parse --show-toplevel [44ms]
2024-09-25 23:09:25.517 [info] > git merge-base refs/heads/main refs/remotes/origin/main [9ms]
2024-09-25 23:09:25.527 [info] > git for-each-ref --format=%(refname)%00%(upstream:short)%00%(objectname)%00%(upstream:track)%00%(upstream:remotename)%00%(upstream:remoteref) refs/heads/main refs/remotes/main [31ms]
2024-09-25 23:09:25.533 [info] > git for-each-ref --format=%(refname)%00%(upstream:short)%00%(objectname)%00%(upstream:track)%00%(upstream:remotename)%00%(upstream:remoteref) refs/heads/master refs/remotes/master [55ms]
2024-09-25 23:09:25.539 [warning] [Git][revParse] Unable to read file: ENOENT: no such file or directory, open '/root/.rbenv/.git/refs/remotes/origin/master'
2024-09-25 23:09:25.544 [info] > git config --local branch.main.vscode-merge-base [11ms]
2024-09-25 23:09:25.544 [warning] [Git][config] git config failed: Failed to execute git
2024-09-25 23:09:25.551 [info] > git rev-list --count --left-right refs/heads/main...refs/remotes/origin/main [24ms]
2024-09-25 23:09:25.558 [info] > git rev-parse --show-toplevel [43ms]
2024-09-25 23:09:25.571 [info] > git reflog main --grep-reflog=branch: Created from *. [21ms]
2024-09-25 23:09:25.575 [info] > git rev-parse refs/remotes/origin/master [36ms]
2024-09-25 23:09:25.650 [info] > git status -z -uall [62ms]
2024-09-25 23:09:25.685 [info] > git symbolic-ref --short refs/remotes/origin/HEAD [110ms]
2024-09-25 23:09:25.685 [info] fatal: ref refs/remotes/origin/HEAD is not a symbolic ref
2024-09-25 23:09:25.685 [info] > git rev-parse --show-toplevel [116ms]
2024-09-25 23:09:25.686 [info] > git diff --name-status -z --diff-filter=ADMR b346f4f17944465876448ad89fafcf84416be6fd...refs/remotes/origin/main [129ms]
2024-09-25 23:09:25.699 [info] > git for-each-ref --format=%(refname)%00%(upstream:short)%00%(objectname)%00%(upstream:track)%00%(upstream:remotename)%00%(upstream:remoteref) refs/heads/master refs/remotes/master [31ms]
2024-09-25 23:09:25.712 [info] > git rev-parse --show-toplevel [14ms]
2024-09-25 23:09:25.713 [info] > git config --get commit.template [20ms]
2024-09-25 23:09:25.719 [info] > git config --local branch.master.vscode-merge-base [9ms]
2024-09-25 23:09:25.735 [info] > git rev-parse --git-dir --git-common-dir [17ms]
2024-09-25 23:09:25.752 [info] [Model][openRepository] Opened repository: /root/repos
2024-09-25 23:09:25.772 [info] > git for-each-ref --format=%(refname)%00%(upstream:short)%00%(objectname)%00%(upstream:track)%00%(upstream:remotename)%00%(upstream:remoteref) refs/heads/master refs/remotes/master [38ms]
2024-09-25 23:09:25.772 [info] > git for-each-ref --format=%(refname)%00%(upstream:short)%00%(objectname)%00%(upstream:track)%00%(upstream:remotename)%00%(upstream:remoteref) refs/heads/origin/master refs/remotes/origin/master [43ms]
2024-09-25 23:09:25.797 [warning] [Git][revParse] Unable to read file: ENOENT: no such file or directory, open '/root/.rbenv/.git/refs/remotes/origin/master'
2024-09-25 23:09:25.799 [info] > git rev-parse --show-toplevel [30ms]
2024-09-25 23:09:25.800 [info] > git config --get commit.template [34ms]
2024-09-25 23:09:25.805 [info] > git rev-parse refs/remotes/origin/master [8ms]
2024-09-25 23:09:25.816 [info] > git merge-base refs/heads/master refs/remotes/origin/master [28ms]
2024-09-25 23:09:25.828 [info] [Git][getRemotes] No remotes found in the git config file
2024-09-25 23:09:25.830 [info] > git status -z -uall [16ms]
2024-09-25 23:09:25.847 [info] > git rev-parse --show-toplevel [43ms]
2024-09-25 23:09:25.854 [info] > git for-each-ref --format=%(refname)%00%(upstream:short)%00%(objectname)%00%(upstream:track)%00%(upstream:remotename)%00%(upstream:remoteref) refs/heads/main refs/remotes/main [26ms]
2024-09-25 23:09:25.855 [warning] [Git][getBranch] No such branch: main
2024-09-25 23:09:25.864 [info] > git rev-list --count --left-right refs/heads/master...refs/remotes/origin/master [40ms]
2024-09-25 23:09:25.877 [info] > git status -z -uall [13ms]
2024-09-25 23:09:25.907 [info] > git rev-parse --git-dir --git-common-dir [55ms]
2024-09-25 23:09:25.926 [info] [Model][openRepository] Opened repository: /root/sample_website
2024-09-25 23:09:25.928 [info] > git for-each-ref --format=%(refname)%00%(upstream:short)%00%(objectname)%00%(upstream:track)%00%(upstream:remotename)%00%(upstream:remoteref) refs/heads/master refs/remotes/master [91ms]
2024-09-25 23:09:25.956 [info] > git status -z -uall [591ms]
2024-09-25 23:09:25.956 [info] > git for-each-ref --format=%(refname)%00%(upstream:short)%00%(objectname)%00%(upstream:track)%00%(upstream:remotename)%00%(upstream:remoteref) refs/heads/main refs/remotes/main [67ms]
2024-09-25 23:09:25.956 [warning] [Git][getBranch] No such branch: main
2024-09-25 23:09:25.958 [info] > git diff --name-status -z --diff-filter=ADMR c335ab83de40d48093870d300de52c61bbd68359...refs/remotes/origin/master [89ms]
2024-09-25 23:09:25.964 [info] > git rev-parse --show-toplevel [10ms]
2024-09-25 23:09:25.965 [info] > git config --get commit.template [14ms]
2024-09-25 23:09:25.965 [info] > git config --get commit.template [23ms]
2024-09-25 23:09:26.050 [info] > git config --local branch.master.vscode-merge-base [117ms]
2024-09-25 23:09:26.076 [info] > git for-each-ref --format=%(refname)%00%(upstream:short)%00%(objectname)%00%(upstream:track)%00%(upstream:remotename)%00%(upstream:remoteref) refs/heads/origin/master refs/remotes/origin/master [21ms]
2024-09-25 23:09:26.077 [info] > git for-each-ref --format=%(refname)%00%(upstream:short)%00%(objectname)%00%(upstream:track)%00%(upstream:remotename)%00%(upstream:remoteref) refs/heads/main refs/remotes/main [102ms]
2024-09-25 23:09:26.231 [info] [Git][getRemotes] No remotes found in the git config file
2024-09-25 23:09:26.237 [info] > git config --local branch.main.vscode-merge-base [155ms]
2024-09-25 23:09:26.237 [warning] [Git][config] git config failed: Failed to execute git
2024-09-25 23:09:26.242 [info] > git config --get commit.template [168ms]
2024-09-25 23:09:26.248 [info] > git rev-parse --show-toplevel [178ms]
2024-09-25 23:09:26.257 [info] [Model][doInitialScan] Initial repository scan completed - repositories (5), closed repositories (0), parent repositories (0), unsafe repositories (0)
2024-09-25 23:09:26.260 [info] > git for-each-ref --format=%(refname)%00%(upstream:short)%00%(objectname)%00%(upstream:track)%00%(upstream:remotename)%00%(upstream:remoteref) refs/heads/main refs/remotes/main [30ms]
2024-09-25 23:09:26.260 [warning] [Git][getBranch] No such branch: main
2024-09-25 23:09:26.271 [info] > git status -z -uall [6ms]
2024-09-25 23:09:26.291 [info] > git for-each-ref --format=%(refname)%00%(upstream:short)%00%(objectname)%00%(upstream:track)%00%(upstream:remotename)%00%(upstream:remoteref) refs/heads/main refs/remotes/main [12ms]
2024-09-25 23:09:26.292 [warning] [Git][getBranch] No such branch: main
2024-09-25 23:09:26.293 [info] > git for-each-ref --format=%(refname)%00%(upstream:short)%00%(objectname)%00%(upstream:track)%00%(upstream:remotename)%00%(upstream:remoteref) refs/heads/main refs/remotes/main [59ms]
2024-09-25 23:09:26.309 [info] > git for-each-ref --format=%(refname)%00%(upstream:short)%00%(objectname)%00%(upstream:track)%00%(upstream:remotename)%00%(upstream:remoteref) refs/heads/main refs/remotes/main [40ms]
2024-09-25 23:09:26.417 [info] > git status -z -uall [108ms]
2024-09-25 23:09:26.427 [info] > git status -z -uall [109ms]
2024-09-25 23:09:26.484 [info] > git for-each-ref --format=%(refname)%00%(upstream:short)%00%(objectname)%00%(upstream:track)%00%(upstream:remotename)%00%(upstream:remoteref) refs/heads/main refs/remotes/main [48ms]
2024-09-25 23:09:26.490 [info] > git for-each-ref --format=%(refname)%00%(upstream:short)%00%(objectname)%00%(upstream:track)%00%(upstream:remotename)%00%(upstream:remoteref) refs/heads/main refs/remotes/main [69ms]
2024-09-25 23:09:26.496 [info] > git reflog main --grep-reflog=branch: Created from *. [253ms]
2024-09-25 23:09:26.504 [info] > git config --local branch.main.vscode-merge-base [9ms]
2024-09-25 23:09:26.504 [warning] [Git][config] git config failed: Failed to execute git
2024-09-25 23:09:26.509 [info] > git config --local branch.main.vscode-merge-base [20ms]
2024-09-25 23:09:26.509 [warning] [Git][config] git config failed: Failed to execute git
2024-09-25 23:09:26.517 [info] > git config --get commit.template [35ms]
2024-09-25 23:09:26.519 [info] > git reflog main --grep-reflog=branch: Created from *. [10ms]
2024-09-25 23:09:26.525 [info] > git symbolic-ref --short refs/remotes/origin/HEAD [25ms]
2024-09-25 23:09:26.525 [info] fatal: ref refs/remotes/origin/HEAD is not a symbolic ref
2024-09-25 23:09:26.538 [info] > git symbolic-ref --short refs/remotes/origin/HEAD [12ms]
2024-09-25 23:09:26.538 [info] fatal: ref refs/remotes/origin/HEAD is not a symbolic ref
2024-09-25 23:09:26.538 [info] > git reflog main --grep-reflog=branch: Created from *. [22ms]
2024-09-25 23:09:26.665 [info] > git symbolic-ref --short refs/remotes/origin/HEAD [124ms]
2024-09-25 23:09:26.665 [info] fatal: ref refs/remotes/origin/HEAD is not a symbolic ref
2024-09-25 23:09:26.665 [info] > git for-each-ref --format=%(refname)%00%(upstream:short)%00%(objectname)%00%(upstream:track)%00%(upstream:remotename)%00%(upstream:remoteref) refs/heads/main refs/remotes/main [129ms]
2024-09-25 23:09:26.670 [info] > git merge-base refs/heads/main refs/remotes/origin/main [140ms]
2024-09-25 23:09:26.685 [info] > git status -z -uall [15ms]
2024-09-25 23:09:26.696 [info] > git for-each-ref --format=%(refname)%00%(upstream:short)%00%(objectname)%00%(upstream:track)%00%(upstream:remotename)%00%(upstream:remoteref) refs/heads/main refs/remotes/main [5ms]
2024-09-25 23:09:26.701 [info] > git rev-list --count --left-right refs/heads/main...refs/remotes/origin/main [18ms]
2024-09-25 23:09:26.708 [info] > git config --local branch.main.vscode-merge-base [6ms]
2024-09-25 23:09:26.708 [warning] [Git][config] git config failed: Failed to execute git
2024-09-25 23:09:26.713 [info] > git diff --name-status -z --diff-filter=ADMR bd9d16f278f7c1f9d552dfe2d34230c84e18e4f0...refs/remotes/origin/main [7ms]
2024-09-25 23:09:26.716 [info] > git reflog main --grep-reflog=branch: Created from *. [4ms]
2024-09-25 23:09:26.722 [info] > git symbolic-ref --short refs/remotes/origin/HEAD [2ms]
2024-09-25 23:09:26.722 [info] fatal: ref refs/remotes/origin/HEAD is not a symbolic ref
2024-09-25 23:09:27.428 [info] > git check-ignore -v -z --stdin [9ms]
2024-09-25 23:09:27.430 [info] > git check-ignore -v -z --stdin [6ms]
2024-09-25 23:09:27.674 [info] > git show --textconv :index.html [9ms]
2024-09-25 23:09:27.677 [info] > git ls-files --stage -- /root/repos/SYSTEMA556.github.io/index.html [7ms]
2024-09-25 23:09:27.684 [info] > git cat-file -s b8dd94766877fe069b4f93bae1b6ac17e0b9b608 [3ms]
2024-09-25 23:17:22.897 [info] > git show --textconv :index.html [7ms]
2024-09-25 23:17:22.904 [info] > git ls-files --stage -- /root/repos/SYSTEMA556.github.io/index.html [7ms]
2024-09-25 23:17:22.912 [info] > git cat-file -s b8dd94766877fe069b4f93bae1b6ac17e0b9b608 [3ms]
2024-09-25 23:17:33.908 [info] > git show --textconv :index.html [4ms]
2024-09-25 23:17:33.909 [info] > git ls-files --stage -- /root/repos/SYSTEMA556.github.io/index.html [2ms]
2024-09-25 23:17:33.914 [info] > git cat-file -s b8dd94766877fe069b4f93bae1b6ac17e0b9b608 [2ms]
2024-09-25 23:20:19.690 [info] > git show --textconv :index.html [6ms]
2024-09-25 23:20:19.692 [info] > git ls-files --stage -- /root/repos/SYSTEMA556.github.io/index.html [2ms]
2024-09-25 23:20:19.697 [info] > git cat-file -s b8dd94766877fe069b4f93bae1b6ac17e0b9b608 [2ms]
2024-09-25 23:20:28.967 [info] > git show --textconv :index.html [5ms]
2024-09-25 23:20:28.968 [info] > git ls-files --stage -- /root/repos/SYSTEMA556.github.io/index.html [2ms]
2024-09-25 23:20:28.973 [info] > git cat-file -s b8dd94766877fe069b4f93bae1b6ac17e0b9b608 [1ms]
2024-09-25 23:21:23.236 [info] > git show --textconv :index.html [4ms]
2024-09-25 23:21:23.237 [info] > git ls-files --stage -- /root/repos/SYSTEMA556.github.io/index.html [2ms]
2024-09-25 23:21:23.243 [info] > git cat-file -s b8dd94766877fe069b4f93bae1b6ac17e0b9b608 [1ms]
2024-09-25 23:24:20.492 [info] > git show --textconv :index.html [5ms]
2024-09-25 23:24:20.493 [info] > git ls-files --stage -- /root/repos/SYSTEMA556.github.io/index.html [2ms]
2024-09-25 23:24:20.498 [info] > git cat-file -s b8dd94766877fe069b4f93bae1b6ac17e0b9b608 [2ms]
2024-09-25 23:24:33.514 [info] > git show --textconv :index.html [4ms]
2024-09-25 23:24:33.515 [info] > git ls-files --stage -- /root/repos/SYSTEMA556.github.io/index.html [2ms]
2024-09-25 23:24:33.520 [info] > git cat-file -s b8dd94766877fe069b4f93bae1b6ac17e0b9b608 [2ms]
2024-09-25 23:24:41.434 [info] > git show --textconv :index.html [4ms]
2024-09-25 23:24:41.435 [info] > git ls-files --stage -- /root/repos/SYSTEMA556.github.io/index.html [2ms]
2024-09-25 23:24:41.441 [info] > git cat-file -s b8dd94766877fe069b4f93bae1b6ac17e0b9b608 [2ms]
2024-09-25 23:25:22.258 [info] > git show --textconv :index.html [5ms]
2024-09-25 23:25:22.260 [info] > git ls-files --stage -- /root/repos/SYSTEMA556.github.io/index.html [2ms]
2024-09-25 23:25:22.265 [info] > git cat-file -s b8dd94766877fe069b4f93bae1b6ac17e0b9b608 [2ms]
2024-09-25 23:25:29.311 [info] > git show --textconv :index.html [5ms]
2024-09-25 23:25:29.312 [info] > git ls-files --stage -- /root/repos/SYSTEMA556.github.io/index.html [3ms]
2024-09-25 23:25:29.317 [info] > git cat-file -s b8dd94766877fe069b4f93bae1b6ac17e0b9b608 [2ms]
2024-09-25 23:26:33.633 [info] > git show --textconv :index.html [4ms]
2024-09-25 23:26:33.635 [info] > git ls-files --stage -- /root/repos/SYSTEMA556.github.io/index.html [1ms]
2024-09-25 23:26:33.639 [info] > git cat-file -s b8dd94766877fe069b4f93bae1b6ac17e0b9b608 [2ms]
2024-09-26 06:07:21.201 [info] > git show --textconv :index.html [4ms]
2024-09-26 06:07:21.203 [info] > git ls-files --stage -- /root/repos/SYSTEMA556.github.io/index.html [2ms]
2024-09-26 06:07:21.208 [info] > git cat-file -s b8dd94766877fe069b4f93bae1b6ac17e0b9b608 [2ms]
2024-09-26 06:08:30.863 [info] > git show --textconv :index.html [5ms]
2024-09-26 06:08:30.864 [info] > git ls-files --stage -- /root/repos/SYSTEMA556.github.io/index.html [2ms]
2024-09-26 06:08:30.869 [info] > git cat-file -s b8dd94766877fe069b4f93bae1b6ac17e0b9b608 [2ms]
2024-09-26 06:09:45.635 [info] > git show --textconv :index.html [4ms]
2024-09-26 06:09:45.636 [info] > git ls-files --stage -- /root/repos/SYSTEMA556.github.io/index.html [2ms]
2024-09-26 06:09:45.640 [info] > git cat-file -s b8dd94766877fe069b4f93bae1b6ac17e0b9b608 [1ms]
2024-09-26 06:11:33.631 [info] > git show --textconv :index.html [5ms]
2024-09-26 06:11:33.633 [info] > git ls-files --stage -- /root/repos/SYSTEMA556.github.io/index.html [2ms]
2024-09-26 06:11:33.637 [info] > git cat-file -s b8dd94766877fe069b4f93bae1b6ac17e0b9b608 [1ms]
2024-09-26 06:12:10.673 [info] > git show --textconv :index.html [4ms]
2024-09-26 06:12:10.674 [info] > git ls-files --stage -- /root/repos/SYSTEMA556.github.io/index.html [2ms]
2024-09-26 06:12:10.679 [info] > git cat-file -s b8dd94766877fe069b4f93bae1b6ac17e0b9b608 [2ms]
2024-09-26 06:12:25.133 [info] > git show --textconv :index.html [5ms]
2024-09-26 06:12:25.135 [info] > git ls-files --stage -- /root/repos/SYSTEMA556.github.io/index.html [3ms]
2024-09-26 06:12:25.140 [info] > git cat-file -s b8dd94766877fe069b4f93bae1b6ac17e0b9b608 [2ms]
2024-09-26 06:12:47.780 [info] > git show --textconv :index.html [5ms]
2024-09-26 06:12:47.781 [info] > git ls-files --stage -- /root/repos/SYSTEMA556.github.io/index.html [2ms]
2024-09-26 06:12:47.786 [info] > git cat-file -s b8dd94766877fe069b4f93bae1b6ac17e0b9b608 [1ms]
2024-09-26 06:13:34.233 [info] > git show --textconv :index.html [6ms]
2024-09-26 06:13:34.234 [info] > git ls-files --stage -- /root/repos/SYSTEMA556.github.io/index.html [2ms]
2024-09-26 06:13:34.239 [info] > git cat-file -s b8dd94766877fe069b4f93bae1b6ac17e0b9b608 [1ms]
2024-09-26 06:13:48.625 [info] > git show --textconv :index.html [5ms]
2024-09-26 06:13:48.626 [info] > git ls-files --stage -- /root/repos/SYSTEMA556.github.io/index.html [2ms]
2024-09-26 06:13:48.631 [info] > git cat-file -s b8dd94766877fe069b4f93bae1b6ac17e0b9b608 [2ms]
2024-09-26 06:14:38.938 [info] > git show --textconv :index.html [5ms]
2024-09-26 06:14:38.939 [info] > git ls-files --stage -- /root/repos/SYSTEMA556.github.io/index.html [2ms]
2024-09-26 06:14:38.943 [info] > git cat-file -s b8dd94766877fe069b4f93bae1b6ac17e0b9b608 [1ms]
2024-09-26 06:15:02.844 [info] > git show --textconv :index.html [5ms]
2024-09-26 06:15:02.845 [info] > git ls-files --stage -- /root/repos/SYSTEMA556.github.io/index.html [3ms]
2024-09-26 06:15:02.849 [info] > git cat-file -s b8dd94766877fe069b4f93bae1b6ac17e0b9b608 [1ms]
2024-09-26 06:15:06.998 [info] > git show --textconv :index.html [5ms]
2024-09-26 06:15:07.000 [info] > git ls-files --stage -- /root/repos/SYSTEMA556.github.io/index.html [3ms]
2024-09-26 06:15:07.005 [info] > git cat-file -s b8dd94766877fe069b4f93bae1b6ac17e0b9b608 [2ms]
2024-09-26 06:20:07.195 [info] > git show --textconv :index.html [7ms]
2024-09-26 06:20:07.196 [info] > git ls-files --stage -- /root/repos/SYSTEMA556.github.io/index.html [4ms]
2024-09-26 06:20:07.201 [info] > git cat-file -s b8dd94766877fe069b4f93bae1b6ac17e0b9b608 [1ms]
2024-09-26 06:20:20.515 [info] > git show --textconv :index.html [5ms]
2024-09-26 06:20:20.516 [info] > git ls-files --stage -- /root/repos/SYSTEMA556.github.io/index.html [2ms]
2024-09-26 06:20:20.523 [info] > git cat-file -s b8dd94766877fe069b4f93bae1b6ac17e0b9b608 [2ms]
2024-09-26 06:22:04.381 [info] > git show --textconv :index.html [3ms]
2024-09-26 06:22:04.383 [info] > git ls-files --stage -- /root/repos/SYSTEMA556.github.io/index.html [1ms]
2024-09-26 06:22:04.387 [info] > git cat-file -s b8dd94766877fe069b4f93bae1b6ac17e0b9b608 [2ms]
2024-09-26 20:12:31.853 [info] > git ls-files --stage -- /root/repos/SYSTEMA556.github.io/index.html [23ms]
2024-09-26 20:12:31.859 [info] > git show --textconv :index.html [33ms]
2024-09-26 20:12:31.860 [info] > git cat-file -s b8dd94766877fe069b4f93bae1b6ac17e0b9b608 [1ms]
2024-09-26 20:12:43.515 [info] > git show --textconv :index.html [19ms]
2024-09-26 20:12:43.517 [info] > git ls-files --stage -- /root/repos/SYSTEMA556.github.io/index.html [16ms]
2024-09-26 20:12:43.522 [info] > git cat-file -s b8dd94766877fe069b4f93bae1b6ac17e0b9b608 [1ms]
2024-09-26 20:13:25.396 [info] > git show --textconv :index.html [4ms]
2024-09-26 20:13:25.397 [info] > git ls-files --stage -- /root/repos/SYSTEMA556.github.io/index.html [2ms]
2024-09-26 20:13:25.405 [info] > git cat-file -s b8dd94766877fe069b4f93bae1b6ac17e0b9b608 [3ms]
2024-09-26 20:14:00.357 [info] > git show --textconv :index.html [4ms]
2024-09-26 20:14:00.359 [info] > git ls-files --stage -- /root/repos/SYSTEMA556.github.io/index.html [2ms]
2024-09-26 20:14:00.363 [info] > git cat-file -s b8dd94766877fe069b4f93bae1b6ac17e0b9b608 [1ms]
2024-09-26 20:14:28.390 [info] > git show --textconv :index.html [7ms]
2024-09-26 20:14:28.392 [info] > git ls-files --stage -- /root/repos/SYSTEMA556.github.io/index.html [2ms]
2024-09-26 20:14:28.397 [info] > git cat-file -s b8dd94766877fe069b4f93bae1b6ac17e0b9b608 [2ms]
2024-09-26 20:15:06.083 [info] > git show --textconv :index.html [5ms]
2024-09-26 20:15:06.084 [info] > git ls-files --stage -- /root/repos/SYSTEMA556.github.io/index.html [2ms]
2024-09-26 20:15:06.090 [info] > git cat-file -s b8dd94766877fe069b4f93bae1b6ac17e0b9b608 [2ms]
2024-09-26 20:15:08.928 [info] > git check-ignore -v -z --stdin [13ms]
2024-09-26 20:15:08.929 [info] > git check-ignore -v -z --stdin [9ms]
2024-09-26 20:15:08.932 [info] > git check-ignore -v -z --stdin [6ms]
2024-09-26 20:15:08.934 [info] > git check-ignore -v -z --stdin [22ms]
2024-09-26 20:15:10.349 [info] > git check-ignore -v -z --stdin [9ms]
2024-09-26 20:15:12.397 [info] > git show --textconv :css/main.css [8ms]
2024-09-26 20:15:12.402 [info] > git ls-files --stage -- /root/css/main.css [6ms]
2024-09-26 20:15:18.917 [info] > git show --textconv :index.html [5ms]
2024-09-26 20:15:18.919 [info] > git ls-files --stage -- /root/repos/SYSTEMA556.github.io/index.html [3ms]
2024-09-26 20:15:18.925 [info] > git cat-file -s b8dd94766877fe069b4f93bae1b6ac17e0b9b608 [3ms]
2024-09-26 20:16:36.861 [info] > git show --textconv :index.html [6ms]
2024-09-26 20:16:36.862 [info] > git ls-files --stage -- /root/repos/SYSTEMA556.github.io/index.html [2ms]
2024-09-26 20:16:36.868 [info] > git cat-file -s b8dd94766877fe069b4f93bae1b6ac17e0b9b608 [1ms]
2024-09-26 20:16:48.650 [info] > git show --textconv :index.html [4ms]
2024-09-26 20:16:48.652 [info] > git ls-files --stage -- /root/repos/SYSTEMA556.github.io/index.html [2ms]
2024-09-26 20:16:48.658 [info] > git cat-file -s b8dd94766877fe069b4f93bae1b6ac17e0b9b608 [2ms]
2024-09-26 20:17:05.052 [info] > git show --textconv :index.html [5ms]
2024-09-26 20:17:05.053 [info] > git ls-files --stage -- /root/repos/SYSTEMA556.github.io/index.html [2ms]
2024-09-26 20:17:05.060 [info] > git cat-file -s b8dd94766877fe069b4f93bae1b6ac17e0b9b608 [2ms]
2024-09-26 20:18:21.321 [info] > git show --textconv :index.html [5ms]
2024-09-26 20:18:21.323 [info] > git ls-files --stage -- /root/repos/SYSTEMA556.github.io/index.html [2ms]
2024-09-26 20:18:21.328 [info] > git cat-file -s b8dd94766877fe069b4f93bae1b6ac17e0b9b608 [2ms]
2024-09-26 20:18:26.870 [info] > git show --textconv :index.html [6ms]
2024-09-26 20:18:26.872 [info] > git ls-files --stage -- /root/repos/SYSTEMA556.github.io/index.html [3ms]
2024-09-26 20:18:26.879 [info] > git cat-file -s b8dd94766877fe069b4f93bae1b6ac17e0b9b608 [3ms]
2024-09-26 20:21:07.475 [info] > git show --textconv :index.html [7ms]
2024-09-26 20:21:07.477 [info] > git ls-files --stage -- /root/repos/SYSTEMA556.github.io/index.html [3ms]
2024-09-26 20:21:07.484 [info] > git cat-file -s b8dd94766877fe069b4f93bae1b6ac17e0b9b608 [2ms]
2024-09-26 20:21:21.178 [info] > git show --textconv :index.html [6ms]
2024-09-26 20:21:21.179 [info] > git ls-files --stage -- /root/repos/SYSTEMA556.github.io/index.html [3ms]
2024-09-26 20:21:21.185 [info] > git cat-file -s b8dd94766877fe069b4f93bae1b6ac17e0b9b608 [2ms]
2024-09-26 20:22:18.312 [info] > git show --textconv :index.html [5ms]
2024-09-26 20:22:18.313 [info] > git ls-files --stage -- /root/repos/SYSTEMA556.github.io/index.html [2ms]
2024-09-26 20:22:18.318 [info] > git cat-file -s b8dd94766877fe069b4f93bae1b6ac17e0b9b608 [2ms]
2024-09-26 20:22:29.317 [info] > git show --textconv :index.html [4ms]
2024-09-26 20:22:29.318 [info] > git ls-files --stage -- /root/repos/SYSTEMA556.github.io/index.html [2ms]
2024-09-26 20:22:29.323 [info] > git cat-file -s b8dd94766877fe069b4f93bae1b6ac17e0b9b608 [1ms]
2024-09-26 20:22:34.606 [info] > git show --textconv :index.html [5ms]
2024-09-26 20:22:34.607 [info] > git ls-files --stage -- /root/repos/SYSTEMA556.github.io/index.html [2ms]
2024-09-26 20:22:34.612 [info] > git cat-file -s b8dd94766877fe069b4f93bae1b6ac17e0b9b608 [2ms]
2024-09-26 20:24:31.085 [info] > git show --textconv :index.html [4ms]
2024-09-26 20:24:31.086 [info] > git ls-files --stage -- /root/repos/SYSTEMA556.github.io/index.html [3ms]
2024-09-26 20:24:31.091 [info] > git cat-file -s b8dd94766877fe069b4f93bae1b6ac17e0b9b608 [2ms]
2024-09-26 20:26:04.240 [info] > git show --textconv :index.html [5ms]
2024-09-26 20:26:04.241 [info] > git ls-files --stage -- /root/repos/SYSTEMA556.github.io/index.html [2ms]
2024-09-26 20:26:04.247 [info] > git cat-file -s b8dd94766877fe069b4f93bae1b6ac17e0b9b608 [3ms]
2024-09-26 21:09:02.380 [info] > git show --textconv :index.html [6ms]
2024-09-26 21:09:02.382 [info] > git ls-files --stage -- /root/repos/SYSTEMA556.github.io/index.html [2ms]
2024-09-26 21:09:02.389 [info] > git cat-file -s b8dd94766877fe069b4f93bae1b6ac17e0b9b608 [4ms]
2024-09-27 00:12:51.723 [info] > git ls-files --stage -- /root/repos/SYSTEMA556.github.io/index.html [23ms]
2024-09-27 00:12:51.731 [info] > git show --textconv :index.html [42ms]
2024-09-27 00:12:51.735 [info] > git cat-file -s b8dd94766877fe069b4f93bae1b6ac17e0b9b608 [5ms]
2024-09-27 00:12:56.697 [info] > git show --textconv :index.html [6ms]
2024-09-27 00:12:56.699 [info] > git ls-files --stage -- /root/repos/SYSTEMA556.github.io/index.html [3ms]
2024-09-27 00:12:56.715 [info] > git cat-file -s b8dd94766877fe069b4f93bae1b6ac17e0b9b608 [11ms]
2024-09-27 00:13:22.136 [info] > git show --textconv :index.html [5ms]
2024-09-27 00:13:22.137 [info] > git ls-files --stage -- /root/repos/SYSTEMA556.github.io/index.html [2ms]
2024-09-27 00:13:22.142 [info] > git cat-file -s b8dd94766877fe069b4f93bae1b6ac17e0b9b608 [2ms]
2024-09-27 20:16:33.120 [info] > git ls-files --stage -- /root/repos/SYSTEMA556.github.io/index.html [31ms]
2024-09-27 20:16:33.125 [info] > git show --textconv :index.html [40ms]
2024-09-27 20:16:33.127 [info] > git cat-file -s b8dd94766877fe069b4f93bae1b6ac17e0b9b608 [3ms]
2024-09-27 20:16:38.775 [info] > git show --textconv :index.html [6ms]
2024-09-27 20:16:38.777 [info] > git ls-files --stage -- /root/repos/SYSTEMA556.github.io/index.html [3ms]
2024-09-27 20:16:38.788 [info] > git cat-file -s b8dd94766877fe069b4f93bae1b6ac17e0b9b608 [8ms]
2024-09-27 20:18:46.833 [info] > git show --textconv :index.html [4ms]
2024-09-27 20:18:46.835 [info] > git ls-files --stage -- /root/repos/SYSTEMA556.github.io/index.html [4ms]
2024-09-27 20:18:46.841 [info] > git cat-file -s b8dd94766877fe069b4f93bae1b6ac17e0b9b608 [2ms]
2024-09-27 20:19:11.481 [info] > git show --textconv :index.html [4ms]
2024-09-27 20:19:11.484 [info] > git ls-files --stage -- /root/repos/SYSTEMA556.github.io/index.html [4ms]
2024-09-27 20:19:11.489 [info] > git cat-file -s b8dd94766877fe069b4f93bae1b6ac17e0b9b608 [2ms]
2024-09-27 20:19:14.180 [info] > git show --textconv :index.html [5ms]
2024-09-27 20:19:14.182 [info] > git ls-files --stage -- /root/repos/SYSTEMA556.github.io/index.html [4ms]
2024-09-27 20:19:14.187 [info] > git cat-file -s b8dd94766877fe069b4f93bae1b6ac17e0b9b608 [2ms]
2024-09-27 20:19:42.731 [info] > git show --textconv :index.html [4ms]
2024-09-27 20:19:42.732 [info] > git ls-files --stage -- /root/repos/SYSTEMA556.github.io/index.html [3ms]
2024-09-27 20:19:42.737 [info] > git cat-file -s b8dd94766877fe069b4f93bae1b6ac17e0b9b608 [2ms]
2024-09-27 20:19:52.874 [info] > git show --textconv :index.html [6ms]
2024-09-27 20:19:52.876 [info] > git ls-files --stage -- /root/repos/SYSTEMA556.github.io/index.html [3ms]
2024-09-27 20:19:52.881 [info] > git cat-file -s b8dd94766877fe069b4f93bae1b6ac17e0b9b608 [1ms]
2024-09-27 20:20:01.304 [info] > git show --textconv :index.html [7ms]
2024-09-27 20:20:01.305 [info] > git ls-files --stage -- /root/repos/SYSTEMA556.github.io/index.html [4ms]
2024-09-27 20:20:01.312 [info] > git cat-file -s b8dd94766877fe069b4f93bae1b6ac17e0b9b608 [3ms]
2024-09-27 20:20:09.741 [info] > git show --textconv :index.html [5ms]
2024-09-27 20:20:09.742 [info] > git ls-files --stage -- /root/repos/SYSTEMA556.github.io/index.html [2ms]
2024-09-27 20:20:09.748 [info] > git cat-file -s b8dd94766877fe069b4f93bae1b6ac17e0b9b608 [2ms]
2024-09-27 20:22:42.487 [info] > git show --textconv :index.html [8ms]
2024-09-27 20:22:42.489 [info] > git ls-files --stage -- /root/repos/SYSTEMA556.github.io/index.html [4ms]
2024-09-27 20:22:42.495 [info] > git cat-file -s b8dd94766877fe069b4f93bae1b6ac17e0b9b608 [1ms]
2024-09-27 20:24:39.565 [info] > git show --textconv :index.html [8ms]
2024-09-27 20:24:39.567 [info] > git ls-files --stage -- /root/repos/SYSTEMA556.github.io/index.html [6ms]
2024-09-27 20:24:39.575 [info] > git cat-file -s b8dd94766877fe069b4f93bae1b6ac17e0b9b608 [3ms]
2024-09-27 20:24:44.244 [info] > git show --textconv :index.html [5ms]
2024-09-27 20:24:44.245 [info] > git ls-files --stage -- /root/repos/SYSTEMA556.github.io/index.html [2ms]
2024-09-27 20:24:44.251 [info] > git cat-file -s b8dd94766877fe069b4f93bae1b6ac17e0b9b608 [2ms]
2024-09-27 20:31:23.842 [info] > git show --textconv :index.html [5ms]
2024-09-27 20:31:23.844 [info] > git ls-files --stage -- /root/repos/SYSTEMA556.github.io/index.html [2ms]
2024-09-27 20:31:23.850 [info] > git cat-file -s b8dd94766877fe069b4f93bae1b6ac17e0b9b608 [1ms]
2024-09-27 20:33:14.317 [info] > git show --textconv :index.html [7ms]
2024-09-27 20:33:14.319 [info] > git ls-files --stage -- /root/repos/SYSTEMA556.github.io/index.html [3ms]
2024-09-27 20:33:14.324 [info] > git cat-file -s b8dd94766877fe069b4f93bae1b6ac17e0b9b608 [2ms]
2024-09-27 20:33:28.537 [info] > git show --textconv :index.html [6ms]
2024-09-27 20:33:28.538 [info] > git ls-files --stage -- /root/repos/SYSTEMA556.github.io/index.html [2ms]
2024-09-27 20:33:28.545 [info] > git cat-file -s b8dd94766877fe069b4f93bae1b6ac17e0b9b608 [2ms]
2024-09-27 21:14:30.725 [info] > git ls-files --stage -- /root/repos/SYSTEMA556.github.io/index.html [20ms]
2024-09-27 21:14:30.732 [info] > git show --textconv :index.html [33ms]
2024-09-27 21:14:30.733 [info] > git cat-file -s b8dd94766877fe069b4f93bae1b6ac17e0b9b608 [2ms]
2024-09-27 21:14:35.597 [info] > git show --textconv :index.html [5ms]
2024-09-27 21:14:35.598 [info] > git ls-files --stage -- /root/repos/SYSTEMA556.github.io/index.html [3ms]
2024-09-27 21:14:35.604 [info] > git cat-file -s b8dd94766877fe069b4f93bae1b6ac17e0b9b608 [2ms]
2024-09-27 21:14:46.723 [info] > git show --textconv :index.html [5ms]
2024-09-27 21:14:46.724 [info] > git ls-files --stage -- /root/repos/SYSTEMA556.github.io/index.html [2ms]
2024-09-27 21:14:46.729 [info] > git cat-file -s b8dd94766877fe069b4f93bae1b6ac17e0b9b608 [1ms]
2024-09-27 21:15:09.058 [info] > git show --textconv :index.html [5ms]
2024-09-27 21:15:09.060 [info] > git ls-files --stage -- /root/repos/SYSTEMA556.github.io/index.html [2ms]
2024-09-27 21:15:09.066 [info] > git cat-file -s b8dd94766877fe069b4f93bae1b6ac17e0b9b608 [2ms]
2024-09-27 21:15:43.254 [info] > git show --textconv :index.html [4ms]
2024-09-27 21:15:43.256 [info] > git ls-files --stage -- /root/repos/SYSTEMA556.github.io/index.html [2ms]
2024-09-27 21:15:43.261 [info] > git cat-file -s b8dd94766877fe069b4f93bae1b6ac17e0b9b608 [2ms]
2024-09-27 21:15:51.735 [info] > git show --textconv :index.html [5ms]
2024-09-27 21:15:51.736 [info] > git ls-files --stage -- /root/repos/SYSTEMA556.github.io/index.html [2ms]
2024-09-27 21:15:51.742 [info] > git cat-file -s b8dd94766877fe069b4f93bae1b6ac17e0b9b608 [3ms]
2024-09-27 21:16:02.946 [info] > git show --textconv :index.html [5ms]
2024-09-27 21:16:02.948 [info] > git ls-files --stage -- /root/repos/SYSTEMA556.github.io/index.html [4ms]
2024-09-27 21:16:02.954 [info] > git cat-file -s b8dd94766877fe069b4f93bae1b6ac17e0b9b608 [2ms]
2024-09-27 21:16:14.191 [info] > git show --textconv :index.html [4ms]
2024-09-27 21:16:14.193 [info] > git ls-files --stage -- /root/repos/SYSTEMA556.github.io/index.html [2ms]
2024-09-27 21:16:14.198 [info] > git cat-file -s b8dd94766877fe069b4f93bae1b6ac17e0b9b608 [1ms]
2024-09-27 21:18:16.615 [info] > git ls-files --stage -- /root/repos/SYSTEMA556.github.io/index.html [491ms]
2024-09-27 21:18:16.685 [info] > git show --textconv :index.html [564ms]
2024-09-27 21:18:16.685 [info] > git cat-file -s b8dd94766877fe069b4f93bae1b6ac17e0b9b608 [52ms]
2024-09-27 21:18:41.705 [info] > git show --textconv :index.html [4ms]
2024-09-27 21:18:41.706 [info] > git ls-files --stage -- /root/repos/SYSTEMA556.github.io/index.html [3ms]
2024-09-27 21:18:41.711 [info] > git cat-file -s b8dd94766877fe069b4f93bae1b6ac17e0b9b608 [2ms]
2024-09-27 21:19:46.847 [info] > git ls-files --stage -- /root/repos/SYSTEMA556.github.io/index.html [24ms]
2024-09-27 21:19:46.853 [info] > git show --textconv :index.html [34ms]
2024-09-27 21:19:46.854 [info] > git cat-file -s b8dd94766877fe069b4f93bae1b6ac17e0b9b608 [2ms]
2024-09-27 21:20:33.960 [info] > git show --textconv :index.html [4ms]
2024-09-27 21:20:33.961 [info] > git ls-files --stage -- /root/repos/SYSTEMA556.github.io/index.html [3ms]
2024-09-27 21:20:33.966 [info] > git cat-file -s b8dd94766877fe069b4f93bae1b6ac17e0b9b608 [2ms]
2024-09-27 22:28:06.268 [info] > git ls-files --stage -- /root/repos/SYSTEMA556.github.io/index.html [22ms]
2024-09-27 22:28:06.273 [info] > git show --textconv :index.html [30ms]
2024-09-27 22:28:06.275 [info] > git cat-file -s b8dd94766877fe069b4f93bae1b6ac17e0b9b608 [2ms]
2024-09-27 22:28:17.315 [info] > git show --textconv :index.html [4ms]
2024-09-27 22:28:17.316 [info] > git ls-files --stage -- /root/repos/SYSTEMA556.github.io/index.html [2ms]
2024-09-27 22:28:17.322 [info] > git cat-file -s b8dd94766877fe069b4f93bae1b6ac17e0b9b608 [2ms]
2024-09-27 22:29:18.287 [info] > git ls-files --stage -- /root/repos/SYSTEMA556.github.io/index.html [23ms]
2024-09-27 22:29:18.293 [info] > git show --textconv :index.html [33ms]
2024-09-27 22:29:18.294 [info] > git cat-file -s b8dd94766877fe069b4f93bae1b6ac17e0b9b608 [2ms]
2024-09-27 22:29:25.405 [info] > git show --textconv :index.html [4ms]
2024-09-27 22:29:25.406 [info] > git ls-files --stage -- /root/repos/SYSTEMA556.github.io/index.html [2ms]
2024-09-27 22:29:25.412 [info] > git cat-file -s b8dd94766877fe069b4f93bae1b6ac17e0b9b608 [2ms]
2024-09-27 22:42:07.397 [info] > git ls-files --stage -- /root/repos/SYSTEMA556.github.io/index.html [24ms]
2024-09-27 22:42:07.402 [info] > git show --textconv :index.html [33ms]
2024-09-27 22:42:07.402 [info] > git cat-file -s b8dd94766877fe069b4f93bae1b6ac17e0b9b608 [2ms]
2024-09-27 22:42:18.305 [info] > git show --textconv :index.html [12ms]
2024-09-27 22:42:18.308 [info] > git ls-files --stage -- /root/repos/SYSTEMA556.github.io/index.html [4ms]
2024-09-27 22:42:18.317 [info] > git cat-file -s b8dd94766877fe069b4f93bae1b6ac17e0b9b608 [3ms]
2024-09-27 22:42:39.710 [info] > git show --textconv :index.html [19ms]
2024-09-27 22:42:39.713 [info] > git ls-files --stage -- /root/repos/SYSTEMA556.github.io/index.html [15ms]
2024-09-27 22:42:39.733 [info] > git cat-file -s b8dd94766877fe069b4f93bae1b6ac17e0b9b608 [4ms]
2024-09-27 22:43:59.395 [info] > git ls-files --stage -- /root/repos/SYSTEMA556.github.io/index.html [20ms]
2024-09-27 22:43:59.406 [info] > git show --textconv :index.html [36ms]
2024-09-27 22:43:59.411 [info] > git cat-file -s b8dd94766877fe069b4f93bae1b6ac17e0b9b608 [6ms]
2024-09-27 22:44:05.147 [info] > git show --textconv :index.html [7ms]
2024-09-27 22:44:05.148 [info] > git ls-files --stage -- /root/repos/SYSTEMA556.github.io/index.html [2ms]
2024-09-27 22:44:05.156 [info] > git cat-file -s b8dd94766877fe069b4f93bae1b6ac17e0b9b608 [3ms]
2024-09-27 22:44:12.955 [info] > git show --textconv :index.html [6ms]
2024-09-27 22:44:12.956 [info] > git ls-files --stage -- /root/repos/SYSTEMA556.github.io/index.html [4ms]
2024-09-27 22:44:12.962 [info] > git cat-file -s b8dd94766877fe069b4f93bae1b6ac17e0b9b608 [2ms]
2024-09-27 22:44:17.860 [info] > git show --textconv :index.html [6ms]
2024-09-27 22:44:17.861 [info] > git ls-files --stage -- /root/repos/SYSTEMA556.github.io/index.html [3ms]
2024-09-27 22:44:17.869 [info] > git cat-file -s b8dd94766877fe069b4f93bae1b6ac17e0b9b608 [3ms]
2024-09-27 22:47:01.812 [info] > git ls-files --stage -- /root/repos/SYSTEMA556.github.io/index.html [25ms]
2024-09-27 22:47:01.819 [info] > git show --textconv :index.html [37ms]
2024-09-27 22:47:01.821 [info] > git cat-file -s b8dd94766877fe069b4f93bae1b6ac17e0b9b608 [3ms]
2024-09-27 22:47:28.990 [info] > git show --textconv :index.html [10ms]
2024-09-27 22:47:28.995 [info] > git ls-files --stage -- /root/repos/SYSTEMA556.github.io/index.html [7ms]
2024-09-27 22:47:29.008 [info] > git cat-file -s b8dd94766877fe069b4f93bae1b6ac17e0b9b608 [4ms]
2024-09-27 22:48:06.848 [info] > git show --textconv :index.html [5ms]
2024-09-27 22:48:06.849 [info] > git ls-files --stage -- /root/repos/SYSTEMA556.github.io/index.html [2ms]
2024-09-27 22:48:06.854 [info] > git cat-file -s b8dd94766877fe069b4f93bae1b6ac17e0b9b608 [2ms]
2024-09-27 22:51:17.111 [info] > git ls-files --stage -- /root/repos/SYSTEMA556.github.io/index.html [20ms]
2024-09-27 22:51:17.117 [info] > git show --textconv :index.html [34ms]
2024-09-27 22:51:17.119 [info] > git cat-file -s b8dd94766877fe069b4f93bae1b6ac17e0b9b608 [3ms]
2024-09-27 22:52:09.895 [info] > git ls-files --stage -- /root/repos/SYSTEMA556.github.io/index.html [22ms]
2024-09-27 22:52:09.899 [info] > git show --textconv :index.html [30ms]
2024-09-27 22:52:09.900 [info] > git cat-file -s b8dd94766877fe069b4f93bae1b6ac17e0b9b608 [2ms]
2024-09-27 22:53:33.972 [info] > git ls-files --stage -- /root/repos/SYSTEMA556.github.io/index.html [19ms]
2024-09-27 22:53:33.976 [info] > git show --textconv :index.html [28ms]
2024-09-27 22:53:33.977 [info] > git cat-file -s b8dd94766877fe069b4f93bae1b6ac17e0b9b608 [1ms]
2024-09-27 22:54:07.886 [info] > git show --textconv :index.html [4ms]
2024-09-27 22:54:07.888 [info] > git ls-files --stage -- /root/repos/SYSTEMA556.github.io/index.html [3ms]
2024-09-27 22:54:07.893 [info] > git cat-file -s b8dd94766877fe069b4f93bae1b6ac17e0b9b608 [2ms]
2024-09-27 22:56:26.057 [info] > git ls-files --stage -- /root/repos/SYSTEMA556.github.io/index.html [20ms]
2024-09-27 22:56:26.061 [info] > git show --textconv :index.html [29ms]
2024-09-27 22:56:26.062 [info] > git cat-file -s b8dd94766877fe069b4f93bae1b6ac17e0b9b608 [2ms]
2024-09-27 22:56:37.699 [info] > git show --textconv :index.html [5ms]
2024-09-27 22:56:37.701 [info] > git ls-files --stage -- /root/repos/SYSTEMA556.github.io/index.html [3ms]
2024-09-27 22:56:37.707 [info] > git cat-file -s b8dd94766877fe069b4f93bae1b6ac17e0b9b608 [2ms]
2024-09-27 22:56:49.111 [info] > git show --textconv :index.html [8ms]
2024-09-27 22:56:49.115 [info] > git ls-files --stage -- /root/repos/SYSTEMA556.github.io/index.html [6ms]
2024-09-27 22:56:49.124 [info] > git cat-file -s b8dd94766877fe069b4f93bae1b6ac17e0b9b608 [2ms]
2024-09-27 22:58:45.420 [info] > git show --textconv :index.html [5ms]
2024-09-27 22:58:45.422 [info] > git ls-files --stage -- /root/repos/SYSTEMA556.github.io/index.html [2ms]
2024-09-27 22:58:45.428 [info] > git cat-file -s b8dd94766877fe069b4f93bae1b6ac17e0b9b608 [2ms]
2024-09-27 22:58:50.411 [info] > git show --textconv :index.html [4ms]
2024-09-27 22:58:50.412 [info] > git ls-files --stage -- /root/repos/SYSTEMA556.github.io/index.html [2ms]
2024-09-27 22:58:50.418 [info] > git cat-file -s b8dd94766877fe069b4f93bae1b6ac17e0b9b608 [1ms]
2024-09-27 22:59:00.106 [info] > git show --textconv :index.html [17ms]
2024-09-27 22:59:00.109 [info] > git ls-files --stage -- /root/repos/SYSTEMA556.github.io/index.html [5ms]
2024-09-27 22:59:00.125 [info] > git cat-file -s b8dd94766877fe069b4f93bae1b6ac17e0b9b608 [4ms]
2024-09-27 22:59:43.884 [info] > git show --textconv :index.html [5ms]
2024-09-27 22:59:43.885 [info] > git ls-files --stage -- /root/repos/SYSTEMA556.github.io/index.html [2ms]
2024-09-27 22:59:43.891 [info] > git cat-file -s b8dd94766877fe069b4f93bae1b6ac17e0b9b608 [1ms]
2024-09-27 23:00:47.599 [info] > git show --textconv :index.html [7ms]
2024-09-27 23:00:47.600 [info] > git ls-files --stage -- /root/repos/SYSTEMA556.github.io/index.html [4ms]
2024-09-27 23:00:47.606 [info] > git cat-file -s b8dd94766877fe069b4f93bae1b6ac17e0b9b608 [2ms]
2024-09-27 23:00:55.342 [info] > git show --textconv :index.html [4ms]
2024-09-27 23:00:55.343 [info] > git ls-files --stage -- /root/repos/SYSTEMA556.github.io/index.html [2ms]
2024-09-27 23:00:55.348 [info] > git cat-file -s b8dd94766877fe069b4f93bae1b6ac17e0b9b608 [2ms]
2024-09-27 23:02:51.177 [info] > git show --textconv :index.html [5ms]
2024-09-27 23:02:51.179 [info] > git ls-files --stage -- /root/repos/SYSTEMA556.github.io/index.html [2ms]
2024-09-27 23:02:51.184 [info] > git cat-file -s b8dd94766877fe069b4f93bae1b6ac17e0b9b608 [1ms]
2024-09-27 23:04:53.272 [info] > git show --textconv :index.html [5ms]
2024-09-27 23:04:53.274 [info] > git ls-files --stage -- /root/repos/SYSTEMA556.github.io/index.html [2ms]
2024-09-27 23:04:53.278 [info] > git cat-file -s b8dd94766877fe069b4f93bae1b6ac17e0b9b608 [2ms]
