2024-09-08 19:57:36.751 [info] [main] ログ レベル: Info
2024-09-08 19:57:36.751 [info] [main] Git の検証が検出されました: "git"
2024-09-08 19:57:36.751 [info] [main] "git" から Git "2.34.1" を使用しています
2024-09-08 19:57:36.751 [info] [Model][doInitialScan] Initial repository scan started
2024-09-08 19:57:36.751 [info] > git rev-parse --show-toplevel [31ms]
2024-09-08 19:57:36.751 [info] > git rev-parse --show-toplevel [3ms]
2024-09-08 19:57:36.763 [info] > git rev-parse --git-dir --git-common-dir [13ms]
2024-09-08 19:57:36.786 [info] [Model][openRepository] Opened repository: /root/repos/website/tmp/website-copy
2024-09-08 19:57:36.817 [info] > git config --get commit.template [11ms]
2024-09-08 19:57:36.821 [info] > git rev-parse --show-toplevel [10ms]
2024-09-08 19:57:36.832 [info] > git for-each-ref --format=%(refname)%00%(upstream:short)%00%(objectname)%00%(upstream:track)%00%(upstream:remotename)%00%(upstream:remoteref) refs/heads/main refs/remotes/main [6ms]
2024-09-08 19:57:36.837 [info] > git rev-parse --show-toplevel [5ms]
2024-09-08 19:57:36.849 [info] > git status -z -uall [2ms]
2024-09-08 19:57:36.850 [info] > git rev-parse --git-dir --git-common-dir [9ms]
2024-09-08 19:57:36.860 [info] [Model][openRepository] Opened repository: /root/repos/website
2024-09-08 19:57:36.869 [info] [Model][doInitialScan] Initial repository scan completed - repositories (2), closed repositories (0), parent repositories (1), unsafe repositories (0)
2024-09-08 19:57:36.901 [info] > git for-each-ref --format=%(refname)%00%(upstream:short)%00%(objectname)%00%(upstream:track)%00%(upstream:remotename)%00%(upstream:remoteref) refs/heads/main refs/remotes/main [16ms]
2024-09-08 19:57:36.907 [info] > git config --get commit.template [31ms]
2024-09-08 19:57:36.925 [info] > git config --local branch.main.vscode-merge-base [19ms]
2024-09-08 19:57:36.925 [warning] [Git][config] git config failed: Failed to execute git
2024-09-08 19:57:36.932 [info] > git config --get commit.template [32ms]
2024-09-08 19:57:36.952 [info] > git for-each-ref --format=%(refname)%00%(upstream:short)%00%(objectname)%00%(upstream:track)%00%(upstream:remotename)%00%(upstream:remoteref) refs/heads/main refs/remotes/main [13ms]
2024-09-08 19:57:36.953 [info] > git reflog main --grep-reflog=branch: Created from *. [21ms]
2024-09-08 19:57:36.957 [info] > git for-each-ref --format=%(refname)%00%(upstream:short)%00%(objectname)%00%(upstream:track)%00%(upstream:remotename)%00%(upstream:remoteref) refs/heads/main refs/remotes/main [8ms]
2024-09-08 19:57:36.958 [info] > git rev-parse --show-toplevel [13ms]
2024-09-08 19:57:36.959 [info] > git symbolic-ref --short refs/remotes/origin/HEAD [4ms]
2024-09-08 19:57:36.968 [info] > git for-each-ref --format=%(refname)%00%(upstream:short)%00%(objectname)%00%(upstream:track)%00%(upstream:remotename)%00%(upstream:remoteref) refs/heads/origin/main refs/remotes/origin/main [5ms]
2024-09-08 19:57:36.979 [info] > git status -z -uall [13ms]
2024-09-08 19:57:37.003 [info] > git status -z -uall [25ms]
2024-09-08 19:57:37.004 [info] > git for-each-ref --format=%(refname)%00%(upstream:short)%00%(objectname)%00%(upstream:track)%00%(upstream:remotename)%00%(upstream:remoteref) refs/heads/main refs/remotes/main [18ms]
2024-09-08 19:57:37.015 [info] > git config --local branch.main.vscode-merge-base origin/main [42ms]
2024-09-08 19:57:37.021 [info] > git for-each-ref --format=%(refname)%00%(upstream:short)%00%(objectname)%00%(upstream:track)%00%(upstream:remotename)%00%(upstream:remoteref) refs/heads/main refs/remotes/main [9ms]
2024-09-08 19:57:37.026 [info] > git config --local branch.main.vscode-merge-base [18ms]
2024-09-08 19:57:37.026 [warning] [Git][config] git config failed: Failed to execute git
2024-09-08 19:57:37.030 [info] > git config --get commit.template [30ms]
2024-09-08 19:57:37.036 [info] > git config --local branch.main.vscode-merge-base [10ms]
2024-09-08 19:57:37.041 [info] > git config --get commit.template [21ms]
2024-09-08 19:57:37.050 [info] > git for-each-ref --format=%(refname)%00%(upstream:short)%00%(objectname)%00%(upstream:track)%00%(upstream:remotename)%00%(upstream:remoteref) refs/heads/origin/main refs/remotes/origin/main [9ms]
2024-09-08 19:57:37.061 [info] > git reflog main --grep-reflog=branch: Created from *. [32ms]
2024-09-08 19:57:37.073 [info] > git merge-base refs/heads/main refs/remotes/origin/main [13ms]
2024-09-08 19:57:37.077 [info] > git for-each-ref --format=%(refname)%00%(upstream:short)%00%(objectname)%00%(upstream:track)%00%(upstream:remotename)%00%(upstream:remoteref) refs/heads/main refs/remotes/main [33ms]
2024-09-08 19:57:37.079 [info] > git for-each-ref --format=%(refname)%00%(upstream:short)%00%(objectname)%00%(upstream:track)%00%(upstream:remotename)%00%(upstream:remoteref) refs/heads/main refs/remotes/main [9ms]
2024-09-08 19:57:37.080 [info] > git symbolic-ref --short refs/remotes/origin/HEAD [15ms]
2024-09-08 19:57:37.080 [info] fatal: ref refs/remotes/origin/HEAD is not a symbolic ref
2024-09-08 19:57:37.088 [info] > git merge-base refs/heads/main refs/remotes/origin/main [5ms]
2024-09-08 19:57:37.092 [info] > git rev-list --count --left-right refs/heads/main...refs/remotes/origin/main [15ms]
2024-09-08 19:57:37.099 [info] > git rev-list --count --left-right refs/heads/main...refs/remotes/origin/main [6ms]
2024-09-08 19:57:37.116 [info] > git status -z -uall [8ms]
2024-09-08 19:57:37.117 [info] > git diff --name-status -z --diff-filter=ADMR 80201a388465fb38aad2f1ca89239eed889dc2e6...refs/remotes/origin/main [20ms]
2024-09-08 19:57:37.127 [info] > git diff --name-status -z --diff-filter=ADMR 56c86273ab8b103c3d6bba429aa9c649121daacd...refs/remotes/origin/main [24ms]
2024-09-08 19:57:37.129 [info] > git status -z -uall [8ms]
2024-09-08 19:57:37.129 [info] > git for-each-ref --format=%(refname)%00%(upstream:short)%00%(objectname)%00%(upstream:track)%00%(upstream:remotename)%00%(upstream:remoteref) refs/heads/main refs/remotes/main [4ms]
2024-09-08 19:57:37.138 [info] > git for-each-ref --format=%(refname)%00%(upstream:short)%00%(objectname)%00%(upstream:track)%00%(upstream:remotename)%00%(upstream:remoteref) refs/heads/main refs/remotes/main [2ms]
2024-09-08 19:57:37.142 [info] > git config --local branch.main.vscode-merge-base [10ms]
2024-09-08 19:57:37.142 [warning] [Git][config] git config failed: Failed to execute git
2024-09-08 19:57:37.147 [info] > git config --local branch.main.vscode-merge-base [5ms]
2024-09-08 19:57:37.152 [info] > git reflog main --grep-reflog=branch: Created from *. [6ms]
2024-09-08 19:57:37.155 [info] > git for-each-ref --format=%(refname)%00%(upstream:short)%00%(objectname)%00%(upstream:track)%00%(upstream:remotename)%00%(upstream:remoteref) refs/heads/origin/main refs/remotes/origin/main [4ms]
2024-09-08 19:57:37.157 [info] > git symbolic-ref --short refs/remotes/origin/HEAD [3ms]
2024-09-08 19:57:37.157 [info] fatal: ref refs/remotes/origin/HEAD is not a symbolic ref
2024-09-08 19:57:37.457 [info] > git show --textconv :about.html [5ms]
2024-09-08 19:57:37.642 [info] > git ls-files --stage -- /root/repos/website/tmp/website-copy/about.html [186ms]
2024-09-08 19:57:37.669 [info] > git check-ignore -v -z --stdin [14ms]
2024-09-08 19:57:37.671 [info] > git check-ignore -v -z --stdin [9ms]
2024-09-08 19:57:37.672 [info] > git cat-file -s 14658bb4c5dbb21cb353d382b782eb86d45e8bd0 [25ms]
2024-09-08 19:57:38.203 [info] > git check-ignore -v -z --stdin [2ms]
2024-09-08 19:57:38.355 [info] > git config --get commit.template [4ms]
2024-09-08 19:57:38.355 [info] > git for-each-ref --format=%(refname)%00%(upstream:short)%00%(objectname)%00%(upstream:track)%00%(upstream:remotename)%00%(upstream:remoteref) refs/heads/main refs/remotes/main [2ms]
2024-09-08 19:57:38.361 [info] > git status -z -uall [2ms]
2024-09-08 19:57:38.368 [info] > git for-each-ref --format=%(refname)%00%(upstream:short)%00%(objectname)%00%(upstream:track)%00%(upstream:remotename)%00%(upstream:remoteref) refs/heads/main refs/remotes/main [3ms]
2024-09-08 19:57:38.373 [info] > git config --local branch.main.vscode-merge-base [2ms]
2024-09-08 19:57:38.379 [info] > git for-each-ref --format=%(refname)%00%(upstream:short)%00%(objectname)%00%(upstream:track)%00%(upstream:remotename)%00%(upstream:remoteref) refs/heads/origin/main refs/remotes/origin/main [3ms]
2024-09-08 19:57:38.465 [info] > git ls-files --stage -- /root/repos/website/tmp/website-copy/about.html [1ms]
2024-09-08 19:57:38.473 [info] > git cat-file -s 14658bb4c5dbb21cb353d382b782eb86d45e8bd0 [5ms]
2024-09-08 19:57:38.492 [info] > git show --textconv :about.html [3ms]
