2024-09-14 19:21:02.210 [info] [main] ログ レベル: Info
2024-09-14 19:21:02.210 [info] [main] Git の検証が検出されました: "git"
2024-09-14 19:21:02.210 [info] [main] "git" から Git "2.34.1" を使用しています
2024-09-14 19:21:02.210 [info] [Model][doInitialScan] Initial repository scan started
2024-09-14 19:21:02.276 [info] > git rev-parse --show-toplevel [73ms]
2024-09-14 19:21:02.320 [info] > git rev-parse --show-toplevel [11ms]
2024-09-14 19:21:02.329 [info] > git rev-parse --git-dir --git-common-dir [3ms]
2024-09-14 19:21:02.367 [info] [Model][openRepository] Opened repository: /root/repos/sample_website
2024-09-14 19:21:02.396 [info] > git config --get commit.template [9ms]
2024-09-14 19:21:02.398 [info] > git rev-parse --show-toplevel [7ms]
2024-09-14 19:21:02.414 [info] > git for-each-ref --format=%(refname)%00%(upstream:short)%00%(objectname)%00%(upstream:track)%00%(upstream:remotename)%00%(upstream:remoteref) refs/heads/main refs/remotes/main [11ms]
2024-09-14 19:21:02.417 [info] > git rev-parse --show-toplevel [5ms]
2024-09-14 19:21:02.438 [info] > git rev-parse --git-dir --git-common-dir [14ms]
2024-09-14 19:21:02.453 [info] [Model][openRepository] Opened repository: /root/repos/website
2024-09-14 19:21:02.468 [info] [Model][doInitialScan] Initial repository scan completed - repositories (2), closed repositories (0), parent repositories (1), unsafe repositories (0)
2024-09-14 19:21:02.488 [info] > git config --get commit.template [7ms]
2024-09-14 19:21:02.521 [info] > git status -z -uall [87ms]
2024-09-14 19:21:02.576 [info] > git for-each-ref --format=%(refname)%00%(upstream:short)%00%(objectname)%00%(upstream:track)%00%(upstream:remotename)%00%(upstream:remoteref) refs/heads/main refs/remotes/main [42ms]
2024-09-14 19:21:02.584 [info] > git for-each-ref --format=%(refname)%00%(upstream:short)%00%(objectname)%00%(upstream:track)%00%(upstream:remotename)%00%(upstream:remoteref) refs/heads/main refs/remotes/main [98ms]
2024-09-14 19:21:02.632 [info] > git config --local branch.main.vscode-merge-base [48ms]
2024-09-14 19:21:02.632 [warning] [Git][config] git config failed: Failed to execute git
2024-09-14 19:21:02.638 [info] > git config --get commit.template [68ms]
2024-09-14 19:21:02.688 [info] > git reflog main --grep-reflog=branch: Created from *. [51ms]
2024-09-14 19:21:02.711 [info] > git symbolic-ref --short refs/remotes/origin/HEAD [18ms]
2024-09-14 19:21:02.711 [info] fatal: ref refs/remotes/origin/HEAD is not a symbolic ref
2024-09-14 19:21:02.721 [info] > git status -z -uall [19ms]
2024-09-14 19:21:02.743 [info] > git for-each-ref --format=%(refname)%00%(upstream:short)%00%(objectname)%00%(upstream:track)%00%(upstream:remotename)%00%(upstream:remoteref) refs/heads/main refs/remotes/main [46ms]
2024-09-14 19:21:02.753 [info] > git for-each-ref --format=%(refname)%00%(upstream:short)%00%(objectname)%00%(upstream:track)%00%(upstream:remotename)%00%(upstream:remoteref) refs/heads/main refs/remotes/main [21ms]
2024-09-14 19:21:02.758 [info] > git merge-base refs/heads/main refs/remotes/origin/main [40ms]
2024-09-14 19:21:02.767 [info] > git config --local branch.main.vscode-merge-base [9ms]
2024-09-14 19:21:02.768 [warning] [Git][config] git config failed: Failed to execute git
2024-09-14 19:21:02.774 [info] > git config --get commit.template [24ms]
2024-09-14 19:21:02.785 [info] > git rev-list --count --left-right refs/heads/main...refs/remotes/origin/main [22ms]
2024-09-14 19:21:02.828 [info] > git status -z -uall [11ms]
2024-09-14 19:21:02.828 [info] > git for-each-ref --format=%(refname)%00%(upstream:short)%00%(objectname)%00%(upstream:track)%00%(upstream:remotename)%00%(upstream:remoteref) refs/heads/main refs/remotes/main [27ms]
2024-09-14 19:21:02.829 [info] > git diff --name-status -z --diff-filter=ADMR 0fa58782567d39b78a79b05ba4215ba60fff69b9...refs/remotes/origin/main [35ms]
2024-09-14 19:21:02.852 [info] > git for-each-ref --format=%(refname)%00%(upstream:short)%00%(objectname)%00%(upstream:track)%00%(upstream:remotename)%00%(upstream:remoteref) refs/heads/main refs/remotes/main [8ms]
2024-09-14 19:21:02.859 [info] > git reflog main --grep-reflog=branch: Created from *. [86ms]
2024-09-14 19:21:02.864 [info] > git config --local branch.main.vscode-merge-base [6ms]
2024-09-14 19:21:02.865 [warning] [Git][config] git config failed: Failed to execute git
2024-09-14 19:21:02.883 [info] > git symbolic-ref --short refs/remotes/origin/HEAD [21ms]
2024-09-14 19:21:02.883 [info] fatal: ref refs/remotes/origin/HEAD is not a symbolic ref
2024-09-14 19:21:02.891 [info] > git status -z -uall [10ms]
2024-09-14 19:21:02.900 [info] > git reflog main --grep-reflog=branch: Created from *. [29ms]
2024-09-14 19:21:02.905 [info] > git for-each-ref --format=%(refname)%00%(upstream:short)%00%(objectname)%00%(upstream:track)%00%(upstream:remotename)%00%(upstream:remoteref) refs/heads/main refs/remotes/main [7ms]
2024-09-14 19:21:02.913 [info] > git merge-base refs/heads/main refs/remotes/origin/main [23ms]
2024-09-14 19:21:02.922 [info] > git config --local branch.main.vscode-merge-base [10ms]
2024-09-14 19:21:02.922 [warning] [Git][config] git config failed: Failed to execute git
2024-09-14 19:21:02.928 [info] > git symbolic-ref --short refs/remotes/origin/HEAD [24ms]
2024-09-14 19:21:02.928 [info] fatal: ref refs/remotes/origin/HEAD is not a symbolic ref
2024-09-14 19:21:02.930 [info] > git rev-list --count --left-right refs/heads/main...refs/remotes/origin/main [11ms]
2024-09-14 19:21:02.944 [info] > git diff --name-status -z --diff-filter=ADMR 72dc4a4c8e486eb6c2a7dc79d5735c7b7256f412...refs/remotes/origin/main [8ms]
2024-09-14 19:21:02.945 [info] > git reflog main --grep-reflog=branch: Created from *. [19ms]
2024-09-14 19:21:02.953 [info] > git symbolic-ref --short refs/remotes/origin/HEAD [5ms]
2024-09-14 19:21:02.953 [info] fatal: ref refs/remotes/origin/HEAD is not a symbolic ref
2024-09-14 19:21:03.072 [info] > git check-ignore -v -z --stdin [6ms]
2024-09-14 19:21:03.074 [info] > git check-ignore -v -z --stdin [3ms]
2024-09-14 19:21:04.322 [info] > git log --format=%H%n%aN%n%aE%n%at%n%ct%n%P%n%D%n%B -z -n120 --follow -- /root/repos/sample_website/moby_dick.html [53ms]
2024-09-14 19:21:04.614 [info] > git show --textconv :moby_dick.html [146ms]
2024-09-14 19:21:04.615 [info] > git ls-files --stage -- /root/repos/sample_website/moby_dick.html [143ms]
2024-09-14 19:21:04.622 [info] > git cat-file -s a445b2df735a09c18d59dff09127a16673fcdf5c [3ms]
2024-09-14 19:46:07.698 [info] > git config --get commit.template [6ms]
2024-09-14 19:46:07.699 [info] > git for-each-ref --format=%(refname)%00%(upstream:short)%00%(objectname)%00%(upstream:track)%00%(upstream:remotename)%00%(upstream:remoteref) refs/heads/main refs/remotes/main [3ms]
2024-09-14 19:46:07.706 [info] > git status -z -uall [2ms]
2024-09-14 19:46:07.717 [info] > git for-each-ref --format=%(refname)%00%(upstream:short)%00%(objectname)%00%(upstream:track)%00%(upstream:remotename)%00%(upstream:remoteref) refs/heads/main refs/remotes/main [5ms]
2024-09-14 19:46:07.724 [info] > git config --local branch.main.vscode-merge-base [2ms]
2024-09-14 19:46:07.724 [warning] [Git][config] git config failed: Failed to execute git
2024-09-14 19:46:07.730 [info] > git reflog main --grep-reflog=branch: Created from *. [2ms]
2024-09-14 19:46:07.735 [info] > git symbolic-ref --short refs/remotes/origin/HEAD [1ms]
2024-09-14 19:46:07.735 [info] fatal: ref refs/remotes/origin/HEAD is not a symbolic ref
2024-09-14 19:46:10.455 [info] > git show --textconv :moby_dick.html [5ms]
2024-09-14 19:46:10.457 [info] > git ls-files --stage -- /root/repos/sample_website/moby_dick.html [3ms]
2024-09-14 19:46:10.463 [info] > git cat-file -s a445b2df735a09c18d59dff09127a16673fcdf5c [2ms]
2024-09-14 19:46:23.234 [info] > git show --textconv :moby_dick.html [5ms]
2024-09-14 19:46:23.235 [info] > git ls-files --stage -- /root/repos/sample_website/moby_dick.html [2ms]
2024-09-14 19:46:23.240 [info] > git cat-file -s a445b2df735a09c18d59dff09127a16673fcdf5c [2ms]
2024-09-14 19:46:29.850 [info] > git show --textconv :moby_dick.html [5ms]
2024-09-14 19:46:29.851 [info] > git ls-files --stage -- /root/repos/sample_website/moby_dick.html [2ms]
2024-09-14 19:46:29.856 [info] > git cat-file -s a445b2df735a09c18d59dff09127a16673fcdf5c [2ms]
2024-09-14 20:02:17.333 [info] > git show --textconv :moby_dick.html [4ms]
2024-09-14 20:02:17.334 [info] > git ls-files --stage -- /root/repos/sample_website/moby_dick.html [2ms]
2024-09-14 20:02:17.340 [info] > git cat-file -s a445b2df735a09c18d59dff09127a16673fcdf5c [2ms]
2024-09-14 20:02:28.819 [info] > git config --get commit.template [6ms]
2024-09-14 20:02:28.820 [info] > git for-each-ref --format=%(refname)%00%(upstream:short)%00%(objectname)%00%(upstream:track)%00%(upstream:remotename)%00%(upstream:remoteref) refs/heads/main refs/remotes/main [2ms]
2024-09-14 20:02:28.827 [info] > git status -z -uall [3ms]
2024-09-14 20:02:28.835 [info] > git for-each-ref --format=%(refname)%00%(upstream:short)%00%(objectname)%00%(upstream:track)%00%(upstream:remotename)%00%(upstream:remoteref) refs/heads/main refs/remotes/main [3ms]
2024-09-14 20:02:28.841 [info] > git config --local branch.main.vscode-merge-base [2ms]
2024-09-14 20:02:28.841 [warning] [Git][config] git config failed: Failed to execute git
2024-09-14 20:02:28.848 [info] > git reflog main --grep-reflog=branch: Created from *. [2ms]
2024-09-14 20:02:28.852 [info] > git symbolic-ref --short refs/remotes/origin/HEAD [1ms]
2024-09-14 20:02:28.852 [info] fatal: ref refs/remotes/origin/HEAD is not a symbolic ref
2024-09-14 20:02:30.931 [info] > git show --textconv :moby_dick.html [4ms]
2024-09-14 20:02:30.932 [info] > git ls-files --stage -- /root/repos/sample_website/moby_dick.html [2ms]
2024-09-14 20:02:30.938 [info] > git cat-file -s a445b2df735a09c18d59dff09127a16673fcdf5c [2ms]
2024-09-14 20:04:26.967 [info] > git config --get commit.template [6ms]
2024-09-14 20:04:26.978 [info] > git for-each-ref --format=%(refname)%00%(upstream:short)%00%(objectname)%00%(upstream:track)%00%(upstream:remotename)%00%(upstream:remoteref) refs/heads/main refs/remotes/main [4ms]
2024-09-14 20:04:26.989 [info] > git status -z -uall [4ms]
2024-09-14 20:04:27.001 [info] > git for-each-ref --format=%(refname)%00%(upstream:short)%00%(objectname)%00%(upstream:track)%00%(upstream:remotename)%00%(upstream:remoteref) refs/heads/main refs/remotes/main [4ms]
2024-09-14 20:04:27.007 [info] > git config --local branch.main.vscode-merge-base [2ms]
2024-09-14 20:04:27.007 [warning] [Git][config] git config failed: Failed to execute git
2024-09-14 20:04:27.013 [info] > git reflog main --grep-reflog=branch: Created from *. [3ms]
2024-09-14 20:04:27.019 [info] > git symbolic-ref --short refs/remotes/origin/HEAD [1ms]
2024-09-14 20:04:27.019 [info] fatal: ref refs/remotes/origin/HEAD is not a symbolic ref
2024-09-14 21:03:17.635 [info] > git config --get commit.template [5ms]
2024-09-14 21:03:17.636 [info] > git for-each-ref --format=%(refname)%00%(upstream:short)%00%(objectname)%00%(upstream:track)%00%(upstream:remotename)%00%(upstream:remoteref) refs/heads/main refs/remotes/main [2ms]
2024-09-14 21:03:17.643 [info] > git status -z -uall [3ms]
2024-09-14 21:03:17.650 [info] > git for-each-ref --format=%(refname)%00%(upstream:short)%00%(objectname)%00%(upstream:track)%00%(upstream:remotename)%00%(upstream:remoteref) refs/heads/main refs/remotes/main [2ms]
2024-09-14 21:03:17.656 [info] > git config --local branch.main.vscode-merge-base [1ms]
2024-09-14 21:03:17.657 [warning] [Git][config] git config failed: Failed to execute git
2024-09-14 21:03:17.665 [info] > git reflog main --grep-reflog=branch: Created from *. [4ms]
2024-09-14 21:03:17.669 [info] > git symbolic-ref --short refs/remotes/origin/HEAD [1ms]
2024-09-14 21:03:17.669 [info] fatal: ref refs/remotes/origin/HEAD is not a symbolic ref
2024-09-14 21:03:21.327 [info] > git show --textconv :moby_dick.html [6ms]
2024-09-14 21:03:21.328 [info] > git ls-files --stage -- /root/repos/sample_website/moby_dick.html [2ms]
2024-09-14 21:03:21.334 [info] > git cat-file -s a445b2df735a09c18d59dff09127a16673fcdf5c [1ms]
2024-09-14 21:03:45.587 [info] > git show --textconv :moby_dick.html [4ms]
2024-09-14 21:03:45.588 [info] > git ls-files --stage -- /root/repos/sample_website/moby_dick.html [2ms]
2024-09-14 21:03:45.593 [info] > git cat-file -s a445b2df735a09c18d59dff09127a16673fcdf5c [2ms]
2024-09-14 21:03:46.794 [info] > git config --get commit.template [4ms]
2024-09-14 21:03:46.795 [info] > git for-each-ref --format=%(refname)%00%(upstream:short)%00%(objectname)%00%(upstream:track)%00%(upstream:remotename)%00%(upstream:remoteref) refs/heads/main refs/remotes/main [2ms]
2024-09-14 21:03:46.802 [info] > git status -z -uall [2ms]
2024-09-14 21:03:46.810 [info] > git for-each-ref --format=%(refname)%00%(upstream:short)%00%(objectname)%00%(upstream:track)%00%(upstream:remotename)%00%(upstream:remoteref) refs/heads/main refs/remotes/main [3ms]
2024-09-14 21:03:46.817 [info] > git config --local branch.main.vscode-merge-base [2ms]
2024-09-14 21:03:46.817 [warning] [Git][config] git config failed: Failed to execute git
2024-09-14 21:03:46.824 [info] > git reflog main --grep-reflog=branch: Created from *. [3ms]
2024-09-14 21:03:46.829 [info] > git symbolic-ref --short refs/remotes/origin/HEAD [1ms]
2024-09-14 21:03:46.829 [info] fatal: ref refs/remotes/origin/HEAD is not a symbolic ref
2024-09-14 21:03:48.641 [info] > git show --textconv :moby_dick.html [5ms]
2024-09-14 21:03:48.644 [info] > git ls-files --stage -- /root/repos/sample_website/moby_dick.html [3ms]
2024-09-14 21:03:48.649 [info] > git cat-file -s a445b2df735a09c18d59dff09127a16673fcdf5c [1ms]
2024-09-14 21:03:56.759 [info] > git show --textconv :tags.html [7ms]
2024-09-14 21:03:56.760 [info] > git ls-files --stage -- /root/repos/sample_website/tags.html [5ms]
2024-09-14 21:03:56.765 [info] > git cat-file -s 7758b3c92a05e48b0548606f0b92fea5175d3ef2 [2ms]
2024-09-14 21:05:02.872 [info] > git show --textconv :tags.html [4ms]
2024-09-14 21:05:02.873 [info] > git ls-files --stage -- /root/repos/sample_website/tags.html [2ms]
2024-09-14 21:05:02.878 [info] > git cat-file -s 7758b3c92a05e48b0548606f0b92fea5175d3ef2 [2ms]
2024-09-14 21:05:49.627 [info] > git config --get commit.template [17ms]
2024-09-14 21:05:49.630 [info] > git for-each-ref --format=%(refname)%00%(upstream:short)%00%(objectname)%00%(upstream:track)%00%(upstream:remotename)%00%(upstream:remoteref) refs/heads/main refs/remotes/main [7ms]
2024-09-14 21:05:49.642 [info] > git status -z -uall [3ms]
2024-09-14 21:05:49.656 [info] > git for-each-ref --format=%(refname)%00%(upstream:short)%00%(objectname)%00%(upstream:track)%00%(upstream:remotename)%00%(upstream:remoteref) refs/heads/main refs/remotes/main [4ms]
2024-09-14 21:05:49.667 [info] > git config --local branch.main.vscode-merge-base [4ms]
2024-09-14 21:05:49.667 [warning] [Git][config] git config failed: Failed to execute git
2024-09-14 21:05:49.684 [info] > git reflog main --grep-reflog=branch: Created from *. [7ms]
2024-09-14 21:05:49.692 [info] > git symbolic-ref --short refs/remotes/origin/HEAD [2ms]
2024-09-14 21:05:49.692 [info] fatal: ref refs/remotes/origin/HEAD is not a symbolic ref
2024-09-14 21:05:55.424 [info] > git show --textconv :tags.html [5ms]
2024-09-14 21:05:55.425 [info] > git ls-files --stage -- /root/repos/sample_website/tags.html [2ms]
2024-09-14 21:05:55.431 [info] > git cat-file -s 7758b3c92a05e48b0548606f0b92fea5175d3ef2 [2ms]
2024-09-14 21:06:12.307 [info] > git config --get commit.template [6ms]
2024-09-14 21:06:12.308 [info] > git for-each-ref --format=%(refname)%00%(upstream:short)%00%(objectname)%00%(upstream:track)%00%(upstream:remotename)%00%(upstream:remoteref) refs/heads/main refs/remotes/main [3ms]
2024-09-14 21:06:12.316 [info] > git status -z -uall [3ms]
2024-09-14 21:06:12.328 [info] > git for-each-ref --format=%(refname)%00%(upstream:short)%00%(objectname)%00%(upstream:track)%00%(upstream:remotename)%00%(upstream:remoteref) refs/heads/main refs/remotes/main [4ms]
2024-09-14 21:06:12.336 [info] > git config --local branch.main.vscode-merge-base [1ms]
2024-09-14 21:06:12.336 [warning] [Git][config] git config failed: Failed to execute git
2024-09-14 21:06:12.346 [info] > git reflog main --grep-reflog=branch: Created from *. [4ms]
2024-09-14 21:06:12.354 [info] > git symbolic-ref --short refs/remotes/origin/HEAD [2ms]
2024-09-14 21:06:12.354 [info] fatal: ref refs/remotes/origin/HEAD is not a symbolic ref
2024-09-14 21:06:23.851 [info] > git show --textconv :tags.html [3ms]
2024-09-14 21:06:23.852 [info] > git ls-files --stage -- /root/repos/sample_website/tags.html [1ms]
2024-09-14 21:06:23.859 [info] > git cat-file -s 7758b3c92a05e48b0548606f0b92fea5175d3ef2 [2ms]
2024-09-14 21:10:58.647 [info] > git config --get commit.template [13ms]
2024-09-14 21:10:58.650 [info] > git for-each-ref --format=%(refname)%00%(upstream:short)%00%(objectname)%00%(upstream:track)%00%(upstream:remotename)%00%(upstream:remoteref) refs/heads/main refs/remotes/main [5ms]
2024-09-14 21:10:58.662 [info] > git status -z -uall [2ms]
2024-09-14 21:10:58.670 [info] > git for-each-ref --format=%(refname)%00%(upstream:short)%00%(objectname)%00%(upstream:track)%00%(upstream:remotename)%00%(upstream:remoteref) refs/heads/main refs/remotes/main [4ms]
2024-09-14 21:10:58.676 [info] > git config --local branch.main.vscode-merge-base [2ms]
2024-09-14 21:10:58.676 [warning] [Git][config] git config failed: Failed to execute git
2024-09-14 21:10:58.683 [info] > git reflog main --grep-reflog=branch: Created from *. [3ms]
2024-09-14 21:10:58.687 [info] > git symbolic-ref --short refs/remotes/origin/HEAD [1ms]
2024-09-14 21:10:58.687 [info] fatal: ref refs/remotes/origin/HEAD is not a symbolic ref
2024-09-14 21:11:04.510 [info] > git show --textconv :tags.html [5ms]
2024-09-14 21:11:04.512 [info] > git ls-files --stage -- /root/repos/sample_website/tags.html [2ms]
2024-09-14 21:11:04.517 [info] > git cat-file -s 7758b3c92a05e48b0548606f0b92fea5175d3ef2 [2ms]
2024-09-14 21:11:17.731 [info] > git show --textconv :tags.html [4ms]
2024-09-14 21:11:17.732 [info] > git ls-files --stage -- /root/repos/sample_website/tags.html [1ms]
2024-09-14 21:11:17.737 [info] > git cat-file -s 7758b3c92a05e48b0548606f0b92fea5175d3ef2 [2ms]
2024-09-14 21:11:24.918 [info] > git show --textconv :tags.html [5ms]
2024-09-14 21:11:24.919 [info] > git ls-files --stage -- /root/repos/sample_website/tags.html [2ms]
2024-09-14 21:11:24.924 [info] > git cat-file -s 7758b3c92a05e48b0548606f0b92fea5175d3ef2 [2ms]
2024-09-14 21:11:31.917 [info] > git config --get commit.template [5ms]
2024-09-14 21:11:31.918 [info] > git for-each-ref --format=%(refname)%00%(upstream:short)%00%(objectname)%00%(upstream:track)%00%(upstream:remotename)%00%(upstream:remoteref) refs/heads/main refs/remotes/main [1ms]
2024-09-14 21:11:31.924 [info] > git status -z -uall [2ms]
2024-09-14 21:11:31.933 [info] > git for-each-ref --format=%(refname)%00%(upstream:short)%00%(objectname)%00%(upstream:track)%00%(upstream:remotename)%00%(upstream:remoteref) refs/heads/main refs/remotes/main [3ms]
2024-09-14 21:11:31.942 [info] > git config --local branch.main.vscode-merge-base [3ms]
2024-09-14 21:11:31.942 [warning] [Git][config] git config failed: Failed to execute git
2024-09-14 21:11:31.951 [info] > git reflog main --grep-reflog=branch: Created from *. [2ms]
2024-09-14 21:11:31.964 [info] > git symbolic-ref --short refs/remotes/origin/HEAD [1ms]
2024-09-14 21:11:31.964 [info] fatal: ref refs/remotes/origin/HEAD is not a symbolic ref
2024-09-14 21:11:35.264 [info] > git show --textconv :tags.html [6ms]
2024-09-14 21:11:35.265 [info] > git ls-files --stage -- /root/repos/sample_website/tags.html [2ms]
2024-09-14 21:11:35.271 [info] > git cat-file -s 7758b3c92a05e48b0548606f0b92fea5175d3ef2 [2ms]
2024-09-14 21:11:41.507 [info] > git config --get commit.template [4ms]
2024-09-14 21:11:41.508 [info] > git for-each-ref --format=%(refname)%00%(upstream:short)%00%(objectname)%00%(upstream:track)%00%(upstream:remotename)%00%(upstream:remoteref) refs/heads/main refs/remotes/main [2ms]
2024-09-14 21:11:41.514 [info] > git status -z -uall [1ms]
2024-09-14 21:11:41.520 [info] > git for-each-ref --format=%(refname)%00%(upstream:short)%00%(objectname)%00%(upstream:track)%00%(upstream:remotename)%00%(upstream:remoteref) refs/heads/main refs/remotes/main [2ms]
2024-09-14 21:11:41.525 [info] > git config --local branch.main.vscode-merge-base [1ms]
2024-09-14 21:11:41.526 [warning] [Git][config] git config failed: Failed to execute git
2024-09-14 21:11:41.532 [info] > git reflog main --grep-reflog=branch: Created from *. [2ms]
2024-09-14 21:11:41.537 [info] > git symbolic-ref --short refs/remotes/origin/HEAD [1ms]
2024-09-14 21:11:41.537 [info] fatal: ref refs/remotes/origin/HEAD is not a symbolic ref
2024-09-14 21:12:18.844 [info] > git show --textconv :tags.html [5ms]
2024-09-14 21:12:18.845 [info] > git ls-files --stage -- /root/repos/sample_website/tags.html [2ms]
2024-09-14 21:12:18.850 [info] > git cat-file -s 7758b3c92a05e48b0548606f0b92fea5175d3ef2 [2ms]
2024-09-14 21:12:30.005 [info] > git config --get commit.template [6ms]
2024-09-14 21:12:30.005 [info] > git for-each-ref --format=%(refname)%00%(upstream:short)%00%(objectname)%00%(upstream:track)%00%(upstream:remotename)%00%(upstream:remoteref) refs/heads/main refs/remotes/main [2ms]
2024-09-14 21:12:30.011 [info] > git status -z -uall [2ms]
2024-09-14 21:12:30.018 [info] > git for-each-ref --format=%(refname)%00%(upstream:short)%00%(objectname)%00%(upstream:track)%00%(upstream:remotename)%00%(upstream:remoteref) refs/heads/main refs/remotes/main [1ms]
2024-09-14 21:12:30.025 [info] > git config --local branch.main.vscode-merge-base [3ms]
2024-09-14 21:12:30.025 [warning] [Git][config] git config failed: Failed to execute git
2024-09-14 21:12:30.031 [info] > git reflog main --grep-reflog=branch: Created from *. [2ms]
2024-09-14 21:12:30.035 [info] > git symbolic-ref --short refs/remotes/origin/HEAD [1ms]
2024-09-14 21:12:30.035 [info] fatal: ref refs/remotes/origin/HEAD is not a symbolic ref
2024-09-14 21:12:32.097 [info] > git show --textconv :tags.html [4ms]
2024-09-14 21:12:32.099 [info] > git ls-files --stage -- /root/repos/sample_website/tags.html [2ms]
2024-09-14 21:12:32.103 [info] > git cat-file -s 7758b3c92a05e48b0548606f0b92fea5175d3ef2 [1ms]
2024-09-14 21:12:37.771 [info] > git config --get commit.template [9ms]
2024-09-14 21:12:37.773 [info] > git for-each-ref --format=%(refname)%00%(upstream:short)%00%(objectname)%00%(upstream:track)%00%(upstream:remotename)%00%(upstream:remoteref) refs/heads/main refs/remotes/main [4ms]
2024-09-14 21:12:37.787 [info] > git status -z -uall [4ms]
2024-09-14 21:12:37.796 [info] > git for-each-ref --format=%(refname)%00%(upstream:short)%00%(objectname)%00%(upstream:track)%00%(upstream:remotename)%00%(upstream:remoteref) refs/heads/main refs/remotes/main [3ms]
2024-09-14 21:12:37.806 [info] > git config --local branch.main.vscode-merge-base [4ms]
2024-09-14 21:12:37.807 [warning] [Git][config] git config failed: Failed to execute git
2024-09-14 21:12:37.814 [info] > git reflog main --grep-reflog=branch: Created from *. [2ms]
2024-09-14 21:12:37.819 [info] > git symbolic-ref --short refs/remotes/origin/HEAD [2ms]
2024-09-14 21:12:37.819 [info] fatal: ref refs/remotes/origin/HEAD is not a symbolic ref
2024-09-14 21:12:42.481 [info] > git show --textconv :tags.html [7ms]
2024-09-14 21:12:42.482 [info] > git ls-files --stage -- /root/repos/sample_website/tags.html [4ms]
2024-09-14 21:12:42.487 [info] > git cat-file -s 7758b3c92a05e48b0548606f0b92fea5175d3ef2 [1ms]
2024-09-14 21:13:47.436 [info] > git show --textconv :moby_dick.html [5ms]
2024-09-14 21:13:47.437 [info] > git ls-files --stage -- /root/repos/sample_website/moby_dick.html [2ms]
2024-09-14 21:13:47.442 [info] > git cat-file -s a445b2df735a09c18d59dff09127a16673fcdf5c [2ms]
2024-09-14 21:14:59.644 [info] > git config --get commit.template [5ms]
2024-09-14 21:14:59.645 [info] > git for-each-ref --format=%(refname)%00%(upstream:short)%00%(objectname)%00%(upstream:track)%00%(upstream:remotename)%00%(upstream:remoteref) refs/heads/main refs/remotes/main [1ms]
2024-09-14 21:14:59.651 [info] > git status -z -uall [2ms]
2024-09-14 21:14:59.659 [info] > git for-each-ref --format=%(refname)%00%(upstream:short)%00%(objectname)%00%(upstream:track)%00%(upstream:remotename)%00%(upstream:remoteref) refs/heads/main refs/remotes/main [3ms]
2024-09-14 21:14:59.665 [info] > git config --local branch.main.vscode-merge-base [1ms]
2024-09-14 21:14:59.665 [warning] [Git][config] git config failed: Failed to execute git
2024-09-14 21:14:59.671 [info] > git reflog main --grep-reflog=branch: Created from *. [2ms]
2024-09-14 21:14:59.676 [info] > git symbolic-ref --short refs/remotes/origin/HEAD [2ms]
2024-09-14 21:14:59.676 [info] fatal: ref refs/remotes/origin/HEAD is not a symbolic ref
2024-09-14 21:14:59.925 [info] > git show --textconv :tags.html [4ms]
2024-09-14 21:14:59.927 [info] > git ls-files --stage -- /root/repos/sample_website/tags.html [2ms]
2024-09-14 21:14:59.932 [info] > git cat-file -s 7758b3c92a05e48b0548606f0b92fea5175d3ef2 [1ms]
2024-09-14 21:15:02.014 [info] > git show --textconv :index.html [5ms]
2024-09-14 21:15:02.015 [info] > git ls-files --stage -- /root/repos/sample_website/index.html [2ms]
2024-09-14 21:15:02.021 [info] > git cat-file -s 168ac07acd562cc41e862eb9af4926c331e7f21c [2ms]
2024-09-14 21:15:03.331 [info] > git show --textconv :moby_dick.html [3ms]
2024-09-14 21:15:03.331 [info] > git ls-files --stage -- /root/repos/sample_website/moby_dick.html [1ms]
2024-09-14 21:15:03.336 [info] > git cat-file -s a445b2df735a09c18d59dff09127a16673fcdf5c [1ms]
2024-09-14 21:15:08.070 [info] > git show --textconv :moby_dick.html [4ms]
2024-09-14 21:15:08.071 [info] > git ls-files --stage -- /root/repos/sample_website/moby_dick.html [2ms]
2024-09-14 21:15:08.076 [info] > git cat-file -s a445b2df735a09c18d59dff09127a16673fcdf5c [2ms]
2024-09-14 21:15:16.059 [info] > git show --textconv :index.html [4ms]
2024-09-14 21:15:16.060 [info] > git ls-files --stage -- /root/repos/sample_website/index.html [1ms]
2024-09-14 21:15:16.065 [info] > git cat-file -s 168ac07acd562cc41e862eb9af4926c331e7f21c [2ms]
2024-09-14 21:15:16.906 [info] > git show --textconv :tags.html [4ms]
2024-09-14 21:15:16.907 [info] > git ls-files --stage -- /root/repos/sample_website/tags.html [2ms]
2024-09-14 21:15:16.911 [info] > git cat-file -s 7758b3c92a05e48b0548606f0b92fea5175d3ef2 [1ms]
2024-09-14 21:16:03.534 [info] > git show --textconv :moby_dick.html [5ms]
2024-09-14 21:16:03.535 [info] > git ls-files --stage -- /root/repos/sample_website/moby_dick.html [2ms]
2024-09-14 21:16:03.540 [info] > git cat-file -s a445b2df735a09c18d59dff09127a16673fcdf5c [2ms]
2024-09-14 21:16:10.175 [info] > git config --get commit.template [10ms]
2024-09-14 21:16:10.178 [info] > git for-each-ref --format=%(refname)%00%(upstream:short)%00%(objectname)%00%(upstream:track)%00%(upstream:remotename)%00%(upstream:remoteref) refs/heads/main refs/remotes/main [5ms]
2024-09-14 21:16:10.189 [info] > git status -z -uall [4ms]
2024-09-14 21:16:10.198 [info] > git for-each-ref --format=%(refname)%00%(upstream:short)%00%(objectname)%00%(upstream:track)%00%(upstream:remotename)%00%(upstream:remoteref) refs/heads/main refs/remotes/main [3ms]
2024-09-14 21:16:10.206 [info] > git config --local branch.main.vscode-merge-base [3ms]
2024-09-14 21:16:10.206 [warning] [Git][config] git config failed: Failed to execute git
2024-09-14 21:16:10.213 [info] > git reflog main --grep-reflog=branch: Created from *. [2ms]
2024-09-14 21:16:10.217 [info] > git symbolic-ref --short refs/remotes/origin/HEAD [2ms]
2024-09-14 21:16:10.217 [info] fatal: ref refs/remotes/origin/HEAD is not a symbolic ref
2024-09-14 21:16:12.468 [info] > git show --textconv :moby_dick.html [4ms]
2024-09-14 21:16:12.469 [info] > git ls-files --stage -- /root/repos/sample_website/moby_dick.html [2ms]
2024-09-14 21:16:12.474 [info] > git cat-file -s a445b2df735a09c18d59dff09127a16673fcdf5c [2ms]
2024-09-14 21:16:17.143 [info] > git config --get commit.template [9ms]
2024-09-14 21:16:17.145 [info] > git for-each-ref --format=%(refname)%00%(upstream:short)%00%(objectname)%00%(upstream:track)%00%(upstream:remotename)%00%(upstream:remoteref) refs/heads/main refs/remotes/main [3ms]
2024-09-14 21:16:17.157 [info] > git status -z -uall [4ms]
2024-09-14 21:16:17.169 [info] > git for-each-ref --format=%(refname)%00%(upstream:short)%00%(objectname)%00%(upstream:track)%00%(upstream:remotename)%00%(upstream:remoteref) refs/heads/main refs/remotes/main [4ms]
2024-09-14 21:16:17.175 [info] > git config --local branch.main.vscode-merge-base [2ms]
2024-09-14 21:16:17.175 [warning] [Git][config] git config failed: Failed to execute git
2024-09-14 21:16:17.183 [info] > git reflog main --grep-reflog=branch: Created from *. [3ms]
2024-09-14 21:16:17.188 [info] > git symbolic-ref --short refs/remotes/origin/HEAD [2ms]
2024-09-14 21:16:17.188 [info] fatal: ref refs/remotes/origin/HEAD is not a symbolic ref
2024-09-14 21:16:18.694 [info] > git show --textconv :moby_dick.html [4ms]
2024-09-14 21:16:18.695 [info] > git ls-files --stage -- /root/repos/sample_website/moby_dick.html [1ms]
2024-09-14 21:16:18.700 [info] > git cat-file -s a445b2df735a09c18d59dff09127a16673fcdf5c [2ms]
2024-09-14 21:17:21.881 [info] > git show --textconv :moby_dick.html [5ms]
2024-09-14 21:17:21.883 [info] > git ls-files --stage -- /root/repos/sample_website/moby_dick.html [2ms]
2024-09-14 21:17:21.889 [info] > git cat-file -s a445b2df735a09c18d59dff09127a16673fcdf5c [2ms]
2024-09-14 22:15:19.731 [info] > git config --get commit.template [10ms]
2024-09-14 22:15:19.735 [info] > git for-each-ref --format=%(refname)%00%(upstream:short)%00%(objectname)%00%(upstream:track)%00%(upstream:remotename)%00%(upstream:remoteref) refs/heads/main refs/remotes/main [6ms]
2024-09-14 22:15:19.749 [info] > git status -z -uall [5ms]
2024-09-14 22:15:19.762 [info] > git for-each-ref --format=%(refname)%00%(upstream:short)%00%(objectname)%00%(upstream:track)%00%(upstream:remotename)%00%(upstream:remoteref) refs/heads/main refs/remotes/main [4ms]
2024-09-14 22:15:19.774 [info] > git config --local branch.main.vscode-merge-base [3ms]
2024-09-14 22:15:19.774 [warning] [Git][config] git config failed: Failed to execute git
2024-09-14 22:15:19.783 [info] > git reflog main --grep-reflog=branch: Created from *. [2ms]
2024-09-14 22:15:19.788 [info] > git symbolic-ref --short refs/remotes/origin/HEAD [2ms]
2024-09-14 22:15:19.788 [info] fatal: ref refs/remotes/origin/HEAD is not a symbolic ref
2024-09-14 22:15:35.162 [info] > git show --textconv :moby_dick.html [6ms]
2024-09-14 22:15:35.163 [info] > git ls-files --stage -- /root/repos/sample_website/moby_dick.html [2ms]
2024-09-14 22:15:35.168 [info] > git cat-file -s a445b2df735a09c18d59dff09127a16673fcdf5c [2ms]
2024-09-14 22:16:06.447 [info] > git show --textconv :moby_dick.html [5ms]
2024-09-14 22:16:06.448 [info] > git ls-files --stage -- /root/repos/sample_website/moby_dick.html [2ms]
2024-09-14 22:16:06.454 [info] > git cat-file -s a445b2df735a09c18d59dff09127a16673fcdf5c [2ms]
2024-09-14 22:16:31.710 [info] > git config --get commit.template [14ms]
2024-09-14 22:16:31.714 [info] > git for-each-ref --format=%(refname)%00%(upstream:short)%00%(objectname)%00%(upstream:track)%00%(upstream:remotename)%00%(upstream:remoteref) refs/heads/main refs/remotes/main [8ms]
2024-09-14 22:16:31.728 [info] > git status -z -uall [3ms]
2024-09-14 22:16:31.741 [info] > git for-each-ref --format=%(refname)%00%(upstream:short)%00%(objectname)%00%(upstream:track)%00%(upstream:remotename)%00%(upstream:remoteref) refs/heads/main refs/remotes/main [4ms]
2024-09-14 22:16:31.751 [info] > git config --local branch.main.vscode-merge-base [3ms]
2024-09-14 22:16:31.751 [warning] [Git][config] git config failed: Failed to execute git
2024-09-14 22:16:31.758 [info] > git reflog main --grep-reflog=branch: Created from *. [3ms]
2024-09-14 22:16:31.763 [info] > git symbolic-ref --short refs/remotes/origin/HEAD [1ms]
2024-09-14 22:16:31.763 [info] fatal: ref refs/remotes/origin/HEAD is not a symbolic ref
2024-09-14 22:16:49.212 [info] > git config --get commit.template [5ms]
2024-09-14 22:16:49.213 [info] > git for-each-ref --format=%(refname)%00%(upstream:short)%00%(objectname)%00%(upstream:track)%00%(upstream:remotename)%00%(upstream:remoteref) refs/heads/main refs/remotes/main [2ms]
2024-09-14 22:16:49.219 [info] > git status -z -uall [3ms]
2024-09-14 22:16:49.225 [info] > git for-each-ref --format=%(refname)%00%(upstream:short)%00%(objectname)%00%(upstream:track)%00%(upstream:remotename)%00%(upstream:remoteref) refs/heads/main refs/remotes/main [2ms]
2024-09-14 22:16:49.233 [info] > git config --local branch.main.vscode-merge-base [3ms]
2024-09-14 22:16:49.233 [warning] [Git][config] git config failed: Failed to execute git
2024-09-14 22:16:49.239 [info] > git reflog main --grep-reflog=branch: Created from *. [2ms]
2024-09-14 22:16:49.245 [info] > git symbolic-ref --short refs/remotes/origin/HEAD [2ms]
2024-09-14 22:16:49.245 [info] fatal: ref refs/remotes/origin/HEAD is not a symbolic ref
2024-09-14 22:16:57.283 [info] > git show --textconv :moby_dick.html [9ms]
2024-09-14 22:16:57.290 [info] > git ls-files --stage -- /root/repos/sample_website/moby_dick.html [8ms]
2024-09-14 22:16:57.299 [info] > git cat-file -s a445b2df735a09c18d59dff09127a16673fcdf5c [3ms]
2024-09-14 22:17:05.723 [info] > git show --textconv :moby_dick.html [5ms]
2024-09-14 22:17:05.724 [info] > git ls-files --stage -- /root/repos/sample_website/moby_dick.html [2ms]
2024-09-14 22:17:05.729 [info] > git cat-file -s a445b2df735a09c18d59dff09127a16673fcdf5c [2ms]
2024-09-14 22:17:08.434 [info] > git config --get commit.template [5ms]
2024-09-14 22:17:08.435 [info] > git for-each-ref --format=%(refname)%00%(upstream:short)%00%(objectname)%00%(upstream:track)%00%(upstream:remotename)%00%(upstream:remoteref) refs/heads/main refs/remotes/main [2ms]
2024-09-14 22:17:08.441 [info] > git status -z -uall [2ms]
2024-09-14 22:17:08.448 [info] > git for-each-ref --format=%(refname)%00%(upstream:short)%00%(objectname)%00%(upstream:track)%00%(upstream:remotename)%00%(upstream:remoteref) refs/heads/main refs/remotes/main [3ms]
2024-09-14 22:17:08.454 [info] > git config --local branch.main.vscode-merge-base [2ms]
2024-09-14 22:17:08.454 [warning] [Git][config] git config failed: Failed to execute git
2024-09-14 22:17:08.462 [info] > git reflog main --grep-reflog=branch: Created from *. [3ms]
2024-09-14 22:17:08.467 [info] > git symbolic-ref --short refs/remotes/origin/HEAD [1ms]
2024-09-14 22:17:08.467 [info] fatal: ref refs/remotes/origin/HEAD is not a symbolic ref
2024-09-14 22:17:25.679 [info] > git show --textconv :moby_dick.html [4ms]
2024-09-14 22:17:25.680 [info] > git ls-files --stage -- /root/repos/sample_website/moby_dick.html [3ms]
2024-09-14 22:17:25.687 [info] > git cat-file -s a445b2df735a09c18d59dff09127a16673fcdf5c [2ms]
2024-09-14 22:17:26.417 [info] > git show --textconv :tags.html [6ms]
2024-09-14 22:17:26.418 [info] > git ls-files --stage -- /root/repos/sample_website/tags.html [4ms]
2024-09-14 22:17:26.422 [info] > git cat-file -s 7758b3c92a05e48b0548606f0b92fea5175d3ef2 [1ms]
2024-09-14 22:17:35.435 [info] > git show --textconv :index.html [4ms]
2024-09-14 22:17:35.436 [info] > git ls-files --stage -- /root/repos/sample_website/index.html [2ms]
2024-09-14 22:17:35.441 [info] > git cat-file -s 168ac07acd562cc41e862eb9af4926c331e7f21c [1ms]
2024-09-14 22:22:09.217 [info] > git config --get commit.template [2ms]
2024-09-14 22:22:09.222 [info] > git for-each-ref --format=%(refname)%00%(upstream:short)%00%(objectname)%00%(upstream:track)%00%(upstream:remotename)%00%(upstream:remoteref) refs/heads/main refs/remotes/main [1ms]
2024-09-14 22:22:09.230 [info] > git status -z -uall [3ms]
2024-09-14 22:22:09.237 [info] > git for-each-ref --format=%(refname)%00%(upstream:short)%00%(objectname)%00%(upstream:track)%00%(upstream:remotename)%00%(upstream:remoteref) refs/heads/main refs/remotes/main [2ms]
2024-09-14 22:22:09.244 [info] > git config --local branch.main.vscode-merge-base [2ms]
2024-09-14 22:22:09.244 [warning] [Git][config] git config failed: Failed to execute git
2024-09-14 22:22:09.250 [info] > git reflog main --grep-reflog=branch: Created from *. [2ms]
2024-09-14 22:22:09.255 [info] > git symbolic-ref --short refs/remotes/origin/HEAD [2ms]
2024-09-14 22:22:09.255 [info] fatal: ref refs/remotes/origin/HEAD is not a symbolic ref
2024-09-14 22:22:19.555 [info] > git show --textconv :moby_dick.html [6ms]
2024-09-14 22:22:19.557 [info] > git ls-files --stage -- /root/repos/sample_website/moby_dick.html [5ms]
2024-09-14 22:22:19.563 [info] > git cat-file -s a445b2df735a09c18d59dff09127a16673fcdf5c [3ms]
2024-09-14 22:22:29.770 [info] > git show --textconv :index.html [5ms]
2024-09-14 22:22:29.771 [info] > git ls-files --stage -- /root/repos/sample_website/index.html [2ms]
2024-09-14 22:22:29.776 [info] > git cat-file -s 168ac07acd562cc41e862eb9af4926c331e7f21c [2ms]
2024-09-14 22:24:51.165 [info] > git config --get commit.template [8ms]
2024-09-14 22:24:51.165 [info] > git for-each-ref --format=%(refname)%00%(upstream:short)%00%(objectname)%00%(upstream:track)%00%(upstream:remotename)%00%(upstream:remoteref) refs/heads/main refs/remotes/main [5ms]
2024-09-14 22:24:51.173 [info] > git status -z -uall [3ms]
2024-09-14 22:24:51.180 [info] > git for-each-ref --format=%(refname)%00%(upstream:short)%00%(objectname)%00%(upstream:track)%00%(upstream:remotename)%00%(upstream:remoteref) refs/heads/main refs/remotes/main [3ms]
2024-09-14 22:24:51.188 [info] > git config --local branch.main.vscode-merge-base [2ms]
2024-09-14 22:24:51.188 [warning] [Git][config] git config failed: Failed to execute git
2024-09-14 22:24:51.194 [info] > git reflog main --grep-reflog=branch: Created from *. [3ms]
2024-09-14 22:24:51.199 [info] > git symbolic-ref --short refs/remotes/origin/HEAD [1ms]
2024-09-14 22:24:51.199 [info] fatal: ref refs/remotes/origin/HEAD is not a symbolic ref
2024-09-14 22:24:51.717 [info] > git show --textconv :tags.html [4ms]
2024-09-14 22:24:51.718 [info] > git ls-files --stage -- /root/repos/sample_website/tags.html [1ms]
2024-09-14 22:24:51.723 [info] > git cat-file -s 7758b3c92a05e48b0548606f0b92fea5175d3ef2 [2ms]
2024-09-14 22:24:52.555 [info] > git show --textconv :index.html [5ms]
2024-09-14 22:24:52.556 [info] > git ls-files --stage -- /root/repos/sample_website/index.html [2ms]
2024-09-14 22:24:52.561 [info] > git cat-file -s 168ac07acd562cc41e862eb9af4926c331e7f21c [2ms]
2024-09-14 22:24:57.219 [info] > git show --textconv :index.html [4ms]
2024-09-14 22:24:57.220 [info] > git ls-files --stage -- /root/repos/sample_website/index.html [2ms]
2024-09-14 22:24:57.225 [info] > git cat-file -s 168ac07acd562cc41e862eb9af4926c331e7f21c [2ms]
2024-09-14 22:25:10.272 [info] > git config --get commit.template [9ms]
2024-09-14 22:25:10.274 [info] > git for-each-ref --format=%(refname)%00%(upstream:short)%00%(objectname)%00%(upstream:track)%00%(upstream:remotename)%00%(upstream:remoteref) refs/heads/main refs/remotes/main [4ms]
2024-09-14 22:25:10.286 [info] > git status -z -uall [4ms]
2024-09-14 22:25:10.297 [info] > git for-each-ref --format=%(refname)%00%(upstream:short)%00%(objectname)%00%(upstream:track)%00%(upstream:remotename)%00%(upstream:remoteref) refs/heads/main refs/remotes/main [3ms]
2024-09-14 22:25:10.305 [info] > git config --local branch.main.vscode-merge-base [2ms]
2024-09-14 22:25:10.305 [warning] [Git][config] git config failed: Failed to execute git
2024-09-14 22:25:10.311 [info] > git reflog main --grep-reflog=branch: Created from *. [2ms]
2024-09-14 22:25:10.315 [info] > git symbolic-ref --short refs/remotes/origin/HEAD [1ms]
2024-09-14 22:25:10.315 [info] fatal: ref refs/remotes/origin/HEAD is not a symbolic ref
2024-09-14 22:25:16.531 [info] > git config --get commit.template [4ms]
2024-09-14 22:25:16.532 [info] > git for-each-ref --format=%(refname)%00%(upstream:short)%00%(objectname)%00%(upstream:track)%00%(upstream:remotename)%00%(upstream:remoteref) refs/heads/main refs/remotes/main [2ms]
2024-09-14 22:25:16.537 [info] > git status -z -uall [2ms]
2024-09-14 22:25:16.543 [info] > git for-each-ref --format=%(refname)%00%(upstream:short)%00%(objectname)%00%(upstream:track)%00%(upstream:remotename)%00%(upstream:remoteref) refs/heads/main refs/remotes/main [2ms]
2024-09-14 22:25:16.549 [info] > git config --local branch.main.vscode-merge-base [1ms]
2024-09-14 22:25:16.549 [warning] [Git][config] git config failed: Failed to execute git
2024-09-14 22:25:16.555 [info] > git reflog main --grep-reflog=branch: Created from *. [3ms]
2024-09-14 22:25:16.559 [info] > git symbolic-ref --short refs/remotes/origin/HEAD [1ms]
2024-09-14 22:25:16.560 [info] fatal: ref refs/remotes/origin/HEAD is not a symbolic ref
2024-09-14 22:25:23.580 [info] > git config --get commit.template [4ms]
2024-09-14 22:25:23.581 [info] > git for-each-ref --format=%(refname)%00%(upstream:short)%00%(objectname)%00%(upstream:track)%00%(upstream:remotename)%00%(upstream:remoteref) refs/heads/main refs/remotes/main [1ms]
2024-09-14 22:25:23.587 [info] > git status -z -uall [2ms]
2024-09-14 22:25:23.593 [info] > git for-each-ref --format=%(refname)%00%(upstream:short)%00%(objectname)%00%(upstream:track)%00%(upstream:remotename)%00%(upstream:remoteref) refs/heads/main refs/remotes/main [2ms]
2024-09-14 22:25:23.599 [info] > git config --local branch.main.vscode-merge-base [2ms]
2024-09-14 22:25:23.599 [warning] [Git][config] git config failed: Failed to execute git
2024-09-14 22:25:23.607 [info] > git reflog main --grep-reflog=branch: Created from *. [3ms]
2024-09-14 22:25:23.613 [info] > git symbolic-ref --short refs/remotes/origin/HEAD [1ms]
2024-09-14 22:25:23.613 [info] fatal: ref refs/remotes/origin/HEAD is not a symbolic ref
2024-09-14 22:25:29.168 [info] > git show --textconv :index.html [4ms]
2024-09-14 22:25:29.170 [info] > git ls-files --stage -- /root/repos/sample_website/index.html [3ms]
2024-09-14 22:25:29.176 [info] > git cat-file -s 168ac07acd562cc41e862eb9af4926c331e7f21c [2ms]
2024-09-14 22:25:35.783 [info] > git config --get commit.template [14ms]
2024-09-14 22:25:35.787 [info] > git for-each-ref --format=%(refname)%00%(upstream:short)%00%(objectname)%00%(upstream:track)%00%(upstream:remotename)%00%(upstream:remoteref) refs/heads/main refs/remotes/main [6ms]
2024-09-14 22:25:35.805 [info] > git status -z -uall [4ms]
2024-09-14 22:25:35.818 [info] > git for-each-ref --format=%(refname)%00%(upstream:short)%00%(objectname)%00%(upstream:track)%00%(upstream:remotename)%00%(upstream:remoteref) refs/heads/main refs/remotes/main [5ms]
2024-09-14 22:25:35.829 [info] > git config --local branch.main.vscode-merge-base [3ms]
2024-09-14 22:25:35.829 [warning] [Git][config] git config failed: Failed to execute git
2024-09-14 22:25:35.838 [info] > git reflog main --grep-reflog=branch: Created from *. [2ms]
2024-09-14 22:25:35.844 [info] > git symbolic-ref --short refs/remotes/origin/HEAD [2ms]
2024-09-14 22:25:35.844 [info] fatal: ref refs/remotes/origin/HEAD is not a symbolic ref
2024-09-14 22:33:33.794 [info] > git show --textconv :moby_dick.html [6ms]
2024-09-14 22:33:33.796 [info] > git ls-files --stage -- /root/repos/sample_website/moby_dick.html [2ms]
2024-09-14 22:33:33.802 [info] > git cat-file -s a445b2df735a09c18d59dff09127a16673fcdf5c [2ms]
2024-09-14 22:33:42.332 [info] > git show --textconv :index.html [5ms]
2024-09-14 22:33:42.334 [info] > git ls-files --stage -- /root/repos/sample_website/index.html [3ms]
2024-09-14 22:33:42.341 [info] > git cat-file -s 168ac07acd562cc41e862eb9af4926c331e7f21c [2ms]
2024-09-14 22:34:53.677 [info] > git config --get commit.template [16ms]
2024-09-14 22:34:53.681 [info] > git for-each-ref --format=%(refname)%00%(upstream:short)%00%(objectname)%00%(upstream:track)%00%(upstream:remotename)%00%(upstream:remoteref) refs/heads/main refs/remotes/main [7ms]
2024-09-14 22:34:53.691 [info] > git status -z -uall [3ms]
2024-09-14 22:34:53.702 [info] > git for-each-ref --format=%(refname)%00%(upstream:short)%00%(objectname)%00%(upstream:track)%00%(upstream:remotename)%00%(upstream:remoteref) refs/heads/main refs/remotes/main [3ms]
2024-09-14 22:34:53.711 [info] > git config --local branch.main.vscode-merge-base [2ms]
2024-09-14 22:34:53.712 [warning] [Git][config] git config failed: Failed to execute git
2024-09-14 22:34:53.717 [info] > git reflog main --grep-reflog=branch: Created from *. [2ms]
2024-09-14 22:34:53.722 [info] > git symbolic-ref --short refs/remotes/origin/HEAD [2ms]
2024-09-14 22:34:53.722 [info] fatal: ref refs/remotes/origin/HEAD is not a symbolic ref
2024-09-14 22:35:14.992 [info] > git config --get commit.template [10ms]
2024-09-14 22:35:14.994 [info] > git for-each-ref --format=%(refname)%00%(upstream:short)%00%(objectname)%00%(upstream:track)%00%(upstream:remotename)%00%(upstream:remoteref) refs/heads/main refs/remotes/main [6ms]
2024-09-14 22:35:15.006 [info] > git status -z -uall [4ms]
2024-09-14 22:35:15.015 [info] > git for-each-ref --format=%(refname)%00%(upstream:short)%00%(objectname)%00%(upstream:track)%00%(upstream:remotename)%00%(upstream:remoteref) refs/heads/main refs/remotes/main [2ms]
2024-09-14 22:35:15.021 [info] > git config --local branch.main.vscode-merge-base [1ms]
2024-09-14 22:35:15.022 [warning] [Git][config] git config failed: Failed to execute git
2024-09-14 22:35:15.029 [info] > git reflog main --grep-reflog=branch: Created from *. [2ms]
2024-09-14 22:35:15.035 [info] > git symbolic-ref --short refs/remotes/origin/HEAD [2ms]
2024-09-14 22:35:15.035 [info] fatal: ref refs/remotes/origin/HEAD is not a symbolic ref
2024-09-14 22:35:25.781 [info] > git show --textconv :index.html [3ms]
2024-09-14 22:35:25.782 [info] > git ls-files --stage -- /root/repos/sample_website/index.html [2ms]
2024-09-14 22:35:25.787 [info] > git cat-file -s 168ac07acd562cc41e862eb9af4926c331e7f21c [2ms]
2024-09-14 22:35:49.416 [info] > git config --get commit.template [7ms]
2024-09-14 22:35:49.418 [info] > git for-each-ref --format=%(refname)%00%(upstream:short)%00%(objectname)%00%(upstream:track)%00%(upstream:remotename)%00%(upstream:remoteref) refs/heads/main refs/remotes/main [3ms]
2024-09-14 22:35:49.424 [info] > git status -z -uall [2ms]
2024-09-14 22:35:49.430 [info] > git for-each-ref --format=%(refname)%00%(upstream:short)%00%(objectname)%00%(upstream:track)%00%(upstream:remotename)%00%(upstream:remoteref) refs/heads/main refs/remotes/main [2ms]
2024-09-14 22:35:49.436 [info] > git config --local branch.main.vscode-merge-base [1ms]
2024-09-14 22:35:49.436 [warning] [Git][config] git config failed: Failed to execute git
2024-09-14 22:35:49.442 [info] > git reflog main --grep-reflog=branch: Created from *. [2ms]
2024-09-14 22:35:49.448 [info] > git symbolic-ref --short refs/remotes/origin/HEAD [1ms]
2024-09-14 22:35:49.448 [info] fatal: ref refs/remotes/origin/HEAD is not a symbolic ref
2024-09-14 22:35:53.892 [info] > git show --textconv :index.html [11ms]
2024-09-14 22:35:53.898 [info] > git ls-files --stage -- /root/repos/sample_website/index.html [7ms]
2024-09-14 22:35:53.907 [info] > git cat-file -s 168ac07acd562cc41e862eb9af4926c331e7f21c [0ms]
2024-09-14 22:35:56.808 [info] > git show --textconv :tags.html [5ms]
2024-09-14 22:35:56.809 [info] > git ls-files --stage -- /root/repos/sample_website/tags.html [2ms]
2024-09-14 22:35:56.814 [info] > git cat-file -s 7758b3c92a05e48b0548606f0b92fea5175d3ef2 [1ms]
2024-09-14 22:36:21.103 [info] > git config --get commit.template [15ms]
2024-09-14 22:36:21.105 [info] > git for-each-ref --format=%(refname)%00%(upstream:short)%00%(objectname)%00%(upstream:track)%00%(upstream:remotename)%00%(upstream:remoteref) refs/heads/main refs/remotes/main [5ms]
2024-09-14 22:36:21.121 [info] > git status -z -uall [5ms]
2024-09-14 22:36:21.132 [info] > git for-each-ref --format=%(refname)%00%(upstream:short)%00%(objectname)%00%(upstream:track)%00%(upstream:remotename)%00%(upstream:remoteref) refs/heads/main refs/remotes/main [2ms]
2024-09-14 22:36:21.137 [info] > git config --local branch.main.vscode-merge-base [1ms]
2024-09-14 22:36:21.138 [warning] [Git][config] git config failed: Failed to execute git
2024-09-14 22:36:21.144 [info] > git reflog main --grep-reflog=branch: Created from *. [2ms]
2024-09-14 22:36:21.149 [info] > git symbolic-ref --short refs/remotes/origin/HEAD [2ms]
2024-09-14 22:36:21.149 [info] fatal: ref refs/remotes/origin/HEAD is not a symbolic ref
2024-09-14 22:36:35.313 [info] > git config --get commit.template [6ms]
2024-09-14 22:36:35.314 [info] > git for-each-ref --format=%(refname)%00%(upstream:short)%00%(objectname)%00%(upstream:track)%00%(upstream:remotename)%00%(upstream:remoteref) refs/heads/main refs/remotes/main [2ms]
2024-09-14 22:36:35.322 [info] > git status -z -uall [3ms]
2024-09-14 22:36:35.329 [info] > git for-each-ref --format=%(refname)%00%(upstream:short)%00%(objectname)%00%(upstream:track)%00%(upstream:remotename)%00%(upstream:remoteref) refs/heads/main refs/remotes/main [2ms]
2024-09-14 22:36:35.335 [info] > git config --local branch.main.vscode-merge-base [2ms]
2024-09-14 22:36:35.335 [warning] [Git][config] git config failed: Failed to execute git
2024-09-14 22:36:35.342 [info] > git reflog main --grep-reflog=branch: Created from *. [2ms]
2024-09-14 22:36:35.348 [info] > git symbolic-ref --short refs/remotes/origin/HEAD [2ms]
2024-09-14 22:36:35.348 [info] fatal: ref refs/remotes/origin/HEAD is not a symbolic ref
2024-09-14 22:37:19.781 [info] > git config --get commit.template [10ms]
2024-09-14 22:37:19.782 [info] > git for-each-ref --format=%(refname)%00%(upstream:short)%00%(objectname)%00%(upstream:track)%00%(upstream:remotename)%00%(upstream:remoteref) refs/heads/main refs/remotes/main [4ms]
2024-09-14 22:37:19.791 [info] > git status -z -uall [3ms]
2024-09-14 22:37:19.800 [info] > git for-each-ref --format=%(refname)%00%(upstream:short)%00%(objectname)%00%(upstream:track)%00%(upstream:remotename)%00%(upstream:remoteref) refs/heads/main refs/remotes/main [3ms]
2024-09-14 22:37:19.809 [info] > git config --local branch.main.vscode-merge-base [3ms]
2024-09-14 22:37:19.809 [warning] [Git][config] git config failed: Failed to execute git
2024-09-14 22:37:19.816 [info] > git reflog main --grep-reflog=branch: Created from *. [3ms]
2024-09-14 22:37:19.821 [info] > git symbolic-ref --short refs/remotes/origin/HEAD [2ms]
2024-09-14 22:37:19.821 [info] fatal: ref refs/remotes/origin/HEAD is not a symbolic ref
2024-09-14 22:37:43.537 [info] > git config --get commit.template [8ms]
2024-09-14 22:37:43.539 [info] > git for-each-ref --format=%(refname)%00%(upstream:short)%00%(objectname)%00%(upstream:track)%00%(upstream:remotename)%00%(upstream:remoteref) refs/heads/main refs/remotes/main [4ms]
2024-09-14 22:37:43.546 [info] > git status -z -uall [2ms]
2024-09-14 22:37:43.552 [info] > git for-each-ref --format=%(refname)%00%(upstream:short)%00%(objectname)%00%(upstream:track)%00%(upstream:remotename)%00%(upstream:remoteref) refs/heads/main refs/remotes/main [2ms]
2024-09-14 22:37:43.559 [info] > git config --local branch.main.vscode-merge-base [1ms]
2024-09-14 22:37:43.559 [warning] [Git][config] git config failed: Failed to execute git
2024-09-14 22:37:43.566 [info] > git reflog main --grep-reflog=branch: Created from *. [2ms]
2024-09-14 22:37:43.571 [info] > git symbolic-ref --short refs/remotes/origin/HEAD [1ms]
2024-09-14 22:37:43.571 [info] fatal: ref refs/remotes/origin/HEAD is not a symbolic ref
2024-09-14 22:37:48.576 [info] > git config --get commit.template [11ms]
2024-09-14 22:37:48.578 [info] > git for-each-ref --format=%(refname)%00%(upstream:short)%00%(objectname)%00%(upstream:track)%00%(upstream:remotename)%00%(upstream:remoteref) refs/heads/main refs/remotes/main [3ms]
2024-09-14 22:37:48.592 [info] > git status -z -uall [5ms]
2024-09-14 22:37:48.610 [info] > git for-each-ref --format=%(refname)%00%(upstream:short)%00%(objectname)%00%(upstream:track)%00%(upstream:remotename)%00%(upstream:remoteref) refs/heads/main refs/remotes/main [6ms]
2024-09-14 22:37:48.617 [info] > git config --local branch.main.vscode-merge-base [2ms]
2024-09-14 22:37:48.617 [warning] [Git][config] git config failed: Failed to execute git
2024-09-14 22:37:48.624 [info] > git reflog main --grep-reflog=branch: Created from *. [2ms]
2024-09-14 22:37:48.629 [info] > git symbolic-ref --short refs/remotes/origin/HEAD [2ms]
2024-09-14 22:37:48.629 [info] fatal: ref refs/remotes/origin/HEAD is not a symbolic ref
2024-09-14 22:37:51.671 [info] > git show --textconv :index.html [6ms]
2024-09-14 22:37:51.672 [info] > git ls-files --stage -- /root/repos/sample_website/index.html [4ms]
2024-09-14 22:37:51.677 [info] > git cat-file -s 168ac07acd562cc41e862eb9af4926c331e7f21c [1ms]
2024-09-14 22:37:53.511 [info] > git show --textconv :tags.html [9ms]
2024-09-14 22:37:53.512 [info] > git ls-files --stage -- /root/repos/sample_website/tags.html [6ms]
2024-09-14 22:37:53.520 [info] > git cat-file -s 7758b3c92a05e48b0548606f0b92fea5175d3ef2 [3ms]
2024-09-14 22:37:56.069 [info] > git config --get commit.template [6ms]
2024-09-14 22:37:56.070 [info] > git for-each-ref --format=%(refname)%00%(upstream:short)%00%(objectname)%00%(upstream:track)%00%(upstream:remotename)%00%(upstream:remoteref) refs/heads/main refs/remotes/main [3ms]
2024-09-14 22:37:56.076 [info] > git status -z -uall [2ms]
2024-09-14 22:37:56.083 [info] > git for-each-ref --format=%(refname)%00%(upstream:short)%00%(objectname)%00%(upstream:track)%00%(upstream:remotename)%00%(upstream:remoteref) refs/heads/main refs/remotes/main [1ms]
2024-09-14 22:37:56.089 [info] > git config --local branch.main.vscode-merge-base [1ms]
2024-09-14 22:37:56.090 [warning] [Git][config] git config failed: Failed to execute git
2024-09-14 22:37:56.096 [info] > git reflog main --grep-reflog=branch: Created from *. [2ms]
2024-09-14 22:37:56.101 [info] > git symbolic-ref --short refs/remotes/origin/HEAD [2ms]
2024-09-14 22:37:56.101 [info] fatal: ref refs/remotes/origin/HEAD is not a symbolic ref
2024-09-14 22:37:56.357 [info] > git show --textconv :moby_dick.html [5ms]
2024-09-14 22:37:56.358 [info] > git ls-files --stage -- /root/repos/sample_website/moby_dick.html [2ms]
2024-09-14 22:37:56.365 [info] > git cat-file -s a445b2df735a09c18d59dff09127a16673fcdf5c [2ms]
2024-09-14 22:38:42.183 [info] > git config --get commit.template [9ms]
2024-09-14 22:38:42.184 [info] > git for-each-ref --format=%(refname)%00%(upstream:short)%00%(objectname)%00%(upstream:track)%00%(upstream:remotename)%00%(upstream:remoteref) refs/heads/main refs/remotes/main [3ms]
2024-09-14 22:38:42.193 [info] > git status -z -uall [1ms]
2024-09-14 22:38:42.200 [info] > git for-each-ref --format=%(refname)%00%(upstream:short)%00%(objectname)%00%(upstream:track)%00%(upstream:remotename)%00%(upstream:remoteref) refs/heads/main refs/remotes/main [2ms]
2024-09-14 22:38:42.207 [info] > git config --local branch.main.vscode-merge-base [2ms]
2024-09-14 22:38:42.207 [warning] [Git][config] git config failed: Failed to execute git
2024-09-14 22:38:42.214 [info] > git reflog main --grep-reflog=branch: Created from *. [3ms]
2024-09-14 22:38:42.219 [info] > git symbolic-ref --short refs/remotes/origin/HEAD [1ms]
2024-09-14 22:38:42.219 [info] fatal: ref refs/remotes/origin/HEAD is not a symbolic ref
2024-09-14 22:38:59.332 [info] > git config --get commit.template [6ms]
2024-09-14 22:38:59.332 [info] > git for-each-ref --format=%(refname)%00%(upstream:short)%00%(objectname)%00%(upstream:track)%00%(upstream:remotename)%00%(upstream:remoteref) refs/heads/main refs/remotes/main [2ms]
2024-09-14 22:38:59.338 [info] > git status -z -uall [2ms]
2024-09-14 22:38:59.345 [info] > git for-each-ref --format=%(refname)%00%(upstream:short)%00%(objectname)%00%(upstream:track)%00%(upstream:remotename)%00%(upstream:remoteref) refs/heads/main refs/remotes/main [2ms]
2024-09-14 22:38:59.351 [info] > git config --local branch.main.vscode-merge-base [1ms]
2024-09-14 22:38:59.351 [warning] [Git][config] git config failed: Failed to execute git
2024-09-14 22:38:59.357 [info] > git reflog main --grep-reflog=branch: Created from *. [2ms]
2024-09-14 22:38:59.361 [info] > git symbolic-ref --short refs/remotes/origin/HEAD [1ms]
2024-09-14 22:38:59.361 [info] fatal: ref refs/remotes/origin/HEAD is not a symbolic ref
2024-09-14 23:01:15.556 [info] > git show --textconv :tags.html [6ms]
2024-09-14 23:01:15.557 [info] > git ls-files --stage -- /root/repos/sample_website/tags.html [3ms]
2024-09-14 23:01:15.562 [info] > git cat-file -s 7758b3c92a05e48b0548606f0b92fea5175d3ef2 [1ms]
2024-09-14 23:01:29.958 [info] > git config --get commit.template [6ms]
2024-09-14 23:01:29.960 [info] > git for-each-ref --format=%(refname)%00%(upstream:short)%00%(objectname)%00%(upstream:track)%00%(upstream:remotename)%00%(upstream:remoteref) refs/heads/main refs/remotes/main [2ms]
2024-09-14 23:01:29.967 [info] > git status -z -uall [3ms]
2024-09-14 23:01:29.975 [info] > git for-each-ref --format=%(refname)%00%(upstream:short)%00%(objectname)%00%(upstream:track)%00%(upstream:remotename)%00%(upstream:remoteref) refs/heads/main refs/remotes/main [3ms]
2024-09-14 23:01:29.982 [info] > git config --local branch.main.vscode-merge-base [1ms]
2024-09-14 23:01:29.982 [warning] [Git][config] git config failed: Failed to execute git
2024-09-14 23:01:29.989 [info] > git reflog main --grep-reflog=branch: Created from *. [3ms]
2024-09-14 23:01:29.994 [info] > git symbolic-ref --short refs/remotes/origin/HEAD [2ms]
2024-09-14 23:01:29.994 [info] fatal: ref refs/remotes/origin/HEAD is not a symbolic ref
2024-09-14 23:01:34.204 [info] > git show --textconv :tags.html [4ms]
2024-09-14 23:01:34.206 [info] > git ls-files --stage -- /root/repos/sample_website/tags.html [2ms]
2024-09-14 23:01:34.211 [info] > git cat-file -s 7758b3c92a05e48b0548606f0b92fea5175d3ef2 [1ms]
2024-09-14 23:01:47.990 [info] > git config --get commit.template [4ms]
2024-09-14 23:01:47.990 [info] > git for-each-ref --format=%(refname)%00%(upstream:short)%00%(objectname)%00%(upstream:track)%00%(upstream:remotename)%00%(upstream:remoteref) refs/heads/main refs/remotes/main [1ms]
2024-09-14 23:01:47.997 [info] > git status -z -uall [2ms]
2024-09-14 23:01:48.004 [info] > git for-each-ref --format=%(refname)%00%(upstream:short)%00%(objectname)%00%(upstream:track)%00%(upstream:remotename)%00%(upstream:remoteref) refs/heads/main refs/remotes/main [3ms]
2024-09-14 23:01:48.010 [info] > git config --local branch.main.vscode-merge-base [2ms]
2024-09-14 23:01:48.011 [warning] [Git][config] git config failed: Failed to execute git
2024-09-14 23:01:48.016 [info] > git reflog main --grep-reflog=branch: Created from *. [2ms]
2024-09-14 23:01:48.021 [info] > git symbolic-ref --short refs/remotes/origin/HEAD [1ms]
2024-09-14 23:01:48.021 [info] fatal: ref refs/remotes/origin/HEAD is not a symbolic ref
2024-09-14 23:01:54.611 [info] > git show --textconv :tags.html [5ms]
2024-09-14 23:01:54.613 [info] > git ls-files --stage -- /root/repos/sample_website/tags.html [3ms]
2024-09-14 23:01:54.618 [info] > git cat-file -s 7758b3c92a05e48b0548606f0b92fea5175d3ef2 [2ms]
2024-09-14 23:01:57.387 [info] > git show --textconv :tags.html [15ms]
2024-09-14 23:01:57.391 [info] > git ls-files --stage -- /root/repos/sample_website/tags.html [7ms]
2024-09-14 23:01:57.404 [info] > git cat-file -s 7758b3c92a05e48b0548606f0b92fea5175d3ef2 [3ms]
2024-09-14 23:02:03.353 [info] > git show --textconv :tags.html [6ms]
2024-09-14 23:02:03.355 [info] > git ls-files --stage -- /root/repos/sample_website/tags.html [3ms]
2024-09-14 23:02:03.367 [info] > git cat-file -s 7758b3c92a05e48b0548606f0b92fea5175d3ef2 [8ms]
2024-09-14 23:02:09.050 [info] > git show --textconv :tags.html [5ms]
2024-09-14 23:02:09.051 [info] > git ls-files --stage -- /root/repos/sample_website/tags.html [2ms]
2024-09-14 23:02:09.056 [info] > git cat-file -s 7758b3c92a05e48b0548606f0b92fea5175d3ef2 [2ms]
2024-09-14 23:02:13.456 [info] > git config --get commit.template [6ms]
2024-09-14 23:02:13.457 [info] > git for-each-ref --format=%(refname)%00%(upstream:short)%00%(objectname)%00%(upstream:track)%00%(upstream:remotename)%00%(upstream:remoteref) refs/heads/main refs/remotes/main [2ms]
2024-09-14 23:02:13.464 [info] > git status -z -uall [3ms]
2024-09-14 23:02:13.475 [info] > git for-each-ref --format=%(refname)%00%(upstream:short)%00%(objectname)%00%(upstream:track)%00%(upstream:remotename)%00%(upstream:remoteref) refs/heads/main refs/remotes/main [3ms]
2024-09-14 23:02:13.489 [info] > git config --local branch.main.vscode-merge-base [6ms]
2024-09-14 23:02:13.489 [warning] [Git][config] git config failed: Failed to execute git
2024-09-14 23:02:13.496 [info] > git reflog main --grep-reflog=branch: Created from *. [2ms]
2024-09-14 23:02:13.501 [info] > git symbolic-ref --short refs/remotes/origin/HEAD [1ms]
2024-09-14 23:02:13.501 [info] fatal: ref refs/remotes/origin/HEAD is not a symbolic ref
2024-09-14 23:02:19.315 [info] > git show --textconv :tags.html [4ms]
2024-09-14 23:02:19.317 [info] > git ls-files --stage -- /root/repos/sample_website/tags.html [2ms]
2024-09-14 23:02:19.322 [info] > git cat-file -s 7758b3c92a05e48b0548606f0b92fea5175d3ef2 [2ms]
2024-09-14 23:03:35.593 [info] > git show --textconv :index.html [6ms]
2024-09-14 23:03:35.595 [info] > git ls-files --stage -- /root/repos/sample_website/index.html [3ms]
2024-09-14 23:03:35.601 [info] > git cat-file -s 168ac07acd562cc41e862eb9af4926c331e7f21c [2ms]
2024-09-14 23:03:37.426 [info] > git show --textconv :moby_dick.html [4ms]
2024-09-14 23:03:37.427 [info] > git ls-files --stage -- /root/repos/sample_website/moby_dick.html [2ms]
2024-09-14 23:03:37.432 [info] > git cat-file -s a445b2df735a09c18d59dff09127a16673fcdf5c [1ms]
2024-09-14 23:03:38.455 [info] > git show --textconv :index.html [4ms]
2024-09-14 23:03:38.456 [info] > git ls-files --stage -- /root/repos/sample_website/index.html [2ms]
2024-09-14 23:03:38.461 [info] > git cat-file -s 168ac07acd562cc41e862eb9af4926c331e7f21c [1ms]
2024-09-14 23:03:39.448 [info] > git show --textconv :moby_dick.html [3ms]
2024-09-14 23:03:39.450 [info] > git ls-files --stage -- /root/repos/sample_website/moby_dick.html [3ms]
2024-09-14 23:03:39.455 [info] > git cat-file -s a445b2df735a09c18d59dff09127a16673fcdf5c [2ms]
2024-09-14 23:03:43.475 [info] > git show --textconv :index.html [4ms]
2024-09-14 23:03:43.476 [info] > git ls-files --stage -- /root/repos/sample_website/index.html [2ms]
2024-09-14 23:03:43.482 [info] > git cat-file -s 168ac07acd562cc41e862eb9af4926c331e7f21c [1ms]
2024-09-14 23:03:52.480 [info] > git show --textconv :moby_dick.html [8ms]
2024-09-14 23:03:52.490 [info] > git ls-files --stage -- /root/repos/sample_website/moby_dick.html [12ms]
2024-09-14 23:03:52.499 [info] > git cat-file -s a445b2df735a09c18d59dff09127a16673fcdf5c [3ms]
2024-09-14 23:07:51.435 [info] > git config --get commit.template [14ms]
2024-09-14 23:07:51.437 [info] > git for-each-ref --format=%(refname)%00%(upstream:short)%00%(objectname)%00%(upstream:track)%00%(upstream:remotename)%00%(upstream:remoteref) refs/heads/main refs/remotes/main [3ms]
2024-09-14 23:07:51.449 [info] > git status -z -uall [4ms]
2024-09-14 23:07:51.461 [info] > git for-each-ref --format=%(refname)%00%(upstream:short)%00%(objectname)%00%(upstream:track)%00%(upstream:remotename)%00%(upstream:remoteref) refs/heads/main refs/remotes/main [2ms]
2024-09-14 23:07:51.467 [info] > git config --local branch.main.vscode-merge-base [1ms]
2024-09-14 23:07:51.467 [warning] [Git][config] git config failed: Failed to execute git
2024-09-14 23:07:51.474 [info] > git reflog main --grep-reflog=branch: Created from *. [3ms]
2024-09-14 23:07:51.479 [info] > git symbolic-ref --short refs/remotes/origin/HEAD [2ms]
2024-09-14 23:07:51.479 [info] fatal: ref refs/remotes/origin/HEAD is not a symbolic ref
2024-09-14 23:08:14.607 [info] > git config --get commit.template [5ms]
2024-09-14 23:08:14.608 [info] > git for-each-ref --format=%(refname)%00%(upstream:short)%00%(objectname)%00%(upstream:track)%00%(upstream:remotename)%00%(upstream:remoteref) refs/heads/main refs/remotes/main [2ms]
2024-09-14 23:08:14.615 [info] > git status -z -uall [1ms]
2024-09-14 23:08:14.621 [info] > git for-each-ref --format=%(refname)%00%(upstream:short)%00%(objectname)%00%(upstream:track)%00%(upstream:remotename)%00%(upstream:remoteref) refs/heads/main refs/remotes/main [2ms]
2024-09-14 23:08:14.628 [info] > git config --local branch.main.vscode-merge-base [2ms]
2024-09-14 23:08:14.628 [warning] [Git][config] git config failed: Failed to execute git
2024-09-14 23:08:14.634 [info] > git reflog main --grep-reflog=branch: Created from *. [2ms]
2024-09-14 23:08:14.639 [info] > git symbolic-ref --short refs/remotes/origin/HEAD [1ms]
2024-09-14 23:08:14.639 [info] fatal: ref refs/remotes/origin/HEAD is not a symbolic ref
2024-09-14 23:08:19.139 [info] > git show --textconv :moby_dick.html [7ms]
2024-09-14 23:08:19.141 [info] > git ls-files --stage -- /root/repos/sample_website/moby_dick.html [3ms]
2024-09-14 23:08:19.147 [info] > git cat-file -s a445b2df735a09c18d59dff09127a16673fcdf5c [2ms]
2024-09-14 23:08:33.390 [info] > git config --get commit.template [5ms]
2024-09-14 23:08:33.391 [info] > git for-each-ref --format=%(refname)%00%(upstream:short)%00%(objectname)%00%(upstream:track)%00%(upstream:remotename)%00%(upstream:remoteref) refs/heads/main refs/remotes/main [2ms]
2024-09-14 23:08:33.397 [info] > git status -z -uall [2ms]
2024-09-14 23:08:33.404 [info] > git for-each-ref --format=%(refname)%00%(upstream:short)%00%(objectname)%00%(upstream:track)%00%(upstream:remotename)%00%(upstream:remoteref) refs/heads/main refs/remotes/main [2ms]
2024-09-14 23:08:33.411 [info] > git config --local branch.main.vscode-merge-base [2ms]
2024-09-14 23:08:33.411 [warning] [Git][config] git config failed: Failed to execute git
2024-09-14 23:08:33.419 [info] > git reflog main --grep-reflog=branch: Created from *. [3ms]
2024-09-14 23:08:33.426 [info] > git symbolic-ref --short refs/remotes/origin/HEAD [3ms]
2024-09-14 23:08:33.426 [info] fatal: ref refs/remotes/origin/HEAD is not a symbolic ref
2024-09-14 23:08:37.452 [info] > git show --textconv :moby_dick.html [4ms]
2024-09-14 23:08:37.453 [info] > git ls-files --stage -- /root/repos/sample_website/moby_dick.html [2ms]
2024-09-14 23:08:37.460 [info] > git cat-file -s a445b2df735a09c18d59dff09127a16673fcdf5c [3ms]
2024-09-14 23:08:38.416 [info] > git config --get commit.template [6ms]
2024-09-14 23:08:38.417 [info] > git for-each-ref --format=%(refname)%00%(upstream:short)%00%(objectname)%00%(upstream:track)%00%(upstream:remotename)%00%(upstream:remoteref) refs/heads/main refs/remotes/main [2ms]
2024-09-14 23:08:38.424 [info] > git status -z -uall [1ms]
2024-09-14 23:08:38.431 [info] > git for-each-ref --format=%(refname)%00%(upstream:short)%00%(objectname)%00%(upstream:track)%00%(upstream:remotename)%00%(upstream:remoteref) refs/heads/main refs/remotes/main [3ms]
2024-09-14 23:08:38.438 [info] > git config --local branch.main.vscode-merge-base [1ms]
2024-09-14 23:08:38.438 [warning] [Git][config] git config failed: Failed to execute git
2024-09-14 23:08:38.446 [info] > git reflog main --grep-reflog=branch: Created from *. [3ms]
2024-09-14 23:08:38.452 [info] > git symbolic-ref --short refs/remotes/origin/HEAD [2ms]
2024-09-14 23:08:38.452 [info] fatal: ref refs/remotes/origin/HEAD is not a symbolic ref
2024-09-14 23:08:39.699 [info] > git show --textconv :index.html [8ms]
2024-09-14 23:08:39.701 [info] > git ls-files --stage -- /root/repos/sample_website/index.html [5ms]
2024-09-14 23:08:39.709 [info] > git cat-file -s 168ac07acd562cc41e862eb9af4926c331e7f21c [3ms]
2024-09-14 23:09:24.200 [info] > git config --get commit.template [10ms]
2024-09-14 23:09:24.202 [info] > git for-each-ref --format=%(refname)%00%(upstream:short)%00%(objectname)%00%(upstream:track)%00%(upstream:remotename)%00%(upstream:remoteref) refs/heads/main refs/remotes/main [4ms]
2024-09-14 23:09:24.215 [info] > git status -z -uall [4ms]
2024-09-14 23:09:24.224 [info] > git for-each-ref --format=%(refname)%00%(upstream:short)%00%(objectname)%00%(upstream:track)%00%(upstream:remotename)%00%(upstream:remoteref) refs/heads/main refs/remotes/main [2ms]
2024-09-14 23:09:24.230 [info] > git config --local branch.main.vscode-merge-base [2ms]
2024-09-14 23:09:24.230 [warning] [Git][config] git config failed: Failed to execute git
2024-09-14 23:09:24.236 [info] > git reflog main --grep-reflog=branch: Created from *. [2ms]
2024-09-14 23:09:24.241 [info] > git symbolic-ref --short refs/remotes/origin/HEAD [1ms]
2024-09-14 23:09:24.241 [info] fatal: ref refs/remotes/origin/HEAD is not a symbolic ref
2024-09-14 23:09:28.938 [info] > git show --textconv :tags.html [4ms]
2024-09-14 23:09:28.940 [info] > git ls-files --stage -- /root/repos/sample_website/tags.html [2ms]
2024-09-14 23:09:28.945 [info] > git cat-file -s 7758b3c92a05e48b0548606f0b92fea5175d3ef2 [1ms]
2024-09-14 23:09:33.279 [info] > git show --textconv :tags.html [5ms]
2024-09-14 23:09:33.280 [info] > git ls-files --stage -- /root/repos/sample_website/tags.html [2ms]
2024-09-14 23:09:33.286 [info] > git cat-file -s 7758b3c92a05e48b0548606f0b92fea5175d3ef2 [2ms]
2024-09-14 23:10:45.650 [info] > git config --get commit.template [14ms]
2024-09-14 23:10:45.654 [info] > git for-each-ref --format=%(refname)%00%(upstream:short)%00%(objectname)%00%(upstream:track)%00%(upstream:remotename)%00%(upstream:remoteref) refs/heads/main refs/remotes/main [7ms]
2024-09-14 23:10:45.672 [info] > git status -z -uall [5ms]
2024-09-14 23:10:45.684 [info] > git for-each-ref --format=%(refname)%00%(upstream:short)%00%(objectname)%00%(upstream:track)%00%(upstream:remotename)%00%(upstream:remoteref) refs/heads/main refs/remotes/main [4ms]
2024-09-14 23:10:45.695 [info] > git config --local branch.main.vscode-merge-base [4ms]
2024-09-14 23:10:45.695 [warning] [Git][config] git config failed: Failed to execute git
2024-09-14 23:10:45.703 [info] > git reflog main --grep-reflog=branch: Created from *. [2ms]
2024-09-14 23:10:45.707 [info] > git symbolic-ref --short refs/remotes/origin/HEAD [2ms]
2024-09-14 23:10:45.707 [info] fatal: ref refs/remotes/origin/HEAD is not a symbolic ref
2024-09-14 23:10:50.691 [info] > git config --get commit.template [4ms]
2024-09-14 23:10:50.692 [info] > git for-each-ref --format=%(refname)%00%(upstream:short)%00%(objectname)%00%(upstream:track)%00%(upstream:remotename)%00%(upstream:remoteref) refs/heads/main refs/remotes/main [2ms]
2024-09-14 23:10:50.698 [info] > git status -z -uall [2ms]
2024-09-14 23:10:50.704 [info] > git for-each-ref --format=%(refname)%00%(upstream:short)%00%(objectname)%00%(upstream:track)%00%(upstream:remotename)%00%(upstream:remoteref) refs/heads/main refs/remotes/main [2ms]
2024-09-14 23:10:50.709 [info] > git config --local branch.main.vscode-merge-base [2ms]
2024-09-14 23:10:50.710 [warning] [Git][config] git config failed: Failed to execute git
2024-09-14 23:10:50.715 [info] > git reflog main --grep-reflog=branch: Created from *. [2ms]
2024-09-14 23:10:50.720 [info] > git symbolic-ref --short refs/remotes/origin/HEAD [2ms]
2024-09-14 23:10:50.720 [info] fatal: ref refs/remotes/origin/HEAD is not a symbolic ref
2024-09-14 23:11:10.477 [info] > git show --textconv :index.html [4ms]
2024-09-14 23:11:10.478 [info] > git ls-files --stage -- /root/repos/sample_website/index.html [2ms]
2024-09-14 23:11:10.483 [info] > git cat-file -s 168ac07acd562cc41e862eb9af4926c331e7f21c [2ms]
2024-09-14 23:11:17.118 [info] > git show --textconv :tags.html [5ms]
2024-09-14 23:11:17.120 [info] > git ls-files --stage -- /root/repos/sample_website/tags.html [3ms]
2024-09-14 23:11:17.126 [info] > git cat-file -s 7758b3c92a05e48b0548606f0b92fea5175d3ef2 [3ms]
2024-09-14 23:11:40.000 [info] > git config --get commit.template [4ms]
2024-09-14 23:11:40.001 [info] > git for-each-ref --format=%(refname)%00%(upstream:short)%00%(objectname)%00%(upstream:track)%00%(upstream:remotename)%00%(upstream:remoteref) refs/heads/main refs/remotes/main [1ms]
2024-09-14 23:11:40.007 [info] > git status -z -uall [2ms]
2024-09-14 23:11:40.015 [info] > git for-each-ref --format=%(refname)%00%(upstream:short)%00%(objectname)%00%(upstream:track)%00%(upstream:remotename)%00%(upstream:remoteref) refs/heads/main refs/remotes/main [3ms]
2024-09-14 23:11:40.022 [info] > git config --local branch.main.vscode-merge-base [2ms]
2024-09-14 23:11:40.022 [warning] [Git][config] git config failed: Failed to execute git
2024-09-14 23:11:40.029 [info] > git reflog main --grep-reflog=branch: Created from *. [3ms]
2024-09-14 23:11:40.033 [info] > git symbolic-ref --short refs/remotes/origin/HEAD [1ms]
2024-09-14 23:11:40.033 [info] fatal: ref refs/remotes/origin/HEAD is not a symbolic ref
2024-09-14 23:11:42.812 [info] > git show --textconv :tags.html [5ms]
2024-09-14 23:11:42.813 [info] > git ls-files --stage -- /root/repos/sample_website/tags.html [2ms]
2024-09-14 23:11:42.819 [info] > git cat-file -s 7758b3c92a05e48b0548606f0b92fea5175d3ef2 [2ms]
2024-09-14 23:11:50.898 [info] > git config --get commit.template [4ms]
2024-09-14 23:11:50.898 [info] > git for-each-ref --format=%(refname)%00%(upstream:short)%00%(objectname)%00%(upstream:track)%00%(upstream:remotename)%00%(upstream:remoteref) refs/heads/main refs/remotes/main [1ms]
2024-09-14 23:11:50.905 [info] > git status -z -uall [2ms]
2024-09-14 23:11:50.910 [info] > git for-each-ref --format=%(refname)%00%(upstream:short)%00%(objectname)%00%(upstream:track)%00%(upstream:remotename)%00%(upstream:remoteref) refs/heads/main refs/remotes/main [1ms]
2024-09-14 23:11:50.916 [info] > git config --local branch.main.vscode-merge-base [2ms]
2024-09-14 23:11:50.916 [warning] [Git][config] git config failed: Failed to execute git
2024-09-14 23:11:50.922 [info] > git reflog main --grep-reflog=branch: Created from *. [2ms]
2024-09-14 23:11:50.927 [info] > git symbolic-ref --short refs/remotes/origin/HEAD [2ms]
2024-09-14 23:11:50.927 [info] fatal: ref refs/remotes/origin/HEAD is not a symbolic ref
2024-09-14 23:11:53.494 [info] > git show --textconv :moby_dick.html [6ms]
2024-09-14 23:11:53.494 [info] > git ls-files --stage -- /root/repos/sample_website/moby_dick.html [3ms]
2024-09-14 23:11:53.500 [info] > git cat-file -s a445b2df735a09c18d59dff09127a16673fcdf5c [2ms]
2024-09-14 23:11:57.141 [info] > git show --textconv :index.html [8ms]
2024-09-14 23:11:57.143 [info] > git ls-files --stage -- /root/repos/sample_website/index.html [4ms]
2024-09-14 23:11:57.150 [info] > git cat-file -s 168ac07acd562cc41e862eb9af4926c331e7f21c [3ms]
2024-09-14 23:11:59.907 [info] > git show --textconv :tags.html [4ms]
2024-09-14 23:11:59.909 [info] > git ls-files --stage -- /root/repos/sample_website/tags.html [3ms]
2024-09-14 23:11:59.915 [info] > git cat-file -s 7758b3c92a05e48b0548606f0b92fea5175d3ef2 [3ms]
2024-09-14 23:12:21.180 [info] > git show --textconv :tags.html [5ms]
2024-09-14 23:12:21.181 [info] > git ls-files --stage -- /root/repos/sample_website/tags.html [2ms]
2024-09-14 23:12:21.187 [info] > git cat-file -s 7758b3c92a05e48b0548606f0b92fea5175d3ef2 [3ms]
2024-09-14 23:14:31.540 [info] > git show --textconv :tags.html [5ms]
2024-09-14 23:14:31.541 [info] > git ls-files --stage -- /root/repos/sample_website/tags.html [2ms]
2024-09-14 23:14:31.546 [info] > git cat-file -s 7758b3c92a05e48b0548606f0b92fea5175d3ef2 [1ms]
2024-09-14 23:15:19.276 [info] > git show --textconv :tags.html [6ms]
2024-09-14 23:15:19.277 [info] > git ls-files --stage -- /root/repos/sample_website/tags.html [4ms]
2024-09-14 23:15:19.282 [info] > git cat-file -s 7758b3c92a05e48b0548606f0b92fea5175d3ef2 [2ms]
2024-09-14 23:15:29.140 [info] > git show --textconv :tags.html [5ms]
2024-09-14 23:15:29.142 [info] > git ls-files --stage -- /root/repos/sample_website/tags.html [2ms]
2024-09-14 23:15:29.147 [info] > git cat-file -s 7758b3c92a05e48b0548606f0b92fea5175d3ef2 [2ms]
2024-09-14 23:18:12.597 [info] > git show --textconv :tags.html [4ms]
2024-09-14 23:18:12.599 [info] > git ls-files --stage -- /root/repos/sample_website/tags.html [3ms]
2024-09-14 23:18:12.605 [info] > git cat-file -s 7758b3c92a05e48b0548606f0b92fea5175d3ef2 [2ms]
2024-09-14 23:18:49.379 [info] > git config --get commit.template [15ms]
2024-09-14 23:18:49.383 [info] > git for-each-ref --format=%(refname)%00%(upstream:short)%00%(objectname)%00%(upstream:track)%00%(upstream:remotename)%00%(upstream:remoteref) refs/heads/main refs/remotes/main [7ms]
2024-09-14 23:18:49.397 [info] > git status -z -uall [4ms]
2024-09-14 23:18:49.409 [info] > git for-each-ref --format=%(refname)%00%(upstream:short)%00%(objectname)%00%(upstream:track)%00%(upstream:remotename)%00%(upstream:remoteref) refs/heads/main refs/remotes/main [4ms]
2024-09-14 23:18:49.419 [info] > git config --local branch.main.vscode-merge-base [4ms]
2024-09-14 23:18:49.420 [warning] [Git][config] git config failed: Failed to execute git
2024-09-14 23:18:49.426 [info] > git reflog main --grep-reflog=branch: Created from *. [3ms]
2024-09-14 23:18:49.431 [info] > git symbolic-ref --short refs/remotes/origin/HEAD [1ms]
2024-09-14 23:18:49.431 [info] fatal: ref refs/remotes/origin/HEAD is not a symbolic ref
2024-09-14 23:18:56.649 [info] > git show --textconv :tags.html [5ms]
2024-09-14 23:18:56.650 [info] > git ls-files --stage -- /root/repos/sample_website/tags.html [2ms]
2024-09-14 23:18:56.655 [info] > git cat-file -s 7758b3c92a05e48b0548606f0b92fea5175d3ef2 [1ms]
2024-09-14 23:24:27.590 [info] > git show --textconv :tags.html [4ms]
2024-09-14 23:24:27.592 [info] > git ls-files --stage -- /root/repos/sample_website/tags.html [2ms]
2024-09-14 23:24:27.596 [info] > git cat-file -s 7758b3c92a05e48b0548606f0b92fea5175d3ef2 [2ms]
