2024-09-06 23:29:45.335 [info] [main] ログ レベル: Info
2024-09-06 23:29:45.335 [info] [main] Git の検証が検出されました: "git"
2024-09-06 23:29:45.335 [info] [main] "git" から Git "2.34.1" を使用しています
2024-09-06 23:29:45.335 [info] [Model][doInitialScan] Initial repository scan started
2024-09-06 23:29:45.335 [info] > git rev-parse --show-toplevel [15ms]
2024-09-06 23:29:45.337 [info] > git rev-parse --git-dir --git-common-dir [3ms]
2024-09-06 23:29:45.364 [info] [Model][openRepository] Opened repository: /root/repos/website
2024-09-06 23:29:45.396 [info] > git rev-parse --show-toplevel [18ms]
2024-09-06 23:29:45.403 [info] [Model][doInitialScan] Initial repository scan completed - repositories (1), closed repositories (0), parent repositories (0), unsafe repositories (0)
2024-09-06 23:29:45.404 [info] > git config --get commit.template [28ms]
2024-09-06 23:29:45.426 [info] > git for-each-ref --format=%(refname)%00%(upstream:short)%00%(objectname)%00%(upstream:track)%00%(upstream:remotename)%00%(upstream:remoteref) refs/heads/main refs/remotes/main [14ms]
2024-09-06 23:29:45.470 [info] > git status -z -uall [15ms]
2024-09-06 23:29:45.596 [info] > git for-each-ref --format=%(refname)%00%(upstream:short)%00%(objectname)%00%(upstream:track)%00%(upstream:remotename)%00%(upstream:remoteref) refs/heads/main refs/remotes/main [116ms]
2024-09-06 23:29:45.603 [info] > git config --get commit.template [9ms]
2024-09-06 23:29:45.604 [info] > git config --local branch.main.vscode-merge-base [4ms]
2024-09-06 23:29:45.605 [warning] [Git][config] git config failed: Failed to execute git
2024-09-06 23:29:45.619 [info] > git for-each-ref --format=%(refname)%00%(upstream:short)%00%(objectname)%00%(upstream:track)%00%(upstream:remotename)%00%(upstream:remoteref) refs/heads/main refs/remotes/main [4ms]
2024-09-06 23:29:45.720 [info] > git status -z -uall [94ms]
2024-09-06 23:29:45.720 [info] > git reflog main --grep-reflog=branch: Created from *. [111ms]
2024-09-06 23:29:45.759 [info] > git for-each-ref --format=%(refname)%00%(upstream:short)%00%(objectname)%00%(upstream:track)%00%(upstream:remotename)%00%(upstream:remoteref) refs/heads/main refs/remotes/main [21ms]
2024-09-06 23:29:45.772 [info] > git symbolic-ref --short refs/remotes/origin/HEAD [42ms]
2024-09-06 23:29:45.772 [info] fatal: ref refs/remotes/origin/HEAD is not a symbolic ref
2024-09-06 23:29:45.991 [info] > git config --local branch.main.vscode-merge-base [221ms]
2024-09-06 23:29:45.992 [warning] [Git][config] git config failed: Failed to execute git
2024-09-06 23:29:46.011 [info] > git check-ignore -v -z --stdin [5ms]
2024-09-06 23:29:46.013 [info] > git reflog main --grep-reflog=branch: Created from *. [17ms]
2024-09-06 23:29:46.020 [info] > git merge-base refs/heads/main refs/remotes/origin/main [243ms]
2024-09-06 23:29:46.028 [info] > git symbolic-ref --short refs/remotes/origin/HEAD [8ms]
2024-09-06 23:29:46.028 [info] fatal: ref refs/remotes/origin/HEAD is not a symbolic ref
2024-09-06 23:29:46.031 [info] > git rev-list --count --left-right refs/heads/main...refs/remotes/origin/main [6ms]
2024-09-06 23:29:46.038 [info] > git diff --name-status -z --diff-filter=ADMR 901efca6d3552d0f3bc3f0f1ec744820b06cd889...refs/remotes/origin/main [3ms]
2024-09-06 23:45:05.289 [info] > git show --textconv :index.html [10ms]
2024-09-06 23:45:05.294 [info] > git ls-files --stage -- /root/repos/website/index.html [9ms]
2024-09-06 23:45:05.306 [info] > git cat-file -s b9435fdae11e67d9bd17f6500a425a60ca302645 [7ms]
2024-09-06 23:45:34.622 [info] > git check-ignore -v -z --stdin [3ms]
