2024-09-07 11:38:16.175 [info] [main] ログ レベル: Info
2024-09-07 11:38:16.175 [info] [main] Git の検証が検出されました: "git"
2024-09-07 11:38:16.175 [info] [main] "git" から Git "2.34.1" を使用しています
2024-09-07 11:38:16.175 [info] [Model][doInitialScan] Initial repository scan started
2024-09-07 11:38:16.175 [info] > git rev-parse --show-toplevel [11ms]
2024-09-07 11:38:16.175 [info] > git rev-parse --git-dir --git-common-dir [16ms]
2024-09-07 11:38:16.175 [info] [Model][openRepository] Opened repository: /root/repos/website
2024-09-07 11:38:16.190 [info] > git rev-parse --show-toplevel [3ms]
2024-09-07 11:38:16.195 [info] [Model][doInitialScan] Initial repository scan completed - repositories (1), closed repositories (0), parent repositories (0), unsafe repositories (0)
2024-09-07 11:38:16.197 [info] > git config --get commit.template [16ms]
2024-09-07 11:38:16.213 [info] > git for-each-ref --format=%(refname)%00%(upstream:short)%00%(objectname)%00%(upstream:track)%00%(upstream:remotename)%00%(upstream:remoteref) refs/heads/main refs/remotes/main [9ms]
2024-09-07 11:38:16.231 [info] > git status -z -uall [10ms]
2024-09-07 11:38:16.265 [info] > git for-each-ref --format=%(refname)%00%(upstream:short)%00%(objectname)%00%(upstream:track)%00%(upstream:remotename)%00%(upstream:remoteref) refs/heads/main refs/remotes/main [25ms]
2024-09-07 11:38:16.281 [info] > git config --get commit.template [18ms]
2024-09-07 11:38:16.285 [info] > git config --local branch.main.vscode-merge-base [12ms]
2024-09-07 11:38:16.286 [warning] [Git][config] git config failed: Failed to execute git
2024-09-07 11:38:16.301 [info] > git for-each-ref --format=%(refname)%00%(upstream:short)%00%(objectname)%00%(upstream:track)%00%(upstream:remotename)%00%(upstream:remoteref) refs/heads/main refs/remotes/main [4ms]
2024-09-07 11:38:16.310 [info] > git status -z -uall [4ms]
2024-09-07 11:38:16.328 [info] > git for-each-ref --format=%(refname)%00%(upstream:short)%00%(objectname)%00%(upstream:track)%00%(upstream:remotename)%00%(upstream:remoteref) refs/heads/main refs/remotes/main [10ms]
2024-09-07 11:38:16.337 [info] > git reflog main --grep-reflog=branch: Created from *. [46ms]
2024-09-07 11:38:16.381 [info] > git config --local branch.main.vscode-merge-base [46ms]
2024-09-07 11:38:16.382 [warning] [Git][config] git config failed: Failed to execute git
2024-09-07 11:38:16.403 [info] > git symbolic-ref --short refs/remotes/origin/HEAD [61ms]
2024-09-07 11:38:16.403 [info] fatal: ref refs/remotes/origin/HEAD is not a symbolic ref
2024-09-07 11:38:16.423 [info] > git reflog main --grep-reflog=branch: Created from *. [36ms]
2024-09-07 11:38:16.431 [info] > git merge-base refs/heads/main refs/remotes/origin/main [20ms]
2024-09-07 11:38:16.561 [info] > git symbolic-ref --short refs/remotes/origin/HEAD [134ms]
2024-09-07 11:38:16.561 [info] fatal: ref refs/remotes/origin/HEAD is not a symbolic ref
2024-09-07 11:38:16.566 [info] > git rev-list --count --left-right refs/heads/main...refs/remotes/origin/main [127ms]
2024-09-07 11:38:16.581 [info] > git diff --name-status -z --diff-filter=ADMR 901efca6d3552d0f3bc3f0f1ec744820b06cd889...refs/remotes/origin/main [8ms]
2024-09-07 11:38:16.865 [info] > git show --textconv :index.html [48ms]
2024-09-07 11:38:16.869 [info] > git ls-files --stage -- /root/repos/website/index.html [44ms]
2024-09-07 11:38:16.892 [info] > git cat-file -s b9435fdae11e67d9bd17f6500a425a60ca302645 [16ms]
2024-09-07 11:38:16.909 [info] > git check-ignore -v -z --stdin [9ms]
2024-09-07 11:40:51.482 [info] > git config --get commit.template [6ms]
2024-09-07 11:40:51.491 [info] > git for-each-ref --format=%(refname)%00%(upstream:short)%00%(objectname)%00%(upstream:track)%00%(upstream:remotename)%00%(upstream:remoteref) refs/heads/main refs/remotes/main [2ms]
2024-09-07 11:40:51.498 [info] > git status -z -uall [2ms]
2024-09-07 11:40:51.506 [info] > git for-each-ref --format=%(refname)%00%(upstream:short)%00%(objectname)%00%(upstream:track)%00%(upstream:remotename)%00%(upstream:remoteref) refs/heads/main refs/remotes/main [2ms]
2024-09-07 11:40:51.512 [info] > git config --local branch.main.vscode-merge-base [1ms]
2024-09-07 11:40:51.512 [warning] [Git][config] git config failed: Failed to execute git
2024-09-07 11:40:51.519 [info] > git reflog main --grep-reflog=branch: Created from *. [3ms]
2024-09-07 11:40:51.524 [info] > git symbolic-ref --short refs/remotes/origin/HEAD [2ms]
2024-09-07 11:40:51.524 [info] fatal: ref refs/remotes/origin/HEAD is not a symbolic ref
2024-09-07 11:41:13.842 [info] > git config --get commit.template [5ms]
2024-09-07 11:41:13.843 [info] > git for-each-ref --format=%(refname)%00%(upstream:short)%00%(objectname)%00%(upstream:track)%00%(upstream:remotename)%00%(upstream:remoteref) refs/heads/main refs/remotes/main [1ms]
2024-09-07 11:41:13.850 [info] > git status -z -uall [3ms]
2024-09-07 11:41:13.861 [info] > git for-each-ref --format=%(refname)%00%(upstream:short)%00%(objectname)%00%(upstream:track)%00%(upstream:remotename)%00%(upstream:remoteref) refs/heads/main refs/remotes/main [6ms]
2024-09-07 11:41:13.867 [info] > git config --local branch.main.vscode-merge-base [2ms]
2024-09-07 11:41:13.867 [warning] [Git][config] git config failed: Failed to execute git
2024-09-07 11:41:13.874 [info] > git reflog main --grep-reflog=branch: Created from *. [3ms]
2024-09-07 11:41:13.880 [info] > git symbolic-ref --short refs/remotes/origin/HEAD [2ms]
2024-09-07 11:41:13.880 [info] fatal: ref refs/remotes/origin/HEAD is not a symbolic ref
2024-09-07 11:41:22.117 [info] > git show --textconv :images/-OL [4ms]
2024-09-07 11:41:22.118 [info] > git ls-files --stage -- /root/repos/website/images/-OL [2ms]
2024-09-07 11:41:22.123 [info] > git cat-file -s e69de29bb2d1d6434b8b29ae775ad8c2e48c5391 [1ms]
2024-09-07 11:41:27.030 [info] > git show --textconv :index.html [13ms]
2024-09-07 11:41:27.034 [info] > git ls-files --stage -- /root/repos/website/index.html [8ms]
2024-09-07 11:41:27.041 [info] > git cat-file -s b9435fdae11e67d9bd17f6500a425a60ca302645 [1ms]
2024-09-07 11:41:42.326 [info] > git show --textconv :index.html [6ms]
2024-09-07 11:41:42.327 [info] > git ls-files --stage -- /root/repos/website/index.html [4ms]
2024-09-07 11:41:42.332 [info] > git cat-file -s b9435fdae11e67d9bd17f6500a425a60ca302645 [1ms]
2024-09-07 11:41:46.205 [info] > git show --textconv :index.html [4ms]
2024-09-07 11:41:46.207 [info] > git ls-files --stage -- /root/repos/website/index.html [3ms]
2024-09-07 11:41:46.213 [info] > git cat-file -s b9435fdae11e67d9bd17f6500a425a60ca302645 [3ms]
2024-09-07 11:41:48.690 [info] > git show --textconv :index.html [5ms]
2024-09-07 11:41:48.692 [info] > git ls-files --stage -- /root/repos/website/index.html [2ms]
2024-09-07 11:41:48.696 [info] > git cat-file -s b9435fdae11e67d9bd17f6500a425a60ca302645 [2ms]
2024-09-07 11:41:49.887 [info] > git config --get commit.template [6ms]
2024-09-07 11:41:49.889 [info] > git for-each-ref --format=%(refname)%00%(upstream:short)%00%(objectname)%00%(upstream:track)%00%(upstream:remotename)%00%(upstream:remoteref) refs/heads/main refs/remotes/main [3ms]
2024-09-07 11:41:49.897 [info] > git status -z -uall [3ms]
2024-09-07 11:41:49.904 [info] > git for-each-ref --format=%(refname)%00%(upstream:short)%00%(objectname)%00%(upstream:track)%00%(upstream:remotename)%00%(upstream:remoteref) refs/heads/main refs/remotes/main [2ms]
2024-09-07 11:41:49.911 [info] > git config --local branch.main.vscode-merge-base [2ms]
2024-09-07 11:41:49.911 [warning] [Git][config] git config failed: Failed to execute git
2024-09-07 11:41:49.917 [info] > git reflog main --grep-reflog=branch: Created from *. [2ms]
2024-09-07 11:41:49.922 [info] > git symbolic-ref --short refs/remotes/origin/HEAD [2ms]
2024-09-07 11:41:49.922 [info] fatal: ref refs/remotes/origin/HEAD is not a symbolic ref
2024-09-07 11:41:51.995 [info] > git show --textconv :index.html [5ms]
2024-09-07 11:41:51.997 [info] > git ls-files --stage -- /root/repos/website/index.html [2ms]
2024-09-07 11:41:52.002 [info] > git cat-file -s b9435fdae11e67d9bd17f6500a425a60ca302645 [1ms]
2024-09-07 11:42:30.307 [info] > git config --get commit.template [11ms]
2024-09-07 11:42:30.309 [info] > git for-each-ref --format=%(refname)%00%(upstream:short)%00%(objectname)%00%(upstream:track)%00%(upstream:remotename)%00%(upstream:remoteref) refs/heads/main refs/remotes/main [5ms]
2024-09-07 11:42:30.322 [info] > git status -z -uall [4ms]
2024-09-07 11:42:30.336 [info] > git for-each-ref --format=%(refname)%00%(upstream:short)%00%(objectname)%00%(upstream:track)%00%(upstream:remotename)%00%(upstream:remoteref) refs/heads/main refs/remotes/main [5ms]
2024-09-07 11:42:30.345 [info] > git config --local branch.main.vscode-merge-base [2ms]
2024-09-07 11:42:30.345 [warning] [Git][config] git config failed: Failed to execute git
2024-09-07 11:42:30.353 [info] > git reflog main --grep-reflog=branch: Created from *. [3ms]
2024-09-07 11:42:30.359 [info] > git symbolic-ref --short refs/remotes/origin/HEAD [2ms]
2024-09-07 11:42:30.359 [info] fatal: ref refs/remotes/origin/HEAD is not a symbolic ref
2024-09-07 11:43:05.206 [info] > git show --textconv :index.html [6ms]
2024-09-07 11:43:05.210 [info] > git ls-files --stage -- /root/repos/website/index.html [6ms]
2024-09-07 11:43:05.217 [info] > git cat-file -s b9435fdae11e67d9bd17f6500a425a60ca302645 [3ms]
2024-09-07 11:43:10.043 [info] > git show --textconv :index.html [5ms]
2024-09-07 11:43:10.044 [info] > git ls-files --stage -- /root/repos/website/index.html [2ms]
2024-09-07 11:43:10.051 [info] > git cat-file -s b9435fdae11e67d9bd17f6500a425a60ca302645 [3ms]
2024-09-07 11:43:14.434 [info] > git show --textconv :index.html [5ms]
2024-09-07 11:43:14.436 [info] > git ls-files --stage -- /root/repos/website/index.html [2ms]
2024-09-07 11:43:14.441 [info] > git cat-file -s b9435fdae11e67d9bd17f6500a425a60ca302645 [2ms]
2024-09-07 11:43:16.828 [info] > git show --textconv :index.html [5ms]
2024-09-07 11:43:16.829 [info] > git ls-files --stage -- /root/repos/website/index.html [2ms]
2024-09-07 11:43:16.835 [info] > git cat-file -s b9435fdae11e67d9bd17f6500a425a60ca302645 [1ms]
2024-09-07 11:43:23.029 [info] > git show --textconv :index.html [8ms]
2024-09-07 11:43:23.031 [info] > git ls-files --stage -- /root/repos/website/index.html [5ms]
2024-09-07 11:43:23.037 [info] > git cat-file -s b9435fdae11e67d9bd17f6500a425a60ca302645 [2ms]
2024-09-07 11:43:39.078 [info] > git show --textconv :index.html [5ms]
2024-09-07 11:43:39.080 [info] > git ls-files --stage -- /root/repos/website/index.html [3ms]
2024-09-07 11:43:39.086 [info] > git cat-file -s b9435fdae11e67d9bd17f6500a425a60ca302645 [2ms]
2024-09-07 11:43:48.957 [info] > git config --get commit.template [11ms]
2024-09-07 11:43:48.958 [info] > git for-each-ref --format=%(refname)%00%(upstream:short)%00%(objectname)%00%(upstream:track)%00%(upstream:remotename)%00%(upstream:remoteref) refs/heads/main refs/remotes/main [4ms]
2024-09-07 11:43:48.969 [info] > git status -z -uall [2ms]
2024-09-07 11:43:48.977 [info] > git for-each-ref --format=%(refname)%00%(upstream:short)%00%(objectname)%00%(upstream:track)%00%(upstream:remotename)%00%(upstream:remoteref) refs/heads/main refs/remotes/main [2ms]
2024-09-07 11:43:48.984 [info] > git config --local branch.main.vscode-merge-base [3ms]
2024-09-07 11:43:48.984 [warning] [Git][config] git config failed: Failed to execute git
2024-09-07 11:43:48.993 [info] > git reflog main --grep-reflog=branch: Created from *. [4ms]
2024-09-07 11:43:48.997 [info] > git symbolic-ref --short refs/remotes/origin/HEAD [1ms]
2024-09-07 11:43:48.998 [info] fatal: ref refs/remotes/origin/HEAD is not a symbolic ref
2024-09-07 11:43:49.080 [info] > git ls-files --stage -- /root/repos/website/index.html [2ms]
2024-09-07 11:43:49.085 [info] > git cat-file -s b9435fdae11e67d9bd17f6500a425a60ca302645 [2ms]
2024-09-07 11:43:49.142 [info] > git show --textconv :index.html [4ms]
2024-09-07 11:44:13.975 [info] > git config --get commit.template [5ms]
2024-09-07 11:44:13.976 [info] > git for-each-ref --format=%(refname)%00%(upstream:short)%00%(objectname)%00%(upstream:track)%00%(upstream:remotename)%00%(upstream:remoteref) refs/heads/main refs/remotes/main [2ms]
2024-09-07 11:44:13.984 [info] > git status -z -uall [3ms]
2024-09-07 11:44:13.994 [info] > git for-each-ref --format=%(refname)%00%(upstream:short)%00%(objectname)%00%(upstream:track)%00%(upstream:remotename)%00%(upstream:remoteref) refs/heads/main refs/remotes/main [5ms]
2024-09-07 11:44:14.001 [info] > git config --local branch.main.vscode-merge-base [2ms]
2024-09-07 11:44:14.001 [warning] [Git][config] git config failed: Failed to execute git
2024-09-07 11:44:14.009 [info] > git reflog main --grep-reflog=branch: Created from *. [5ms]
2024-09-07 11:44:14.015 [info] > git symbolic-ref --short refs/remotes/origin/HEAD [2ms]
2024-09-07 11:44:14.015 [info] fatal: ref refs/remotes/origin/HEAD is not a symbolic ref
2024-09-07 11:44:15.033 [info] > git config --get commit.template [15ms]
2024-09-07 11:44:15.037 [info] > git for-each-ref --format=%(refname)%00%(upstream:short)%00%(objectname)%00%(upstream:track)%00%(upstream:remotename)%00%(upstream:remoteref) refs/heads/main refs/remotes/main [6ms]
2024-09-07 11:44:15.051 [info] > git status -z -uall [5ms]
2024-09-07 11:44:15.066 [info] > git for-each-ref --format=%(refname)%00%(upstream:short)%00%(objectname)%00%(upstream:track)%00%(upstream:remotename)%00%(upstream:remoteref) refs/heads/main refs/remotes/main [6ms]
2024-09-07 11:44:15.080 [info] > git config --local branch.main.vscode-merge-base [5ms]
2024-09-07 11:44:15.080 [warning] [Git][config] git config failed: Failed to execute git
2024-09-07 11:44:15.094 [info] > git reflog main --grep-reflog=branch: Created from *. [5ms]
2024-09-07 11:44:15.101 [info] > git symbolic-ref --short refs/remotes/origin/HEAD [2ms]
2024-09-07 11:44:15.101 [info] fatal: ref refs/remotes/origin/HEAD is not a symbolic ref
2024-09-07 11:44:15.113 [info] > git ls-files --stage -- /root/repos/website/index.html [2ms]
2024-09-07 11:44:15.119 [info] > git cat-file -s b9435fdae11e67d9bd17f6500a425a60ca302645 [2ms]
2024-09-07 11:44:15.133 [info] > git show --textconv :index.html [2ms]
2024-09-07 11:44:58.765 [info] > git config --get commit.template [5ms]
2024-09-07 11:44:58.767 [info] > git for-each-ref --format=%(refname)%00%(upstream:short)%00%(objectname)%00%(upstream:track)%00%(upstream:remotename)%00%(upstream:remoteref) refs/heads/main refs/remotes/main [2ms]
2024-09-07 11:44:58.776 [info] > git status -z -uall [3ms]
2024-09-07 11:44:58.787 [info] > git for-each-ref --format=%(refname)%00%(upstream:short)%00%(objectname)%00%(upstream:track)%00%(upstream:remotename)%00%(upstream:remoteref) refs/heads/main refs/remotes/main [5ms]
2024-09-07 11:44:58.795 [info] > git config --local branch.main.vscode-merge-base [3ms]
2024-09-07 11:44:58.795 [warning] [Git][config] git config failed: Failed to execute git
2024-09-07 11:44:58.801 [info] > git reflog main --grep-reflog=branch: Created from *. [3ms]
2024-09-07 11:44:58.809 [info] > git symbolic-ref --short refs/remotes/origin/HEAD [2ms]
2024-09-07 11:44:58.809 [info] fatal: ref refs/remotes/origin/HEAD is not a symbolic ref
2024-09-07 11:44:58.817 [info] > git merge-base refs/heads/main refs/remotes/origin/main [3ms]
2024-09-07 11:44:58.824 [info] > git rev-list --count --left-right refs/heads/main...refs/remotes/origin/main [3ms]
2024-09-07 11:44:58.830 [info] > git diff --name-status -z --diff-filter=ADMR 901efca6d3552d0f3bc3f0f1ec744820b06cd889...refs/remotes/origin/main [2ms]
2024-09-07 11:44:59.809 [info] > git config --get commit.template [7ms]
2024-09-07 11:44:59.811 [info] > git for-each-ref --format=%(refname)%00%(upstream:short)%00%(objectname)%00%(upstream:track)%00%(upstream:remotename)%00%(upstream:remoteref) refs/heads/main refs/remotes/main [4ms]
2024-09-07 11:44:59.819 [info] > git status -z -uall [3ms]
2024-09-07 11:44:59.828 [info] > git for-each-ref --format=%(refname)%00%(upstream:short)%00%(objectname)%00%(upstream:track)%00%(upstream:remotename)%00%(upstream:remoteref) refs/heads/main refs/remotes/main [3ms]
2024-09-07 11:44:59.835 [info] > git config --local branch.main.vscode-merge-base [2ms]
2024-09-07 11:44:59.835 [warning] [Git][config] git config failed: Failed to execute git
2024-09-07 11:44:59.846 [info] > git reflog main --grep-reflog=branch: Created from *. [5ms]
2024-09-07 11:44:59.852 [info] > git symbolic-ref --short refs/remotes/origin/HEAD [2ms]
2024-09-07 11:44:59.852 [info] fatal: ref refs/remotes/origin/HEAD is not a symbolic ref
2024-09-07 11:44:59.909 [info] > git ls-files --stage -- /root/repos/website/index.html [2ms]
2024-09-07 11:44:59.916 [info] > git cat-file -s b9435fdae11e67d9bd17f6500a425a60ca302645 [2ms]
2024-09-07 11:44:59.931 [info] > git show --textconv :index.html [3ms]
2024-09-07 11:45:08.764 [info] > git config --get commit.template [4ms]
2024-09-07 11:45:08.765 [info] > git for-each-ref --format=%(refname)%00%(upstream:short)%00%(objectname)%00%(upstream:track)%00%(upstream:remotename)%00%(upstream:remoteref) refs/heads/main refs/remotes/main [2ms]
2024-09-07 11:45:08.775 [info] > git status -z -uall [3ms]
2024-09-07 11:45:08.787 [info] > git for-each-ref --format=%(refname)%00%(upstream:short)%00%(objectname)%00%(upstream:track)%00%(upstream:remotename)%00%(upstream:remoteref) refs/heads/main refs/remotes/main [7ms]
2024-09-07 11:45:08.793 [info] > git config --local branch.main.vscode-merge-base [2ms]
2024-09-07 11:45:08.793 [warning] [Git][config] git config failed: Failed to execute git
2024-09-07 11:45:08.799 [info] > git reflog main --grep-reflog=branch: Created from *. [3ms]
2024-09-07 11:45:08.805 [info] > git symbolic-ref --short refs/remotes/origin/HEAD [1ms]
2024-09-07 11:45:08.805 [info] fatal: ref refs/remotes/origin/HEAD is not a symbolic ref
2024-09-07 11:45:08.812 [info] > git merge-base refs/heads/main refs/remotes/origin/main [2ms]
2024-09-07 11:45:08.819 [info] > git rev-list --count --left-right refs/heads/main...refs/remotes/origin/main [3ms]
2024-09-07 11:45:08.827 [info] > git diff --name-status -z --diff-filter=ADMR 2c225abe20c095b790f015dadcc46feab88399f8...refs/remotes/origin/main [4ms]
2024-09-07 11:45:09.916 [info] > git config --get commit.template [4ms]
2024-09-07 11:45:09.918 [info] > git for-each-ref --format=%(refname)%00%(upstream:short)%00%(objectname)%00%(upstream:track)%00%(upstream:remotename)%00%(upstream:remoteref) refs/heads/main refs/remotes/main [3ms]
2024-09-07 11:45:09.924 [info] > git status -z -uall [2ms]
2024-09-07 11:45:09.931 [info] > git for-each-ref --format=%(refname)%00%(upstream:short)%00%(objectname)%00%(upstream:track)%00%(upstream:remotename)%00%(upstream:remoteref) refs/heads/main refs/remotes/main [2ms]
2024-09-07 11:45:09.936 [info] > git config --local branch.main.vscode-merge-base [1ms]
2024-09-07 11:45:09.936 [warning] [Git][config] git config failed: Failed to execute git
2024-09-07 11:45:09.946 [info] > git reflog main --grep-reflog=branch: Created from *. [2ms]
2024-09-07 11:45:09.950 [info] > git symbolic-ref --short refs/remotes/origin/HEAD [1ms]
2024-09-07 11:45:09.950 [info] fatal: ref refs/remotes/origin/HEAD is not a symbolic ref
2024-09-07 11:45:10.020 [info] > git ls-files --stage -- /root/repos/website/index.html [2ms]
2024-09-07 11:45:10.027 [info] > git cat-file -s b9435fdae11e67d9bd17f6500a425a60ca302645 [2ms]
2024-09-07 11:45:10.040 [info] > git show --textconv :index.html [2ms]
2024-09-07 11:47:03.268 [info] > git config --get commit.template [18ms]
2024-09-07 11:47:03.271 [info] > git for-each-ref --format=%(refname)%00%(upstream:short)%00%(objectname)%00%(upstream:track)%00%(upstream:remotename)%00%(upstream:remoteref) refs/heads/main refs/remotes/main [7ms]
2024-09-07 11:47:03.284 [info] > git status -z -uall [3ms]
2024-09-07 11:47:03.302 [info] > git for-each-ref --format=%(refname)%00%(upstream:short)%00%(objectname)%00%(upstream:track)%00%(upstream:remotename)%00%(upstream:remoteref) refs/heads/main refs/remotes/main [10ms]
2024-09-07 11:47:03.309 [info] > git config --local branch.main.vscode-merge-base [2ms]
2024-09-07 11:47:03.309 [warning] [Git][config] git config failed: Failed to execute git
2024-09-07 11:47:03.317 [info] > git reflog main --grep-reflog=branch: Created from *. [4ms]
2024-09-07 11:47:03.323 [info] > git symbolic-ref --short refs/remotes/origin/HEAD [1ms]
2024-09-07 11:47:03.323 [info] fatal: ref refs/remotes/origin/HEAD is not a symbolic ref
2024-09-07 11:47:03.361 [info] > git check-ignore -v -z --stdin [1ms]
2024-09-07 11:48:09.556 [info] > git config --get commit.template [13ms]
2024-09-07 11:48:09.558 [info] > git for-each-ref --format=%(refname)%00%(upstream:short)%00%(objectname)%00%(upstream:track)%00%(upstream:remotename)%00%(upstream:remoteref) refs/heads/main refs/remotes/main [4ms]
2024-09-07 11:48:09.571 [info] > git status -z -uall [4ms]
2024-09-07 11:48:09.580 [info] > git for-each-ref --format=%(refname)%00%(upstream:short)%00%(objectname)%00%(upstream:track)%00%(upstream:remotename)%00%(upstream:remoteref) refs/heads/main refs/remotes/main [2ms]
2024-09-07 11:48:09.586 [info] > git config --local branch.main.vscode-merge-base [2ms]
2024-09-07 11:48:09.586 [warning] [Git][config] git config failed: Failed to execute git
2024-09-07 11:48:09.593 [info] > git reflog main --grep-reflog=branch: Created from *. [3ms]
2024-09-07 11:48:09.598 [info] > git symbolic-ref --short refs/remotes/origin/HEAD [1ms]
2024-09-07 11:48:09.598 [info] fatal: ref refs/remotes/origin/HEAD is not a symbolic ref
2024-09-07 11:48:09.607 [info] > git check-ignore -v -z --stdin [2ms]
2024-09-07 11:50:46.371 [info] > git config --get commit.template [5ms]
2024-09-07 11:50:46.373 [info] > git for-each-ref --format=%(refname)%00%(upstream:short)%00%(objectname)%00%(upstream:track)%00%(upstream:remotename)%00%(upstream:remoteref) refs/heads/main refs/remotes/main [2ms]
2024-09-07 11:50:46.380 [info] > git status -z -uall [3ms]
2024-09-07 11:50:46.390 [info] > git for-each-ref --format=%(refname)%00%(upstream:short)%00%(objectname)%00%(upstream:track)%00%(upstream:remotename)%00%(upstream:remoteref) refs/heads/main refs/remotes/main [3ms]
2024-09-07 11:50:46.396 [info] > git config --local branch.main.vscode-merge-base [1ms]
2024-09-07 11:50:46.396 [warning] [Git][config] git config failed: Failed to execute git
2024-09-07 11:50:46.403 [info] > git reflog main --grep-reflog=branch: Created from *. [3ms]
2024-09-07 11:50:46.408 [info] > git symbolic-ref --short refs/remotes/origin/HEAD [2ms]
2024-09-07 11:50:46.408 [info] fatal: ref refs/remotes/origin/HEAD is not a symbolic ref
2024-09-07 11:50:47.485 [info] > git config --get commit.template [16ms]
2024-09-07 11:50:47.490 [info] > git for-each-ref --format=%(refname)%00%(upstream:short)%00%(objectname)%00%(upstream:track)%00%(upstream:remotename)%00%(upstream:remoteref) refs/heads/main refs/remotes/main [8ms]
2024-09-07 11:50:47.505 [info] > git status -z -uall [3ms]
2024-09-07 11:50:47.517 [info] > git for-each-ref --format=%(refname)%00%(upstream:short)%00%(objectname)%00%(upstream:track)%00%(upstream:remotename)%00%(upstream:remoteref) refs/heads/main refs/remotes/main [4ms]
2024-09-07 11:50:47.529 [info] > git config --local branch.main.vscode-merge-base [4ms]
2024-09-07 11:50:47.529 [warning] [Git][config] git config failed: Failed to execute git
2024-09-07 11:50:47.540 [info] > git reflog main --grep-reflog=branch: Created from *. [5ms]
2024-09-07 11:50:47.548 [info] > git symbolic-ref --short refs/remotes/origin/HEAD [3ms]
2024-09-07 11:50:47.548 [info] fatal: ref refs/remotes/origin/HEAD is not a symbolic ref
2024-09-07 11:50:47.569 [info] > git ls-files --stage -- /root/repos/website/index.html [3ms]
2024-09-07 11:50:47.577 [info] > git cat-file -s b9435fdae11e67d9bd17f6500a425a60ca302645 [3ms]
2024-09-07 11:50:47.596 [info] > git show --textconv :index.html [3ms]
2024-09-07 11:53:15.427 [info] > git config --get commit.template [7ms]
2024-09-07 11:53:15.427 [info] > git for-each-ref --format=%(refname)%00%(upstream:short)%00%(objectname)%00%(upstream:track)%00%(upstream:remotename)%00%(upstream:remoteref) refs/heads/main refs/remotes/main [2ms]
2024-09-07 11:53:15.435 [info] > git status -z -uall [2ms]
2024-09-07 11:53:15.444 [info] > git for-each-ref --format=%(refname)%00%(upstream:short)%00%(objectname)%00%(upstream:track)%00%(upstream:remotename)%00%(upstream:remoteref) refs/heads/main refs/remotes/main [3ms]
2024-09-07 11:53:15.452 [info] > git config --local branch.main.vscode-merge-base [3ms]
2024-09-07 11:53:15.452 [warning] [Git][config] git config failed: Failed to execute git
2024-09-07 11:53:15.460 [info] > git reflog main --grep-reflog=branch: Created from *. [2ms]
2024-09-07 11:53:15.464 [info] > git symbolic-ref --short refs/remotes/origin/HEAD [2ms]
2024-09-07 11:53:15.464 [info] fatal: ref refs/remotes/origin/HEAD is not a symbolic ref
2024-09-07 11:53:57.970 [info] > git config --get commit.template [7ms]
2024-09-07 11:53:57.971 [info] > git for-each-ref --format=%(refname)%00%(upstream:short)%00%(objectname)%00%(upstream:track)%00%(upstream:remotename)%00%(upstream:remoteref) refs/heads/main refs/remotes/main [3ms]
2024-09-07 11:53:57.979 [info] > git status -z -uall [2ms]
2024-09-07 11:53:57.991 [info] > git for-each-ref --format=%(refname)%00%(upstream:short)%00%(objectname)%00%(upstream:track)%00%(upstream:remotename)%00%(upstream:remoteref) refs/heads/main refs/remotes/main [5ms]
2024-09-07 11:53:57.998 [info] > git config --local branch.main.vscode-merge-base [3ms]
2024-09-07 11:53:57.998 [warning] [Git][config] git config failed: Failed to execute git
2024-09-07 11:53:58.008 [info] > git reflog main --grep-reflog=branch: Created from *. [3ms]
2024-09-07 11:53:58.014 [info] > git symbolic-ref --short refs/remotes/origin/HEAD [2ms]
2024-09-07 11:53:58.014 [info] fatal: ref refs/remotes/origin/HEAD is not a symbolic ref
2024-09-07 11:54:01.580 [info] > git show --textconv :.gitignore [4ms]
2024-09-07 11:54:01.581 [info] > git ls-files --stage -- /root/repos/website/.gitignore [2ms]
2024-09-07 11:54:10.143 [info] > git check-ignore -v -z --stdin [3ms]
2024-09-07 11:54:10.559 [info] > git config --get commit.template [4ms]
2024-09-07 11:54:10.560 [info] > git for-each-ref --format=%(refname)%00%(upstream:short)%00%(objectname)%00%(upstream:track)%00%(upstream:remotename)%00%(upstream:remoteref) refs/heads/main refs/remotes/main [1ms]
2024-09-07 11:54:10.566 [info] > git status -z -uall [3ms]
2024-09-07 11:54:10.575 [info] > git for-each-ref --format=%(refname)%00%(upstream:short)%00%(objectname)%00%(upstream:track)%00%(upstream:remotename)%00%(upstream:remoteref) refs/heads/main refs/remotes/main [5ms]
2024-09-07 11:54:10.581 [info] > git config --local branch.main.vscode-merge-base [3ms]
2024-09-07 11:54:10.581 [warning] [Git][config] git config failed: Failed to execute git
2024-09-07 11:54:10.587 [info] > git reflog main --grep-reflog=branch: Created from *. [3ms]
2024-09-07 11:54:10.592 [info] > git symbolic-ref --short refs/remotes/origin/HEAD [2ms]
2024-09-07 11:54:10.592 [info] fatal: ref refs/remotes/origin/HEAD is not a symbolic ref
2024-09-07 11:54:15.595 [info] > git config --get commit.template [12ms]
2024-09-07 11:54:15.598 [info] > git for-each-ref --format=%(refname)%00%(upstream:short)%00%(objectname)%00%(upstream:track)%00%(upstream:remotename)%00%(upstream:remoteref) refs/heads/main refs/remotes/main [5ms]
2024-09-07 11:54:15.611 [info] > git status -z -uall [3ms]
2024-09-07 11:54:15.622 [info] > git for-each-ref --format=%(refname)%00%(upstream:short)%00%(objectname)%00%(upstream:track)%00%(upstream:remotename)%00%(upstream:remoteref) refs/heads/main refs/remotes/main [3ms]
2024-09-07 11:54:15.631 [info] > git config --local branch.main.vscode-merge-base [3ms]
2024-09-07 11:54:15.631 [warning] [Git][config] git config failed: Failed to execute git
2024-09-07 11:54:15.641 [info] > git reflog main --grep-reflog=branch: Created from *. [4ms]
2024-09-07 11:54:15.649 [info] > git symbolic-ref --short refs/remotes/origin/HEAD [2ms]
2024-09-07 11:54:15.650 [info] fatal: ref refs/remotes/origin/HEAD is not a symbolic ref
2024-09-07 11:54:20.352 [info] > git config --get commit.template [3ms]
2024-09-07 11:54:20.359 [info] > git for-each-ref --format=%(refname)%00%(upstream:short)%00%(objectname)%00%(upstream:track)%00%(upstream:remotename)%00%(upstream:remoteref) refs/heads/main refs/remotes/main [3ms]
2024-09-07 11:54:20.366 [info] > git status -z -uall [2ms]
2024-09-07 11:54:20.373 [info] > git for-each-ref --format=%(refname)%00%(upstream:short)%00%(objectname)%00%(upstream:track)%00%(upstream:remotename)%00%(upstream:remoteref) refs/heads/main refs/remotes/main [2ms]
2024-09-07 11:54:20.378 [info] > git config --local branch.main.vscode-merge-base [1ms]
2024-09-07 11:54:20.378 [warning] [Git][config] git config failed: Failed to execute git
2024-09-07 11:54:20.385 [info] > git reflog main --grep-reflog=branch: Created from *. [3ms]
2024-09-07 11:54:20.392 [info] > git symbolic-ref --short refs/remotes/origin/HEAD [2ms]
2024-09-07 11:54:20.392 [info] fatal: ref refs/remotes/origin/HEAD is not a symbolic ref
2024-09-07 11:54:21.457 [info] > git config --get commit.template [7ms]
2024-09-07 11:54:21.459 [info] > git for-each-ref --format=%(refname)%00%(upstream:short)%00%(objectname)%00%(upstream:track)%00%(upstream:remotename)%00%(upstream:remoteref) refs/heads/main refs/remotes/main [3ms]
2024-09-07 11:54:21.470 [info] > git status -z -uall [4ms]
2024-09-07 11:54:21.482 [info] > git for-each-ref --format=%(refname)%00%(upstream:short)%00%(objectname)%00%(upstream:track)%00%(upstream:remotename)%00%(upstream:remoteref) refs/heads/main refs/remotes/main [5ms]
2024-09-07 11:54:21.489 [info] > git config --local branch.main.vscode-merge-base [2ms]
2024-09-07 11:54:21.489 [warning] [Git][config] git config failed: Failed to execute git
2024-09-07 11:54:21.495 [info] > git reflog main --grep-reflog=branch: Created from *. [2ms]
2024-09-07 11:54:21.500 [info] > git symbolic-ref --short refs/remotes/origin/HEAD [2ms]
2024-09-07 11:54:21.500 [info] fatal: ref refs/remotes/origin/HEAD is not a symbolic ref
2024-09-07 11:54:21.607 [info] > git ls-files --stage -- /root/repos/website/index.html [4ms]
2024-09-07 11:54:21.612 [info] > git ls-files --stage -- /root/repos/website/.gitignore [4ms]
2024-09-07 11:54:21.615 [info] > git cat-file -s b9435fdae11e67d9bd17f6500a425a60ca302645 [4ms]
2024-09-07 11:54:21.616 [info] > git cat-file -s e851a4920573265a4f6a2d586fdb6af486bbad19 [1ms]
2024-09-07 11:54:21.629 [info] > git show --textconv :index.html [5ms]
2024-09-07 11:54:21.630 [info] > git show --textconv :.gitignore [2ms]
2024-09-07 11:54:51.322 [info] > git config --get commit.template [6ms]
2024-09-07 11:54:51.323 [info] > git for-each-ref --format=%(refname)%00%(upstream:short)%00%(objectname)%00%(upstream:track)%00%(upstream:remotename)%00%(upstream:remoteref) refs/heads/main refs/remotes/main [3ms]
2024-09-07 11:54:51.330 [info] > git status -z -uall [3ms]
2024-09-07 11:54:51.341 [info] > git for-each-ref --format=%(refname)%00%(upstream:short)%00%(objectname)%00%(upstream:track)%00%(upstream:remotename)%00%(upstream:remoteref) refs/heads/main refs/remotes/main [4ms]
2024-09-07 11:54:51.347 [info] > git config --local branch.main.vscode-merge-base [1ms]
2024-09-07 11:54:51.347 [warning] [Git][config] git config failed: Failed to execute git
2024-09-07 11:54:51.354 [info] > git reflog main --grep-reflog=branch: Created from *. [2ms]
2024-09-07 11:54:51.363 [info] > git symbolic-ref --short refs/remotes/origin/HEAD [3ms]
2024-09-07 11:54:51.364 [info] fatal: ref refs/remotes/origin/HEAD is not a symbolic ref
2024-09-07 11:54:51.372 [info] > git merge-base refs/heads/main refs/remotes/origin/main [4ms]
2024-09-07 11:54:51.380 [info] > git rev-list --count --left-right refs/heads/main...refs/remotes/origin/main [2ms]
2024-09-07 11:54:51.387 [info] > git diff --name-status -z --diff-filter=ADMR 2c225abe20c095b790f015dadcc46feab88399f8...refs/remotes/origin/main [1ms]
2024-09-07 11:54:52.390 [info] > git config --get commit.template [8ms]
2024-09-07 11:54:52.392 [info] > git for-each-ref --format=%(refname)%00%(upstream:short)%00%(objectname)%00%(upstream:track)%00%(upstream:remotename)%00%(upstream:remoteref) refs/heads/main refs/remotes/main [4ms]
2024-09-07 11:54:52.404 [info] > git status -z -uall [4ms]
2024-09-07 11:54:52.417 [info] > git for-each-ref --format=%(refname)%00%(upstream:short)%00%(objectname)%00%(upstream:track)%00%(upstream:remotename)%00%(upstream:remoteref) refs/heads/main refs/remotes/main [4ms]
2024-09-07 11:54:52.423 [info] > git config --local branch.main.vscode-merge-base [1ms]
2024-09-07 11:54:52.423 [warning] [Git][config] git config failed: Failed to execute git
2024-09-07 11:54:52.429 [info] > git reflog main --grep-reflog=branch: Created from *. [2ms]
2024-09-07 11:54:52.434 [info] > git symbolic-ref --short refs/remotes/origin/HEAD [1ms]
2024-09-07 11:54:52.434 [info] fatal: ref refs/remotes/origin/HEAD is not a symbolic ref
2024-09-07 11:54:52.485 [info] > git ls-files --stage -- /root/repos/website/index.html [5ms]
2024-09-07 11:54:52.489 [info] > git ls-files --stage -- /root/repos/website/.gitignore [4ms]
2024-09-07 11:54:52.492 [info] > git cat-file -s b9435fdae11e67d9bd17f6500a425a60ca302645 [4ms]
2024-09-07 11:54:52.493 [info] > git cat-file -s e851a4920573265a4f6a2d586fdb6af486bbad19 [1ms]
2024-09-07 11:54:52.507 [info] > git show --textconv :index.html [5ms]
2024-09-07 11:54:52.508 [info] > git show --textconv :.gitignore [1ms]
2024-09-07 11:54:57.321 [info] > git config --get commit.template [4ms]
2024-09-07 11:54:57.329 [info] > git for-each-ref --format=%(refname)%00%(upstream:short)%00%(objectname)%00%(upstream:track)%00%(upstream:remotename)%00%(upstream:remoteref) refs/heads/main refs/remotes/main [3ms]
2024-09-07 11:54:57.337 [info] > git status -z -uall [3ms]
2024-09-07 11:54:57.347 [info] > git for-each-ref --format=%(refname)%00%(upstream:short)%00%(objectname)%00%(upstream:track)%00%(upstream:remotename)%00%(upstream:remoteref) refs/heads/main refs/remotes/main [5ms]
2024-09-07 11:54:57.356 [info] > git config --local branch.main.vscode-merge-base [4ms]
2024-09-07 11:54:57.356 [warning] [Git][config] git config failed: Failed to execute git
2024-09-07 11:54:57.363 [info] > git reflog main --grep-reflog=branch: Created from *. [4ms]
2024-09-07 11:54:57.370 [info] > git symbolic-ref --short refs/remotes/origin/HEAD [1ms]
2024-09-07 11:54:57.370 [info] fatal: ref refs/remotes/origin/HEAD is not a symbolic ref
2024-09-07 11:54:57.375 [info] > git merge-base refs/heads/main refs/remotes/origin/main [1ms]
2024-09-07 11:54:57.381 [info] > git rev-list --count --left-right refs/heads/main...refs/remotes/origin/main [2ms]
2024-09-07 11:54:57.388 [info] > git diff --name-status -z --diff-filter=ADMR 5b25eb62f429b0e168dd53594d470842a014936f...refs/remotes/origin/main [3ms]
2024-09-07 11:54:58.460 [info] > git config --get commit.template [7ms]
2024-09-07 11:54:58.461 [info] > git for-each-ref --format=%(refname)%00%(upstream:short)%00%(objectname)%00%(upstream:track)%00%(upstream:remotename)%00%(upstream:remoteref) refs/heads/main refs/remotes/main [2ms]
2024-09-07 11:54:58.467 [info] > git status -z -uall [2ms]
2024-09-07 11:54:58.476 [info] > git for-each-ref --format=%(refname)%00%(upstream:short)%00%(objectname)%00%(upstream:track)%00%(upstream:remotename)%00%(upstream:remoteref) refs/heads/main refs/remotes/main [2ms]
2024-09-07 11:54:58.482 [info] > git config --local branch.main.vscode-merge-base [2ms]
2024-09-07 11:54:58.482 [warning] [Git][config] git config failed: Failed to execute git
2024-09-07 11:54:58.488 [info] > git reflog main --grep-reflog=branch: Created from *. [2ms]
2024-09-07 11:54:58.494 [info] > git symbolic-ref --short refs/remotes/origin/HEAD [1ms]
2024-09-07 11:54:58.494 [info] fatal: ref refs/remotes/origin/HEAD is not a symbolic ref
2024-09-07 11:54:58.564 [info] > git ls-files --stage -- /root/repos/website/index.html [5ms]
2024-09-07 11:54:58.567 [info] > git ls-files --stage -- /root/repos/website/.gitignore [4ms]
2024-09-07 11:54:58.572 [info] > git cat-file -s b9435fdae11e67d9bd17f6500a425a60ca302645 [4ms]
2024-09-07 11:54:58.573 [info] > git cat-file -s e851a4920573265a4f6a2d586fdb6af486bbad19 [3ms]
2024-09-07 11:54:58.585 [info] > git show --textconv :index.html [3ms]
2024-09-07 11:54:58.585 [info] > git show --textconv :.gitignore [1ms]
2024-09-07 12:25:41.826 [info] > git config --get commit.template [7ms]
2024-09-07 12:25:41.828 [info] > git for-each-ref --format=%(refname)%00%(upstream:short)%00%(objectname)%00%(upstream:track)%00%(upstream:remotename)%00%(upstream:remoteref) refs/heads/about-page refs/remotes/about-page [2ms]
2024-09-07 12:25:41.841 [info] > git status -z -uall [2ms]
2024-09-07 12:25:41.857 [info] > git for-each-ref --format=%(refname)%00%(upstream:short)%00%(objectname)%00%(upstream:track)%00%(upstream:remotename)%00%(upstream:remoteref) refs/heads/about-page refs/remotes/about-page [7ms]
2024-09-07 12:25:41.864 [info] > git config --local branch.about-page.vscode-merge-base [1ms]
2024-09-07 12:25:41.865 [warning] [Git][config] git config failed: Failed to execute git
2024-09-07 12:25:41.870 [info] > git reflog about-page --grep-reflog=branch: Created from *. [2ms]
2024-09-07 12:25:41.879 [info] > git reflog HEAD --grep-reflog=checkout: moving from .* to about-page [5ms]
2024-09-07 12:25:41.885 [info] > git for-each-ref --format=%(refname)%00%(upstream:short)%00%(objectname)%00%(upstream:track)%00%(upstream:remotename)%00%(upstream:remoteref) refs/heads/main refs/remotes/main [2ms]
2024-09-07 12:25:41.890 [info] > git for-each-ref --format=%(refname)%00%(upstream:short)%00%(objectname)%00%(upstream:track)%00%(upstream:remotename)%00%(upstream:remoteref) refs/remotes/origin/main [1ms]
2024-09-07 12:25:41.897 [info] > git config --local branch.about-page.vscode-merge-base origin/main [3ms]
2024-09-07 12:25:41.905 [info] > git config --get commit.template [4ms]
2024-09-07 12:25:41.906 [info] > git for-each-ref --format=%(refname)%00%(upstream:short)%00%(objectname)%00%(upstream:track)%00%(upstream:remotename)%00%(upstream:remoteref) refs/heads/about-page refs/remotes/about-page [2ms]
2024-09-07 12:25:41.911 [info] > git status -z -uall [2ms]
2024-09-07 12:25:41.918 [info] > git for-each-ref --format=%(refname)%00%(upstream:short)%00%(objectname)%00%(upstream:track)%00%(upstream:remotename)%00%(upstream:remoteref) refs/heads/about-page refs/remotes/about-page [4ms]
2024-09-07 12:25:41.923 [info] > git config --local branch.about-page.vscode-merge-base [1ms]
2024-09-07 12:25:41.928 [info] > git for-each-ref --format=%(refname)%00%(upstream:short)%00%(objectname)%00%(upstream:track)%00%(upstream:remotename)%00%(upstream:remoteref) refs/heads/origin/main refs/remotes/origin/main [1ms]
2024-09-07 12:25:43.043 [info] > git config --get commit.template [6ms]
2024-09-07 12:25:43.044 [info] > git for-each-ref --format=%(refname)%00%(upstream:short)%00%(objectname)%00%(upstream:track)%00%(upstream:remotename)%00%(upstream:remoteref) refs/heads/about-page refs/remotes/about-page [2ms]
2024-09-07 12:25:43.049 [info] > git status -z -uall [2ms]
2024-09-07 12:25:43.058 [info] > git for-each-ref --format=%(refname)%00%(upstream:short)%00%(objectname)%00%(upstream:track)%00%(upstream:remotename)%00%(upstream:remoteref) refs/heads/about-page refs/remotes/about-page [3ms]
2024-09-07 12:25:43.063 [info] > git config --local branch.about-page.vscode-merge-base [1ms]
2024-09-07 12:25:43.070 [info] > git for-each-ref --format=%(refname)%00%(upstream:short)%00%(objectname)%00%(upstream:track)%00%(upstream:remotename)%00%(upstream:remoteref) refs/heads/origin/main refs/remotes/origin/main [2ms]
2024-09-07 12:25:43.159 [info] > git ls-files --stage -- /root/repos/website/index.html [5ms]
2024-09-07 12:25:43.163 [info] > git ls-files --stage -- /root/repos/website/.gitignore [5ms]
2024-09-07 12:25:43.167 [info] > git cat-file -s b9435fdae11e67d9bd17f6500a425a60ca302645 [5ms]
2024-09-07 12:25:43.169 [info] > git cat-file -s e851a4920573265a4f6a2d586fdb6af486bbad19 [3ms]
2024-09-07 12:25:43.182 [info] > git show --textconv :index.html [5ms]
2024-09-07 12:25:43.184 [info] > git show --textconv :.gitignore [4ms]
2024-09-07 12:28:40.083 [info] > git config --get commit.template [5ms]
2024-09-07 12:28:40.084 [info] > git for-each-ref --format=%(refname)%00%(upstream:short)%00%(objectname)%00%(upstream:track)%00%(upstream:remotename)%00%(upstream:remoteref) refs/heads/about-page refs/remotes/about-page [1ms]
2024-09-07 12:28:40.089 [info] > git status -z -uall [2ms]
2024-09-07 12:28:40.095 [info] > git for-each-ref --format=%(refname)%00%(upstream:short)%00%(objectname)%00%(upstream:track)%00%(upstream:remotename)%00%(upstream:remoteref) refs/heads/about-page refs/remotes/about-page [2ms]
2024-09-07 12:28:40.101 [info] > git config --local branch.about-page.vscode-merge-base [1ms]
2024-09-07 12:28:40.106 [info] > git for-each-ref --format=%(refname)%00%(upstream:short)%00%(objectname)%00%(upstream:track)%00%(upstream:remotename)%00%(upstream:remoteref) refs/heads/origin/main refs/remotes/origin/main [2ms]
2024-09-07 12:29:53.808 [info] > git check-ignore -v -z --stdin [3ms]
2024-09-07 12:33:30.307 [info] > git show --textconv :about.html [5ms]
2024-09-07 12:33:30.308 [info] > git ls-files --stage -- /root/repos/website/about.html [2ms]
2024-09-07 12:33:30.435 [info] > git check-ignore -v -z --stdin [3ms]
2024-09-07 12:33:31.213 [info] > git config --get commit.template [6ms]
2024-09-07 12:33:31.215 [info] > git for-each-ref --format=%(refname)%00%(upstream:short)%00%(objectname)%00%(upstream:track)%00%(upstream:remotename)%00%(upstream:remoteref) refs/heads/about-page refs/remotes/about-page [3ms]
2024-09-07 12:33:31.223 [info] > git status -z -uall [2ms]
2024-09-07 12:33:31.235 [info] > git for-each-ref --format=%(refname)%00%(upstream:short)%00%(objectname)%00%(upstream:track)%00%(upstream:remotename)%00%(upstream:remoteref) refs/heads/about-page refs/remotes/about-page [6ms]
2024-09-07 12:33:31.243 [info] > git config --local branch.about-page.vscode-merge-base [3ms]
2024-09-07 12:33:31.250 [info] > git for-each-ref --format=%(refname)%00%(upstream:short)%00%(objectname)%00%(upstream:track)%00%(upstream:remotename)%00%(upstream:remoteref) refs/heads/origin/main refs/remotes/origin/main [3ms]
2024-09-07 12:35:25.765 [info] > git config --get commit.template [5ms]
2024-09-07 12:35:25.766 [info] > git for-each-ref --format=%(refname)%00%(upstream:short)%00%(objectname)%00%(upstream:track)%00%(upstream:remotename)%00%(upstream:remoteref) refs/heads/about-page refs/remotes/about-page [2ms]
2024-09-07 12:35:25.771 [info] > git status -z -uall [2ms]
2024-09-07 12:35:25.778 [info] > git for-each-ref --format=%(refname)%00%(upstream:short)%00%(objectname)%00%(upstream:track)%00%(upstream:remotename)%00%(upstream:remoteref) refs/heads/about-page refs/remotes/about-page [3ms]
2024-09-07 12:35:25.785 [info] > git config --local branch.about-page.vscode-merge-base [2ms]
2024-09-07 12:35:25.790 [info] > git for-each-ref --format=%(refname)%00%(upstream:short)%00%(objectname)%00%(upstream:track)%00%(upstream:remotename)%00%(upstream:remoteref) refs/heads/origin/main refs/remotes/origin/main [2ms]
2024-09-07 12:35:26.788 [info] > git config --get commit.template [4ms]
2024-09-07 12:35:26.788 [info] > git for-each-ref --format=%(refname)%00%(upstream:short)%00%(objectname)%00%(upstream:track)%00%(upstream:remotename)%00%(upstream:remoteref) refs/heads/about-page refs/remotes/about-page [1ms]
2024-09-07 12:35:26.793 [info] > git status -z -uall [2ms]
2024-09-07 12:35:26.801 [info] > git for-each-ref --format=%(refname)%00%(upstream:short)%00%(objectname)%00%(upstream:track)%00%(upstream:remotename)%00%(upstream:remoteref) refs/heads/about-page refs/remotes/about-page [3ms]
2024-09-07 12:35:26.813 [info] > git config --local branch.about-page.vscode-merge-base [5ms]
2024-09-07 12:35:26.823 [info] > git for-each-ref --format=%(refname)%00%(upstream:short)%00%(objectname)%00%(upstream:track)%00%(upstream:remotename)%00%(upstream:remoteref) refs/heads/origin/main refs/remotes/origin/main [4ms]
2024-09-07 12:35:26.903 [info] > git ls-files --stage -- /root/repos/website/.gitignore [7ms]
2024-09-07 12:35:26.910 [info] > git ls-files --stage -- /root/repos/website/about.html [9ms]
2024-09-07 12:35:26.917 [info] > git cat-file -s e851a4920573265a4f6a2d586fdb6af486bbad19 [8ms]
2024-09-07 12:35:26.918 [info] > git cat-file -s aa38f2bba993846ee93b2574f80b779168f18f68 [2ms]
2024-09-07 12:35:26.929 [info] > git show --textconv :.gitignore [4ms]
2024-09-07 12:35:26.930 [info] > git show --textconv :about.html [2ms]
2024-09-07 12:35:41.867 [info] > git config --get commit.template [4ms]
2024-09-07 12:35:41.868 [info] > git for-each-ref --format=%(refname)%00%(upstream:short)%00%(objectname)%00%(upstream:track)%00%(upstream:remotename)%00%(upstream:remoteref) refs/heads/about-page refs/remotes/about-page [2ms]
2024-09-07 12:35:41.872 [info] > git status -z -uall [2ms]
2024-09-07 12:35:41.878 [info] > git for-each-ref --format=%(refname)%00%(upstream:short)%00%(objectname)%00%(upstream:track)%00%(upstream:remotename)%00%(upstream:remoteref) refs/heads/about-page refs/remotes/about-page [2ms]
2024-09-07 12:35:41.884 [info] > git config --local branch.about-page.vscode-merge-base [1ms]
2024-09-07 12:35:41.889 [info] > git for-each-ref --format=%(refname)%00%(upstream:short)%00%(objectname)%00%(upstream:track)%00%(upstream:remotename)%00%(upstream:remoteref) refs/heads/origin/main refs/remotes/origin/main [1ms]
